I0607 09:59:35.321989       1 feature_gate.go:466] feature gates: {map[]}
I0607 09:59:35.533619       1 secure_serving.go:57] Forcing use of http/1.1 only
I0607 09:59:35.534004       1 named_certificates.go:53] "Loaded SNI cert" index=0 certName="self-signed loopback" certDetail="\"apiserver-loopback-client@1780826375\" [serving] validServingFor=[apiserver-loopback-client] issuer=\"apiserver-loopback-client-ca@1780826375\" (2026-06-07 08:59:35 +0000 UTC to 2029-06-07 08:59:35 +0000 UTC (now=2026-06-07 09:59:35.533968295 +0000 UTC))"
I0607 09:59:35.534042       1 secure_serving.go:211] Serving securely on [::]:10258
I0607 09:59:35.534059       1 tracing.go:88] Did not find a trace collector endpoint defined. Switching to NoopTraceProvider
I0607 09:59:35.534071       1 tlsconfig.go:243] "Starting DynamicServingCertificateController"
I0607 09:59:35.534457       1 envvar.go:172] "Feature gate default state" feature="ClientsPreferCBOR" enabled=false
I0607 09:59:35.534480       1 envvar.go:172] "Feature gate default state" feature="InOrderInformers" enabled=true
I0607 09:59:35.534489       1 envvar.go:172] "Feature gate default state" feature="InOrderInformersBatchProcess" enabled=true
I0607 09:59:35.534503       1 envvar.go:172] "Feature gate default state" feature="InformerResourceVersion" enabled=true
I0607 09:59:35.534510       1 envvar.go:172] "Feature gate default state" feature="WatchListClient" enabled=true
I0607 09:59:35.534516       1 envvar.go:172] "Feature gate default state" feature="ClientsAllowCBOR" enabled=false
W0607 09:59:35.543214       1 descheduler.go:333] failed to convert Descheduler minor version '' to float: strconv.ParseFloat: parsing "": invalid syntax
I0607 09:59:35.553520       1 reflector.go:367] "Starting reflector" type="*v1.PersistentVolumeClaim" resyncPeriod="0s" reflector="k8s.io/client-go/informers/factory.go:161"
I0607 09:59:35.553546       1 reflector.go:411] "Listing and watching" type="*v1.PersistentVolumeClaim" reflector="k8s.io/client-go/informers/factory.go:161"
I0607 09:59:35.553588       1 reflector.go:367] "Starting reflector" type="*v1.Pod" resyncPeriod="0s" reflector="k8s.io/client-go/informers/factory.go:161"
I0607 09:59:35.553597       1 reflector.go:411] "Listing and watching" type="*v1.Pod" reflector="k8s.io/client-go/informers/factory.go:161"
I0607 09:59:35.553518       1 reflector.go:367] "Starting reflector" type="*v1.Node" resyncPeriod="0s" reflector="k8s.io/client-go/informers/factory.go:161"
I0607 09:59:35.553884       1 reflector.go:411] "Listing and watching" type="*v1.Node" reflector="k8s.io/client-go/informers/factory.go:161"
I0607 09:59:35.557631       1 reflector.go:446] "Caches populated" type="*v1.PersistentVolumeClaim" reflector="k8s.io/client-go/informers/factory.go:161"
I0607 09:59:35.560924       1 reflector.go:446] "Caches populated" type="*v1.Node" reflector="k8s.io/client-go/informers/factory.go:161"
I0607 09:59:35.563138       1 reflector.go:446] "Caches populated" type="*v1.Pod" reflector="k8s.io/client-go/informers/factory.go:161"
I0607 09:59:35.654194       1 descheduler.go:235] Resetting pod evictor counters
I0607 09:59:35.654267       1 resourcedefragmentationc2.go:131] "Starting ResourceDefragmentationC2 balance pass" plugin="ResourceDefragmentationC2" ExtensionPoint="Balance" nodeCount=7
I0607 09:59:35.654479       1 resourcedefragmentationc2.go:207] "Eviction decision" plugin="ResourceDefragmentationC2" ExtensionPoint="Balance" pod="defrag-exp/s3-cpu-39-694f845c9f-k5qhq" originNode="ip-172-31-3-39" predictedTarget="ip-172-31-1-245"
I0607 09:59:35.677986       1 evictions.go:558] "Evicted pod" pod="defrag-exp/s3-cpu-39-694f845c9f-k5qhq" reason="" strategy="ResourceDefragmentationC2" node="ip-172-31-3-39" profile="default"
I0607 09:59:35.678056       1 resourcedefragmentationc2.go:207] "Eviction decision" plugin="ResourceDefragmentationC2" ExtensionPoint="Balance" pod="defrag-exp/s3-cpu-39-694f845c9f-nq88d" originNode="ip-172-31-3-39" predictedTarget="ip-172-31-16-198"
E0607 09:59:35.680047       1 event_broadcaster.go:270] "Server rejected event (will not retry!)" err="events.events.k8s.io is forbidden: User \"system:serviceaccount:kube-system:descheduler\" cannot create resource \"events\" in API group \"events.k8s.io\" in the namespace \"defrag-exp\"" event="&Event{ObjectMeta:{s3-cpu-39-694f845c9f-k5qhq.18b6c42748ef4c36  defrag-exp    0 0001-01-01 00:00:00 +0000 UTC <nil> <nil> map[] map[] [] [] []},EventTime:2026-06-07 09:59:35.678006177 +0000 UTC m=+0.388132457,Series:nil,ReportingController:sigs.k8s.io.descheduler,ReportingInstance:sigs.k8s.io.descheduler-descheduler-job-rvw4s,Action:Descheduled,Reason:ResourceDefragmentationC2,Regarding:{Pod defrag-exp s3-cpu-39-694f845c9f-k5qhq 70591896-951f-458e-a616-1edad93150d2 v1 422274 },Related:nil,Note:pod eviction from ip-172-31-3-39 node by sigs.k8s.io/descheduler,Type:Normal,DeprecatedSource:{ },DeprecatedFirstTimestamp:0001-01-01 00:00:00 +0000 UTC,DeprecatedLastTimestamp:0001-01-01 00:00:00 +0000 UTC,DeprecatedCount:0,}"
I0607 09:59:35.780268       1 evictions.go:558] "Evicted pod" pod="defrag-exp/s3-cpu-39-694f845c9f-nq88d" reason="" strategy="ResourceDefragmentationC2" node="ip-172-31-3-39" profile="default"
I0607 09:59:35.780360       1 profile.go:425] "Total number of evictions/requests" extension point="Balance" evictedPods=2 evictionRequests=0
I0607 09:59:35.780388       1 descheduler.go:252] "Number of evictions/requests" totalEvicted=2 evictionRequests=0
E0607 09:59:35.780601       1 event_broadcaster.go:279] "Unable to write event (may retry after sleeping)" err="client rate limiter Wait returned an error: context canceled"
I0607 09:59:35.780713       1 reflector.go:373] "Stopping reflector" type="*v1.Pod" resyncPeriod="0s" reflector="k8s.io/client-go/informers/factory.go:161"
I0607 09:59:35.780735       1 reflector.go:373] "Stopping reflector" type="*v1.Node" resyncPeriod="0s" reflector="k8s.io/client-go/informers/factory.go:161"
I0607 09:59:35.780768       1 reflector.go:373] "Stopping reflector" type="*v1.PersistentVolumeClaim" resyncPeriod="0s" reflector="k8s.io/client-go/informers/factory.go:161"
I0607 09:59:35.780908       1 tlsconfig.go:258] "Shutting down DynamicServingCertificateController"
I0607 09:59:35.781056       1 secure_serving.go:259] Stopped listening on [::]:10258
