I0605 15:14:07.093923       1 feature_gate.go:466] feature gates: {map[]}
I0605 15:14:07.293120       1 secure_serving.go:57] Forcing use of http/1.1 only
I0605 15:14:07.293483       1 named_certificates.go:53] "Loaded SNI cert" index=0 certName="self-signed loopback" certDetail="\"apiserver-loopback-client@1780672447\" [serving] validServingFor=[apiserver-loopback-client] issuer=\"apiserver-loopback-client-ca@1780672447\" (2026-06-05 14:14:07 +0000 UTC to 2029-06-05 14:14:07 +0000 UTC (now=2026-06-05 15:14:07.293440319 +0000 UTC))"
I0605 15:14:07.293525       1 secure_serving.go:211] Serving securely on [::]:10258
I0605 15:14:07.293542       1 tracing.go:88] Did not find a trace collector endpoint defined. Switching to NoopTraceProvider
I0605 15:14:07.293562       1 tlsconfig.go:243] "Starting DynamicServingCertificateController"
I0605 15:14:07.293927       1 envvar.go:172] "Feature gate default state" feature="ClientsPreferCBOR" enabled=false
I0605 15:14:07.293954       1 envvar.go:172] "Feature gate default state" feature="InOrderInformers" enabled=true
I0605 15:14:07.293969       1 envvar.go:172] "Feature gate default state" feature="InOrderInformersBatchProcess" enabled=true
I0605 15:14:07.293976       1 envvar.go:172] "Feature gate default state" feature="InformerResourceVersion" enabled=true
I0605 15:14:07.293983       1 envvar.go:172] "Feature gate default state" feature="WatchListClient" enabled=true
I0605 15:14:07.293989       1 envvar.go:172] "Feature gate default state" feature="ClientsAllowCBOR" enabled=false
W0605 15:14:07.302089       1 descheduler.go:333] failed to convert Descheduler minor version '' to float: strconv.ParseFloat: parsing "": invalid syntax
I0605 15:14:07.311117       1 reflector.go:367] "Starting reflector" type="*v1.Pod" resyncPeriod="0s" reflector="k8s.io/client-go/informers/factory.go:161"
I0605 15:14:07.311111       1 reflector.go:367] "Starting reflector" type="*v1.PersistentVolumeClaim" resyncPeriod="0s" reflector="k8s.io/client-go/informers/factory.go:161"
I0605 15:14:07.311139       1 reflector.go:411] "Listing and watching" type="*v1.PersistentVolumeClaim" reflector="k8s.io/client-go/informers/factory.go:161"
I0605 15:14:07.311137       1 reflector.go:411] "Listing and watching" type="*v1.Pod" reflector="k8s.io/client-go/informers/factory.go:161"
I0605 15:14:07.311490       1 reflector.go:367] "Starting reflector" type="*v1.Node" resyncPeriod="0s" reflector="k8s.io/client-go/informers/factory.go:161"
I0605 15:14:07.311624       1 reflector.go:411] "Listing and watching" type="*v1.Node" reflector="k8s.io/client-go/informers/factory.go:161"
I0605 15:14:07.315531       1 reflector.go:446] "Caches populated" type="*v1.PersistentVolumeClaim" reflector="k8s.io/client-go/informers/factory.go:161"
I0605 15:14:07.319602       1 reflector.go:446] "Caches populated" type="*v1.Node" reflector="k8s.io/client-go/informers/factory.go:161"
I0605 15:14:07.324189       1 reflector.go:446] "Caches populated" type="*v1.Pod" reflector="k8s.io/client-go/informers/factory.go:161"
I0605 15:14:07.411415       1 descheduler.go:235] Resetting pod evictor counters
I0605 15:14:07.411492       1 resourcedefragmentation.go:158] "Starting resource defragmentation balance pass" plugin="ResourceDefragmentation" ExtensionPoint="Balance" nodeCount=7
I0605 15:14:07.411547       1 resourcedefragmentation.go:199] "Node state" plugin="ResourceDefragmentation" ExtensionPoint="Balance" node="ip-172-31-31-146" avgUtilization=0.8501877527440785 minUtilization=0.85 binScore=0.9249061236279608 usageSource="requests"
I0605 15:14:07.411581       1 resourcedefragmentation.go:199] "Node state" plugin="ResourceDefragmentation" ExtensionPoint="Balance" node="ip-172-31-6-144" avgUtilization=0.8501877527440785 minUtilization=0.85 binScore=0.9249061236279608 usageSource="requests"
I0605 15:14:07.411594       1 resourcedefragmentation.go:165] "Skipping control-plane node" plugin="ResourceDefragmentation" ExtensionPoint="Balance" node="ip-172-31-84-108"
I0605 15:14:07.411617       1 resourcedefragmentation.go:199] "Node state" plugin="ResourceDefragmentation" ExtensionPoint="Balance" node="ip-172-31-1-245" avgUtilization=0.3040542752468479 minUtilization=0.3 binScore=0.6479728623765761 usageSource="requests"
I0605 15:14:07.411641       1 resourcedefragmentation.go:199] "Node state" plugin="ResourceDefragmentation" ExtensionPoint="Balance" node="ip-172-31-16-198" avgUtilization=0.304053533602927 minUtilization=0.3 binScore=0.6479732331985364 usageSource="requests"
I0605 15:14:07.411665       1 resourcedefragmentation.go:199] "Node state" plugin="ResourceDefragmentation" ExtensionPoint="Balance" node="ip-172-31-19-34" avgUtilization=0.4554595390888653 minUtilization=0.11091907817773049 binScore=0.38318930863329786 usageSource="requests"
I0605 15:14:07.411705       1 resourcedefragmentation.go:199] "Node state" plugin="ResourceDefragmentation" ExtensionPoint="Balance" node="ip-172-31-3-39" avgUtilization=0.4554592720970537 minUtilization=0.11091854419410745 binScore=0.38318890814558054 usageSource="requests"
I0605 15:14:07.411743       1 resourcedefragmentation.go:237] "Node is a drain candidate" plugin="ResourceDefragmentation" ExtensionPoint="Balance" node="ip-172-31-1-245" avgUtilization=0.3040542752468479 binScore=0.6479728623765761 imbalanceIndex=-0.008108550493695799 freeSpaceIndex=0.48432401465441294 priority=1.036421006542499
I0605 15:14:07.411775       1 resourcedefragmentation.go:237] "Node is a drain candidate" plugin="ResourceDefragmentation" ExtensionPoint="Balance" node="ip-172-31-16-198" avgUtilization=0.304053533602927 binScore=0.6479732331985364 imbalanceIndex=-0.008107067205854024 freeSpaceIndex=0.48432505295590217 priority=1.036418051699183
I0605 15:14:07.411802       1 resourcedefragmentation.go:237] "Node is a drain candidate" plugin="ResourceDefragmentation" ExtensionPoint="Balance" node="ip-172-31-19-34" avgUtilization=0.4554595390888653 binScore=0.38318930863329786 imbalanceIndex=0.6890809218222695 freeSpaceIndex=0.1778161843644539 priority=3.15643298636318
I0605 15:14:07.411834       1 resourcedefragmentation.go:237] "Node is a drain candidate" plugin="ResourceDefragmentation" ExtensionPoint="Balance" node="ip-172-31-3-39" avgUtilization=0.4554592720970537 binScore=0.38318890814558054 imbalanceIndex=0.6890814558058926 freeSpaceIndex=0.17781629116117853 priority=3.1564315645282273
I0605 15:14:07.411921       1 resourcedefragmentation.go:260] "Draining under-utilized node" plugin="ResourceDefragmentation" ExtensionPoint="Balance" node="ip-172-31-19-34" priority=3.15643298636318
I0605 15:14:07.412002       1 resourcedefragmentation.go:757] "Candidate score inputs" plugin="ResourceDefragmentation" pod="defrag-exp/s3-cpu-34-848456d98d-nbwp5" originNode="ip-172-31-19-34" c1=0.09053265291139108 c2=-999.9 c3=0.3475783390060611 c4=0
I0605 15:14:07.412080       1 resourcedefragmentation.go:757] "Candidate score inputs" plugin="ResourceDefragmentation" pod="defrag-exp/s3-cpu-34-848456d98d-cbcgc" originNode="ip-172-31-19-34" c1=0.09053265291139108 c2=-999.9 c3=0.3475783390060611 c4=0
I0605 15:14:07.412107       1 resourcedefragmentation.go:274] "No feasible scheduler target within ceiling; leaving pod in place" plugin="ResourceDefragmentation" ExtensionPoint="Balance" pod="defrag-exp/s3-cpu-34-848456d98d-nbwp5" originNode="ip-172-31-19-34"
I0605 15:14:07.412131       1 resourcedefragmentation.go:757] "Candidate score inputs" plugin="ResourceDefragmentation" pod="defrag-exp/s3-cpu-34-848456d98d-cbcgc" originNode="ip-172-31-19-34" c1=0.09053265291139108 c2=-999.9 c3=0.3475783390060611 c4=0
I0605 15:14:07.412174       1 resourcedefragmentation.go:274] "No feasible scheduler target within ceiling; leaving pod in place" plugin="ResourceDefragmentation" ExtensionPoint="Balance" pod="defrag-exp/s3-cpu-34-848456d98d-cbcgc" originNode="ip-172-31-19-34"
I0605 15:14:07.412234       1 resourcedefragmentation.go:260] "Draining under-utilized node" plugin="ResourceDefragmentation" ExtensionPoint="Balance" node="ip-172-31-3-39" priority=3.1564315645282273
I0605 15:14:07.412293       1 resourcedefragmentation.go:757] "Candidate score inputs" plugin="ResourceDefragmentation" pod="defrag-exp/s3-cpu-39-694f845c9f-wfwnl" originNode="ip-172-31-3-39" c1=0.09053275373027483 c2=-999.9 c3=0.347578471018679 c4=0
I0605 15:14:07.412365       1 resourcedefragmentation.go:757] "Candidate score inputs" plugin="ResourceDefragmentation" pod="defrag-exp/s3-cpu-39-694f845c9f-k2j2v" originNode="ip-172-31-3-39" c1=0.09053275373027483 c2=-999.9 c3=0.347578471018679 c4=0
I0605 15:14:07.412390       1 resourcedefragmentation.go:274] "No feasible scheduler target within ceiling; leaving pod in place" plugin="ResourceDefragmentation" ExtensionPoint="Balance" pod="defrag-exp/s3-cpu-39-694f845c9f-wfwnl" originNode="ip-172-31-3-39"
I0605 15:14:07.412402       1 resourcedefragmentation.go:757] "Candidate score inputs" plugin="ResourceDefragmentation" pod="defrag-exp/s3-cpu-39-694f845c9f-k2j2v" originNode="ip-172-31-3-39" c1=0.09053275373027483 c2=-999.9 c3=0.347578471018679 c4=0
I0605 15:14:07.412419       1 resourcedefragmentation.go:274] "No feasible scheduler target within ceiling; leaving pod in place" plugin="ResourceDefragmentation" ExtensionPoint="Balance" pod="defrag-exp/s3-cpu-39-694f845c9f-k2j2v" originNode="ip-172-31-3-39"
I0605 15:14:07.412548       1 resourcedefragmentation.go:260] "Draining under-utilized node" plugin="ResourceDefragmentation" ExtensionPoint="Balance" node="ip-172-31-1-245" priority=1.036421006542499
I0605 15:14:07.412565       1 resourcedefragmentation.go:757] "Candidate score inputs" plugin="ResourceDefragmentation" pod="defrag-exp/s3-under-245-574b8b4b46-62jhq" originNode="ip-172-31-1-245" c1=-0.000001780414503119157 c2=0.9864637492778741 c3=0.18816225285120763 c4=0
I0605 15:14:07.412613       1 resourcedefragmentation.go:757] "Candidate score inputs" plugin="ResourceDefragmentation" pod="defrag-exp/s3-under-245-574b8b4b46-4wb77" originNode="ip-172-31-1-245" c1=-0.000001780414503119157 c2=0.9864637492778741 c3=0.18816225285120763 c4=0
I0605 15:14:07.412640       1 resourcedefragmentation.go:278] "Eviction decision" plugin="ResourceDefragmentation" ExtensionPoint="Balance" pod="defrag-exp/s3-under-245-574b8b4b46-62jhq" originNode="ip-172-31-1-245" predictedTarget="ip-172-31-31-146"
I0605 15:14:07.435758       1 evictions.go:558] "Evicted pod" pod="defrag-exp/s3-under-245-574b8b4b46-62jhq" reason="" strategy="ResourceDefragmentation" node="ip-172-31-1-245" profile="default"
I0605 15:14:07.435896       1 resourcedefragmentation.go:757] "Candidate score inputs" plugin="ResourceDefragmentation" pod="defrag-exp/s3-under-245-574b8b4b46-4wb77" originNode="ip-172-31-1-245" c1=-0.000002166111078447549 c2=0.9864637492778741 c3=0.2189731079005772 c4=0
I0605 15:14:07.435929       1 resourcedefragmentation.go:278] "Eviction decision" plugin="ResourceDefragmentation" ExtensionPoint="Balance" pod="defrag-exp/s3-under-245-574b8b4b46-4wb77" originNode="ip-172-31-1-245" predictedTarget="ip-172-31-6-144"
E0605 15:14:07.439404       1 event_broadcaster.go:270] "Server rejected event (will not retry!)" err="events.events.k8s.io is forbidden: User \"system:serviceaccount:kube-system:descheduler\" cannot create resource \"events\" in API group \"events.k8s.io\" in the namespace \"defrag-exp\"" event="&Event{ObjectMeta:{s3-under-245-574b8b4b46-62jhq.18b6382812bc8654  defrag-exp    0 0001-01-01 00:00:00 +0000 UTC <nil> <nil> map[] map[] [] [] []},EventTime:2026-06-05 15:14:07.435777837 +0000 UTC m=+0.372432383,Series:nil,ReportingController:sigs.k8s.io.descheduler,ReportingInstance:sigs.k8s.io.descheduler-descheduler-job-m254r,Action:Descheduled,Reason:ResourceDefragmentation,Regarding:{Pod defrag-exp s3-under-245-574b8b4b46-62jhq a857e95f-1af4-49be-a9f6-0ec48461cc11 v1 215080 },Related:nil,Note:pod eviction from ip-172-31-1-245 node by sigs.k8s.io/descheduler,Type:Normal,DeprecatedSource:{ },DeprecatedFirstTimestamp:0001-01-01 00:00:00 +0000 UTC,DeprecatedLastTimestamp:0001-01-01 00:00:00 +0000 UTC,DeprecatedCount:0,}"
I0605 15:14:07.540742       1 evictions.go:558] "Evicted pod" pod="defrag-exp/s3-under-245-574b8b4b46-4wb77" reason="" strategy="ResourceDefragmentation" node="ip-172-31-1-245" profile="default"
I0605 15:14:07.540818       1 resourcedefragmentation.go:260] "Draining under-utilized node" plugin="ResourceDefragmentation" ExtensionPoint="Balance" node="ip-172-31-16-198" priority=1.036418051699183
I0605 15:14:07.540858       1 resourcedefragmentation.go:757] "Candidate score inputs" plugin="ResourceDefragmentation" pod="defrag-exp/s3-under-198-c45f6ffd9-52kpf" originNode="ip-172-31-16-198" c1=-0.0000017806900696470697 c2=-999.9 c3=0.18816194877720005 c4=0
I0605 15:14:07.540871       1 resourcedefragmentation.go:757] "Candidate score inputs" plugin="ResourceDefragmentation" pod="defrag-exp/s3-under-198-c45f6ffd9-67gcl" originNode="ip-172-31-16-198" c1=-0.0000017806900696470697 c2=-999.9 c3=0.18816194877720005 c4=0
I0605 15:14:07.540891       1 resourcedefragmentation.go:274] "No feasible scheduler target within ceiling; leaving pod in place" plugin="ResourceDefragmentation" ExtensionPoint="Balance" pod="defrag-exp/s3-under-198-c45f6ffd9-52kpf" originNode="ip-172-31-16-198"
I0605 15:14:07.540905       1 resourcedefragmentation.go:757] "Candidate score inputs" plugin="ResourceDefragmentation" pod="defrag-exp/s3-under-198-c45f6ffd9-67gcl" originNode="ip-172-31-16-198" c1=-0.0000017806900696470697 c2=-999.9 c3=0.18816194877720005 c4=0
I0605 15:14:07.540917       1 resourcedefragmentation.go:274] "No feasible scheduler target within ceiling; leaving pod in place" plugin="ResourceDefragmentation" ExtensionPoint="Balance" pod="defrag-exp/s3-under-198-c45f6ffd9-67gcl" originNode="ip-172-31-16-198"
I0605 15:14:07.540953       1 profile.go:425] "Total number of evictions/requests" extension point="Balance" evictedPods=2 evictionRequests=0
I0605 15:14:07.540978       1 descheduler.go:252] "Number of evictions/requests" totalEvicted=2 evictionRequests=0
E0605 15:14:07.541523       1 event_broadcaster.go:279] "Unable to write event (may retry after sleeping)" err="client rate limiter Wait returned an error: context canceled"
I0605 15:14:07.541645       1 reflector.go:373] "Stopping reflector" type="*v1.Pod" resyncPeriod="0s" reflector="k8s.io/client-go/informers/factory.go:161"
I0605 15:14:07.541815       1 reflector.go:373] "Stopping reflector" type="*v1.Node" resyncPeriod="0s" reflector="k8s.io/client-go/informers/factory.go:161"
I0605 15:14:07.541934       1 reflector.go:373] "Stopping reflector" type="*v1.PersistentVolumeClaim" resyncPeriod="0s" reflector="k8s.io/client-go/informers/factory.go:161"
I0605 15:14:07.542387       1 tlsconfig.go:258] "Shutting down DynamicServingCertificateController"
I0605 15:14:07.542483       1 secure_serving.go:259] Stopped listening on [::]:10258
