I0606 15:04:06.439824       1 feature_gate.go:466] feature gates: {map[]}
I0606 15:04:06.570198       1 secure_serving.go:57] Forcing use of http/1.1 only
I0606 15:04:06.570674       1 named_certificates.go:53] "Loaded SNI cert" index=0 certName="self-signed loopback" certDetail="\"apiserver-loopback-client@1780758246\" [serving] validServingFor=[apiserver-loopback-client] issuer=\"apiserver-loopback-client-ca@1780758246\" (2026-06-06 14:04:06 +0000 UTC to 2029-06-06 14:04:06 +0000 UTC (now=2026-06-06 15:04:06.570632255 +0000 UTC))"
I0606 15:04:06.570775       1 secure_serving.go:211] Serving securely on [::]:10258
I0606 15:04:06.570807       1 tracing.go:88] Did not find a trace collector endpoint defined. Switching to NoopTraceProvider
I0606 15:04:06.570855       1 tlsconfig.go:243] "Starting DynamicServingCertificateController"
I0606 15:04:06.571177       1 envvar.go:172] "Feature gate default state" feature="ClientsAllowCBOR" enabled=false
I0606 15:04:06.571204       1 envvar.go:172] "Feature gate default state" feature="ClientsPreferCBOR" enabled=false
I0606 15:04:06.571213       1 envvar.go:172] "Feature gate default state" feature="InOrderInformers" enabled=true
I0606 15:04:06.571219       1 envvar.go:172] "Feature gate default state" feature="InOrderInformersBatchProcess" enabled=true
I0606 15:04:06.571226       1 envvar.go:172] "Feature gate default state" feature="InformerResourceVersion" enabled=true
I0606 15:04:06.571233       1 envvar.go:172] "Feature gate default state" feature="WatchListClient" enabled=true
W0606 15:04:06.580569       1 descheduler.go:333] failed to convert Descheduler minor version '' to float: strconv.ParseFloat: parsing "": invalid syntax
I0606 15:04:06.590067       1 reflector.go:367] "Starting reflector" type="*v1.PersistentVolumeClaim" resyncPeriod="0s" reflector="k8s.io/client-go/informers/factory.go:161"
I0606 15:04:06.590092       1 reflector.go:411] "Listing and watching" type="*v1.PersistentVolumeClaim" reflector="k8s.io/client-go/informers/factory.go:161"
I0606 15:04:06.590143       1 reflector.go:367] "Starting reflector" type="*v1.Node" resyncPeriod="0s" reflector="k8s.io/client-go/informers/factory.go:161"
I0606 15:04:06.590154       1 reflector.go:411] "Listing and watching" type="*v1.Node" reflector="k8s.io/client-go/informers/factory.go:161"
I0606 15:04:06.590357       1 reflector.go:367] "Starting reflector" type="*v1.Pod" resyncPeriod="0s" reflector="k8s.io/client-go/informers/factory.go:161"
I0606 15:04:06.590369       1 reflector.go:411] "Listing and watching" type="*v1.Pod" reflector="k8s.io/client-go/informers/factory.go:161"
I0606 15:04:06.596015       1 reflector.go:978] "Exiting watch because received the bookmark that marks the end of initial events stream" reflector="k8s.io/client-go/informers/factory.go:161" totalItems=1 duration="5.892431ms"
I0606 15:04:06.596392       1 reflector.go:446] "Caches populated" type="*v1.PersistentVolumeClaim" reflector="k8s.io/client-go/informers/factory.go:161"
I0606 15:04:06.599540       1 reflector.go:978] "Exiting watch because received the bookmark that marks the end of initial events stream" reflector="k8s.io/client-go/informers/factory.go:161" totalItems=8 duration="9.269467ms"
I0606 15:04:06.599598       1 reflector.go:446] "Caches populated" type="*v1.Node" reflector="k8s.io/client-go/informers/factory.go:161"
I0606 15:04:06.602570       1 reflector.go:978] "Exiting watch because received the bookmark that marks the end of initial events stream" reflector="k8s.io/client-go/informers/factory.go:161" totalItems=29 duration="12.176502ms"
I0606 15:04:06.602779       1 reflector.go:446] "Caches populated" type="*v1.Pod" reflector="k8s.io/client-go/informers/factory.go:161"
I0606 15:04:06.690177       1 descheduler.go:235] Resetting pod evictor counters
I0606 15:04:06.690275       1 resourcedefragmentation.go:178] "Starting resource defragmentation balance pass" plugin="ResourceDefragmentation" ExtensionPoint="Balance" nodeCount=7
I0606 15:04:06.690333       1 resourcedefragmentation.go:219] "Node state" plugin="ResourceDefragmentation" ExtensionPoint="Balance" node="ip-172-31-1-245" avgUtilization=0.44286632752801147 minUtilization=0.405 binScore=0.6835668362359943 usageSource="requests"
I0606 15:04:06.690358       1 resourcedefragmentation.go:219] "Node state" plugin="ResourceDefragmentation" ExtensionPoint="Balance" node="ip-172-31-16-198" avgUtilization=0.43045953908886525 minUtilization=0.11091907817773049 binScore=0.3956893086332979 usageSource="requests"
I0606 15:04:06.690385       1 resourcedefragmentation.go:219] "Node state" plugin="ResourceDefragmentation" ExtensionPoint="Balance" node="ip-172-31-19-34" avgUtilization=0.4405391873676102 minUtilization=0.08 binScore=0.35973040631619485 usageSource="requests"
I0606 15:04:06.690421       1 resourcedefragmentation.go:219] "Node state" plugin="ResourceDefragmentation" ExtensionPoint="Balance" node="ip-172-31-3-39" avgUtilization=0.7285663393029078 minUtilization=0.7271326786058155 binScore=0.8628495089543617 usageSource="requests"
I0606 15:04:06.690447       1 resourcedefragmentation.go:219] "Node state" plugin="ResourceDefragmentation" ExtensionPoint="Balance" node="ip-172-31-31-146" avgUtilization=0.05581100337958193 minUtilization=0.05 binScore=0.522094498310209 usageSource="requests"
I0606 15:04:06.690465       1 resourcedefragmentation.go:219] "Node state" plugin="ResourceDefragmentation" ExtensionPoint="Balance" node="ip-172-31-6-144" avgUtilization=0.05581115171122249 minUtilization=0.05 binScore=0.5220944241443888 usageSource="requests"
I0606 15:04:06.690536       1 resourcedefragmentation.go:185] "Skipping control-plane node" plugin="ResourceDefragmentation" ExtensionPoint="Balance" node="ip-172-31-84-108"
I0606 15:04:06.690567       1 resourcedefragmentation.go:257] "Node is a drain candidate" plugin="ResourceDefragmentation" ExtensionPoint="Balance" node="ip-172-31-16-198" avgUtilization=0.43045953908886525 binScore=0.3956893086332979 imbalanceIndex=0.6390809218222695 freeSpaceIndex=0.22227023045556737 priority=2.5690544815257867
I0606 15:04:06.690591       1 resourcedefragmentation.go:257] "Node is a drain candidate" plugin="ResourceDefragmentation" ExtensionPoint="Balance" node="ip-172-31-19-34" avgUtilization=0.4405391873676102 binScore=0.35973040631619485 imbalanceIndex=-0.7210783747352205 freeSpaceIndex=0.18300789524359717 priority=3.092661749955691
I0606 15:04:06.690639       1 resourcedefragmentation.go:280] "Draining under-utilized node" plugin="ResourceDefragmentation" ExtensionPoint="Balance" node="ip-172-31-19-34" priority=3.092661749955691
I0606 15:04:06.690659       1 resourcedefragmentation.go:867] "Candidate score inputs" plugin="ResourceDefragmentation" pod="defrag-exp/s6mix-memskew-34-7bffd49d94-9scnv" originNode="ip-172-31-19-34" c1=0.37828700919755176 c2=0.8724051001593499 c3=0.7084517619872907 c4=0
I0606 15:04:06.690757       1 resourcedefragmentation.go:298] "Eviction decision" plugin="ResourceDefragmentation" ExtensionPoint="Balance" pod="defrag-exp/s6mix-memskew-34-7bffd49d94-9scnv" originNode="ip-172-31-19-34" predictedTarget="ip-172-31-16-198"
I0606 15:04:06.714760       1 evictions.go:558] "Evicted pod" pod="defrag-exp/s6mix-memskew-34-7bffd49d94-9scnv" reason="" strategy="ResourceDefragmentation" node="ip-172-31-19-34" profile="default"
I0606 15:04:06.714933       1 resourcedefragmentation.go:277] "Skipping node now serving as a bin" plugin="ResourceDefragmentation" ExtensionPoint="Balance" node="ip-172-31-16-198"
I0606 15:04:06.715129       1 profile.go:425] "Total number of evictions/requests" extension point="Balance" evictedPods=1 evictionRequests=0
I0606 15:04:06.715258       1 descheduler.go:252] "Number of evictions/requests" totalEvicted=1 evictionRequests=0
E0606 15:04:06.715415       1 event_broadcaster.go:279] "Unable to write event (may retry after sleeping)" err="client rate limiter Wait returned an error: context canceled"
I0606 15:04:06.715559       1 reflector.go:373] "Stopping reflector" type="*v1.Pod" resyncPeriod="0s" reflector="k8s.io/client-go/informers/factory.go:161"
I0606 15:04:06.715726       1 reflector.go:373] "Stopping reflector" type="*v1.Node" resyncPeriod="0s" reflector="k8s.io/client-go/informers/factory.go:161"
I0606 15:04:06.715840       1 reflector.go:373] "Stopping reflector" type="*v1.PersistentVolumeClaim" resyncPeriod="0s" reflector="k8s.io/client-go/informers/factory.go:161"
I0606 15:04:06.716283       1 tlsconfig.go:258] "Shutting down DynamicServingCertificateController"
I0606 15:04:06.716302       1 secure_serving.go:259] Stopped listening on [::]:10258
