I0607 06:09:02.235683       1 feature_gate.go:466] feature gates: {map[]}
I0607 06:09:02.644101       1 secure_serving.go:57] Forcing use of http/1.1 only
I0607 06:09:02.644570       1 named_certificates.go:53] "Loaded SNI cert" index=0 certName="self-signed loopback" certDetail="\"apiserver-loopback-client@1780812542\" [serving] validServingFor=[apiserver-loopback-client] issuer=\"apiserver-loopback-client-ca@1780812542\" (2026-06-07 05:09:02 +0000 UTC to 2029-06-07 05:09:02 +0000 UTC (now=2026-06-07 06:09:02.644516702 +0000 UTC))"
I0607 06:09:02.644619       1 secure_serving.go:211] Serving securely on [::]:10258
I0607 06:09:02.644640       1 tracing.go:88] Did not find a trace collector endpoint defined. Switching to NoopTraceProvider
I0607 06:09:02.644700       1 tlsconfig.go:243] "Starting DynamicServingCertificateController"
I0607 06:09:02.645141       1 envvar.go:172] "Feature gate default state" feature="WatchListClient" enabled=true
I0607 06:09:02.645169       1 envvar.go:172] "Feature gate default state" feature="ClientsAllowCBOR" enabled=false
I0607 06:09:02.645178       1 envvar.go:172] "Feature gate default state" feature="ClientsPreferCBOR" enabled=false
I0607 06:09:02.645184       1 envvar.go:172] "Feature gate default state" feature="InOrderInformers" enabled=true
I0607 06:09:02.645191       1 envvar.go:172] "Feature gate default state" feature="InOrderInformersBatchProcess" enabled=true
I0607 06:09:02.645197       1 envvar.go:172] "Feature gate default state" feature="InformerResourceVersion" enabled=true
W0607 06:09:02.663309       1 descheduler.go:333] failed to convert Descheduler minor version '' to float: strconv.ParseFloat: parsing "": invalid syntax
I0607 06:09:02.676971       1 reflector.go:367] "Starting reflector" type="*v1.Pod" resyncPeriod="0s" reflector="k8s.io/client-go/informers/factory.go:161"
I0607 06:09:02.677214       1 reflector.go:411] "Listing and watching" type="*v1.Pod" reflector="k8s.io/client-go/informers/factory.go:161"
I0607 06:09:02.676988       1 reflector.go:367] "Starting reflector" type="*v1.PersistentVolumeClaim" resyncPeriod="0s" reflector="k8s.io/client-go/informers/factory.go:161"
I0607 06:09:02.677347       1 reflector.go:411] "Listing and watching" type="*v1.PersistentVolumeClaim" reflector="k8s.io/client-go/informers/factory.go:161"
I0607 06:09:02.677196       1 reflector.go:367] "Starting reflector" type="*v1.Node" resyncPeriod="0s" reflector="k8s.io/client-go/informers/factory.go:161"
I0607 06:09:02.677583       1 reflector.go:411] "Listing and watching" type="*v1.Node" reflector="k8s.io/client-go/informers/factory.go:161"
I0607 06:09:02.682804       1 reflector.go:446] "Caches populated" type="*v1.PersistentVolumeClaim" reflector="k8s.io/client-go/informers/factory.go:161"
I0607 06:09:02.694321       1 reflector.go:446] "Caches populated" type="*v1.Node" reflector="k8s.io/client-go/informers/factory.go:161"
I0607 06:09:02.699956       1 reflector.go:446] "Caches populated" type="*v1.Pod" reflector="k8s.io/client-go/informers/factory.go:161"
I0607 06:09:02.777033       1 descheduler.go:235] Resetting pod evictor counters
I0607 06:09:02.778618       1 resourcedefragmentationc2.go:129] "Starting ResourceDefragmentationC2 balance pass" plugin="ResourceDefragmentationC2" ExtensionPoint="Balance" nodeCount=7
I0607 06:09:02.779528       1 profile.go:425] "Total number of evictions/requests" extension point="Balance" evictedPods=0 evictionRequests=0
I0607 06:09:02.779573       1 descheduler.go:252] "Number of evictions/requests" totalEvicted=0 evictionRequests=0
I0607 06:09:02.780362       1 reflector.go:373] "Stopping reflector" type="*v1.Pod" resyncPeriod="0s" reflector="k8s.io/client-go/informers/factory.go:161"
I0607 06:09:02.780549       1 reflector.go:373] "Stopping reflector" type="*v1.Node" resyncPeriod="0s" reflector="k8s.io/client-go/informers/factory.go:161"
I0607 06:09:02.780672       1 reflector.go:373] "Stopping reflector" type="*v1.PersistentVolumeClaim" resyncPeriod="0s" reflector="k8s.io/client-go/informers/factory.go:161"
I0607 06:09:02.781243       1 tlsconfig.go:258] "Shutting down DynamicServingCertificateController"
I0607 06:09:02.781707       1 secure_serving.go:259] Stopped listening on [::]:10258
