I0606 04:22:53.269962       1 feature_gate.go:466] feature gates: {map[]}
I0606 04:22:53.420505       1 secure_serving.go:57] Forcing use of http/1.1 only
I0606 04:22:53.421867       1 named_certificates.go:53] "Loaded SNI cert" index=0 certName="self-signed loopback" certDetail="\"apiserver-loopback-client@1780719773\" [serving] validServingFor=[apiserver-loopback-client] issuer=\"apiserver-loopback-client-ca@1780719773\" (2026-06-06 03:22:53 +0000 UTC to 2029-06-06 03:22:53 +0000 UTC (now=2026-06-06 04:22:53.420963802 +0000 UTC))"
I0606 04:22:53.422051       1 tlsconfig.go:243] "Starting DynamicServingCertificateController"
I0606 04:22:53.422958       1 secure_serving.go:211] Serving securely on [::]:10258
I0606 04:22:53.423032       1 tracing.go:88] Did not find a trace collector endpoint defined. Switching to NoopTraceProvider
I0606 04:22:53.428081       1 envvar.go:172] "Feature gate default state" feature="ClientsPreferCBOR" enabled=false
I0606 04:22:53.428161       1 envvar.go:172] "Feature gate default state" feature="InOrderInformers" enabled=true
I0606 04:22:53.428191       1 envvar.go:172] "Feature gate default state" feature="InOrderInformersBatchProcess" enabled=true
I0606 04:22:53.428232       1 envvar.go:172] "Feature gate default state" feature="InformerResourceVersion" enabled=true
I0606 04:22:53.428272       1 envvar.go:172] "Feature gate default state" feature="WatchListClient" enabled=true
I0606 04:22:53.428298       1 envvar.go:172] "Feature gate default state" feature="ClientsAllowCBOR" enabled=false
W0606 04:22:53.473089       1 descheduler.go:333] failed to convert Descheduler minor version '' to float: strconv.ParseFloat: parsing "": invalid syntax
I0606 04:22:53.487942       1 reflector.go:367] "Starting reflector" type="*v1.Pod" resyncPeriod="0s" reflector="k8s.io/client-go/informers/factory.go:161"
I0606 04:22:53.487975       1 reflector.go:411] "Listing and watching" type="*v1.Pod" reflector="k8s.io/client-go/informers/factory.go:161"
I0606 04:22:53.488043       1 reflector.go:367] "Starting reflector" type="*v1.Node" resyncPeriod="0s" reflector="k8s.io/client-go/informers/factory.go:161"
I0606 04:22:53.488056       1 reflector.go:411] "Listing and watching" type="*v1.Node" reflector="k8s.io/client-go/informers/factory.go:161"
I0606 04:22:53.487942       1 reflector.go:367] "Starting reflector" type="*v1.PersistentVolumeClaim" resyncPeriod="0s" reflector="k8s.io/client-go/informers/factory.go:161"
I0606 04:22:53.490443       1 reflector.go:411] "Listing and watching" type="*v1.PersistentVolumeClaim" reflector="k8s.io/client-go/informers/factory.go:161"
I0606 04:22:53.500678       1 reflector.go:446] "Caches populated" type="*v1.PersistentVolumeClaim" reflector="k8s.io/client-go/informers/factory.go:161"
I0606 04:22:53.503546       1 reflector.go:446] "Caches populated" type="*v1.Node" reflector="k8s.io/client-go/informers/factory.go:161"
I0606 04:22:53.517281       1 reflector.go:446] "Caches populated" type="*v1.Pod" reflector="k8s.io/client-go/informers/factory.go:161"
I0606 04:22:53.586992       1 descheduler.go:235] Resetting pod evictor counters
I0606 04:22:53.587065       1 resourcedefragmentation.go:158] "Starting resource defragmentation balance pass" plugin="ResourceDefragmentation" ExtensionPoint="Balance" nodeCount=7
I0606 04:22:53.587120       1 resourcedefragmentation.go:199] "Node state" plugin="ResourceDefragmentation" ExtensionPoint="Balance" node="ip-172-31-19-34" avgUtilization=0.4554592720970537 minUtilization=0.11091854419410745 binScore=0.38318890814558054 usageSource="requests"
I0606 04:22:53.587166       1 resourcedefragmentation.go:199] "Node state" plugin="ResourceDefragmentation" ExtensionPoint="Balance" node="ip-172-31-3-39" avgUtilization=0.4554595390888653 minUtilization=0.11091907817773049 binScore=0.38318930863329786 usageSource="requests"
I0606 04:22:53.587186       1 resourcedefragmentation.go:199] "Node state" plugin="ResourceDefragmentation" ExtensionPoint="Balance" node="ip-172-31-31-146" avgUtilization=0.8501877527440785 minUtilization=0.85 binScore=0.9249061236279608 usageSource="requests"
I0606 04:22:53.587206       1 resourcedefragmentation.go:199] "Node state" plugin="ResourceDefragmentation" ExtensionPoint="Balance" node="ip-172-31-6-144" avgUtilization=0.8501897996813002 minUtilization=0.85 binScore=0.9249051001593498 usageSource="requests"
I0606 04:22:53.587217       1 resourcedefragmentation.go:165] "Skipping control-plane node" plugin="ResourceDefragmentation" ExtensionPoint="Balance" node="ip-172-31-84-108"
I0606 04:22:53.587239       1 resourcedefragmentation.go:199] "Node state" plugin="ResourceDefragmentation" ExtensionPoint="Balance" node="ip-172-31-1-245" avgUtilization=0.304053533602927 minUtilization=0.3 binScore=0.6479732331985364 usageSource="requests"
I0606 04:22:53.587267       1 resourcedefragmentation.go:199] "Node state" plugin="ResourceDefragmentation" ExtensionPoint="Balance" node="ip-172-31-16-198" avgUtilization=0.3040542752468479 minUtilization=0.3 binScore=0.6479728623765761 usageSource="requests"
I0606 04:22:53.587338       1 resourcedefragmentation.go:237] "Node is a drain candidate" plugin="ResourceDefragmentation" ExtensionPoint="Balance" node="ip-172-31-19-34" avgUtilization=0.4554592720970537 binScore=0.38318890814558054 imbalanceIndex=0.6890814558058926 freeSpaceIndex=0.17781629116117853 priority=3.1564315645282273
I0606 04:22:53.587380       1 resourcedefragmentation.go:237] "Node is a drain candidate" plugin="ResourceDefragmentation" ExtensionPoint="Balance" node="ip-172-31-3-39" avgUtilization=0.4554595390888653 binScore=0.38318930863329786 imbalanceIndex=0.6890809218222695 freeSpaceIndex=0.1778161843644539 priority=3.15643298636318
I0606 04:22:53.587412       1 resourcedefragmentation.go:237] "Node is a drain candidate" plugin="ResourceDefragmentation" ExtensionPoint="Balance" node="ip-172-31-1-245" avgUtilization=0.304053533602927 binScore=0.6479732331985364 imbalanceIndex=-0.008107067205854024 freeSpaceIndex=0.48432505295590217 priority=1.036418051699183
I0606 04:22:53.587452       1 resourcedefragmentation.go:237] "Node is a drain candidate" plugin="ResourceDefragmentation" ExtensionPoint="Balance" node="ip-172-31-16-198" avgUtilization=0.3040542752468479 binScore=0.6479728623765761 imbalanceIndex=-0.008108550493695799 freeSpaceIndex=0.48432401465441294 priority=1.036421006542499
I0606 04:22:53.587474       1 resourcedefragmentation.go:260] "Draining under-utilized node" plugin="ResourceDefragmentation" ExtensionPoint="Balance" node="ip-172-31-3-39" priority=3.15643298636318
I0606 04:22:53.587489       1 resourcedefragmentation.go:757] "Candidate score inputs" plugin="ResourceDefragmentation" pod="defrag-exp/s3-cpu-39-694f845c9f-cpqz5" originNode="ip-172-31-3-39" c1=0.09053265291139108 c2=-999.9 c3=0.3475783390060611 c4=0
I0606 04:22:53.587513       1 resourcedefragmentation.go:757] "Candidate score inputs" plugin="ResourceDefragmentation" pod="defrag-exp/s3-cpu-39-694f845c9f-r47wb" originNode="ip-172-31-3-39" c1=0.09053265291139108 c2=-999.9 c3=0.3475783390060611 c4=0
I0606 04:22:53.587533       1 resourcedefragmentation.go:274] "No feasible scheduler target within ceiling; leaving pod in place" plugin="ResourceDefragmentation" ExtensionPoint="Balance" pod="defrag-exp/s3-cpu-39-694f845c9f-cpqz5" originNode="ip-172-31-3-39"
I0606 04:22:53.587553       1 resourcedefragmentation.go:757] "Candidate score inputs" plugin="ResourceDefragmentation" pod="defrag-exp/s3-cpu-39-694f845c9f-r47wb" originNode="ip-172-31-3-39" c1=0.09053265291139108 c2=-999.9 c3=0.3475783390060611 c4=0
I0606 04:22:53.587569       1 resourcedefragmentation.go:274] "No feasible scheduler target within ceiling; leaving pod in place" plugin="ResourceDefragmentation" ExtensionPoint="Balance" pod="defrag-exp/s3-cpu-39-694f845c9f-r47wb" originNode="ip-172-31-3-39"
I0606 04:22:53.587582       1 resourcedefragmentation.go:260] "Draining under-utilized node" plugin="ResourceDefragmentation" ExtensionPoint="Balance" node="ip-172-31-19-34" priority=3.1564315645282273
I0606 04:22:53.587594       1 resourcedefragmentation.go:757] "Candidate score inputs" plugin="ResourceDefragmentation" pod="defrag-exp/s3-cpu-34-848456d98d-qwrqd" originNode="ip-172-31-19-34" c1=0.09053275373027483 c2=-999.9 c3=0.347578471018679 c4=0
I0606 04:22:53.587605       1 resourcedefragmentation.go:757] "Candidate score inputs" plugin="ResourceDefragmentation" pod="defrag-exp/s3-cpu-34-848456d98d-mcpfq" originNode="ip-172-31-19-34" c1=0.09053275373027483 c2=-999.9 c3=0.347578471018679 c4=0
I0606 04:22:53.587644       1 resourcedefragmentation.go:274] "No feasible scheduler target within ceiling; leaving pod in place" plugin="ResourceDefragmentation" ExtensionPoint="Balance" pod="defrag-exp/s3-cpu-34-848456d98d-qwrqd" originNode="ip-172-31-19-34"
I0606 04:22:53.587657       1 resourcedefragmentation.go:757] "Candidate score inputs" plugin="ResourceDefragmentation" pod="defrag-exp/s3-cpu-34-848456d98d-mcpfq" originNode="ip-172-31-19-34" c1=0.09053275373027483 c2=-999.9 c3=0.347578471018679 c4=0
I0606 04:22:53.587671       1 resourcedefragmentation.go:274] "No feasible scheduler target within ceiling; leaving pod in place" plugin="ResourceDefragmentation" ExtensionPoint="Balance" pod="defrag-exp/s3-cpu-34-848456d98d-mcpfq" originNode="ip-172-31-19-34"
I0606 04:22:53.587683       1 resourcedefragmentation.go:260] "Draining under-utilized node" plugin="ResourceDefragmentation" ExtensionPoint="Balance" node="ip-172-31-16-198" priority=1.036421006542499
I0606 04:22:53.587707       1 resourcedefragmentation.go:757] "Candidate score inputs" plugin="ResourceDefragmentation" pod="defrag-exp/s3-under-198-c45f6ffd9-k7vvn" originNode="ip-172-31-16-198" c1=-0.000001780414503119157 c2=0.7109125264779511 c3=0.18816225285120763 c4=0
I0606 04:22:53.587719       1 resourcedefragmentation.go:757] "Candidate score inputs" plugin="ResourceDefragmentation" pod="defrag-exp/s3-under-198-c45f6ffd9-8d2nh" originNode="ip-172-31-16-198" c1=-0.000001780414503119157 c2=0.7109125264779511 c3=0.18816225285120763 c4=0
I0606 04:22:53.587738       1 resourcedefragmentation.go:278] "Eviction decision" plugin="ResourceDefragmentation" ExtensionPoint="Balance" pod="defrag-exp/s3-under-198-c45f6ffd9-k7vvn" originNode="ip-172-31-16-198" predictedTarget="ip-172-31-1-245"
I0606 04:22:53.612720       1 evictions.go:558] "Evicted pod" pod="defrag-exp/s3-under-198-c45f6ffd9-k7vvn" reason="" strategy="ResourceDefragmentation" node="ip-172-31-16-198" profile="default"
I0606 04:22:53.613418       1 resourcedefragmentation.go:757] "Candidate score inputs" plugin="ResourceDefragmentation" pod="defrag-exp/s3-under-198-c45f6ffd9-8d2nh" originNode="ip-172-31-16-198" c1=-0.000002166111078447549 c2=0.7738518197573657 c3=0.2189731079005772 c4=0
I0606 04:22:53.613457       1 resourcedefragmentation.go:278] "Eviction decision" plugin="ResourceDefragmentation" ExtensionPoint="Balance" pod="defrag-exp/s3-under-198-c45f6ffd9-8d2nh" originNode="ip-172-31-16-198" predictedTarget="ip-172-31-1-245"
E0606 04:22:53.619281       1 event_broadcaster.go:270] "Server rejected event (will not retry!)" err="events.events.k8s.io is forbidden: User \"system:serviceaccount:kube-system:descheduler\" cannot create resource \"events\" in API group \"events.k8s.io\" in the namespace \"defrag-exp\"" event="&Event{ObjectMeta:{s3-under-198-c45f6ffd9-k7vvn.18b663330ebcf6b2  defrag-exp    0 0001-01-01 00:00:00 +0000 UTC <nil> <nil> map[] map[] [] [] []},EventTime:2026-06-06 04:22:53.612738848 +0000 UTC m=+0.744700619,Series:nil,ReportingController:sigs.k8s.io.descheduler,ReportingInstance:sigs.k8s.io.descheduler-descheduler-job-z8cjx,Action:Descheduled,Reason:ResourceDefragmentation,Regarding:{Pod defrag-exp s3-under-198-c45f6ffd9-k7vvn d18e9c39-21ad-4367-b27e-9ece9dae39d1 v1 222170 },Related:nil,Note:pod eviction from ip-172-31-16-198 node by sigs.k8s.io/descheduler,Type:Normal,DeprecatedSource:{ },DeprecatedFirstTimestamp:0001-01-01 00:00:00 +0000 UTC,DeprecatedLastTimestamp:0001-01-01 00:00:00 +0000 UTC,DeprecatedCount:0,}"
I0606 04:22:53.715752       1 evictions.go:558] "Evicted pod" pod="defrag-exp/s3-under-198-c45f6ffd9-8d2nh" reason="" strategy="ResourceDefragmentation" node="ip-172-31-16-198" profile="default"
I0606 04:22:53.715939       1 resourcedefragmentation.go:257] "Skipping node now serving as a bin" plugin="ResourceDefragmentation" ExtensionPoint="Balance" node="ip-172-31-1-245"
I0606 04:22:53.716025       1 profile.go:425] "Total number of evictions/requests" extension point="Balance" evictedPods=2 evictionRequests=0
I0606 04:22:53.716107       1 descheduler.go:252] "Number of evictions/requests" totalEvicted=2 evictionRequests=0
E0606 04:22:53.716440       1 event_broadcaster.go:279] "Unable to write event (may retry after sleeping)" err="Post \"https://10.96.0.1:443/apis/events.k8s.io/v1/namespaces/defrag-exp/events\": context canceled"
I0606 04:22:53.716540       1 reflector.go:373] "Stopping reflector" type="*v1.Pod" resyncPeriod="0s" reflector="k8s.io/client-go/informers/factory.go:161"
I0606 04:22:53.716626       1 reflector.go:373] "Stopping reflector" type="*v1.Node" resyncPeriod="0s" reflector="k8s.io/client-go/informers/factory.go:161"
I0606 04:22:53.716730       1 reflector.go:373] "Stopping reflector" type="*v1.PersistentVolumeClaim" resyncPeriod="0s" reflector="k8s.io/client-go/informers/factory.go:161"
I0606 04:22:53.717152       1 tlsconfig.go:258] "Shutting down DynamicServingCertificateController"
