I0606 14:37:58.848323       1 feature_gate.go:466] feature gates: {map[]}
I0606 14:37:59.136567       1 secure_serving.go:57] Forcing use of http/1.1 only
I0606 14:37:59.137100       1 named_certificates.go:53] "Loaded SNI cert" index=0 certName="self-signed loopback" certDetail="\"apiserver-loopback-client@1780756679\" [serving] validServingFor=[apiserver-loopback-client] issuer=\"apiserver-loopback-client-ca@1780756679\" (2026-06-06 13:37:58 +0000 UTC to 2029-06-06 13:37:58 +0000 UTC (now=2026-06-06 14:37:59.137017759 +0000 UTC))"
I0606 14:37:59.137159       1 secure_serving.go:211] Serving securely on [::]:10258
I0606 14:37:59.137180       1 tracing.go:88] Did not find a trace collector endpoint defined. Switching to NoopTraceProvider
I0606 14:37:59.137292       1 tlsconfig.go:243] "Starting DynamicServingCertificateController"
I0606 14:37:59.137715       1 envvar.go:172] "Feature gate default state" feature="ClientsAllowCBOR" enabled=false
I0606 14:37:59.137737       1 envvar.go:172] "Feature gate default state" feature="ClientsPreferCBOR" enabled=false
I0606 14:37:59.137743       1 envvar.go:172] "Feature gate default state" feature="InOrderInformers" enabled=true
I0606 14:37:59.137749       1 envvar.go:172] "Feature gate default state" feature="InOrderInformersBatchProcess" enabled=true
I0606 14:37:59.137754       1 envvar.go:172] "Feature gate default state" feature="InformerResourceVersion" enabled=true
I0606 14:37:59.137760       1 envvar.go:172] "Feature gate default state" feature="WatchListClient" enabled=true
W0606 14:37:59.147635       1 descheduler.go:333] failed to convert Descheduler minor version '' to float: strconv.ParseFloat: parsing "": invalid syntax
I0606 14:37:59.157870       1 reflector.go:367] "Starting reflector" type="*v1.PersistentVolumeClaim" resyncPeriod="0s" reflector="k8s.io/client-go/informers/factory.go:161"
I0606 14:37:59.157897       1 reflector.go:411] "Listing and watching" type="*v1.PersistentVolumeClaim" reflector="k8s.io/client-go/informers/factory.go:161"
I0606 14:37:59.157940       1 reflector.go:367] "Starting reflector" type="*v1.Node" resyncPeriod="0s" reflector="k8s.io/client-go/informers/factory.go:161"
I0606 14:37:59.157951       1 reflector.go:411] "Listing and watching" type="*v1.Node" reflector="k8s.io/client-go/informers/factory.go:161"
I0606 14:37:59.157878       1 reflector.go:367] "Starting reflector" type="*v1.Pod" resyncPeriod="0s" reflector="k8s.io/client-go/informers/factory.go:161"
I0606 14:37:59.158057       1 reflector.go:411] "Listing and watching" type="*v1.Pod" reflector="k8s.io/client-go/informers/factory.go:161"
I0606 14:37:59.162278       1 reflector.go:978] "Exiting watch because received the bookmark that marks the end of initial events stream" reflector="k8s.io/client-go/informers/factory.go:161" totalItems=1 duration="4.347064ms"
I0606 14:37:59.162317       1 reflector.go:446] "Caches populated" type="*v1.PersistentVolumeClaim" reflector="k8s.io/client-go/informers/factory.go:161"
I0606 14:37:59.164971       1 reflector.go:978] "Exiting watch because received the bookmark that marks the end of initial events stream" reflector="k8s.io/client-go/informers/factory.go:161" totalItems=8 duration="6.996765ms"
I0606 14:37:59.165016       1 reflector.go:446] "Caches populated" type="*v1.Node" reflector="k8s.io/client-go/informers/factory.go:161"
I0606 14:37:59.167160       1 reflector.go:978] "Exiting watch because received the bookmark that marks the end of initial events stream" reflector="k8s.io/client-go/informers/factory.go:161" totalItems=28 duration="9.079732ms"
I0606 14:37:59.167255       1 reflector.go:446] "Caches populated" type="*v1.Pod" reflector="k8s.io/client-go/informers/factory.go:161"
I0606 14:37:59.258348       1 descheduler.go:235] Resetting pod evictor counters
I0606 14:37:59.258451       1 resourcedefragmentation.go:178] "Starting resource defragmentation balance pass" plugin="ResourceDefragmentation" ExtensionPoint="Balance" nodeCount=7
I0606 14:37:59.258503       1 resourcedefragmentation.go:219] "Node state" plugin="ResourceDefragmentation" ExtensionPoint="Balance" node="ip-172-31-31-146" avgUtilization=0.05581100337958193 minUtilization=0.05 binScore=0.522094498310209 usageSource="requests"
I0606 14:37:59.258533       1 resourcedefragmentation.go:219] "Node state" plugin="ResourceDefragmentation" ExtensionPoint="Balance" node="ip-172-31-6-144" avgUtilization=0.05581115171122249 minUtilization=0.05 binScore=0.5220944241443888 usageSource="requests"
I0606 14:37:59.258546       1 resourcedefragmentation.go:185] "Skipping control-plane node" plugin="ResourceDefragmentation" ExtensionPoint="Balance" node="ip-172-31-84-108"
I0606 14:37:59.258572       1 resourcedefragmentation.go:219] "Node state" plugin="ResourceDefragmentation" ExtensionPoint="Balance" node="ip-172-31-1-245" avgUtilization=0.3919280225150831 minUtilization=0.2588560450301662 binScore=0.5628920337726246 usageSource="requests"
I0606 14:37:59.258597       1 resourcedefragmentation.go:219] "Node state" plugin="ResourceDefragmentation" ExtensionPoint="Balance" node="ip-172-31-16-198" avgUtilization=0.40545953908886523 minUtilization=0.11091907817773049 binScore=0.4081893086332979 usageSource="requests"
I0606 14:37:59.258639       1 resourcedefragmentation.go:219] "Node state" plugin="ResourceDefragmentation" ExtensionPoint="Balance" node="ip-172-31-19-34" avgUtilization=0.4158906219911419 minUtilization=0.08 binScore=0.372054689004429 usageSource="requests"
I0606 14:37:59.258657       1 resourcedefragmentation.go:219] "Node state" plugin="ResourceDefragmentation" ExtensionPoint="Balance" node="ip-172-31-3-39" avgUtilization=0.6889177739264394 minUtilization=0.6778355478528789 binScore=0.8333766608896591 usageSource="requests"
I0606 14:37:59.258832       1 resourcedefragmentation.go:257] "Node is a drain candidate" plugin="ResourceDefragmentation" ExtensionPoint="Balance" node="ip-172-31-1-245" avgUtilization=0.3919280225150831 binScore=0.5628920337726246 imbalanceIndex=0.26614395496983384 freeSpaceIndex=0.3520433786106711 priority=1.5533514948307834
I0606 14:37:59.258892       1 resourcedefragmentation.go:257] "Node is a drain candidate" plugin="ResourceDefragmentation" ExtensionPoint="Balance" node="ip-172-31-19-34" avgUtilization=0.4158906219911419 binScore=0.372054689004429 imbalanceIndex=-0.6717812439822839 freeSpaceIndex=0.22836125553629885 priority=2.5254038938761436
I0606 14:37:59.258968       1 resourcedefragmentation.go:280] "Draining under-utilized node" plugin="ResourceDefragmentation" ExtensionPoint="Balance" node="ip-172-31-19-34" priority=2.5254038938761436
I0606 14:37:59.259012       1 resourcedefragmentation.go:867] "Candidate score inputs" plugin="ResourceDefragmentation" pod="defrag-exp/s6c1-memskew-34-5dd84c764b-h7d67" originNode="ip-172-31-19-34" c1=0.3060741467363653 c2=0.8472294421790978 c3=0.6630984016945889 c4=0
I0606 14:37:59.259036       1 resourcedefragmentation.go:298] "Eviction decision" plugin="ResourceDefragmentation" ExtensionPoint="Balance" pod="defrag-exp/s6c1-memskew-34-5dd84c764b-h7d67" originNode="ip-172-31-19-34" predictedTarget="ip-172-31-16-198"
I0606 14:37:59.284178       1 evictions.go:558] "Evicted pod" pod="defrag-exp/s6c1-memskew-34-5dd84c764b-h7d67" reason="" strategy="ResourceDefragmentation" node="ip-172-31-19-34" profile="default"
I0606 14:37:59.284255       1 resourcedefragmentation.go:280] "Draining under-utilized node" plugin="ResourceDefragmentation" ExtensionPoint="Balance" node="ip-172-31-1-245" priority=1.5533514948307834
I0606 14:37:59.284285       1 resourcedefragmentation.go:867] "Candidate score inputs" plugin="ResourceDefragmentation" pod="defrag-exp/s6c1-mem-245-76bbd546db-86xxx" originNode="ip-172-31-1-245" c1=-0.005767899486100241 c2=0.8342371943000193 c3=0.09865070805024967 c4=0
I0606 14:37:59.284298       1 resourcedefragmentation.go:867] "Candidate score inputs" plugin="ResourceDefragmentation" pod="defrag-exp/s6c1-cpumed-245-855767d4f9-ndx79" originNode="ip-172-31-1-245" c1=0.007289496476048938 c2=0.8034914789139227 c3=0.1417185084961215 c4=0
I0606 14:37:59.284311       1 resourcedefragmentation.go:867] "Candidate score inputs" plugin="ResourceDefragmentation" pod="defrag-exp/s6c1-cpubig-245-5fcfbff67-gbphw" originNode="ip-172-31-1-245" c1=0.018773881795461623 c2=-999.9 c3=0.21768187574332037 c4=0
I0606 14:37:59.284332       1 resourcedefragmentation.go:298] "Eviction decision" plugin="ResourceDefragmentation" ExtensionPoint="Balance" pod="defrag-exp/s6c1-mem-245-76bbd546db-86xxx" originNode="ip-172-31-1-245" predictedTarget="ip-172-31-3-39"
E0606 14:37:59.286479       1 event_broadcaster.go:270] "Server rejected event (will not retry!)" err="events.events.k8s.io is forbidden: User \"system:serviceaccount:kube-system:descheduler\" cannot create resource \"events\" in API group \"events.k8s.io\" in the namespace \"defrag-exp\"" event="&Event{ObjectMeta:{s6c1-memskew-34-5dd84c764b-h7d67.18b684c3d423af9a  defrag-exp    0 0001-01-01 00:00:00 +0000 UTC <nil> <nil> map[] map[] [] [] []},EventTime:2026-06-06 14:37:59.284195696 +0000 UTC m=+0.469118797,Series:nil,ReportingController:sigs.k8s.io.descheduler,ReportingInstance:sigs.k8s.io.descheduler-descheduler-job-dqwsx,Action:Descheduled,Reason:ResourceDefragmentation,Regarding:{Pod defrag-exp s6c1-memskew-34-5dd84c764b-h7d67 2ea774fc-838a-42e6-bbe6-25329bd22368 v1 282839 },Related:nil,Note:pod eviction from ip-172-31-19-34 node by sigs.k8s.io/descheduler,Type:Normal,DeprecatedSource:{ },DeprecatedFirstTimestamp:0001-01-01 00:00:00 +0000 UTC,DeprecatedLastTimestamp:0001-01-01 00:00:00 +0000 UTC,DeprecatedCount:0,}"
I0606 14:37:59.388276       1 evictions.go:558] "Evicted pod" pod="defrag-exp/s6c1-mem-245-76bbd546db-86xxx" reason="" strategy="ResourceDefragmentation" node="ip-172-31-1-245" profile="default"
I0606 14:37:59.388370       1 resourcedefragmentation.go:867] "Candidate score inputs" plugin="ResourceDefragmentation" pod="defrag-exp/s6c1-cpumed-245-855767d4f9-ndx79" originNode="ip-172-31-1-245" c1=0.010993740869631709 c2=0.9174032351242056 c3=0.1702234896452767 c4=0
I0606 14:37:59.388409       1 resourcedefragmentation.go:867] "Candidate score inputs" plugin="ResourceDefragmentation" pod="defrag-exp/s6c1-cpubig-245-5fcfbff67-gbphw" originNode="ip-172-31-1-245" c1=0.028314053275771904 c2=-999.9 c3=0.26221127872767636 c4=0
I0606 14:37:59.388436       1 resourcedefragmentation.go:298] "Eviction decision" plugin="ResourceDefragmentation" ExtensionPoint="Balance" pod="defrag-exp/s6c1-cpumed-245-855767d4f9-ndx79" originNode="ip-172-31-1-245" predictedTarget="ip-172-31-3-39"
E0606 14:37:59.390556       1 event_broadcaster.go:270] "Server rejected event (will not retry!)" err="events.events.k8s.io is forbidden: User \"system:serviceaccount:kube-system:descheduler\" cannot create resource \"events\" in API group \"events.k8s.io\" in the namespace \"defrag-exp\"" event="&Event{ObjectMeta:{s6c1-mem-245-76bbd546db-86xxx.18b684c3da58504d  defrag-exp    0 0001-01-01 00:00:00 +0000 UTC <nil> <nil> map[] map[] [] [] []},EventTime:2026-06-06 14:37:59.388293597 +0000 UTC m=+0.573216699,Series:nil,ReportingController:sigs.k8s.io.descheduler,ReportingInstance:sigs.k8s.io.descheduler-descheduler-job-dqwsx,Action:Descheduled,Reason:ResourceDefragmentation,Regarding:{Pod defrag-exp s6c1-mem-245-76bbd546db-86xxx 646c7292-e2d2-4cfb-bfe7-07b761b7b29d v1 282782 },Related:nil,Note:pod eviction from ip-172-31-1-245 node by sigs.k8s.io/descheduler,Type:Normal,DeprecatedSource:{ },DeprecatedFirstTimestamp:0001-01-01 00:00:00 +0000 UTC,DeprecatedLastTimestamp:0001-01-01 00:00:00 +0000 UTC,DeprecatedCount:0,}"
I0606 14:37:59.491518       1 evictions.go:558] "Evicted pod" pod="defrag-exp/s6c1-cpumed-245-855767d4f9-ndx79" reason="" strategy="ResourceDefragmentation" node="ip-172-31-1-245" profile="default"
I0606 14:37:59.491575       1 resourcedefragmentation.go:867] "Candidate score inputs" plugin="ResourceDefragmentation" pod="defrag-exp/s6c1-cpubig-245-5fcfbff67-gbphw" originNode="ip-172-31-1-245" c1=0.01727376666200344 c2=-999.9 c3=0.27053165160364595 c4=0
I0606 14:37:59.491631       1 resourcedefragmentation.go:294] "No feasible scheduler target within ceiling; leaving pod in place" plugin="ResourceDefragmentation" ExtensionPoint="Balance" pod="defrag-exp/s6c1-cpubig-245-5fcfbff67-gbphw" originNode="ip-172-31-1-245"
I0606 14:37:59.491673       1 profile.go:425] "Total number of evictions/requests" extension point="Balance" evictedPods=3 evictionRequests=0
I0606 14:37:59.491713       1 descheduler.go:252] "Number of evictions/requests" totalEvicted=3 evictionRequests=0
E0606 14:37:59.492025       1 event_broadcaster.go:279] "Unable to write event (may retry after sleeping)" err="client rate limiter Wait returned an error: context canceled"
I0606 14:37:59.492189       1 reflector.go:373] "Stopping reflector" type="*v1.Pod" resyncPeriod="0s" reflector="k8s.io/client-go/informers/factory.go:161"
I0606 14:37:59.492350       1 reflector.go:373] "Stopping reflector" type="*v1.Node" resyncPeriod="0s" reflector="k8s.io/client-go/informers/factory.go:161"
I0606 14:37:59.492448       1 reflector.go:373] "Stopping reflector" type="*v1.PersistentVolumeClaim" resyncPeriod="0s" reflector="k8s.io/client-go/informers/factory.go:161"
I0606 14:37:59.492867       1 tlsconfig.go:258] "Shutting down DynamicServingCertificateController"
I0606 14:37:59.492886       1 secure_serving.go:259] Stopped listening on [::]:10258
