I0607 01:49:44.012736       1 feature_gate.go:466] feature gates: {map[]}
I0607 01:49:44.194089       1 secure_serving.go:57] Forcing use of http/1.1 only
I0607 01:49:44.194501       1 named_certificates.go:53] "Loaded SNI cert" index=0 certName="self-signed loopback" certDetail="\"apiserver-loopback-client@1780796984\" [serving] validServingFor=[apiserver-loopback-client] issuer=\"apiserver-loopback-client-ca@1780796984\" (2026-06-07 00:49:44 +0000 UTC to 2029-06-07 00:49:44 +0000 UTC (now=2026-06-07 01:49:44.194469347 +0000 UTC))"
I0607 01:49:44.194553       1 secure_serving.go:211] Serving securely on [::]:10258
I0607 01:49:44.194567       1 tracing.go:88] Did not find a trace collector endpoint defined. Switching to NoopTraceProvider
I0607 01:49:44.194642       1 tlsconfig.go:243] "Starting DynamicServingCertificateController"
I0607 01:49:44.195081       1 envvar.go:172] "Feature gate default state" feature="InOrderInformers" enabled=true
I0607 01:49:44.195105       1 envvar.go:172] "Feature gate default state" feature="InOrderInformersBatchProcess" enabled=true
I0607 01:49:44.195113       1 envvar.go:172] "Feature gate default state" feature="InformerResourceVersion" enabled=true
I0607 01:49:44.195120       1 envvar.go:172] "Feature gate default state" feature="WatchListClient" enabled=true
I0607 01:49:44.195126       1 envvar.go:172] "Feature gate default state" feature="ClientsAllowCBOR" enabled=false
I0607 01:49:44.195132       1 envvar.go:172] "Feature gate default state" feature="ClientsPreferCBOR" enabled=false
W0607 01:49:44.203868       1 descheduler.go:333] failed to convert Descheduler minor version '' to float: strconv.ParseFloat: parsing "": invalid syntax
I0607 01:49:44.218609       1 reflector.go:367] "Starting reflector" type="*v1.PersistentVolumeClaim" resyncPeriod="0s" reflector="k8s.io/client-go/informers/factory.go:161"
I0607 01:49:44.218632       1 reflector.go:411] "Listing and watching" type="*v1.PersistentVolumeClaim" reflector="k8s.io/client-go/informers/factory.go:161"
I0607 01:49:44.218668       1 reflector.go:367] "Starting reflector" type="*v1.Node" resyncPeriod="0s" reflector="k8s.io/client-go/informers/factory.go:161"
I0607 01:49:44.218678       1 reflector.go:411] "Listing and watching" type="*v1.Node" reflector="k8s.io/client-go/informers/factory.go:161"
I0607 01:49:44.218606       1 reflector.go:367] "Starting reflector" type="*v1.Pod" resyncPeriod="0s" reflector="k8s.io/client-go/informers/factory.go:161"
I0607 01:49:44.218759       1 reflector.go:411] "Listing and watching" type="*v1.Pod" reflector="k8s.io/client-go/informers/factory.go:161"
I0607 01:49:44.224792       1 reflector.go:446] "Caches populated" type="*v1.PersistentVolumeClaim" reflector="k8s.io/client-go/informers/factory.go:161"
I0607 01:49:44.228437       1 reflector.go:446] "Caches populated" type="*v1.Node" reflector="k8s.io/client-go/informers/factory.go:161"
I0607 01:49:44.233589       1 reflector.go:446] "Caches populated" type="*v1.Pod" reflector="k8s.io/client-go/informers/factory.go:161"
I0607 01:49:44.318714       1 descheduler.go:235] Resetting pod evictor counters
I0607 01:49:44.318836       1 resourcedefragmentation.go:178] "Starting resource defragmentation balance pass" plugin="ResourceDefragmentation" ExtensionPoint="Balance" nodeCount=7
I0607 01:49:44.318887       1 resourcedefragmentation.go:185] "Skipping control-plane node" plugin="ResourceDefragmentation" ExtensionPoint="Balance" node="ip-172-31-84-108"
I0607 01:49:44.318945       1 resourcedefragmentation.go:219] "Node state" plugin="ResourceDefragmentation" ExtensionPoint="Balance" node="ip-172-31-1-245" avgUtilization=0.4554691525064642 minUtilization=0.11093830501292835 binScore=0.3832037287596962 usageSource="requests"
I0607 01:49:44.319031       1 resourcedefragmentation.go:219] "Node state" plugin="ResourceDefragmentation" ExtensionPoint="Balance" node="ip-172-31-16-198" avgUtilization=0.4554595390888653 minUtilization=0.11091907817773049 binScore=0.38318930863329786 usageSource="requests"
I0607 01:49:44.319052       1 resourcedefragmentation.go:219] "Node state" plugin="ResourceDefragmentation" ExtensionPoint="Balance" node="ip-172-31-19-34" avgUtilization=0.4554595390888653 minUtilization=0.11091907817773049 binScore=0.38318930863329786 usageSource="requests"
I0607 01:49:44.319100       1 resourcedefragmentation.go:219] "Node state" plugin="ResourceDefragmentation" ExtensionPoint="Balance" node="ip-172-31-3-39" avgUtilization=0.3765934912382053 minUtilization=0.1 binScore=0.41170325438089733 usageSource="requests"
I0607 01:49:44.319146       1 resourcedefragmentation.go:219] "Node state" plugin="ResourceDefragmentation" ExtensionPoint="Balance" node="ip-172-31-31-146" avgUtilization=0.37659506352331756 minUtilization=0.1 binScore=0.4117024682383412 usageSource="requests"
I0607 01:49:44.319241       1 resourcedefragmentation.go:219] "Node state" plugin="ResourceDefragmentation" ExtensionPoint="Balance" node="ip-172-31-6-144" avgUtilization=0.3766532487167882 minUtilization=0.1 binScore=0.4116733756416059 usageSource="requests"
I0607 01:49:44.319387       1 resourcedefragmentation.go:257] "Node is a drain candidate" plugin="ResourceDefragmentation" ExtensionPoint="Balance" node="ip-172-31-1-245" avgUtilization=0.4554691525064642 binScore=0.3832037287596962 imbalanceIndex=0.6890616949870717 freeSpaceIndex=0.17781233899741433 priority=3.1564841828921297
I0607 01:49:44.319461       1 resourcedefragmentation.go:257] "Node is a drain candidate" plugin="ResourceDefragmentation" ExtensionPoint="Balance" node="ip-172-31-16-198" avgUtilization=0.4554595390888653 binScore=0.38318930863329786 imbalanceIndex=0.6890809218222695 freeSpaceIndex=0.1778161843644539 priority=3.15643298636318
I0607 01:49:44.319549       1 resourcedefragmentation.go:257] "Node is a drain candidate" plugin="ResourceDefragmentation" ExtensionPoint="Balance" node="ip-172-31-19-34" avgUtilization=0.4554595390888653 binScore=0.38318930863329786 imbalanceIndex=0.6890809218222695 freeSpaceIndex=0.1778161843644539 priority=3.15643298636318
I0607 01:49:44.319597       1 resourcedefragmentation.go:257] "Node is a drain candidate" plugin="ResourceDefragmentation" ExtensionPoint="Balance" node="ip-172-31-3-39" avgUtilization=0.3765934912382053 binScore=0.41170325438089733 imbalanceIndex=-0.5531869824764106 freeSpaceIndex=0.3121317157712305 priority=1.878481330813836
I0607 01:49:44.319691       1 resourcedefragmentation.go:257] "Node is a drain candidate" plugin="ResourceDefragmentation" ExtensionPoint="Balance" node="ip-172-31-31-146" avgUtilization=0.37659506352331756 binScore=0.4117024682383412 imbalanceIndex=-0.5531901270466352 freeSpaceIndex=0.31212888565802843 priority=1.8784974276243283
I0607 01:49:44.319749       1 resourcedefragmentation.go:257] "Node is a drain candidate" plugin="ResourceDefragmentation" ExtensionPoint="Balance" node="ip-172-31-6-144" avgUtilization=0.3766532487167882 binScore=0.4116733756416059 imbalanceIndex=-0.5533064974335764 freeSpaceIndex=0.3120241523097813 priority=1.879093303880691
I0607 01:49:44.319773       1 resourcedefragmentation.go:280] "Draining under-utilized node" plugin="ResourceDefragmentation" ExtensionPoint="Balance" node="ip-172-31-1-245" priority=3.1564841828921297
I0607 01:49:44.319792       1 resourcedefragmentation.go:867] "Candidate score inputs" plugin="ResourceDefragmentation" pod="defrag-exp/s2-cpu-245-846fcd67f4-c5868" originNode="ip-172-31-1-245" c1=0.09052902281662353 c2=-999.9 c3=0.3475735857051372 c4=0
I0607 01:49:44.319885       1 resourcedefragmentation.go:867] "Candidate score inputs" plugin="ResourceDefragmentation" pod="defrag-exp/s2-cpu-245-846fcd67f4-6kkmw" originNode="ip-172-31-1-245" c1=0.09052902281662353 c2=-999.9 c3=0.3475735857051372 c4=0
I0607 01:49:44.319915       1 resourcedefragmentation.go:294] "No feasible scheduler target within ceiling; leaving pod in place" plugin="ResourceDefragmentation" ExtensionPoint="Balance" pod="defrag-exp/s2-cpu-245-846fcd67f4-c5868" originNode="ip-172-31-1-245"
I0607 01:49:44.319974       1 resourcedefragmentation.go:867] "Candidate score inputs" plugin="ResourceDefragmentation" pod="defrag-exp/s2-cpu-245-846fcd67f4-6kkmw" originNode="ip-172-31-1-245" c1=0.09052902281662353 c2=-999.9 c3=0.3475735857051372 c4=0
I0607 01:49:44.320000       1 resourcedefragmentation.go:294] "No feasible scheduler target within ceiling; leaving pod in place" plugin="ResourceDefragmentation" ExtensionPoint="Balance" pod="defrag-exp/s2-cpu-245-846fcd67f4-6kkmw" originNode="ip-172-31-1-245"
I0607 01:49:44.320031       1 resourcedefragmentation.go:280] "Draining under-utilized node" plugin="ResourceDefragmentation" ExtensionPoint="Balance" node="ip-172-31-16-198" priority=3.15643298636318
I0607 01:49:44.320048       1 resourcedefragmentation.go:867] "Candidate score inputs" plugin="ResourceDefragmentation" pod="defrag-exp/s2-cpu-198-7f87654f6f-5j7wf" originNode="ip-172-31-16-198" c1=0.09053265291139108 c2=-999.9 c3=0.3475783390060611 c4=0
I0607 01:49:44.320060       1 resourcedefragmentation.go:867] "Candidate score inputs" plugin="ResourceDefragmentation" pod="defrag-exp/s2-cpu-198-7f87654f6f-ztj4d" originNode="ip-172-31-16-198" c1=0.09053265291139108 c2=-999.9 c3=0.3475783390060611 c4=0
I0607 01:49:44.320119       1 resourcedefragmentation.go:294] "No feasible scheduler target within ceiling; leaving pod in place" plugin="ResourceDefragmentation" ExtensionPoint="Balance" pod="defrag-exp/s2-cpu-198-7f87654f6f-5j7wf" originNode="ip-172-31-16-198"
I0607 01:49:44.320135       1 resourcedefragmentation.go:867] "Candidate score inputs" plugin="ResourceDefragmentation" pod="defrag-exp/s2-cpu-198-7f87654f6f-ztj4d" originNode="ip-172-31-16-198" c1=0.09053265291139108 c2=-999.9 c3=0.3475783390060611 c4=0
I0607 01:49:44.320162       1 resourcedefragmentation.go:294] "No feasible scheduler target within ceiling; leaving pod in place" plugin="ResourceDefragmentation" ExtensionPoint="Balance" pod="defrag-exp/s2-cpu-198-7f87654f6f-ztj4d" originNode="ip-172-31-16-198"
I0607 01:49:44.320175       1 resourcedefragmentation.go:280] "Draining under-utilized node" plugin="ResourceDefragmentation" ExtensionPoint="Balance" node="ip-172-31-19-34" priority=3.15643298636318
I0607 01:49:44.320213       1 resourcedefragmentation.go:867] "Candidate score inputs" plugin="ResourceDefragmentation" pod="defrag-exp/s2-cpu-34-6694c57846-dwtwf" originNode="ip-172-31-19-34" c1=0.09053265291139108 c2=-999.9 c3=0.3475783390060611 c4=0
I0607 01:49:44.320245       1 resourcedefragmentation.go:867] "Candidate score inputs" plugin="ResourceDefragmentation" pod="defrag-exp/s2-cpu-34-6694c57846-xpn9t" originNode="ip-172-31-19-34" c1=0.09053265291139108 c2=-999.9 c3=0.3475783390060611 c4=0
I0607 01:49:44.320279       1 resourcedefragmentation.go:294] "No feasible scheduler target within ceiling; leaving pod in place" plugin="ResourceDefragmentation" ExtensionPoint="Balance" pod="defrag-exp/s2-cpu-34-6694c57846-dwtwf" originNode="ip-172-31-19-34"
I0607 01:49:44.320291       1 resourcedefragmentation.go:867] "Candidate score inputs" plugin="ResourceDefragmentation" pod="defrag-exp/s2-cpu-34-6694c57846-xpn9t" originNode="ip-172-31-19-34" c1=0.09053265291139108 c2=-999.9 c3=0.3475783390060611 c4=0
I0607 01:49:44.320318       1 resourcedefragmentation.go:294] "No feasible scheduler target within ceiling; leaving pod in place" plugin="ResourceDefragmentation" ExtensionPoint="Balance" pod="defrag-exp/s2-cpu-34-6694c57846-xpn9t" originNode="ip-172-31-19-34"
I0607 01:49:44.320332       1 resourcedefragmentation.go:280] "Draining under-utilized node" plugin="ResourceDefragmentation" ExtensionPoint="Balance" node="ip-172-31-6-144" priority=1.879093303880691
I0607 01:49:44.320344       1 resourcedefragmentation.go:867] "Candidate score inputs" plugin="ResourceDefragmentation" pod="defrag-exp/s2-mem-144-769fd78487-qn7mk" originNode="ip-172-31-6-144" c1=0.044332881615089956 c2=0.598830338785553 c3=0.2823164742250171 c4=0
I0607 01:49:44.320356       1 resourcedefragmentation.go:867] "Candidate score inputs" plugin="ResourceDefragmentation" pod="defrag-exp/s2-mem-144-769fd78487-8dgcf" originNode="ip-172-31-6-144" c1=0.044332881615089956 c2=0.598830338785553 c3=0.2823164742250171 c4=0
I0607 01:49:44.320375       1 resourcedefragmentation.go:298] "Eviction decision" plugin="ResourceDefragmentation" ExtensionPoint="Balance" pod="defrag-exp/s2-mem-144-769fd78487-qn7mk" originNode="ip-172-31-6-144" predictedTarget="ip-172-31-1-245"
I0607 01:49:44.341130       1 evictions.go:558] "Evicted pod" pod="defrag-exp/s2-mem-144-769fd78487-qn7mk" reason="" strategy="ResourceDefragmentation" node="ip-172-31-6-144" profile="default"
I0607 01:49:44.341238       1 resourcedefragmentation.go:867] "Candidate score inputs" plugin="ResourceDefragmentation" pod="defrag-exp/s2-mem-144-769fd78487-8dgcf" originNode="ip-172-31-6-144" c1=0.022632466962795764 c2=0.8144569488114097 c3=0.29710831944992827 c4=0
I0607 01:49:44.341282       1 resourcedefragmentation.go:298] "Eviction decision" plugin="ResourceDefragmentation" ExtensionPoint="Balance" pod="defrag-exp/s2-mem-144-769fd78487-8dgcf" originNode="ip-172-31-6-144" predictedTarget="ip-172-31-1-245"
E0607 01:49:44.343847       1 event_broadcaster.go:270] "Server rejected event (will not retry!)" err="events.events.k8s.io is forbidden: User \"system:serviceaccount:kube-system:descheduler\" cannot create resource \"events\" in API group \"events.k8s.io\" in the namespace \"defrag-exp\"" event="&Event{ObjectMeta:{s2-mem-144-769fd78487-qn7mk.18b6a96c14bdd140  defrag-exp    0 0001-01-01 00:00:00 +0000 UTC <nil> <nil> map[] map[] [] [] []},EventTime:2026-06-07 01:49:44.34114512 +0000 UTC m=+0.539865173,Series:nil,ReportingController:sigs.k8s.io.descheduler,ReportingInstance:sigs.k8s.io.descheduler-descheduler-job-wh2vp,Action:Descheduled,Reason:ResourceDefragmentation,Regarding:{Pod defrag-exp s2-mem-144-769fd78487-qn7mk b77e34be-0874-474d-8d47-4b1e36a72fa7 v1 338989 },Related:nil,Note:pod eviction from ip-172-31-6-144 node by sigs.k8s.io/descheduler,Type:Normal,DeprecatedSource:{ },DeprecatedFirstTimestamp:0001-01-01 00:00:00 +0000 UTC,DeprecatedLastTimestamp:0001-01-01 00:00:00 +0000 UTC,DeprecatedCount:0,}"
I0607 01:49:44.445128       1 evictions.go:558] "Evicted pod" pod="defrag-exp/s2-mem-144-769fd78487-8dgcf" reason="" strategy="ResourceDefragmentation" node="ip-172-31-6-144" profile="default"
I0607 01:49:44.445211       1 resourcedefragmentation.go:280] "Draining under-utilized node" plugin="ResourceDefragmentation" ExtensionPoint="Balance" node="ip-172-31-31-146" priority=1.8784974276243283
I0607 01:49:44.445248       1 resourcedefragmentation.go:867] "Candidate score inputs" plugin="ResourceDefragmentation" pod="defrag-exp/s2-mem-146-7ff7c4f86f-6z5hs" originNode="ip-172-31-31-146" c1=0.0443070400794639 c2=0.5987774649887588 c3=0.282270639662236 c4=0
I0607 01:49:44.445274       1 resourcedefragmentation.go:867] "Candidate score inputs" plugin="ResourceDefragmentation" pod="defrag-exp/s2-mem-146-7ff7c4f86f-lhjtz" originNode="ip-172-31-31-146" c1=0.0443070400794639 c2=0.5987774649887588 c3=0.282270639662236 c4=0
I0607 01:49:44.445297       1 resourcedefragmentation.go:298] "Eviction decision" plugin="ResourceDefragmentation" ExtensionPoint="Balance" pod="defrag-exp/s2-mem-146-7ff7c4f86f-6z5hs" originNode="ip-172-31-31-146" predictedTarget="ip-172-31-16-198"
E0607 01:49:44.450351       1 event_broadcaster.go:270] "Server rejected event (will not retry!)" err="events.events.k8s.io is forbidden: User \"system:serviceaccount:kube-system:descheduler\" cannot create resource \"events\" in API group \"events.k8s.io\" in the namespace \"defrag-exp\"" event="&Event{ObjectMeta:{s2-mem-144-769fd78487-8dgcf.18b6a96c1af0b828  defrag-exp    0 0001-01-01 00:00:00 +0000 UTC <nil> <nil> map[] map[] [] [] []},EventTime:2026-06-07 01:49:44.445147354 +0000 UTC m=+0.643867414,Series:nil,ReportingController:sigs.k8s.io.descheduler,ReportingInstance:sigs.k8s.io.descheduler-descheduler-job-wh2vp,Action:Descheduled,Reason:ResourceDefragmentation,Regarding:{Pod defrag-exp s2-mem-144-769fd78487-8dgcf 07e5b092-2c28-447a-83c5-f1fe2ae2ef55 v1 338985 },Related:nil,Note:pod eviction from ip-172-31-6-144 node by sigs.k8s.io/descheduler,Type:Normal,DeprecatedSource:{ },DeprecatedFirstTimestamp:0001-01-01 00:00:00 +0000 UTC,DeprecatedLastTimestamp:0001-01-01 00:00:00 +0000 UTC,DeprecatedCount:0,}"
I0607 01:49:44.552994       1 evictions.go:558] "Evicted pod" pod="defrag-exp/s2-mem-146-7ff7c4f86f-6z5hs" reason="" strategy="ResourceDefragmentation" node="ip-172-31-31-146" profile="default"
I0607 01:49:44.553068       1 resourcedefragmentation.go:867] "Candidate score inputs" plugin="ResourceDefragmentation" pod="defrag-exp/s2-mem-146-7ff7c4f86f-lhjtz" originNode="ip-172-31-31-146" c1=0.022618932878791295 c2=0.8143656213442199 c3=0.2970598500859334 c4=0
I0607 01:49:44.553099       1 resourcedefragmentation.go:298] "Eviction decision" plugin="ResourceDefragmentation" ExtensionPoint="Balance" pod="defrag-exp/s2-mem-146-7ff7c4f86f-lhjtz" originNode="ip-172-31-31-146" predictedTarget="ip-172-31-16-198"
E0607 01:49:44.558116       1 event_broadcaster.go:270] "Server rejected event (will not retry!)" err="events.events.k8s.io is forbidden: User \"system:serviceaccount:kube-system:descheduler\" cannot create resource \"events\" in API group \"events.k8s.io\" in the namespace \"defrag-exp\"" event="&Event{ObjectMeta:{s2-mem-146-7ff7c4f86f-6z5hs.18b6a96c215ec11d  defrag-exp    0 0001-01-01 00:00:00 +0000 UTC <nil> <nil> map[] map[] [] [] []},EventTime:2026-06-07 01:49:44.553022989 +0000 UTC m=+0.751743043,Series:nil,ReportingController:sigs.k8s.io.descheduler,ReportingInstance:sigs.k8s.io.descheduler-descheduler-job-wh2vp,Action:Descheduled,Reason:ResourceDefragmentation,Regarding:{Pod defrag-exp s2-mem-146-7ff7c4f86f-6z5hs f088f5fd-0544-4891-b452-e269ed1bcc35 v1 338942 },Related:nil,Note:pod eviction from ip-172-31-31-146 node by sigs.k8s.io/descheduler,Type:Normal,DeprecatedSource:{ },DeprecatedFirstTimestamp:0001-01-01 00:00:00 +0000 UTC,DeprecatedLastTimestamp:0001-01-01 00:00:00 +0000 UTC,DeprecatedCount:0,}"
I0607 01:49:44.645355       1 evictions.go:558] "Evicted pod" pod="defrag-exp/s2-mem-146-7ff7c4f86f-lhjtz" reason="" strategy="ResourceDefragmentation" node="ip-172-31-31-146" profile="default"
I0607 01:49:44.645418       1 resourcedefragmentation.go:280] "Draining under-utilized node" plugin="ResourceDefragmentation" ExtensionPoint="Balance" node="ip-172-31-3-39" priority=1.878481330813836
I0607 01:49:44.645450       1 resourcedefragmentation.go:867] "Candidate score inputs" plugin="ResourceDefragmentation" pod="defrag-exp/s2-mem-39-6c9ff4fc6d-l9snb" originNode="ip-172-31-3-39" c1=0.044306341926411016 c2=0.5987774649887588 c3=0.2822694011168881 c4=0
I0607 01:49:44.645469       1 resourcedefragmentation.go:867] "Candidate score inputs" plugin="ResourceDefragmentation" pod="defrag-exp/s2-mem-39-6c9ff4fc6d-zln7l" originNode="ip-172-31-3-39" c1=0.044306341926411016 c2=0.5987774649887588 c3=0.2822694011168881 c4=0
I0607 01:49:44.645492       1 resourcedefragmentation.go:298] "Eviction decision" plugin="ResourceDefragmentation" ExtensionPoint="Balance" pod="defrag-exp/s2-mem-39-6c9ff4fc6d-l9snb" originNode="ip-172-31-3-39" predictedTarget="ip-172-31-19-34"
E0607 01:49:44.648175       1 event_broadcaster.go:270] "Server rejected event (will not retry!)" err="events.events.k8s.io is forbidden: User \"system:serviceaccount:kube-system:descheduler\" cannot create resource \"events\" in API group \"events.k8s.io\" in the namespace \"defrag-exp\"" event="&Event{ObjectMeta:{s2-mem-146-7ff7c4f86f-lhjtz.18b6a96c26dfedac  defrag-exp    0 0001-01-01 00:00:00 +0000 UTC <nil> <nil> map[] map[] [] [] []},EventTime:2026-06-07 01:49:44.645373877 +0000 UTC m=+0.844093930,Series:nil,ReportingController:sigs.k8s.io.descheduler,ReportingInstance:sigs.k8s.io.descheduler-descheduler-job-wh2vp,Action:Descheduled,Reason:ResourceDefragmentation,Regarding:{Pod defrag-exp s2-mem-146-7ff7c4f86f-lhjtz 34e96f7c-f175-4853-a1db-947d3afd4690 v1 338947 },Related:nil,Note:pod eviction from ip-172-31-31-146 node by sigs.k8s.io/descheduler,Type:Normal,DeprecatedSource:{ },DeprecatedFirstTimestamp:0001-01-01 00:00:00 +0000 UTC,DeprecatedLastTimestamp:0001-01-01 00:00:00 +0000 UTC,DeprecatedCount:0,}"
I0607 01:49:44.746917       1 evictions.go:558] "Evicted pod" pod="defrag-exp/s2-mem-39-6c9ff4fc6d-l9snb" reason="" strategy="ResourceDefragmentation" node="ip-172-31-3-39" profile="default"
I0607 01:49:44.747016       1 resourcedefragmentation.go:867] "Candidate score inputs" plugin="ResourceDefragmentation" pod="defrag-exp/s2-mem-39-6c9ff4fc6d-zln7l" originNode="ip-172-31-3-39" c1=0.02261856723418035 c2=0.8143656213442199 c3=0.29705854034276913 c4=0
I0607 01:49:44.747099       1 resourcedefragmentation.go:298] "Eviction decision" plugin="ResourceDefragmentation" ExtensionPoint="Balance" pod="defrag-exp/s2-mem-39-6c9ff4fc6d-zln7l" originNode="ip-172-31-3-39" predictedTarget="ip-172-31-19-34"
E0607 01:49:44.749669       1 event_broadcaster.go:270] "Server rejected event (will not retry!)" err="events.events.k8s.io is forbidden: User \"system:serviceaccount:kube-system:descheduler\" cannot create resource \"events\" in API group \"events.k8s.io\" in the namespace \"defrag-exp\"" event="&Event{ObjectMeta:{s2-mem-39-6c9ff4fc6d-l9snb.18b6a96c2cedc1a7  defrag-exp    0 0001-01-01 00:00:00 +0000 UTC <nil> <nil> map[] map[] [] [] []},EventTime:2026-06-07 01:49:44.746937062 +0000 UTC m=+0.945657120,Series:nil,ReportingController:sigs.k8s.io.descheduler,ReportingInstance:sigs.k8s.io.descheduler-descheduler-job-wh2vp,Action:Descheduled,Reason:ResourceDefragmentation,Regarding:{Pod defrag-exp s2-mem-39-6c9ff4fc6d-l9snb d159570b-9175-44d5-8a92-4212031407e6 v1 338902 },Related:nil,Note:pod eviction from ip-172-31-3-39 node by sigs.k8s.io/descheduler,Type:Normal,DeprecatedSource:{ },DeprecatedFirstTimestamp:0001-01-01 00:00:00 +0000 UTC,DeprecatedLastTimestamp:0001-01-01 00:00:00 +0000 UTC,DeprecatedCount:0,}"
I0607 01:49:44.805249       1 evictions.go:558] "Evicted pod" pod="defrag-exp/s2-mem-39-6c9ff4fc6d-zln7l" reason="" strategy="ResourceDefragmentation" node="ip-172-31-3-39" profile="default"
I0607 01:49:44.805387       1 profile.go:425] "Total number of evictions/requests" extension point="Balance" evictedPods=6 evictionRequests=0
I0607 01:49:44.805591       1 descheduler.go:252] "Number of evictions/requests" totalEvicted=6 evictionRequests=0
E0607 01:49:44.805848       1 event_broadcaster.go:279] "Unable to write event (may retry after sleeping)" err="client rate limiter Wait returned an error: context canceled"
I0607 01:49:44.806201       1 reflector.go:373] "Stopping reflector" type="*v1.Pod" resyncPeriod="0s" reflector="k8s.io/client-go/informers/factory.go:161"
I0607 01:49:44.806326       1 reflector.go:373] "Stopping reflector" type="*v1.Node" resyncPeriod="0s" reflector="k8s.io/client-go/informers/factory.go:161"
I0607 01:49:44.806366       1 reflector.go:373] "Stopping reflector" type="*v1.PersistentVolumeClaim" resyncPeriod="0s" reflector="k8s.io/client-go/informers/factory.go:161"
I0607 01:49:44.807930       1 secure_serving.go:259] Stopped listening on [::]:10258
