I0606 13:44:05.951561       1 feature_gate.go:466] feature gates: {map[]}
I0606 13:44:06.194417       1 secure_serving.go:57] Forcing use of http/1.1 only
I0606 13:44:06.194952       1 named_certificates.go:53] "Loaded SNI cert" index=0 certName="self-signed loopback" certDetail="\"apiserver-loopback-client@1780753446\" [serving] validServingFor=[apiserver-loopback-client] issuer=\"apiserver-loopback-client-ca@1780753446\" (2026-06-06 12:44:05 +0000 UTC to 2029-06-06 12:44:05 +0000 UTC (now=2026-06-06 13:44:06.194917142 +0000 UTC))"
I0606 13:44:06.195013       1 secure_serving.go:211] Serving securely on [::]:10258
I0606 13:44:06.195044       1 tracing.go:88] Did not find a trace collector endpoint defined. Switching to NoopTraceProvider
I0606 13:44:06.195096       1 tlsconfig.go:243] "Starting DynamicServingCertificateController"
I0606 13:44:06.195523       1 envvar.go:172] "Feature gate default state" feature="InOrderInformers" enabled=true
I0606 13:44:06.195550       1 envvar.go:172] "Feature gate default state" feature="InOrderInformersBatchProcess" enabled=true
I0606 13:44:06.195557       1 envvar.go:172] "Feature gate default state" feature="InformerResourceVersion" enabled=true
I0606 13:44:06.195563       1 envvar.go:172] "Feature gate default state" feature="WatchListClient" enabled=true
I0606 13:44:06.195569       1 envvar.go:172] "Feature gate default state" feature="ClientsAllowCBOR" enabled=false
I0606 13:44:06.195575       1 envvar.go:172] "Feature gate default state" feature="ClientsPreferCBOR" enabled=false
W0606 13:44:06.204083       1 descheduler.go:333] failed to convert Descheduler minor version '' to float: strconv.ParseFloat: parsing "": invalid syntax
I0606 13:44:06.214364       1 reflector.go:367] "Starting reflector" type="*v1.Pod" resyncPeriod="0s" reflector="k8s.io/client-go/informers/factory.go:161"
I0606 13:44:06.214403       1 reflector.go:411] "Listing and watching" type="*v1.Pod" reflector="k8s.io/client-go/informers/factory.go:161"
I0606 13:44:06.214380       1 reflector.go:367] "Starting reflector" type="*v1.Node" resyncPeriod="0s" reflector="k8s.io/client-go/informers/factory.go:161"
I0606 13:44:06.214753       1 reflector.go:411] "Listing and watching" type="*v1.Node" reflector="k8s.io/client-go/informers/factory.go:161"
I0606 13:44:06.214914       1 reflector.go:367] "Starting reflector" type="*v1.PersistentVolumeClaim" resyncPeriod="0s" reflector="k8s.io/client-go/informers/factory.go:161"
I0606 13:44:06.215046       1 reflector.go:411] "Listing and watching" type="*v1.PersistentVolumeClaim" reflector="k8s.io/client-go/informers/factory.go:161"
I0606 13:44:06.221190       1 reflector.go:978] "Exiting watch because received the bookmark that marks the end of initial events stream" reflector="k8s.io/client-go/informers/factory.go:161" totalItems=8 duration="6.410272ms"
I0606 13:44:06.221254       1 reflector.go:446] "Caches populated" type="*v1.Node" reflector="k8s.io/client-go/informers/factory.go:161"
I0606 13:44:06.221598       1 reflector.go:978] "Exiting watch because received the bookmark that marks the end of initial events stream" reflector="k8s.io/client-go/informers/factory.go:161" totalItems=1 duration="6.458902ms"
I0606 13:44:06.221625       1 reflector.go:446] "Caches populated" type="*v1.PersistentVolumeClaim" reflector="k8s.io/client-go/informers/factory.go:161"
I0606 13:44:06.224249       1 reflector.go:978] "Exiting watch because received the bookmark that marks the end of initial events stream" reflector="k8s.io/client-go/informers/factory.go:161" totalItems=28 duration="9.818317ms"
I0606 13:44:06.224324       1 reflector.go:446] "Caches populated" type="*v1.Pod" reflector="k8s.io/client-go/informers/factory.go:161"
I0606 13:44:06.315458       1 descheduler.go:235] Resetting pod evictor counters
I0606 13:44:06.315527       1 resourcedefragmentation.go:178] "Starting resource defragmentation balance pass" plugin="ResourceDefragmentation" ExtensionPoint="Balance" nodeCount=7
I0606 13:44:06.315561       1 resourcedefragmentation.go:185] "Skipping control-plane node" plugin="ResourceDefragmentation" ExtensionPoint="Balance" node="ip-172-31-84-108"
I0606 13:44:06.315624       1 resourcedefragmentation.go:219] "Node state" plugin="ResourceDefragmentation" ExtensionPoint="Balance" node="ip-172-31-1-245" avgUtilization=0.1644280225150831 minUtilization=0.07 binScore=0.4877859887424585 usageSource="requests"
I0606 13:44:06.315693       1 resourcedefragmentation.go:219] "Node state" plugin="ResourceDefragmentation" ExtensionPoint="Balance" node="ip-172-31-16-198" avgUtilization=0.8778654576615523 minUtilization=0.8257309153231047 binScore=0.8867981864923284 usageSource="requests"
I0606 13:44:06.315835       1 resourcedefragmentation.go:219] "Node state" plugin="ResourceDefragmentation" ExtensionPoint="Balance" node="ip-172-31-19-34" avgUtilization=0.055810706720585405 minUtilization=0.05 binScore=0.5220946466397073 usageSource="requests"
I0606 13:44:06.315876       1 resourcedefragmentation.go:219] "Node state" plugin="ResourceDefragmentation" ExtensionPoint="Balance" node="ip-172-31-3-39" avgUtilization=0.778214904679376 minUtilization=0.7764298093587522 binScore=0.887322357019064 usageSource="requests"
I0606 13:44:06.315916       1 resourcedefragmentation.go:219] "Node state" plugin="ResourceDefragmentation" ExtensionPoint="Balance" node="ip-172-31-31-146" avgUtilization=0.05581100337958193 minUtilization=0.05 binScore=0.522094498310209 usageSource="requests"
I0606 13:44:06.315937       1 resourcedefragmentation.go:219] "Node state" plugin="ResourceDefragmentation" ExtensionPoint="Balance" node="ip-172-31-6-144" avgUtilization=0.05581115171122249 minUtilization=0.05 binScore=0.5220944241443888 usageSource="requests"
I0606 13:44:06.315974       1 resourcedefragmentation.go:257] "Node is a drain candidate" plugin="ResourceDefragmentation" ExtensionPoint="Balance" node="ip-172-31-1-245" avgUtilization=0.1644280225150831 binScore=0.4877859887424585 imbalanceIndex=-0.18885604503016618 freeSpaceIndex=0.6892638781219456 priority=0.8198396040559891
I0606 13:44:06.316003       1 resourcedefragmentation.go:280] "Draining under-utilized node" plugin="ResourceDefragmentation" ExtensionPoint="Balance" node="ip-172-31-1-245" priority=0.8198396040559891
I0606 13:44:06.316026       1 resourcedefragmentation.go:867] "Candidate score inputs" plugin="ResourceDefragmentation" pod="defrag-exp/s5-mem-245-76b5b55d77-q8dbl" originNode="ip-172-31-1-245" c1=0.006601028000727896 c2=-999.9 c3=0.2021853497878979 c4=0
I0606 13:44:06.316051       1 resourcedefragmentation.go:294] "No feasible scheduler target within ceiling; leaving pod in place" plugin="ResourceDefragmentation" ExtensionPoint="Balance" pod="defrag-exp/s5-mem-245-76b5b55d77-q8dbl" originNode="ip-172-31-1-245"
I0606 13:44:06.316091       1 profile.go:425] "Total number of evictions/requests" extension point="Balance" evictedPods=0 evictionRequests=0
I0606 13:44:06.316116       1 descheduler.go:252] "Number of evictions/requests" totalEvicted=0 evictionRequests=0
I0606 13:44:06.316304       1 reflector.go:373] "Stopping reflector" type="*v1.Pod" resyncPeriod="0s" reflector="k8s.io/client-go/informers/factory.go:161"
I0606 13:44:06.316437       1 reflector.go:373] "Stopping reflector" type="*v1.PersistentVolumeClaim" resyncPeriod="0s" reflector="k8s.io/client-go/informers/factory.go:161"
I0606 13:44:06.316551       1 reflector.go:373] "Stopping reflector" type="*v1.Node" resyncPeriod="0s" reflector="k8s.io/client-go/informers/factory.go:161"
I0606 13:44:06.316952       1 tlsconfig.go:258] "Shutting down DynamicServingCertificateController"
I0606 13:44:06.317134       1 secure_serving.go:259] Stopped listening on [::]:10258
