I0607 06:15:53.948880       1 feature_gate.go:466] feature gates: {map[]}
I0607 06:15:54.094798       1 secure_serving.go:57] Forcing use of http/1.1 only
I0607 06:15:54.096055       1 named_certificates.go:53] "Loaded SNI cert" index=0 certName="self-signed loopback" certDetail="\"apiserver-loopback-client@1780812954\" [serving] validServingFor=[apiserver-loopback-client] issuer=\"apiserver-loopback-client-ca@1780812953\" (2026-06-07 05:15:53 +0000 UTC to 2029-06-07 05:15:53 +0000 UTC (now=2026-06-07 06:15:54.095218753 +0000 UTC))"
I0607 06:15:54.096119       1 secure_serving.go:211] Serving securely on [::]:10258
I0607 06:15:54.096262       1 tlsconfig.go:243] "Starting DynamicServingCertificateController"
I0607 06:15:54.097115       1 tracing.go:88] Did not find a trace collector endpoint defined. Switching to NoopTraceProvider
I0607 06:15:54.098542       1 envvar.go:172] "Feature gate default state" feature="WatchListClient" enabled=true
I0607 06:15:54.098581       1 envvar.go:172] "Feature gate default state" feature="ClientsAllowCBOR" enabled=false
I0607 06:15:54.098590       1 envvar.go:172] "Feature gate default state" feature="ClientsPreferCBOR" enabled=false
I0607 06:15:54.098597       1 envvar.go:172] "Feature gate default state" feature="InOrderInformers" enabled=true
I0607 06:15:54.098604       1 envvar.go:172] "Feature gate default state" feature="InOrderInformersBatchProcess" enabled=true
I0607 06:15:54.098610       1 envvar.go:172] "Feature gate default state" feature="InformerResourceVersion" enabled=true
W0607 06:15:54.107438       1 descheduler.go:333] failed to convert Descheduler minor version '' to float: strconv.ParseFloat: parsing "": invalid syntax
I0607 06:15:54.116786       1 reflector.go:367] "Starting reflector" type="*v1.Node" resyncPeriod="0s" reflector="k8s.io/client-go/informers/factory.go:161"
I0607 06:15:54.116882       1 reflector.go:411] "Listing and watching" type="*v1.Node" reflector="k8s.io/client-go/informers/factory.go:161"
I0607 06:15:54.117353       1 reflector.go:367] "Starting reflector" type="*v1.Pod" resyncPeriod="0s" reflector="k8s.io/client-go/informers/factory.go:161"
I0607 06:15:54.117374       1 reflector.go:411] "Listing and watching" type="*v1.Pod" reflector="k8s.io/client-go/informers/factory.go:161"
I0607 06:15:54.117651       1 reflector.go:367] "Starting reflector" type="*v1.PersistentVolumeClaim" resyncPeriod="0s" reflector="k8s.io/client-go/informers/factory.go:161"
I0607 06:15:54.117662       1 reflector.go:411] "Listing and watching" type="*v1.PersistentVolumeClaim" reflector="k8s.io/client-go/informers/factory.go:161"
I0607 06:15:54.122200       1 reflector.go:446] "Caches populated" type="*v1.Node" reflector="k8s.io/client-go/informers/factory.go:161"
I0607 06:15:54.127160       1 reflector.go:446] "Caches populated" type="*v1.Pod" reflector="k8s.io/client-go/informers/factory.go:161"
I0607 06:15:54.136575       1 reflector.go:446] "Caches populated" type="*v1.PersistentVolumeClaim" reflector="k8s.io/client-go/informers/factory.go:161"
I0607 06:15:54.217644       1 descheduler.go:235] Resetting pod evictor counters
I0607 06:15:54.217881       1 resourcedefragmentationc2.go:129] "Starting ResourceDefragmentationC2 balance pass" plugin="ResourceDefragmentationC2" ExtensionPoint="Balance" nodeCount=7
I0607 06:15:54.218057       1 resourcedefragmentationc2.go:205] "Eviction decision" plugin="ResourceDefragmentationC2" ExtensionPoint="Balance" pod="defrag-exp/s5-memskew-34-765f6f88c9-j5498" originNode="ip-172-31-19-34" predictedTarget="ip-172-31-16-198"
I0607 06:15:54.243954       1 evictions.go:558] "Evicted pod" pod="defrag-exp/s5-memskew-34-765f6f88c9-j5498" reason="" strategy="ResourceDefragmentationC2" node="ip-172-31-19-34" profile="default"
I0607 06:15:54.244211       1 resourcedefragmentationc2.go:205] "Eviction decision" plugin="ResourceDefragmentationC2" ExtensionPoint="Balance" pod="defrag-exp/s5-bal-245-7f97dc5789-9s8sq" originNode="ip-172-31-1-245" predictedTarget="ip-172-31-16-198"
E0607 06:15:54.249024       1 event_broadcaster.go:270] "Server rejected event (will not retry!)" err="events.events.k8s.io is forbidden: User \"system:serviceaccount:kube-system:descheduler\" cannot create resource \"events\" in API group \"events.k8s.io\" in the namespace \"defrag-exp\"" event="&Event{ObjectMeta:{s5-memskew-34-765f6f88c9-j5498.18b6b7f25d22e55c  defrag-exp    0 0001-01-01 00:00:00 +0000 UTC <nil> <nil> map[] map[] [] [] []},EventTime:2026-06-07 06:15:54.244134255 +0000 UTC m=+0.448069648,Series:nil,ReportingController:sigs.k8s.io.descheduler,ReportingInstance:sigs.k8s.io.descheduler-descheduler-job-rgbcb,Action:Descheduled,Reason:ResourceDefragmentationC2,Regarding:{Pod defrag-exp s5-memskew-34-765f6f88c9-j5498 9edf524f-0583-475f-85f1-4ac5da65c591 v1 382416 },Related:nil,Note:pod eviction from ip-172-31-19-34 node by sigs.k8s.io/descheduler,Type:Normal,DeprecatedSource:{ },DeprecatedFirstTimestamp:0001-01-01 00:00:00 +0000 UTC,DeprecatedLastTimestamp:0001-01-01 00:00:00 +0000 UTC,DeprecatedCount:0,}"
I0607 06:15:54.353995       1 evictions.go:558] "Evicted pod" pod="defrag-exp/s5-bal-245-7f97dc5789-9s8sq" reason="" strategy="ResourceDefragmentationC2" node="ip-172-31-1-245" profile="default"
I0607 06:15:54.354081       1 resourcedefragmentationc2.go:205] "Eviction decision" plugin="ResourceDefragmentationC2" ExtensionPoint="Balance" pod="defrag-exp/s5-cpu-245-7cc476ccfd-pr2js" originNode="ip-172-31-1-245" predictedTarget="ip-172-31-3-39"
E0607 06:15:54.359233       1 event_broadcaster.go:270] "Server rejected event (will not retry!)" err="events.events.k8s.io is forbidden: User \"system:serviceaccount:kube-system:descheduler\" cannot create resource \"events\" in API group \"events.k8s.io\" in the namespace \"defrag-exp\"" event="&Event{ObjectMeta:{s5-bal-245-7f97dc5789-9s8sq.18b6b7f263afbf03  defrag-exp    0 0001-01-01 00:00:00 +0000 UTC <nil> <nil> map[] map[] [] [] []},EventTime:2026-06-07 06:15:54.35401738 +0000 UTC m=+0.557952785,Series:nil,ReportingController:sigs.k8s.io.descheduler,ReportingInstance:sigs.k8s.io.descheduler-descheduler-job-rgbcb,Action:Descheduled,Reason:ResourceDefragmentationC2,Regarding:{Pod defrag-exp s5-bal-245-7f97dc5789-9s8sq f2b019a5-f4e4-45f8-89c1-90b32d6a8b2d v1 382364 },Related:nil,Note:pod eviction from ip-172-31-1-245 node by sigs.k8s.io/descheduler,Type:Normal,DeprecatedSource:{ },DeprecatedFirstTimestamp:0001-01-01 00:00:00 +0000 UTC,DeprecatedLastTimestamp:0001-01-01 00:00:00 +0000 UTC,DeprecatedCount:0,}"
I0607 06:15:54.448746       1 evictions.go:558] "Evicted pod" pod="defrag-exp/s5-cpu-245-7cc476ccfd-pr2js" reason="" strategy="ResourceDefragmentationC2" node="ip-172-31-1-245" profile="default"
I0607 06:15:54.448846       1 profile.go:425] "Total number of evictions/requests" extension point="Balance" evictedPods=3 evictionRequests=0
I0607 06:15:54.448890       1 descheduler.go:252] "Number of evictions/requests" totalEvicted=3 evictionRequests=0
E0607 06:15:54.449288       1 event_broadcaster.go:279] "Unable to write event (may retry after sleeping)" err="client rate limiter Wait returned an error: context canceled"
I0607 06:15:54.449328       1 reflector.go:373] "Stopping reflector" type="*v1.Pod" resyncPeriod="0s" reflector="k8s.io/client-go/informers/factory.go:161"
I0607 06:15:54.449356       1 reflector.go:373] "Stopping reflector" type="*v1.PersistentVolumeClaim" resyncPeriod="0s" reflector="k8s.io/client-go/informers/factory.go:161"
I0607 06:15:54.449388       1 reflector.go:373] "Stopping reflector" type="*v1.Node" resyncPeriod="0s" reflector="k8s.io/client-go/informers/factory.go:161"
I0607 06:15:54.449591       1 tlsconfig.go:258] "Shutting down DynamicServingCertificateController"
I0607 06:15:54.449706       1 secure_serving.go:259] Stopped listening on [::]:10258
