I0607 05:49:35.562729       1 feature_gate.go:466] feature gates: {map[]}
I0607 05:49:35.830140       1 secure_serving.go:57] Forcing use of http/1.1 only
I0607 05:49:35.832307       1 named_certificates.go:53] "Loaded SNI cert" index=0 certName="self-signed loopback" certDetail="\"apiserver-loopback-client@1780811375\" [serving] validServingFor=[apiserver-loopback-client] issuer=\"apiserver-loopback-client-ca@1780811375\" (2026-06-07 04:49:35 +0000 UTC to 2029-06-07 04:49:35 +0000 UTC (now=2026-06-07 05:49:35.830609163 +0000 UTC))"
I0607 05:49:35.832360       1 secure_serving.go:211] Serving securely on [::]:10258
I0607 05:49:35.832459       1 tlsconfig.go:243] "Starting DynamicServingCertificateController"
I0607 05:49:35.833400       1 tracing.go:88] Did not find a trace collector endpoint defined. Switching to NoopTraceProvider
I0607 05:49:35.836896       1 envvar.go:172] "Feature gate default state" feature="InOrderInformersBatchProcess" enabled=true
I0607 05:49:35.836932       1 envvar.go:172] "Feature gate default state" feature="InformerResourceVersion" enabled=true
I0607 05:49:35.836941       1 envvar.go:172] "Feature gate default state" feature="WatchListClient" enabled=true
I0607 05:49:35.836947       1 envvar.go:172] "Feature gate default state" feature="ClientsAllowCBOR" enabled=false
I0607 05:49:35.836953       1 envvar.go:172] "Feature gate default state" feature="ClientsPreferCBOR" enabled=false
I0607 05:49:35.836960       1 envvar.go:172] "Feature gate default state" feature="InOrderInformers" enabled=true
W0607 05:49:35.881915       1 descheduler.go:333] failed to convert Descheduler minor version '' to float: strconv.ParseFloat: parsing "": invalid syntax
I0607 05:49:35.895750       1 reflector.go:367] "Starting reflector" type="*v1.PersistentVolumeClaim" resyncPeriod="0s" reflector="k8s.io/client-go/informers/factory.go:161"
I0607 05:49:35.895779       1 reflector.go:411] "Listing and watching" type="*v1.PersistentVolumeClaim" reflector="k8s.io/client-go/informers/factory.go:161"
I0607 05:49:35.895833       1 reflector.go:367] "Starting reflector" type="*v1.Pod" resyncPeriod="0s" reflector="k8s.io/client-go/informers/factory.go:161"
I0607 05:49:35.895845       1 reflector.go:411] "Listing and watching" type="*v1.Pod" reflector="k8s.io/client-go/informers/factory.go:161"
I0607 05:49:35.895758       1 reflector.go:367] "Starting reflector" type="*v1.Node" resyncPeriod="0s" reflector="k8s.io/client-go/informers/factory.go:161"
I0607 05:49:35.899294       1 reflector.go:411] "Listing and watching" type="*v1.Node" reflector="k8s.io/client-go/informers/factory.go:161"
I0607 05:49:35.905940       1 reflector.go:446] "Caches populated" type="*v1.PersistentVolumeClaim" reflector="k8s.io/client-go/informers/factory.go:161"
I0607 05:49:35.910922       1 reflector.go:446] "Caches populated" type="*v1.Node" reflector="k8s.io/client-go/informers/factory.go:161"
I0607 05:49:35.913361       1 reflector.go:446] "Caches populated" type="*v1.Pod" reflector="k8s.io/client-go/informers/factory.go:161"
I0607 05:49:35.995318       1 descheduler.go:235] Resetting pod evictor counters
I0607 05:49:35.995406       1 resourcedefragmentation.go:178] "Starting resource defragmentation balance pass" plugin="ResourceDefragmentation" ExtensionPoint="Balance" nodeCount=7
I0607 05:49:35.995488       1 resourcedefragmentation.go:219] "Node state" plugin="ResourceDefragmentation" ExtensionPoint="Balance" node="ip-172-31-3-39" avgUtilization=0.8868161970373152 minUtilization=0.8 binScore=0.8565919014813423 usageSource="requests"
I0607 05:49:35.995529       1 resourcedefragmentation.go:219] "Node state" plugin="ResourceDefragmentation" ExtensionPoint="Balance" node="ip-172-31-31-146" avgUtilization=0.055810855049369584 minUtilization=0.05 binScore=0.5220945724753152 usageSource="requests"
I0607 05:49:35.995552       1 resourcedefragmentation.go:219] "Node state" plugin="ResourceDefragmentation" ExtensionPoint="Balance" node="ip-172-31-6-144" avgUtilization=0.055816047456713085 minUtilization=0.05 binScore=0.5220919762716434 usageSource="requests"
I0607 05:49:35.995577       1 resourcedefragmentation.go:185] "Skipping control-plane node" plugin="ResourceDefragmentation" ExtensionPoint="Balance" node="ip-172-31-84-108"
I0607 05:49:35.995598       1 resourcedefragmentation.go:219] "Node state" plugin="ResourceDefragmentation" ExtensionPoint="Balance" node="ip-172-31-1-245" avgUtilization=0.16814267417169437 minUtilization=0.08628534834338872 binScore=0.5022140112575415 usageSource="requests"
I0607 05:49:35.995612       1 resourcedefragmentation.go:219] "Node state" plugin="ResourceDefragmentation" ExtensionPoint="Balance" node="ip-172-31-16-198" avgUtilization=0.7655449722458922 minUtilization=0.73 binScore=0.8472275138770539 usageSource="requests"
I0607 05:49:35.995638       1 resourcedefragmentation.go:219] "Node state" plugin="ResourceDefragmentation" ExtensionPoint="Balance" node="ip-172-31-19-34" avgUtilization=0.055810855049369584 minUtilization=0.05 binScore=0.5220945724753152 usageSource="requests"
I0607 05:49:35.995758       1 resourcedefragmentation.go:257] "Node is a drain candidate" plugin="ResourceDefragmentation" ExtensionPoint="Balance" node="ip-172-31-1-245" avgUtilization=0.16814267417169437 binScore=0.5022140112575415 imbalanceIndex=0.16371465165661128 freeSpaceIndex=0.6852859887424585 priority=0.8114797143504585
I0607 05:49:35.995832       1 resourcedefragmentation.go:280] "Draining under-utilized node" plugin="ResourceDefragmentation" ExtensionPoint="Balance" node="ip-172-31-1-245" priority=0.8114797143504585
I0607 05:49:35.995912       1 resourcedefragmentation.go:867] "Candidate score inputs" plugin="ResourceDefragmentation" pod="defrag-exp/s5-cpu-245-7cc476ccfd-5db62" originNode="ip-172-31-1-245" c1=0.005741376023572609 c2=-999.9 c3=0.20616323916738494 c4=0
I0607 05:49:35.995943       1 resourcedefragmentation.go:294] "No feasible scheduler target within ceiling; leaving pod in place" plugin="ResourceDefragmentation" ExtensionPoint="Balance" pod="defrag-exp/s5-cpu-245-7cc476ccfd-5db62" originNode="ip-172-31-1-245"
I0607 05:49:35.996002       1 profile.go:425] "Total number of evictions/requests" extension point="Balance" evictedPods=0 evictionRequests=0
I0607 05:49:35.996061       1 descheduler.go:252] "Number of evictions/requests" totalEvicted=0 evictionRequests=0
I0607 05:49:35.996197       1 reflector.go:373] "Stopping reflector" type="*v1.Pod" resyncPeriod="0s" reflector="k8s.io/client-go/informers/factory.go:161"
I0607 05:49:35.996237       1 reflector.go:373] "Stopping reflector" type="*v1.Node" resyncPeriod="0s" reflector="k8s.io/client-go/informers/factory.go:161"
I0607 05:49:35.996282       1 reflector.go:373] "Stopping reflector" type="*v1.PersistentVolumeClaim" resyncPeriod="0s" reflector="k8s.io/client-go/informers/factory.go:161"
I0607 05:49:35.996697       1 secure_serving.go:259] Stopped listening on [::]:10258
