I0607 01:57:06.250110       1 feature_gate.go:466] feature gates: {map[]}
I0607 01:57:06.583759       1 secure_serving.go:57] Forcing use of http/1.1 only
I0607 01:57:06.584131       1 named_certificates.go:53] "Loaded SNI cert" index=0 certName="self-signed loopback" certDetail="\"apiserver-loopback-client@1780797426\" [serving] validServingFor=[apiserver-loopback-client] issuer=\"apiserver-loopback-client-ca@1780797426\" (2026-06-07 00:57:06 +0000 UTC to 2029-06-07 00:57:06 +0000 UTC (now=2026-06-07 01:57:06.584085867 +0000 UTC))"
I0607 01:57:06.584180       1 secure_serving.go:211] Serving securely on [::]:10258
I0607 01:57:06.584198       1 tracing.go:88] Did not find a trace collector endpoint defined. Switching to NoopTraceProvider
I0607 01:57:06.584258       1 tlsconfig.go:243] "Starting DynamicServingCertificateController"
I0607 01:57:06.584544       1 envvar.go:172] "Feature gate default state" feature="WatchListClient" enabled=true
I0607 01:57:06.584566       1 envvar.go:172] "Feature gate default state" feature="ClientsAllowCBOR" enabled=false
I0607 01:57:06.584574       1 envvar.go:172] "Feature gate default state" feature="ClientsPreferCBOR" enabled=false
I0607 01:57:06.584580       1 envvar.go:172] "Feature gate default state" feature="InOrderInformers" enabled=true
I0607 01:57:06.584586       1 envvar.go:172] "Feature gate default state" feature="InOrderInformersBatchProcess" enabled=true
I0607 01:57:06.584592       1 envvar.go:172] "Feature gate default state" feature="InformerResourceVersion" enabled=true
W0607 01:57:06.594339       1 descheduler.go:333] failed to convert Descheduler minor version '' to float: strconv.ParseFloat: parsing "": invalid syntax
I0607 01:57:06.602649       1 reflector.go:367] "Starting reflector" type="*v1.PersistentVolumeClaim" resyncPeriod="0s" reflector="k8s.io/client-go/informers/factory.go:161"
I0607 01:57:06.602921       1 reflector.go:411] "Listing and watching" type="*v1.PersistentVolumeClaim" reflector="k8s.io/client-go/informers/factory.go:161"
I0607 01:57:06.602649       1 reflector.go:367] "Starting reflector" type="*v1.Pod" resyncPeriod="0s" reflector="k8s.io/client-go/informers/factory.go:161"
I0607 01:57:06.603083       1 reflector.go:411] "Listing and watching" type="*v1.Pod" reflector="k8s.io/client-go/informers/factory.go:161"
I0607 01:57:06.602826       1 reflector.go:367] "Starting reflector" type="*v1.Node" resyncPeriod="0s" reflector="k8s.io/client-go/informers/factory.go:161"
I0607 01:57:06.605462       1 reflector.go:411] "Listing and watching" type="*v1.Node" reflector="k8s.io/client-go/informers/factory.go:161"
I0607 01:57:06.608867       1 reflector.go:446] "Caches populated" type="*v1.PersistentVolumeClaim" reflector="k8s.io/client-go/informers/factory.go:161"
I0607 01:57:06.613881       1 reflector.go:446] "Caches populated" type="*v1.Node" reflector="k8s.io/client-go/informers/factory.go:161"
I0607 01:57:06.622226       1 reflector.go:446] "Caches populated" type="*v1.Pod" reflector="k8s.io/client-go/informers/factory.go:161"
I0607 01:57:06.703069       1 descheduler.go:235] Resetting pod evictor counters
I0607 01:57:06.703144       1 resourcedefragmentation.go:158] "Starting resource defragmentation balance pass" plugin="ResourceDefragmentation" ExtensionPoint="Balance" nodeCount=7
I0607 01:57:06.703198       1 resourcedefragmentation.go:199] "Node state" plugin="ResourceDefragmentation" ExtensionPoint="Balance" node="ip-172-31-1-245" avgUtilization=0.30408097918462274 minUtilization=0.3 binScore=0.6479595104076887 usageSource="requests"
I0607 01:57:06.703229       1 resourcedefragmentation.go:199] "Node state" plugin="ResourceDefragmentation" ExtensionPoint="Balance" node="ip-172-31-16-198" avgUtilization=0.3040542752468479 minUtilization=0.3 binScore=0.6479728623765761 usageSource="requests"
I0607 01:57:06.703245       1 resourcedefragmentation.go:199] "Node state" plugin="ResourceDefragmentation" ExtensionPoint="Balance" node="ip-172-31-19-34" avgUtilization=0.4554595390888653 minUtilization=0.11091907817773049 binScore=0.38318930863329786 usageSource="requests"
I0607 01:57:06.703263       1 resourcedefragmentation.go:199] "Node state" plugin="ResourceDefragmentation" ExtensionPoint="Balance" node="ip-172-31-3-39" avgUtilization=0.4554592720970537 minUtilization=0.11091854419410745 binScore=0.38318890814558054 usageSource="requests"
I0607 01:57:06.703279       1 resourcedefragmentation.go:199] "Node state" plugin="ResourceDefragmentation" ExtensionPoint="Balance" node="ip-172-31-31-146" avgUtilization=0.8501897996813002 minUtilization=0.85 binScore=0.9249051001593498 usageSource="requests"
I0607 01:57:06.703370       1 resourcedefragmentation.go:199] "Node state" plugin="ResourceDefragmentation" ExtensionPoint="Balance" node="ip-172-31-6-144" avgUtilization=0.850265550216196 minUtilization=0.85 binScore=0.9248672248919021 usageSource="requests"
I0607 01:57:06.703449       1 resourcedefragmentation.go:165] "Skipping control-plane node" plugin="ResourceDefragmentation" ExtensionPoint="Balance" node="ip-172-31-84-108"
I0607 01:57:06.703567       1 resourcedefragmentation.go:237] "Node is a drain candidate" plugin="ResourceDefragmentation" ExtensionPoint="Balance" node="ip-172-31-1-245" avgUtilization=0.30408097918462274 binScore=0.6479595104076887 imbalanceIndex=-0.008161958369245437 freeSpaceIndex=0.48428662914152815 priority=1.0365274061757654
I0607 01:57:06.703602       1 resourcedefragmentation.go:237] "Node is a drain candidate" plugin="ResourceDefragmentation" ExtensionPoint="Balance" node="ip-172-31-16-198" avgUtilization=0.3040542752468479 binScore=0.6479728623765761 imbalanceIndex=-0.008108550493695799 freeSpaceIndex=0.48432401465441294 priority=1.036421006542499
I0607 01:57:06.703677       1 resourcedefragmentation.go:237] "Node is a drain candidate" plugin="ResourceDefragmentation" ExtensionPoint="Balance" node="ip-172-31-19-34" avgUtilization=0.4554595390888653 binScore=0.38318930863329786 imbalanceIndex=0.6890809218222695 freeSpaceIndex=0.1778161843644539 priority=3.15643298636318
I0607 01:57:06.703727       1 resourcedefragmentation.go:237] "Node is a drain candidate" plugin="ResourceDefragmentation" ExtensionPoint="Balance" node="ip-172-31-3-39" avgUtilization=0.4554592720970537 binScore=0.38318890814558054 imbalanceIndex=0.6890814558058926 freeSpaceIndex=0.17781629116117853 priority=3.1564315645282273
I0607 01:57:06.703797       1 resourcedefragmentation.go:260] "Draining under-utilized node" plugin="ResourceDefragmentation" ExtensionPoint="Balance" node="ip-172-31-19-34" priority=3.15643298636318
I0607 01:57:06.703851       1 resourcedefragmentation.go:757] "Candidate score inputs" plugin="ResourceDefragmentation" pod="defrag-exp/s3-cpu-34-848456d98d-mv9lr" originNode="ip-172-31-19-34" c1=0.09053265291139108 c2=-999.9 c3=0.3475783390060611 c4=0
I0607 01:57:06.703871       1 resourcedefragmentation.go:757] "Candidate score inputs" plugin="ResourceDefragmentation" pod="defrag-exp/s3-cpu-34-848456d98d-jhk4g" originNode="ip-172-31-19-34" c1=0.09053265291139108 c2=-999.9 c3=0.3475783390060611 c4=0
I0607 01:57:06.703892       1 resourcedefragmentation.go:274] "No feasible scheduler target within ceiling; leaving pod in place" plugin="ResourceDefragmentation" ExtensionPoint="Balance" pod="defrag-exp/s3-cpu-34-848456d98d-mv9lr" originNode="ip-172-31-19-34"
I0607 01:57:06.703939       1 resourcedefragmentation.go:757] "Candidate score inputs" plugin="ResourceDefragmentation" pod="defrag-exp/s3-cpu-34-848456d98d-jhk4g" originNode="ip-172-31-19-34" c1=0.09053265291139108 c2=-999.9 c3=0.3475783390060611 c4=0
I0607 01:57:06.703958       1 resourcedefragmentation.go:274] "No feasible scheduler target within ceiling; leaving pod in place" plugin="ResourceDefragmentation" ExtensionPoint="Balance" pod="defrag-exp/s3-cpu-34-848456d98d-jhk4g" originNode="ip-172-31-19-34"
I0607 01:57:06.703975       1 resourcedefragmentation.go:260] "Draining under-utilized node" plugin="ResourceDefragmentation" ExtensionPoint="Balance" node="ip-172-31-3-39" priority=3.1564315645282273
I0607 01:57:06.704029       1 resourcedefragmentation.go:757] "Candidate score inputs" plugin="ResourceDefragmentation" pod="defrag-exp/s3-cpu-39-694f845c9f-xmpbk" originNode="ip-172-31-3-39" c1=0.09053275373027483 c2=-999.9 c3=0.347578471018679 c4=0
I0607 01:57:06.704043       1 resourcedefragmentation.go:757] "Candidate score inputs" plugin="ResourceDefragmentation" pod="defrag-exp/s3-cpu-39-694f845c9f-nx52x" originNode="ip-172-31-3-39" c1=0.09053275373027483 c2=-999.9 c3=0.347578471018679 c4=0
I0607 01:57:06.704063       1 resourcedefragmentation.go:274] "No feasible scheduler target within ceiling; leaving pod in place" plugin="ResourceDefragmentation" ExtensionPoint="Balance" pod="defrag-exp/s3-cpu-39-694f845c9f-xmpbk" originNode="ip-172-31-3-39"
I0607 01:57:06.704075       1 resourcedefragmentation.go:757] "Candidate score inputs" plugin="ResourceDefragmentation" pod="defrag-exp/s3-cpu-39-694f845c9f-nx52x" originNode="ip-172-31-3-39" c1=0.09053275373027483 c2=-999.9 c3=0.347578471018679 c4=0
I0607 01:57:06.704092       1 resourcedefragmentation.go:274] "No feasible scheduler target within ceiling; leaving pod in place" plugin="ResourceDefragmentation" ExtensionPoint="Balance" pod="defrag-exp/s3-cpu-39-694f845c9f-nx52x" originNode="ip-172-31-3-39"
I0607 01:57:06.704107       1 resourcedefragmentation.go:260] "Draining under-utilized node" plugin="ResourceDefragmentation" ExtensionPoint="Balance" node="ip-172-31-1-245" priority=1.0365274061757654
I0607 01:57:06.704123       1 resourcedefragmentation.go:757] "Candidate score inputs" plugin="ResourceDefragmentation" pod="defrag-exp/s3-under-245-574b8b4b46-mwv4d" originNode="ip-172-31-1-245" c1=-0.0000017703457597136126 c2=0.7109120073272065 c3=0.1881732014656953 c4=0
I0607 01:57:06.704200       1 resourcedefragmentation.go:757] "Candidate score inputs" plugin="ResourceDefragmentation" pod="defrag-exp/s3-under-245-574b8b4b46-ddq9g" originNode="ip-172-31-1-245" c1=-0.0000017703457597136126 c2=0.7109120073272065 c3=0.1881732014656953 c4=0
I0607 01:57:06.704221       1 resourcedefragmentation.go:278] "Eviction decision" plugin="ResourceDefragmentation" ExtensionPoint="Balance" pod="defrag-exp/s3-under-245-574b8b4b46-mwv4d" originNode="ip-172-31-1-245" predictedTarget="ip-172-31-16-198"
I0607 01:57:06.726144       1 evictions.go:558] "Evicted pod" pod="defrag-exp/s3-under-245-574b8b4b46-mwv4d" reason="" strategy="ResourceDefragmentation" node="ip-172-31-1-245" profile="default"
I0607 01:57:06.726261       1 resourcedefragmentation.go:757] "Candidate score inputs" plugin="ResourceDefragmentation" pod="defrag-exp/s3-under-245-574b8b4b46-ddq9g" originNode="ip-172-31-1-245" c1=-0.000002146717863516808 c2=0.7738511522778369 c3=0.21898939730261985 c4=0
I0607 01:57:06.726454       1 resourcedefragmentation.go:278] "Eviction decision" plugin="ResourceDefragmentation" ExtensionPoint="Balance" pod="defrag-exp/s3-under-245-574b8b4b46-ddq9g" originNode="ip-172-31-1-245" predictedTarget="ip-172-31-16-198"
E0607 01:57:06.732457       1 event_broadcaster.go:270] "Server rejected event (will not retry!)" err="events.events.k8s.io is forbidden: User \"system:serviceaccount:kube-system:descheduler\" cannot create resource \"events\" in API group \"events.k8s.io\" in the namespace \"defrag-exp\"" event="&Event{ObjectMeta:{s3-under-245-574b8b4b46-mwv4d.18b6a9d314f18705  defrag-exp    0 0001-01-01 00:00:00 +0000 UTC <nil> <nil> map[] map[] [] [] []},EventTime:2026-06-07 01:57:06.726162084 +0000 UTC m=+0.646488761,Series:nil,ReportingController:sigs.k8s.io.descheduler,ReportingInstance:sigs.k8s.io.descheduler-descheduler-job-k9kjx,Action:Descheduled,Reason:ResourceDefragmentation,Regarding:{Pod defrag-exp s3-under-245-574b8b4b46-mwv4d bfa83e5d-2e21-4e12-b00a-68f889b41a96 v1 343067 },Related:nil,Note:pod eviction from ip-172-31-1-245 node by sigs.k8s.io/descheduler,Type:Normal,DeprecatedSource:{ },DeprecatedFirstTimestamp:0001-01-01 00:00:00 +0000 UTC,DeprecatedLastTimestamp:0001-01-01 00:00:00 +0000 UTC,DeprecatedCount:0,}"
I0607 01:57:06.827120       1 evictions.go:558] "Evicted pod" pod="defrag-exp/s3-under-245-574b8b4b46-ddq9g" reason="" strategy="ResourceDefragmentation" node="ip-172-31-1-245" profile="default"
I0607 01:57:06.827211       1 resourcedefragmentation.go:257] "Skipping node now serving as a bin" plugin="ResourceDefragmentation" ExtensionPoint="Balance" node="ip-172-31-16-198"
I0607 01:57:06.827283       1 profile.go:425] "Total number of evictions/requests" extension point="Balance" evictedPods=2 evictionRequests=0
I0607 01:57:06.827392       1 descheduler.go:252] "Number of evictions/requests" totalEvicted=2 evictionRequests=0
E0607 01:57:06.827552       1 event_broadcaster.go:279] "Unable to write event (may retry after sleeping)" err="client rate limiter Wait returned an error: context canceled"
I0607 01:57:06.827771       1 reflector.go:373] "Stopping reflector" type="*v1.Pod" resyncPeriod="0s" reflector="k8s.io/client-go/informers/factory.go:161"
I0607 01:57:06.827838       1 reflector.go:373] "Stopping reflector" type="*v1.Node" resyncPeriod="0s" reflector="k8s.io/client-go/informers/factory.go:161"
I0607 01:57:06.827994       1 reflector.go:373] "Stopping reflector" type="*v1.PersistentVolumeClaim" resyncPeriod="0s" reflector="k8s.io/client-go/informers/factory.go:161"
I0607 01:57:06.828407       1 secure_serving.go:259] Stopped listening on [::]:10258
