I0607 09:54:53.733309       1 feature_gate.go:466] feature gates: {map[]}
I0607 09:54:53.874153       1 secure_serving.go:57] Forcing use of http/1.1 only
I0607 09:54:53.874630       1 named_certificates.go:53] "Loaded SNI cert" index=0 certName="self-signed loopback" certDetail="\"apiserver-loopback-client@1780826093\" [serving] validServingFor=[apiserver-loopback-client] issuer=\"apiserver-loopback-client-ca@1780826093\" (2026-06-07 08:54:53 +0000 UTC to 2029-06-07 08:54:53 +0000 UTC (now=2026-06-07 09:54:53.87458265 +0000 UTC))"
I0607 09:54:53.874690       1 secure_serving.go:211] Serving securely on [::]:10258
I0607 09:54:53.874712       1 tracing.go:88] Did not find a trace collector endpoint defined. Switching to NoopTraceProvider
I0607 09:54:53.874762       1 tlsconfig.go:243] "Starting DynamicServingCertificateController"
I0607 09:54:53.875244       1 envvar.go:172] "Feature gate default state" feature="InformerResourceVersion" enabled=true
I0607 09:54:53.875273       1 envvar.go:172] "Feature gate default state" feature="WatchListClient" enabled=true
I0607 09:54:53.875285       1 envvar.go:172] "Feature gate default state" feature="ClientsAllowCBOR" enabled=false
I0607 09:54:53.875290       1 envvar.go:172] "Feature gate default state" feature="ClientsPreferCBOR" enabled=false
I0607 09:54:53.875297       1 envvar.go:172] "Feature gate default state" feature="InOrderInformers" enabled=true
I0607 09:54:53.875303       1 envvar.go:172] "Feature gate default state" feature="InOrderInformersBatchProcess" enabled=true
W0607 09:54:53.884130       1 descheduler.go:333] failed to convert Descheduler minor version '' to float: strconv.ParseFloat: parsing "": invalid syntax
I0607 09:54:53.895016       1 reflector.go:367] "Starting reflector" type="*v1.Pod" resyncPeriod="0s" reflector="k8s.io/client-go/informers/factory.go:161"
I0607 09:54:53.895048       1 reflector.go:411] "Listing and watching" type="*v1.Pod" reflector="k8s.io/client-go/informers/factory.go:161"
I0607 09:54:53.895235       1 reflector.go:367] "Starting reflector" type="*v1.PersistentVolumeClaim" resyncPeriod="0s" reflector="k8s.io/client-go/informers/factory.go:161"
I0607 09:54:53.895249       1 reflector.go:411] "Listing and watching" type="*v1.PersistentVolumeClaim" reflector="k8s.io/client-go/informers/factory.go:161"
I0607 09:54:53.895529       1 reflector.go:367] "Starting reflector" type="*v1.Node" resyncPeriod="0s" reflector="k8s.io/client-go/informers/factory.go:161"
I0607 09:54:53.895547       1 reflector.go:411] "Listing and watching" type="*v1.Node" reflector="k8s.io/client-go/informers/factory.go:161"
I0607 09:54:53.900349       1 reflector.go:446] "Caches populated" type="*v1.PersistentVolumeClaim" reflector="k8s.io/client-go/informers/factory.go:161"
I0607 09:54:53.904403       1 reflector.go:446] "Caches populated" type="*v1.Node" reflector="k8s.io/client-go/informers/factory.go:161"
I0607 09:54:53.905010       1 reflector.go:446] "Caches populated" type="*v1.Pod" reflector="k8s.io/client-go/informers/factory.go:161"
I0607 09:54:53.995421       1 descheduler.go:235] Resetting pod evictor counters
I0607 09:54:53.995528       1 resourcedefragmentationc2.go:131] "Starting ResourceDefragmentationC2 balance pass" plugin="ResourceDefragmentationC2" ExtensionPoint="Balance" nodeCount=7
I0607 09:54:53.995915       1 profile.go:425] "Total number of evictions/requests" extension point="Balance" evictedPods=0 evictionRequests=0
I0607 09:54:53.995945       1 descheduler.go:252] "Number of evictions/requests" totalEvicted=0 evictionRequests=0
I0607 09:54:53.996128       1 reflector.go:373] "Stopping reflector" type="*v1.Pod" resyncPeriod="0s" reflector="k8s.io/client-go/informers/factory.go:161"
I0607 09:54:53.996197       1 reflector.go:373] "Stopping reflector" type="*v1.Node" resyncPeriod="0s" reflector="k8s.io/client-go/informers/factory.go:161"
I0607 09:54:53.996262       1 reflector.go:373] "Stopping reflector" type="*v1.PersistentVolumeClaim" resyncPeriod="0s" reflector="k8s.io/client-go/informers/factory.go:161"
I0607 09:54:53.996790       1 tlsconfig.go:258] "Shutting down DynamicServingCertificateController"
I0607 09:54:53.996876       1 secure_serving.go:259] Stopped listening on [::]:10258
