I0606 04:21:13.799069       1 feature_gate.go:466] feature gates: {map[]}
I0606 04:21:13.965764       1 secure_serving.go:57] Forcing use of http/1.1 only
I0606 04:21:13.966157       1 named_certificates.go:53] "Loaded SNI cert" index=0 certName="self-signed loopback" certDetail="\"apiserver-loopback-client@1780719673\" [serving] validServingFor=[apiserver-loopback-client] issuer=\"apiserver-loopback-client-ca@1780719673\" (2026-06-06 03:21:13 +0000 UTC to 2029-06-06 03:21:13 +0000 UTC (now=2026-06-06 04:21:13.966107896 +0000 UTC))"
I0606 04:21:13.966242       1 secure_serving.go:211] Serving securely on [::]:10258
I0606 04:21:13.966299       1 tlsconfig.go:243] "Starting DynamicServingCertificateController"
I0606 04:21:13.966271       1 tracing.go:88] Did not find a trace collector endpoint defined. Switching to NoopTraceProvider
I0606 04:21:13.966764       1 envvar.go:172] "Feature gate default state" feature="InOrderInformersBatchProcess" enabled=true
I0606 04:21:13.966794       1 envvar.go:172] "Feature gate default state" feature="InformerResourceVersion" enabled=true
I0606 04:21:13.966801       1 envvar.go:172] "Feature gate default state" feature="WatchListClient" enabled=true
I0606 04:21:13.966806       1 envvar.go:172] "Feature gate default state" feature="ClientsAllowCBOR" enabled=false
I0606 04:21:13.966812       1 envvar.go:172] "Feature gate default state" feature="ClientsPreferCBOR" enabled=false
I0606 04:21:13.966839       1 envvar.go:172] "Feature gate default state" feature="InOrderInformers" enabled=true
W0606 04:21:13.975722       1 descheduler.go:333] failed to convert Descheduler minor version '' to float: strconv.ParseFloat: parsing "": invalid syntax
I0606 04:21:13.985592       1 reflector.go:367] "Starting reflector" type="*v1.PersistentVolumeClaim" resyncPeriod="0s" reflector="k8s.io/client-go/informers/factory.go:161"
I0606 04:21:13.985612       1 reflector.go:411] "Listing and watching" type="*v1.PersistentVolumeClaim" reflector="k8s.io/client-go/informers/factory.go:161"
I0606 04:21:13.985673       1 reflector.go:367] "Starting reflector" type="*v1.Pod" resyncPeriod="0s" reflector="k8s.io/client-go/informers/factory.go:161"
I0606 04:21:13.985682       1 reflector.go:411] "Listing and watching" type="*v1.Pod" reflector="k8s.io/client-go/informers/factory.go:161"
I0606 04:21:13.985590       1 reflector.go:367] "Starting reflector" type="*v1.Node" resyncPeriod="0s" reflector="k8s.io/client-go/informers/factory.go:161"
I0606 04:21:13.985806       1 reflector.go:411] "Listing and watching" type="*v1.Node" reflector="k8s.io/client-go/informers/factory.go:161"
I0606 04:21:13.992784       1 reflector.go:446] "Caches populated" type="*v1.PersistentVolumeClaim" reflector="k8s.io/client-go/informers/factory.go:161"
I0606 04:21:13.994398       1 reflector.go:446] "Caches populated" type="*v1.Node" reflector="k8s.io/client-go/informers/factory.go:161"
I0606 04:21:13.998436       1 reflector.go:446] "Caches populated" type="*v1.Pod" reflector="k8s.io/client-go/informers/factory.go:161"
I0606 04:21:14.086307       1 descheduler.go:235] Resetting pod evictor counters
I0606 04:21:14.086406       1 resourcedefragmentation.go:158] "Starting resource defragmentation balance pass" plugin="ResourceDefragmentation" ExtensionPoint="Balance" nodeCount=7
I0606 04:21:14.086470       1 resourcedefragmentation.go:199] "Node state" plugin="ResourceDefragmentation" ExtensionPoint="Balance" node="ip-172-31-1-245" avgUtilization=0.4554592720970537 minUtilization=0.11091854419410745 binScore=0.38318890814558054 usageSource="requests"
I0606 04:21:14.086683       1 resourcedefragmentation.go:199] "Node state" plugin="ResourceDefragmentation" ExtensionPoint="Balance" node="ip-172-31-16-198" avgUtilization=0.4554595390888653 minUtilization=0.11091907817773049 binScore=0.38318930863329786 usageSource="requests"
I0606 04:21:14.086712       1 resourcedefragmentation.go:199] "Node state" plugin="ResourceDefragmentation" ExtensionPoint="Balance" node="ip-172-31-19-34" avgUtilization=0.4554592720970537 minUtilization=0.11091854419410745 binScore=0.38318890814558054 usageSource="requests"
I0606 04:21:14.086735       1 resourcedefragmentation.go:199] "Node state" plugin="ResourceDefragmentation" ExtensionPoint="Balance" node="ip-172-31-3-39" avgUtilization=0.37659506352331756 minUtilization=0.1 binScore=0.4117024682383412 usageSource="requests"
I0606 04:21:14.086758       1 resourcedefragmentation.go:199] "Node state" plugin="ResourceDefragmentation" ExtensionPoint="Balance" node="ip-172-31-31-146" avgUtilization=0.3765934912382053 minUtilization=0.1 binScore=0.41170325438089733 usageSource="requests"
I0606 04:21:14.086768       1 resourcedefragmentation.go:199] "Node state" plugin="ResourceDefragmentation" ExtensionPoint="Balance" node="ip-172-31-6-144" avgUtilization=0.37659506352331756 minUtilization=0.1 binScore=0.4117024682383412 usageSource="requests"
I0606 04:21:14.086777       1 resourcedefragmentation.go:165] "Skipping control-plane node" plugin="ResourceDefragmentation" ExtensionPoint="Balance" node="ip-172-31-84-108"
I0606 04:21:14.086826       1 resourcedefragmentation.go:237] "Node is a drain candidate" plugin="ResourceDefragmentation" ExtensionPoint="Balance" node="ip-172-31-1-245" avgUtilization=0.4554592720970537 binScore=0.38318890814558054 imbalanceIndex=0.6890814558058926 freeSpaceIndex=0.17781629116117853 priority=3.1564315645282273
I0606 04:21:14.086866       1 resourcedefragmentation.go:237] "Node is a drain candidate" plugin="ResourceDefragmentation" ExtensionPoint="Balance" node="ip-172-31-16-198" avgUtilization=0.4554595390888653 binScore=0.38318930863329786 imbalanceIndex=0.6890809218222695 freeSpaceIndex=0.1778161843644539 priority=3.15643298636318
I0606 04:21:14.086888       1 resourcedefragmentation.go:237] "Node is a drain candidate" plugin="ResourceDefragmentation" ExtensionPoint="Balance" node="ip-172-31-19-34" avgUtilization=0.4554592720970537 binScore=0.38318890814558054 imbalanceIndex=0.6890814558058926 freeSpaceIndex=0.17781629116117853 priority=3.1564315645282273
I0606 04:21:14.086924       1 resourcedefragmentation.go:237] "Node is a drain candidate" plugin="ResourceDefragmentation" ExtensionPoint="Balance" node="ip-172-31-3-39" avgUtilization=0.37659506352331756 binScore=0.4117024682383412 imbalanceIndex=-0.5531901270466352 freeSpaceIndex=0.31212888565802843 priority=1.8784974276243283
I0606 04:21:14.086961       1 resourcedefragmentation.go:237] "Node is a drain candidate" plugin="ResourceDefragmentation" ExtensionPoint="Balance" node="ip-172-31-31-146" avgUtilization=0.3765934912382053 binScore=0.41170325438089733 imbalanceIndex=-0.5531869824764106 freeSpaceIndex=0.3121317157712305 priority=1.878481330813836
I0606 04:21:14.086979       1 resourcedefragmentation.go:237] "Node is a drain candidate" plugin="ResourceDefragmentation" ExtensionPoint="Balance" node="ip-172-31-6-144" avgUtilization=0.37659506352331756 binScore=0.4117024682383412 imbalanceIndex=-0.5531901270466352 freeSpaceIndex=0.31212888565802843 priority=1.8784974276243283
I0606 04:21:14.086994       1 resourcedefragmentation.go:260] "Draining under-utilized node" plugin="ResourceDefragmentation" ExtensionPoint="Balance" node="ip-172-31-16-198" priority=3.15643298636318
I0606 04:21:14.087016       1 resourcedefragmentation.go:757] "Candidate score inputs" plugin="ResourceDefragmentation" pod="defrag-exp/s2-cpu-198-7f87654f6f-5zvl5" originNode="ip-172-31-16-198" c1=0.09053265291139108 c2=-999.9 c3=0.3475783390060611 c4=0
I0606 04:21:14.087049       1 resourcedefragmentation.go:757] "Candidate score inputs" plugin="ResourceDefragmentation" pod="defrag-exp/s2-cpu-198-7f87654f6f-fk24n" originNode="ip-172-31-16-198" c1=0.09053265291139108 c2=-999.9 c3=0.3475783390060611 c4=0
I0606 04:21:14.087061       1 resourcedefragmentation.go:274] "No feasible scheduler target within ceiling; leaving pod in place" plugin="ResourceDefragmentation" ExtensionPoint="Balance" pod="defrag-exp/s2-cpu-198-7f87654f6f-5zvl5" originNode="ip-172-31-16-198"
I0606 04:21:14.087069       1 resourcedefragmentation.go:757] "Candidate score inputs" plugin="ResourceDefragmentation" pod="defrag-exp/s2-cpu-198-7f87654f6f-fk24n" originNode="ip-172-31-16-198" c1=0.09053265291139108 c2=-999.9 c3=0.3475783390060611 c4=0
I0606 04:21:14.087078       1 resourcedefragmentation.go:274] "No feasible scheduler target within ceiling; leaving pod in place" plugin="ResourceDefragmentation" ExtensionPoint="Balance" pod="defrag-exp/s2-cpu-198-7f87654f6f-fk24n" originNode="ip-172-31-16-198"
I0606 04:21:14.087088       1 resourcedefragmentation.go:260] "Draining under-utilized node" plugin="ResourceDefragmentation" ExtensionPoint="Balance" node="ip-172-31-1-245" priority=3.1564315645282273
I0606 04:21:14.087107       1 resourcedefragmentation.go:757] "Candidate score inputs" plugin="ResourceDefragmentation" pod="defrag-exp/s2-cpu-245-846fcd67f4-8pf85" originNode="ip-172-31-1-245" c1=0.09053275373027483 c2=-999.9 c3=0.347578471018679 c4=0
I0606 04:21:14.087126       1 resourcedefragmentation.go:757] "Candidate score inputs" plugin="ResourceDefragmentation" pod="defrag-exp/s2-cpu-245-846fcd67f4-62lm7" originNode="ip-172-31-1-245" c1=0.09053275373027483 c2=-999.9 c3=0.347578471018679 c4=0
I0606 04:21:14.087138       1 resourcedefragmentation.go:274] "No feasible scheduler target within ceiling; leaving pod in place" plugin="ResourceDefragmentation" ExtensionPoint="Balance" pod="defrag-exp/s2-cpu-245-846fcd67f4-8pf85" originNode="ip-172-31-1-245"
I0606 04:21:14.087152       1 resourcedefragmentation.go:757] "Candidate score inputs" plugin="ResourceDefragmentation" pod="defrag-exp/s2-cpu-245-846fcd67f4-62lm7" originNode="ip-172-31-1-245" c1=0.09053275373027483 c2=-999.9 c3=0.347578471018679 c4=0
I0606 04:21:14.087163       1 resourcedefragmentation.go:274] "No feasible scheduler target within ceiling; leaving pod in place" plugin="ResourceDefragmentation" ExtensionPoint="Balance" pod="defrag-exp/s2-cpu-245-846fcd67f4-62lm7" originNode="ip-172-31-1-245"
I0606 04:21:14.087229       1 resourcedefragmentation.go:260] "Draining under-utilized node" plugin="ResourceDefragmentation" ExtensionPoint="Balance" node="ip-172-31-19-34" priority=3.1564315645282273
I0606 04:21:14.087240       1 resourcedefragmentation.go:757] "Candidate score inputs" plugin="ResourceDefragmentation" pod="defrag-exp/s2-cpu-34-6694c57846-dg9xj" originNode="ip-172-31-19-34" c1=0.09053275373027483 c2=-999.9 c3=0.347578471018679 c4=0
I0606 04:21:14.087247       1 resourcedefragmentation.go:757] "Candidate score inputs" plugin="ResourceDefragmentation" pod="defrag-exp/s2-cpu-34-6694c57846-tbjdj" originNode="ip-172-31-19-34" c1=0.09053275373027483 c2=-999.9 c3=0.347578471018679 c4=0
I0606 04:21:14.087258       1 resourcedefragmentation.go:274] "No feasible scheduler target within ceiling; leaving pod in place" plugin="ResourceDefragmentation" ExtensionPoint="Balance" pod="defrag-exp/s2-cpu-34-6694c57846-dg9xj" originNode="ip-172-31-19-34"
I0606 04:21:14.087264       1 resourcedefragmentation.go:757] "Candidate score inputs" plugin="ResourceDefragmentation" pod="defrag-exp/s2-cpu-34-6694c57846-tbjdj" originNode="ip-172-31-19-34" c1=0.09053275373027483 c2=-999.9 c3=0.347578471018679 c4=0
I0606 04:21:14.087294       1 resourcedefragmentation.go:274] "No feasible scheduler target within ceiling; leaving pod in place" plugin="ResourceDefragmentation" ExtensionPoint="Balance" pod="defrag-exp/s2-cpu-34-6694c57846-tbjdj" originNode="ip-172-31-19-34"
I0606 04:21:14.087318       1 resourcedefragmentation.go:260] "Draining under-utilized node" plugin="ResourceDefragmentation" ExtensionPoint="Balance" node="ip-172-31-3-39" priority=1.8784974276243283
I0606 04:21:14.087327       1 resourcedefragmentation.go:757] "Candidate score inputs" plugin="ResourceDefragmentation" pod="defrag-exp/s2-mem-39-6c9ff4fc6d-n6tzz" originNode="ip-172-31-3-39" c1=0.0443070400794639 c2=0.5987774649887588 c3=0.282270639662236 c4=0
I0606 04:21:14.087335       1 resourcedefragmentation.go:757] "Candidate score inputs" plugin="ResourceDefragmentation" pod="defrag-exp/s2-mem-39-6c9ff4fc6d-jm6kv" originNode="ip-172-31-3-39" c1=0.0443070400794639 c2=0.5987774649887588 c3=0.282270639662236 c4=0
I0606 04:21:14.087348       1 resourcedefragmentation.go:278] "Eviction decision" plugin="ResourceDefragmentation" ExtensionPoint="Balance" pod="defrag-exp/s2-mem-39-6c9ff4fc6d-n6tzz" originNode="ip-172-31-3-39" predictedTarget="ip-172-31-16-198"
I0606 04:21:14.118747       1 evictions.go:558] "Evicted pod" pod="defrag-exp/s2-mem-39-6c9ff4fc6d-n6tzz" reason="" strategy="ResourceDefragmentation" node="ip-172-31-3-39" profile="default"
I0606 04:21:14.123133       1 resourcedefragmentation.go:757] "Candidate score inputs" plugin="ResourceDefragmentation" pod="defrag-exp/s2-mem-39-6c9ff4fc6d-jm6kv" originNode="ip-172-31-3-39" c1=0.022618932878791295 c2=0.8143656213442199 c3=0.2970598500859334 c4=0
I0606 04:21:14.123372       1 resourcedefragmentation.go:278] "Eviction decision" plugin="ResourceDefragmentation" ExtensionPoint="Balance" pod="defrag-exp/s2-mem-39-6c9ff4fc6d-jm6kv" originNode="ip-172-31-3-39" predictedTarget="ip-172-31-16-198"
E0606 04:21:14.124671       1 event_broadcaster.go:270] "Server rejected event (will not retry!)" err="events.events.k8s.io is forbidden: User \"system:serviceaccount:kube-system:descheduler\" cannot create resource \"events\" in API group \"events.k8s.io\" in the namespace \"defrag-exp\"" event="&Event{ObjectMeta:{s2-mem-39-6c9ff4fc6d-n6tzz.18b6631be4687932  defrag-exp    0 0001-01-01 00:00:00 +0000 UTC <nil> <nil> map[] map[] [] [] []},EventTime:2026-06-06 04:21:14.118871532 +0000 UTC m=+0.351406949,Series:nil,ReportingController:sigs.k8s.io.descheduler,ReportingInstance:sigs.k8s.io.descheduler-descheduler-job-966nf,Action:Descheduled,Reason:ResourceDefragmentation,Regarding:{Pod defrag-exp s2-mem-39-6c9ff4fc6d-n6tzz 20822a1b-67b2-41f0-8a13-94b60834ebc4 v1 221265 },Related:nil,Note:pod eviction from ip-172-31-3-39 node by sigs.k8s.io/descheduler,Type:Normal,DeprecatedSource:{ },DeprecatedFirstTimestamp:0001-01-01 00:00:00 +0000 UTC,DeprecatedLastTimestamp:0001-01-01 00:00:00 +0000 UTC,DeprecatedCount:0,}"
I0606 04:21:14.212247       1 evictions.go:558] "Evicted pod" pod="defrag-exp/s2-mem-39-6c9ff4fc6d-jm6kv" reason="" strategy="ResourceDefragmentation" node="ip-172-31-3-39" profile="default"
I0606 04:21:14.212313       1 resourcedefragmentation.go:260] "Draining under-utilized node" plugin="ResourceDefragmentation" ExtensionPoint="Balance" node="ip-172-31-6-144" priority=1.8784974276243283
I0606 04:21:14.212401       1 resourcedefragmentation.go:757] "Candidate score inputs" plugin="ResourceDefragmentation" pod="defrag-exp/s2-mem-144-769fd78487-rldlw" originNode="ip-172-31-6-144" c1=0.0443070400794639 c2=0.5987759965337955 c3=0.282270639662236 c4=0
I0606 04:21:14.212601       1 resourcedefragmentation.go:757] "Candidate score inputs" plugin="ResourceDefragmentation" pod="defrag-exp/s2-mem-144-769fd78487-gk7lj" originNode="ip-172-31-6-144" c1=0.0443070400794639 c2=0.5987759965337955 c3=0.282270639662236 c4=0
I0606 04:21:14.212631       1 resourcedefragmentation.go:278] "Eviction decision" plugin="ResourceDefragmentation" ExtensionPoint="Balance" pod="defrag-exp/s2-mem-144-769fd78487-rldlw" originNode="ip-172-31-6-144" predictedTarget="ip-172-31-1-245"
E0606 04:21:14.218574       1 event_broadcaster.go:270] "Server rejected event (will not retry!)" err="events.events.k8s.io is forbidden: User \"system:serviceaccount:kube-system:descheduler\" cannot create resource \"events\" in API group \"events.k8s.io\" in the namespace \"defrag-exp\"" event="&Event{ObjectMeta:{s2-mem-39-6c9ff4fc6d-jm6kv.18b6631be9f8dac8  defrag-exp    0 0001-01-01 00:00:00 +0000 UTC <nil> <nil> map[] map[] [] [] []},EventTime:2026-06-06 04:21:14.212268444 +0000 UTC m=+0.444803850,Series:nil,ReportingController:sigs.k8s.io.descheduler,ReportingInstance:sigs.k8s.io.descheduler-descheduler-job-966nf,Action:Descheduled,Reason:ResourceDefragmentation,Regarding:{Pod defrag-exp s2-mem-39-6c9ff4fc6d-jm6kv c5d1da47-88e3-4172-9f00-77a49c3af89e v1 221261 },Related:nil,Note:pod eviction from ip-172-31-3-39 node by sigs.k8s.io/descheduler,Type:Normal,DeprecatedSource:{ },DeprecatedFirstTimestamp:0001-01-01 00:00:00 +0000 UTC,DeprecatedLastTimestamp:0001-01-01 00:00:00 +0000 UTC,DeprecatedCount:0,}"
I0606 04:21:14.315088       1 evictions.go:558] "Evicted pod" pod="defrag-exp/s2-mem-144-769fd78487-rldlw" reason="" strategy="ResourceDefragmentation" node="ip-172-31-6-144" profile="default"
I0606 04:21:14.315172       1 resourcedefragmentation.go:757] "Candidate score inputs" plugin="ResourceDefragmentation" pod="defrag-exp/s2-mem-144-769fd78487-gk7lj" originNode="ip-172-31-6-144" c1=0.022618932878791295 c2=0.8143630849220105 c3=0.2970598500859334 c4=0
I0606 04:21:14.315433       1 resourcedefragmentation.go:278] "Eviction decision" plugin="ResourceDefragmentation" ExtensionPoint="Balance" pod="defrag-exp/s2-mem-144-769fd78487-gk7lj" originNode="ip-172-31-6-144" predictedTarget="ip-172-31-1-245"
E0606 04:21:14.317935       1 event_broadcaster.go:270] "Server rejected event (will not retry!)" err="events.events.k8s.io is forbidden: User \"system:serviceaccount:kube-system:descheduler\" cannot create resource \"events\" in API group \"events.k8s.io\" in the namespace \"defrag-exp\"" event="&Event{ObjectMeta:{s2-mem-144-769fd78487-rldlw.18b6631bf01a0c1a  defrag-exp    0 0001-01-01 00:00:00 +0000 UTC <nil> <nil> map[] map[] [] [] []},EventTime:2026-06-06 04:21:14.315107489 +0000 UTC m=+0.547642902,Series:nil,ReportingController:sigs.k8s.io.descheduler,ReportingInstance:sigs.k8s.io.descheduler-descheduler-job-966nf,Action:Descheduled,Reason:ResourceDefragmentation,Regarding:{Pod defrag-exp s2-mem-144-769fd78487-rldlw 5e953358-51bc-4941-9143-42606134933f v1 221347 },Related:nil,Note:pod eviction from ip-172-31-6-144 node by sigs.k8s.io/descheduler,Type:Normal,DeprecatedSource:{ },DeprecatedFirstTimestamp:0001-01-01 00:00:00 +0000 UTC,DeprecatedLastTimestamp:0001-01-01 00:00:00 +0000 UTC,DeprecatedCount:0,}"
I0606 04:21:14.412436       1 evictions.go:558] "Evicted pod" pod="defrag-exp/s2-mem-144-769fd78487-gk7lj" reason="" strategy="ResourceDefragmentation" node="ip-172-31-6-144" profile="default"
I0606 04:21:14.412582       1 resourcedefragmentation.go:260] "Draining under-utilized node" plugin="ResourceDefragmentation" ExtensionPoint="Balance" node="ip-172-31-31-146" priority=1.878481330813836
I0606 04:21:14.412668       1 resourcedefragmentation.go:757] "Candidate score inputs" plugin="ResourceDefragmentation" pod="defrag-exp/s2-mem-146-7ff7c4f86f-f6jqh" originNode="ip-172-31-31-146" c1=0.044306341926411016 c2=0.5987759965337955 c3=0.2822694011168881 c4=0
I0606 04:21:14.412728       1 resourcedefragmentation.go:757] "Candidate score inputs" plugin="ResourceDefragmentation" pod="defrag-exp/s2-mem-146-7ff7c4f86f-tjczm" originNode="ip-172-31-31-146" c1=0.044306341926411016 c2=0.5987759965337955 c3=0.2822694011168881 c4=0
I0606 04:21:14.412768       1 resourcedefragmentation.go:278] "Eviction decision" plugin="ResourceDefragmentation" ExtensionPoint="Balance" pod="defrag-exp/s2-mem-146-7ff7c4f86f-f6jqh" originNode="ip-172-31-31-146" predictedTarget="ip-172-31-19-34"
E0606 04:21:14.414781       1 event_broadcaster.go:270] "Server rejected event (will not retry!)" err="events.events.k8s.io is forbidden: User \"system:serviceaccount:kube-system:descheduler\" cannot create resource \"events\" in API group \"events.k8s.io\" in the namespace \"defrag-exp\"" event="&Event{ObjectMeta:{s2-mem-144-769fd78487-gk7lj.18b6631bf5e8b901  defrag-exp    0 0001-01-01 00:00:00 +0000 UTC <nil> <nil> map[] map[] [] [] []},EventTime:2026-06-06 04:21:14.412455462 +0000 UTC m=+0.644990879,Series:nil,ReportingController:sigs.k8s.io.descheduler,ReportingInstance:sigs.k8s.io.descheduler-descheduler-job-966nf,Action:Descheduled,Reason:ResourceDefragmentation,Regarding:{Pod defrag-exp s2-mem-144-769fd78487-gk7lj aa866296-6675-403d-8ff5-e6e9dae134e0 v1 221351 },Related:nil,Note:pod eviction from ip-172-31-6-144 node by sigs.k8s.io/descheduler,Type:Normal,DeprecatedSource:{ },DeprecatedFirstTimestamp:0001-01-01 00:00:00 +0000 UTC,DeprecatedLastTimestamp:0001-01-01 00:00:00 +0000 UTC,DeprecatedCount:0,}"
I0606 04:21:14.520639       1 evictions.go:558] "Evicted pod" pod="defrag-exp/s2-mem-146-7ff7c4f86f-f6jqh" reason="" strategy="ResourceDefragmentation" node="ip-172-31-31-146" profile="default"
I0606 04:21:14.520707       1 resourcedefragmentation.go:757] "Candidate score inputs" plugin="ResourceDefragmentation" pod="defrag-exp/s2-mem-146-7ff7c4f86f-tjczm" originNode="ip-172-31-31-146" c1=0.02261856723418035 c2=0.8143630849220105 c3=0.29705854034276913 c4=0
I0606 04:21:14.520737       1 resourcedefragmentation.go:278] "Eviction decision" plugin="ResourceDefragmentation" ExtensionPoint="Balance" pod="defrag-exp/s2-mem-146-7ff7c4f86f-tjczm" originNode="ip-172-31-31-146" predictedTarget="ip-172-31-19-34"
E0606 04:21:14.527745       1 event_broadcaster.go:270] "Server rejected event (will not retry!)" err="events.events.k8s.io is forbidden: User \"system:serviceaccount:kube-system:descheduler\" cannot create resource \"events\" in API group \"events.k8s.io\" in the namespace \"defrag-exp\"" event="&Event{ObjectMeta:{s2-mem-146-7ff7c4f86f-f6jqh.18b6631bfc5a861d  defrag-exp    0 0001-01-01 00:00:00 +0000 UTC <nil> <nil> map[] map[] [] [] []},EventTime:2026-06-06 04:21:14.520660065 +0000 UTC m=+0.753195481,Series:nil,ReportingController:sigs.k8s.io.descheduler,ReportingInstance:sigs.k8s.io.descheduler-descheduler-job-966nf,Action:Descheduled,Reason:ResourceDefragmentation,Regarding:{Pod defrag-exp s2-mem-146-7ff7c4f86f-f6jqh 8112d2d0-e687-4324-b2ee-829052122944 v1 221308 },Related:nil,Note:pod eviction from ip-172-31-31-146 node by sigs.k8s.io/descheduler,Type:Normal,DeprecatedSource:{ },DeprecatedFirstTimestamp:0001-01-01 00:00:00 +0000 UTC,DeprecatedLastTimestamp:0001-01-01 00:00:00 +0000 UTC,DeprecatedCount:0,}"
I0606 04:21:14.615668       1 evictions.go:558] "Evicted pod" pod="defrag-exp/s2-mem-146-7ff7c4f86f-tjczm" reason="" strategy="ResourceDefragmentation" node="ip-172-31-31-146" profile="default"
I0606 04:21:14.618596       1 profile.go:425] "Total number of evictions/requests" extension point="Balance" evictedPods=6 evictionRequests=0
I0606 04:21:14.619304       1 descheduler.go:252] "Number of evictions/requests" totalEvicted=6 evictionRequests=0
E0606 04:21:14.619675       1 event_broadcaster.go:279] "Unable to write event (may retry after sleeping)" err="client rate limiter Wait returned an error: context canceled"
I0606 04:21:14.620576       1 reflector.go:373] "Stopping reflector" type="*v1.Pod" resyncPeriod="0s" reflector="k8s.io/client-go/informers/factory.go:161"
I0606 04:21:14.620730       1 reflector.go:373] "Stopping reflector" type="*v1.Node" resyncPeriod="0s" reflector="k8s.io/client-go/informers/factory.go:161"
I0606 04:21:14.620903       1 reflector.go:373] "Stopping reflector" type="*v1.PersistentVolumeClaim" resyncPeriod="0s" reflector="k8s.io/client-go/informers/factory.go:161"
I0606 04:21:14.621516       1 tlsconfig.go:258] "Shutting down DynamicServingCertificateController"
I0606 04:21:14.621684       1 secure_serving.go:259] Stopped listening on [::]:10258
