I0607 05:39:53.544726       1 feature_gate.go:466] feature gates: {map[]}
I0607 05:39:53.758451       1 secure_serving.go:57] Forcing use of http/1.1 only
I0607 05:39:53.758963       1 named_certificates.go:53] "Loaded SNI cert" index=0 certName="self-signed loopback" certDetail="\"apiserver-loopback-client@1780810793\" [serving] validServingFor=[apiserver-loopback-client] issuer=\"apiserver-loopback-client-ca@1780810793\" (2026-06-07 04:39:53 +0000 UTC to 2029-06-07 04:39:53 +0000 UTC (now=2026-06-07 05:39:53.758921608 +0000 UTC))"
I0607 05:39:53.759059       1 secure_serving.go:211] Serving securely on [::]:10258
I0607 05:39:53.759143       1 tlsconfig.go:243] "Starting DynamicServingCertificateController"
I0607 05:39:53.759200       1 tracing.go:88] Did not find a trace collector endpoint defined. Switching to NoopTraceProvider
I0607 05:39:53.759690       1 envvar.go:172] "Feature gate default state" feature="InOrderInformersBatchProcess" enabled=true
I0607 05:39:53.759717       1 envvar.go:172] "Feature gate default state" feature="InformerResourceVersion" enabled=true
I0607 05:39:53.759724       1 envvar.go:172] "Feature gate default state" feature="WatchListClient" enabled=true
I0607 05:39:53.759729       1 envvar.go:172] "Feature gate default state" feature="ClientsAllowCBOR" enabled=false
I0607 05:39:53.759735       1 envvar.go:172] "Feature gate default state" feature="ClientsPreferCBOR" enabled=false
I0607 05:39:53.759740       1 envvar.go:172] "Feature gate default state" feature="InOrderInformers" enabled=true
W0607 05:39:53.770130       1 descheduler.go:333] failed to convert Descheduler minor version '' to float: strconv.ParseFloat: parsing "": invalid syntax
I0607 05:39:53.779388       1 reflector.go:367] "Starting reflector" type="*v1.PersistentVolumeClaim" resyncPeriod="0s" reflector="k8s.io/client-go/informers/factory.go:161"
I0607 05:39:53.779413       1 reflector.go:411] "Listing and watching" type="*v1.PersistentVolumeClaim" reflector="k8s.io/client-go/informers/factory.go:161"
I0607 05:39:53.779412       1 reflector.go:367] "Starting reflector" type="*v1.Node" resyncPeriod="0s" reflector="k8s.io/client-go/informers/factory.go:161"
I0607 05:39:53.779431       1 reflector.go:411] "Listing and watching" type="*v1.Node" reflector="k8s.io/client-go/informers/factory.go:161"
I0607 05:39:53.779496       1 reflector.go:367] "Starting reflector" type="*v1.Pod" resyncPeriod="0s" reflector="k8s.io/client-go/informers/factory.go:161"
I0607 05:39:53.779510       1 reflector.go:411] "Listing and watching" type="*v1.Pod" reflector="k8s.io/client-go/informers/factory.go:161"
I0607 05:39:53.784385       1 reflector.go:446] "Caches populated" type="*v1.PersistentVolumeClaim" reflector="k8s.io/client-go/informers/factory.go:161"
I0607 05:39:53.786659       1 reflector.go:446] "Caches populated" type="*v1.Node" reflector="k8s.io/client-go/informers/factory.go:161"
I0607 05:39:53.794379       1 reflector.go:446] "Caches populated" type="*v1.Pod" reflector="k8s.io/client-go/informers/factory.go:161"
I0607 05:39:53.879476       1 descheduler.go:235] Resetting pod evictor counters
I0607 05:39:53.879721       1 resourcedefragmentation.go:178] "Starting resource defragmentation balance pass" plugin="ResourceDefragmentation" ExtensionPoint="Balance" nodeCount=7
I0607 05:39:53.879856       1 resourcedefragmentation.go:219] "Node state" plugin="ResourceDefragmentation" ExtensionPoint="Balance" node="ip-172-31-31-146" avgUtilization=0.37659506352331756 minUtilization=0.1 binScore=0.4117024682383412 usageSource="requests"
I0607 05:39:53.879956       1 resourcedefragmentation.go:219] "Node state" plugin="ResourceDefragmentation" ExtensionPoint="Balance" node="ip-172-31-6-144" avgUtilization=0.37665010304115865 minUtilization=0.1 binScore=0.41167494847942065 usageSource="requests"
I0607 05:39:53.880026       1 resourcedefragmentation.go:185] "Skipping control-plane node" plugin="ResourceDefragmentation" ExtensionPoint="Balance" node="ip-172-31-84-108"
I0607 05:39:53.880050       1 resourcedefragmentation.go:219] "Node state" plugin="ResourceDefragmentation" ExtensionPoint="Balance" node="ip-172-31-1-245" avgUtilization=0.4554691525064642 minUtilization=0.11093830501292835 binScore=0.3832037287596962 usageSource="requests"
I0607 05:39:53.880093       1 resourcedefragmentation.go:219] "Node state" plugin="ResourceDefragmentation" ExtensionPoint="Balance" node="ip-172-31-16-198" avgUtilization=0.4554600730802005 minUtilization=0.11092014616040093 binScore=0.38319010962030065 usageSource="requests"
I0607 05:39:53.880180       1 resourcedefragmentation.go:219] "Node state" plugin="ResourceDefragmentation" ExtensionPoint="Balance" node="ip-172-31-19-34" avgUtilization=0.4554595390888653 minUtilization=0.11091907817773049 binScore=0.38318930863329786 usageSource="requests"
I0607 05:39:53.880222       1 resourcedefragmentation.go:219] "Node state" plugin="ResourceDefragmentation" ExtensionPoint="Balance" node="ip-172-31-3-39" avgUtilization=0.3765982081389583 minUtilization=0.1 binScore=0.41170089593052084 usageSource="requests"
I0607 05:39:53.880311       1 resourcedefragmentation.go:257] "Node is a drain candidate" plugin="ResourceDefragmentation" ExtensionPoint="Balance" node="ip-172-31-31-146" avgUtilization=0.37659506352331756 binScore=0.4117024682383412 imbalanceIndex=-0.5531901270466352 freeSpaceIndex=0.31212888565802843 priority=1.8784974276243283
I0607 05:39:53.880458       1 resourcedefragmentation.go:257] "Node is a drain candidate" plugin="ResourceDefragmentation" ExtensionPoint="Balance" node="ip-172-31-6-144" avgUtilization=0.37665010304115865 binScore=0.41167494847942065 imbalanceIndex=-0.5533002060823173 freeSpaceIndex=0.3120298145259144 priority=1.8790610796955494
I0607 05:39:53.880573       1 resourcedefragmentation.go:257] "Node is a drain candidate" plugin="ResourceDefragmentation" ExtensionPoint="Balance" node="ip-172-31-1-245" avgUtilization=0.4554691525064642 binScore=0.3832037287596962 imbalanceIndex=0.6890616949870717 freeSpaceIndex=0.17781233899741433 priority=3.1564841828921297
I0607 05:39:53.880817       1 resourcedefragmentation.go:257] "Node is a drain candidate" plugin="ResourceDefragmentation" ExtensionPoint="Balance" node="ip-172-31-16-198" avgUtilization=0.4554600730802005 binScore=0.38319010962030065 imbalanceIndex=0.6890798538395991 freeSpaceIndex=0.17781597076791983 priority=3.15643583008024
I0607 05:39:53.880913       1 resourcedefragmentation.go:257] "Node is a drain candidate" plugin="ResourceDefragmentation" ExtensionPoint="Balance" node="ip-172-31-19-34" avgUtilization=0.4554595390888653 binScore=0.38318930863329786 imbalanceIndex=0.6890809218222695 freeSpaceIndex=0.1778161843644539 priority=3.15643298636318
I0607 05:39:53.880969       1 resourcedefragmentation.go:257] "Node is a drain candidate" plugin="ResourceDefragmentation" ExtensionPoint="Balance" node="ip-172-31-3-39" avgUtilization=0.3765982081389583 binScore=0.41170089593052084 imbalanceIndex=-0.5531964162779166 freeSpaceIndex=0.3121232253498751 priority=1.8785296225004848
I0607 05:39:53.881013       1 resourcedefragmentation.go:280] "Draining under-utilized node" plugin="ResourceDefragmentation" ExtensionPoint="Balance" node="ip-172-31-1-245" priority=3.1564841828921297
I0607 05:39:53.881055       1 resourcedefragmentation.go:867] "Candidate score inputs" plugin="ResourceDefragmentation" pod="defrag-exp/s2-cpu-245-846fcd67f4-rx7rp" originNode="ip-172-31-1-245" c1=0.09052902281662353 c2=-999.9 c3=0.3475735857051372 c4=0
I0607 05:39:53.881075       1 resourcedefragmentation.go:867] "Candidate score inputs" plugin="ResourceDefragmentation" pod="defrag-exp/s2-cpu-245-846fcd67f4-5x49v" originNode="ip-172-31-1-245" c1=0.09052902281662353 c2=-999.9 c3=0.3475735857051372 c4=0
I0607 05:39:53.881105       1 resourcedefragmentation.go:294] "No feasible scheduler target within ceiling; leaving pod in place" plugin="ResourceDefragmentation" ExtensionPoint="Balance" pod="defrag-exp/s2-cpu-245-846fcd67f4-rx7rp" originNode="ip-172-31-1-245"
I0607 05:39:53.881121       1 resourcedefragmentation.go:867] "Candidate score inputs" plugin="ResourceDefragmentation" pod="defrag-exp/s2-cpu-245-846fcd67f4-5x49v" originNode="ip-172-31-1-245" c1=0.09052902281662353 c2=-999.9 c3=0.3475735857051372 c4=0
I0607 05:39:53.881136       1 resourcedefragmentation.go:294] "No feasible scheduler target within ceiling; leaving pod in place" plugin="ResourceDefragmentation" ExtensionPoint="Balance" pod="defrag-exp/s2-cpu-245-846fcd67f4-5x49v" originNode="ip-172-31-1-245"
I0607 05:39:53.881162       1 resourcedefragmentation.go:280] "Draining under-utilized node" plugin="ResourceDefragmentation" ExtensionPoint="Balance" node="ip-172-31-16-198" priority=3.15643583008024
I0607 05:39:53.881174       1 resourcedefragmentation.go:867] "Candidate score inputs" plugin="ResourceDefragmentation" pod="defrag-exp/s2-cpu-198-7f87654f6f-qtmkn" originNode="ip-172-31-16-198" c1=0.09053245127085396 c2=-999.9 c3=0.347578074977012 c4=0
I0607 05:39:53.881186       1 resourcedefragmentation.go:867] "Candidate score inputs" plugin="ResourceDefragmentation" pod="defrag-exp/s2-cpu-198-7f87654f6f-fbdt2" originNode="ip-172-31-16-198" c1=0.09053245127085396 c2=-999.9 c3=0.347578074977012 c4=0
I0607 05:39:53.881202       1 resourcedefragmentation.go:294] "No feasible scheduler target within ceiling; leaving pod in place" plugin="ResourceDefragmentation" ExtensionPoint="Balance" pod="defrag-exp/s2-cpu-198-7f87654f6f-qtmkn" originNode="ip-172-31-16-198"
I0607 05:39:53.881212       1 resourcedefragmentation.go:867] "Candidate score inputs" plugin="ResourceDefragmentation" pod="defrag-exp/s2-cpu-198-7f87654f6f-fbdt2" originNode="ip-172-31-16-198" c1=0.09053245127085396 c2=-999.9 c3=0.347578074977012 c4=0
I0607 05:39:53.881230       1 resourcedefragmentation.go:294] "No feasible scheduler target within ceiling; leaving pod in place" plugin="ResourceDefragmentation" ExtensionPoint="Balance" pod="defrag-exp/s2-cpu-198-7f87654f6f-fbdt2" originNode="ip-172-31-16-198"
I0607 05:39:53.881244       1 resourcedefragmentation.go:280] "Draining under-utilized node" plugin="ResourceDefragmentation" ExtensionPoint="Balance" node="ip-172-31-19-34" priority=3.15643298636318
I0607 05:39:53.881279       1 resourcedefragmentation.go:867] "Candidate score inputs" plugin="ResourceDefragmentation" pod="defrag-exp/s2-cpu-34-6694c57846-8kktg" originNode="ip-172-31-19-34" c1=0.09053265291139108 c2=-999.9 c3=0.3475783390060611 c4=0
I0607 05:39:53.881309       1 resourcedefragmentation.go:867] "Candidate score inputs" plugin="ResourceDefragmentation" pod="defrag-exp/s2-cpu-34-6694c57846-sftml" originNode="ip-172-31-19-34" c1=0.09053265291139108 c2=-999.9 c3=0.3475783390060611 c4=0
I0607 05:39:53.881344       1 resourcedefragmentation.go:294] "No feasible scheduler target within ceiling; leaving pod in place" plugin="ResourceDefragmentation" ExtensionPoint="Balance" pod="defrag-exp/s2-cpu-34-6694c57846-8kktg" originNode="ip-172-31-19-34"
I0607 05:39:53.881386       1 resourcedefragmentation.go:867] "Candidate score inputs" plugin="ResourceDefragmentation" pod="defrag-exp/s2-cpu-34-6694c57846-sftml" originNode="ip-172-31-19-34" c1=0.09053265291139108 c2=-999.9 c3=0.3475783390060611 c4=0
I0607 05:39:53.881433       1 resourcedefragmentation.go:294] "No feasible scheduler target within ceiling; leaving pod in place" plugin="ResourceDefragmentation" ExtensionPoint="Balance" pod="defrag-exp/s2-cpu-34-6694c57846-sftml" originNode="ip-172-31-19-34"
I0607 05:39:53.881465       1 resourcedefragmentation.go:280] "Draining under-utilized node" plugin="ResourceDefragmentation" ExtensionPoint="Balance" node="ip-172-31-6-144" priority=1.8790610796955494
I0607 05:39:53.881519       1 resourcedefragmentation.go:867] "Candidate score inputs" plugin="ResourceDefragmentation" pod="defrag-exp/s2-mem-144-769fd78487-f4cd8" originNode="ip-172-31-6-144" c1=0.04433148428365376 c2=0.598830338785553 c3=0.2823139962635542 c4=0
I0607 05:39:53.881557       1 resourcedefragmentation.go:867] "Candidate score inputs" plugin="ResourceDefragmentation" pod="defrag-exp/s2-mem-144-769fd78487-hmhrg" originNode="ip-172-31-6-144" c1=0.04433148428365376 c2=0.598830338785553 c3=0.2823139962635542 c4=0
I0607 05:39:53.881599       1 resourcedefragmentation.go:298] "Eviction decision" plugin="ResourceDefragmentation" ExtensionPoint="Balance" pod="defrag-exp/s2-mem-144-769fd78487-f4cd8" originNode="ip-172-31-6-144" predictedTarget="ip-172-31-1-245"
I0607 05:39:53.906747       1 evictions.go:558] "Evicted pod" pod="defrag-exp/s2-mem-144-769fd78487-f4cd8" reason="" strategy="ResourceDefragmentation" node="ip-172-31-6-144" profile="default"
I0607 05:39:53.906904       1 resourcedefragmentation.go:867] "Candidate score inputs" plugin="ResourceDefragmentation" pod="defrag-exp/s2-mem-144-769fd78487-hmhrg" originNode="ip-172-31-6-144" c1=0.022631735130056313 c2=0.8144569488114097 c3=0.29710569904277656 c4=0
I0607 05:39:53.906936       1 resourcedefragmentation.go:298] "Eviction decision" plugin="ResourceDefragmentation" ExtensionPoint="Balance" pod="defrag-exp/s2-mem-144-769fd78487-hmhrg" originNode="ip-172-31-6-144" predictedTarget="ip-172-31-1-245"
E0607 05:39:53.913238       1 event_broadcaster.go:270] "Server rejected event (will not retry!)" err="events.events.k8s.io is forbidden: User \"system:serviceaccount:kube-system:descheduler\" cannot create resource \"events\" in API group \"events.k8s.io\" in the namespace \"defrag-exp\"" event="&Event{ObjectMeta:{s2-mem-144-769fd78487-f4cd8.18b6b5fb5efedb2c  defrag-exp    0 0001-01-01 00:00:00 +0000 UTC <nil> <nil> map[] map[] [] [] []},EventTime:2026-06-07 05:39:53.906763574 +0000 UTC m=+0.398562936,Series:nil,ReportingController:sigs.k8s.io.descheduler,ReportingInstance:sigs.k8s.io.descheduler-descheduler-job-j87s2,Action:Descheduled,Reason:ResourceDefragmentation,Regarding:{Pod defrag-exp s2-mem-144-769fd78487-f4cd8 0033cc1f-8470-4ae1-8cfe-aed95cfc10e9 v1 367870 },Related:nil,Note:pod eviction from ip-172-31-6-144 node by sigs.k8s.io/descheduler,Type:Normal,DeprecatedSource:{ },DeprecatedFirstTimestamp:0001-01-01 00:00:00 +0000 UTC,DeprecatedLastTimestamp:0001-01-01 00:00:00 +0000 UTC,DeprecatedCount:0,}"
I0607 05:39:54.003815       1 evictions.go:558] "Evicted pod" pod="defrag-exp/s2-mem-144-769fd78487-hmhrg" reason="" strategy="ResourceDefragmentation" node="ip-172-31-6-144" profile="default"
I0607 05:39:54.003898       1 resourcedefragmentation.go:280] "Draining under-utilized node" plugin="ResourceDefragmentation" ExtensionPoint="Balance" node="ip-172-31-3-39" priority=1.8785296225004848
I0607 05:39:54.003931       1 resourcedefragmentation.go:867] "Candidate score inputs" plugin="ResourceDefragmentation" pod="defrag-exp/s2-mem-39-6c9ff4fc6d-sw5qt" originNode="ip-172-31-3-39" c1=0.04430843642768841 c2=0.5987804019411025 c3=0.28227311678870776 c4=0
I0607 05:39:54.003946       1 resourcedefragmentation.go:867] "Candidate score inputs" plugin="ResourceDefragmentation" pod="defrag-exp/s2-mem-39-6c9ff4fc6d-hh8n5" originNode="ip-172-31-3-39" c1=0.04430843642768841 c2=0.5987804019411025 c3=0.28227311678870776 c4=0
I0607 05:39:54.003966       1 resourcedefragmentation.go:298] "Eviction decision" plugin="ResourceDefragmentation" ExtensionPoint="Balance" pod="defrag-exp/s2-mem-39-6c9ff4fc6d-sw5qt" originNode="ip-172-31-3-39" predictedTarget="ip-172-31-16-198"
E0607 05:39:54.006581       1 event_broadcaster.go:270] "Server rejected event (will not retry!)" err="events.events.k8s.io is forbidden: User \"system:serviceaccount:kube-system:descheduler\" cannot create resource \"events\" in API group \"events.k8s.io\" in the namespace \"defrag-exp\"" event="&Event{ObjectMeta:{s2-mem-144-769fd78487-hmhrg.18b6b5fb64c7fff4  defrag-exp    0 0001-01-01 00:00:00 +0000 UTC <nil> <nil> map[] map[] [] [] []},EventTime:2026-06-07 05:39:54.003838506 +0000 UTC m=+0.495637866,Series:nil,ReportingController:sigs.k8s.io.descheduler,ReportingInstance:sigs.k8s.io.descheduler-descheduler-job-j87s2,Action:Descheduled,Reason:ResourceDefragmentation,Regarding:{Pod defrag-exp s2-mem-144-769fd78487-hmhrg 28b2212a-b71a-47c1-b7d7-9ff3d89a3a6d v1 367866 },Related:nil,Note:pod eviction from ip-172-31-6-144 node by sigs.k8s.io/descheduler,Type:Normal,DeprecatedSource:{ },DeprecatedFirstTimestamp:0001-01-01 00:00:00 +0000 UTC,DeprecatedLastTimestamp:0001-01-01 00:00:00 +0000 UTC,DeprecatedCount:0,}"
I0607 05:39:54.106421       1 evictions.go:558] "Evicted pod" pod="defrag-exp/s2-mem-39-6c9ff4fc6d-sw5qt" reason="" strategy="ResourceDefragmentation" node="ip-172-31-3-39" profile="default"
I0607 05:39:54.106959       1 resourcedefragmentation.go:867] "Candidate score inputs" plugin="ResourceDefragmentation" pod="defrag-exp/s2-mem-39-6c9ff4fc6d-hh8n5" originNode="ip-172-31-3-39" c1=0.022619664190339832 c2=0.8143706942619044 c3=0.2970624696100945 c4=0
I0607 05:39:54.107133       1 resourcedefragmentation.go:298] "Eviction decision" plugin="ResourceDefragmentation" ExtensionPoint="Balance" pod="defrag-exp/s2-mem-39-6c9ff4fc6d-hh8n5" originNode="ip-172-31-3-39" predictedTarget="ip-172-31-16-198"
E0607 05:39:54.116462       1 event_broadcaster.go:270] "Server rejected event (will not retry!)" err="events.events.k8s.io is forbidden: User \"system:serviceaccount:kube-system:descheduler\" cannot create resource \"events\" in API group \"events.k8s.io\" in the namespace \"defrag-exp\"" event="&Event{ObjectMeta:{s2-mem-39-6c9ff4fc6d-sw5qt.18b6b5fb6aec05f4  defrag-exp    0 0001-01-01 00:00:00 +0000 UTC <nil> <nil> map[] map[] [] [] []},EventTime:2026-06-07 05:39:54.106875089 +0000 UTC m=+0.598674450,Series:nil,ReportingController:sigs.k8s.io.descheduler,ReportingInstance:sigs.k8s.io.descheduler-descheduler-job-j87s2,Action:Descheduled,Reason:ResourceDefragmentation,Regarding:{Pod defrag-exp s2-mem-39-6c9ff4fc6d-sw5qt 1ff96150-bed2-4beb-8815-e6b26768d514 v1 367789 },Related:nil,Note:pod eviction from ip-172-31-3-39 node by sigs.k8s.io/descheduler,Type:Normal,DeprecatedSource:{ },DeprecatedFirstTimestamp:0001-01-01 00:00:00 +0000 UTC,DeprecatedLastTimestamp:0001-01-01 00:00:00 +0000 UTC,DeprecatedCount:0,}"
I0607 05:39:54.212961       1 evictions.go:558] "Evicted pod" pod="defrag-exp/s2-mem-39-6c9ff4fc6d-hh8n5" reason="" strategy="ResourceDefragmentation" node="ip-172-31-3-39" profile="default"
I0607 05:39:54.213055       1 resourcedefragmentation.go:280] "Draining under-utilized node" plugin="ResourceDefragmentation" ExtensionPoint="Balance" node="ip-172-31-31-146" priority=1.8784974276243283
I0607 05:39:54.213134       1 resourcedefragmentation.go:867] "Candidate score inputs" plugin="ResourceDefragmentation" pod="defrag-exp/s2-mem-146-7ff7c4f86f-wwqhm" originNode="ip-172-31-31-146" c1=0.0443070400794639 c2=0.5987774649887588 c3=0.282270639662236 c4=0
I0607 05:39:54.213154       1 resourcedefragmentation.go:867] "Candidate score inputs" plugin="ResourceDefragmentation" pod="defrag-exp/s2-mem-146-7ff7c4f86f-fm94h" originNode="ip-172-31-31-146" c1=0.0443070400794639 c2=0.5987774649887588 c3=0.282270639662236 c4=0
I0607 05:39:54.213216       1 resourcedefragmentation.go:298] "Eviction decision" plugin="ResourceDefragmentation" ExtensionPoint="Balance" pod="defrag-exp/s2-mem-146-7ff7c4f86f-wwqhm" originNode="ip-172-31-31-146" predictedTarget="ip-172-31-19-34"
E0607 05:39:54.221369       1 event_broadcaster.go:270] "Server rejected event (will not retry!)" err="events.events.k8s.io is forbidden: User \"system:serviceaccount:kube-system:descheduler\" cannot create resource \"events\" in API group \"events.k8s.io\" in the namespace \"defrag-exp\"" event="&Event{ObjectMeta:{s2-mem-39-6c9ff4fc6d-hh8n5.18b6b5fb713f27e2  defrag-exp    0 0001-01-01 00:00:00 +0000 UTC <nil> <nil> map[] map[] [] [] []},EventTime:2026-06-07 05:39:54.212978343 +0000 UTC m=+0.704777705,Series:nil,ReportingController:sigs.k8s.io.descheduler,ReportingInstance:sigs.k8s.io.descheduler-descheduler-job-j87s2,Action:Descheduled,Reason:ResourceDefragmentation,Regarding:{Pod defrag-exp s2-mem-39-6c9ff4fc6d-hh8n5 f9396c21-a3a9-43c5-b724-6cd8885c068a v1 367784 },Related:nil,Note:pod eviction from ip-172-31-3-39 node by sigs.k8s.io/descheduler,Type:Normal,DeprecatedSource:{ },DeprecatedFirstTimestamp:0001-01-01 00:00:00 +0000 UTC,DeprecatedLastTimestamp:0001-01-01 00:00:00 +0000 UTC,DeprecatedCount:0,}"
I0607 05:39:54.308919       1 evictions.go:558] "Evicted pod" pod="defrag-exp/s2-mem-146-7ff7c4f86f-wwqhm" reason="" strategy="ResourceDefragmentation" node="ip-172-31-31-146" profile="default"
I0607 05:39:54.309149       1 resourcedefragmentation.go:867] "Candidate score inputs" plugin="ResourceDefragmentation" pod="defrag-exp/s2-mem-146-7ff7c4f86f-fm94h" originNode="ip-172-31-31-146" c1=0.022618932878791295 c2=0.8143656213442199 c3=0.2970598500859334 c4=0
I0607 05:39:54.309444       1 resourcedefragmentation.go:298] "Eviction decision" plugin="ResourceDefragmentation" ExtensionPoint="Balance" pod="defrag-exp/s2-mem-146-7ff7c4f86f-fm94h" originNode="ip-172-31-31-146" predictedTarget="ip-172-31-19-34"
E0607 05:39:54.314907       1 event_broadcaster.go:270] "Server rejected event (will not retry!)" err="events.events.k8s.io is forbidden: User \"system:serviceaccount:kube-system:descheduler\" cannot create resource \"events\" in API group \"events.k8s.io\" in the namespace \"defrag-exp\"" event="&Event{ObjectMeta:{s2-mem-146-7ff7c4f86f-wwqhm.18b6b5fb76f904e8  defrag-exp    0 0001-01-01 00:00:00 +0000 UTC <nil> <nil> map[] map[] [] [] []},EventTime:2026-06-07 05:39:54.309051615 +0000 UTC m=+0.800850980,Series:nil,ReportingController:sigs.k8s.io.descheduler,ReportingInstance:sigs.k8s.io.descheduler-descheduler-job-j87s2,Action:Descheduled,Reason:ResourceDefragmentation,Regarding:{Pod defrag-exp s2-mem-146-7ff7c4f86f-wwqhm 0035bd75-30c2-4795-bef6-d40559697d57 v1 367831 },Related:nil,Note:pod eviction from ip-172-31-31-146 node by sigs.k8s.io/descheduler,Type:Normal,DeprecatedSource:{ },DeprecatedFirstTimestamp:0001-01-01 00:00:00 +0000 UTC,DeprecatedLastTimestamp:0001-01-01 00:00:00 +0000 UTC,DeprecatedCount:0,}"
I0607 05:39:54.411790       1 evictions.go:558] "Evicted pod" pod="defrag-exp/s2-mem-146-7ff7c4f86f-fm94h" reason="" strategy="ResourceDefragmentation" node="ip-172-31-31-146" profile="default"
I0607 05:39:54.411892       1 profile.go:425] "Total number of evictions/requests" extension point="Balance" evictedPods=6 evictionRequests=0
I0607 05:39:54.411929       1 descheduler.go:252] "Number of evictions/requests" totalEvicted=6 evictionRequests=0
E0607 05:39:54.413685       1 event_broadcaster.go:279] "Unable to write event (may retry after sleeping)" err="client rate limiter Wait returned an error: context canceled"
I0607 05:39:54.413733       1 reflector.go:373] "Stopping reflector" type="*v1.Pod" resyncPeriod="0s" reflector="k8s.io/client-go/informers/factory.go:161"
I0607 05:39:54.413758       1 reflector.go:373] "Stopping reflector" type="*v1.Node" resyncPeriod="0s" reflector="k8s.io/client-go/informers/factory.go:161"
I0607 05:39:54.413792       1 reflector.go:373] "Stopping reflector" type="*v1.PersistentVolumeClaim" resyncPeriod="0s" reflector="k8s.io/client-go/informers/factory.go:161"
I0607 05:39:54.414770       1 tlsconfig.go:258] "Shutting down DynamicServingCertificateController"
I0607 05:39:54.414941       1 secure_serving.go:259] Stopped listening on [::]:10258
