I0606 05:11:51.377026       1 feature_gate.go:466] feature gates: {map[]}
I0606 05:11:51.538332       1 secure_serving.go:57] Forcing use of http/1.1 only
I0606 05:11:51.538858       1 named_certificates.go:53] "Loaded SNI cert" index=0 certName="self-signed loopback" certDetail="\"apiserver-loopback-client@1780722711\" [serving] validServingFor=[apiserver-loopback-client] issuer=\"apiserver-loopback-client-ca@1780722711\" (2026-06-06 04:11:51 +0000 UTC to 2029-06-06 04:11:51 +0000 UTC (now=2026-06-06 05:11:51.538821561 +0000 UTC))"
I0606 05:11:51.538908       1 secure_serving.go:211] Serving securely on [::]:10258
I0606 05:11:51.539038       1 tlsconfig.go:243] "Starting DynamicServingCertificateController"
I0606 05:11:51.539104       1 tracing.go:88] Did not find a trace collector endpoint defined. Switching to NoopTraceProvider
I0606 05:11:51.539460       1 envvar.go:172] "Feature gate default state" feature="WatchListClient" enabled=true
I0606 05:11:51.539489       1 envvar.go:172] "Feature gate default state" feature="ClientsAllowCBOR" enabled=false
I0606 05:11:51.539497       1 envvar.go:172] "Feature gate default state" feature="ClientsPreferCBOR" enabled=false
I0606 05:11:51.539503       1 envvar.go:172] "Feature gate default state" feature="InOrderInformers" enabled=true
I0606 05:11:51.539508       1 envvar.go:172] "Feature gate default state" feature="InOrderInformersBatchProcess" enabled=true
I0606 05:11:51.539514       1 envvar.go:172] "Feature gate default state" feature="InformerResourceVersion" enabled=true
W0606 05:11:51.548739       1 descheduler.go:333] failed to convert Descheduler minor version '' to float: strconv.ParseFloat: parsing "": invalid syntax
I0606 05:11:51.558483       1 reflector.go:367] "Starting reflector" type="*v1.PersistentVolumeClaim" resyncPeriod="0s" reflector="k8s.io/client-go/informers/factory.go:161"
I0606 05:11:51.558513       1 reflector.go:411] "Listing and watching" type="*v1.PersistentVolumeClaim" reflector="k8s.io/client-go/informers/factory.go:161"
I0606 05:11:51.558590       1 reflector.go:367] "Starting reflector" type="*v1.Node" resyncPeriod="0s" reflector="k8s.io/client-go/informers/factory.go:161"
I0606 05:11:51.558600       1 reflector.go:411] "Listing and watching" type="*v1.Node" reflector="k8s.io/client-go/informers/factory.go:161"
I0606 05:11:51.558497       1 reflector.go:367] "Starting reflector" type="*v1.Pod" resyncPeriod="0s" reflector="k8s.io/client-go/informers/factory.go:161"
I0606 05:11:51.558736       1 reflector.go:411] "Listing and watching" type="*v1.Pod" reflector="k8s.io/client-go/informers/factory.go:161"
I0606 05:11:51.563262       1 reflector.go:446] "Caches populated" type="*v1.PersistentVolumeClaim" reflector="k8s.io/client-go/informers/factory.go:161"
I0606 05:11:51.566291       1 reflector.go:446] "Caches populated" type="*v1.Node" reflector="k8s.io/client-go/informers/factory.go:161"
I0606 05:11:51.571489       1 reflector.go:446] "Caches populated" type="*v1.Pod" reflector="k8s.io/client-go/informers/factory.go:161"
I0606 05:11:51.658614       1 descheduler.go:235] Resetting pod evictor counters
I0606 05:11:51.658722       1 resourcedefragmentation.go:158] "Starting resource defragmentation balance pass" plugin="ResourceDefragmentation" ExtensionPoint="Balance" nodeCount=7
I0606 05:11:51.658779       1 resourcedefragmentation.go:199] "Node state" plugin="ResourceDefragmentation" ExtensionPoint="Balance" node="ip-172-31-16-198" avgUtilization=0.5501784863204617 minUtilization=0.15035697264092354 binScore=0.37526772948069265 usageSource="requests"
I0606 05:11:51.658875       1 resourcedefragmentation.go:199] "Node state" plugin="ResourceDefragmentation" ExtensionPoint="Balance" node="ip-172-31-19-34" avgUtilization=0.5444848834970153 minUtilization=0.14 binScore=0.3677575582514924 usageSource="requests"
I0606 05:11:51.658988       1 resourcedefragmentation.go:199] "Node state" plugin="ResourceDefragmentation" ExtensionPoint="Balance" node="ip-172-31-3-39" avgUtilization=0.5444871677602916 minUtilization=0.14 binScore=0.36775641611985427 usageSource="requests"
I0606 05:11:51.659015       1 resourcedefragmentation.go:199] "Node state" plugin="ResourceDefragmentation" ExtensionPoint="Balance" node="ip-172-31-31-146" avgUtilization=0.5168910071249759 minUtilization=0.51 binScore=0.751554496437512 usageSource="requests"
I0606 05:11:51.659035       1 resourcedefragmentation.go:199] "Node state" plugin="ResourceDefragmentation" ExtensionPoint="Balance" node="ip-172-31-6-144" avgUtilization=0.055810855049369584 minUtilization=0.05 binScore=0.5220945724753152 usageSource="requests"
I0606 05:11:51.659051       1 resourcedefragmentation.go:165] "Skipping control-plane node" plugin="ResourceDefragmentation" ExtensionPoint="Balance" node="ip-172-31-84-108"
I0606 05:11:51.659068       1 resourcedefragmentation.go:199] "Node state" plugin="ResourceDefragmentation" ExtensionPoint="Balance" node="ip-172-31-1-245" avgUtilization=0.5501781243982283 minUtilization=0.15035624879645676 binScore=0.37526718659734254 usageSource="requests"
I0606 05:11:51.659142       1 resourcedefragmentation.go:237] "Node is a drain candidate" plugin="ResourceDefragmentation" ExtensionPoint="Balance" node="ip-172-31-16-198" avgUtilization=0.5501784863204617 binScore=0.37526772948069265 imbalanceIndex=0.7996430273590764 freeSpaceIndex=0.04248215136795383 priority=12.169470241973634
I0606 05:11:51.659201       1 resourcedefragmentation.go:237] "Node is a drain candidate" plugin="ResourceDefragmentation" ExtensionPoint="Balance" node="ip-172-31-19-34" avgUtilization=0.5444848834970153 binScore=0.3677575582514924 imbalanceIndex=-0.8089697669940304 freeSpaceIndex=0.04388600038513383 priority=11.79763975003293
I0606 05:11:51.659236       1 resourcedefragmentation.go:237] "Node is a drain candidate" plugin="ResourceDefragmentation" ExtensionPoint="Balance" node="ip-172-31-3-39" avgUtilization=0.5444871677602916 binScore=0.36775641611985427 imbalanceIndex=-0.8089743355205831 freeSpaceIndex=0.04388207145229854 priority=11.798662107840348
I0606 05:11:51.659288       1 resourcedefragmentation.go:237] "Node is a drain candidate" plugin="ResourceDefragmentation" ExtensionPoint="Balance" node="ip-172-31-1-245" avgUtilization=0.5501781243982283 binScore=0.37526718659734254 imbalanceIndex=0.7996437512035433 freeSpaceIndex=0.04248218756017716 priority=12.169460576875634
I0606 05:11:51.659310       1 resourcedefragmentation.go:260] "Draining under-utilized node" plugin="ResourceDefragmentation" ExtensionPoint="Balance" node="ip-172-31-16-198" priority=12.169470241973634
I0606 05:11:51.659334       1 resourcedefragmentation.go:757] "Candidate score inputs" plugin="ResourceDefragmentation" pod="defrag-exp/s4-cpu-198-c8bbfc967-wrgqk" originNode="ip-172-31-16-198" c1=0.0648722190650434 c2=0.7125202195262854 c3=0.2652453555043111 c4=0
I0606 05:11:51.659355       1 resourcedefragmentation.go:757] "Candidate score inputs" plugin="ResourceDefragmentation" pod="defrag-exp/s4-cpu-198-c8bbfc967-wcv2f" originNode="ip-172-31-16-198" c1=0.0648722190650434 c2=0.7125202195262854 c3=0.2652453555043111 c4=0
I0606 05:11:51.659368       1 resourcedefragmentation.go:757] "Candidate score inputs" plugin="ResourceDefragmentation" pod="defrag-exp/s4-cpu-198-c8bbfc967-lcg6h" originNode="ip-172-31-16-198" c1=0.0648722190650434 c2=0.7125202195262854 c3=0.2652453555043111 c4=0
I0606 05:11:51.659396       1 resourcedefragmentation.go:278] "Eviction decision" plugin="ResourceDefragmentation" ExtensionPoint="Balance" pod="defrag-exp/s4-cpu-198-c8bbfc967-wrgqk" originNode="ip-172-31-16-198" predictedTarget="ip-172-31-31-146"
I0606 05:11:51.683405       1 evictions.go:558] "Evicted pod" pod="defrag-exp/s4-cpu-198-c8bbfc967-wrgqk" reason="" strategy="ResourceDefragmentation" node="ip-172-31-16-198" profile="default"
I0606 05:11:51.683502       1 resourcedefragmentation.go:757] "Candidate score inputs" plugin="ResourceDefragmentation" pod="defrag-exp/s4-cpu-198-c8bbfc967-wcv2f" originNode="ip-172-31-16-198" c1=0.04293386992362678 c2=-999.9 c3=0.282992408012748 c4=0
I0606 05:11:51.683528       1 resourcedefragmentation.go:757] "Candidate score inputs" plugin="ResourceDefragmentation" pod="defrag-exp/s4-cpu-198-c8bbfc967-lcg6h" originNode="ip-172-31-16-198" c1=0.04293386992362678 c2=-999.9 c3=0.282992408012748 c4=0
I0606 05:11:51.683546       1 resourcedefragmentation.go:274] "No feasible scheduler target within ceiling; leaving pod in place" plugin="ResourceDefragmentation" ExtensionPoint="Balance" pod="defrag-exp/s4-cpu-198-c8bbfc967-wcv2f" originNode="ip-172-31-16-198"
I0606 05:11:51.683866       1 resourcedefragmentation.go:757] "Candidate score inputs" plugin="ResourceDefragmentation" pod="defrag-exp/s4-cpu-198-c8bbfc967-lcg6h" originNode="ip-172-31-16-198" c1=0.04293386992362678 c2=-999.9 c3=0.282992408012748 c4=0
I0606 05:11:51.683961       1 resourcedefragmentation.go:274] "No feasible scheduler target within ceiling; leaving pod in place" plugin="ResourceDefragmentation" ExtensionPoint="Balance" pod="defrag-exp/s4-cpu-198-c8bbfc967-lcg6h" originNode="ip-172-31-16-198"
I0606 05:11:51.684026       1 resourcedefragmentation.go:260] "Draining under-utilized node" plugin="ResourceDefragmentation" ExtensionPoint="Balance" node="ip-172-31-1-245" priority=12.169460576875634
I0606 05:11:51.684098       1 resourcedefragmentation.go:757] "Candidate score inputs" plugin="ResourceDefragmentation" pod="defrag-exp/s4-cpu-245-cccd9967b-dk85j" originNode="ip-172-31-1-245" c1=0.06487231194772593 c2=-999.9 c3=0.2652455228191796 c4=0
I0606 05:11:51.684164       1 resourcedefragmentation.go:757] "Candidate score inputs" plugin="ResourceDefragmentation" pod="defrag-exp/s4-cpu-245-cccd9967b-9jg2b" originNode="ip-172-31-1-245" c1=0.06487231194772593 c2=-999.9 c3=0.2652455228191796 c4=0
I0606 05:11:51.684247       1 resourcedefragmentation.go:757] "Candidate score inputs" plugin="ResourceDefragmentation" pod="defrag-exp/s4-cpu-245-cccd9967b-l8p5m" originNode="ip-172-31-1-245" c1=0.06487231194772593 c2=-999.9 c3=0.2652455228191796 c4=0
I0606 05:11:51.684324       1 resourcedefragmentation.go:274] "No feasible scheduler target within ceiling; leaving pod in place" plugin="ResourceDefragmentation" ExtensionPoint="Balance" pod="defrag-exp/s4-cpu-245-cccd9967b-dk85j" originNode="ip-172-31-1-245"
I0606 05:11:51.684342       1 resourcedefragmentation.go:757] "Candidate score inputs" plugin="ResourceDefragmentation" pod="defrag-exp/s4-cpu-245-cccd9967b-9jg2b" originNode="ip-172-31-1-245" c1=0.06487231194772593 c2=-999.9 c3=0.2652455228191796 c4=0
I0606 05:11:51.684355       1 resourcedefragmentation.go:757] "Candidate score inputs" plugin="ResourceDefragmentation" pod="defrag-exp/s4-cpu-245-cccd9967b-l8p5m" originNode="ip-172-31-1-245" c1=0.06487231194772593 c2=-999.9 c3=0.2652455228191796 c4=0
I0606 05:11:51.684370       1 resourcedefragmentation.go:274] "No feasible scheduler target within ceiling; leaving pod in place" plugin="ResourceDefragmentation" ExtensionPoint="Balance" pod="defrag-exp/s4-cpu-245-cccd9967b-9jg2b" originNode="ip-172-31-1-245"
I0606 05:11:51.684448       1 resourcedefragmentation.go:757] "Candidate score inputs" plugin="ResourceDefragmentation" pod="defrag-exp/s4-cpu-245-cccd9967b-l8p5m" originNode="ip-172-31-1-245" c1=0.06487231194772593 c2=-999.9 c3=0.2652455228191796 c4=0
I0606 05:11:51.684542       1 resourcedefragmentation.go:274] "No feasible scheduler target within ceiling; leaving pod in place" plugin="ResourceDefragmentation" ExtensionPoint="Balance" pod="defrag-exp/s4-cpu-245-cccd9967b-l8p5m" originNode="ip-172-31-1-245"
I0606 05:11:51.684574       1 resourcedefragmentation.go:260] "Draining under-utilized node" plugin="ResourceDefragmentation" ExtensionPoint="Balance" node="ip-172-31-3-39" priority=11.798662107840348
I0606 05:11:51.684657       1 resourcedefragmentation.go:757] "Candidate score inputs" plugin="ResourceDefragmentation" pod="defrag-exp/s4-mem-39-5d5899dbd4-9clvs" originNode="ip-172-31-3-39" c1=0.06359733272103738 c2=0.9177142306951666 c3=0.2647787154761962 c4=0
I0606 05:11:51.684756       1 resourcedefragmentation.go:757] "Candidate score inputs" plugin="ResourceDefragmentation" pod="defrag-exp/s4-mem-39-5d5899dbd4-dxd95" originNode="ip-172-31-3-39" c1=0.06359733272103738 c2=0.9177142306951666 c3=0.2647787154761962 c4=0
I0606 05:11:51.684773       1 resourcedefragmentation.go:757] "Candidate score inputs" plugin="ResourceDefragmentation" pod="defrag-exp/s4-mem-39-5d5899dbd4-rpsqh" originNode="ip-172-31-3-39" c1=0.06359733272103738 c2=0.9177142306951666 c3=0.2647787154761962 c4=0
I0606 05:11:51.684793       1 resourcedefragmentation.go:278] "Eviction decision" plugin="ResourceDefragmentation" ExtensionPoint="Balance" pod="defrag-exp/s4-mem-39-5d5899dbd4-9clvs" originNode="ip-172-31-3-39" predictedTarget="ip-172-31-31-146"
E0606 05:11:51.685983       1 event_broadcaster.go:270] "Server rejected event (will not retry!)" err="events.events.k8s.io is forbidden: User \"system:serviceaccount:kube-system:descheduler\" cannot create resource \"events\" in API group \"events.k8s.io\" in the namespace \"defrag-exp\"" event="&Event{ObjectMeta:{s4-cpu-198-c8bbfc967-wrgqk.18b665df215cf042  defrag-exp    0 0001-01-01 00:00:00 +0000 UTC <nil> <nil> map[] map[] [] [] []},EventTime:2026-06-06 05:11:51.683435128 +0000 UTC m=+0.340441849,Series:nil,ReportingController:sigs.k8s.io.descheduler,ReportingInstance:sigs.k8s.io.descheduler-descheduler-job-jtdgz,Action:Descheduled,Reason:ResourceDefragmentation,Regarding:{Pod defrag-exp s4-cpu-198-c8bbfc967-wrgqk 365bc88d-f44c-4b8d-94e6-198aa9fa89eb v1 236402 },Related:nil,Note:pod eviction from ip-172-31-16-198 node by sigs.k8s.io/descheduler,Type:Normal,DeprecatedSource:{ },DeprecatedFirstTimestamp:0001-01-01 00:00:00 +0000 UTC,DeprecatedLastTimestamp:0001-01-01 00:00:00 +0000 UTC,DeprecatedCount:0,}"
I0606 05:11:51.784042       1 evictions.go:558] "Evicted pod" pod="defrag-exp/s4-mem-39-5d5899dbd4-9clvs" reason="" strategy="ResourceDefragmentation" node="ip-172-31-3-39" profile="default"
I0606 05:11:51.784324       1 resourcedefragmentation.go:757] "Candidate score inputs" plugin="ResourceDefragmentation" pod="defrag-exp/s4-mem-39-5d5899dbd4-dxd95" originNode="ip-172-31-3-39" c1=0.04270276784286004 c2=0.6424220702006076 c3=0.2825257679846331 c4=0
I0606 05:11:51.784391       1 resourcedefragmentation.go:757] "Candidate score inputs" plugin="ResourceDefragmentation" pod="defrag-exp/s4-mem-39-5d5899dbd4-rpsqh" originNode="ip-172-31-3-39" c1=0.04270276784286004 c2=0.6424220702006076 c3=0.2825257679846331 c4=0
I0606 05:11:51.784417       1 resourcedefragmentation.go:278] "Eviction decision" plugin="ResourceDefragmentation" ExtensionPoint="Balance" pod="defrag-exp/s4-mem-39-5d5899dbd4-dxd95" originNode="ip-172-31-3-39" predictedTarget="ip-172-31-16-198"
E0606 05:11:51.786676       1 event_broadcaster.go:270] "Server rejected event (will not retry!)" err="events.events.k8s.io is forbidden: User \"system:serviceaccount:kube-system:descheduler\" cannot create resource \"events\" in API group \"events.k8s.io\" in the namespace \"defrag-exp\"" event="&Event{ObjectMeta:{s4-mem-39-5d5899dbd4-9clvs.18b665df275c38ed  defrag-exp    0 0001-01-01 00:00:00 +0000 UTC <nil> <nil> map[] map[] [] [] []},EventTime:2026-06-06 05:11:51.784067031 +0000 UTC m=+0.441073757,Series:nil,ReportingController:sigs.k8s.io.descheduler,ReportingInstance:sigs.k8s.io.descheduler-descheduler-job-jtdgz,Action:Descheduled,Reason:ResourceDefragmentation,Regarding:{Pod defrag-exp s4-mem-39-5d5899dbd4-9clvs a127acd0-dc95-4f59-b569-948583a093d0 v1 236502 },Related:nil,Note:pod eviction from ip-172-31-3-39 node by sigs.k8s.io/descheduler,Type:Normal,DeprecatedSource:{ },DeprecatedFirstTimestamp:0001-01-01 00:00:00 +0000 UTC,DeprecatedLastTimestamp:0001-01-01 00:00:00 +0000 UTC,DeprecatedCount:0,}"
I0606 05:11:51.883001       1 evictions.go:558] "Evicted pod" pod="defrag-exp/s4-mem-39-5d5899dbd4-dxd95" reason="" strategy="ResourceDefragmentation" node="ip-172-31-3-39" profile="default"
I0606 05:11:51.883062       1 resourcedefragmentation.go:757] "Candidate score inputs" plugin="ResourceDefragmentation" pod="defrag-exp/s4-mem-39-5d5899dbd4-rpsqh" originNode="ip-172-31-3-39" c1=0.021808202964682687 c2=0.8544132578146437 c3=0.30027282049306997 c4=0
I0606 05:11:51.883096       1 resourcedefragmentation.go:278] "Eviction decision" plugin="ResourceDefragmentation" ExtensionPoint="Balance" pod="defrag-exp/s4-mem-39-5d5899dbd4-rpsqh" originNode="ip-172-31-3-39" predictedTarget="ip-172-31-16-198"
E0606 05:11:51.885538       1 event_broadcaster.go:270] "Server rejected event (will not retry!)" err="events.events.k8s.io is forbidden: User \"system:serviceaccount:kube-system:descheduler\" cannot create resource \"events\" in API group \"events.k8s.io\" in the namespace \"defrag-exp\"" event="&Event{ObjectMeta:{s4-mem-39-5d5899dbd4-dxd95.18b665df2d421a3d  defrag-exp    0 0001-01-01 00:00:00 +0000 UTC <nil> <nil> map[] map[] [] [] []},EventTime:2026-06-06 05:11:51.883022945 +0000 UTC m=+0.540029679,Series:nil,ReportingController:sigs.k8s.io.descheduler,ReportingInstance:sigs.k8s.io.descheduler-descheduler-job-jtdgz,Action:Descheduled,Reason:ResourceDefragmentation,Regarding:{Pod defrag-exp s4-mem-39-5d5899dbd4-dxd95 a9d460f5-5a75-4e8a-abfd-44d0713dd0e2 v1 236506 },Related:nil,Note:pod eviction from ip-172-31-3-39 node by sigs.k8s.io/descheduler,Type:Normal,DeprecatedSource:{ },DeprecatedFirstTimestamp:0001-01-01 00:00:00 +0000 UTC,DeprecatedLastTimestamp:0001-01-01 00:00:00 +0000 UTC,DeprecatedCount:0,}"
I0606 05:11:51.991762       1 evictions.go:558] "Evicted pod" pod="defrag-exp/s4-mem-39-5d5899dbd4-rpsqh" reason="" strategy="ResourceDefragmentation" node="ip-172-31-3-39" profile="default"
I0606 05:11:51.991856       1 resourcedefragmentation.go:260] "Draining under-utilized node" plugin="ResourceDefragmentation" ExtensionPoint="Balance" node="ip-172-31-19-34" priority=11.79763975003293
I0606 05:11:51.991887       1 resourcedefragmentation.go:757] "Candidate score inputs" plugin="ResourceDefragmentation" pod="defrag-exp/s4-mem-34-67b57f4875-xfdlr" originNode="ip-172-31-19-34" c1=0.0635963266772205 c2=-999.9 c3=0.26477758521086076 c4=0
I0606 05:11:51.991901       1 resourcedefragmentation.go:757] "Candidate score inputs" plugin="ResourceDefragmentation" pod="defrag-exp/s4-mem-34-67b57f4875-242nl" originNode="ip-172-31-19-34" c1=0.0635963266772205 c2=-999.9 c3=0.26477758521086076 c4=0
I0606 05:11:51.991912       1 resourcedefragmentation.go:757] "Candidate score inputs" plugin="ResourceDefragmentation" pod="defrag-exp/s4-mem-34-67b57f4875-hl76x" originNode="ip-172-31-19-34" c1=0.0635963266772205 c2=-999.9 c3=0.26477758521086076 c4=0
I0606 05:11:51.991929       1 resourcedefragmentation.go:274] "No feasible scheduler target within ceiling; leaving pod in place" plugin="ResourceDefragmentation" ExtensionPoint="Balance" pod="defrag-exp/s4-mem-34-67b57f4875-xfdlr" originNode="ip-172-31-19-34"
I0606 05:11:51.991940       1 resourcedefragmentation.go:757] "Candidate score inputs" plugin="ResourceDefragmentation" pod="defrag-exp/s4-mem-34-67b57f4875-242nl" originNode="ip-172-31-19-34" c1=0.0635963266772205 c2=-999.9 c3=0.26477758521086076 c4=0
I0606 05:11:51.991951       1 resourcedefragmentation.go:757] "Candidate score inputs" plugin="ResourceDefragmentation" pod="defrag-exp/s4-mem-34-67b57f4875-hl76x" originNode="ip-172-31-19-34" c1=0.0635963266772205 c2=-999.9 c3=0.26477758521086076 c4=0
I0606 05:11:51.991965       1 resourcedefragmentation.go:274] "No feasible scheduler target within ceiling; leaving pod in place" plugin="ResourceDefragmentation" ExtensionPoint="Balance" pod="defrag-exp/s4-mem-34-67b57f4875-242nl" originNode="ip-172-31-19-34"
I0606 05:11:51.991976       1 resourcedefragmentation.go:757] "Candidate score inputs" plugin="ResourceDefragmentation" pod="defrag-exp/s4-mem-34-67b57f4875-hl76x" originNode="ip-172-31-19-34" c1=0.0635963266772205 c2=-999.9 c3=0.26477758521086076 c4=0
I0606 05:11:51.991992       1 resourcedefragmentation.go:274] "No feasible scheduler target within ceiling; leaving pod in place" plugin="ResourceDefragmentation" ExtensionPoint="Balance" pod="defrag-exp/s4-mem-34-67b57f4875-hl76x" originNode="ip-172-31-19-34"
I0606 05:11:51.992026       1 profile.go:425] "Total number of evictions/requests" extension point="Balance" evictedPods=4 evictionRequests=0
I0606 05:11:51.992065       1 descheduler.go:252] "Number of evictions/requests" totalEvicted=4 evictionRequests=0
E0606 05:11:51.992326       1 event_broadcaster.go:279] "Unable to write event (may retry after sleeping)" err="client rate limiter Wait returned an error: context canceled"
I0606 05:11:51.992375       1 reflector.go:373] "Stopping reflector" type="*v1.Pod" resyncPeriod="0s" reflector="k8s.io/client-go/informers/factory.go:161"
I0606 05:11:51.992403       1 reflector.go:373] "Stopping reflector" type="*v1.Node" resyncPeriod="0s" reflector="k8s.io/client-go/informers/factory.go:161"
I0606 05:11:51.992445       1 reflector.go:373] "Stopping reflector" type="*v1.PersistentVolumeClaim" resyncPeriod="0s" reflector="k8s.io/client-go/informers/factory.go:161"
I0606 05:11:51.992709       1 tlsconfig.go:258] "Shutting down DynamicServingCertificateController"
I0606 05:11:51.992903       1 secure_serving.go:259] Stopped listening on [::]:10258
