I0606 14:44:00.400416       1 feature_gate.go:466] feature gates: {map[]}
I0606 14:44:00.550253       1 secure_serving.go:57] Forcing use of http/1.1 only
I0606 14:44:00.550762       1 named_certificates.go:53] "Loaded SNI cert" index=0 certName="self-signed loopback" certDetail="\"apiserver-loopback-client@1780757040\" [serving] validServingFor=[apiserver-loopback-client] issuer=\"apiserver-loopback-client-ca@1780757040\" (2026-06-06 13:44:00 +0000 UTC to 2029-06-06 13:44:00 +0000 UTC (now=2026-06-06 14:44:00.550663378 +0000 UTC))"
I0606 14:44:00.550807       1 secure_serving.go:211] Serving securely on [::]:10258
I0606 14:44:00.550826       1 tracing.go:88] Did not find a trace collector endpoint defined. Switching to NoopTraceProvider
I0606 14:44:00.550855       1 tlsconfig.go:243] "Starting DynamicServingCertificateController"
I0606 14:44:00.551283       1 envvar.go:172] "Feature gate default state" feature="ClientsPreferCBOR" enabled=false
I0606 14:44:00.551304       1 envvar.go:172] "Feature gate default state" feature="InOrderInformers" enabled=true
I0606 14:44:00.551312       1 envvar.go:172] "Feature gate default state" feature="InOrderInformersBatchProcess" enabled=true
I0606 14:44:00.551319       1 envvar.go:172] "Feature gate default state" feature="InformerResourceVersion" enabled=true
I0606 14:44:00.551325       1 envvar.go:172] "Feature gate default state" feature="WatchListClient" enabled=true
I0606 14:44:00.551331       1 envvar.go:172] "Feature gate default state" feature="ClientsAllowCBOR" enabled=false
W0606 14:44:00.560363       1 descheduler.go:333] failed to convert Descheduler minor version '' to float: strconv.ParseFloat: parsing "": invalid syntax
I0606 14:44:00.570242       1 reflector.go:367] "Starting reflector" type="*v1.Pod" resyncPeriod="0s" reflector="k8s.io/client-go/informers/factory.go:161"
I0606 14:44:00.570269       1 reflector.go:411] "Listing and watching" type="*v1.Pod" reflector="k8s.io/client-go/informers/factory.go:161"
I0606 14:44:00.570339       1 reflector.go:367] "Starting reflector" type="*v1.PersistentVolumeClaim" resyncPeriod="0s" reflector="k8s.io/client-go/informers/factory.go:161"
I0606 14:44:00.570351       1 reflector.go:411] "Listing and watching" type="*v1.PersistentVolumeClaim" reflector="k8s.io/client-go/informers/factory.go:161"
I0606 14:44:00.570250       1 reflector.go:367] "Starting reflector" type="*v1.Node" resyncPeriod="0s" reflector="k8s.io/client-go/informers/factory.go:161"
I0606 14:44:00.570498       1 reflector.go:411] "Listing and watching" type="*v1.Node" reflector="k8s.io/client-go/informers/factory.go:161"
I0606 14:44:00.573157       1 reflector.go:978] "Exiting watch because received the bookmark that marks the end of initial events stream" reflector="k8s.io/client-go/informers/factory.go:161" totalItems=1 duration="2.783704ms"
I0606 14:44:00.573188       1 reflector.go:446] "Caches populated" type="*v1.PersistentVolumeClaim" reflector="k8s.io/client-go/informers/factory.go:161"
I0606 14:44:00.576190       1 reflector.go:978] "Exiting watch because received the bookmark that marks the end of initial events stream" reflector="k8s.io/client-go/informers/factory.go:161" totalItems=8 duration="5.667834ms"
I0606 14:44:00.576331       1 reflector.go:446] "Caches populated" type="*v1.Node" reflector="k8s.io/client-go/informers/factory.go:161"
I0606 14:44:00.579353       1 reflector.go:978] "Exiting watch because received the bookmark that marks the end of initial events stream" reflector="k8s.io/client-go/informers/factory.go:161" totalItems=28 duration="9.047316ms"
I0606 14:44:00.579417       1 reflector.go:446] "Caches populated" type="*v1.Pod" reflector="k8s.io/client-go/informers/factory.go:161"
I0606 14:44:00.671232       1 descheduler.go:235] Resetting pod evictor counters
I0606 14:44:00.671306       1 resourcedefragmentation.go:178] "Starting resource defragmentation balance pass" plugin="ResourceDefragmentation" ExtensionPoint="Balance" nodeCount=7
I0606 14:44:00.671387       1 resourcedefragmentation.go:219] "Node state" plugin="ResourceDefragmentation" ExtensionPoint="Balance" node="ip-172-31-6-144" avgUtilization=0.05581115171122249 minUtilization=0.05 binScore=0.5220944241443888 usageSource="requests"
I0606 14:44:00.671433       1 resourcedefragmentation.go:185] "Skipping control-plane node" plugin="ResourceDefragmentation" ExtensionPoint="Balance" node="ip-172-31-84-108"
I0606 14:44:00.671483       1 resourcedefragmentation.go:219] "Node state" plugin="ResourceDefragmentation" ExtensionPoint="Balance" node="ip-172-31-1-245" avgUtilization=0.3928663275280114 minUtilization=0.305 binScore=0.6085668362359943 usageSource="requests"
I0606 14:44:00.671537       1 resourcedefragmentation.go:219] "Node state" plugin="ResourceDefragmentation" ExtensionPoint="Balance" node="ip-172-31-16-198" avgUtilization=0.40545953908886523 minUtilization=0.11091907817773049 binScore=0.4081893086332979 usageSource="requests"
I0606 14:44:00.671577       1 resourcedefragmentation.go:219] "Node state" plugin="ResourceDefragmentation" ExtensionPoint="Balance" node="ip-172-31-19-34" avgUtilization=0.4158906219911419 minUtilization=0.08 binScore=0.372054689004429 usageSource="requests"
I0606 14:44:00.671638       1 resourcedefragmentation.go:219] "Node state" plugin="ResourceDefragmentation" ExtensionPoint="Balance" node="ip-172-31-3-39" avgUtilization=0.6889177739264394 minUtilization=0.6778355478528789 binScore=0.8333766608896591 usageSource="requests"
I0606 14:44:00.671710       1 resourcedefragmentation.go:219] "Node state" plugin="ResourceDefragmentation" ExtensionPoint="Balance" node="ip-172-31-31-146" avgUtilization=0.05581100337958193 minUtilization=0.05 binScore=0.522094498310209 usageSource="requests"
I0606 14:44:00.671826       1 resourcedefragmentation.go:257] "Node is a drain candidate" plugin="ResourceDefragmentation" ExtensionPoint="Balance" node="ip-172-31-1-245" avgUtilization=0.3928663275280114 binScore=0.6085668362359943 imbalanceIndex=-0.17573265505602287 freeSpaceIndex=0.36089080473606405 priority=1.4733269524589425
I0606 14:44:00.671888       1 resourcedefragmentation.go:257] "Node is a drain candidate" plugin="ResourceDefragmentation" ExtensionPoint="Balance" node="ip-172-31-19-34" avgUtilization=0.4158906219911419 binScore=0.372054689004429 imbalanceIndex=-0.6717812439822839 freeSpaceIndex=0.22836125553629885 priority=2.5254038938761436
I0606 14:44:00.671913       1 resourcedefragmentation.go:280] "Draining under-utilized node" plugin="ResourceDefragmentation" ExtensionPoint="Balance" node="ip-172-31-19-34" priority=2.5254038938761436
I0606 14:44:00.671973       1 resourcedefragmentation.go:867] "Candidate score inputs" plugin="ResourceDefragmentation" pod="defrag-exp/s6c3-memskew-34-b87f75f6b-q8hkk" originNode="ip-172-31-19-34" c1=0.3060741467363653 c2=0.8472294421790978 c3=0.6630984016945889 c4=0
I0606 14:44:00.672025       1 resourcedefragmentation.go:298] "Eviction decision" plugin="ResourceDefragmentation" ExtensionPoint="Balance" pod="defrag-exp/s6c3-memskew-34-b87f75f6b-q8hkk" originNode="ip-172-31-19-34" predictedTarget="ip-172-31-16-198"
I0606 14:44:00.695820       1 evictions.go:558] "Evicted pod" pod="defrag-exp/s6c3-memskew-34-b87f75f6b-q8hkk" reason="" strategy="ResourceDefragmentation" node="ip-172-31-19-34" profile="default"
I0606 14:44:00.695966       1 resourcedefragmentation.go:280] "Draining under-utilized node" plugin="ResourceDefragmentation" ExtensionPoint="Balance" node="ip-172-31-1-245" priority=1.4733269524589425
I0606 14:44:00.696039       1 resourcedefragmentation.go:867] "Candidate score inputs" plugin="ResourceDefragmentation" pod="defrag-exp/s6c3-membig-245-5749565466-s7w7d" originNode="ip-172-31-1-245" c1=0.014340122348619862 c2=-999.9 c3=0.2219077151235296 c4=0
I0606 14:44:00.696138       1 resourcedefragmentation.go:867] "Candidate score inputs" plugin="ResourceDefragmentation" pod="defrag-exp/s6c3-bal-245-646d7f76db-vfg8d" originNode="ip-172-31-1-245" c1=0.0006691166277803148 c2=0.8758925476603119 c3=0.10560796983864831 c4=0
I0606 14:44:00.696190       1 resourcedefragmentation.go:867] "Candidate score inputs" plugin="ResourceDefragmentation" pod="defrag-exp/s6c3-cpubig-245-5d4fc7c5bf-q7nn9" originNode="ip-172-31-1-245" c1=-0.004623654893249824 c2=0.8081130849220104 c3=0.11231985766769546 c4=0
I0606 14:44:00.696224       1 resourcedefragmentation.go:294] "No feasible scheduler target within ceiling; leaving pod in place" plugin="ResourceDefragmentation" ExtensionPoint="Balance" pod="defrag-exp/s6c3-membig-245-5749565466-s7w7d" originNode="ip-172-31-1-245"
I0606 14:44:00.696239       1 resourcedefragmentation.go:867] "Candidate score inputs" plugin="ResourceDefragmentation" pod="defrag-exp/s6c3-bal-245-646d7f76db-vfg8d" originNode="ip-172-31-1-245" c1=0.0006691166277803148 c2=0.8758925476603119 c3=0.10560796983864831 c4=0
I0606 14:44:00.696251       1 resourcedefragmentation.go:867] "Candidate score inputs" plugin="ResourceDefragmentation" pod="defrag-exp/s6c3-cpubig-245-5d4fc7c5bf-q7nn9" originNode="ip-172-31-1-245" c1=-0.004623654893249824 c2=0.8081130849220104 c3=0.11231985766769546 c4=0
I0606 14:44:00.696268       1 resourcedefragmentation.go:298] "Eviction decision" plugin="ResourceDefragmentation" ExtensionPoint="Balance" pod="defrag-exp/s6c3-bal-245-646d7f76db-vfg8d" originNode="ip-172-31-1-245" predictedTarget="ip-172-31-3-39"
E0606 14:44:00.699728       1 event_broadcaster.go:270] "Server rejected event (will not retry!)" err="events.events.k8s.io is forbidden: User \"system:serviceaccount:kube-system:descheduler\" cannot create resource \"events\" in API group \"events.k8s.io\" in the namespace \"defrag-exp\"" event="&Event{ObjectMeta:{s6c3-memskew-34-b87f75f6b-q8hkk.18b68517f9f4353e  defrag-exp    0 0001-01-01 00:00:00 +0000 UTC <nil> <nil> map[] map[] [] [] []},EventTime:2026-06-06 14:44:00.695857996 +0000 UTC m=+0.329399918,Series:nil,ReportingController:sigs.k8s.io.descheduler,ReportingInstance:sigs.k8s.io.descheduler-descheduler-job-5gswz,Action:Descheduled,Reason:ResourceDefragmentation,Regarding:{Pod defrag-exp s6c3-memskew-34-b87f75f6b-q8hkk e2283946-4adc-4405-bb57-aec9c7c265af v1 285500 },Related:nil,Note:pod eviction from ip-172-31-19-34 node by sigs.k8s.io/descheduler,Type:Normal,DeprecatedSource:{ },DeprecatedFirstTimestamp:0001-01-01 00:00:00 +0000 UTC,DeprecatedLastTimestamp:0001-01-01 00:00:00 +0000 UTC,DeprecatedCount:0,}"
I0606 14:44:00.795859       1 evictions.go:558] "Evicted pod" pod="defrag-exp/s6c3-bal-245-646d7f76db-vfg8d" reason="" strategy="ResourceDefragmentation" node="ip-172-31-1-245" profile="default"
I0606 14:44:00.795930       1 resourcedefragmentation.go:867] "Candidate score inputs" plugin="ResourceDefragmentation" pod="defrag-exp/s6c3-cpubig-245-5d4fc7c5bf-q7nn9" originNode="ip-172-31-1-245" c1=-0.0036077494469861915 c2=-999.9 c3=0.1310561047365456 c4=0
I0606 14:44:00.795962       1 resourcedefragmentation.go:294] "No feasible scheduler target within ceiling; leaving pod in place" plugin="ResourceDefragmentation" ExtensionPoint="Balance" pod="defrag-exp/s6c3-cpubig-245-5d4fc7c5bf-q7nn9" originNode="ip-172-31-1-245"
I0606 14:44:00.796004       1 profile.go:425] "Total number of evictions/requests" extension point="Balance" evictedPods=2 evictionRequests=0
I0606 14:44:00.796032       1 descheduler.go:252] "Number of evictions/requests" totalEvicted=2 evictionRequests=0
E0606 14:44:00.796552       1 event_broadcaster.go:279] "Unable to write event (may retry after sleeping)" err="client rate limiter Wait returned an error: context canceled"
I0606 14:44:00.796760       1 reflector.go:373] "Stopping reflector" type="*v1.Pod" resyncPeriod="0s" reflector="k8s.io/client-go/informers/factory.go:161"
I0606 14:44:00.796798       1 reflector.go:373] "Stopping reflector" type="*v1.Node" resyncPeriod="0s" reflector="k8s.io/client-go/informers/factory.go:161"
I0606 14:44:00.796919       1 reflector.go:373] "Stopping reflector" type="*v1.PersistentVolumeClaim" resyncPeriod="0s" reflector="k8s.io/client-go/informers/factory.go:161"
I0606 14:44:00.797301       1 tlsconfig.go:258] "Shutting down DynamicServingCertificateController"
I0606 14:44:00.797476       1 secure_serving.go:259] Stopped listening on [::]:10258
