I0606 05:16:06.207540       1 feature_gate.go:466] feature gates: {map[]}
I0606 05:16:06.391849       1 secure_serving.go:57] Forcing use of http/1.1 only
I0606 05:16:06.392603       1 named_certificates.go:53] "Loaded SNI cert" index=0 certName="self-signed loopback" certDetail="\"apiserver-loopback-client@1780722966\" [serving] validServingFor=[apiserver-loopback-client] issuer=\"apiserver-loopback-client-ca@1780722966\" (2026-06-06 04:16:06 +0000 UTC to 2029-06-06 04:16:06 +0000 UTC (now=2026-06-06 05:16:06.392297345 +0000 UTC))"
I0606 05:16:06.392675       1 secure_serving.go:211] Serving securely on [::]:10258
I0606 05:16:06.392704       1 tracing.go:88] Did not find a trace collector endpoint defined. Switching to NoopTraceProvider
I0606 05:16:06.392804       1 tlsconfig.go:243] "Starting DynamicServingCertificateController"
I0606 05:16:06.393098       1 envvar.go:172] "Feature gate default state" feature="ClientsAllowCBOR" enabled=false
I0606 05:16:06.393145       1 envvar.go:172] "Feature gate default state" feature="ClientsPreferCBOR" enabled=false
I0606 05:16:06.393152       1 envvar.go:172] "Feature gate default state" feature="InOrderInformers" enabled=true
I0606 05:16:06.393158       1 envvar.go:172] "Feature gate default state" feature="InOrderInformersBatchProcess" enabled=true
I0606 05:16:06.393163       1 envvar.go:172] "Feature gate default state" feature="InformerResourceVersion" enabled=true
I0606 05:16:06.393168       1 envvar.go:172] "Feature gate default state" feature="WatchListClient" enabled=true
W0606 05:16:06.414492       1 descheduler.go:333] failed to convert Descheduler minor version '' to float: strconv.ParseFloat: parsing "": invalid syntax
I0606 05:16:06.446536       1 reflector.go:367] "Starting reflector" type="*v1.PersistentVolumeClaim" resyncPeriod="0s" reflector="k8s.io/client-go/informers/factory.go:161"
I0606 05:16:06.446657       1 reflector.go:411] "Listing and watching" type="*v1.PersistentVolumeClaim" reflector="k8s.io/client-go/informers/factory.go:161"
I0606 05:16:06.446534       1 reflector.go:367] "Starting reflector" type="*v1.Pod" resyncPeriod="0s" reflector="k8s.io/client-go/informers/factory.go:161"
I0606 05:16:06.447510       1 reflector.go:411] "Listing and watching" type="*v1.Pod" reflector="k8s.io/client-go/informers/factory.go:161"
I0606 05:16:06.446598       1 reflector.go:367] "Starting reflector" type="*v1.Node" resyncPeriod="0s" reflector="k8s.io/client-go/informers/factory.go:161"
I0606 05:16:06.447659       1 reflector.go:411] "Listing and watching" type="*v1.Node" reflector="k8s.io/client-go/informers/factory.go:161"
I0606 05:16:06.452417       1 reflector.go:446] "Caches populated" type="*v1.PersistentVolumeClaim" reflector="k8s.io/client-go/informers/factory.go:161"
I0606 05:16:06.453583       1 reflector.go:446] "Caches populated" type="*v1.Node" reflector="k8s.io/client-go/informers/factory.go:161"
I0606 05:16:06.461177       1 reflector.go:446] "Caches populated" type="*v1.Pod" reflector="k8s.io/client-go/informers/factory.go:161"
I0606 05:16:06.547311       1 descheduler.go:235] Resetting pod evictor counters
I0606 05:16:06.547391       1 resourcedefragmentation.go:158] "Starting resource defragmentation balance pass" plugin="ResourceDefragmentation" ExtensionPoint="Balance" nodeCount=7
I0606 05:16:06.547447       1 resourcedefragmentation.go:199] "Node state" plugin="ResourceDefragmentation" ExtensionPoint="Balance" node="ip-172-31-6-144" avgUtilization=0.055810855049369584 minUtilization=0.05 binScore=0.5220945724753152 usageSource="requests"
I0606 05:16:06.547529       1 resourcedefragmentation.go:165] "Skipping control-plane node" plugin="ResourceDefragmentation" ExtensionPoint="Balance" node="ip-172-31-84-108"
I0606 05:16:06.547619       1 resourcedefragmentation.go:199] "Node state" plugin="ResourceDefragmentation" ExtensionPoint="Balance" node="ip-172-31-1-245" avgUtilization=0.5501781243982283 minUtilization=0.15035624879645676 binScore=0.37526718659734254 usageSource="requests"
I0606 05:16:06.547697       1 resourcedefragmentation.go:199] "Node state" plugin="ResourceDefragmentation" ExtensionPoint="Balance" node="ip-172-31-16-198" avgUtilization=0.5501784863204617 minUtilization=0.15035697264092354 binScore=0.37526772948069265 usageSource="requests"
I0606 05:16:06.547742       1 resourcedefragmentation.go:199] "Node state" plugin="ResourceDefragmentation" ExtensionPoint="Balance" node="ip-172-31-19-34" avgUtilization=0.5444848834970153 minUtilization=0.14 binScore=0.3677575582514924 usageSource="requests"
I0606 05:16:06.547779       1 resourcedefragmentation.go:199] "Node state" plugin="ResourceDefragmentation" ExtensionPoint="Balance" node="ip-172-31-3-39" avgUtilization=0.5444871677602916 minUtilization=0.14 binScore=0.36775641611985427 usageSource="requests"
I0606 05:16:06.547799       1 resourcedefragmentation.go:199] "Node state" plugin="ResourceDefragmentation" ExtensionPoint="Balance" node="ip-172-31-31-146" avgUtilization=0.5168910071249759 minUtilization=0.51 binScore=0.751554496437512 usageSource="requests"
I0606 05:16:06.548096       1 resourcedefragmentation.go:237] "Node is a drain candidate" plugin="ResourceDefragmentation" ExtensionPoint="Balance" node="ip-172-31-1-245" avgUtilization=0.5501781243982283 binScore=0.37526718659734254 imbalanceIndex=0.7996437512035433 freeSpaceIndex=0.04248218756017716 priority=12.169460576875634
I0606 05:16:06.548241       1 resourcedefragmentation.go:237] "Node is a drain candidate" plugin="ResourceDefragmentation" ExtensionPoint="Balance" node="ip-172-31-16-198" avgUtilization=0.5501784863204617 binScore=0.37526772948069265 imbalanceIndex=0.7996430273590764 freeSpaceIndex=0.04248215136795383 priority=12.169470241973634
I0606 05:16:06.548303       1 resourcedefragmentation.go:237] "Node is a drain candidate" plugin="ResourceDefragmentation" ExtensionPoint="Balance" node="ip-172-31-19-34" avgUtilization=0.5444848834970153 binScore=0.3677575582514924 imbalanceIndex=-0.8089697669940304 freeSpaceIndex=0.04388600038513383 priority=11.79763975003293
I0606 05:16:06.548370       1 resourcedefragmentation.go:237] "Node is a drain candidate" plugin="ResourceDefragmentation" ExtensionPoint="Balance" node="ip-172-31-3-39" avgUtilization=0.5444871677602916 binScore=0.36775641611985427 imbalanceIndex=-0.8089743355205831 freeSpaceIndex=0.04388207145229854 priority=11.798662107840348
I0606 05:16:06.548425       1 resourcedefragmentation.go:260] "Draining under-utilized node" plugin="ResourceDefragmentation" ExtensionPoint="Balance" node="ip-172-31-16-198" priority=12.169470241973634
I0606 05:16:06.548465       1 resourcedefragmentation.go:757] "Candidate score inputs" plugin="ResourceDefragmentation" pod="defrag-exp/s4-cpu-198-c8bbfc967-dhd7n" originNode="ip-172-31-16-198" c1=0.0648722190650434 c2=0.7125202195262854 c3=0.2652453555043111 c4=0
I0606 05:16:06.548562       1 resourcedefragmentation.go:757] "Candidate score inputs" plugin="ResourceDefragmentation" pod="defrag-exp/s4-cpu-198-c8bbfc967-vmb27" originNode="ip-172-31-16-198" c1=0.0648722190650434 c2=0.7125202195262854 c3=0.2652453555043111 c4=0
I0606 05:16:06.548579       1 resourcedefragmentation.go:757] "Candidate score inputs" plugin="ResourceDefragmentation" pod="defrag-exp/s4-cpu-198-c8bbfc967-qljxn" originNode="ip-172-31-16-198" c1=0.0648722190650434 c2=0.7125202195262854 c3=0.2652453555043111 c4=0
I0606 05:16:06.548601       1 resourcedefragmentation.go:278] "Eviction decision" plugin="ResourceDefragmentation" ExtensionPoint="Balance" pod="defrag-exp/s4-cpu-198-c8bbfc967-dhd7n" originNode="ip-172-31-16-198" predictedTarget="ip-172-31-31-146"
I0606 05:16:06.571619       1 evictions.go:558] "Evicted pod" pod="defrag-exp/s4-cpu-198-c8bbfc967-dhd7n" reason="" strategy="ResourceDefragmentation" node="ip-172-31-16-198" profile="default"
I0606 05:16:06.571884       1 resourcedefragmentation.go:757] "Candidate score inputs" plugin="ResourceDefragmentation" pod="defrag-exp/s4-cpu-198-c8bbfc967-vmb27" originNode="ip-172-31-16-198" c1=0.04293386992362678 c2=-999.9 c3=0.282992408012748 c4=0
I0606 05:16:06.571944       1 resourcedefragmentation.go:757] "Candidate score inputs" plugin="ResourceDefragmentation" pod="defrag-exp/s4-cpu-198-c8bbfc967-qljxn" originNode="ip-172-31-16-198" c1=0.04293386992362678 c2=-999.9 c3=0.282992408012748 c4=0
I0606 05:16:06.571966       1 resourcedefragmentation.go:274] "No feasible scheduler target within ceiling; leaving pod in place" plugin="ResourceDefragmentation" ExtensionPoint="Balance" pod="defrag-exp/s4-cpu-198-c8bbfc967-vmb27" originNode="ip-172-31-16-198"
I0606 05:16:06.571984       1 resourcedefragmentation.go:757] "Candidate score inputs" plugin="ResourceDefragmentation" pod="defrag-exp/s4-cpu-198-c8bbfc967-qljxn" originNode="ip-172-31-16-198" c1=0.04293386992362678 c2=-999.9 c3=0.282992408012748 c4=0
I0606 05:16:06.571999       1 resourcedefragmentation.go:274] "No feasible scheduler target within ceiling; leaving pod in place" plugin="ResourceDefragmentation" ExtensionPoint="Balance" pod="defrag-exp/s4-cpu-198-c8bbfc967-qljxn" originNode="ip-172-31-16-198"
I0606 05:16:06.572010       1 resourcedefragmentation.go:260] "Draining under-utilized node" plugin="ResourceDefragmentation" ExtensionPoint="Balance" node="ip-172-31-1-245" priority=12.169460576875634
I0606 05:16:06.572023       1 resourcedefragmentation.go:757] "Candidate score inputs" plugin="ResourceDefragmentation" pod="defrag-exp/s4-cpu-245-cccd9967b-4fg5h" originNode="ip-172-31-1-245" c1=0.06487231194772593 c2=-999.9 c3=0.2652455228191796 c4=0
I0606 05:16:06.572034       1 resourcedefragmentation.go:757] "Candidate score inputs" plugin="ResourceDefragmentation" pod="defrag-exp/s4-cpu-245-cccd9967b-wmlzw" originNode="ip-172-31-1-245" c1=0.06487231194772593 c2=-999.9 c3=0.2652455228191796 c4=0
I0606 05:16:06.572045       1 resourcedefragmentation.go:757] "Candidate score inputs" plugin="ResourceDefragmentation" pod="defrag-exp/s4-cpu-245-cccd9967b-jk65q" originNode="ip-172-31-1-245" c1=0.06487231194772593 c2=-999.9 c3=0.2652455228191796 c4=0
I0606 05:16:06.572072       1 resourcedefragmentation.go:274] "No feasible scheduler target within ceiling; leaving pod in place" plugin="ResourceDefragmentation" ExtensionPoint="Balance" pod="defrag-exp/s4-cpu-245-cccd9967b-4fg5h" originNode="ip-172-31-1-245"
I0606 05:16:06.572083       1 resourcedefragmentation.go:757] "Candidate score inputs" plugin="ResourceDefragmentation" pod="defrag-exp/s4-cpu-245-cccd9967b-wmlzw" originNode="ip-172-31-1-245" c1=0.06487231194772593 c2=-999.9 c3=0.2652455228191796 c4=0
I0606 05:16:06.572092       1 resourcedefragmentation.go:757] "Candidate score inputs" plugin="ResourceDefragmentation" pod="defrag-exp/s4-cpu-245-cccd9967b-jk65q" originNode="ip-172-31-1-245" c1=0.06487231194772593 c2=-999.9 c3=0.2652455228191796 c4=0
I0606 05:16:06.572102       1 resourcedefragmentation.go:274] "No feasible scheduler target within ceiling; leaving pod in place" plugin="ResourceDefragmentation" ExtensionPoint="Balance" pod="defrag-exp/s4-cpu-245-cccd9967b-wmlzw" originNode="ip-172-31-1-245"
I0606 05:16:06.572111       1 resourcedefragmentation.go:757] "Candidate score inputs" plugin="ResourceDefragmentation" pod="defrag-exp/s4-cpu-245-cccd9967b-jk65q" originNode="ip-172-31-1-245" c1=0.06487231194772593 c2=-999.9 c3=0.2652455228191796 c4=0
I0606 05:16:06.572140       1 resourcedefragmentation.go:274] "No feasible scheduler target within ceiling; leaving pod in place" plugin="ResourceDefragmentation" ExtensionPoint="Balance" pod="defrag-exp/s4-cpu-245-cccd9967b-jk65q" originNode="ip-172-31-1-245"
I0606 05:16:06.572159       1 resourcedefragmentation.go:260] "Draining under-utilized node" plugin="ResourceDefragmentation" ExtensionPoint="Balance" node="ip-172-31-3-39" priority=11.798662107840348
I0606 05:16:06.572174       1 resourcedefragmentation.go:757] "Candidate score inputs" plugin="ResourceDefragmentation" pod="defrag-exp/s4-mem-39-5d5899dbd4-bz5sw" originNode="ip-172-31-3-39" c1=0.06359733272103738 c2=0.9177142306951666 c3=0.2647787154761962 c4=0
I0606 05:16:06.572216       1 resourcedefragmentation.go:757] "Candidate score inputs" plugin="ResourceDefragmentation" pod="defrag-exp/s4-mem-39-5d5899dbd4-bt95k" originNode="ip-172-31-3-39" c1=0.06359733272103738 c2=0.9177142306951666 c3=0.2647787154761962 c4=0
I0606 05:16:06.572230       1 resourcedefragmentation.go:757] "Candidate score inputs" plugin="ResourceDefragmentation" pod="defrag-exp/s4-mem-39-5d5899dbd4-6fkfj" originNode="ip-172-31-3-39" c1=0.06359733272103738 c2=0.9177142306951666 c3=0.2647787154761962 c4=0
I0606 05:16:06.572247       1 resourcedefragmentation.go:278] "Eviction decision" plugin="ResourceDefragmentation" ExtensionPoint="Balance" pod="defrag-exp/s4-mem-39-5d5899dbd4-bz5sw" originNode="ip-172-31-3-39" predictedTarget="ip-172-31-31-146"
E0606 05:16:06.578795       1 event_broadcaster.go:270] "Server rejected event (will not retry!)" err="events.events.k8s.io is forbidden: User \"system:serviceaccount:kube-system:descheduler\" cannot create resource \"events\" in API group \"events.k8s.io\" in the namespace \"defrag-exp\"" event="&Event{ObjectMeta:{s4-cpu-198-c8bbfc967-dhd7n.18b6661a79e29619  defrag-exp    0 0001-01-01 00:00:00 +0000 UTC <nil> <nil> map[] map[] [] [] []},EventTime:2026-06-06 05:16:06.571635299 +0000 UTC m=+0.435929138,Series:nil,ReportingController:sigs.k8s.io.descheduler,ReportingInstance:sigs.k8s.io.descheduler-descheduler-job-ctlwv,Action:Descheduled,Reason:ResourceDefragmentation,Regarding:{Pod defrag-exp s4-cpu-198-c8bbfc967-dhd7n 17dd3f5a-b76c-40b9-891b-fa6f5c4a6af1 v1 238299 },Related:nil,Note:pod eviction from ip-172-31-16-198 node by sigs.k8s.io/descheduler,Type:Normal,DeprecatedSource:{ },DeprecatedFirstTimestamp:0001-01-01 00:00:00 +0000 UTC,DeprecatedLastTimestamp:0001-01-01 00:00:00 +0000 UTC,DeprecatedCount:0,}"
I0606 05:16:06.677136       1 evictions.go:558] "Evicted pod" pod="defrag-exp/s4-mem-39-5d5899dbd4-bz5sw" reason="" strategy="ResourceDefragmentation" node="ip-172-31-3-39" profile="default"
I0606 05:16:06.677257       1 resourcedefragmentation.go:757] "Candidate score inputs" plugin="ResourceDefragmentation" pod="defrag-exp/s4-mem-39-5d5899dbd4-bt95k" originNode="ip-172-31-3-39" c1=0.04270276784286004 c2=0.6424220702006076 c3=0.2825257679846331 c4=0
I0606 05:16:06.677287       1 resourcedefragmentation.go:757] "Candidate score inputs" plugin="ResourceDefragmentation" pod="defrag-exp/s4-mem-39-5d5899dbd4-6fkfj" originNode="ip-172-31-3-39" c1=0.04270276784286004 c2=0.6424220702006076 c3=0.2825257679846331 c4=0
I0606 05:16:06.677310       1 resourcedefragmentation.go:278] "Eviction decision" plugin="ResourceDefragmentation" ExtensionPoint="Balance" pod="defrag-exp/s4-mem-39-5d5899dbd4-bt95k" originNode="ip-172-31-3-39" predictedTarget="ip-172-31-16-198"
E0606 05:16:06.681225       1 event_broadcaster.go:270] "Server rejected event (will not retry!)" err="events.events.k8s.io is forbidden: User \"system:serviceaccount:kube-system:descheduler\" cannot create resource \"events\" in API group \"events.k8s.io\" in the namespace \"defrag-exp\"" event="&Event{ObjectMeta:{s4-mem-39-5d5899dbd4-bz5sw.18b6661a802c4494  defrag-exp    0 0001-01-01 00:00:00 +0000 UTC <nil> <nil> map[] map[] [] [] []},EventTime:2026-06-06 05:16:06.677169477 +0000 UTC m=+0.541463321,Series:nil,ReportingController:sigs.k8s.io.descheduler,ReportingInstance:sigs.k8s.io.descheduler-descheduler-job-ctlwv,Action:Descheduled,Reason:ResourceDefragmentation,Regarding:{Pod defrag-exp s4-mem-39-5d5899dbd4-bz5sw 0745c2f0-57fe-4435-81bf-556abedcd270 v1 238408 },Related:nil,Note:pod eviction from ip-172-31-3-39 node by sigs.k8s.io/descheduler,Type:Normal,DeprecatedSource:{ },DeprecatedFirstTimestamp:0001-01-01 00:00:00 +0000 UTC,DeprecatedLastTimestamp:0001-01-01 00:00:00 +0000 UTC,DeprecatedCount:0,}"
I0606 05:16:06.785150       1 evictions.go:558] "Evicted pod" pod="defrag-exp/s4-mem-39-5d5899dbd4-bt95k" reason="" strategy="ResourceDefragmentation" node="ip-172-31-3-39" profile="default"
I0606 05:16:06.785244       1 resourcedefragmentation.go:757] "Candidate score inputs" plugin="ResourceDefragmentation" pod="defrag-exp/s4-mem-39-5d5899dbd4-6fkfj" originNode="ip-172-31-3-39" c1=0.021808202964682687 c2=0.8544132578146437 c3=0.30027282049306997 c4=0
I0606 05:16:06.785356       1 resourcedefragmentation.go:278] "Eviction decision" plugin="ResourceDefragmentation" ExtensionPoint="Balance" pod="defrag-exp/s4-mem-39-5d5899dbd4-6fkfj" originNode="ip-172-31-3-39" predictedTarget="ip-172-31-16-198"
E0606 05:16:06.789789       1 event_broadcaster.go:270] "Server rejected event (will not retry!)" err="events.events.k8s.io is forbidden: User \"system:serviceaccount:kube-system:descheduler\" cannot create resource \"events\" in API group \"events.k8s.io\" in the namespace \"defrag-exp\"" event="&Event{ObjectMeta:{s4-mem-39-5d5899dbd4-bt95k.18b6661a869cb3c0  defrag-exp    0 0001-01-01 00:00:00 +0000 UTC <nil> <nil> map[] map[] [] [] []},EventTime:2026-06-06 05:16:06.785172466 +0000 UTC m=+0.649466307,Series:nil,ReportingController:sigs.k8s.io.descheduler,ReportingInstance:sigs.k8s.io.descheduler-descheduler-job-ctlwv,Action:Descheduled,Reason:ResourceDefragmentation,Regarding:{Pod defrag-exp s4-mem-39-5d5899dbd4-bt95k 5edf75aa-bdde-4882-ba84-d77d5c3e51bb v1 238412 },Related:nil,Note:pod eviction from ip-172-31-3-39 node by sigs.k8s.io/descheduler,Type:Normal,DeprecatedSource:{ },DeprecatedFirstTimestamp:0001-01-01 00:00:00 +0000 UTC,DeprecatedLastTimestamp:0001-01-01 00:00:00 +0000 UTC,DeprecatedCount:0,}"
I0606 05:16:06.876708       1 evictions.go:558] "Evicted pod" pod="defrag-exp/s4-mem-39-5d5899dbd4-6fkfj" reason="" strategy="ResourceDefragmentation" node="ip-172-31-3-39" profile="default"
I0606 05:16:06.876936       1 resourcedefragmentation.go:260] "Draining under-utilized node" plugin="ResourceDefragmentation" ExtensionPoint="Balance" node="ip-172-31-19-34" priority=11.79763975003293
I0606 05:16:06.877069       1 resourcedefragmentation.go:757] "Candidate score inputs" plugin="ResourceDefragmentation" pod="defrag-exp/s4-mem-34-67b57f4875-lxdfw" originNode="ip-172-31-19-34" c1=0.0635963266772205 c2=-999.9 c3=0.26477758521086076 c4=0
I0606 05:16:06.877140       1 resourcedefragmentation.go:757] "Candidate score inputs" plugin="ResourceDefragmentation" pod="defrag-exp/s4-mem-34-67b57f4875-ztpmz" originNode="ip-172-31-19-34" c1=0.0635963266772205 c2=-999.9 c3=0.26477758521086076 c4=0
I0606 05:16:06.877231       1 resourcedefragmentation.go:757] "Candidate score inputs" plugin="ResourceDefragmentation" pod="defrag-exp/s4-mem-34-67b57f4875-sn7dm" originNode="ip-172-31-19-34" c1=0.0635963266772205 c2=-999.9 c3=0.26477758521086076 c4=0
I0606 05:16:06.877299       1 resourcedefragmentation.go:274] "No feasible scheduler target within ceiling; leaving pod in place" plugin="ResourceDefragmentation" ExtensionPoint="Balance" pod="defrag-exp/s4-mem-34-67b57f4875-lxdfw" originNode="ip-172-31-19-34"
I0606 05:16:06.877314       1 resourcedefragmentation.go:757] "Candidate score inputs" plugin="ResourceDefragmentation" pod="defrag-exp/s4-mem-34-67b57f4875-ztpmz" originNode="ip-172-31-19-34" c1=0.0635963266772205 c2=-999.9 c3=0.26477758521086076 c4=0
I0606 05:16:06.877328       1 resourcedefragmentation.go:757] "Candidate score inputs" plugin="ResourceDefragmentation" pod="defrag-exp/s4-mem-34-67b57f4875-sn7dm" originNode="ip-172-31-19-34" c1=0.0635963266772205 c2=-999.9 c3=0.26477758521086076 c4=0
I0606 05:16:06.877795       1 resourcedefragmentation.go:274] "No feasible scheduler target within ceiling; leaving pod in place" plugin="ResourceDefragmentation" ExtensionPoint="Balance" pod="defrag-exp/s4-mem-34-67b57f4875-ztpmz" originNode="ip-172-31-19-34"
I0606 05:16:06.877886       1 resourcedefragmentation.go:757] "Candidate score inputs" plugin="ResourceDefragmentation" pod="defrag-exp/s4-mem-34-67b57f4875-sn7dm" originNode="ip-172-31-19-34" c1=0.0635963266772205 c2=-999.9 c3=0.26477758521086076 c4=0
I0606 05:16:06.878054       1 resourcedefragmentation.go:274] "No feasible scheduler target within ceiling; leaving pod in place" plugin="ResourceDefragmentation" ExtensionPoint="Balance" pod="defrag-exp/s4-mem-34-67b57f4875-sn7dm" originNode="ip-172-31-19-34"
I0606 05:16:06.878240       1 profile.go:425] "Total number of evictions/requests" extension point="Balance" evictedPods=4 evictionRequests=0
I0606 05:16:06.878311       1 descheduler.go:252] "Number of evictions/requests" totalEvicted=4 evictionRequests=0
E0606 05:16:06.878762       1 event_broadcaster.go:279] "Unable to write event (may retry after sleeping)" err="Post \"https://10.96.0.1:443/apis/events.k8s.io/v1/namespaces/defrag-exp/events\": context canceled"
I0606 05:16:06.878988       1 reflector.go:373] "Stopping reflector" type="*v1.Pod" resyncPeriod="0s" reflector="k8s.io/client-go/informers/factory.go:161"
I0606 05:16:06.879117       1 reflector.go:373] "Stopping reflector" type="*v1.Node" resyncPeriod="0s" reflector="k8s.io/client-go/informers/factory.go:161"
I0606 05:16:06.879291       1 reflector.go:373] "Stopping reflector" type="*v1.PersistentVolumeClaim" resyncPeriod="0s" reflector="k8s.io/client-go/informers/factory.go:161"
I0606 05:16:06.879686       1 tlsconfig.go:258] "Shutting down DynamicServingCertificateController"
I0606 05:16:06.879700       1 secure_serving.go:259] Stopped listening on [::]:10258
