I0606 05:16:31.877319       1 feature_gate.go:466] feature gates: {map[]}
I0606 05:16:32.342766       1 secure_serving.go:57] Forcing use of http/1.1 only
I0606 05:16:32.343571       1 named_certificates.go:53] "Loaded SNI cert" index=0 certName="self-signed loopback" certDetail="\"apiserver-loopback-client@1780722992\" [serving] validServingFor=[apiserver-loopback-client] issuer=\"apiserver-loopback-client-ca@1780722991\" (2026-06-06 04:16:31 +0000 UTC to 2029-06-06 04:16:31 +0000 UTC (now=2026-06-06 05:16:32.343477029 +0000 UTC))"
I0606 05:16:32.348749       1 secure_serving.go:211] Serving securely on [::]:10258
I0606 05:16:32.348776       1 tracing.go:88] Did not find a trace collector endpoint defined. Switching to NoopTraceProvider
I0606 05:16:32.348846       1 tlsconfig.go:243] "Starting DynamicServingCertificateController"
I0606 05:16:32.349473       1 envvar.go:172] "Feature gate default state" feature="WatchListClient" enabled=true
I0606 05:16:32.349606       1 envvar.go:172] "Feature gate default state" feature="ClientsAllowCBOR" enabled=false
I0606 05:16:32.349629       1 envvar.go:172] "Feature gate default state" feature="ClientsPreferCBOR" enabled=false
I0606 05:16:32.349635       1 envvar.go:172] "Feature gate default state" feature="InOrderInformers" enabled=true
I0606 05:16:32.349640       1 envvar.go:172] "Feature gate default state" feature="InOrderInformersBatchProcess" enabled=true
I0606 05:16:32.349650       1 envvar.go:172] "Feature gate default state" feature="InformerResourceVersion" enabled=true
W0606 05:16:32.370291       1 descheduler.go:333] failed to convert Descheduler minor version '' to float: strconv.ParseFloat: parsing "": invalid syntax
I0606 05:16:32.398658       1 reflector.go:367] "Starting reflector" type="*v1.PersistentVolumeClaim" resyncPeriod="0s" reflector="k8s.io/client-go/informers/factory.go:161"
I0606 05:16:32.398685       1 reflector.go:411] "Listing and watching" type="*v1.PersistentVolumeClaim" reflector="k8s.io/client-go/informers/factory.go:161"
I0606 05:16:32.398722       1 reflector.go:367] "Starting reflector" type="*v1.Pod" resyncPeriod="0s" reflector="k8s.io/client-go/informers/factory.go:161"
I0606 05:16:32.398732       1 reflector.go:411] "Listing and watching" type="*v1.Pod" reflector="k8s.io/client-go/informers/factory.go:161"
I0606 05:16:32.398658       1 reflector.go:367] "Starting reflector" type="*v1.Node" resyncPeriod="0s" reflector="k8s.io/client-go/informers/factory.go:161"
I0606 05:16:32.399649       1 reflector.go:411] "Listing and watching" type="*v1.Node" reflector="k8s.io/client-go/informers/factory.go:161"
I0606 05:16:32.406600       1 reflector.go:446] "Caches populated" type="*v1.PersistentVolumeClaim" reflector="k8s.io/client-go/informers/factory.go:161"
I0606 05:16:32.413242       1 reflector.go:446] "Caches populated" type="*v1.Node" reflector="k8s.io/client-go/informers/factory.go:161"
I0606 05:16:32.426832       1 reflector.go:446] "Caches populated" type="*v1.Pod" reflector="k8s.io/client-go/informers/factory.go:161"
I0606 05:16:32.500991       1 descheduler.go:235] Resetting pod evictor counters
I0606 05:16:32.501716       1 resourcedefragmentation.go:158] "Starting resource defragmentation balance pass" plugin="ResourceDefragmentation" ExtensionPoint="Balance" nodeCount=7
I0606 05:16:32.501775       1 resourcedefragmentation.go:199] "Node state" plugin="ResourceDefragmentation" ExtensionPoint="Balance" node="ip-172-31-19-34" avgUtilization=0.5444848834970153 minUtilization=0.14 binScore=0.3677575582514924 usageSource="requests"
I0606 05:16:32.501809       1 resourcedefragmentation.go:199] "Node state" plugin="ResourceDefragmentation" ExtensionPoint="Balance" node="ip-172-31-3-39" avgUtilization=0.055810855049369584 minUtilization=0.05 binScore=0.5220945724753152 usageSource="requests"
I0606 05:16:32.501828       1 resourcedefragmentation.go:199] "Node state" plugin="ResourceDefragmentation" ExtensionPoint="Balance" node="ip-172-31-31-146" avgUtilization=0.8445715386096668 minUtilization=0.84 binScore=0.9177142306951666 usageSource="requests"
I0606 05:16:32.501848       1 resourcedefragmentation.go:199] "Node state" plugin="ResourceDefragmentation" ExtensionPoint="Balance" node="ip-172-31-6-144" avgUtilization=0.055810855049369584 minUtilization=0.05 binScore=0.5220945724753152 usageSource="requests"
I0606 05:16:32.501859       1 resourcedefragmentation.go:165] "Skipping control-plane node" plugin="ResourceDefragmentation" ExtensionPoint="Balance" node="ip-172-31-84-108"
I0606 05:16:32.501874       1 resourcedefragmentation.go:199] "Node state" plugin="ResourceDefragmentation" ExtensionPoint="Balance" node="ip-172-31-1-245" avgUtilization=0.7130695166570383 minUtilization=0.4461390333140766 binScore=0.5896042749855575 usageSource="requests"
I0606 05:16:32.501890       1 resourcedefragmentation.go:199] "Node state" plugin="ResourceDefragmentation" ExtensionPoint="Balance" node="ip-172-31-16-198" avgUtilization=0.5482813801337384 minUtilization=0.41656276026747674 binScore=0.6424220702006076 usageSource="requests"
I0606 05:16:32.501945       1 resourcedefragmentation.go:237] "Node is a drain candidate" plugin="ResourceDefragmentation" ExtensionPoint="Balance" node="ip-172-31-19-34" avgUtilization=0.5444848834970153 binScore=0.3677575582514924 imbalanceIndex=-0.8089697669940304 freeSpaceIndex=0.04388600038513383 priority=11.79763975003293
I0606 05:16:32.501998       1 resourcedefragmentation.go:260] "Draining under-utilized node" plugin="ResourceDefragmentation" ExtensionPoint="Balance" node="ip-172-31-19-34" priority=11.79763975003293
I0606 05:16:32.502015       1 resourcedefragmentation.go:757] "Candidate score inputs" plugin="ResourceDefragmentation" pod="defrag-exp/s4-mem-34-67b57f4875-lxdfw" originNode="ip-172-31-19-34" c1=0.0635963266772205 c2=0.8544132578146437 c3=0.26477758521086076 c4=0
I0606 05:16:32.502042       1 resourcedefragmentation.go:757] "Candidate score inputs" plugin="ResourceDefragmentation" pod="defrag-exp/s4-mem-34-67b57f4875-sn7dm" originNode="ip-172-31-19-34" c1=0.0635963266772205 c2=0.8544132578146437 c3=0.26477758521086076 c4=0
I0606 05:16:32.502055       1 resourcedefragmentation.go:757] "Candidate score inputs" plugin="ResourceDefragmentation" pod="defrag-exp/s4-mem-34-67b57f4875-ztpmz" originNode="ip-172-31-19-34" c1=0.0635963266772205 c2=0.8544132578146437 c3=0.26477758521086076 c4=0
I0606 05:16:32.502081       1 resourcedefragmentation.go:278] "Eviction decision" plugin="ResourceDefragmentation" ExtensionPoint="Balance" pod="defrag-exp/s4-mem-34-67b57f4875-lxdfw" originNode="ip-172-31-19-34" predictedTarget="ip-172-31-16-198"
I0606 05:16:32.527734       1 evictions.go:558] "Evicted pod" pod="defrag-exp/s4-mem-34-67b57f4875-lxdfw" reason="" strategy="ResourceDefragmentation" node="ip-172-31-19-34" profile="default"
I0606 05:16:32.528540       1 resourcedefragmentation.go:757] "Candidate score inputs" plugin="ResourceDefragmentation" pod="defrag-exp/s4-mem-34-67b57f4875-sn7dm" originNode="ip-172-31-19-34" c1=0.04270208627541747 c2=-999.9 c3=0.2825245522819179 c4=0
I0606 05:16:32.528933       1 resourcedefragmentation.go:757] "Candidate score inputs" plugin="ResourceDefragmentation" pod="defrag-exp/s4-mem-34-67b57f4875-ztpmz" originNode="ip-172-31-19-34" c1=0.04270208627541747 c2=-999.9 c3=0.2825245522819179 c4=0
I0606 05:16:32.528961       1 resourcedefragmentation.go:274] "No feasible scheduler target within ceiling; leaving pod in place" plugin="ResourceDefragmentation" ExtensionPoint="Balance" pod="defrag-exp/s4-mem-34-67b57f4875-sn7dm" originNode="ip-172-31-19-34"
I0606 05:16:32.528980       1 resourcedefragmentation.go:757] "Candidate score inputs" plugin="ResourceDefragmentation" pod="defrag-exp/s4-mem-34-67b57f4875-ztpmz" originNode="ip-172-31-19-34" c1=0.04270208627541747 c2=-999.9 c3=0.2825245522819179 c4=0
I0606 05:16:32.529006       1 resourcedefragmentation.go:274] "No feasible scheduler target within ceiling; leaving pod in place" plugin="ResourceDefragmentation" ExtensionPoint="Balance" pod="defrag-exp/s4-mem-34-67b57f4875-ztpmz" originNode="ip-172-31-19-34"
I0606 05:16:32.529065       1 profile.go:425] "Total number of evictions/requests" extension point="Balance" evictedPods=1 evictionRequests=0
I0606 05:16:32.529419       1 descheduler.go:252] "Number of evictions/requests" totalEvicted=1 evictionRequests=0
E0606 05:16:32.529472       1 event_broadcaster.go:279] "Unable to write event (may retry after sleeping)" err="context canceled"
I0606 05:16:32.529673       1 reflector.go:373] "Stopping reflector" type="*v1.Pod" resyncPeriod="0s" reflector="k8s.io/client-go/informers/factory.go:161"
I0606 05:16:32.529781       1 reflector.go:373] "Stopping reflector" type="*v1.Node" resyncPeriod="0s" reflector="k8s.io/client-go/informers/factory.go:161"
I0606 05:16:32.529815       1 reflector.go:373] "Stopping reflector" type="*v1.PersistentVolumeClaim" resyncPeriod="0s" reflector="k8s.io/client-go/informers/factory.go:161"
I0606 05:16:32.530041       1 tlsconfig.go:258] "Shutting down DynamicServingCertificateController"
I0606 05:16:32.530145       1 secure_serving.go:259] Stopped listening on [::]:10258
