I0606 14:38:58.934826       1 feature_gate.go:466] feature gates: {map[]}
I0606 14:38:59.261402       1 secure_serving.go:57] Forcing use of http/1.1 only
I0606 14:38:59.261813       1 named_certificates.go:53] "Loaded SNI cert" index=0 certName="self-signed loopback" certDetail="\"apiserver-loopback-client@1780756739\" [serving] validServingFor=[apiserver-loopback-client] issuer=\"apiserver-loopback-client-ca@1780756739\" (2026-06-06 13:38:58 +0000 UTC to 2029-06-06 13:38:58 +0000 UTC (now=2026-06-06 14:38:59.261775796 +0000 UTC))"
I0606 14:38:59.261856       1 secure_serving.go:211] Serving securely on [::]:10258
I0606 14:38:59.261874       1 tracing.go:88] Did not find a trace collector endpoint defined. Switching to NoopTraceProvider
I0606 14:38:59.261968       1 tlsconfig.go:243] "Starting DynamicServingCertificateController"
I0606 14:38:59.262422       1 envvar.go:172] "Feature gate default state" feature="WatchListClient" enabled=true
I0606 14:38:59.262445       1 envvar.go:172] "Feature gate default state" feature="ClientsAllowCBOR" enabled=false
I0606 14:38:59.262452       1 envvar.go:172] "Feature gate default state" feature="ClientsPreferCBOR" enabled=false
I0606 14:38:59.262458       1 envvar.go:172] "Feature gate default state" feature="InOrderInformers" enabled=true
I0606 14:38:59.262484       1 envvar.go:172] "Feature gate default state" feature="InOrderInformersBatchProcess" enabled=true
I0606 14:38:59.262503       1 envvar.go:172] "Feature gate default state" feature="InformerResourceVersion" enabled=true
W0606 14:38:59.271164       1 descheduler.go:333] failed to convert Descheduler minor version '' to float: strconv.ParseFloat: parsing "": invalid syntax
I0606 14:38:59.279539       1 reflector.go:367] "Starting reflector" type="*v1.PersistentVolumeClaim" resyncPeriod="0s" reflector="k8s.io/client-go/informers/factory.go:161"
I0606 14:38:59.279563       1 reflector.go:411] "Listing and watching" type="*v1.PersistentVolumeClaim" reflector="k8s.io/client-go/informers/factory.go:161"
I0606 14:38:59.279590       1 reflector.go:367] "Starting reflector" type="*v1.Node" resyncPeriod="0s" reflector="k8s.io/client-go/informers/factory.go:161"
I0606 14:38:59.279600       1 reflector.go:411] "Listing and watching" type="*v1.Node" reflector="k8s.io/client-go/informers/factory.go:161"
I0606 14:38:59.279539       1 reflector.go:367] "Starting reflector" type="*v1.Pod" resyncPeriod="0s" reflector="k8s.io/client-go/informers/factory.go:161"
I0606 14:38:59.279959       1 reflector.go:411] "Listing and watching" type="*v1.Pod" reflector="k8s.io/client-go/informers/factory.go:161"
I0606 14:38:59.283861       1 reflector.go:978] "Exiting watch because received the bookmark that marks the end of initial events stream" reflector="k8s.io/client-go/informers/factory.go:161" totalItems=1 duration="4.262684ms"
I0606 14:38:59.283894       1 reflector.go:446] "Caches populated" type="*v1.PersistentVolumeClaim" reflector="k8s.io/client-go/informers/factory.go:161"
I0606 14:38:59.286464       1 reflector.go:978] "Exiting watch because received the bookmark that marks the end of initial events stream" reflector="k8s.io/client-go/informers/factory.go:161" totalItems=8 duration="6.825598ms"
I0606 14:38:59.286507       1 reflector.go:446] "Caches populated" type="*v1.Node" reflector="k8s.io/client-go/informers/factory.go:161"
I0606 14:38:59.291929       1 reflector.go:978] "Exiting watch because received the bookmark that marks the end of initial events stream" reflector="k8s.io/client-go/informers/factory.go:161" totalItems=28 duration="11.895264ms"
I0606 14:38:59.292154       1 reflector.go:446] "Caches populated" type="*v1.Pod" reflector="k8s.io/client-go/informers/factory.go:161"
I0606 14:38:59.379668       1 descheduler.go:235] Resetting pod evictor counters
I0606 14:38:59.379745       1 resourcedefragmentation.go:178] "Starting resource defragmentation balance pass" plugin="ResourceDefragmentation" ExtensionPoint="Balance" nodeCount=7
I0606 14:38:59.379806       1 resourcedefragmentation.go:219] "Node state" plugin="ResourceDefragmentation" ExtensionPoint="Balance" node="ip-172-31-31-146" avgUtilization=0.05581100337958193 minUtilization=0.05 binScore=0.522094498310209 usageSource="requests"
I0606 14:38:59.379865       1 resourcedefragmentation.go:219] "Node state" plugin="ResourceDefragmentation" ExtensionPoint="Balance" node="ip-172-31-6-144" avgUtilization=0.05581115171122249 minUtilization=0.05 binScore=0.5220944241443888 usageSource="requests"
I0606 14:38:59.379900       1 resourcedefragmentation.go:185] "Skipping control-plane node" plugin="ResourceDefragmentation" ExtensionPoint="Balance" node="ip-172-31-84-108"
I0606 14:38:59.379937       1 resourcedefragmentation.go:219] "Node state" plugin="ResourceDefragmentation" ExtensionPoint="Balance" node="ip-172-31-1-245" avgUtilization=0.3919280225150831 minUtilization=0.2588560450301662 binScore=0.5628920337726246 usageSource="requests"
I0606 14:38:59.379969       1 resourcedefragmentation.go:219] "Node state" plugin="ResourceDefragmentation" ExtensionPoint="Balance" node="ip-172-31-16-198" avgUtilization=0.40545953908886523 minUtilization=0.11091907817773049 binScore=0.4081893086332979 usageSource="requests"
I0606 14:38:59.380006       1 resourcedefragmentation.go:219] "Node state" plugin="ResourceDefragmentation" ExtensionPoint="Balance" node="ip-172-31-19-34" avgUtilization=0.4158906219911419 minUtilization=0.08 binScore=0.372054689004429 usageSource="requests"
I0606 14:38:59.380047       1 resourcedefragmentation.go:219] "Node state" plugin="ResourceDefragmentation" ExtensionPoint="Balance" node="ip-172-31-3-39" avgUtilization=0.6889177739264394 minUtilization=0.6778355478528789 binScore=0.8333766608896591 usageSource="requests"
I0606 14:38:59.380173       1 resourcedefragmentation.go:257] "Node is a drain candidate" plugin="ResourceDefragmentation" ExtensionPoint="Balance" node="ip-172-31-1-245" avgUtilization=0.3919280225150831 binScore=0.5628920337726246 imbalanceIndex=0.26614395496983384 freeSpaceIndex=0.3520433786106711 priority=1.5533514948307834
I0606 14:38:59.380200       1 resourcedefragmentation.go:257] "Node is a drain candidate" plugin="ResourceDefragmentation" ExtensionPoint="Balance" node="ip-172-31-19-34" avgUtilization=0.4158906219911419 binScore=0.372054689004429 imbalanceIndex=-0.6717812439822839 freeSpaceIndex=0.22836125553629885 priority=2.5254038938761436
I0606 14:38:59.380220       1 resourcedefragmentation.go:280] "Draining under-utilized node" plugin="ResourceDefragmentation" ExtensionPoint="Balance" node="ip-172-31-19-34" priority=2.5254038938761436
I0606 14:38:59.380256       1 resourcedefragmentation.go:867] "Candidate score inputs" plugin="ResourceDefragmentation" pod="defrag-exp/s6c1-memskew-34-5dd84c764b-52sp6" originNode="ip-172-31-19-34" c1=0.3060741467363653 c2=0.8472294421790978 c3=0.6630984016945889 c4=0
I0606 14:38:59.380313       1 resourcedefragmentation.go:298] "Eviction decision" plugin="ResourceDefragmentation" ExtensionPoint="Balance" pod="defrag-exp/s6c1-memskew-34-5dd84c764b-52sp6" originNode="ip-172-31-19-34" predictedTarget="ip-172-31-16-198"
I0606 14:38:59.404293       1 evictions.go:558] "Evicted pod" pod="defrag-exp/s6c1-memskew-34-5dd84c764b-52sp6" reason="" strategy="ResourceDefragmentation" node="ip-172-31-19-34" profile="default"
I0606 14:38:59.404476       1 resourcedefragmentation.go:280] "Draining under-utilized node" plugin="ResourceDefragmentation" ExtensionPoint="Balance" node="ip-172-31-1-245" priority=1.5533514948307834
I0606 14:38:59.404631       1 resourcedefragmentation.go:867] "Candidate score inputs" plugin="ResourceDefragmentation" pod="defrag-exp/s6c1-cpubig-245-5fcfbff67-mshnt" originNode="ip-172-31-1-245" c1=0.018773881795461623 c2=-999.9 c3=0.21768187574332037 c4=0
I0606 14:38:59.404757       1 resourcedefragmentation.go:867] "Candidate score inputs" plugin="ResourceDefragmentation" pod="defrag-exp/s6c1-mem-245-76bbd546db-6x69z" originNode="ip-172-31-1-245" c1=-0.005767899486100241 c2=0.8342371943000193 c3=0.09865070805024967 c4=0
I0606 14:38:59.404846       1 resourcedefragmentation.go:867] "Candidate score inputs" plugin="ResourceDefragmentation" pod="defrag-exp/s6c1-cpumed-245-855767d4f9-6kx8c" originNode="ip-172-31-1-245" c1=0.007289496476048938 c2=0.8034914789139227 c3=0.1417185084961215 c4=0
I0606 14:38:59.404923       1 resourcedefragmentation.go:294] "No feasible scheduler target within ceiling; leaving pod in place" plugin="ResourceDefragmentation" ExtensionPoint="Balance" pod="defrag-exp/s6c1-cpubig-245-5fcfbff67-mshnt" originNode="ip-172-31-1-245"
I0606 14:38:59.404994       1 resourcedefragmentation.go:867] "Candidate score inputs" plugin="ResourceDefragmentation" pod="defrag-exp/s6c1-mem-245-76bbd546db-6x69z" originNode="ip-172-31-1-245" c1=-0.005767899486100241 c2=0.8342371943000193 c3=0.09865070805024967 c4=0
I0606 14:38:59.405054       1 resourcedefragmentation.go:867] "Candidate score inputs" plugin="ResourceDefragmentation" pod="defrag-exp/s6c1-cpumed-245-855767d4f9-6kx8c" originNode="ip-172-31-1-245" c1=0.007289496476048938 c2=0.8034914789139227 c3=0.1417185084961215 c4=0
I0606 14:38:59.405136       1 resourcedefragmentation.go:298] "Eviction decision" plugin="ResourceDefragmentation" ExtensionPoint="Balance" pod="defrag-exp/s6c1-cpumed-245-855767d4f9-6kx8c" originNode="ip-172-31-1-245" predictedTarget="ip-172-31-3-39"
E0606 14:38:59.409446       1 event_broadcaster.go:270] "Server rejected event (will not retry!)" err="events.events.k8s.io is forbidden: User \"system:serviceaccount:kube-system:descheduler\" cannot create resource \"events\" in API group \"events.k8s.io\" in the namespace \"defrag-exp\"" event="&Event{ObjectMeta:{s6c1-memskew-34-5dd84c764b-52sp6.18b684d1d3941ef4  defrag-exp    0 0001-01-01 00:00:00 +0000 UTC <nil> <nil> map[] map[] [] [] []},EventTime:2026-06-06 14:38:59.404314037 +0000 UTC m=+0.507575504,Series:nil,ReportingController:sigs.k8s.io.descheduler,ReportingInstance:sigs.k8s.io.descheduler-descheduler-job-lsztp,Action:Descheduled,Reason:ResourceDefragmentation,Regarding:{Pod defrag-exp s6c1-memskew-34-5dd84c764b-52sp6 349dc8e3-bcc9-4f12-918d-8416fb9156a8 v1 283285 },Related:nil,Note:pod eviction from ip-172-31-19-34 node by sigs.k8s.io/descheduler,Type:Normal,DeprecatedSource:{ },DeprecatedFirstTimestamp:0001-01-01 00:00:00 +0000 UTC,DeprecatedLastTimestamp:0001-01-01 00:00:00 +0000 UTC,DeprecatedCount:0,}"
I0606 14:38:59.503479       1 evictions.go:558] "Evicted pod" pod="defrag-exp/s6c1-cpumed-245-855767d4f9-6kx8c" reason="" strategy="ResourceDefragmentation" node="ip-172-31-1-245" profile="default"
I0606 14:38:59.503599       1 resourcedefragmentation.go:867] "Candidate score inputs" plugin="ResourceDefragmentation" pod="defrag-exp/s6c1-mem-245-76bbd546db-6x69z" originNode="ip-172-31-1-245" c1=-0.0023759923579032235 c2=0.9174032351242056 c3=0.12715568919940487 c4=0
I0606 14:38:59.503654       1 resourcedefragmentation.go:298] "Eviction decision" plugin="ResourceDefragmentation" ExtensionPoint="Balance" pod="defrag-exp/s6c1-mem-245-76bbd546db-6x69z" originNode="ip-172-31-1-245" predictedTarget="ip-172-31-3-39"
E0606 14:38:59.506574       1 event_broadcaster.go:270] "Server rejected event (will not retry!)" err="events.events.k8s.io is forbidden: User \"system:serviceaccount:kube-system:descheduler\" cannot create resource \"events\" in API group \"events.k8s.io\" in the namespace \"defrag-exp\"" event="&Event{ObjectMeta:{s6c1-cpumed-245-855767d4f9-6kx8c.18b684d1d97d4233  defrag-exp    0 0001-01-01 00:00:00 +0000 UTC <nil> <nil> map[] map[] [] [] []},EventTime:2026-06-06 14:38:59.503496386 +0000 UTC m=+0.606757852,Series:nil,ReportingController:sigs.k8s.io.descheduler,ReportingInstance:sigs.k8s.io.descheduler-descheduler-job-lsztp,Action:Descheduled,Reason:ResourceDefragmentation,Regarding:{Pod defrag-exp s6c1-cpumed-245-855767d4f9-6kx8c e833c4c9-8ec5-4c38-8479-6f1b5d7181bd v1 283203 },Related:nil,Note:pod eviction from ip-172-31-1-245 node by sigs.k8s.io/descheduler,Type:Normal,DeprecatedSource:{ },DeprecatedFirstTimestamp:0001-01-01 00:00:00 +0000 UTC,DeprecatedLastTimestamp:0001-01-01 00:00:00 +0000 UTC,DeprecatedCount:0,}"
I0606 14:38:59.604624       1 evictions.go:558] "Evicted pod" pod="defrag-exp/s6c1-mem-245-76bbd546db-6x69z" reason="" strategy="ResourceDefragmentation" node="ip-172-31-1-245" profile="default"
I0606 14:38:59.604941       1 profile.go:425] "Total number of evictions/requests" extension point="Balance" evictedPods=3 evictionRequests=0
I0606 14:38:59.605038       1 descheduler.go:252] "Number of evictions/requests" totalEvicted=3 evictionRequests=0
E0606 14:38:59.605191       1 event_broadcaster.go:279] "Unable to write event (may retry after sleeping)" err="Post \"https://10.96.0.1:443/apis/events.k8s.io/v1/namespaces/defrag-exp/events\": context canceled"
I0606 14:38:59.605253       1 reflector.go:373] "Stopping reflector" type="*v1.Pod" resyncPeriod="0s" reflector="k8s.io/client-go/informers/factory.go:161"
I0606 14:38:59.605275       1 reflector.go:373] "Stopping reflector" type="*v1.Node" resyncPeriod="0s" reflector="k8s.io/client-go/informers/factory.go:161"
I0606 14:38:59.605298       1 reflector.go:373] "Stopping reflector" type="*v1.PersistentVolumeClaim" resyncPeriod="0s" reflector="k8s.io/client-go/informers/factory.go:161"
I0606 14:38:59.605585       1 tlsconfig.go:258] "Shutting down DynamicServingCertificateController"
I0606 14:38:59.605639       1 secure_serving.go:259] Stopped listening on [::]:10258
