I0606 05:28:31.428426       1 feature_gate.go:466] feature gates: {map[]}
I0606 05:28:31.519781       1 secure_serving.go:57] Forcing use of http/1.1 only
I0606 05:28:31.520515       1 named_certificates.go:53] "Loaded SNI cert" index=0 certName="self-signed loopback" certDetail="\"apiserver-loopback-client@1780723711\" [serving] validServingFor=[apiserver-loopback-client] issuer=\"apiserver-loopback-client-ca@1780723711\" (2026-06-06 04:28:31 +0000 UTC to 2029-06-06 04:28:31 +0000 UTC (now=2026-06-06 05:28:31.520428619 +0000 UTC))"
I0606 05:28:31.520671       1 secure_serving.go:211] Serving securely on [::]:10258
I0606 05:28:31.520722       1 tracing.go:88] Did not find a trace collector endpoint defined. Switching to NoopTraceProvider
I0606 05:28:31.520960       1 tlsconfig.go:243] "Starting DynamicServingCertificateController"
I0606 05:28:31.521339       1 envvar.go:172] "Feature gate default state" feature="ClientsPreferCBOR" enabled=false
I0606 05:28:31.521391       1 envvar.go:172] "Feature gate default state" feature="InOrderInformers" enabled=true
I0606 05:28:31.521401       1 envvar.go:172] "Feature gate default state" feature="InOrderInformersBatchProcess" enabled=true
I0606 05:28:31.521407       1 envvar.go:172] "Feature gate default state" feature="InformerResourceVersion" enabled=true
I0606 05:28:31.521415       1 envvar.go:172] "Feature gate default state" feature="WatchListClient" enabled=true
I0606 05:28:31.521421       1 envvar.go:172] "Feature gate default state" feature="ClientsAllowCBOR" enabled=false
W0606 05:28:31.529958       1 descheduler.go:333] failed to convert Descheduler minor version '' to float: strconv.ParseFloat: parsing "": invalid syntax
I0606 05:28:31.540344       1 reflector.go:367] "Starting reflector" type="*v1.Node" resyncPeriod="0s" reflector="k8s.io/client-go/informers/factory.go:161"
I0606 05:28:31.540364       1 reflector.go:411] "Listing and watching" type="*v1.Node" reflector="k8s.io/client-go/informers/factory.go:161"
I0606 05:28:31.540396       1 reflector.go:367] "Starting reflector" type="*v1.Pod" resyncPeriod="0s" reflector="k8s.io/client-go/informers/factory.go:161"
I0606 05:28:31.540407       1 reflector.go:411] "Listing and watching" type="*v1.Pod" reflector="k8s.io/client-go/informers/factory.go:161"
I0606 05:28:31.540337       1 reflector.go:367] "Starting reflector" type="*v1.PersistentVolumeClaim" resyncPeriod="0s" reflector="k8s.io/client-go/informers/factory.go:161"
I0606 05:28:31.540770       1 reflector.go:411] "Listing and watching" type="*v1.PersistentVolumeClaim" reflector="k8s.io/client-go/informers/factory.go:161"
I0606 05:28:31.546726       1 reflector.go:446] "Caches populated" type="*v1.Node" reflector="k8s.io/client-go/informers/factory.go:161"
I0606 05:28:31.547047       1 reflector.go:446] "Caches populated" type="*v1.PersistentVolumeClaim" reflector="k8s.io/client-go/informers/factory.go:161"
I0606 05:28:31.550258       1 reflector.go:446] "Caches populated" type="*v1.Pod" reflector="k8s.io/client-go/informers/factory.go:161"
I0606 05:28:31.641310       1 descheduler.go:235] Resetting pod evictor counters
I0606 05:28:31.641413       1 resourcedefragmentation.go:158] "Starting resource defragmentation balance pass" plugin="ResourceDefragmentation" ExtensionPoint="Balance" nodeCount=7
I0606 05:28:31.641517       1 resourcedefragmentation.go:199] "Node state" plugin="ResourceDefragmentation" ExtensionPoint="Balance" node="ip-172-31-16-198" avgUtilization=0.3040542752468479 minUtilization=0.3 binScore=0.6479728623765761 usageSource="requests"
I0606 05:28:31.641550       1 resourcedefragmentation.go:199] "Node state" plugin="ResourceDefragmentation" ExtensionPoint="Balance" node="ip-172-31-19-34" avgUtilization=0.4554592720970537 minUtilization=0.11091854419410745 binScore=0.38318890814558054 usageSource="requests"
I0606 05:28:31.641677       1 resourcedefragmentation.go:199] "Node state" plugin="ResourceDefragmentation" ExtensionPoint="Balance" node="ip-172-31-3-39" avgUtilization=0.4554595390888653 minUtilization=0.11091907817773049 binScore=0.38318930863329786 usageSource="requests"
I0606 05:28:31.641723       1 resourcedefragmentation.go:199] "Node state" plugin="ResourceDefragmentation" ExtensionPoint="Balance" node="ip-172-31-31-146" avgUtilization=0.8501877527440785 minUtilization=0.85 binScore=0.9249061236279608 usageSource="requests"
I0606 05:28:31.641745       1 resourcedefragmentation.go:199] "Node state" plugin="ResourceDefragmentation" ExtensionPoint="Balance" node="ip-172-31-6-144" avgUtilization=0.8501897996813002 minUtilization=0.85 binScore=0.9249051001593498 usageSource="requests"
I0606 05:28:31.641762       1 resourcedefragmentation.go:165] "Skipping control-plane node" plugin="ResourceDefragmentation" ExtensionPoint="Balance" node="ip-172-31-84-108"
I0606 05:28:31.641778       1 resourcedefragmentation.go:199] "Node state" plugin="ResourceDefragmentation" ExtensionPoint="Balance" node="ip-172-31-1-245" avgUtilization=0.304053533602927 minUtilization=0.3 binScore=0.6479732331985364 usageSource="requests"
I0606 05:28:31.641830       1 resourcedefragmentation.go:237] "Node is a drain candidate" plugin="ResourceDefragmentation" ExtensionPoint="Balance" node="ip-172-31-16-198" avgUtilization=0.3040542752468479 binScore=0.6479728623765761 imbalanceIndex=-0.008108550493695799 freeSpaceIndex=0.48432401465441294 priority=1.036421006542499
I0606 05:28:31.641867       1 resourcedefragmentation.go:237] "Node is a drain candidate" plugin="ResourceDefragmentation" ExtensionPoint="Balance" node="ip-172-31-19-34" avgUtilization=0.4554592720970537 binScore=0.38318890814558054 imbalanceIndex=0.6890814558058926 freeSpaceIndex=0.17781629116117853 priority=3.1564315645282273
I0606 05:28:31.641918       1 resourcedefragmentation.go:237] "Node is a drain candidate" plugin="ResourceDefragmentation" ExtensionPoint="Balance" node="ip-172-31-3-39" avgUtilization=0.4554595390888653 binScore=0.38318930863329786 imbalanceIndex=0.6890809218222695 freeSpaceIndex=0.1778161843644539 priority=3.15643298636318
I0606 05:28:31.641959       1 resourcedefragmentation.go:237] "Node is a drain candidate" plugin="ResourceDefragmentation" ExtensionPoint="Balance" node="ip-172-31-1-245" avgUtilization=0.304053533602927 binScore=0.6479732331985364 imbalanceIndex=-0.008107067205854024 freeSpaceIndex=0.48432505295590217 priority=1.036418051699183
I0606 05:28:31.641993       1 resourcedefragmentation.go:260] "Draining under-utilized node" plugin="ResourceDefragmentation" ExtensionPoint="Balance" node="ip-172-31-3-39" priority=3.15643298636318
I0606 05:28:31.642018       1 resourcedefragmentation.go:757] "Candidate score inputs" plugin="ResourceDefragmentation" pod="defrag-exp/s3-cpu-39-694f845c9f-sbhn2" originNode="ip-172-31-3-39" c1=0.09053265291139108 c2=-999.9 c3=0.3475783390060611 c4=0
I0606 05:28:31.642035       1 resourcedefragmentation.go:757] "Candidate score inputs" plugin="ResourceDefragmentation" pod="defrag-exp/s3-cpu-39-694f845c9f-qggvv" originNode="ip-172-31-3-39" c1=0.09053265291139108 c2=-999.9 c3=0.3475783390060611 c4=0
I0606 05:28:31.642054       1 resourcedefragmentation.go:274] "No feasible scheduler target within ceiling; leaving pod in place" plugin="ResourceDefragmentation" ExtensionPoint="Balance" pod="defrag-exp/s3-cpu-39-694f845c9f-sbhn2" originNode="ip-172-31-3-39"
I0606 05:28:31.642068       1 resourcedefragmentation.go:757] "Candidate score inputs" plugin="ResourceDefragmentation" pod="defrag-exp/s3-cpu-39-694f845c9f-qggvv" originNode="ip-172-31-3-39" c1=0.09053265291139108 c2=-999.9 c3=0.3475783390060611 c4=0
I0606 05:28:31.642097       1 resourcedefragmentation.go:274] "No feasible scheduler target within ceiling; leaving pod in place" plugin="ResourceDefragmentation" ExtensionPoint="Balance" pod="defrag-exp/s3-cpu-39-694f845c9f-qggvv" originNode="ip-172-31-3-39"
I0606 05:28:31.642117       1 resourcedefragmentation.go:260] "Draining under-utilized node" plugin="ResourceDefragmentation" ExtensionPoint="Balance" node="ip-172-31-19-34" priority=3.1564315645282273
I0606 05:28:31.642132       1 resourcedefragmentation.go:757] "Candidate score inputs" plugin="ResourceDefragmentation" pod="defrag-exp/s3-cpu-34-848456d98d-85cjn" originNode="ip-172-31-19-34" c1=0.09053275373027483 c2=-999.9 c3=0.347578471018679 c4=0
I0606 05:28:31.642144       1 resourcedefragmentation.go:757] "Candidate score inputs" plugin="ResourceDefragmentation" pod="defrag-exp/s3-cpu-34-848456d98d-2tbfq" originNode="ip-172-31-19-34" c1=0.09053275373027483 c2=-999.9 c3=0.347578471018679 c4=0
I0606 05:28:31.642166       1 resourcedefragmentation.go:274] "No feasible scheduler target within ceiling; leaving pod in place" plugin="ResourceDefragmentation" ExtensionPoint="Balance" pod="defrag-exp/s3-cpu-34-848456d98d-85cjn" originNode="ip-172-31-19-34"
I0606 05:28:31.642177       1 resourcedefragmentation.go:757] "Candidate score inputs" plugin="ResourceDefragmentation" pod="defrag-exp/s3-cpu-34-848456d98d-2tbfq" originNode="ip-172-31-19-34" c1=0.09053275373027483 c2=-999.9 c3=0.347578471018679 c4=0
I0606 05:28:31.642192       1 resourcedefragmentation.go:274] "No feasible scheduler target within ceiling; leaving pod in place" plugin="ResourceDefragmentation" ExtensionPoint="Balance" pod="defrag-exp/s3-cpu-34-848456d98d-2tbfq" originNode="ip-172-31-19-34"
I0606 05:28:31.642206       1 resourcedefragmentation.go:260] "Draining under-utilized node" plugin="ResourceDefragmentation" ExtensionPoint="Balance" node="ip-172-31-16-198" priority=1.036421006542499
I0606 05:28:31.642223       1 resourcedefragmentation.go:757] "Candidate score inputs" plugin="ResourceDefragmentation" pod="defrag-exp/s3-under-198-c45f6ffd9-trskv" originNode="ip-172-31-16-198" c1=-0.000001780414503119157 c2=0.7109125264779511 c3=0.18816225285120763 c4=0
I0606 05:28:31.642238       1 resourcedefragmentation.go:757] "Candidate score inputs" plugin="ResourceDefragmentation" pod="defrag-exp/s3-under-198-c45f6ffd9-bclb6" originNode="ip-172-31-16-198" c1=-0.000001780414503119157 c2=0.7109125264779511 c3=0.18816225285120763 c4=0
I0606 05:28:31.642258       1 resourcedefragmentation.go:278] "Eviction decision" plugin="ResourceDefragmentation" ExtensionPoint="Balance" pod="defrag-exp/s3-under-198-c45f6ffd9-trskv" originNode="ip-172-31-16-198" predictedTarget="ip-172-31-1-245"
I0606 05:28:31.678537       1 evictions.go:558] "Evicted pod" pod="defrag-exp/s3-under-198-c45f6ffd9-trskv" reason="" strategy="ResourceDefragmentation" node="ip-172-31-16-198" profile="default"
I0606 05:28:31.678656       1 resourcedefragmentation.go:757] "Candidate score inputs" plugin="ResourceDefragmentation" pod="defrag-exp/s3-under-198-c45f6ffd9-bclb6" originNode="ip-172-31-16-198" c1=-0.000002166111078447549 c2=0.7738518197573657 c3=0.2189731079005772 c4=0
I0606 05:28:31.678702       1 resourcedefragmentation.go:278] "Eviction decision" plugin="ResourceDefragmentation" ExtensionPoint="Balance" pod="defrag-exp/s3-under-198-c45f6ffd9-bclb6" originNode="ip-172-31-16-198" predictedTarget="ip-172-31-1-245"
E0606 05:28:31.681453       1 event_broadcaster.go:270] "Server rejected event (will not retry!)" err="events.events.k8s.io is forbidden: User \"system:serviceaccount:kube-system:descheduler\" cannot create resource \"events\" in API group \"events.k8s.io\" in the namespace \"defrag-exp\"" event="&Event{ObjectMeta:{s3-under-198-c45f6ffd9-trskv.18b666c7f5b7b122  defrag-exp    0 0001-01-01 00:00:00 +0000 UTC <nil> <nil> map[] map[] [] [] []},EventTime:2026-06-06 05:28:31.67855911 +0000 UTC m=+0.288861306,Series:nil,ReportingController:sigs.k8s.io.descheduler,ReportingInstance:sigs.k8s.io.descheduler-descheduler-job-g7v9m,Action:Descheduled,Reason:ResourceDefragmentation,Regarding:{Pod defrag-exp s3-under-198-c45f6ffd9-trskv 59018a14-d035-4dbe-aa3e-3e23eb7dbfc5 v1 243246 },Related:nil,Note:pod eviction from ip-172-31-16-198 node by sigs.k8s.io/descheduler,Type:Normal,DeprecatedSource:{ },DeprecatedFirstTimestamp:0001-01-01 00:00:00 +0000 UTC,DeprecatedLastTimestamp:0001-01-01 00:00:00 +0000 UTC,DeprecatedCount:0,}"
I0606 05:28:31.771197       1 evictions.go:558] "Evicted pod" pod="defrag-exp/s3-under-198-c45f6ffd9-bclb6" reason="" strategy="ResourceDefragmentation" node="ip-172-31-16-198" profile="default"
I0606 05:28:31.771256       1 resourcedefragmentation.go:257] "Skipping node now serving as a bin" plugin="ResourceDefragmentation" ExtensionPoint="Balance" node="ip-172-31-1-245"
I0606 05:28:31.771312       1 profile.go:425] "Total number of evictions/requests" extension point="Balance" evictedPods=2 evictionRequests=0
I0606 05:28:31.771380       1 descheduler.go:252] "Number of evictions/requests" totalEvicted=2 evictionRequests=0
E0606 05:28:31.771838       1 event_broadcaster.go:279] "Unable to write event (may retry after sleeping)" err="client rate limiter Wait returned an error: context canceled"
I0606 05:28:31.771916       1 reflector.go:373] "Stopping reflector" type="*v1.Pod" resyncPeriod="0s" reflector="k8s.io/client-go/informers/factory.go:161"
I0606 05:28:31.771939       1 reflector.go:373] "Stopping reflector" type="*v1.PersistentVolumeClaim" resyncPeriod="0s" reflector="k8s.io/client-go/informers/factory.go:161"
I0606 05:28:31.771962       1 reflector.go:373] "Stopping reflector" type="*v1.Node" resyncPeriod="0s" reflector="k8s.io/client-go/informers/factory.go:161"
I0606 05:28:31.772235       1 secure_serving.go:259] Stopped listening on [::]:10258
