I0607 10:22:31.878331       1 feature_gate.go:466] feature gates: {map[]}
I0607 10:22:31.997090       1 secure_serving.go:57] Forcing use of http/1.1 only
I0607 10:22:31.997546       1 named_certificates.go:53] "Loaded SNI cert" index=0 certName="self-signed loopback" certDetail="\"apiserver-loopback-client@1780827751\" [serving] validServingFor=[apiserver-loopback-client] issuer=\"apiserver-loopback-client-ca@1780827751\" (2026-06-07 09:22:31 +0000 UTC to 2029-06-07 09:22:31 +0000 UTC (now=2026-06-07 10:22:31.997484521 +0000 UTC))"
I0607 10:22:31.997590       1 secure_serving.go:211] Serving securely on [::]:10258
I0607 10:22:31.997609       1 tracing.go:88] Did not find a trace collector endpoint defined. Switching to NoopTraceProvider
I0607 10:22:31.997983       1 envvar.go:172] "Feature gate default state" feature="ClientsAllowCBOR" enabled=false
I0607 10:22:31.998011       1 envvar.go:172] "Feature gate default state" feature="ClientsPreferCBOR" enabled=false
I0607 10:22:31.998018       1 envvar.go:172] "Feature gate default state" feature="InOrderInformers" enabled=true
I0607 10:22:31.998031       1 envvar.go:172] "Feature gate default state" feature="InOrderInformersBatchProcess" enabled=true
I0607 10:22:31.998038       1 envvar.go:172] "Feature gate default state" feature="InformerResourceVersion" enabled=true
I0607 10:22:31.998044       1 envvar.go:172] "Feature gate default state" feature="WatchListClient" enabled=true
I0607 10:22:31.998682       1 tlsconfig.go:243] "Starting DynamicServingCertificateController"
W0607 10:22:32.008249       1 descheduler.go:333] failed to convert Descheduler minor version '' to float: strconv.ParseFloat: parsing "": invalid syntax
I0607 10:22:32.019714       1 reflector.go:367] "Starting reflector" type="*v1.PersistentVolumeClaim" resyncPeriod="0s" reflector="k8s.io/client-go/informers/factory.go:161"
I0607 10:22:32.019982       1 reflector.go:411] "Listing and watching" type="*v1.PersistentVolumeClaim" reflector="k8s.io/client-go/informers/factory.go:161"
I0607 10:22:32.019838       1 reflector.go:367] "Starting reflector" type="*v1.Node" resyncPeriod="0s" reflector="k8s.io/client-go/informers/factory.go:161"
I0607 10:22:32.020293       1 reflector.go:411] "Listing and watching" type="*v1.Node" reflector="k8s.io/client-go/informers/factory.go:161"
I0607 10:22:32.019726       1 reflector.go:367] "Starting reflector" type="*v1.Pod" resyncPeriod="0s" reflector="k8s.io/client-go/informers/factory.go:161"
I0607 10:22:32.020483       1 reflector.go:411] "Listing and watching" type="*v1.Pod" reflector="k8s.io/client-go/informers/factory.go:161"
I0607 10:22:32.024563       1 reflector.go:446] "Caches populated" type="*v1.PersistentVolumeClaim" reflector="k8s.io/client-go/informers/factory.go:161"
I0607 10:22:32.026081       1 reflector.go:446] "Caches populated" type="*v1.Node" reflector="k8s.io/client-go/informers/factory.go:161"
I0607 10:22:32.029695       1 reflector.go:446] "Caches populated" type="*v1.Pod" reflector="k8s.io/client-go/informers/factory.go:161"
I0607 10:22:32.120426       1 descheduler.go:235] Resetting pod evictor counters
I0607 10:22:32.120519       1 resourcedefragmentationc2.go:129] "Starting ResourceDefragmentationC2 balance pass" plugin="ResourceDefragmentationC2" ExtensionPoint="Balance" nodeCount=7
I0607 10:22:32.120858       1 resourcedefragmentationc2.go:205] "Eviction decision" plugin="ResourceDefragmentationC2" ExtensionPoint="Balance" pod="defrag-exp/s2-mem-144-769fd78487-cfbvx" originNode="ip-172-31-6-144" predictedTarget="ip-172-31-1-245"
I0607 10:22:32.144259       1 evictions.go:558] "Evicted pod" pod="defrag-exp/s2-mem-144-769fd78487-cfbvx" reason="" strategy="ResourceDefragmentationC2" node="ip-172-31-6-144" profile="default"
I0607 10:22:32.144334       1 resourcedefragmentationc2.go:205] "Eviction decision" plugin="ResourceDefragmentationC2" ExtensionPoint="Balance" pod="defrag-exp/s2-mem-144-769fd78487-fxsch" originNode="ip-172-31-6-144" predictedTarget="ip-172-31-1-245"
E0607 10:22:32.147106       1 event_broadcaster.go:270] "Server rejected event (will not retry!)" err="events.events.k8s.io is forbidden: User \"system:serviceaccount:kube-system:descheduler\" cannot create resource \"events\" in API group \"events.k8s.io\" in the namespace \"defrag-exp\"" event="&Event{ObjectMeta:{s2-mem-144-769fd78487-cfbvx.18b6c567c4b7d001  defrag-exp    0 0001-01-01 00:00:00 +0000 UTC <nil> <nil> map[] map[] [] [] []},EventTime:2026-06-07 10:22:32.144280391 +0000 UTC m=+0.301965484,Series:nil,ReportingController:sigs.k8s.io.descheduler,ReportingInstance:sigs.k8s.io.descheduler-descheduler-job-nwbc8,Action:Descheduled,Reason:ResourceDefragmentationC2,Regarding:{Pod defrag-exp s2-mem-144-769fd78487-cfbvx d4b2eb4f-bc09-430f-8338-a2289d8a56a9 v1 430752 },Related:nil,Note:pod eviction from ip-172-31-6-144 node by sigs.k8s.io/descheduler,Type:Normal,DeprecatedSource:{ },DeprecatedFirstTimestamp:0001-01-01 00:00:00 +0000 UTC,DeprecatedLastTimestamp:0001-01-01 00:00:00 +0000 UTC,DeprecatedCount:0,}"
I0607 10:22:32.247378       1 evictions.go:558] "Evicted pod" pod="defrag-exp/s2-mem-144-769fd78487-fxsch" reason="" strategy="ResourceDefragmentationC2" node="ip-172-31-6-144" profile="default"
I0607 10:22:32.247493       1 resourcedefragmentationc2.go:205] "Eviction decision" plugin="ResourceDefragmentationC2" ExtensionPoint="Balance" pod="defrag-exp/s2-mem-39-6c9ff4fc6d-k5ppp" originNode="ip-172-31-3-39" predictedTarget="ip-172-31-16-198"
E0607 10:22:32.251357       1 event_broadcaster.go:270] "Server rejected event (will not retry!)" err="events.events.k8s.io is forbidden: User \"system:serviceaccount:kube-system:descheduler\" cannot create resource \"events\" in API group \"events.k8s.io\" in the namespace \"defrag-exp\"" event="&Event{ObjectMeta:{s2-mem-144-769fd78487-fxsch.18b6c567cadd219c  defrag-exp    0 0001-01-01 00:00:00 +0000 UTC <nil> <nil> map[] map[] [] [] []},EventTime:2026-06-07 10:22:32.247396827 +0000 UTC m=+0.405081922,Series:nil,ReportingController:sigs.k8s.io.descheduler,ReportingInstance:sigs.k8s.io.descheduler-descheduler-job-nwbc8,Action:Descheduled,Reason:ResourceDefragmentationC2,Regarding:{Pod defrag-exp s2-mem-144-769fd78487-fxsch 52cd1e78-38f7-4ad4-a76d-ad509dd66d43 v1 430748 },Related:nil,Note:pod eviction from ip-172-31-6-144 node by sigs.k8s.io/descheduler,Type:Normal,DeprecatedSource:{ },DeprecatedFirstTimestamp:0001-01-01 00:00:00 +0000 UTC,DeprecatedLastTimestamp:0001-01-01 00:00:00 +0000 UTC,DeprecatedCount:0,}"
I0607 10:22:32.346731       1 evictions.go:558] "Evicted pod" pod="defrag-exp/s2-mem-39-6c9ff4fc6d-k5ppp" reason="" strategy="ResourceDefragmentationC2" node="ip-172-31-3-39" profile="default"
I0607 10:22:32.346807       1 resourcedefragmentationc2.go:205] "Eviction decision" plugin="ResourceDefragmentationC2" ExtensionPoint="Balance" pod="defrag-exp/s2-mem-39-6c9ff4fc6d-chkc9" originNode="ip-172-31-3-39" predictedTarget="ip-172-31-16-198"
E0607 10:22:32.348615       1 event_broadcaster.go:270] "Server rejected event (will not retry!)" err="events.events.k8s.io is forbidden: User \"system:serviceaccount:kube-system:descheduler\" cannot create resource \"events\" in API group \"events.k8s.io\" in the namespace \"defrag-exp\"" event="&Event{ObjectMeta:{s2-mem-39-6c9ff4fc6d-k5ppp.18b6c567d0c9418f  defrag-exp    0 0001-01-01 00:00:00 +0000 UTC <nil> <nil> map[] map[] [] [] []},EventTime:2026-06-07 10:22:32.346754079 +0000 UTC m=+0.504439171,Series:nil,ReportingController:sigs.k8s.io.descheduler,ReportingInstance:sigs.k8s.io.descheduler-descheduler-job-nwbc8,Action:Descheduled,Reason:ResourceDefragmentationC2,Regarding:{Pod defrag-exp s2-mem-39-6c9ff4fc6d-k5ppp 25fc1364-2081-4902-9b8b-d848b38e46b1 v1 430665 },Related:nil,Note:pod eviction from ip-172-31-3-39 node by sigs.k8s.io/descheduler,Type:Normal,DeprecatedSource:{ },DeprecatedFirstTimestamp:0001-01-01 00:00:00 +0000 UTC,DeprecatedLastTimestamp:0001-01-01 00:00:00 +0000 UTC,DeprecatedCount:0,}"
I0607 10:22:32.448142       1 evictions.go:558] "Evicted pod" pod="defrag-exp/s2-mem-39-6c9ff4fc6d-chkc9" reason="" strategy="ResourceDefragmentationC2" node="ip-172-31-3-39" profile="default"
I0607 10:22:32.448207       1 resourcedefragmentationc2.go:205] "Eviction decision" plugin="ResourceDefragmentationC2" ExtensionPoint="Balance" pod="defrag-exp/s2-mem-146-7ff7c4f86f-lfm4l" originNode="ip-172-31-31-146" predictedTarget="ip-172-31-19-34"
E0607 10:22:32.451244       1 event_broadcaster.go:270] "Server rejected event (will not retry!)" err="events.events.k8s.io is forbidden: User \"system:serviceaccount:kube-system:descheduler\" cannot create resource \"events\" in API group \"events.k8s.io\" in the namespace \"defrag-exp\"" event="&Event{ObjectMeta:{s2-mem-39-6c9ff4fc6d-chkc9.18b6c567d6d4a5f8  defrag-exp    0 0001-01-01 00:00:00 +0000 UTC <nil> <nil> map[] map[] [] [] []},EventTime:2026-06-07 10:22:32.448166229 +0000 UTC m=+0.605851331,Series:nil,ReportingController:sigs.k8s.io.descheduler,ReportingInstance:sigs.k8s.io.descheduler-descheduler-job-nwbc8,Action:Descheduled,Reason:ResourceDefragmentationC2,Regarding:{Pod defrag-exp s2-mem-39-6c9ff4fc6d-chkc9 f4fb959c-e15a-4d41-8861-c28ea0fec33d v1 430669 },Related:nil,Note:pod eviction from ip-172-31-3-39 node by sigs.k8s.io/descheduler,Type:Normal,DeprecatedSource:{ },DeprecatedFirstTimestamp:0001-01-01 00:00:00 +0000 UTC,DeprecatedLastTimestamp:0001-01-01 00:00:00 +0000 UTC,DeprecatedCount:0,}"
I0607 10:22:32.550368       1 evictions.go:558] "Evicted pod" pod="defrag-exp/s2-mem-146-7ff7c4f86f-lfm4l" reason="" strategy="ResourceDefragmentationC2" node="ip-172-31-31-146" profile="default"
I0607 10:22:32.550465       1 resourcedefragmentationc2.go:205] "Eviction decision" plugin="ResourceDefragmentationC2" ExtensionPoint="Balance" pod="defrag-exp/s2-mem-146-7ff7c4f86f-lm4tb" originNode="ip-172-31-31-146" predictedTarget="ip-172-31-19-34"
E0607 10:22:32.554226       1 event_broadcaster.go:270] "Server rejected event (will not retry!)" err="events.events.k8s.io is forbidden: User \"system:serviceaccount:kube-system:descheduler\" cannot create resource \"events\" in API group \"events.k8s.io\" in the namespace \"defrag-exp\"" event="&Event{ObjectMeta:{s2-mem-146-7ff7c4f86f-lfm4l.18b6c567dcecce7d  defrag-exp    0 0001-01-01 00:00:00 +0000 UTC <nil> <nil> map[] map[] [] [] []},EventTime:2026-06-07 10:22:32.550391811 +0000 UTC m=+0.708076912,Series:nil,ReportingController:sigs.k8s.io.descheduler,ReportingInstance:sigs.k8s.io.descheduler-descheduler-job-nwbc8,Action:Descheduled,Reason:ResourceDefragmentationC2,Regarding:{Pod defrag-exp s2-mem-146-7ff7c4f86f-lfm4l 0537a892-c2f3-444e-baf5-73eb03aa27e0 v1 430709 },Related:nil,Note:pod eviction from ip-172-31-31-146 node by sigs.k8s.io/descheduler,Type:Normal,DeprecatedSource:{ },DeprecatedFirstTimestamp:0001-01-01 00:00:00 +0000 UTC,DeprecatedLastTimestamp:0001-01-01 00:00:00 +0000 UTC,DeprecatedCount:0,}"
I0607 10:22:32.647447       1 evictions.go:558] "Evicted pod" pod="defrag-exp/s2-mem-146-7ff7c4f86f-lm4tb" reason="" strategy="ResourceDefragmentationC2" node="ip-172-31-31-146" profile="default"
I0607 10:22:32.647545       1 profile.go:425] "Total number of evictions/requests" extension point="Balance" evictedPods=6 evictionRequests=0
I0607 10:22:32.647576       1 descheduler.go:252] "Number of evictions/requests" totalEvicted=6 evictionRequests=0
E0607 10:22:32.653194       1 event_broadcaster.go:279] "Unable to write event (may retry after sleeping)" err="client rate limiter Wait returned an error: context canceled"
I0607 10:22:32.653252       1 reflector.go:373] "Stopping reflector" type="*v1.Pod" resyncPeriod="0s" reflector="k8s.io/client-go/informers/factory.go:161"
I0607 10:22:32.653275       1 reflector.go:373] "Stopping reflector" type="*v1.Node" resyncPeriod="0s" reflector="k8s.io/client-go/informers/factory.go:161"
I0607 10:22:32.653296       1 reflector.go:373] "Stopping reflector" type="*v1.PersistentVolumeClaim" resyncPeriod="0s" reflector="k8s.io/client-go/informers/factory.go:161"
I0607 10:22:32.654055       1 tlsconfig.go:258] "Shutting down DynamicServingCertificateController"
I0607 10:22:32.654250       1 secure_serving.go:259] Stopped listening on [::]:10258
