I0607 05:37:23.596730       1 feature_gate.go:466] feature gates: {map[]}
I0607 05:37:23.760771       1 secure_serving.go:57] Forcing use of http/1.1 only
I0607 05:37:23.761333       1 named_certificates.go:53] "Loaded SNI cert" index=0 certName="self-signed loopback" certDetail="\"apiserver-loopback-client@1780810643\" [serving] validServingFor=[apiserver-loopback-client] issuer=\"apiserver-loopback-client-ca@1780810643\" (2026-06-07 04:37:23 +0000 UTC to 2029-06-07 04:37:23 +0000 UTC (now=2026-06-07 05:37:23.761291226 +0000 UTC))"
I0607 05:37:23.761563       1 tlsconfig.go:243] "Starting DynamicServingCertificateController"
I0607 05:37:23.762919       1 secure_serving.go:211] Serving securely on [::]:10258
I0607 05:37:23.763014       1 tracing.go:88] Did not find a trace collector endpoint defined. Switching to NoopTraceProvider
I0607 05:37:23.763758       1 envvar.go:172] "Feature gate default state" feature="ClientsPreferCBOR" enabled=false
I0607 05:37:23.763906       1 envvar.go:172] "Feature gate default state" feature="InOrderInformers" enabled=true
I0607 05:37:23.763997       1 envvar.go:172] "Feature gate default state" feature="InOrderInformersBatchProcess" enabled=true
I0607 05:37:23.764083       1 envvar.go:172] "Feature gate default state" feature="InformerResourceVersion" enabled=true
I0607 05:37:23.764158       1 envvar.go:172] "Feature gate default state" feature="WatchListClient" enabled=true
I0607 05:37:23.764236       1 envvar.go:172] "Feature gate default state" feature="ClientsAllowCBOR" enabled=false
W0607 05:37:23.775491       1 descheduler.go:333] failed to convert Descheduler minor version '' to float: strconv.ParseFloat: parsing "": invalid syntax
I0607 05:37:23.785424       1 reflector.go:367] "Starting reflector" type="*v1.PersistentVolumeClaim" resyncPeriod="0s" reflector="k8s.io/client-go/informers/factory.go:161"
I0607 05:37:23.785455       1 reflector.go:411] "Listing and watching" type="*v1.PersistentVolumeClaim" reflector="k8s.io/client-go/informers/factory.go:161"
I0607 05:37:23.785483       1 reflector.go:367] "Starting reflector" type="*v1.Node" resyncPeriod="0s" reflector="k8s.io/client-go/informers/factory.go:161"
I0607 05:37:23.785512       1 reflector.go:411] "Listing and watching" type="*v1.Node" reflector="k8s.io/client-go/informers/factory.go:161"
I0607 05:37:23.785438       1 reflector.go:367] "Starting reflector" type="*v1.Pod" resyncPeriod="0s" reflector="k8s.io/client-go/informers/factory.go:161"
I0607 05:37:23.785650       1 reflector.go:411] "Listing and watching" type="*v1.Pod" reflector="k8s.io/client-go/informers/factory.go:161"
I0607 05:37:23.789492       1 reflector.go:446] "Caches populated" type="*v1.PersistentVolumeClaim" reflector="k8s.io/client-go/informers/factory.go:161"
I0607 05:37:23.791344       1 reflector.go:446] "Caches populated" type="*v1.Node" reflector="k8s.io/client-go/informers/factory.go:161"
I0607 05:37:23.796314       1 reflector.go:446] "Caches populated" type="*v1.Pod" reflector="k8s.io/client-go/informers/factory.go:161"
I0607 05:37:23.886091       1 descheduler.go:235] Resetting pod evictor counters
I0607 05:37:23.886261       1 resourcedefragmentation.go:178] "Starting resource defragmentation balance pass" plugin="ResourceDefragmentation" ExtensionPoint="Balance" nodeCount=7
I0607 05:37:23.886517       1 resourcedefragmentation.go:219] "Node state" plugin="ResourceDefragmentation" ExtensionPoint="Balance" node="ip-172-31-19-34" avgUtilization=0.3040542752468479 minUtilization=0.3 binScore=0.6479728623765761 usageSource="requests"
I0607 05:37:23.886582       1 resourcedefragmentation.go:219] "Node state" plugin="ResourceDefragmentation" ExtensionPoint="Balance" node="ip-172-31-3-39" avgUtilization=0.3040557585561124 minUtilization=0.3 binScore=0.6479721207219438 usageSource="requests"
I0607 05:37:23.886599       1 resourcedefragmentation.go:219] "Node state" plugin="ResourceDefragmentation" ExtensionPoint="Balance" node="ip-172-31-31-146" avgUtilization=0.3040542752468479 minUtilization=0.3 binScore=0.6479728623765761 usageSource="requests"
I0607 05:37:23.886617       1 resourcedefragmentation.go:219] "Node state" plugin="ResourceDefragmentation" ExtensionPoint="Balance" node="ip-172-31-6-144" avgUtilization=0.3040802372835654 minUtilization=0.3 binScore=0.6479598813582172 usageSource="requests"
I0607 05:37:23.886673       1 resourcedefragmentation.go:185] "Skipping control-plane node" plugin="ResourceDefragmentation" ExtensionPoint="Balance" node="ip-172-31-84-108"
I0607 05:37:23.886689       1 resourcedefragmentation.go:219] "Node state" plugin="ResourceDefragmentation" ExtensionPoint="Balance" node="ip-172-31-1-245" avgUtilization=0.30408097918462274 minUtilization=0.3 binScore=0.6479595104076887 usageSource="requests"
I0607 05:37:23.886701       1 resourcedefragmentation.go:219] "Node state" plugin="ResourceDefragmentation" ExtensionPoint="Balance" node="ip-172-31-16-198" avgUtilization=0.3040557585561124 minUtilization=0.3 binScore=0.6479721207219438 usageSource="requests"
I0607 05:37:23.886766       1 resourcedefragmentation.go:257] "Node is a drain candidate" plugin="ResourceDefragmentation" ExtensionPoint="Balance" node="ip-172-31-19-34" avgUtilization=0.3040542752468479 binScore=0.6479728623765761 imbalanceIndex=-0.008108550493695799 freeSpaceIndex=0.48432401465441294 priority=1.036421006542499
I0607 05:37:23.886808       1 resourcedefragmentation.go:257] "Node is a drain candidate" plugin="ResourceDefragmentation" ExtensionPoint="Balance" node="ip-172-31-3-39" avgUtilization=0.3040557585561124 binScore=0.6479721207219438 imbalanceIndex=-0.008111517112224798 freeSpaceIndex=0.4843219380214426 priority=1.0364269163429527
I0607 05:37:23.886847       1 resourcedefragmentation.go:257] "Node is a drain candidate" plugin="ResourceDefragmentation" ExtensionPoint="Balance" node="ip-172-31-31-146" avgUtilization=0.3040542752468479 binScore=0.6479728623765761 imbalanceIndex=-0.008108550493695799 freeSpaceIndex=0.48432401465441294 priority=1.036421006542499
I0607 05:37:23.886883       1 resourcedefragmentation.go:257] "Node is a drain candidate" plugin="ResourceDefragmentation" ExtensionPoint="Balance" node="ip-172-31-6-144" avgUtilization=0.3040802372835654 binScore=0.6479598813582172 imbalanceIndex=-0.008160474567130871 freeSpaceIndex=0.4842876678030084 priority=1.0365244499661364
I0607 05:37:23.886904       1 resourcedefragmentation.go:257] "Node is a drain candidate" plugin="ResourceDefragmentation" ExtensionPoint="Balance" node="ip-172-31-1-245" avgUtilization=0.30408097918462274 binScore=0.6479595104076887 imbalanceIndex=-0.008161958369245437 freeSpaceIndex=0.48428662914152815 priority=1.0365274061757654
I0607 05:37:23.886939       1 resourcedefragmentation.go:257] "Node is a drain candidate" plugin="ResourceDefragmentation" ExtensionPoint="Balance" node="ip-172-31-16-198" avgUtilization=0.3040557585561124 binScore=0.6479721207219438 imbalanceIndex=-0.008111517112224798 freeSpaceIndex=0.4843219380214426 priority=1.0364269163429527
I0607 05:37:23.886961       1 resourcedefragmentation.go:280] "Draining under-utilized node" plugin="ResourceDefragmentation" ExtensionPoint="Balance" node="ip-172-31-1-245" priority=1.0365274061757654
I0607 05:37:23.886981       1 resourcedefragmentation.go:867] "Candidate score inputs" plugin="ResourceDefragmentation" pod="defrag-exp/s1-fill-245-7659c95b6c-wdgx9" originNode="ip-172-31-1-245" c1=-0.0000017703457597136126 c2=0.7109120073272065 c3=0.1881732014656953 c4=0
I0607 05:37:23.886994       1 resourcedefragmentation.go:867] "Candidate score inputs" plugin="ResourceDefragmentation" pod="defrag-exp/s1-fill-245-7659c95b6c-jpwbx" originNode="ip-172-31-1-245" c1=-0.0000017703457597136126 c2=0.7109120073272065 c3=0.1881732014656953 c4=0
I0607 05:37:23.887019       1 resourcedefragmentation.go:298] "Eviction decision" plugin="ResourceDefragmentation" ExtensionPoint="Balance" pod="defrag-exp/s1-fill-245-7659c95b6c-wdgx9" originNode="ip-172-31-1-245" predictedTarget="ip-172-31-31-146"
I0607 05:37:23.913657       1 evictions.go:558] "Evicted pod" pod="defrag-exp/s1-fill-245-7659c95b6c-wdgx9" reason="" strategy="ResourceDefragmentation" node="ip-172-31-1-245" profile="default"
I0607 05:37:23.915981       1 resourcedefragmentation.go:867] "Candidate score inputs" plugin="ResourceDefragmentation" pod="defrag-exp/s1-fill-245-7659c95b6c-jpwbx" originNode="ip-172-31-1-245" c1=-0.000002146717863516808 c2=0.7738511522778369 c3=0.21898939730261985 c4=0
I0607 05:37:23.916199       1 resourcedefragmentation.go:298] "Eviction decision" plugin="ResourceDefragmentation" ExtensionPoint="Balance" pod="defrag-exp/s1-fill-245-7659c95b6c-jpwbx" originNode="ip-172-31-1-245" predictedTarget="ip-172-31-31-146"
E0607 05:37:23.931458       1 event_broadcaster.go:270] "Server rejected event (will not retry!)" err="events.events.k8s.io is forbidden: User \"system:serviceaccount:kube-system:descheduler\" cannot create resource \"events\" in API group \"events.k8s.io\" in the namespace \"defrag-exp\"" event="&Event{ObjectMeta:{s1-fill-245-7659c95b6c-wdgx9.18b6b5d872d7a1db  defrag-exp    0 0001-01-01 00:00:00 +0000 UTC <nil> <nil> map[] map[] [] [] []},EventTime:2026-06-07 05:37:23.915863044 +0000 UTC m=+0.445793436,Series:nil,ReportingController:sigs.k8s.io.descheduler,ReportingInstance:sigs.k8s.io.descheduler-descheduler-job-cnkz6,Action:Descheduled,Reason:ResourceDefragmentation,Regarding:{Pod defrag-exp s1-fill-245-7659c95b6c-wdgx9 3199c28b-21eb-48dd-ab7c-b420a8bbbd94 v1 366357 },Related:nil,Note:pod eviction from ip-172-31-1-245 node by sigs.k8s.io/descheduler,Type:Normal,DeprecatedSource:{ },DeprecatedFirstTimestamp:0001-01-01 00:00:00 +0000 UTC,DeprecatedLastTimestamp:0001-01-01 00:00:00 +0000 UTC,DeprecatedCount:0,}"
I0607 05:37:24.012309       1 evictions.go:558] "Evicted pod" pod="defrag-exp/s1-fill-245-7659c95b6c-jpwbx" reason="" strategy="ResourceDefragmentation" node="ip-172-31-1-245" profile="default"
I0607 05:37:24.013781       1 resourcedefragmentation.go:280] "Draining under-utilized node" plugin="ResourceDefragmentation" ExtensionPoint="Balance" node="ip-172-31-6-144" priority=1.0365244499661364
I0607 05:37:24.013961       1 resourcedefragmentation.go:867] "Candidate score inputs" plugin="ResourceDefragmentation" pod="defrag-exp/s1-fill-144-75b6ddcffc-wbw8l" originNode="ip-172-31-6-144" c1=-0.0000017706293464173215 c2=0.8367902972284673 c3=0.1881728972862618 c4=0
I0607 05:37:24.014065       1 resourcedefragmentation.go:867] "Candidate score inputs" plugin="ResourceDefragmentation" pod="defrag-exp/s1-fill-144-75b6ddcffc-dbr58" originNode="ip-172-31-6-144" c1=-0.0000017706293464173215 c2=0.8367902972284673 c3=0.1881728972862618 c4=0
I0607 05:37:24.014204       1 resourcedefragmentation.go:298] "Eviction decision" plugin="ResourceDefragmentation" ExtensionPoint="Balance" pod="defrag-exp/s1-fill-144-75b6ddcffc-wbw8l" originNode="ip-172-31-6-144" predictedTarget="ip-172-31-31-146"
E0607 05:37:24.017057       1 event_broadcaster.go:270] "Server rejected event (will not retry!)" err="events.events.k8s.io is forbidden: User \"system:serviceaccount:kube-system:descheduler\" cannot create resource \"events\" in API group \"events.k8s.io\" in the namespace \"defrag-exp\"" event="&Event{ObjectMeta:{s1-fill-245-7659c95b6c-jpwbx.18b6b5d878972da2  defrag-exp    0 0001-01-01 00:00:00 +0000 UTC <nil> <nil> map[] map[] [] [] []},EventTime:2026-06-07 05:37:24.012335694 +0000 UTC m=+0.542266084,Series:nil,ReportingController:sigs.k8s.io.descheduler,ReportingInstance:sigs.k8s.io.descheduler-descheduler-job-cnkz6,Action:Descheduled,Reason:ResourceDefragmentation,Regarding:{Pod defrag-exp s1-fill-245-7659c95b6c-jpwbx 3c783460-ed40-4c32-8984-0ddf072b4192 v1 366355 },Related:nil,Note:pod eviction from ip-172-31-1-245 node by sigs.k8s.io/descheduler,Type:Normal,DeprecatedSource:{ },DeprecatedFirstTimestamp:0001-01-01 00:00:00 +0000 UTC,DeprecatedLastTimestamp:0001-01-01 00:00:00 +0000 UTC,DeprecatedCount:0,}"
I0607 05:37:24.110594       1 evictions.go:558] "Evicted pod" pod="defrag-exp/s1-fill-144-75b6ddcffc-wbw8l" reason="" strategy="ResourceDefragmentation" node="ip-172-31-6-144" profile="default"
I0607 05:37:24.111148       1 resourcedefragmentation.go:867] "Candidate score inputs" plugin="ResourceDefragmentation" pod="defrag-exp/s1-fill-144-75b6ddcffc-dbr58" originNode="ip-172-31-6-144" c1=-0.0000021472589660676824 c2=0.8997294421790978 c3=0.2189889447429749 c4=0
I0607 05:37:24.112462       1 resourcedefragmentation.go:298] "Eviction decision" plugin="ResourceDefragmentation" ExtensionPoint="Balance" pod="defrag-exp/s1-fill-144-75b6ddcffc-dbr58" originNode="ip-172-31-6-144" predictedTarget="ip-172-31-31-146"
E0607 05:37:24.120978       1 event_broadcaster.go:270] "Server rejected event (will not retry!)" err="events.events.k8s.io is forbidden: User \"system:serviceaccount:kube-system:descheduler\" cannot create resource \"events\" in API group \"events.k8s.io\" in the namespace \"defrag-exp\"" event="&Event{ObjectMeta:{s1-fill-144-75b6ddcffc-wbw8l.18b6b5d87e751526  defrag-exp    0 0001-01-01 00:00:00 +0000 UTC <nil> <nil> map[] map[] [] [] []},EventTime:2026-06-07 05:37:24.110764972 +0000 UTC m=+0.640695363,Series:nil,ReportingController:sigs.k8s.io.descheduler,ReportingInstance:sigs.k8s.io.descheduler-descheduler-job-cnkz6,Action:Descheduled,Reason:ResourceDefragmentation,Regarding:{Pod defrag-exp s1-fill-144-75b6ddcffc-wbw8l e766510e-d868-4593-bb08-ce692732d715 v1 366547 },Related:nil,Note:pod eviction from ip-172-31-6-144 node by sigs.k8s.io/descheduler,Type:Normal,DeprecatedSource:{ },DeprecatedFirstTimestamp:0001-01-01 00:00:00 +0000 UTC,DeprecatedLastTimestamp:0001-01-01 00:00:00 +0000 UTC,DeprecatedCount:0,}"
I0607 05:37:24.214876       1 evictions.go:558] "Evicted pod" pod="defrag-exp/s1-fill-144-75b6ddcffc-dbr58" reason="" strategy="ResourceDefragmentation" node="ip-172-31-6-144" profile="default"
I0607 05:37:24.214951       1 resourcedefragmentation.go:280] "Draining under-utilized node" plugin="ResourceDefragmentation" ExtensionPoint="Balance" node="ip-172-31-3-39" priority=1.0364269163429527
I0607 05:37:24.214985       1 resourcedefragmentation.go:867] "Candidate score inputs" plugin="ResourceDefragmentation" pod="defrag-exp/s1-fill-39-7d47c6f544-fjmrr" originNode="ip-172-31-3-39" c1=-0.000001779862702044703 c2=0.7109120073272065 c3=0.1881628610080061 c4=0
I0607 05:37:24.215002       1 resourcedefragmentation.go:867] "Candidate score inputs" plugin="ResourceDefragmentation" pod="defrag-exp/s1-fill-39-7d47c6f544-zj8q9" originNode="ip-172-31-3-39" c1=-0.000001779862702044703 c2=0.7109120073272065 c3=0.1881628610080061 c4=0
I0607 05:37:24.215024       1 resourcedefragmentation.go:298] "Eviction decision" plugin="ResourceDefragmentation" ExtensionPoint="Balance" pod="defrag-exp/s1-fill-39-7d47c6f544-fjmrr" originNode="ip-172-31-3-39" predictedTarget="ip-172-31-19-34"
E0607 05:37:24.217499       1 event_broadcaster.go:270] "Server rejected event (will not retry!)" err="events.events.k8s.io is forbidden: User \"system:serviceaccount:kube-system:descheduler\" cannot create resource \"events\" in API group \"events.k8s.io\" in the namespace \"defrag-exp\"" event="&Event{ObjectMeta:{s1-fill-144-75b6ddcffc-dbr58.18b6b5d884aa0475  defrag-exp    0 0001-01-01 00:00:00 +0000 UTC <nil> <nil> map[] map[] [] [] []},EventTime:2026-06-07 05:37:24.214900097 +0000 UTC m=+0.744830488,Series:nil,ReportingController:sigs.k8s.io.descheduler,ReportingInstance:sigs.k8s.io.descheduler-descheduler-job-cnkz6,Action:Descheduled,Reason:ResourceDefragmentation,Regarding:{Pod defrag-exp s1-fill-144-75b6ddcffc-dbr58 bd4f038e-9f28-49bb-a322-f0178e1ce0d6 v1 366545 },Related:nil,Note:pod eviction from ip-172-31-6-144 node by sigs.k8s.io/descheduler,Type:Normal,DeprecatedSource:{ },DeprecatedFirstTimestamp:0001-01-01 00:00:00 +0000 UTC,DeprecatedLastTimestamp:0001-01-01 00:00:00 +0000 UTC,DeprecatedCount:0,}"
I0607 05:37:24.323093       1 evictions.go:558] "Evicted pod" pod="defrag-exp/s1-fill-39-7d47c6f544-fjmrr" reason="" strategy="ResourceDefragmentation" node="ip-172-31-3-39" profile="default"
I0607 05:37:24.323549       1 resourcedefragmentation.go:867] "Candidate score inputs" plugin="ResourceDefragmentation" pod="defrag-exp/s1-fill-39-7d47c6f544-zj8q9" originNode="ip-172-31-3-39" c1=-0.0000021650383431706173 c2=0.7738511522778369 c3=0.21897401271922856 c4=0
I0607 05:37:24.323584       1 resourcedefragmentation.go:298] "Eviction decision" plugin="ResourceDefragmentation" ExtensionPoint="Balance" pod="defrag-exp/s1-fill-39-7d47c6f544-zj8q9" originNode="ip-172-31-3-39" predictedTarget="ip-172-31-19-34"
E0607 05:37:24.325885       1 event_broadcaster.go:270] "Server rejected event (will not retry!)" err="events.events.k8s.io is forbidden: User \"system:serviceaccount:kube-system:descheduler\" cannot create resource \"events\" in API group \"events.k8s.io\" in the namespace \"defrag-exp\"" event="&Event{ObjectMeta:{s1-fill-39-7d47c6f544-fjmrr.18b6b5d88b1da0c2  defrag-exp    0 0001-01-01 00:00:00 +0000 UTC <nil> <nil> map[] map[] [] [] []},EventTime:2026-06-07 05:37:24.323137076 +0000 UTC m=+0.853067469,Series:nil,ReportingController:sigs.k8s.io.descheduler,ReportingInstance:sigs.k8s.io.descheduler-descheduler-job-cnkz6,Action:Descheduled,Reason:ResourceDefragmentation,Regarding:{Pod defrag-exp s1-fill-39-7d47c6f544-fjmrr 94872523-97f5-4c61-bb7e-f9bc9e7cd866 v1 366470 },Related:nil,Note:pod eviction from ip-172-31-3-39 node by sigs.k8s.io/descheduler,Type:Normal,DeprecatedSource:{ },DeprecatedFirstTimestamp:0001-01-01 00:00:00 +0000 UTC,DeprecatedLastTimestamp:0001-01-01 00:00:00 +0000 UTC,DeprecatedCount:0,}"
I0607 05:37:24.418980       1 evictions.go:558] "Evicted pod" pod="defrag-exp/s1-fill-39-7d47c6f544-zj8q9" reason="" strategy="ResourceDefragmentation" node="ip-172-31-3-39" profile="default"
I0607 05:37:24.419056       1 resourcedefragmentation.go:280] "Draining under-utilized node" plugin="ResourceDefragmentation" ExtensionPoint="Balance" node="ip-172-31-16-198" priority=1.0364269163429527
I0607 05:37:24.419093       1 resourcedefragmentation.go:867] "Candidate score inputs" plugin="ResourceDefragmentation" pod="defrag-exp/s1-fill-198-6f65649bd4-cj2dt" originNode="ip-172-31-16-198" c1=-0.000001779862702044703 c2=0.8367902972284673 c3=0.1881628610080061 c4=0
I0607 05:37:24.419111       1 resourcedefragmentation.go:867] "Candidate score inputs" plugin="ResourceDefragmentation" pod="defrag-exp/s1-fill-198-6f65649bd4-wjns6" originNode="ip-172-31-16-198" c1=-0.000001779862702044703 c2=0.8367902972284673 c3=0.1881628610080061 c4=0
I0607 05:37:24.419136       1 resourcedefragmentation.go:298] "Eviction decision" plugin="ResourceDefragmentation" ExtensionPoint="Balance" pod="defrag-exp/s1-fill-198-6f65649bd4-cj2dt" originNode="ip-172-31-16-198" predictedTarget="ip-172-31-19-34"
E0607 05:37:24.428490       1 event_broadcaster.go:270] "Server rejected event (will not retry!)" err="events.events.k8s.io is forbidden: User \"system:serviceaccount:kube-system:descheduler\" cannot create resource \"events\" in API group \"events.k8s.io\" in the namespace \"defrag-exp\"" event="&Event{ObjectMeta:{s1-fill-39-7d47c6f544-zj8q9.18b6b5d890d461b7  defrag-exp    0 0001-01-01 00:00:00 +0000 UTC <nil> <nil> map[] map[] [] [] []},EventTime:2026-06-07 05:37:24.419003891 +0000 UTC m=+0.948934285,Series:nil,ReportingController:sigs.k8s.io.descheduler,ReportingInstance:sigs.k8s.io.descheduler-descheduler-job-cnkz6,Action:Descheduled,Reason:ResourceDefragmentation,Regarding:{Pod defrag-exp s1-fill-39-7d47c6f544-zj8q9 a1adc4d1-3c44-4c5a-b0f6-95a190c67468 v1 366474 },Related:nil,Note:pod eviction from ip-172-31-3-39 node by sigs.k8s.io/descheduler,Type:Normal,DeprecatedSource:{ },DeprecatedFirstTimestamp:0001-01-01 00:00:00 +0000 UTC,DeprecatedLastTimestamp:0001-01-01 00:00:00 +0000 UTC,DeprecatedCount:0,}"
I0607 05:37:24.523875       1 evictions.go:558] "Evicted pod" pod="defrag-exp/s1-fill-198-6f65649bd4-cj2dt" reason="" strategy="ResourceDefragmentation" node="ip-172-31-16-198" profile="default"
I0607 05:37:24.523948       1 resourcedefragmentation.go:867] "Candidate score inputs" plugin="ResourceDefragmentation" pod="defrag-exp/s1-fill-198-6f65649bd4-wjns6" originNode="ip-172-31-16-198" c1=-0.0000021650383431706173 c2=0.8997294421790978 c3=0.21897401271922856 c4=0
I0607 05:37:24.523982       1 resourcedefragmentation.go:298] "Eviction decision" plugin="ResourceDefragmentation" ExtensionPoint="Balance" pod="defrag-exp/s1-fill-198-6f65649bd4-wjns6" originNode="ip-172-31-16-198" predictedTarget="ip-172-31-19-34"
E0607 05:37:24.529700       1 event_broadcaster.go:270] "Server rejected event (will not retry!)" err="events.events.k8s.io is forbidden: User \"system:serviceaccount:kube-system:descheduler\" cannot create resource \"events\" in API group \"events.k8s.io\" in the namespace \"defrag-exp\"" event="&Event{ObjectMeta:{s1-fill-198-6f65649bd4-cj2dt.18b6b5d89714f677  defrag-exp    0 0001-01-01 00:00:00 +0000 UTC <nil> <nil> map[] map[] [] [] []},EventTime:2026-06-07 05:37:24.523900017 +0000 UTC m=+1.053830415,Series:nil,ReportingController:sigs.k8s.io.descheduler,ReportingInstance:sigs.k8s.io.descheduler-descheduler-job-cnkz6,Action:Descheduled,Reason:ResourceDefragmentation,Regarding:{Pod defrag-exp s1-fill-198-6f65649bd4-cj2dt 20320614-98dd-4ae0-b5ae-bbf03a0ce29f v1 366400 },Related:nil,Note:pod eviction from ip-172-31-16-198 node by sigs.k8s.io/descheduler,Type:Normal,DeprecatedSource:{ },DeprecatedFirstTimestamp:0001-01-01 00:00:00 +0000 UTC,DeprecatedLastTimestamp:0001-01-01 00:00:00 +0000 UTC,DeprecatedCount:0,}"
I0607 05:37:24.615774       1 evictions.go:558] "Evicted pod" pod="defrag-exp/s1-fill-198-6f65649bd4-wjns6" reason="" strategy="ResourceDefragmentation" node="ip-172-31-16-198" profile="default"
I0607 05:37:24.629711       1 resourcedefragmentation.go:277] "Skipping node now serving as a bin" plugin="ResourceDefragmentation" ExtensionPoint="Balance" node="ip-172-31-19-34"
I0607 05:37:24.630667       1 resourcedefragmentation.go:277] "Skipping node now serving as a bin" plugin="ResourceDefragmentation" ExtensionPoint="Balance" node="ip-172-31-31-146"
I0607 05:37:24.630728       1 profile.go:425] "Total number of evictions/requests" extension point="Balance" evictedPods=8 evictionRequests=0
I0607 05:37:24.630769       1 descheduler.go:252] "Number of evictions/requests" totalEvicted=8 evictionRequests=0
E0607 05:37:24.632568       1 event_broadcaster.go:270] "Server rejected event (will not retry!)" err="events.events.k8s.io is forbidden: User \"system:serviceaccount:kube-system:descheduler\" cannot create resource \"events\" in API group \"events.k8s.io\" in the namespace \"defrag-exp\"" event="&Event{ObjectMeta:{s1-fill-198-6f65649bd4-wjns6.18b6b5d89cb5e5d9  defrag-exp    0 0001-01-01 00:00:00 +0000 UTC <nil> <nil> map[] map[] [] [] []},EventTime:2026-06-07 05:37:24.618330368 +0000 UTC m=+1.148260757,Series:nil,ReportingController:sigs.k8s.io.descheduler,ReportingInstance:sigs.k8s.io.descheduler-descheduler-job-cnkz6,Action:Descheduled,Reason:ResourceDefragmentation,Regarding:{Pod defrag-exp s1-fill-198-6f65649bd4-wjns6 77ab3076-971e-41cc-ab33-f25a04485ef2 v1 366396 },Related:nil,Note:pod eviction from ip-172-31-16-198 node by sigs.k8s.io/descheduler,Type:Normal,DeprecatedSource:{ },DeprecatedFirstTimestamp:0001-01-01 00:00:00 +0000 UTC,DeprecatedLastTimestamp:0001-01-01 00:00:00 +0000 UTC,DeprecatedCount:0,}"
I0607 05:37:24.690816       1 reflector.go:373] "Stopping reflector" type="*v1.Pod" resyncPeriod="0s" reflector="k8s.io/client-go/informers/factory.go:161"
I0607 05:37:24.690991       1 reflector.go:373] "Stopping reflector" type="*v1.Node" resyncPeriod="0s" reflector="k8s.io/client-go/informers/factory.go:161"
I0607 05:37:24.694565       1 reflector.go:373] "Stopping reflector" type="*v1.PersistentVolumeClaim" resyncPeriod="0s" reflector="k8s.io/client-go/informers/factory.go:161"
I0607 05:37:24.695776       1 secure_serving.go:259] Stopped listening on [::]:10258
