I0607 02:16:13.018142       1 feature_gate.go:466] feature gates: {map[]}
I0607 02:16:13.140230       1 secure_serving.go:57] Forcing use of http/1.1 only
I0607 02:16:13.140671       1 named_certificates.go:53] "Loaded SNI cert" index=0 certName="self-signed loopback" certDetail="\"apiserver-loopback-client@1780798573\" [serving] validServingFor=[apiserver-loopback-client] issuer=\"apiserver-loopback-client-ca@1780798573\" (2026-06-07 01:16:13 +0000 UTC to 2029-06-07 01:16:13 +0000 UTC (now=2026-06-07 02:16:13.140638542 +0000 UTC))"
I0607 02:16:13.140713       1 secure_serving.go:211] Serving securely on [::]:10258
I0607 02:16:13.140735       1 tracing.go:88] Did not find a trace collector endpoint defined. Switching to NoopTraceProvider
I0607 02:16:13.140815       1 tlsconfig.go:243] "Starting DynamicServingCertificateController"
I0607 02:16:13.141087       1 envvar.go:172] "Feature gate default state" feature="InformerResourceVersion" enabled=true
I0607 02:16:13.141115       1 envvar.go:172] "Feature gate default state" feature="WatchListClient" enabled=true
I0607 02:16:13.141122       1 envvar.go:172] "Feature gate default state" feature="ClientsAllowCBOR" enabled=false
I0607 02:16:13.141128       1 envvar.go:172] "Feature gate default state" feature="ClientsPreferCBOR" enabled=false
I0607 02:16:13.141135       1 envvar.go:172] "Feature gate default state" feature="InOrderInformers" enabled=true
I0607 02:16:13.141140       1 envvar.go:172] "Feature gate default state" feature="InOrderInformersBatchProcess" enabled=true
W0607 02:16:13.150075       1 descheduler.go:333] failed to convert Descheduler minor version '' to float: strconv.ParseFloat: parsing "": invalid syntax
I0607 02:16:13.158888       1 reflector.go:367] "Starting reflector" type="*v1.Pod" resyncPeriod="0s" reflector="k8s.io/client-go/informers/factory.go:161"
I0607 02:16:13.158982       1 reflector.go:411] "Listing and watching" type="*v1.Pod" reflector="k8s.io/client-go/informers/factory.go:161"
I0607 02:16:13.158910       1 reflector.go:367] "Starting reflector" type="*v1.PersistentVolumeClaim" resyncPeriod="0s" reflector="k8s.io/client-go/informers/factory.go:161"
I0607 02:16:13.159193       1 reflector.go:411] "Listing and watching" type="*v1.PersistentVolumeClaim" reflector="k8s.io/client-go/informers/factory.go:161"
I0607 02:16:13.158970       1 reflector.go:367] "Starting reflector" type="*v1.Node" resyncPeriod="0s" reflector="k8s.io/client-go/informers/factory.go:161"
I0607 02:16:13.159498       1 reflector.go:411] "Listing and watching" type="*v1.Node" reflector="k8s.io/client-go/informers/factory.go:161"
I0607 02:16:13.163302       1 reflector.go:446] "Caches populated" type="*v1.PersistentVolumeClaim" reflector="k8s.io/client-go/informers/factory.go:161"
I0607 02:16:13.168306       1 reflector.go:446] "Caches populated" type="*v1.Node" reflector="k8s.io/client-go/informers/factory.go:161"
I0607 02:16:13.171056       1 reflector.go:446] "Caches populated" type="*v1.Pod" reflector="k8s.io/client-go/informers/factory.go:161"
I0607 02:16:13.258980       1 descheduler.go:235] Resetting pod evictor counters
I0607 02:16:13.259060       1 resourcedefragmentation.go:158] "Starting resource defragmentation balance pass" plugin="ResourceDefragmentation" ExtensionPoint="Balance" nodeCount=7
I0607 02:16:13.259116       1 resourcedefragmentation.go:199] "Node state" plugin="ResourceDefragmentation" ExtensionPoint="Balance" node="ip-172-31-3-39" avgUtilization=0.6889177739264394 minUtilization=0.6778355478528789 binScore=0.8333766608896591 usageSource="requests"
I0607 02:16:13.259171       1 resourcedefragmentation.go:199] "Node state" plugin="ResourceDefragmentation" ExtensionPoint="Balance" node="ip-172-31-31-146" avgUtilization=0.055810855049369584 minUtilization=0.05 binScore=0.5220945724753152 usageSource="requests"
I0607 02:16:13.259193       1 resourcedefragmentation.go:199] "Node state" plugin="ResourceDefragmentation" ExtensionPoint="Balance" node="ip-172-31-6-144" avgUtilization=0.05581634421856492 minUtilization=0.05 binScore=0.5220918278907175 usageSource="requests"
I0607 02:16:13.259207       1 resourcedefragmentation.go:165] "Skipping control-plane node" plugin="ResourceDefragmentation" ExtensionPoint="Balance" node="ip-172-31-84-108"
I0607 02:16:13.259221       1 resourcedefragmentation.go:199] "Node state" plugin="ResourceDefragmentation" ExtensionPoint="Balance" node="ip-172-31-1-245" avgUtilization=0.36606041418893215 minUtilization=0.35 binScore=0.6669697929055339 usageSource="requests"
I0607 02:16:13.259234       1 resourcedefragmentation.go:199] "Node state" plugin="ResourceDefragmentation" ExtensionPoint="Balance" node="ip-172-31-16-198" avgUtilization=0.40545953908886523 minUtilization=0.11091907817773049 binScore=0.4081893086332979 usageSource="requests"
I0607 02:16:13.259251       1 resourcedefragmentation.go:199] "Node state" plugin="ResourceDefragmentation" ExtensionPoint="Balance" node="ip-172-31-19-34" avgUtilization=0.4158924316023089 minUtilization=0.08 binScore=0.3720537841988455 usageSource="requests"
I0607 02:16:13.259320       1 resourcedefragmentation.go:237] "Node is a drain candidate" plugin="ResourceDefragmentation" ExtensionPoint="Balance" node="ip-172-31-1-245" avgUtilization=0.36606041418893215 binScore=0.6669697929055339 imbalanceIndex=-0.03212082837786434 freeSpaceIndex=0.4016214615543882 priority=1.261013803732319
I0607 02:16:13.259354       1 resourcedefragmentation.go:237] "Node is a drain candidate" plugin="ResourceDefragmentation" ExtensionPoint="Balance" node="ip-172-31-19-34" avgUtilization=0.4158924316023089 binScore=0.3720537841988455 imbalanceIndex=-0.6717848632046178 freeSpaceIndex=0.22835792585175166 priority=2.5254376287575937
I0607 02:16:13.259374       1 resourcedefragmentation.go:260] "Draining under-utilized node" plugin="ResourceDefragmentation" ExtensionPoint="Balance" node="ip-172-31-19-34" priority=2.5254376287575937
I0607 02:16:13.259395       1 resourcedefragmentation.go:757] "Candidate score inputs" plugin="ResourceDefragmentation" pod="defrag-exp/s5-memskew-34-765f6f88c9-lmfts" originNode="ip-172-31-19-34" c1=0.3060788096979152 c2=0.8472294421790978 c3=0.6631014495544462 c4=0
I0607 02:16:13.259420       1 resourcedefragmentation.go:278] "Eviction decision" plugin="ResourceDefragmentation" ExtensionPoint="Balance" pod="defrag-exp/s5-memskew-34-765f6f88c9-lmfts" originNode="ip-172-31-19-34" predictedTarget="ip-172-31-16-198"
I0607 02:16:13.290589       1 evictions.go:558] "Evicted pod" pod="defrag-exp/s5-memskew-34-765f6f88c9-lmfts" reason="" strategy="ResourceDefragmentation" node="ip-172-31-19-34" profile="default"
I0607 02:16:13.290825       1 resourcedefragmentation.go:260] "Draining under-utilized node" plugin="ResourceDefragmentation" ExtensionPoint="Balance" node="ip-172-31-1-245" priority=1.261013803732319
I0607 02:16:13.290888       1 resourcedefragmentation.go:757] "Candidate score inputs" plugin="ResourceDefragmentation" pod="defrag-exp/s5-bal-245-7f97dc5789-kbq65" originNode="ip-172-31-1-245" c1=0.000058952841156989454 c2=0.887322357019064 c3=0.1214169672048266 c4=0
I0607 02:16:13.290906       1 resourcedefragmentation.go:757] "Candidate score inputs" plugin="ResourceDefragmentation" pod="defrag-exp/s5-mem-245-76b5b55d77-gv2s6" originNode="ip-172-31-1-245" c1=0.0011227095616398717 c2=0.8212439822838435 c3=0.14449743118117517 c4=0
I0607 02:16:13.291121       1 resourcedefragmentation.go:757] "Candidate score inputs" plugin="ResourceDefragmentation" pod="defrag-exp/s5-cpu-245-7cc476ccfd-fdzxc" originNode="ip-172-31-1-245" c1=-0.0011264584570767318 c2=0.8018630849220104 c3=0.14453084749353584 c4=0
I0607 02:16:13.291194       1 resourcedefragmentation.go:278] "Eviction decision" plugin="ResourceDefragmentation" ExtensionPoint="Balance" pod="defrag-exp/s5-mem-245-76b5b55d77-gv2s6" originNode="ip-172-31-1-245" predictedTarget="ip-172-31-3-39"
E0607 02:16:13.292782       1 event_broadcaster.go:270] "Server rejected event (will not retry!)" err="events.events.k8s.io is forbidden: User \"system:serviceaccount:kube-system:descheduler\" cannot create resource \"events\" in API group \"events.k8s.io\" in the namespace \"defrag-exp\"" event="&Event{ObjectMeta:{s5-memskew-34-765f6f88c9-lmfts.18b6aade09828628  defrag-exp    0 0001-01-01 00:00:00 +0000 UTC <nil> <nil> map[] map[] [] [] []},EventTime:2026-06-07 02:16:13.290607174 +0000 UTC m=+0.301489820,Series:nil,ReportingController:sigs.k8s.io.descheduler,ReportingInstance:sigs.k8s.io.descheduler-descheduler-job-26xff,Action:Descheduled,Reason:ResourceDefragmentation,Regarding:{Pod defrag-exp s5-memskew-34-765f6f88c9-lmfts 84da6720-2a2b-470b-b657-788d81308751 v1 352620 },Related:nil,Note:pod eviction from ip-172-31-19-34 node by sigs.k8s.io/descheduler,Type:Normal,DeprecatedSource:{ },DeprecatedFirstTimestamp:0001-01-01 00:00:00 +0000 UTC,DeprecatedLastTimestamp:0001-01-01 00:00:00 +0000 UTC,DeprecatedCount:0,}"
I0607 02:16:13.396824       1 evictions.go:558] "Evicted pod" pod="defrag-exp/s5-mem-245-76b5b55d77-gv2s6" reason="" strategy="ResourceDefragmentation" node="ip-172-31-1-245" profile="default"
I0607 02:16:13.396898       1 resourcedefragmentation.go:757] "Candidate score inputs" plugin="ResourceDefragmentation" pod="defrag-exp/s5-bal-245-7f97dc5789-kbq65" originNode="ip-172-31-1-245" c1=-0.0002663139222860205 c2=0.8825807581396021 c3=0.1391670960068951 c4=0
I0607 02:16:13.396948       1 resourcedefragmentation.go:757] "Candidate score inputs" plugin="ResourceDefragmentation" pod="defrag-exp/s5-cpu-245-7cc476ccfd-fdzxc" originNode="ip-172-31-1-245" c1=0.005088670267773793 c2=-999.9 c3=0.18446863729819007 c4=0
I0607 02:16:13.396967       1 resourcedefragmentation.go:274] "No feasible scheduler target within ceiling; leaving pod in place" plugin="ResourceDefragmentation" ExtensionPoint="Balance" pod="defrag-exp/s5-cpu-245-7cc476ccfd-fdzxc" originNode="ip-172-31-1-245"
I0607 02:16:13.397164       1 resourcedefragmentation.go:757] "Candidate score inputs" plugin="ResourceDefragmentation" pod="defrag-exp/s5-bal-245-7f97dc5789-kbq65" originNode="ip-172-31-1-245" c1=-0.0002663139222860205 c2=0.8825807581396021 c3=0.1391670960068951 c4=0
I0607 02:16:13.397189       1 resourcedefragmentation.go:278] "Eviction decision" plugin="ResourceDefragmentation" ExtensionPoint="Balance" pod="defrag-exp/s5-bal-245-7f97dc5789-kbq65" originNode="ip-172-31-1-245" predictedTarget="ip-172-31-16-198"
E0607 02:16:13.407702       1 event_broadcaster.go:270] "Server rejected event (will not retry!)" err="events.events.k8s.io is forbidden: User \"system:serviceaccount:kube-system:descheduler\" cannot create resource \"events\" in API group \"events.k8s.io\" in the namespace \"defrag-exp\"" event="&Event{ObjectMeta:{s5-mem-245-76b5b55d77-gv2s6.18b6aade0fd7a8d6  defrag-exp    0 0001-01-01 00:00:00 +0000 UTC <nil> <nil> map[] map[] [] [] []},EventTime:2026-06-07 02:16:13.396855589 +0000 UTC m=+0.407738237,Series:nil,ReportingController:sigs.k8s.io.descheduler,ReportingInstance:sigs.k8s.io.descheduler-descheduler-job-26xff,Action:Descheduled,Reason:ResourceDefragmentation,Regarding:{Pod defrag-exp s5-mem-245-76b5b55d77-gv2s6 d1491099-b279-452f-8d55-ab0f8e03a4b4 v1 352542 },Related:nil,Note:pod eviction from ip-172-31-1-245 node by sigs.k8s.io/descheduler,Type:Normal,DeprecatedSource:{ },DeprecatedFirstTimestamp:0001-01-01 00:00:00 +0000 UTC,DeprecatedLastTimestamp:0001-01-01 00:00:00 +0000 UTC,DeprecatedCount:0,}"
I0607 02:16:13.485859       1 evictions.go:558] "Evicted pod" pod="defrag-exp/s5-bal-245-7f97dc5789-kbq65" reason="" strategy="ResourceDefragmentation" node="ip-172-31-1-245" profile="default"
I0607 02:16:13.486078       1 profile.go:425] "Total number of evictions/requests" extension point="Balance" evictedPods=3 evictionRequests=0
I0607 02:16:13.486177       1 descheduler.go:252] "Number of evictions/requests" totalEvicted=3 evictionRequests=0
E0607 02:16:13.486389       1 event_broadcaster.go:279] "Unable to write event (may retry after sleeping)" err="Post \"https://10.96.0.1:443/apis/events.k8s.io/v1/namespaces/defrag-exp/events\": context canceled"
I0607 02:16:13.486667       1 reflector.go:373] "Stopping reflector" type="*v1.Pod" resyncPeriod="0s" reflector="k8s.io/client-go/informers/factory.go:161"
I0607 02:16:13.486697       1 reflector.go:373] "Stopping reflector" type="*v1.Node" resyncPeriod="0s" reflector="k8s.io/client-go/informers/factory.go:161"
I0607 02:16:13.486723       1 reflector.go:373] "Stopping reflector" type="*v1.PersistentVolumeClaim" resyncPeriod="0s" reflector="k8s.io/client-go/informers/factory.go:161"
I0607 02:16:13.486994       1 secure_serving.go:259] Stopped listening on [::]:10258
I0607 02:16:13.486999       1 tlsconfig.go:258] "Shutting down DynamicServingCertificateController"
