I0607 09:56:32.098268       1 feature_gate.go:466] feature gates: {map[]}
I0607 09:56:32.664999       1 secure_serving.go:57] Forcing use of http/1.1 only
I0607 09:56:32.665359       1 named_certificates.go:53] "Loaded SNI cert" index=0 certName="self-signed loopback" certDetail="\"apiserver-loopback-client@1780826192\" [serving] validServingFor=[apiserver-loopback-client] issuer=\"apiserver-loopback-client-ca@1780826192\" (2026-06-07 08:56:32 +0000 UTC to 2029-06-07 08:56:32 +0000 UTC (now=2026-06-07 09:56:32.665326285 +0000 UTC))"
I0607 09:56:32.665399       1 secure_serving.go:211] Serving securely on [::]:10258
I0607 09:56:32.665421       1 tracing.go:88] Did not find a trace collector endpoint defined. Switching to NoopTraceProvider
I0607 09:56:32.665735       1 tlsconfig.go:243] "Starting DynamicServingCertificateController"
I0607 09:56:32.665807       1 envvar.go:172] "Feature gate default state" feature="InOrderInformersBatchProcess" enabled=true
I0607 09:56:32.665828       1 envvar.go:172] "Feature gate default state" feature="InformerResourceVersion" enabled=true
I0607 09:56:32.665838       1 envvar.go:172] "Feature gate default state" feature="WatchListClient" enabled=true
I0607 09:56:32.665844       1 envvar.go:172] "Feature gate default state" feature="ClientsAllowCBOR" enabled=false
I0607 09:56:32.665850       1 envvar.go:172] "Feature gate default state" feature="ClientsPreferCBOR" enabled=false
I0607 09:56:32.665857       1 envvar.go:172] "Feature gate default state" feature="InOrderInformers" enabled=true
W0607 09:56:32.674707       1 descheduler.go:333] failed to convert Descheduler minor version '' to float: strconv.ParseFloat: parsing "": invalid syntax
I0607 09:56:32.684998       1 reflector.go:367] "Starting reflector" type="*v1.Pod" resyncPeriod="0s" reflector="k8s.io/client-go/informers/factory.go:161"
I0607 09:56:32.685029       1 reflector.go:411] "Listing and watching" type="*v1.Pod" reflector="k8s.io/client-go/informers/factory.go:161"
I0607 09:56:32.685871       1 reflector.go:367] "Starting reflector" type="*v1.PersistentVolumeClaim" resyncPeriod="0s" reflector="k8s.io/client-go/informers/factory.go:161"
I0607 09:56:32.686034       1 reflector.go:411] "Listing and watching" type="*v1.PersistentVolumeClaim" reflector="k8s.io/client-go/informers/factory.go:161"
I0607 09:56:32.686191       1 reflector.go:367] "Starting reflector" type="*v1.Node" resyncPeriod="0s" reflector="k8s.io/client-go/informers/factory.go:161"
I0607 09:56:32.686210       1 reflector.go:411] "Listing and watching" type="*v1.Node" reflector="k8s.io/client-go/informers/factory.go:161"
I0607 09:56:32.692289       1 reflector.go:446] "Caches populated" type="*v1.Node" reflector="k8s.io/client-go/informers/factory.go:161"
I0607 09:56:32.693025       1 reflector.go:446] "Caches populated" type="*v1.PersistentVolumeClaim" reflector="k8s.io/client-go/informers/factory.go:161"
I0607 09:56:32.696442       1 reflector.go:446] "Caches populated" type="*v1.Pod" reflector="k8s.io/client-go/informers/factory.go:161"
I0607 09:56:32.785189       1 descheduler.go:235] Resetting pod evictor counters
I0607 09:56:32.785268       1 resourcedefragmentationc2.go:131] "Starting ResourceDefragmentationC2 balance pass" plugin="ResourceDefragmentationC2" ExtensionPoint="Balance" nodeCount=7
I0607 09:56:32.785680       1 resourcedefragmentationc2.go:207] "Eviction decision" plugin="ResourceDefragmentationC2" ExtensionPoint="Balance" pod="defrag-exp/s2-mem-144-769fd78487-qkv7w" originNode="ip-172-31-6-144" predictedTarget="ip-172-31-1-245"
I0607 09:56:32.815389       1 evictions.go:558] "Evicted pod" pod="defrag-exp/s2-mem-144-769fd78487-qkv7w" reason="" strategy="ResourceDefragmentationC2" node="ip-172-31-6-144" profile="default"
I0607 09:56:32.815487       1 resourcedefragmentationc2.go:207] "Eviction decision" plugin="ResourceDefragmentationC2" ExtensionPoint="Balance" pod="defrag-exp/s2-mem-144-769fd78487-pd7jd" originNode="ip-172-31-6-144" predictedTarget="ip-172-31-1-245"
E0607 09:56:32.822521       1 event_broadcaster.go:270] "Server rejected event (will not retry!)" err="events.events.k8s.io is forbidden: User \"system:serviceaccount:kube-system:descheduler\" cannot create resource \"events\" in API group \"events.k8s.io\" in the namespace \"defrag-exp\"" event="&Event{ObjectMeta:{s2-mem-144-769fd78487-qkv7w.18b6c3fcb579b225  defrag-exp    0 0001-01-01 00:00:00 +0000 UTC <nil> <nil> map[] map[] [] [] []},EventTime:2026-06-07 09:56:32.815411453 +0000 UTC m=+0.752232799,Series:nil,ReportingController:sigs.k8s.io.descheduler,ReportingInstance:sigs.k8s.io.descheduler-descheduler-job-n587z,Action:Descheduled,Reason:ResourceDefragmentationC2,Regarding:{Pod defrag-exp s2-mem-144-769fd78487-qkv7w 5bde889e-5b46-4944-a46b-ceeea78d8015 v1 420671 },Related:nil,Note:pod eviction from ip-172-31-6-144 node by sigs.k8s.io/descheduler,Type:Normal,DeprecatedSource:{ },DeprecatedFirstTimestamp:0001-01-01 00:00:00 +0000 UTC,DeprecatedLastTimestamp:0001-01-01 00:00:00 +0000 UTC,DeprecatedCount:0,}"
I0607 09:56:32.914161       1 evictions.go:558] "Evicted pod" pod="defrag-exp/s2-mem-144-769fd78487-pd7jd" reason="" strategy="ResourceDefragmentationC2" node="ip-172-31-6-144" profile="default"
I0607 09:56:32.914260       1 resourcedefragmentationc2.go:207] "Eviction decision" plugin="ResourceDefragmentationC2" ExtensionPoint="Balance" pod="defrag-exp/s2-mem-39-6c9ff4fc6d-ct5kt" originNode="ip-172-31-3-39" predictedTarget="ip-172-31-16-198"
E0607 09:56:32.917793       1 event_broadcaster.go:270] "Server rejected event (will not retry!)" err="events.events.k8s.io is forbidden: User \"system:serviceaccount:kube-system:descheduler\" cannot create resource \"events\" in API group \"events.k8s.io\" in the namespace \"defrag-exp\"" event="&Event{ObjectMeta:{s2-mem-144-769fd78487-pd7jd.18b6c3fcbb5c8ad6  defrag-exp    0 0001-01-01 00:00:00 +0000 UTC <nil> <nil> map[] map[] [] [] []},EventTime:2026-06-07 09:56:32.914183537 +0000 UTC m=+0.851004887,Series:nil,ReportingController:sigs.k8s.io.descheduler,ReportingInstance:sigs.k8s.io.descheduler-descheduler-job-n587z,Action:Descheduled,Reason:ResourceDefragmentationC2,Regarding:{Pod defrag-exp s2-mem-144-769fd78487-pd7jd 60808684-57b2-4aa7-84c3-e2cf8b27b968 v1 420667 },Related:nil,Note:pod eviction from ip-172-31-6-144 node by sigs.k8s.io/descheduler,Type:Normal,DeprecatedSource:{ },DeprecatedFirstTimestamp:0001-01-01 00:00:00 +0000 UTC,DeprecatedLastTimestamp:0001-01-01 00:00:00 +0000 UTC,DeprecatedCount:0,}"
I0607 09:56:33.020175       1 evictions.go:558] "Evicted pod" pod="defrag-exp/s2-mem-39-6c9ff4fc6d-ct5kt" reason="" strategy="ResourceDefragmentationC2" node="ip-172-31-3-39" profile="default"
I0607 09:56:33.020265       1 resourcedefragmentationc2.go:207] "Eviction decision" plugin="ResourceDefragmentationC2" ExtensionPoint="Balance" pod="defrag-exp/s2-mem-39-6c9ff4fc6d-45v75" originNode="ip-172-31-3-39" predictedTarget="ip-172-31-16-198"
E0607 09:56:33.025238       1 event_broadcaster.go:270] "Server rejected event (will not retry!)" err="events.events.k8s.io is forbidden: User \"system:serviceaccount:kube-system:descheduler\" cannot create resource \"events\" in API group \"events.k8s.io\" in the namespace \"defrag-exp\"" event="&Event{ObjectMeta:{s2-mem-39-6c9ff4fc6d-ct5kt.18b6c3fcc1ae603b  defrag-exp    0 0001-01-01 00:00:00 +0000 UTC <nil> <nil> map[] map[] [] [] []},EventTime:2026-06-07 09:56:33.020205302 +0000 UTC m=+0.957026651,Series:nil,ReportingController:sigs.k8s.io.descheduler,ReportingInstance:sigs.k8s.io.descheduler-descheduler-job-n587z,Action:Descheduled,Reason:ResourceDefragmentationC2,Regarding:{Pod defrag-exp s2-mem-39-6c9ff4fc6d-ct5kt 0df64953-4f05-4e95-b9dc-87753debdd17 v1 420587 },Related:nil,Note:pod eviction from ip-172-31-3-39 node by sigs.k8s.io/descheduler,Type:Normal,DeprecatedSource:{ },DeprecatedFirstTimestamp:0001-01-01 00:00:00 +0000 UTC,DeprecatedLastTimestamp:0001-01-01 00:00:00 +0000 UTC,DeprecatedCount:0,}"
I0607 09:56:33.129316       1 evictions.go:558] "Evicted pod" pod="defrag-exp/s2-mem-39-6c9ff4fc6d-45v75" reason="" strategy="ResourceDefragmentationC2" node="ip-172-31-3-39" profile="default"
I0607 09:56:33.129394       1 resourcedefragmentationc2.go:207] "Eviction decision" plugin="ResourceDefragmentationC2" ExtensionPoint="Balance" pod="defrag-exp/s2-mem-146-7ff7c4f86f-64f5t" originNode="ip-172-31-31-146" predictedTarget="ip-172-31-19-34"
E0607 09:56:33.136184       1 event_broadcaster.go:270] "Server rejected event (will not retry!)" err="events.events.k8s.io is forbidden: User \"system:serviceaccount:kube-system:descheduler\" cannot create resource \"events\" in API group \"events.k8s.io\" in the namespace \"defrag-exp\"" event="&Event{ObjectMeta:{s2-mem-39-6c9ff4fc6d-45v75.18b6c3fcc82f9c14  defrag-exp    0 0001-01-01 00:00:00 +0000 UTC <nil> <nil> map[] map[] [] [] []},EventTime:2026-06-07 09:56:33.129337861 +0000 UTC m=+1.066159201,Series:nil,ReportingController:sigs.k8s.io.descheduler,ReportingInstance:sigs.k8s.io.descheduler-descheduler-job-n587z,Action:Descheduled,Reason:ResourceDefragmentationC2,Regarding:{Pod defrag-exp s2-mem-39-6c9ff4fc6d-45v75 ea7a4489-4352-41fc-b9db-cdad4f2584b7 v1 420583 },Related:nil,Note:pod eviction from ip-172-31-3-39 node by sigs.k8s.io/descheduler,Type:Normal,DeprecatedSource:{ },DeprecatedFirstTimestamp:0001-01-01 00:00:00 +0000 UTC,DeprecatedLastTimestamp:0001-01-01 00:00:00 +0000 UTC,DeprecatedCount:0,}"
I0607 09:56:33.212563       1 evictions.go:558] "Evicted pod" pod="defrag-exp/s2-mem-146-7ff7c4f86f-64f5t" reason="" strategy="ResourceDefragmentationC2" node="ip-172-31-31-146" profile="default"
I0607 09:56:33.222172       1 resourcedefragmentationc2.go:207] "Eviction decision" plugin="ResourceDefragmentationC2" ExtensionPoint="Balance" pod="defrag-exp/s2-mem-146-7ff7c4f86f-759kc" originNode="ip-172-31-31-146" predictedTarget="ip-172-31-19-34"
E0607 09:56:33.235818       1 event_broadcaster.go:270] "Server rejected event (will not retry!)" err="events.events.k8s.io is forbidden: User \"system:serviceaccount:kube-system:descheduler\" cannot create resource \"events\" in API group \"events.k8s.io\" in the namespace \"defrag-exp\"" event="&Event{ObjectMeta:{s2-mem-146-7ff7c4f86f-64f5t.18b6c3fccd25d7ac  defrag-exp    0 0001-01-01 00:00:00 +0000 UTC <nil> <nil> map[] map[] [] [] []},EventTime:2026-06-07 09:56:33.212585195 +0000 UTC m=+1.149406543,Series:nil,ReportingController:sigs.k8s.io.descheduler,ReportingInstance:sigs.k8s.io.descheduler-descheduler-job-n587z,Action:Descheduled,Reason:ResourceDefragmentationC2,Regarding:{Pod defrag-exp s2-mem-146-7ff7c4f86f-64f5t 7e36c1e1-4092-4ca2-9aa5-851556c55ba5 v1 420627 },Related:nil,Note:pod eviction from ip-172-31-31-146 node by sigs.k8s.io/descheduler,Type:Normal,DeprecatedSource:{ },DeprecatedFirstTimestamp:0001-01-01 00:00:00 +0000 UTC,DeprecatedLastTimestamp:0001-01-01 00:00:00 +0000 UTC,DeprecatedCount:0,}"
I0607 09:56:33.310824       1 evictions.go:558] "Evicted pod" pod="defrag-exp/s2-mem-146-7ff7c4f86f-759kc" reason="" strategy="ResourceDefragmentationC2" node="ip-172-31-31-146" profile="default"
I0607 09:56:33.310919       1 profile.go:425] "Total number of evictions/requests" extension point="Balance" evictedPods=6 evictionRequests=0
I0607 09:56:33.310953       1 descheduler.go:252] "Number of evictions/requests" totalEvicted=6 evictionRequests=0
E0607 09:56:33.312156       1 event_broadcaster.go:279] "Unable to write event (may retry after sleeping)" err="client rate limiter Wait returned an error: context canceled"
I0607 09:56:33.312195       1 reflector.go:373] "Stopping reflector" type="*v1.Pod" resyncPeriod="0s" reflector="k8s.io/client-go/informers/factory.go:161"
I0607 09:56:33.312221       1 reflector.go:373] "Stopping reflector" type="*v1.PersistentVolumeClaim" resyncPeriod="0s" reflector="k8s.io/client-go/informers/factory.go:161"
I0607 09:56:33.312248       1 reflector.go:373] "Stopping reflector" type="*v1.Node" resyncPeriod="0s" reflector="k8s.io/client-go/informers/factory.go:161"
I0607 09:56:33.312617       1 tlsconfig.go:258] "Shutting down DynamicServingCertificateController"
I0607 09:56:33.312678       1 secure_serving.go:259] Stopped listening on [::]:10258
