I0607 10:32:19.178662       1 feature_gate.go:466] feature gates: {map[]}
I0607 10:32:19.356039       1 secure_serving.go:57] Forcing use of http/1.1 only
I0607 10:32:19.356415       1 named_certificates.go:53] "Loaded SNI cert" index=0 certName="self-signed loopback" certDetail="\"apiserver-loopback-client@1780828339\" [serving] validServingFor=[apiserver-loopback-client] issuer=\"apiserver-loopback-client-ca@1780828339\" (2026-06-07 09:32:19 +0000 UTC to 2029-06-07 09:32:19 +0000 UTC (now=2026-06-07 10:32:19.356365767 +0000 UTC))"
I0607 10:32:19.356450       1 secure_serving.go:211] Serving securely on [::]:10258
I0607 10:32:19.356474       1 tracing.go:88] Did not find a trace collector endpoint defined. Switching to NoopTraceProvider
I0607 10:32:19.356787       1 envvar.go:172] "Feature gate default state" feature="InOrderInformers" enabled=true
I0607 10:32:19.356811       1 envvar.go:172] "Feature gate default state" feature="InOrderInformersBatchProcess" enabled=true
I0607 10:32:19.356818       1 envvar.go:172] "Feature gate default state" feature="InformerResourceVersion" enabled=true
I0607 10:32:19.356824       1 envvar.go:172] "Feature gate default state" feature="WatchListClient" enabled=true
I0607 10:32:19.356830       1 envvar.go:172] "Feature gate default state" feature="ClientsAllowCBOR" enabled=false
I0607 10:32:19.356836       1 envvar.go:172] "Feature gate default state" feature="ClientsPreferCBOR" enabled=false
I0607 10:32:19.357795       1 tlsconfig.go:243] "Starting DynamicServingCertificateController"
W0607 10:32:19.395371       1 descheduler.go:333] failed to convert Descheduler minor version '' to float: strconv.ParseFloat: parsing "": invalid syntax
I0607 10:32:19.408484       1 reflector.go:367] "Starting reflector" type="*v1.Pod" resyncPeriod="0s" reflector="k8s.io/client-go/informers/factory.go:161"
I0607 10:32:19.408519       1 reflector.go:411] "Listing and watching" type="*v1.Pod" reflector="k8s.io/client-go/informers/factory.go:161"
I0607 10:32:19.408581       1 reflector.go:367] "Starting reflector" type="*v1.PersistentVolumeClaim" resyncPeriod="0s" reflector="k8s.io/client-go/informers/factory.go:161"
I0607 10:32:19.408592       1 reflector.go:411] "Listing and watching" type="*v1.PersistentVolumeClaim" reflector="k8s.io/client-go/informers/factory.go:161"
I0607 10:32:19.408484       1 reflector.go:367] "Starting reflector" type="*v1.Node" resyncPeriod="0s" reflector="k8s.io/client-go/informers/factory.go:161"
I0607 10:32:19.408726       1 reflector.go:411] "Listing and watching" type="*v1.Node" reflector="k8s.io/client-go/informers/factory.go:161"
I0607 10:32:19.413837       1 reflector.go:446] "Caches populated" type="*v1.PersistentVolumeClaim" reflector="k8s.io/client-go/informers/factory.go:161"
I0607 10:32:19.416099       1 reflector.go:446] "Caches populated" type="*v1.Node" reflector="k8s.io/client-go/informers/factory.go:161"
I0607 10:32:19.420110       1 reflector.go:446] "Caches populated" type="*v1.Pod" reflector="k8s.io/client-go/informers/factory.go:161"
I0607 10:32:19.507646       1 descheduler.go:235] Resetting pod evictor counters
I0607 10:32:19.507760       1 resourcedefragmentationc2.go:129] "Starting ResourceDefragmentationC2 balance pass" plugin="ResourceDefragmentationC2" ExtensionPoint="Balance" nodeCount=7
I0607 10:32:19.508046       1 profile.go:425] "Total number of evictions/requests" extension point="Balance" evictedPods=0 evictionRequests=0
I0607 10:32:19.508072       1 descheduler.go:252] "Number of evictions/requests" totalEvicted=0 evictionRequests=0
I0607 10:32:19.508339       1 reflector.go:373] "Stopping reflector" type="*v1.Pod" resyncPeriod="0s" reflector="k8s.io/client-go/informers/factory.go:161"
I0607 10:32:19.508496       1 reflector.go:373] "Stopping reflector" type="*v1.Node" resyncPeriod="0s" reflector="k8s.io/client-go/informers/factory.go:161"
I0607 10:32:19.508600       1 reflector.go:373] "Stopping reflector" type="*v1.PersistentVolumeClaim" resyncPeriod="0s" reflector="k8s.io/client-go/informers/factory.go:161"
I0607 10:32:19.508954       1 secure_serving.go:259] Stopped listening on [::]:10258
