I0607 05:50:11.409625       1 feature_gate.go:466] feature gates: {map[]}
I0607 05:50:11.513041       1 secure_serving.go:57] Forcing use of http/1.1 only
I0607 05:50:11.513405       1 named_certificates.go:53] "Loaded SNI cert" index=0 certName="self-signed loopback" certDetail="\"apiserver-loopback-client@1780811411\" [serving] validServingFor=[apiserver-loopback-client] issuer=\"apiserver-loopback-client-ca@1780811411\" (2026-06-07 04:50:11 +0000 UTC to 2029-06-07 04:50:11 +0000 UTC (now=2026-06-07 05:50:11.513368814 +0000 UTC))"
I0607 05:50:11.513441       1 secure_serving.go:211] Serving securely on [::]:10258
I0607 05:50:11.513467       1 tracing.go:88] Did not find a trace collector endpoint defined. Switching to NoopTraceProvider
I0607 05:50:11.513500       1 tlsconfig.go:243] "Starting DynamicServingCertificateController"
I0607 05:50:11.513971       1 envvar.go:172] "Feature gate default state" feature="WatchListClient" enabled=true
I0607 05:50:11.513995       1 envvar.go:172] "Feature gate default state" feature="ClientsAllowCBOR" enabled=false
I0607 05:50:11.514002       1 envvar.go:172] "Feature gate default state" feature="ClientsPreferCBOR" enabled=false
I0607 05:50:11.514008       1 envvar.go:172] "Feature gate default state" feature="InOrderInformers" enabled=true
I0607 05:50:11.514015       1 envvar.go:172] "Feature gate default state" feature="InOrderInformersBatchProcess" enabled=true
I0607 05:50:11.514030       1 envvar.go:172] "Feature gate default state" feature="InformerResourceVersion" enabled=true
W0607 05:50:11.522572       1 descheduler.go:333] failed to convert Descheduler minor version '' to float: strconv.ParseFloat: parsing "": invalid syntax
I0607 05:50:11.534497       1 reflector.go:367] "Starting reflector" type="*v1.Node" resyncPeriod="0s" reflector="k8s.io/client-go/informers/factory.go:161"
I0607 05:50:11.534528       1 reflector.go:411] "Listing and watching" type="*v1.Node" reflector="k8s.io/client-go/informers/factory.go:161"
I0607 05:50:11.534740       1 reflector.go:367] "Starting reflector" type="*v1.Pod" resyncPeriod="0s" reflector="k8s.io/client-go/informers/factory.go:161"
I0607 05:50:11.534753       1 reflector.go:411] "Listing and watching" type="*v1.Pod" reflector="k8s.io/client-go/informers/factory.go:161"
I0607 05:50:11.534509       1 reflector.go:367] "Starting reflector" type="*v1.PersistentVolumeClaim" resyncPeriod="0s" reflector="k8s.io/client-go/informers/factory.go:161"
I0607 05:50:11.534928       1 reflector.go:411] "Listing and watching" type="*v1.PersistentVolumeClaim" reflector="k8s.io/client-go/informers/factory.go:161"
I0607 05:50:11.540873       1 reflector.go:446] "Caches populated" type="*v1.PersistentVolumeClaim" reflector="k8s.io/client-go/informers/factory.go:161"
I0607 05:50:11.541988       1 reflector.go:446] "Caches populated" type="*v1.Node" reflector="k8s.io/client-go/informers/factory.go:161"
I0607 05:50:11.549450       1 reflector.go:446] "Caches populated" type="*v1.Pod" reflector="k8s.io/client-go/informers/factory.go:161"
I0607 05:50:11.635057       1 descheduler.go:235] Resetting pod evictor counters
I0607 05:50:11.635136       1 resourcedefragmentation.go:178] "Starting resource defragmentation balance pass" plugin="ResourceDefragmentation" ExtensionPoint="Balance" nodeCount=7
I0607 05:50:11.635233       1 resourcedefragmentation.go:219] "Node state" plugin="ResourceDefragmentation" ExtensionPoint="Balance" node="ip-172-31-6-144" avgUtilization=0.055816047456713085 minUtilization=0.05 binScore=0.5220919762716434 usageSource="requests"
I0607 05:50:11.635260       1 resourcedefragmentation.go:185] "Skipping control-plane node" plugin="ResourceDefragmentation" ExtensionPoint="Balance" node="ip-172-31-84-108"
I0607 05:50:11.635297       1 resourcedefragmentation.go:219] "Node state" plugin="ResourceDefragmentation" ExtensionPoint="Balance" node="ip-172-31-1-245" avgUtilization=0.36606041418893215 minUtilization=0.35 binScore=0.6669697929055339 usageSource="requests"
I0607 05:50:11.635330       1 resourcedefragmentation.go:219] "Node state" plugin="ResourceDefragmentation" ExtensionPoint="Balance" node="ip-172-31-16-198" avgUtilization=0.40546007308020043 minUtilization=0.11092014616040093 binScore=0.40819010962030067 usageSource="requests"
I0607 05:50:11.635354       1 resourcedefragmentation.go:219] "Node state" plugin="ResourceDefragmentation" ExtensionPoint="Balance" node="ip-172-31-19-34" avgUtilization=0.4158924316023089 minUtilization=0.08 binScore=0.3720537841988455 usageSource="requests"
I0607 05:50:11.635376       1 resourcedefragmentation.go:219] "Node state" plugin="ResourceDefragmentation" ExtensionPoint="Balance" node="ip-172-31-3-39" avgUtilization=0.6889226688234473 minUtilization=0.6778453376468946 binScore=0.8333840032351709 usageSource="requests"
I0607 05:50:11.635398       1 resourcedefragmentation.go:219] "Node state" plugin="ResourceDefragmentation" ExtensionPoint="Balance" node="ip-172-31-31-146" avgUtilization=0.055810855049369584 minUtilization=0.05 binScore=0.5220945724753152 usageSource="requests"
I0607 05:50:11.635563       1 resourcedefragmentation.go:257] "Node is a drain candidate" plugin="ResourceDefragmentation" ExtensionPoint="Balance" node="ip-172-31-1-245" avgUtilization=0.36606041418893215 binScore=0.6669697929055339 imbalanceIndex=-0.03212082837786434 freeSpaceIndex=0.4016214615543882 priority=1.261013803732319
I0607 05:50:11.635632       1 resourcedefragmentation.go:257] "Node is a drain candidate" plugin="ResourceDefragmentation" ExtensionPoint="Balance" node="ip-172-31-19-34" avgUtilization=0.4158924316023089 binScore=0.3720537841988455 imbalanceIndex=-0.6717848632046178 freeSpaceIndex=0.22835792585175166 priority=2.5254376287575937
I0607 05:50:11.635667       1 resourcedefragmentation.go:280] "Draining under-utilized node" plugin="ResourceDefragmentation" ExtensionPoint="Balance" node="ip-172-31-19-34" priority=2.5254376287575937
I0607 05:50:11.635719       1 resourcedefragmentation.go:867] "Candidate score inputs" plugin="ResourceDefragmentation" pod="defrag-exp/s5-memskew-34-765f6f88c9-xvk8b" originNode="ip-172-31-19-34" c1=0.3060788096979152 c2=0.8472275138770539 c3=0.6631014495544462 c4=0
I0607 05:50:11.635751       1 resourcedefragmentation.go:298] "Eviction decision" plugin="ResourceDefragmentation" ExtensionPoint="Balance" pod="defrag-exp/s5-memskew-34-765f6f88c9-xvk8b" originNode="ip-172-31-19-34" predictedTarget="ip-172-31-16-198"
I0607 05:50:11.659197       1 evictions.go:558] "Evicted pod" pod="defrag-exp/s5-memskew-34-765f6f88c9-xvk8b" reason="" strategy="ResourceDefragmentation" node="ip-172-31-19-34" profile="default"
I0607 05:50:11.659870       1 resourcedefragmentation.go:280] "Draining under-utilized node" plugin="ResourceDefragmentation" ExtensionPoint="Balance" node="ip-172-31-1-245" priority=1.261013803732319
I0607 05:50:11.659906       1 resourcedefragmentation.go:867] "Candidate score inputs" plugin="ResourceDefragmentation" pod="defrag-exp/s5-mem-245-76b5b55d77-jsl7p" originNode="ip-172-31-1-245" c1=0.0011227095616398717 c2=0.8212408228503203 c3=0.14449743118117517 c4=0
I0607 05:50:11.659921       1 resourcedefragmentation.go:867] "Candidate score inputs" plugin="ResourceDefragmentation" pod="defrag-exp/s5-bal-245-7f97dc5789-v6jr5" originNode="ip-172-31-1-245" c1=0.000058952841156989454 c2=0.8873307673421049 c3=0.1214169672048266 c4=0
I0607 05:50:11.659935       1 resourcedefragmentation.go:867] "Candidate score inputs" plugin="ResourceDefragmentation" pod="defrag-exp/s5-cpu-245-7cc476ccfd-2vmk6" originNode="ip-172-31-1-245" c1=-0.0011264584570767318 c2=0.8018706942619045 c3=0.14453084749353584 c4=0
I0607 05:50:11.659955       1 resourcedefragmentation.go:298] "Eviction decision" plugin="ResourceDefragmentation" ExtensionPoint="Balance" pod="defrag-exp/s5-mem-245-76b5b55d77-jsl7p" originNode="ip-172-31-1-245" predictedTarget="ip-172-31-3-39"
E0607 05:50:11.664937       1 event_broadcaster.go:270] "Server rejected event (will not retry!)" err="events.events.k8s.io is forbidden: User \"system:serviceaccount:kube-system:descheduler\" cannot create resource \"events\" in API group \"events.k8s.io\" in the namespace \"defrag-exp\"" event="&Event{ObjectMeta:{s5-memskew-34-765f6f88c9-xvk8b.18b6b68b33f22b78  defrag-exp    0 0001-01-01 00:00:00 +0000 UTC <nil> <nil> map[] map[] [] [] []},EventTime:2026-06-07 05:50:11.659219654 +0000 UTC m=+0.427437714,Series:nil,ReportingController:sigs.k8s.io.descheduler,ReportingInstance:sigs.k8s.io.descheduler-descheduler-job-7nf2r,Action:Descheduled,Reason:ResourceDefragmentation,Regarding:{Pod defrag-exp s5-memskew-34-765f6f88c9-xvk8b cb0d2f7a-a798-4264-894a-26563bc54fc0 v1 372768 },Related:nil,Note:pod eviction from ip-172-31-19-34 node by sigs.k8s.io/descheduler,Type:Normal,DeprecatedSource:{ },DeprecatedFirstTimestamp:0001-01-01 00:00:00 +0000 UTC,DeprecatedLastTimestamp:0001-01-01 00:00:00 +0000 UTC,DeprecatedCount:0,}"
I0607 05:50:11.761852       1 evictions.go:558] "Evicted pod" pod="defrag-exp/s5-mem-245-76b5b55d77-jsl7p" reason="" strategy="ResourceDefragmentation" node="ip-172-31-1-245" profile="default"
I0607 05:50:11.761924       1 resourcedefragmentation.go:867] "Candidate score inputs" plugin="ResourceDefragmentation" pod="defrag-exp/s5-bal-245-7f97dc5789-v6jr5" originNode="ip-172-31-1-245" c1=-0.0002663139222860205 c2=0.882578592508076 c3=0.1391670960068951 c4=0
I0607 05:50:11.761949       1 resourcedefragmentation.go:867] "Candidate score inputs" plugin="ResourceDefragmentation" pod="defrag-exp/s5-cpu-245-7cc476ccfd-2vmk6" originNode="ip-172-31-1-245" c1=0.005088670267773793 c2=-999.9 c3=0.18446863729819007 c4=0
I0607 05:50:11.761974       1 resourcedefragmentation.go:294] "No feasible scheduler target within ceiling; leaving pod in place" plugin="ResourceDefragmentation" ExtensionPoint="Balance" pod="defrag-exp/s5-cpu-245-7cc476ccfd-2vmk6" originNode="ip-172-31-1-245"
I0607 05:50:11.761996       1 resourcedefragmentation.go:867] "Candidate score inputs" plugin="ResourceDefragmentation" pod="defrag-exp/s5-bal-245-7f97dc5789-v6jr5" originNode="ip-172-31-1-245" c1=-0.0002663139222860205 c2=0.882578592508076 c3=0.1391670960068951 c4=0
I0607 05:50:11.762051       1 resourcedefragmentation.go:298] "Eviction decision" plugin="ResourceDefragmentation" ExtensionPoint="Balance" pod="defrag-exp/s5-bal-245-7f97dc5789-v6jr5" originNode="ip-172-31-1-245" predictedTarget="ip-172-31-16-198"
E0607 05:50:11.764511       1 event_broadcaster.go:270] "Server rejected event (will not retry!)" err="events.events.k8s.io is forbidden: User \"system:serviceaccount:kube-system:descheduler\" cannot create resource \"events\" in API group \"events.k8s.io\" in the namespace \"defrag-exp\"" event="&Event{ObjectMeta:{s5-mem-245-76b5b55d77-jsl7p.18b6b68b3a0780ce  defrag-exp    0 0001-01-01 00:00:00 +0000 UTC <nil> <nil> map[] map[] [] [] []},EventTime:2026-06-07 05:50:11.761880126 +0000 UTC m=+0.530098182,Series:nil,ReportingController:sigs.k8s.io.descheduler,ReportingInstance:sigs.k8s.io.descheduler-descheduler-job-7nf2r,Action:Descheduled,Reason:ResourceDefragmentation,Regarding:{Pod defrag-exp s5-mem-245-76b5b55d77-jsl7p 1d3b7890-a3ea-4742-ba6c-a24b3fc73b45 v1 372690 },Related:nil,Note:pod eviction from ip-172-31-1-245 node by sigs.k8s.io/descheduler,Type:Normal,DeprecatedSource:{ },DeprecatedFirstTimestamp:0001-01-01 00:00:00 +0000 UTC,DeprecatedLastTimestamp:0001-01-01 00:00:00 +0000 UTC,DeprecatedCount:0,}"
I0607 05:50:11.862924       1 evictions.go:558] "Evicted pod" pod="defrag-exp/s5-bal-245-7f97dc5789-v6jr5" reason="" strategy="ResourceDefragmentation" node="ip-172-31-1-245" profile="default"
I0607 05:50:11.863020       1 profile.go:425] "Total number of evictions/requests" extension point="Balance" evictedPods=3 evictionRequests=0
I0607 05:50:11.863278       1 descheduler.go:252] "Number of evictions/requests" totalEvicted=3 evictionRequests=0
E0607 05:50:11.863460       1 event_broadcaster.go:279] "Unable to write event (may retry after sleeping)" err="client rate limiter Wait returned an error: context canceled"
I0607 05:50:11.864197       1 reflector.go:373] "Stopping reflector" type="*v1.Pod" resyncPeriod="0s" reflector="k8s.io/client-go/informers/factory.go:161"
I0607 05:50:11.864254       1 reflector.go:373] "Stopping reflector" type="*v1.Node" resyncPeriod="0s" reflector="k8s.io/client-go/informers/factory.go:161"
I0607 05:50:11.864706       1 reflector.go:373] "Stopping reflector" type="*v1.PersistentVolumeClaim" resyncPeriod="0s" reflector="k8s.io/client-go/informers/factory.go:161"
I0607 05:50:11.865354       1 secure_serving.go:259] Stopped listening on [::]:10258
