I0607 06:51:10.569756       1 feature_gate.go:466] feature gates: {map[]}
I0607 06:51:10.852860       1 secure_serving.go:57] Forcing use of http/1.1 only
I0607 06:51:10.853228       1 named_certificates.go:53] "Loaded SNI cert" index=0 certName="self-signed loopback" certDetail="\"apiserver-loopback-client@1780815070\" [serving] validServingFor=[apiserver-loopback-client] issuer=\"apiserver-loopback-client-ca@1780815070\" (2026-06-07 05:51:10 +0000 UTC to 2029-06-07 05:51:10 +0000 UTC (now=2026-06-07 06:51:10.853180855 +0000 UTC))"
I0607 06:51:10.853390       1 tlsconfig.go:243] "Starting DynamicServingCertificateController"
I0607 06:51:10.853401       1 secure_serving.go:211] Serving securely on [::]:10258
I0607 06:51:10.853575       1 tracing.go:88] Did not find a trace collector endpoint defined. Switching to NoopTraceProvider
I0607 06:51:10.854042       1 envvar.go:172] "Feature gate default state" feature="WatchListClient" enabled=true
I0607 06:51:10.854072       1 envvar.go:172] "Feature gate default state" feature="ClientsAllowCBOR" enabled=false
I0607 06:51:10.854080       1 envvar.go:172] "Feature gate default state" feature="ClientsPreferCBOR" enabled=false
I0607 06:51:10.854086       1 envvar.go:172] "Feature gate default state" feature="InOrderInformers" enabled=true
I0607 06:51:10.854091       1 envvar.go:172] "Feature gate default state" feature="InOrderInformersBatchProcess" enabled=true
I0607 06:51:10.854097       1 envvar.go:172] "Feature gate default state" feature="InformerResourceVersion" enabled=true
W0607 06:51:10.862883       1 descheduler.go:333] failed to convert Descheduler minor version '' to float: strconv.ParseFloat: parsing "": invalid syntax
I0607 06:51:10.871426       1 reflector.go:367] "Starting reflector" type="*v1.Pod" resyncPeriod="0s" reflector="k8s.io/client-go/informers/factory.go:161"
I0607 06:51:10.871689       1 reflector.go:411] "Listing and watching" type="*v1.Pod" reflector="k8s.io/client-go/informers/factory.go:161"
I0607 06:51:10.871812       1 reflector.go:367] "Starting reflector" type="*v1.PersistentVolumeClaim" resyncPeriod="0s" reflector="k8s.io/client-go/informers/factory.go:161"
I0607 06:51:10.871904       1 reflector.go:411] "Listing and watching" type="*v1.PersistentVolumeClaim" reflector="k8s.io/client-go/informers/factory.go:161"
I0607 06:51:10.872081       1 reflector.go:367] "Starting reflector" type="*v1.Node" resyncPeriod="0s" reflector="k8s.io/client-go/informers/factory.go:161"
I0607 06:51:10.872097       1 reflector.go:411] "Listing and watching" type="*v1.Node" reflector="k8s.io/client-go/informers/factory.go:161"
I0607 06:51:10.877344       1 reflector.go:446] "Caches populated" type="*v1.PersistentVolumeClaim" reflector="k8s.io/client-go/informers/factory.go:161"
I0607 06:51:10.881731       1 reflector.go:446] "Caches populated" type="*v1.Node" reflector="k8s.io/client-go/informers/factory.go:161"
I0607 06:51:10.884752       1 reflector.go:446] "Caches populated" type="*v1.Pod" reflector="k8s.io/client-go/informers/factory.go:161"
I0607 06:51:10.972263       1 descheduler.go:235] Resetting pod evictor counters
I0607 06:51:10.972345       1 resourcedefragmentationc2.go:131] "Starting ResourceDefragmentationC2 balance pass" plugin="ResourceDefragmentationC2" ExtensionPoint="Balance" nodeCount=7
I0607 06:51:10.972539       1 profile.go:425] "Total number of evictions/requests" extension point="Balance" evictedPods=0 evictionRequests=0
I0607 06:51:10.972568       1 descheduler.go:252] "Number of evictions/requests" totalEvicted=0 evictionRequests=0
I0607 06:51:10.972952       1 reflector.go:373] "Stopping reflector" type="*v1.Pod" resyncPeriod="0s" reflector="k8s.io/client-go/informers/factory.go:161"
I0607 06:51:10.973084       1 reflector.go:373] "Stopping reflector" type="*v1.Node" resyncPeriod="0s" reflector="k8s.io/client-go/informers/factory.go:161"
I0607 06:51:10.973187       1 reflector.go:373] "Stopping reflector" type="*v1.PersistentVolumeClaim" resyncPeriod="0s" reflector="k8s.io/client-go/informers/factory.go:161"
I0607 06:51:10.973461       1 secure_serving.go:259] Stopped listening on [::]:10258
I0607 06:51:10.973668       1 tlsconfig.go:258] "Shutting down DynamicServingCertificateController"
