I0607 02:13:46.425079       1 feature_gate.go:466] feature gates: {map[]}
I0607 02:13:46.563819       1 secure_serving.go:57] Forcing use of http/1.1 only
I0607 02:13:46.564359       1 named_certificates.go:53] "Loaded SNI cert" index=0 certName="self-signed loopback" certDetail="\"apiserver-loopback-client@1780798426\" [serving] validServingFor=[apiserver-loopback-client] issuer=\"apiserver-loopback-client-ca@1780798426\" (2026-06-07 01:13:46 +0000 UTC to 2029-06-07 01:13:46 +0000 UTC (now=2026-06-07 02:13:46.564317816 +0000 UTC))"
I0607 02:13:46.564396       1 secure_serving.go:211] Serving securely on [::]:10258
I0607 02:13:46.564416       1 tracing.go:88] Did not find a trace collector endpoint defined. Switching to NoopTraceProvider
I0607 02:13:46.564436       1 tlsconfig.go:243] "Starting DynamicServingCertificateController"
I0607 02:13:46.564775       1 envvar.go:172] "Feature gate default state" feature="ClientsPreferCBOR" enabled=false
I0607 02:13:46.564797       1 envvar.go:172] "Feature gate default state" feature="InOrderInformers" enabled=true
I0607 02:13:46.564847       1 envvar.go:172] "Feature gate default state" feature="InOrderInformersBatchProcess" enabled=true
I0607 02:13:46.564880       1 envvar.go:172] "Feature gate default state" feature="InformerResourceVersion" enabled=true
I0607 02:13:46.564906       1 envvar.go:172] "Feature gate default state" feature="WatchListClient" enabled=true
I0607 02:13:46.564938       1 envvar.go:172] "Feature gate default state" feature="ClientsAllowCBOR" enabled=false
W0607 02:13:46.573655       1 descheduler.go:333] failed to convert Descheduler minor version '' to float: strconv.ParseFloat: parsing "": invalid syntax
I0607 02:13:46.582625       1 reflector.go:367] "Starting reflector" type="*v1.Node" resyncPeriod="0s" reflector="k8s.io/client-go/informers/factory.go:161"
I0607 02:13:46.582646       1 reflector.go:367] "Starting reflector" type="*v1.PersistentVolumeClaim" resyncPeriod="0s" reflector="k8s.io/client-go/informers/factory.go:161"
I0607 02:13:46.582652       1 reflector.go:411] "Listing and watching" type="*v1.Node" reflector="k8s.io/client-go/informers/factory.go:161"
I0607 02:13:46.582658       1 reflector.go:411] "Listing and watching" type="*v1.PersistentVolumeClaim" reflector="k8s.io/client-go/informers/factory.go:161"
I0607 02:13:46.583147       1 reflector.go:367] "Starting reflector" type="*v1.Pod" resyncPeriod="0s" reflector="k8s.io/client-go/informers/factory.go:161"
I0607 02:13:46.583172       1 reflector.go:411] "Listing and watching" type="*v1.Pod" reflector="k8s.io/client-go/informers/factory.go:161"
I0607 02:13:46.587049       1 reflector.go:446] "Caches populated" type="*v1.PersistentVolumeClaim" reflector="k8s.io/client-go/informers/factory.go:161"
I0607 02:13:46.588537       1 reflector.go:446] "Caches populated" type="*v1.Node" reflector="k8s.io/client-go/informers/factory.go:161"
I0607 02:13:46.594463       1 reflector.go:446] "Caches populated" type="*v1.Pod" reflector="k8s.io/client-go/informers/factory.go:161"
I0607 02:13:46.682633       1 descheduler.go:235] Resetting pod evictor counters
I0607 02:13:46.682713       1 resourcedefragmentation.go:178] "Starting resource defragmentation balance pass" plugin="ResourceDefragmentation" ExtensionPoint="Balance" nodeCount=7
I0607 02:13:46.682770       1 resourcedefragmentation.go:219] "Node state" plugin="ResourceDefragmentation" ExtensionPoint="Balance" node="ip-172-31-19-34" avgUtilization=0.5444871677602916 minUtilization=0.14 binScore=0.36775641611985427 usageSource="requests"
I0607 02:13:46.682821       1 resourcedefragmentation.go:219] "Node state" plugin="ResourceDefragmentation" ExtensionPoint="Balance" node="ip-172-31-3-39" avgUtilization=0.5444848834970153 minUtilization=0.14 binScore=0.3677575582514924 usageSource="requests"
I0607 02:13:46.682841       1 resourcedefragmentation.go:219] "Node state" plugin="ResourceDefragmentation" ExtensionPoint="Balance" node="ip-172-31-31-146" avgUtilization=0.5168922679196415 minUtilization=0.51 binScore=0.7515538660401793 usageSource="requests"
I0607 02:13:46.682855       1 resourcedefragmentation.go:219] "Node state" plugin="ResourceDefragmentation" ExtensionPoint="Balance" node="ip-172-31-6-144" avgUtilization=0.05581634421856492 minUtilization=0.05 binScore=0.5220918278907175 usageSource="requests"
I0607 02:13:46.682870       1 resourcedefragmentation.go:185] "Skipping control-plane node" plugin="ResourceDefragmentation" ExtensionPoint="Balance" node="ip-172-31-84-108"
I0607 02:13:46.682893       1 resourcedefragmentation.go:219] "Node state" plugin="ResourceDefragmentation" ExtensionPoint="Balance" node="ip-172-31-1-245" avgUtilization=0.5501915178420959 minUtilization=0.15038303568419178 binScore=0.37528727676314383 usageSource="requests"
I0607 02:13:46.682916       1 resourcedefragmentation.go:219] "Node state" plugin="ResourceDefragmentation" ExtensionPoint="Balance" node="ip-172-31-16-198" avgUtilization=0.5501784863204617 minUtilization=0.15035697264092354 binScore=0.37526772948069265 usageSource="requests"
I0607 02:13:46.682971       1 resourcedefragmentation.go:257] "Node is a drain candidate" plugin="ResourceDefragmentation" ExtensionPoint="Balance" node="ip-172-31-19-34" avgUtilization=0.5444871677602916 binScore=0.36775641611985427 imbalanceIndex=-0.8089743355205831 freeSpaceIndex=0.04388207145229854 priority=11.798662107840348
I0607 02:13:46.683087       1 resourcedefragmentation.go:257] "Node is a drain candidate" plugin="ResourceDefragmentation" ExtensionPoint="Balance" node="ip-172-31-3-39" avgUtilization=0.5444848834970153 binScore=0.3677575582514924 imbalanceIndex=-0.8089697669940304 freeSpaceIndex=0.04388600038513383 priority=11.79763975003293
I0607 02:13:46.683215       1 resourcedefragmentation.go:257] "Node is a drain candidate" plugin="ResourceDefragmentation" ExtensionPoint="Balance" node="ip-172-31-1-245" avgUtilization=0.5501915178420959 binScore=0.37528727676314383 imbalanceIndex=0.7996169643158082 freeSpaceIndex=0.042480848215790415 priority=12.169818258872901
I0607 02:13:46.683311       1 resourcedefragmentation.go:257] "Node is a drain candidate" plugin="ResourceDefragmentation" ExtensionPoint="Balance" node="ip-172-31-16-198" avgUtilization=0.5501784863204617 binScore=0.37526772948069265 imbalanceIndex=0.7996430273590764 freeSpaceIndex=0.04248215136795383 priority=12.169470241973634
I0607 02:13:46.683396       1 resourcedefragmentation.go:280] "Draining under-utilized node" plugin="ResourceDefragmentation" ExtensionPoint="Balance" node="ip-172-31-1-245" priority=12.169818258872901
I0607 02:13:46.683468       1 resourcedefragmentation.go:867] "Candidate score inputs" plugin="ResourceDefragmentation" pod="defrag-exp/s4-cpu-245-cccd9967b-7xbf8" originNode="ip-172-31-1-245" c1=0.06486887473396041 c2=0.7125222175150083 c3=0.2652393310959491 c4=0
I0607 02:13:46.683488       1 resourcedefragmentation.go:867] "Candidate score inputs" plugin="ResourceDefragmentation" pod="defrag-exp/s4-cpu-245-cccd9967b-ks2sp" originNode="ip-172-31-1-245" c1=0.06486887473396041 c2=0.7125222175150083 c3=0.2652393310959491 c4=0
I0607 02:13:46.683519       1 resourcedefragmentation.go:867] "Candidate score inputs" plugin="ResourceDefragmentation" pod="defrag-exp/s4-cpu-245-cccd9967b-p7zjs" originNode="ip-172-31-1-245" c1=0.06486887473396041 c2=0.7125222175150083 c3=0.2652393310959491 c4=0
I0607 02:13:46.683583       1 resourcedefragmentation.go:298] "Eviction decision" plugin="ResourceDefragmentation" ExtensionPoint="Balance" pod="defrag-exp/s4-cpu-245-cccd9967b-7xbf8" originNode="ip-172-31-1-245" predictedTarget="ip-172-31-31-146"
I0607 02:13:46.705302       1 evictions.go:558] "Evicted pod" pod="defrag-exp/s4-cpu-245-cccd9967b-7xbf8" reason="" strategy="ResourceDefragmentation" node="ip-172-31-1-245" profile="default"
I0607 02:13:46.705562       1 resourcedefragmentation.go:867] "Candidate score inputs" plugin="ResourceDefragmentation" pod="defrag-exp/s4-cpu-245-cccd9967b-ks2sp" originNode="ip-172-31-1-245" c1=0.04293135748083929 c2=-999.9 c3=0.2829894598980176 c4=0
I0607 02:13:46.705844       1 resourcedefragmentation.go:867] "Candidate score inputs" plugin="ResourceDefragmentation" pod="defrag-exp/s4-cpu-245-cccd9967b-p7zjs" originNode="ip-172-31-1-245" c1=0.04293135748083929 c2=-999.9 c3=0.2829894598980176 c4=0
I0607 02:13:46.706189       1 resourcedefragmentation.go:294] "No feasible scheduler target within ceiling; leaving pod in place" plugin="ResourceDefragmentation" ExtensionPoint="Balance" pod="defrag-exp/s4-cpu-245-cccd9967b-ks2sp" originNode="ip-172-31-1-245"
I0607 02:13:46.706220       1 resourcedefragmentation.go:867] "Candidate score inputs" plugin="ResourceDefragmentation" pod="defrag-exp/s4-cpu-245-cccd9967b-p7zjs" originNode="ip-172-31-1-245" c1=0.04293135748083929 c2=-999.9 c3=0.2829894598980176 c4=0
I0607 02:13:46.706244       1 resourcedefragmentation.go:294] "No feasible scheduler target within ceiling; leaving pod in place" plugin="ResourceDefragmentation" ExtensionPoint="Balance" pod="defrag-exp/s4-cpu-245-cccd9967b-p7zjs" originNode="ip-172-31-1-245"
I0607 02:13:46.706257       1 resourcedefragmentation.go:280] "Draining under-utilized node" plugin="ResourceDefragmentation" ExtensionPoint="Balance" node="ip-172-31-16-198" priority=12.169470241973634
I0607 02:13:46.706271       1 resourcedefragmentation.go:867] "Candidate score inputs" plugin="ResourceDefragmentation" pod="defrag-exp/s4-cpu-198-c8bbfc967-4bls6" originNode="ip-172-31-16-198" c1=0.0648722190650434 c2=-999.9 c3=0.2652453555043111 c4=0
I0607 02:13:46.706283       1 resourcedefragmentation.go:867] "Candidate score inputs" plugin="ResourceDefragmentation" pod="defrag-exp/s4-cpu-198-c8bbfc967-8xfz7" originNode="ip-172-31-16-198" c1=0.0648722190650434 c2=-999.9 c3=0.2652453555043111 c4=0
I0607 02:13:46.706294       1 resourcedefragmentation.go:867] "Candidate score inputs" plugin="ResourceDefragmentation" pod="defrag-exp/s4-cpu-198-c8bbfc967-6sk8d" originNode="ip-172-31-16-198" c1=0.0648722190650434 c2=-999.9 c3=0.2652453555043111 c4=0
I0607 02:13:46.706311       1 resourcedefragmentation.go:294] "No feasible scheduler target within ceiling; leaving pod in place" plugin="ResourceDefragmentation" ExtensionPoint="Balance" pod="defrag-exp/s4-cpu-198-c8bbfc967-4bls6" originNode="ip-172-31-16-198"
I0607 02:13:46.706321       1 resourcedefragmentation.go:867] "Candidate score inputs" plugin="ResourceDefragmentation" pod="defrag-exp/s4-cpu-198-c8bbfc967-8xfz7" originNode="ip-172-31-16-198" c1=0.0648722190650434 c2=-999.9 c3=0.2652453555043111 c4=0
I0607 02:13:46.706332       1 resourcedefragmentation.go:867] "Candidate score inputs" plugin="ResourceDefragmentation" pod="defrag-exp/s4-cpu-198-c8bbfc967-6sk8d" originNode="ip-172-31-16-198" c1=0.0648722190650434 c2=-999.9 c3=0.2652453555043111 c4=0
I0607 02:13:46.706347       1 resourcedefragmentation.go:294] "No feasible scheduler target within ceiling; leaving pod in place" plugin="ResourceDefragmentation" ExtensionPoint="Balance" pod="defrag-exp/s4-cpu-198-c8bbfc967-8xfz7" originNode="ip-172-31-16-198"
I0607 02:13:46.706356       1 resourcedefragmentation.go:867] "Candidate score inputs" plugin="ResourceDefragmentation" pod="defrag-exp/s4-cpu-198-c8bbfc967-6sk8d" originNode="ip-172-31-16-198" c1=0.0648722190650434 c2=-999.9 c3=0.2652453555043111 c4=0
I0607 02:13:46.706368       1 resourcedefragmentation.go:294] "No feasible scheduler target within ceiling; leaving pod in place" plugin="ResourceDefragmentation" ExtensionPoint="Balance" pod="defrag-exp/s4-cpu-198-c8bbfc967-6sk8d" originNode="ip-172-31-16-198"
I0607 02:13:46.706380       1 resourcedefragmentation.go:280] "Draining under-utilized node" plugin="ResourceDefragmentation" ExtensionPoint="Balance" node="ip-172-31-19-34" priority=11.798662107840348
I0607 02:13:46.706393       1 resourcedefragmentation.go:867] "Candidate score inputs" plugin="ResourceDefragmentation" pod="defrag-exp/s4-mem-34-67b57f4875-d8h5t" originNode="ip-172-31-19-34" c1=0.06359733272103738 c2=0.9177132087098436 c3=0.2647787154761962 c4=0
I0607 02:13:46.706407       1 resourcedefragmentation.go:867] "Candidate score inputs" plugin="ResourceDefragmentation" pod="defrag-exp/s4-mem-34-67b57f4875-fg76f" originNode="ip-172-31-19-34" c1=0.06359733272103738 c2=0.9177132087098436 c3=0.2647787154761962 c4=0
I0607 02:13:46.706419       1 resourcedefragmentation.go:867] "Candidate score inputs" plugin="ResourceDefragmentation" pod="defrag-exp/s4-mem-34-67b57f4875-d7l6j" originNode="ip-172-31-19-34" c1=0.06359733272103738 c2=0.9177132087098436 c3=0.2647787154761962 c4=0
I0607 02:13:46.706437       1 resourcedefragmentation.go:298] "Eviction decision" plugin="ResourceDefragmentation" ExtensionPoint="Balance" pod="defrag-exp/s4-mem-34-67b57f4875-d8h5t" originNode="ip-172-31-19-34" predictedTarget="ip-172-31-31-146"
E0607 02:13:46.708368       1 event_broadcaster.go:270] "Server rejected event (will not retry!)" err="events.events.k8s.io is forbidden: User \"system:serviceaccount:kube-system:descheduler\" cannot create resource \"events\" in API group \"events.k8s.io\" in the namespace \"defrag-exp\"" event="&Event{ObjectMeta:{s4-cpu-245-cccd9967b-7xbf8.18b6aabbe858ed00  defrag-exp    0 0001-01-01 00:00:00 +0000 UTC <nil> <nil> map[] map[] [] [] []},EventTime:2026-06-07 02:13:46.705321099 +0000 UTC m=+0.314683882,Series:nil,ReportingController:sigs.k8s.io.descheduler,ReportingInstance:sigs.k8s.io.descheduler-descheduler-job-8nqzq,Action:Descheduled,Reason:ResourceDefragmentation,Regarding:{Pod defrag-exp s4-cpu-245-cccd9967b-7xbf8 1a65cb05-eca3-44a6-9003-791f93200e70 v1 351446 },Related:nil,Note:pod eviction from ip-172-31-1-245 node by sigs.k8s.io/descheduler,Type:Normal,DeprecatedSource:{ },DeprecatedFirstTimestamp:0001-01-01 00:00:00 +0000 UTC,DeprecatedLastTimestamp:0001-01-01 00:00:00 +0000 UTC,DeprecatedCount:0,}"
I0607 02:13:46.807425       1 evictions.go:558] "Evicted pod" pod="defrag-exp/s4-mem-34-67b57f4875-d8h5t" reason="" strategy="ResourceDefragmentation" node="ip-172-31-19-34" profile="default"
I0607 02:13:46.808130       1 resourcedefragmentation.go:867] "Candidate score inputs" plugin="ResourceDefragmentation" pod="defrag-exp/s4-mem-34-67b57f4875-fg76f" originNode="ip-172-31-19-34" c1=0.04270276784286004 c2=0.6424762257864148 c3=0.2825257679846331 c4=0
I0607 02:13:46.808449       1 resourcedefragmentation.go:867] "Candidate score inputs" plugin="ResourceDefragmentation" pod="defrag-exp/s4-mem-34-67b57f4875-d7l6j" originNode="ip-172-31-19-34" c1=0.04270276784286004 c2=0.6424762257864148 c3=0.2825257679846331 c4=0
I0607 02:13:46.808480       1 resourcedefragmentation.go:298] "Eviction decision" plugin="ResourceDefragmentation" ExtensionPoint="Balance" pod="defrag-exp/s4-mem-34-67b57f4875-fg76f" originNode="ip-172-31-19-34" predictedTarget="ip-172-31-1-245"
E0607 02:13:46.810275       1 event_broadcaster.go:270] "Server rejected event (will not retry!)" err="events.events.k8s.io is forbidden: User \"system:serviceaccount:kube-system:descheduler\" cannot create resource \"events\" in API group \"events.k8s.io\" in the namespace \"defrag-exp\"" event="&Event{ObjectMeta:{s4-mem-34-67b57f4875-d8h5t.18b6aabbee7794d8  defrag-exp    0 0001-01-01 00:00:00 +0000 UTC <nil> <nil> map[] map[] [] [] []},EventTime:2026-06-07 02:13:46.80802319 +0000 UTC m=+0.417385959,Series:nil,ReportingController:sigs.k8s.io.descheduler,ReportingInstance:sigs.k8s.io.descheduler-descheduler-job-8nqzq,Action:Descheduled,Reason:ResourceDefragmentation,Regarding:{Pod defrag-exp s4-mem-34-67b57f4875-d8h5t c2c73d9c-ecdc-45b5-bf91-79b031dd058b v1 351549 },Related:nil,Note:pod eviction from ip-172-31-19-34 node by sigs.k8s.io/descheduler,Type:Normal,DeprecatedSource:{ },DeprecatedFirstTimestamp:0001-01-01 00:00:00 +0000 UTC,DeprecatedLastTimestamp:0001-01-01 00:00:00 +0000 UTC,DeprecatedCount:0,}"
I0607 02:13:46.908228       1 evictions.go:558] "Evicted pod" pod="defrag-exp/s4-mem-34-67b57f4875-fg76f" reason="" strategy="ResourceDefragmentation" node="ip-172-31-19-34" profile="default"
I0607 02:13:46.908302       1 resourcedefragmentation.go:867] "Candidate score inputs" plugin="ResourceDefragmentation" pod="defrag-exp/s4-mem-34-67b57f4875-d7l6j" originNode="ip-172-31-19-34" c1=0.021808202964682687 c2=0.854382388062576 c3=0.30027282049306997 c4=0
I0607 02:13:46.908332       1 resourcedefragmentation.go:298] "Eviction decision" plugin="ResourceDefragmentation" ExtensionPoint="Balance" pod="defrag-exp/s4-mem-34-67b57f4875-d7l6j" originNode="ip-172-31-19-34" predictedTarget="ip-172-31-1-245"
E0607 02:13:46.911592       1 event_broadcaster.go:270] "Server rejected event (will not retry!)" err="events.events.k8s.io is forbidden: User \"system:serviceaccount:kube-system:descheduler\" cannot create resource \"events\" in API group \"events.k8s.io\" in the namespace \"defrag-exp\"" event="&Event{ObjectMeta:{s4-mem-34-67b57f4875-fg76f.18b6aabbf470f755  defrag-exp    0 0001-01-01 00:00:00 +0000 UTC <nil> <nil> map[] map[] [] [] []},EventTime:2026-06-07 02:13:46.908251737 +0000 UTC m=+0.517614521,Series:nil,ReportingController:sigs.k8s.io.descheduler,ReportingInstance:sigs.k8s.io.descheduler-descheduler-job-8nqzq,Action:Descheduled,Reason:ResourceDefragmentation,Regarding:{Pod defrag-exp s4-mem-34-67b57f4875-fg76f 4717a4ed-1282-4dc9-b3a0-1d6f4e2eee4a v1 351553 },Related:nil,Note:pod eviction from ip-172-31-19-34 node by sigs.k8s.io/descheduler,Type:Normal,DeprecatedSource:{ },DeprecatedFirstTimestamp:0001-01-01 00:00:00 +0000 UTC,DeprecatedLastTimestamp:0001-01-01 00:00:00 +0000 UTC,DeprecatedCount:0,}"
I0607 02:13:47.007664       1 evictions.go:558] "Evicted pod" pod="defrag-exp/s4-mem-34-67b57f4875-d7l6j" reason="" strategy="ResourceDefragmentation" node="ip-172-31-19-34" profile="default"
I0607 02:13:47.007725       1 resourcedefragmentation.go:280] "Draining under-utilized node" plugin="ResourceDefragmentation" ExtensionPoint="Balance" node="ip-172-31-3-39" priority=11.79763975003293
I0607 02:13:47.007757       1 resourcedefragmentation.go:867] "Candidate score inputs" plugin="ResourceDefragmentation" pod="defrag-exp/s4-mem-39-5d5899dbd4-2xtqk" originNode="ip-172-31-3-39" c1=0.0635963266772205 c2=-999.9 c3=0.26477758521086076 c4=0
I0607 02:13:47.007772       1 resourcedefragmentation.go:867] "Candidate score inputs" plugin="ResourceDefragmentation" pod="defrag-exp/s4-mem-39-5d5899dbd4-mcc2t" originNode="ip-172-31-3-39" c1=0.0635963266772205 c2=-999.9 c3=0.26477758521086076 c4=0
I0607 02:13:47.007782       1 resourcedefragmentation.go:867] "Candidate score inputs" plugin="ResourceDefragmentation" pod="defrag-exp/s4-mem-39-5d5899dbd4-q7b42" originNode="ip-172-31-3-39" c1=0.0635963266772205 c2=-999.9 c3=0.26477758521086076 c4=0
I0607 02:13:47.008057       1 resourcedefragmentation.go:294] "No feasible scheduler target within ceiling; leaving pod in place" plugin="ResourceDefragmentation" ExtensionPoint="Balance" pod="defrag-exp/s4-mem-39-5d5899dbd4-2xtqk" originNode="ip-172-31-3-39"
I0607 02:13:47.008091       1 resourcedefragmentation.go:867] "Candidate score inputs" plugin="ResourceDefragmentation" pod="defrag-exp/s4-mem-39-5d5899dbd4-mcc2t" originNode="ip-172-31-3-39" c1=0.0635963266772205 c2=-999.9 c3=0.26477758521086076 c4=0
I0607 02:13:47.008106       1 resourcedefragmentation.go:867] "Candidate score inputs" plugin="ResourceDefragmentation" pod="defrag-exp/s4-mem-39-5d5899dbd4-q7b42" originNode="ip-172-31-3-39" c1=0.0635963266772205 c2=-999.9 c3=0.26477758521086076 c4=0
I0607 02:13:47.008122       1 resourcedefragmentation.go:294] "No feasible scheduler target within ceiling; leaving pod in place" plugin="ResourceDefragmentation" ExtensionPoint="Balance" pod="defrag-exp/s4-mem-39-5d5899dbd4-mcc2t" originNode="ip-172-31-3-39"
I0607 02:13:47.008132       1 resourcedefragmentation.go:867] "Candidate score inputs" plugin="ResourceDefragmentation" pod="defrag-exp/s4-mem-39-5d5899dbd4-q7b42" originNode="ip-172-31-3-39" c1=0.0635963266772205 c2=-999.9 c3=0.26477758521086076 c4=0
I0607 02:13:47.008146       1 resourcedefragmentation.go:294] "No feasible scheduler target within ceiling; leaving pod in place" plugin="ResourceDefragmentation" ExtensionPoint="Balance" pod="defrag-exp/s4-mem-39-5d5899dbd4-q7b42" originNode="ip-172-31-3-39"
I0607 02:13:47.008180       1 profile.go:425] "Total number of evictions/requests" extension point="Balance" evictedPods=4 evictionRequests=0
I0607 02:13:47.008223       1 descheduler.go:252] "Number of evictions/requests" totalEvicted=4 evictionRequests=0
E0607 02:13:47.008374       1 event_broadcaster.go:279] "Unable to write event (may retry after sleeping)" err="Post \"https://10.96.0.1:443/apis/events.k8s.io/v1/namespaces/defrag-exp/events\": context canceled"
I0607 02:13:47.008413       1 reflector.go:373] "Stopping reflector" type="*v1.Pod" resyncPeriod="0s" reflector="k8s.io/client-go/informers/factory.go:161"
I0607 02:13:47.008434       1 reflector.go:373] "Stopping reflector" type="*v1.Node" resyncPeriod="0s" reflector="k8s.io/client-go/informers/factory.go:161"
I0607 02:13:47.008459       1 reflector.go:373] "Stopping reflector" type="*v1.PersistentVolumeClaim" resyncPeriod="0s" reflector="k8s.io/client-go/informers/factory.go:161"
I0607 02:13:47.008650       1 tlsconfig.go:258] "Shutting down DynamicServingCertificateController"
