I0607 02:02:06.087413       1 feature_gate.go:466] feature gates: {map[]}
I0607 02:02:06.313720       1 secure_serving.go:57] Forcing use of http/1.1 only
I0607 02:02:06.315679       1 named_certificates.go:53] "Loaded SNI cert" index=0 certName="self-signed loopback" certDetail="\"apiserver-loopback-client@1780797726\" [serving] validServingFor=[apiserver-loopback-client] issuer=\"apiserver-loopback-client-ca@1780797726\" (2026-06-07 01:02:06 +0000 UTC to 2029-06-07 01:02:06 +0000 UTC (now=2026-06-07 02:02:06.314104665 +0000 UTC))"
I0607 02:02:06.315742       1 secure_serving.go:211] Serving securely on [::]:10258
I0607 02:02:06.315846       1 tlsconfig.go:243] "Starting DynamicServingCertificateController"
I0607 02:02:06.316577       1 tracing.go:88] Did not find a trace collector endpoint defined. Switching to NoopTraceProvider
I0607 02:02:06.322523       1 envvar.go:172] "Feature gate default state" feature="ClientsPreferCBOR" enabled=false
I0607 02:02:06.322561       1 envvar.go:172] "Feature gate default state" feature="InOrderInformers" enabled=true
I0607 02:02:06.322570       1 envvar.go:172] "Feature gate default state" feature="InOrderInformersBatchProcess" enabled=true
I0607 02:02:06.322577       1 envvar.go:172] "Feature gate default state" feature="InformerResourceVersion" enabled=true
I0607 02:02:06.322583       1 envvar.go:172] "Feature gate default state" feature="WatchListClient" enabled=true
I0607 02:02:06.322590       1 envvar.go:172] "Feature gate default state" feature="ClientsAllowCBOR" enabled=false
W0607 02:02:06.367144       1 descheduler.go:333] failed to convert Descheduler minor version '' to float: strconv.ParseFloat: parsing "": invalid syntax
I0607 02:02:06.380031       1 reflector.go:367] "Starting reflector" type="*v1.Pod" resyncPeriod="0s" reflector="k8s.io/client-go/informers/factory.go:161"
I0607 02:02:06.380031       1 reflector.go:367] "Starting reflector" type="*v1.Node" resyncPeriod="0s" reflector="k8s.io/client-go/informers/factory.go:161"
I0607 02:02:06.380078       1 reflector.go:411] "Listing and watching" type="*v1.Node" reflector="k8s.io/client-go/informers/factory.go:161"
I0607 02:02:06.380192       1 reflector.go:367] "Starting reflector" type="*v1.PersistentVolumeClaim" resyncPeriod="0s" reflector="k8s.io/client-go/informers/factory.go:161"
I0607 02:02:06.380206       1 reflector.go:411] "Listing and watching" type="*v1.PersistentVolumeClaim" reflector="k8s.io/client-go/informers/factory.go:161"
I0607 02:02:06.380068       1 reflector.go:411] "Listing and watching" type="*v1.Pod" reflector="k8s.io/client-go/informers/factory.go:161"
I0607 02:02:06.390533       1 reflector.go:446] "Caches populated" type="*v1.PersistentVolumeClaim" reflector="k8s.io/client-go/informers/factory.go:161"
I0607 02:02:06.399154       1 reflector.go:446] "Caches populated" type="*v1.Node" reflector="k8s.io/client-go/informers/factory.go:161"
I0607 02:02:06.406921       1 reflector.go:446] "Caches populated" type="*v1.Pod" reflector="k8s.io/client-go/informers/factory.go:161"
I0607 02:02:06.480478       1 descheduler.go:235] Resetting pod evictor counters
I0607 02:02:06.482049       1 highnodeutilization.go:193] "Node has been classified" plugin="HighNodeUtilization" ExtensionPoint="Balance" category="underutilized" node="ip-172-31-1-245" usage={"cpu":"600m","memory":"250Mi","pods":"4"} usagePercentage={"cpu":30,"memory":31,"pods":4}
I0607 02:02:06.482133       1 highnodeutilization.go:193] "Node has been classified" plugin="HighNodeUtilization" ExtensionPoint="Balance" category="underutilized" node="ip-172-31-16-198" usage={"cpu":"600m","memory":"250Mi","pods":"4"} usagePercentage={"cpu":30,"memory":31,"pods":4}
I0607 02:02:06.482153       1 highnodeutilization.go:193] "Node has been classified" plugin="HighNodeUtilization" ExtensionPoint="Balance" category="overutilized" node="ip-172-31-31-146" usage={"cpu":"1700m","memory":"690Mi","pods":"5"} usagePercentage={"cpu":85,"memory":85,"pods":5}
I0607 02:02:06.482172       1 highnodeutilization.go:193] "Node has been classified" plugin="HighNodeUtilization" ExtensionPoint="Balance" category="overutilized" node="ip-172-31-6-144" usage={"cpu":"1700m","memory":"690Mi","pods":"4"} usagePercentage={"cpu":85,"memory":85,"pods":4}
I0607 02:02:06.482192       1 highnodeutilization.go:193] "Node has been classified" plugin="HighNodeUtilization" ExtensionPoint="Balance" category="overutilized" node="ip-172-31-84-108" usage={"cpu":"850m","memory":"220Mi","pods":"7"} usagePercentage={"cpu":43,"memory":6,"pods":6}
I0607 02:02:06.482216       1 highnodeutilization.go:193] "Node has been classified" plugin="HighNodeUtilization" ExtensionPoint="Balance" category="overutilized" node="ip-172-31-19-34" usage={"cpu":"1600m","memory":"90Mi","pods":"4"} usagePercentage={"cpu":80,"memory":11,"pods":4}
I0607 02:02:06.482233       1 highnodeutilization.go:193] "Node has been classified" plugin="HighNodeUtilization" ExtensionPoint="Balance" category="overutilized" node="ip-172-31-3-39" usage={"cpu":"1600m","memory":"90Mi","pods":"4"} usagePercentage={"cpu":80,"memory":11,"pods":4}
I0607 02:02:06.482251       1 highnodeutilization.go:217] "Criteria for a node below target utilization" plugin="HighNodeUtilization" ExtensionPoint="Balance" cpu="40.00%" memory="40.00%"
I0607 02:02:06.482281       1 highnodeutilization.go:218] "Number of underutilized nodes" plugin="HighNodeUtilization" ExtensionPoint="Balance" totalNumber=2
I0607 02:02:06.482919       1 nodeutilization.go:186] "Total capacity to be moved" CPU=2550 Mem=5531213824 Pods=526
I0607 02:02:06.482959       1 nodeutilization.go:194] "Evicting pods from node" node="ip-172-31-1-245" usage={"cpu":"600m","memory":"250Mi","pods":"4"}
I0607 02:02:06.483041       1 nodeutilization.go:201] "Pods on node" node="ip-172-31-1-245" allPods=4 nonRemovablePods=2 removablePods=2
I0607 02:02:06.483052       1 nodeutilization.go:217] "Evicting pods based on priority, if they have same priority, they'll be evicted based on QoS tiers"
I0607 02:02:06.504514       1 evictions.go:558] "Evicted pod" pod="defrag-exp/s3-under-245-574b8b4b46-fkvc2" reason="" strategy="HighNodeUtilization" node="ip-172-31-1-245" profile="default"
I0607 02:02:06.504575       1 nodeutilization.go:347] "Evicted pods" pod="defrag-exp/s3-under-245-574b8b4b46-fkvc2"
I0607 02:02:06.504589       1 nodeutilization.go:356] "Updated node usage" node="ip-172-31-1-245" CPU=350 Mem=157286400 Pods=3
E0607 02:02:06.506921       1 event_broadcaster.go:270] "Server rejected event (will not retry!)" err="events.events.k8s.io is forbidden: User \"system:serviceaccount:kube-system:descheduler\" cannot create resource \"events\" in API group \"events.k8s.io\" in the namespace \"defrag-exp\"" event="&Event{ObjectMeta:{s3-under-245-574b8b4b46-fkvc2.18b6aa18e1206516  defrag-exp    0 0001-01-01 00:00:00 +0000 UTC <nil> <nil> map[] map[] [] [] []},EventTime:2026-06-07 02:02:06.504530462 +0000 UTC m=+0.686732030,Series:nil,ReportingController:sigs.k8s.io.descheduler,ReportingInstance:sigs.k8s.io.descheduler-descheduler-job-5p2lj,Action:Descheduled,Reason:HighNodeUtilization,Regarding:{Pod defrag-exp s3-under-245-574b8b4b46-fkvc2 7045b2a4-eec2-4100-bd35-44c722a2c26d v1 345597 },Related:nil,Note:pod eviction from ip-172-31-1-245 node by sigs.k8s.io/descheduler,Type:Normal,DeprecatedSource:{ },DeprecatedFirstTimestamp:0001-01-01 00:00:00 +0000 UTC,DeprecatedLastTimestamp:0001-01-01 00:00:00 +0000 UTC,DeprecatedCount:0,}"
I0607 02:02:06.609735       1 evictions.go:558] "Evicted pod" pod="defrag-exp/s3-under-245-574b8b4b46-pzmcq" reason="" strategy="HighNodeUtilization" node="ip-172-31-1-245" profile="default"
I0607 02:02:06.609792       1 nodeutilization.go:347] "Evicted pods" pod="defrag-exp/s3-under-245-574b8b4b46-pzmcq"
I0607 02:02:06.609807       1 nodeutilization.go:356] "Updated node usage" node="ip-172-31-1-245" CPU=100 Mem=52428800 Pods=2
I0607 02:02:06.609824       1 nodeutilization.go:194] "Evicting pods from node" node="ip-172-31-16-198" usage={"cpu":"600m","memory":"250Mi","pods":"4"}
I0607 02:02:06.609883       1 nodeutilization.go:201] "Pods on node" node="ip-172-31-16-198" allPods=4 nonRemovablePods=2 removablePods=2
I0607 02:02:06.609894       1 nodeutilization.go:217] "Evicting pods based on priority, if they have same priority, they'll be evicted based on QoS tiers"
E0607 02:02:06.613654       1 event_broadcaster.go:270] "Server rejected event (will not retry!)" err="events.events.k8s.io is forbidden: User \"system:serviceaccount:kube-system:descheduler\" cannot create resource \"events\" in API group \"events.k8s.io\" in the namespace \"defrag-exp\"" event="&Event{ObjectMeta:{s3-under-245-574b8b4b46-pzmcq.18b6aa18e765e332  defrag-exp    0 0001-01-01 00:00:00 +0000 UTC <nil> <nil> map[] map[] [] [] []},EventTime:2026-06-07 02:02:06.609751542 +0000 UTC m=+0.791953115,Series:nil,ReportingController:sigs.k8s.io.descheduler,ReportingInstance:sigs.k8s.io.descheduler-descheduler-job-5p2lj,Action:Descheduled,Reason:HighNodeUtilization,Regarding:{Pod defrag-exp s3-under-245-574b8b4b46-pzmcq 31427231-fa80-4f07-b36a-49650dd9e83a v1 345593 },Related:nil,Note:pod eviction from ip-172-31-1-245 node by sigs.k8s.io/descheduler,Type:Normal,DeprecatedSource:{ },DeprecatedFirstTimestamp:0001-01-01 00:00:00 +0000 UTC,DeprecatedLastTimestamp:0001-01-01 00:00:00 +0000 UTC,DeprecatedCount:0,}"
I0607 02:02:06.707194       1 evictions.go:558] "Evicted pod" pod="defrag-exp/s3-under-198-c45f6ffd9-h8g4h" reason="" strategy="HighNodeUtilization" node="ip-172-31-16-198" profile="default"
I0607 02:02:06.707247       1 nodeutilization.go:347] "Evicted pods" pod="defrag-exp/s3-under-198-c45f6ffd9-h8g4h"
I0607 02:02:06.707364       1 nodeutilization.go:356] "Updated node usage" node="ip-172-31-16-198" CPU=350 Mem=157286400 Pods=3
E0607 02:02:06.711041       1 event_broadcaster.go:270] "Server rejected event (will not retry!)" err="events.events.k8s.io is forbidden: User \"system:serviceaccount:kube-system:descheduler\" cannot create resource \"events\" in API group \"events.k8s.io\" in the namespace \"defrag-exp\"" event="&Event{ObjectMeta:{s3-under-198-c45f6ffd9-h8g4h.18b6aa18ed350244  defrag-exp    0 0001-01-01 00:00:00 +0000 UTC <nil> <nil> map[] map[] [] [] []},EventTime:2026-06-07 02:02:06.70721322 +0000 UTC m=+0.889414787,Series:nil,ReportingController:sigs.k8s.io.descheduler,ReportingInstance:sigs.k8s.io.descheduler-descheduler-job-5p2lj,Action:Descheduled,Reason:HighNodeUtilization,Regarding:{Pod defrag-exp s3-under-198-c45f6ffd9-h8g4h 36d96847-8831-42cc-8b42-01c94e4531bf v1 345632 },Related:nil,Note:pod eviction from ip-172-31-16-198 node by sigs.k8s.io/descheduler,Type:Normal,DeprecatedSource:{ },DeprecatedFirstTimestamp:0001-01-01 00:00:00 +0000 UTC,DeprecatedLastTimestamp:0001-01-01 00:00:00 +0000 UTC,DeprecatedCount:0,}"
I0607 02:02:06.806900       1 evictions.go:558] "Evicted pod" pod="defrag-exp/s3-under-198-c45f6ffd9-zblb9" reason="" strategy="HighNodeUtilization" node="ip-172-31-16-198" profile="default"
I0607 02:02:06.806955       1 nodeutilization.go:347] "Evicted pods" pod="defrag-exp/s3-under-198-c45f6ffd9-zblb9"
I0607 02:02:06.806969       1 nodeutilization.go:356] "Updated node usage" node="ip-172-31-16-198" CPU=100 Mem=52428800 Pods=2
I0607 02:02:06.807039       1 profile.go:425] "Total number of evictions/requests" extension point="Balance" evictedPods=4 evictionRequests=0
I0607 02:02:06.807066       1 descheduler.go:252] "Number of evictions/requests" totalEvicted=4 evictionRequests=0
E0607 02:02:06.808489       1 event_broadcaster.go:279] "Unable to write event (may retry after sleeping)" err="client rate limiter Wait returned an error: context canceled"
I0607 02:02:06.808596       1 reflector.go:373] "Stopping reflector" type="*v1.Pod" resyncPeriod="0s" reflector="k8s.io/client-go/informers/factory.go:161"
I0607 02:02:06.808732       1 reflector.go:373] "Stopping reflector" type="*v1.Node" resyncPeriod="0s" reflector="k8s.io/client-go/informers/factory.go:161"
I0607 02:02:06.808881       1 reflector.go:373] "Stopping reflector" type="*v1.PersistentVolumeClaim" resyncPeriod="0s" reflector="k8s.io/client-go/informers/factory.go:161"
I0607 02:02:06.809286       1 tlsconfig.go:258] "Shutting down DynamicServingCertificateController"
I0607 02:02:06.809419       1 secure_serving.go:259] Stopped listening on [::]:10258
