I0607 06:06:35.088431       1 feature_gate.go:466] feature gates: {map[]}
I0607 06:06:35.377617       1 secure_serving.go:57] Forcing use of http/1.1 only
I0607 06:06:35.378014       1 named_certificates.go:53] "Loaded SNI cert" index=0 certName="self-signed loopback" certDetail="\"apiserver-loopback-client@1780812395\" [serving] validServingFor=[apiserver-loopback-client] issuer=\"apiserver-loopback-client-ca@1780812395\" (2026-06-07 05:06:35 +0000 UTC to 2029-06-07 05:06:35 +0000 UTC (now=2026-06-07 06:06:35.377964732 +0000 UTC))"
I0607 06:06:35.378069       1 secure_serving.go:211] Serving securely on [::]:10258
I0607 06:06:35.378092       1 tracing.go:88] Did not find a trace collector endpoint defined. Switching to NoopTraceProvider
I0607 06:06:35.378133       1 tlsconfig.go:243] "Starting DynamicServingCertificateController"
I0607 06:06:35.378490       1 envvar.go:172] "Feature gate default state" feature="InformerResourceVersion" enabled=true
I0607 06:06:35.378609       1 envvar.go:172] "Feature gate default state" feature="WatchListClient" enabled=true
I0607 06:06:35.378635       1 envvar.go:172] "Feature gate default state" feature="ClientsAllowCBOR" enabled=false
I0607 06:06:35.378642       1 envvar.go:172] "Feature gate default state" feature="ClientsPreferCBOR" enabled=false
I0607 06:06:35.378649       1 envvar.go:172] "Feature gate default state" feature="InOrderInformers" enabled=true
I0607 06:06:35.378656       1 envvar.go:172] "Feature gate default state" feature="InOrderInformersBatchProcess" enabled=true
W0607 06:06:35.388209       1 descheduler.go:333] failed to convert Descheduler minor version '' to float: strconv.ParseFloat: parsing "": invalid syntax
I0607 06:06:35.398401       1 reflector.go:367] "Starting reflector" type="*v1.Pod" resyncPeriod="0s" reflector="k8s.io/client-go/informers/factory.go:161"
I0607 06:06:35.398426       1 reflector.go:411] "Listing and watching" type="*v1.Pod" reflector="k8s.io/client-go/informers/factory.go:161"
I0607 06:06:35.398527       1 reflector.go:367] "Starting reflector" type="*v1.PersistentVolumeClaim" resyncPeriod="0s" reflector="k8s.io/client-go/informers/factory.go:161"
I0607 06:06:35.398561       1 reflector.go:411] "Listing and watching" type="*v1.PersistentVolumeClaim" reflector="k8s.io/client-go/informers/factory.go:161"
I0607 06:06:35.398943       1 reflector.go:367] "Starting reflector" type="*v1.Node" resyncPeriod="0s" reflector="k8s.io/client-go/informers/factory.go:161"
I0607 06:06:35.398961       1 reflector.go:411] "Listing and watching" type="*v1.Node" reflector="k8s.io/client-go/informers/factory.go:161"
I0607 06:06:35.406751       1 reflector.go:446] "Caches populated" type="*v1.Node" reflector="k8s.io/client-go/informers/factory.go:161"
I0607 06:06:35.415596       1 reflector.go:446] "Caches populated" type="*v1.PersistentVolumeClaim" reflector="k8s.io/client-go/informers/factory.go:161"
I0607 06:06:35.418698       1 reflector.go:446] "Caches populated" type="*v1.Pod" reflector="k8s.io/client-go/informers/factory.go:161"
I0607 06:06:35.498436       1 descheduler.go:235] Resetting pod evictor counters
I0607 06:06:35.498520       1 resourcedefragmentationc2.go:129] "Starting ResourceDefragmentationC2 balance pass" plugin="ResourceDefragmentationC2" ExtensionPoint="Balance" nodeCount=7
I0607 06:06:35.498913       1 resourcedefragmentationc2.go:205] "Eviction decision" plugin="ResourceDefragmentationC2" ExtensionPoint="Balance" pod="defrag-exp/s2-mem-144-769fd78487-fprc4" originNode="ip-172-31-6-144" predictedTarget="ip-172-31-1-245"
I0607 06:06:35.523555       1 evictions.go:558] "Evicted pod" pod="defrag-exp/s2-mem-144-769fd78487-fprc4" reason="" strategy="ResourceDefragmentationC2" node="ip-172-31-6-144" profile="default"
I0607 06:06:35.523690       1 resourcedefragmentationc2.go:205] "Eviction decision" plugin="ResourceDefragmentationC2" ExtensionPoint="Balance" pod="defrag-exp/s2-mem-144-769fd78487-gs8dh" originNode="ip-172-31-6-144" predictedTarget="ip-172-31-1-245"
E0607 06:06:35.531862       1 event_broadcaster.go:270] "Server rejected event (will not retry!)" err="events.events.k8s.io is forbidden: User \"system:serviceaccount:kube-system:descheduler\" cannot create resource \"events\" in API group \"events.k8s.io\" in the namespace \"defrag-exp\"" event="&Event{ObjectMeta:{s2-mem-144-769fd78487-fprc4.18b6b77046cc237d  defrag-exp    0 0001-01-01 00:00:00 +0000 UTC <nil> <nil> map[] map[] [] [] []},EventTime:2026-06-07 06:06:35.523572392 +0000 UTC m=+0.472531688,Series:nil,ReportingController:sigs.k8s.io.descheduler,ReportingInstance:sigs.k8s.io.descheduler-descheduler-job-4bpv5,Action:Descheduled,Reason:ResourceDefragmentationC2,Regarding:{Pod defrag-exp s2-mem-144-769fd78487-fprc4 1a937c01-15f4-4558-b11a-bad9b55aea3c v1 377961 },Related:nil,Note:pod eviction from ip-172-31-6-144 node by sigs.k8s.io/descheduler,Type:Normal,DeprecatedSource:{ },DeprecatedFirstTimestamp:0001-01-01 00:00:00 +0000 UTC,DeprecatedLastTimestamp:0001-01-01 00:00:00 +0000 UTC,DeprecatedCount:0,}"
I0607 06:06:35.625085       1 evictions.go:558] "Evicted pod" pod="defrag-exp/s2-mem-144-769fd78487-gs8dh" reason="" strategy="ResourceDefragmentationC2" node="ip-172-31-6-144" profile="default"
I0607 06:06:35.625391       1 resourcedefragmentationc2.go:205] "Eviction decision" plugin="ResourceDefragmentationC2" ExtensionPoint="Balance" pod="defrag-exp/s2-mem-39-6c9ff4fc6d-hsp4n" originNode="ip-172-31-3-39" predictedTarget="ip-172-31-16-198"
E0607 06:06:35.629236       1 event_broadcaster.go:270] "Server rejected event (will not retry!)" err="events.events.k8s.io is forbidden: User \"system:serviceaccount:kube-system:descheduler\" cannot create resource \"events\" in API group \"events.k8s.io\" in the namespace \"defrag-exp\"" event="&Event{ObjectMeta:{s2-mem-144-769fd78487-gs8dh.18b6b7704cd93464  defrag-exp    0 0001-01-01 00:00:00 +0000 UTC <nil> <nil> map[] map[] [] [] []},EventTime:2026-06-07 06:06:35.625126471 +0000 UTC m=+0.574085770,Series:nil,ReportingController:sigs.k8s.io.descheduler,ReportingInstance:sigs.k8s.io.descheduler-descheduler-job-4bpv5,Action:Descheduled,Reason:ResourceDefragmentationC2,Regarding:{Pod defrag-exp s2-mem-144-769fd78487-gs8dh abd9fcb2-5082-4621-8eb4-297980a57797 v1 377965 },Related:nil,Note:pod eviction from ip-172-31-6-144 node by sigs.k8s.io/descheduler,Type:Normal,DeprecatedSource:{ },DeprecatedFirstTimestamp:0001-01-01 00:00:00 +0000 UTC,DeprecatedLastTimestamp:0001-01-01 00:00:00 +0000 UTC,DeprecatedCount:0,}"
I0607 06:06:35.735202       1 evictions.go:558] "Evicted pod" pod="defrag-exp/s2-mem-39-6c9ff4fc6d-hsp4n" reason="" strategy="ResourceDefragmentationC2" node="ip-172-31-3-39" profile="default"
I0607 06:06:35.735293       1 resourcedefragmentationc2.go:205] "Eviction decision" plugin="ResourceDefragmentationC2" ExtensionPoint="Balance" pod="defrag-exp/s2-mem-39-6c9ff4fc6d-r6fd4" originNode="ip-172-31-3-39" predictedTarget="ip-172-31-16-198"
E0607 06:06:35.742074       1 event_broadcaster.go:270] "Server rejected event (will not retry!)" err="events.events.k8s.io is forbidden: User \"system:serviceaccount:kube-system:descheduler\" cannot create resource \"events\" in API group \"events.k8s.io\" in the namespace \"defrag-exp\"" event="&Event{ObjectMeta:{s2-mem-39-6c9ff4fc6d-hsp4n.18b6b77053693689  defrag-exp    0 0001-01-01 00:00:00 +0000 UTC <nil> <nil> map[] map[] [] [] []},EventTime:2026-06-07 06:06:35.735224165 +0000 UTC m=+0.684183449,Series:nil,ReportingController:sigs.k8s.io.descheduler,ReportingInstance:sigs.k8s.io.descheduler-descheduler-job-4bpv5,Action:Descheduled,Reason:ResourceDefragmentationC2,Regarding:{Pod defrag-exp s2-mem-39-6c9ff4fc6d-hsp4n a19c862b-a299-4d0f-9658-b6715c0e0a36 v1 377878 },Related:nil,Note:pod eviction from ip-172-31-3-39 node by sigs.k8s.io/descheduler,Type:Normal,DeprecatedSource:{ },DeprecatedFirstTimestamp:0001-01-01 00:00:00 +0000 UTC,DeprecatedLastTimestamp:0001-01-01 00:00:00 +0000 UTC,DeprecatedCount:0,}"
I0607 06:06:35.825780       1 evictions.go:558] "Evicted pod" pod="defrag-exp/s2-mem-39-6c9ff4fc6d-r6fd4" reason="" strategy="ResourceDefragmentationC2" node="ip-172-31-3-39" profile="default"
I0607 06:06:35.826083       1 resourcedefragmentationc2.go:205] "Eviction decision" plugin="ResourceDefragmentationC2" ExtensionPoint="Balance" pod="defrag-exp/s2-mem-146-7ff7c4f86f-9d5jz" originNode="ip-172-31-31-146" predictedTarget="ip-172-31-19-34"
E0607 06:06:35.834185       1 event_broadcaster.go:270] "Server rejected event (will not retry!)" err="events.events.k8s.io is forbidden: User \"system:serviceaccount:kube-system:descheduler\" cannot create resource \"events\" in API group \"events.k8s.io\" in the namespace \"defrag-exp\"" event="&Event{ObjectMeta:{s2-mem-39-6c9ff4fc6d-r6fd4.18b6b77058d2da1b  defrag-exp    0 0001-01-01 00:00:00 +0000 UTC <nil> <nil> map[] map[] [] [] []},EventTime:2026-06-07 06:06:35.826035299 +0000 UTC m=+0.774994604,Series:nil,ReportingController:sigs.k8s.io.descheduler,ReportingInstance:sigs.k8s.io.descheduler-descheduler-job-4bpv5,Action:Descheduled,Reason:ResourceDefragmentationC2,Regarding:{Pod defrag-exp s2-mem-39-6c9ff4fc6d-r6fd4 98b29697-05b4-4c6a-95f3-253b6662ce4e v1 377873 },Related:nil,Note:pod eviction from ip-172-31-3-39 node by sigs.k8s.io/descheduler,Type:Normal,DeprecatedSource:{ },DeprecatedFirstTimestamp:0001-01-01 00:00:00 +0000 UTC,DeprecatedLastTimestamp:0001-01-01 00:00:00 +0000 UTC,DeprecatedCount:0,}"
I0607 06:06:35.925391       1 evictions.go:558] "Evicted pod" pod="defrag-exp/s2-mem-146-7ff7c4f86f-9d5jz" reason="" strategy="ResourceDefragmentationC2" node="ip-172-31-31-146" profile="default"
I0607 06:06:35.925485       1 resourcedefragmentationc2.go:205] "Eviction decision" plugin="ResourceDefragmentationC2" ExtensionPoint="Balance" pod="defrag-exp/s2-mem-146-7ff7c4f86f-j8rp4" originNode="ip-172-31-31-146" predictedTarget="ip-172-31-19-34"
E0607 06:06:35.930960       1 event_broadcaster.go:270] "Server rejected event (will not retry!)" err="events.events.k8s.io is forbidden: User \"system:serviceaccount:kube-system:descheduler\" cannot create resource \"events\" in API group \"events.k8s.io\" in the namespace \"defrag-exp\"" event="&Event{ObjectMeta:{s2-mem-146-7ff7c4f86f-9d5jz.18b6b7705ebf8f79  defrag-exp    0 0001-01-01 00:00:00 +0000 UTC <nil> <nil> map[] map[] [] [] []},EventTime:2026-06-07 06:06:35.925410298 +0000 UTC m=+0.874369594,Series:nil,ReportingController:sigs.k8s.io.descheduler,ReportingInstance:sigs.k8s.io.descheduler-descheduler-job-4bpv5,Action:Descheduled,Reason:ResourceDefragmentationC2,Regarding:{Pod defrag-exp s2-mem-146-7ff7c4f86f-9d5jz 5a4b6d01-ffb8-4b14-91df-2904b302cf39 v1 377922 },Related:nil,Note:pod eviction from ip-172-31-31-146 node by sigs.k8s.io/descheduler,Type:Normal,DeprecatedSource:{ },DeprecatedFirstTimestamp:0001-01-01 00:00:00 +0000 UTC,DeprecatedLastTimestamp:0001-01-01 00:00:00 +0000 UTC,DeprecatedCount:0,}"
I0607 06:06:36.029916       1 evictions.go:558] "Evicted pod" pod="defrag-exp/s2-mem-146-7ff7c4f86f-j8rp4" reason="" strategy="ResourceDefragmentationC2" node="ip-172-31-31-146" profile="default"
I0607 06:06:36.037327       1 profile.go:425] "Total number of evictions/requests" extension point="Balance" evictedPods=6 evictionRequests=0
I0607 06:06:36.037369       1 descheduler.go:252] "Number of evictions/requests" totalEvicted=6 evictionRequests=0
E0607 06:06:36.039268       1 event_broadcaster.go:279] "Unable to write event (may retry after sleeping)" err="client rate limiter Wait returned an error: context canceled"
I0607 06:06:36.040205       1 reflector.go:373] "Stopping reflector" type="*v1.Pod" resyncPeriod="0s" reflector="k8s.io/client-go/informers/factory.go:161"
I0607 06:06:36.041086       1 reflector.go:373] "Stopping reflector" type="*v1.PersistentVolumeClaim" resyncPeriod="0s" reflector="k8s.io/client-go/informers/factory.go:161"
I0607 06:06:36.041132       1 reflector.go:373] "Stopping reflector" type="*v1.Node" resyncPeriod="0s" reflector="k8s.io/client-go/informers/factory.go:161"
I0607 06:06:36.041582       1 secure_serving.go:259] Stopped listening on [::]:10258
I0607 06:06:36.041722       1 tlsconfig.go:258] "Shutting down DynamicServingCertificateController"
