I0606 04:39:45.637163       1 feature_gate.go:466] feature gates: {map[]}
I0606 04:39:45.789408       1 secure_serving.go:57] Forcing use of http/1.1 only
I0606 04:39:45.789769       1 named_certificates.go:53] "Loaded SNI cert" index=0 certName="self-signed loopback" certDetail="\"apiserver-loopback-client@1780720785\" [serving] validServingFor=[apiserver-loopback-client] issuer=\"apiserver-loopback-client-ca@1780720785\" (2026-06-06 03:39:45 +0000 UTC to 2029-06-06 03:39:45 +0000 UTC (now=2026-06-06 04:39:45.789719779 +0000 UTC))"
I0606 04:39:45.789826       1 secure_serving.go:211] Serving securely on [::]:10258
I0606 04:39:45.789846       1 tracing.go:88] Did not find a trace collector endpoint defined. Switching to NoopTraceProvider
I0606 04:39:45.789913       1 tlsconfig.go:243] "Starting DynamicServingCertificateController"
I0606 04:39:45.790403       1 envvar.go:172] "Feature gate default state" feature="ClientsAllowCBOR" enabled=false
I0606 04:39:45.790425       1 envvar.go:172] "Feature gate default state" feature="ClientsPreferCBOR" enabled=false
I0606 04:39:45.790433       1 envvar.go:172] "Feature gate default state" feature="InOrderInformers" enabled=true
I0606 04:39:45.790438       1 envvar.go:172] "Feature gate default state" feature="InOrderInformersBatchProcess" enabled=true
I0606 04:39:45.790445       1 envvar.go:172] "Feature gate default state" feature="InformerResourceVersion" enabled=true
I0606 04:39:45.790453       1 envvar.go:172] "Feature gate default state" feature="WatchListClient" enabled=true
W0606 04:39:45.798842       1 descheduler.go:333] failed to convert Descheduler minor version '' to float: strconv.ParseFloat: parsing "": invalid syntax
I0606 04:39:45.807710       1 reflector.go:367] "Starting reflector" type="*v1.PersistentVolumeClaim" resyncPeriod="0s" reflector="k8s.io/client-go/informers/factory.go:161"
I0606 04:39:45.807746       1 reflector.go:411] "Listing and watching" type="*v1.PersistentVolumeClaim" reflector="k8s.io/client-go/informers/factory.go:161"
I0606 04:39:45.807843       1 reflector.go:367] "Starting reflector" type="*v1.Pod" resyncPeriod="0s" reflector="k8s.io/client-go/informers/factory.go:161"
I0606 04:39:45.807906       1 reflector.go:411] "Listing and watching" type="*v1.Pod" reflector="k8s.io/client-go/informers/factory.go:161"
I0606 04:39:45.807710       1 reflector.go:367] "Starting reflector" type="*v1.Node" resyncPeriod="0s" reflector="k8s.io/client-go/informers/factory.go:161"
I0606 04:39:45.808013       1 reflector.go:411] "Listing and watching" type="*v1.Node" reflector="k8s.io/client-go/informers/factory.go:161"
I0606 04:39:45.812066       1 reflector.go:446] "Caches populated" type="*v1.PersistentVolumeClaim" reflector="k8s.io/client-go/informers/factory.go:161"
I0606 04:39:45.815496       1 reflector.go:446] "Caches populated" type="*v1.Node" reflector="k8s.io/client-go/informers/factory.go:161"
I0606 04:39:45.820373       1 reflector.go:446] "Caches populated" type="*v1.Pod" reflector="k8s.io/client-go/informers/factory.go:161"
I0606 04:39:45.907800       1 descheduler.go:235] Resetting pod evictor counters
I0606 04:39:45.908166       1 highnodeutilization.go:193] "Node has been classified" plugin="HighNodeUtilization" ExtensionPoint="Balance" category="underutilized" node="ip-172-31-16-198" usage={"cpu":"600m","memory":"250Mi","pods":"4"} usagePercentage={"cpu":30,"memory":31,"pods":4}
I0606 04:39:45.908253       1 highnodeutilization.go:193] "Node has been classified" plugin="HighNodeUtilization" ExtensionPoint="Balance" category="underutilized" node="ip-172-31-1-245" usage={"cpu":"600m","memory":"250Mi","pods":"4"} usagePercentage={"cpu":30,"memory":31,"pods":4}
I0606 04:39:45.908279       1 highnodeutilization.go:193] "Node has been classified" plugin="HighNodeUtilization" ExtensionPoint="Balance" category="overutilized" node="ip-172-31-31-146" usage={"cpu":"1700m","memory":"690Mi","pods":"5"} usagePercentage={"cpu":85,"memory":85,"pods":5}
I0606 04:39:45.908307       1 highnodeutilization.go:193] "Node has been classified" plugin="HighNodeUtilization" ExtensionPoint="Balance" category="overutilized" node="ip-172-31-6-144" usage={"cpu":"1700m","memory":"690Mi","pods":"4"} usagePercentage={"cpu":85,"memory":85,"pods":4}
I0606 04:39:45.908328       1 highnodeutilization.go:193] "Node has been classified" plugin="HighNodeUtilization" ExtensionPoint="Balance" category="overutilized" node="ip-172-31-84-108" usage={"cpu":"850m","memory":"220Mi","pods":"7"} usagePercentage={"cpu":43,"memory":6,"pods":6}
I0606 04:39:45.908347       1 highnodeutilization.go:193] "Node has been classified" plugin="HighNodeUtilization" ExtensionPoint="Balance" category="overutilized" node="ip-172-31-19-34" usage={"cpu":"1600m","memory":"90Mi","pods":"4"} usagePercentage={"cpu":80,"memory":11,"pods":4}
I0606 04:39:45.908370       1 highnodeutilization.go:193] "Node has been classified" plugin="HighNodeUtilization" ExtensionPoint="Balance" category="overutilized" node="ip-172-31-3-39" usage={"cpu":"1600m","memory":"90Mi","pods":"4"} usagePercentage={"cpu":80,"memory":11,"pods":4}
I0606 04:39:45.908396       1 highnodeutilization.go:217] "Criteria for a node below target utilization" plugin="HighNodeUtilization" ExtensionPoint="Balance" cpu="40.00%" memory="40.00%"
I0606 04:39:45.908428       1 highnodeutilization.go:218] "Number of underutilized nodes" plugin="HighNodeUtilization" ExtensionPoint="Balance" totalNumber=2
I0606 04:39:45.908455       1 nodeutilization.go:186] "Total capacity to be moved" CPU=2550 Mem=5531361280 Pods=526
I0606 04:39:45.908477       1 nodeutilization.go:194] "Evicting pods from node" node="ip-172-31-16-198" usage={"cpu":"600m","memory":"250Mi","pods":"4"}
I0606 04:39:45.908525       1 nodeutilization.go:201] "Pods on node" node="ip-172-31-16-198" allPods=4 nonRemovablePods=2 removablePods=2
I0606 04:39:45.908540       1 nodeutilization.go:217] "Evicting pods based on priority, if they have same priority, they'll be evicted based on QoS tiers"
I0606 04:39:45.932500       1 evictions.go:558] "Evicted pod" pod="defrag-exp/s3-under-198-c45f6ffd9-n9nqt" reason="" strategy="HighNodeUtilization" node="ip-172-31-16-198" profile="default"
I0606 04:39:45.932598       1 nodeutilization.go:347] "Evicted pods" pod="defrag-exp/s3-under-198-c45f6ffd9-n9nqt"
I0606 04:39:45.932612       1 nodeutilization.go:356] "Updated node usage" node="ip-172-31-16-198" CPU=350 Mem=157286400 Pods=3
E0606 04:39:45.937349       1 event_broadcaster.go:270] "Server rejected event (will not retry!)" err="events.events.k8s.io is forbidden: User \"system:serviceaccount:kube-system:descheduler\" cannot create resource \"events\" in API group \"events.k8s.io\" in the namespace \"defrag-exp\"" event="&Event{ObjectMeta:{s3-under-198-c45f6ffd9-n9nqt.18b6641ec1a9ec63  defrag-exp    0 0001-01-01 00:00:00 +0000 UTC <nil> <nil> map[] map[] [] [] []},EventTime:2026-06-06 04:39:45.932515778 +0000 UTC m=+0.334512638,Series:nil,ReportingController:sigs.k8s.io.descheduler,ReportingInstance:sigs.k8s.io.descheduler-descheduler-job-mrt9s,Action:Descheduled,Reason:HighNodeUtilization,Regarding:{Pod defrag-exp s3-under-198-c45f6ffd9-n9nqt 827c466f-c46b-4691-815a-1cbb00471d9e v1 227677 },Related:nil,Note:pod eviction from ip-172-31-16-198 node by sigs.k8s.io/descheduler,Type:Normal,DeprecatedSource:{ },DeprecatedFirstTimestamp:0001-01-01 00:00:00 +0000 UTC,DeprecatedLastTimestamp:0001-01-01 00:00:00 +0000 UTC,DeprecatedCount:0,}"
I0606 04:39:46.034988       1 evictions.go:558] "Evicted pod" pod="defrag-exp/s3-under-198-c45f6ffd9-qdfrb" reason="" strategy="HighNodeUtilization" node="ip-172-31-16-198" profile="default"
I0606 04:39:46.035094       1 nodeutilization.go:347] "Evicted pods" pod="defrag-exp/s3-under-198-c45f6ffd9-qdfrb"
I0606 04:39:46.035115       1 nodeutilization.go:356] "Updated node usage" node="ip-172-31-16-198" CPU=100 Mem=52428800 Pods=2
I0606 04:39:46.035163       1 nodeutilization.go:194] "Evicting pods from node" node="ip-172-31-1-245" usage={"cpu":"600m","memory":"250Mi","pods":"4"}
I0606 04:39:46.035359       1 nodeutilization.go:201] "Pods on node" node="ip-172-31-1-245" allPods=4 nonRemovablePods=2 removablePods=2
I0606 04:39:46.035407       1 nodeutilization.go:217] "Evicting pods based on priority, if they have same priority, they'll be evicted based on QoS tiers"
E0606 04:39:46.043640       1 event_broadcaster.go:270] "Server rejected event (will not retry!)" err="events.events.k8s.io is forbidden: User \"system:serviceaccount:kube-system:descheduler\" cannot create resource \"events\" in API group \"events.k8s.io\" in the namespace \"defrag-exp\"" event="&Event{ObjectMeta:{s3-under-198-c45f6ffd9-qdfrb.18b6641ec7c592f1  defrag-exp    0 0001-01-01 00:00:00 +0000 UTC <nil> <nil> map[] map[] [] [] []},EventTime:2026-06-06 04:39:46.035011135 +0000 UTC m=+0.437007992,Series:nil,ReportingController:sigs.k8s.io.descheduler,ReportingInstance:sigs.k8s.io.descheduler-descheduler-job-mrt9s,Action:Descheduled,Reason:HighNodeUtilization,Regarding:{Pod defrag-exp s3-under-198-c45f6ffd9-qdfrb 21f12c32-4203-4d8a-b35a-d582cebde8fa v1 227685 },Related:nil,Note:pod eviction from ip-172-31-16-198 node by sigs.k8s.io/descheduler,Type:Normal,DeprecatedSource:{ },DeprecatedFirstTimestamp:0001-01-01 00:00:00 +0000 UTC,DeprecatedLastTimestamp:0001-01-01 00:00:00 +0000 UTC,DeprecatedCount:0,}"
I0606 04:39:46.159613       1 evictions.go:558] "Evicted pod" pod="defrag-exp/s3-under-245-574b8b4b46-5tknn" reason="" strategy="HighNodeUtilization" node="ip-172-31-1-245" profile="default"
I0606 04:39:46.159685       1 nodeutilization.go:347] "Evicted pods" pod="defrag-exp/s3-under-245-574b8b4b46-5tknn"
I0606 04:39:46.159699       1 nodeutilization.go:356] "Updated node usage" node="ip-172-31-1-245" CPU=350 Mem=157286400 Pods=3
E0606 04:39:46.165302       1 event_broadcaster.go:270] "Server rejected event (will not retry!)" err="events.events.k8s.io is forbidden: User \"system:serviceaccount:kube-system:descheduler\" cannot create resource \"events\" in API group \"events.k8s.io\" in the namespace \"defrag-exp\"" event="&Event{ObjectMeta:{s3-under-245-574b8b4b46-5tknn.18b6641ecf332e17  defrag-exp    0 0001-01-01 00:00:00 +0000 UTC <nil> <nil> map[] map[] [] [] []},EventTime:2026-06-06 04:39:46.159635278 +0000 UTC m=+0.561632135,Series:nil,ReportingController:sigs.k8s.io.descheduler,ReportingInstance:sigs.k8s.io.descheduler-descheduler-job-mrt9s,Action:Descheduled,Reason:HighNodeUtilization,Regarding:{Pod defrag-exp s3-under-245-574b8b4b46-5tknn 5b64ad26-629f-4ca0-a7a3-0c5a2ba125c7 v1 227647 },Related:nil,Note:pod eviction from ip-172-31-1-245 node by sigs.k8s.io/descheduler,Type:Normal,DeprecatedSource:{ },DeprecatedFirstTimestamp:0001-01-01 00:00:00 +0000 UTC,DeprecatedLastTimestamp:0001-01-01 00:00:00 +0000 UTC,DeprecatedCount:0,}"
I0606 04:39:46.233835       1 evictions.go:558] "Evicted pod" pod="defrag-exp/s3-under-245-574b8b4b46-nfs5j" reason="" strategy="HighNodeUtilization" node="ip-172-31-1-245" profile="default"
I0606 04:39:46.233899       1 nodeutilization.go:347] "Evicted pods" pod="defrag-exp/s3-under-245-574b8b4b46-nfs5j"
I0606 04:39:46.233913       1 nodeutilization.go:356] "Updated node usage" node="ip-172-31-1-245" CPU=100 Mem=52428800 Pods=2
I0606 04:39:46.233957       1 profile.go:425] "Total number of evictions/requests" extension point="Balance" evictedPods=4 evictionRequests=0
I0606 04:39:46.234004       1 descheduler.go:252] "Number of evictions/requests" totalEvicted=4 evictionRequests=0
E0606 04:39:46.234294       1 event_broadcaster.go:279] "Unable to write event (may retry after sleeping)" err="client rate limiter Wait returned an error: context canceled"
I0606 04:39:46.234653       1 reflector.go:373] "Stopping reflector" type="*v1.Pod" resyncPeriod="0s" reflector="k8s.io/client-go/informers/factory.go:161"
I0606 04:39:46.234782       1 reflector.go:373] "Stopping reflector" type="*v1.Node" resyncPeriod="0s" reflector="k8s.io/client-go/informers/factory.go:161"
I0606 04:39:46.234909       1 reflector.go:373] "Stopping reflector" type="*v1.PersistentVolumeClaim" resyncPeriod="0s" reflector="k8s.io/client-go/informers/factory.go:161"
I0606 04:39:46.235264       1 secure_serving.go:259] Stopped listening on [::]:10258
I0606 04:39:46.235316       1 tlsconfig.go:258] "Shutting down DynamicServingCertificateController"
