I0607 06:58:36.490699       1 feature_gate.go:466] feature gates: {map[]}
I0607 06:58:36.603005       1 secure_serving.go:57] Forcing use of http/1.1 only
I0607 06:58:36.603526       1 named_certificates.go:53] "Loaded SNI cert" index=0 certName="self-signed loopback" certDetail="\"apiserver-loopback-client@1780815516\" [serving] validServingFor=[apiserver-loopback-client] issuer=\"apiserver-loopback-client-ca@1780815516\" (2026-06-07 05:58:36 +0000 UTC to 2029-06-07 05:58:36 +0000 UTC (now=2026-06-07 06:58:36.603485311 +0000 UTC))"
I0607 06:58:36.603582       1 secure_serving.go:211] Serving securely on [::]:10258
I0607 06:58:36.603667       1 tlsconfig.go:243] "Starting DynamicServingCertificateController"
I0607 06:58:36.603739       1 tracing.go:88] Did not find a trace collector endpoint defined. Switching to NoopTraceProvider
I0607 06:58:36.604257       1 envvar.go:172] "Feature gate default state" feature="WatchListClient" enabled=true
I0607 06:58:36.604286       1 envvar.go:172] "Feature gate default state" feature="ClientsAllowCBOR" enabled=false
I0607 06:58:36.604294       1 envvar.go:172] "Feature gate default state" feature="ClientsPreferCBOR" enabled=false
I0607 06:58:36.604300       1 envvar.go:172] "Feature gate default state" feature="InOrderInformers" enabled=true
I0607 06:58:36.604307       1 envvar.go:172] "Feature gate default state" feature="InOrderInformersBatchProcess" enabled=true
I0607 06:58:36.604390       1 envvar.go:172] "Feature gate default state" feature="InformerResourceVersion" enabled=true
W0607 06:58:36.613386       1 descheduler.go:333] failed to convert Descheduler minor version '' to float: strconv.ParseFloat: parsing "": invalid syntax
I0607 06:58:36.622933       1 reflector.go:367] "Starting reflector" type="*v1.Pod" resyncPeriod="0s" reflector="k8s.io/client-go/informers/factory.go:161"
I0607 06:58:36.622958       1 reflector.go:411] "Listing and watching" type="*v1.Pod" reflector="k8s.io/client-go/informers/factory.go:161"
I0607 06:58:36.623105       1 reflector.go:367] "Starting reflector" type="*v1.Node" resyncPeriod="0s" reflector="k8s.io/client-go/informers/factory.go:161"
I0607 06:58:36.623119       1 reflector.go:411] "Listing and watching" type="*v1.Node" reflector="k8s.io/client-go/informers/factory.go:161"
I0607 06:58:36.623387       1 reflector.go:367] "Starting reflector" type="*v1.PersistentVolumeClaim" resyncPeriod="0s" reflector="k8s.io/client-go/informers/factory.go:161"
I0607 06:58:36.623437       1 reflector.go:411] "Listing and watching" type="*v1.PersistentVolumeClaim" reflector="k8s.io/client-go/informers/factory.go:161"
I0607 06:58:36.629895       1 reflector.go:446] "Caches populated" type="*v1.Node" reflector="k8s.io/client-go/informers/factory.go:161"
I0607 06:58:36.631470       1 reflector.go:446] "Caches populated" type="*v1.PersistentVolumeClaim" reflector="k8s.io/client-go/informers/factory.go:161"
I0607 06:58:36.636186       1 reflector.go:446] "Caches populated" type="*v1.Pod" reflector="k8s.io/client-go/informers/factory.go:161"
I0607 06:58:36.723007       1 descheduler.go:235] Resetting pod evictor counters
I0607 06:58:36.723132       1 resourcedefragmentationc2.go:131] "Starting ResourceDefragmentationC2 balance pass" plugin="ResourceDefragmentationC2" ExtensionPoint="Balance" nodeCount=7
I0607 06:58:36.723420       1 resourcedefragmentationc2.go:207] "Eviction decision" plugin="ResourceDefragmentationC2" ExtensionPoint="Balance" pod="defrag-exp/s4-cpu-245-cccd9967b-4rstl" originNode="ip-172-31-1-245" predictedTarget="ip-172-31-31-146"
I0607 06:58:36.749446       1 evictions.go:558] "Evicted pod" pod="defrag-exp/s4-cpu-245-cccd9967b-4rstl" reason="" strategy="ResourceDefragmentationC2" node="ip-172-31-1-245" profile="default"
I0607 06:58:36.749564       1 resourcedefragmentationc2.go:207] "Eviction decision" plugin="ResourceDefragmentationC2" ExtensionPoint="Balance" pod="defrag-exp/s4-mem-39-5d5899dbd4-vhntb" originNode="ip-172-31-3-39" predictedTarget="ip-172-31-31-146"
E0607 06:58:36.763523       1 event_broadcaster.go:270] "Server rejected event (will not retry!)" err="events.events.k8s.io is forbidden: User \"system:serviceaccount:kube-system:descheduler\" cannot create resource \"events\" in API group \"events.k8s.io\" in the namespace \"defrag-exp\"" event="&Event{ObjectMeta:{s4-cpu-245-cccd9967b-4rstl.18b6ba46fe5b6837  defrag-exp    0 0001-01-01 00:00:00 +0000 UTC <nil> <nil> map[] map[] [] [] []},EventTime:2026-06-07 06:58:36.749466092 +0000 UTC m=+0.299008405,Series:nil,ReportingController:sigs.k8s.io.descheduler,ReportingInstance:sigs.k8s.io.descheduler-descheduler-job-rmmft,Action:Descheduled,Reason:ResourceDefragmentationC2,Regarding:{Pod defrag-exp s4-cpu-245-cccd9967b-4rstl 790ac5d2-7c5c-4a18-9835-0595af4a27ea v1 394226 },Related:nil,Note:pod eviction from ip-172-31-1-245 node by sigs.k8s.io/descheduler,Type:Normal,DeprecatedSource:{ },DeprecatedFirstTimestamp:0001-01-01 00:00:00 +0000 UTC,DeprecatedLastTimestamp:0001-01-01 00:00:00 +0000 UTC,DeprecatedCount:0,}"
I0607 06:58:36.863165       1 evictions.go:558] "Evicted pod" pod="defrag-exp/s4-mem-39-5d5899dbd4-vhntb" reason="" strategy="ResourceDefragmentationC2" node="ip-172-31-3-39" profile="default"
I0607 06:58:36.863230       1 resourcedefragmentationc2.go:207] "Eviction decision" plugin="ResourceDefragmentationC2" ExtensionPoint="Balance" pod="defrag-exp/s4-mem-39-5d5899dbd4-nkdcq" originNode="ip-172-31-3-39" predictedTarget="ip-172-31-1-245"
E0607 06:58:36.879403       1 event_broadcaster.go:270] "Server rejected event (will not retry!)" err="events.events.k8s.io is forbidden: User \"system:serviceaccount:kube-system:descheduler\" cannot create resource \"events\" in API group \"events.k8s.io\" in the namespace \"defrag-exp\"" event="&Event{ObjectMeta:{s4-mem-39-5d5899dbd4-vhntb.18b6ba4705226690  defrag-exp    0 0001-01-01 00:00:00 +0000 UTC <nil> <nil> map[] map[] [] [] []},EventTime:2026-06-07 06:58:36.863186188 +0000 UTC m=+0.412728499,Series:nil,ReportingController:sigs.k8s.io.descheduler,ReportingInstance:sigs.k8s.io.descheduler-descheduler-job-rmmft,Action:Descheduled,Reason:ResourceDefragmentationC2,Regarding:{Pod defrag-exp s4-mem-39-5d5899dbd4-vhntb 7016e290-16d1-449e-bf0c-6f2363da4c42 v1 394388 },Related:nil,Note:pod eviction from ip-172-31-3-39 node by sigs.k8s.io/descheduler,Type:Normal,DeprecatedSource:{ },DeprecatedFirstTimestamp:0001-01-01 00:00:00 +0000 UTC,DeprecatedLastTimestamp:0001-01-01 00:00:00 +0000 UTC,DeprecatedCount:0,}"
I0607 06:58:36.953769       1 evictions.go:558] "Evicted pod" pod="defrag-exp/s4-mem-39-5d5899dbd4-nkdcq" reason="" strategy="ResourceDefragmentationC2" node="ip-172-31-3-39" profile="default"
I0607 06:58:36.953849       1 resourcedefragmentationc2.go:207] "Eviction decision" plugin="ResourceDefragmentationC2" ExtensionPoint="Balance" pod="defrag-exp/s4-mem-39-5d5899dbd4-275pk" originNode="ip-172-31-3-39" predictedTarget="ip-172-31-1-245"
E0607 06:58:36.963173       1 event_broadcaster.go:270] "Server rejected event (will not retry!)" err="events.events.k8s.io is forbidden: User \"system:serviceaccount:kube-system:descheduler\" cannot create resource \"events\" in API group \"events.k8s.io\" in the namespace \"defrag-exp\"" event="&Event{ObjectMeta:{s4-mem-39-5d5899dbd4-nkdcq.18b6ba470a88eac5  defrag-exp    0 0001-01-01 00:00:00 +0000 UTC <nil> <nil> map[] map[] [] [] []},EventTime:2026-06-07 06:58:36.953792769 +0000 UTC m=+0.503335066,Series:nil,ReportingController:sigs.k8s.io.descheduler,ReportingInstance:sigs.k8s.io.descheduler-descheduler-job-rmmft,Action:Descheduled,Reason:ResourceDefragmentationC2,Regarding:{Pod defrag-exp s4-mem-39-5d5899dbd4-nkdcq 0e403d19-8b4e-41fb-b285-466cf88d2cbd v1 394384 },Related:nil,Note:pod eviction from ip-172-31-3-39 node by sigs.k8s.io/descheduler,Type:Normal,DeprecatedSource:{ },DeprecatedFirstTimestamp:0001-01-01 00:00:00 +0000 UTC,DeprecatedLastTimestamp:0001-01-01 00:00:00 +0000 UTC,DeprecatedCount:0,}"
I0607 06:58:37.060227       1 evictions.go:558] "Evicted pod" pod="defrag-exp/s4-mem-39-5d5899dbd4-275pk" reason="" strategy="ResourceDefragmentationC2" node="ip-172-31-3-39" profile="default"
I0607 06:58:37.060441       1 profile.go:425] "Total number of evictions/requests" extension point="Balance" evictedPods=4 evictionRequests=0
I0607 06:58:37.060522       1 descheduler.go:252] "Number of evictions/requests" totalEvicted=4 evictionRequests=0
E0607 06:58:37.060841       1 event_broadcaster.go:279] "Unable to write event (may retry after sleeping)" err="client rate limiter Wait returned an error: context canceled"
I0607 06:58:37.061300       1 reflector.go:373] "Stopping reflector" type="*v1.Pod" resyncPeriod="0s" reflector="k8s.io/client-go/informers/factory.go:161"
I0607 06:58:37.061485       1 reflector.go:373] "Stopping reflector" type="*v1.PersistentVolumeClaim" resyncPeriod="0s" reflector="k8s.io/client-go/informers/factory.go:161"
I0607 06:58:37.061666       1 reflector.go:373] "Stopping reflector" type="*v1.Node" resyncPeriod="0s" reflector="k8s.io/client-go/informers/factory.go:161"
I0607 06:58:37.062122       1 tlsconfig.go:258] "Shutting down DynamicServingCertificateController"
I0607 06:58:37.062345       1 secure_serving.go:259] Stopped listening on [::]:10258
