I0606 05:14:40.188194       1 feature_gate.go:466] feature gates: {map[]}
I0606 05:14:40.623736       1 secure_serving.go:57] Forcing use of http/1.1 only
I0606 05:14:40.625681       1 named_certificates.go:53] "Loaded SNI cert" index=0 certName="self-signed loopback" certDetail="\"apiserver-loopback-client@1780722880\" [serving] validServingFor=[apiserver-loopback-client] issuer=\"apiserver-loopback-client-ca@1780722880\" (2026-06-06 04:14:40 +0000 UTC to 2029-06-06 04:14:40 +0000 UTC (now=2026-06-06 05:14:40.624156514 +0000 UTC))"
I0606 05:14:40.625781       1 secure_serving.go:211] Serving securely on [::]:10258
I0606 05:14:40.625810       1 tracing.go:88] Did not find a trace collector endpoint defined. Switching to NoopTraceProvider
I0606 05:14:40.625901       1 tlsconfig.go:243] "Starting DynamicServingCertificateController"
I0606 05:14:40.631538       1 envvar.go:172] "Feature gate default state" feature="InOrderInformersBatchProcess" enabled=true
I0606 05:14:40.631583       1 envvar.go:172] "Feature gate default state" feature="InformerResourceVersion" enabled=true
I0606 05:14:40.631591       1 envvar.go:172] "Feature gate default state" feature="WatchListClient" enabled=true
I0606 05:14:40.631599       1 envvar.go:172] "Feature gate default state" feature="ClientsAllowCBOR" enabled=false
I0606 05:14:40.631610       1 envvar.go:172] "Feature gate default state" feature="ClientsPreferCBOR" enabled=false
I0606 05:14:40.631618       1 envvar.go:172] "Feature gate default state" feature="InOrderInformers" enabled=true
W0606 05:14:40.676255       1 descheduler.go:333] failed to convert Descheduler minor version '' to float: strconv.ParseFloat: parsing "": invalid syntax
I0606 05:14:40.692123       1 reflector.go:367] "Starting reflector" type="*v1.PersistentVolumeClaim" resyncPeriod="0s" reflector="k8s.io/client-go/informers/factory.go:161"
I0606 05:14:40.692152       1 reflector.go:411] "Listing and watching" type="*v1.PersistentVolumeClaim" reflector="k8s.io/client-go/informers/factory.go:161"
I0606 05:14:40.692182       1 reflector.go:367] "Starting reflector" type="*v1.Node" resyncPeriod="0s" reflector="k8s.io/client-go/informers/factory.go:161"
I0606 05:14:40.692195       1 reflector.go:411] "Listing and watching" type="*v1.Node" reflector="k8s.io/client-go/informers/factory.go:161"
I0606 05:14:40.692123       1 reflector.go:367] "Starting reflector" type="*v1.Pod" resyncPeriod="0s" reflector="k8s.io/client-go/informers/factory.go:161"
I0606 05:14:40.692320       1 reflector.go:411] "Listing and watching" type="*v1.Pod" reflector="k8s.io/client-go/informers/factory.go:161"
I0606 05:14:40.703279       1 reflector.go:446] "Caches populated" type="*v1.PersistentVolumeClaim" reflector="k8s.io/client-go/informers/factory.go:161"
I0606 05:14:40.707941       1 reflector.go:446] "Caches populated" type="*v1.Node" reflector="k8s.io/client-go/informers/factory.go:161"
I0606 05:14:40.714316       1 reflector.go:446] "Caches populated" type="*v1.Pod" reflector="k8s.io/client-go/informers/factory.go:161"
I0606 05:14:40.792493       1 descheduler.go:235] Resetting pod evictor counters
I0606 05:14:40.792575       1 resourcedefragmentation.go:158] "Starting resource defragmentation balance pass" plugin="ResourceDefragmentation" ExtensionPoint="Balance" nodeCount=7
I0606 05:14:40.792684       1 resourcedefragmentation.go:199] "Node state" plugin="ResourceDefragmentation" ExtensionPoint="Balance" node="ip-172-31-1-245" avgUtilization=0.5501781243982283 minUtilization=0.15035624879645676 binScore=0.37526718659734254 usageSource="requests"
I0606 05:14:40.792750       1 resourcedefragmentation.go:199] "Node state" plugin="ResourceDefragmentation" ExtensionPoint="Balance" node="ip-172-31-16-198" avgUtilization=0.5501784863204617 minUtilization=0.15035697264092354 binScore=0.37526772948069265 usageSource="requests"
I0606 05:14:40.792780       1 resourcedefragmentation.go:199] "Node state" plugin="ResourceDefragmentation" ExtensionPoint="Balance" node="ip-172-31-19-34" avgUtilization=0.5444848834970153 minUtilization=0.14 binScore=0.3677575582514924 usageSource="requests"
I0606 05:14:40.792802       1 resourcedefragmentation.go:199] "Node state" plugin="ResourceDefragmentation" ExtensionPoint="Balance" node="ip-172-31-3-39" avgUtilization=0.5444871677602916 minUtilization=0.14 binScore=0.36775641611985427 usageSource="requests"
I0606 05:14:40.792823       1 resourcedefragmentation.go:199] "Node state" plugin="ResourceDefragmentation" ExtensionPoint="Balance" node="ip-172-31-31-146" avgUtilization=0.5168910071249759 minUtilization=0.51 binScore=0.751554496437512 usageSource="requests"
I0606 05:14:40.792881       1 resourcedefragmentation.go:199] "Node state" plugin="ResourceDefragmentation" ExtensionPoint="Balance" node="ip-172-31-6-144" avgUtilization=0.055810855049369584 minUtilization=0.05 binScore=0.5220945724753152 usageSource="requests"
I0606 05:14:40.792908       1 resourcedefragmentation.go:165] "Skipping control-plane node" plugin="ResourceDefragmentation" ExtensionPoint="Balance" node="ip-172-31-84-108"
I0606 05:14:40.792997       1 resourcedefragmentation.go:237] "Node is a drain candidate" plugin="ResourceDefragmentation" ExtensionPoint="Balance" node="ip-172-31-1-245" avgUtilization=0.5501781243982283 binScore=0.37526718659734254 imbalanceIndex=0.7996437512035433 freeSpaceIndex=0.04248218756017716 priority=12.169460576875634
I0606 05:14:40.793087       1 resourcedefragmentation.go:237] "Node is a drain candidate" plugin="ResourceDefragmentation" ExtensionPoint="Balance" node="ip-172-31-16-198" avgUtilization=0.5501784863204617 binScore=0.37526772948069265 imbalanceIndex=0.7996430273590764 freeSpaceIndex=0.04248215136795383 priority=12.169470241973634
I0606 05:14:40.793150       1 resourcedefragmentation.go:237] "Node is a drain candidate" plugin="ResourceDefragmentation" ExtensionPoint="Balance" node="ip-172-31-19-34" avgUtilization=0.5444848834970153 binScore=0.3677575582514924 imbalanceIndex=-0.8089697669940304 freeSpaceIndex=0.04388600038513383 priority=11.79763975003293
I0606 05:14:40.793192       1 resourcedefragmentation.go:237] "Node is a drain candidate" plugin="ResourceDefragmentation" ExtensionPoint="Balance" node="ip-172-31-3-39" avgUtilization=0.5444871677602916 binScore=0.36775641611985427 imbalanceIndex=-0.8089743355205831 freeSpaceIndex=0.04388207145229854 priority=11.798662107840348
I0606 05:14:40.793311       1 resourcedefragmentation.go:260] "Draining under-utilized node" plugin="ResourceDefragmentation" ExtensionPoint="Balance" node="ip-172-31-16-198" priority=12.169470241973634
I0606 05:14:40.793344       1 resourcedefragmentation.go:757] "Candidate score inputs" plugin="ResourceDefragmentation" pod="defrag-exp/s4-cpu-198-c8bbfc967-bm7fg" originNode="ip-172-31-16-198" c1=0.0648722190650434 c2=0.7125202195262854 c3=0.2652453555043111 c4=0
I0606 05:14:40.793362       1 resourcedefragmentation.go:757] "Candidate score inputs" plugin="ResourceDefragmentation" pod="defrag-exp/s4-cpu-198-c8bbfc967-bwvn5" originNode="ip-172-31-16-198" c1=0.0648722190650434 c2=0.7125202195262854 c3=0.2652453555043111 c4=0
I0606 05:14:40.793388       1 resourcedefragmentation.go:757] "Candidate score inputs" plugin="ResourceDefragmentation" pod="defrag-exp/s4-cpu-198-c8bbfc967-wztv4" originNode="ip-172-31-16-198" c1=0.0648722190650434 c2=0.7125202195262854 c3=0.2652453555043111 c4=0
I0606 05:14:40.793413       1 resourcedefragmentation.go:278] "Eviction decision" plugin="ResourceDefragmentation" ExtensionPoint="Balance" pod="defrag-exp/s4-cpu-198-c8bbfc967-bm7fg" originNode="ip-172-31-16-198" predictedTarget="ip-172-31-31-146"
I0606 05:14:40.819068       1 evictions.go:558] "Evicted pod" pod="defrag-exp/s4-cpu-198-c8bbfc967-bm7fg" reason="" strategy="ResourceDefragmentation" node="ip-172-31-16-198" profile="default"
I0606 05:14:40.820853       1 resourcedefragmentation.go:757] "Candidate score inputs" plugin="ResourceDefragmentation" pod="defrag-exp/s4-cpu-198-c8bbfc967-bwvn5" originNode="ip-172-31-16-198" c1=0.04293386992362678 c2=-999.9 c3=0.282992408012748 c4=0
I0606 05:14:40.821156       1 resourcedefragmentation.go:757] "Candidate score inputs" plugin="ResourceDefragmentation" pod="defrag-exp/s4-cpu-198-c8bbfc967-wztv4" originNode="ip-172-31-16-198" c1=0.04293386992362678 c2=-999.9 c3=0.282992408012748 c4=0
I0606 05:14:40.821384       1 resourcedefragmentation.go:274] "No feasible scheduler target within ceiling; leaving pod in place" plugin="ResourceDefragmentation" ExtensionPoint="Balance" pod="defrag-exp/s4-cpu-198-c8bbfc967-bwvn5" originNode="ip-172-31-16-198"
I0606 05:14:40.821408       1 resourcedefragmentation.go:757] "Candidate score inputs" plugin="ResourceDefragmentation" pod="defrag-exp/s4-cpu-198-c8bbfc967-wztv4" originNode="ip-172-31-16-198" c1=0.04293386992362678 c2=-999.9 c3=0.282992408012748 c4=0
I0606 05:14:40.821426       1 resourcedefragmentation.go:274] "No feasible scheduler target within ceiling; leaving pod in place" plugin="ResourceDefragmentation" ExtensionPoint="Balance" pod="defrag-exp/s4-cpu-198-c8bbfc967-wztv4" originNode="ip-172-31-16-198"
I0606 05:14:40.821461       1 resourcedefragmentation.go:260] "Draining under-utilized node" plugin="ResourceDefragmentation" ExtensionPoint="Balance" node="ip-172-31-1-245" priority=12.169460576875634
I0606 05:14:40.821476       1 resourcedefragmentation.go:757] "Candidate score inputs" plugin="ResourceDefragmentation" pod="defrag-exp/s4-cpu-245-cccd9967b-tgjq9" originNode="ip-172-31-1-245" c1=0.06487231194772593 c2=-999.9 c3=0.2652455228191796 c4=0
I0606 05:14:40.821488       1 resourcedefragmentation.go:757] "Candidate score inputs" plugin="ResourceDefragmentation" pod="defrag-exp/s4-cpu-245-cccd9967b-8cmtk" originNode="ip-172-31-1-245" c1=0.06487231194772593 c2=-999.9 c3=0.2652455228191796 c4=0
I0606 05:14:40.821498       1 resourcedefragmentation.go:757] "Candidate score inputs" plugin="ResourceDefragmentation" pod="defrag-exp/s4-cpu-245-cccd9967b-9chxg" originNode="ip-172-31-1-245" c1=0.06487231194772593 c2=-999.9 c3=0.2652455228191796 c4=0
I0606 05:14:40.821515       1 resourcedefragmentation.go:274] "No feasible scheduler target within ceiling; leaving pod in place" plugin="ResourceDefragmentation" ExtensionPoint="Balance" pod="defrag-exp/s4-cpu-245-cccd9967b-tgjq9" originNode="ip-172-31-1-245"
I0606 05:14:40.821680       1 resourcedefragmentation.go:757] "Candidate score inputs" plugin="ResourceDefragmentation" pod="defrag-exp/s4-cpu-245-cccd9967b-8cmtk" originNode="ip-172-31-1-245" c1=0.06487231194772593 c2=-999.9 c3=0.2652455228191796 c4=0
I0606 05:14:40.821691       1 resourcedefragmentation.go:757] "Candidate score inputs" plugin="ResourceDefragmentation" pod="defrag-exp/s4-cpu-245-cccd9967b-9chxg" originNode="ip-172-31-1-245" c1=0.06487231194772593 c2=-999.9 c3=0.2652455228191796 c4=0
I0606 05:14:40.821704       1 resourcedefragmentation.go:274] "No feasible scheduler target within ceiling; leaving pod in place" plugin="ResourceDefragmentation" ExtensionPoint="Balance" pod="defrag-exp/s4-cpu-245-cccd9967b-8cmtk" originNode="ip-172-31-1-245"
I0606 05:14:40.821714       1 resourcedefragmentation.go:757] "Candidate score inputs" plugin="ResourceDefragmentation" pod="defrag-exp/s4-cpu-245-cccd9967b-9chxg" originNode="ip-172-31-1-245" c1=0.06487231194772593 c2=-999.9 c3=0.2652455228191796 c4=0
I0606 05:14:40.821727       1 resourcedefragmentation.go:274] "No feasible scheduler target within ceiling; leaving pod in place" plugin="ResourceDefragmentation" ExtensionPoint="Balance" pod="defrag-exp/s4-cpu-245-cccd9967b-9chxg" originNode="ip-172-31-1-245"
I0606 05:14:40.821740       1 resourcedefragmentation.go:260] "Draining under-utilized node" plugin="ResourceDefragmentation" ExtensionPoint="Balance" node="ip-172-31-3-39" priority=11.798662107840348
I0606 05:14:40.821754       1 resourcedefragmentation.go:757] "Candidate score inputs" plugin="ResourceDefragmentation" pod="defrag-exp/s4-mem-39-5d5899dbd4-5mdmz" originNode="ip-172-31-3-39" c1=0.06359733272103738 c2=0.9177142306951666 c3=0.2647787154761962 c4=0
I0606 05:14:40.821766       1 resourcedefragmentation.go:757] "Candidate score inputs" plugin="ResourceDefragmentation" pod="defrag-exp/s4-mem-39-5d5899dbd4-rpx6r" originNode="ip-172-31-3-39" c1=0.06359733272103738 c2=0.9177142306951666 c3=0.2647787154761962 c4=0
I0606 05:14:40.821779       1 resourcedefragmentation.go:757] "Candidate score inputs" plugin="ResourceDefragmentation" pod="defrag-exp/s4-mem-39-5d5899dbd4-7z4rb" originNode="ip-172-31-3-39" c1=0.06359733272103738 c2=0.9177142306951666 c3=0.2647787154761962 c4=0
I0606 05:14:40.821800       1 resourcedefragmentation.go:278] "Eviction decision" plugin="ResourceDefragmentation" ExtensionPoint="Balance" pod="defrag-exp/s4-mem-39-5d5899dbd4-5mdmz" originNode="ip-172-31-3-39" predictedTarget="ip-172-31-31-146"
E0606 05:14:40.828399       1 event_broadcaster.go:270] "Server rejected event (will not retry!)" err="events.events.k8s.io is forbidden: User \"system:serviceaccount:kube-system:descheduler\" cannot create resource \"events\" in API group \"events.k8s.io\" in the namespace \"defrag-exp\"" event="&Event{ObjectMeta:{s4-cpu-198-c8bbfc967-bm7fg.18b6660682bbce8c  defrag-exp    0 0001-01-01 00:00:00 +0000 UTC <nil> <nil> map[] map[] [] [] []},EventTime:2026-06-06 05:14:40.820090417 +0000 UTC m=+0.979944350,Series:nil,ReportingController:sigs.k8s.io.descheduler,ReportingInstance:sigs.k8s.io.descheduler-descheduler-job-jbdhm,Action:Descheduled,Reason:ResourceDefragmentation,Regarding:{Pod defrag-exp s4-cpu-198-c8bbfc967-bm7fg 1b76cdb7-7fac-4b45-b69b-c0fa9b8e0b6a v1 237662 },Related:nil,Note:pod eviction from ip-172-31-16-198 node by sigs.k8s.io/descheduler,Type:Normal,DeprecatedSource:{ },DeprecatedFirstTimestamp:0001-01-01 00:00:00 +0000 UTC,DeprecatedLastTimestamp:0001-01-01 00:00:00 +0000 UTC,DeprecatedCount:0,}"
I0606 05:14:40.919289       1 evictions.go:558] "Evicted pod" pod="defrag-exp/s4-mem-39-5d5899dbd4-5mdmz" reason="" strategy="ResourceDefragmentation" node="ip-172-31-3-39" profile="default"
I0606 05:14:40.919353       1 resourcedefragmentation.go:757] "Candidate score inputs" plugin="ResourceDefragmentation" pod="defrag-exp/s4-mem-39-5d5899dbd4-rpx6r" originNode="ip-172-31-3-39" c1=0.04270276784286004 c2=0.6424220702006076 c3=0.2825257679846331 c4=0
I0606 05:14:40.919378       1 resourcedefragmentation.go:757] "Candidate score inputs" plugin="ResourceDefragmentation" pod="defrag-exp/s4-mem-39-5d5899dbd4-7z4rb" originNode="ip-172-31-3-39" c1=0.04270276784286004 c2=0.6424220702006076 c3=0.2825257679846331 c4=0
I0606 05:14:40.919401       1 resourcedefragmentation.go:278] "Eviction decision" plugin="ResourceDefragmentation" ExtensionPoint="Balance" pod="defrag-exp/s4-mem-39-5d5899dbd4-rpx6r" originNode="ip-172-31-3-39" predictedTarget="ip-172-31-16-198"
E0606 05:14:40.921954       1 event_broadcaster.go:270] "Server rejected event (will not retry!)" err="events.events.k8s.io is forbidden: User \"system:serviceaccount:kube-system:descheduler\" cannot create resource \"events\" in API group \"events.k8s.io\" in the namespace \"defrag-exp\"" event="&Event{ObjectMeta:{s4-mem-39-5d5899dbd4-5mdmz.18b66606889b2fa2  defrag-exp    0 0001-01-01 00:00:00 +0000 UTC <nil> <nil> map[] map[] [] [] []},EventTime:2026-06-06 05:14:40.919309 +0000 UTC m=+1.079162857,Series:nil,ReportingController:sigs.k8s.io.descheduler,ReportingInstance:sigs.k8s.io.descheduler-descheduler-job-jbdhm,Action:Descheduled,Reason:ResourceDefragmentation,Regarding:{Pod defrag-exp s4-mem-39-5d5899dbd4-5mdmz 55f3efd6-9b11-467d-b970-8b469199ff5e v1 237775 },Related:nil,Note:pod eviction from ip-172-31-3-39 node by sigs.k8s.io/descheduler,Type:Normal,DeprecatedSource:{ },DeprecatedFirstTimestamp:0001-01-01 00:00:00 +0000 UTC,DeprecatedLastTimestamp:0001-01-01 00:00:00 +0000 UTC,DeprecatedCount:0,}"
I0606 05:14:41.029292       1 evictions.go:558] "Evicted pod" pod="defrag-exp/s4-mem-39-5d5899dbd4-rpx6r" reason="" strategy="ResourceDefragmentation" node="ip-172-31-3-39" profile="default"
I0606 05:14:41.029368       1 resourcedefragmentation.go:757] "Candidate score inputs" plugin="ResourceDefragmentation" pod="defrag-exp/s4-mem-39-5d5899dbd4-7z4rb" originNode="ip-172-31-3-39" c1=0.021808202964682687 c2=0.8544132578146437 c3=0.30027282049306997 c4=0
I0606 05:14:41.029400       1 resourcedefragmentation.go:278] "Eviction decision" plugin="ResourceDefragmentation" ExtensionPoint="Balance" pod="defrag-exp/s4-mem-39-5d5899dbd4-7z4rb" originNode="ip-172-31-3-39" predictedTarget="ip-172-31-16-198"
E0606 05:14:41.034663       1 event_broadcaster.go:270] "Server rejected event (will not retry!)" err="events.events.k8s.io is forbidden: User \"system:serviceaccount:kube-system:descheduler\" cannot create resource \"events\" in API group \"events.k8s.io\" in the namespace \"defrag-exp\"" event="&Event{ObjectMeta:{s4-mem-39-5d5899dbd4-rpx6r.18b666068f29c921  defrag-exp    0 0001-01-01 00:00:00 +0000 UTC <nil> <nil> map[] map[] [] [] []},EventTime:2026-06-06 05:14:41.029316597 +0000 UTC m=+1.189170458,Series:nil,ReportingController:sigs.k8s.io.descheduler,ReportingInstance:sigs.k8s.io.descheduler-descheduler-job-jbdhm,Action:Descheduled,Reason:ResourceDefragmentation,Regarding:{Pod defrag-exp s4-mem-39-5d5899dbd4-rpx6r caf01e90-27f5-4991-b07d-1c43546794b7 v1 237761 },Related:nil,Note:pod eviction from ip-172-31-3-39 node by sigs.k8s.io/descheduler,Type:Normal,DeprecatedSource:{ },DeprecatedFirstTimestamp:0001-01-01 00:00:00 +0000 UTC,DeprecatedLastTimestamp:0001-01-01 00:00:00 +0000 UTC,DeprecatedCount:0,}"
I0606 05:14:41.124487       1 evictions.go:558] "Evicted pod" pod="defrag-exp/s4-mem-39-5d5899dbd4-7z4rb" reason="" strategy="ResourceDefragmentation" node="ip-172-31-3-39" profile="default"
I0606 05:14:41.124567       1 resourcedefragmentation.go:260] "Draining under-utilized node" plugin="ResourceDefragmentation" ExtensionPoint="Balance" node="ip-172-31-19-34" priority=11.79763975003293
I0606 05:14:41.124841       1 resourcedefragmentation.go:757] "Candidate score inputs" plugin="ResourceDefragmentation" pod="defrag-exp/s4-mem-34-67b57f4875-szpw8" originNode="ip-172-31-19-34" c1=0.0635963266772205 c2=-999.9 c3=0.26477758521086076 c4=0
I0606 05:14:41.124969       1 resourcedefragmentation.go:757] "Candidate score inputs" plugin="ResourceDefragmentation" pod="defrag-exp/s4-mem-34-67b57f4875-7d27z" originNode="ip-172-31-19-34" c1=0.0635963266772205 c2=-999.9 c3=0.26477758521086076 c4=0
I0606 05:14:41.124991       1 resourcedefragmentation.go:757] "Candidate score inputs" plugin="ResourceDefragmentation" pod="defrag-exp/s4-mem-34-67b57f4875-gxs4v" originNode="ip-172-31-19-34" c1=0.0635963266772205 c2=-999.9 c3=0.26477758521086076 c4=0
I0606 05:14:41.125012       1 resourcedefragmentation.go:274] "No feasible scheduler target within ceiling; leaving pod in place" plugin="ResourceDefragmentation" ExtensionPoint="Balance" pod="defrag-exp/s4-mem-34-67b57f4875-szpw8" originNode="ip-172-31-19-34"
I0606 05:14:41.125027       1 resourcedefragmentation.go:757] "Candidate score inputs" plugin="ResourceDefragmentation" pod="defrag-exp/s4-mem-34-67b57f4875-7d27z" originNode="ip-172-31-19-34" c1=0.0635963266772205 c2=-999.9 c3=0.26477758521086076 c4=0
I0606 05:14:41.125043       1 resourcedefragmentation.go:757] "Candidate score inputs" plugin="ResourceDefragmentation" pod="defrag-exp/s4-mem-34-67b57f4875-gxs4v" originNode="ip-172-31-19-34" c1=0.0635963266772205 c2=-999.9 c3=0.26477758521086076 c4=0
I0606 05:14:41.125080       1 resourcedefragmentation.go:274] "No feasible scheduler target within ceiling; leaving pod in place" plugin="ResourceDefragmentation" ExtensionPoint="Balance" pod="defrag-exp/s4-mem-34-67b57f4875-7d27z" originNode="ip-172-31-19-34"
I0606 05:14:41.125091       1 resourcedefragmentation.go:757] "Candidate score inputs" plugin="ResourceDefragmentation" pod="defrag-exp/s4-mem-34-67b57f4875-gxs4v" originNode="ip-172-31-19-34" c1=0.0635963266772205 c2=-999.9 c3=0.26477758521086076 c4=0
I0606 05:14:41.125106       1 resourcedefragmentation.go:274] "No feasible scheduler target within ceiling; leaving pod in place" plugin="ResourceDefragmentation" ExtensionPoint="Balance" pod="defrag-exp/s4-mem-34-67b57f4875-gxs4v" originNode="ip-172-31-19-34"
I0606 05:14:41.125147       1 profile.go:425] "Total number of evictions/requests" extension point="Balance" evictedPods=4 evictionRequests=0
I0606 05:14:41.125175       1 descheduler.go:252] "Number of evictions/requests" totalEvicted=4 evictionRequests=0
E0606 05:14:41.125477       1 event_broadcaster.go:279] "Unable to write event (may retry after sleeping)" err="Post \"https://10.96.0.1:443/apis/events.k8s.io/v1/namespaces/defrag-exp/events\": context canceled"
I0606 05:14:41.125724       1 reflector.go:373] "Stopping reflector" type="*v1.Pod" resyncPeriod="0s" reflector="k8s.io/client-go/informers/factory.go:161"
I0606 05:14:41.125876       1 reflector.go:373] "Stopping reflector" type="*v1.Node" resyncPeriod="0s" reflector="k8s.io/client-go/informers/factory.go:161"
I0606 05:14:41.126016       1 reflector.go:373] "Stopping reflector" type="*v1.PersistentVolumeClaim" resyncPeriod="0s" reflector="k8s.io/client-go/informers/factory.go:161"
I0606 05:14:41.126370       1 tlsconfig.go:258] "Shutting down DynamicServingCertificateController"
I0606 05:14:41.126493       1 secure_serving.go:259] Stopped listening on [::]:10258
