I0607 02:05:03.541233       1 feature_gate.go:466] feature gates: {map[]}
I0607 02:05:03.739740       1 secure_serving.go:57] Forcing use of http/1.1 only
I0607 02:05:03.740174       1 named_certificates.go:53] "Loaded SNI cert" index=0 certName="self-signed loopback" certDetail="\"apiserver-loopback-client@1780797903\" [serving] validServingFor=[apiserver-loopback-client] issuer=\"apiserver-loopback-client-ca@1780797903\" (2026-06-07 01:05:03 +0000 UTC to 2029-06-07 01:05:03 +0000 UTC (now=2026-06-07 02:05:03.740101539 +0000 UTC))"
I0607 02:05:03.740260       1 secure_serving.go:211] Serving securely on [::]:10258
I0607 02:05:03.740303       1 tracing.go:88] Did not find a trace collector endpoint defined. Switching to NoopTraceProvider
I0607 02:05:03.740326       1 tlsconfig.go:243] "Starting DynamicServingCertificateController"
I0607 02:05:03.740726       1 envvar.go:172] "Feature gate default state" feature="InOrderInformers" enabled=true
I0607 02:05:03.740752       1 envvar.go:172] "Feature gate default state" feature="InOrderInformersBatchProcess" enabled=true
I0607 02:05:03.740760       1 envvar.go:172] "Feature gate default state" feature="InformerResourceVersion" enabled=true
I0607 02:05:03.740765       1 envvar.go:172] "Feature gate default state" feature="WatchListClient" enabled=true
I0607 02:05:03.740770       1 envvar.go:172] "Feature gate default state" feature="ClientsAllowCBOR" enabled=false
I0607 02:05:03.740777       1 envvar.go:172] "Feature gate default state" feature="ClientsPreferCBOR" enabled=false
W0607 02:05:03.750496       1 descheduler.go:333] failed to convert Descheduler minor version '' to float: strconv.ParseFloat: parsing "": invalid syntax
I0607 02:05:03.759228       1 reflector.go:367] "Starting reflector" type="*v1.Pod" resyncPeriod="0s" reflector="k8s.io/client-go/informers/factory.go:161"
I0607 02:05:03.759239       1 reflector.go:367] "Starting reflector" type="*v1.PersistentVolumeClaim" resyncPeriod="0s" reflector="k8s.io/client-go/informers/factory.go:161"
I0607 02:05:03.759256       1 reflector.go:411] "Listing and watching" type="*v1.Pod" reflector="k8s.io/client-go/informers/factory.go:161"
I0607 02:05:03.759299       1 reflector.go:367] "Starting reflector" type="*v1.Node" resyncPeriod="0s" reflector="k8s.io/client-go/informers/factory.go:161"
I0607 02:05:03.759308       1 reflector.go:411] "Listing and watching" type="*v1.Node" reflector="k8s.io/client-go/informers/factory.go:161"
I0607 02:05:03.759256       1 reflector.go:411] "Listing and watching" type="*v1.PersistentVolumeClaim" reflector="k8s.io/client-go/informers/factory.go:161"
I0607 02:05:03.767537       1 reflector.go:446] "Caches populated" type="*v1.PersistentVolumeClaim" reflector="k8s.io/client-go/informers/factory.go:161"
I0607 02:05:03.773995       1 reflector.go:446] "Caches populated" type="*v1.Node" reflector="k8s.io/client-go/informers/factory.go:161"
I0607 02:05:03.775132       1 reflector.go:446] "Caches populated" type="*v1.Pod" reflector="k8s.io/client-go/informers/factory.go:161"
I0607 02:05:03.859330       1 descheduler.go:235] Resetting pod evictor counters
I0607 02:05:03.859620       1 highnodeutilization.go:193] "Node has been classified" plugin="HighNodeUtilization" ExtensionPoint="Balance" category="underutilized" node="ip-172-31-6-144" usage={"cpu":"100m","memory":"50Mi","pods":"2"} usagePercentage={"cpu":5,"memory":6,"pods":2}
I0607 02:05:03.859745       1 highnodeutilization.go:193] "Node has been classified" plugin="HighNodeUtilization" ExtensionPoint="Balance" category="overutilized" node="ip-172-31-84-108" usage={"cpu":"850m","memory":"220Mi","pods":"7"} usagePercentage={"cpu":43,"memory":6,"pods":6}
I0607 02:05:03.859769       1 highnodeutilization.go:193] "Node has been classified" plugin="HighNodeUtilization" ExtensionPoint="Balance" category="overutilized" node="ip-172-31-1-245" usage={"cpu":"1900m","memory":"122Mi","pods":"6"} usagePercentage={"cpu":95,"memory":15,"pods":5}
I0607 02:05:03.859834       1 highnodeutilization.go:193] "Node has been classified" plugin="HighNodeUtilization" ExtensionPoint="Balance" category="overutilized" node="ip-172-31-16-198" usage={"cpu":"1900m","memory":"122Mi","pods":"5"} usagePercentage={"cpu":95,"memory":15,"pods":5}
I0607 02:05:03.859879       1 highnodeutilization.go:193] "Node has been classified" plugin="HighNodeUtilization" ExtensionPoint="Balance" category="overutilized" node="ip-172-31-19-34" usage={"cpu":"280m","memory":"770Mi","pods":"5"} usagePercentage={"cpu":14,"memory":95,"pods":5}
I0607 02:05:03.859899       1 highnodeutilization.go:193] "Node has been classified" plugin="HighNodeUtilization" ExtensionPoint="Balance" category="overutilized" node="ip-172-31-3-39" usage={"cpu":"280m","memory":"770Mi","pods":"5"} usagePercentage={"cpu":14,"memory":95,"pods":5}
I0607 02:05:03.859932       1 highnodeutilization.go:193] "Node has been classified" plugin="HighNodeUtilization" ExtensionPoint="Balance" category="overutilized" node="ip-172-31-31-146" usage={"cpu":"1020m","memory":"425Mi","pods":"3"} usagePercentage={"cpu":51,"memory":52,"pods":3}
I0607 02:05:03.859955       1 highnodeutilization.go:217] "Criteria for a node below target utilization" plugin="HighNodeUtilization" ExtensionPoint="Balance" cpu="40.00%" memory="40.00%"
I0607 02:05:03.860003       1 highnodeutilization.go:218] "Number of underutilized nodes" plugin="HighNodeUtilization" ExtensionPoint="Balance" totalNumber=1
I0607 02:05:03.860030       1 nodeutilization.go:186] "Total capacity to be moved" CPU=5770 Mem=5701509120 Pods=629
I0607 02:05:03.860046       1 nodeutilization.go:194] "Evicting pods from node" node="ip-172-31-6-144" usage={"cpu":"100m","memory":"50Mi","pods":"2"}
I0607 02:05:03.860094       1 nodeutilization.go:201] "Pods on node" node="ip-172-31-6-144" allPods=2 nonRemovablePods=2 removablePods=0
I0607 02:05:03.860105       1 nodeutilization.go:210] "No removable pods on node, try next node" node="ip-172-31-6-144"
I0607 02:05:03.860160       1 profile.go:425] "Total number of evictions/requests" extension point="Balance" evictedPods=0 evictionRequests=0
I0607 02:05:03.860183       1 descheduler.go:252] "Number of evictions/requests" totalEvicted=0 evictionRequests=0
I0607 02:05:03.860483       1 reflector.go:373] "Stopping reflector" type="*v1.Pod" resyncPeriod="0s" reflector="k8s.io/client-go/informers/factory.go:161"
I0607 02:05:03.860595       1 reflector.go:373] "Stopping reflector" type="*v1.Node" resyncPeriod="0s" reflector="k8s.io/client-go/informers/factory.go:161"
I0607 02:05:03.860699       1 reflector.go:373] "Stopping reflector" type="*v1.PersistentVolumeClaim" resyncPeriod="0s" reflector="k8s.io/client-go/informers/factory.go:161"
I0607 02:05:03.860972       1 tlsconfig.go:258] "Shutting down DynamicServingCertificateController"
I0607 02:05:03.861104       1 secure_serving.go:259] Stopped listening on [::]:10258
