I0607 07:01:03.358742       1 feature_gate.go:466] feature gates: {map[]}
I0607 07:01:03.505802       1 secure_serving.go:57] Forcing use of http/1.1 only
I0607 07:01:03.506206       1 named_certificates.go:53] "Loaded SNI cert" index=0 certName="self-signed loopback" certDetail="\"apiserver-loopback-client@1780815663\" [serving] validServingFor=[apiserver-loopback-client] issuer=\"apiserver-loopback-client-ca@1780815663\" (2026-06-07 06:01:03 +0000 UTC to 2029-06-07 06:01:03 +0000 UTC (now=2026-06-07 07:01:03.506159519 +0000 UTC))"
I0607 07:01:03.506258       1 secure_serving.go:211] Serving securely on [::]:10258
I0607 07:01:03.506283       1 tracing.go:88] Did not find a trace collector endpoint defined. Switching to NoopTraceProvider
I0607 07:01:03.506359       1 tlsconfig.go:243] "Starting DynamicServingCertificateController"
I0607 07:01:03.506688       1 envvar.go:172] "Feature gate default state" feature="InOrderInformers" enabled=true
I0607 07:01:03.506714       1 envvar.go:172] "Feature gate default state" feature="InOrderInformersBatchProcess" enabled=true
I0607 07:01:03.506722       1 envvar.go:172] "Feature gate default state" feature="InformerResourceVersion" enabled=true
I0607 07:01:03.506729       1 envvar.go:172] "Feature gate default state" feature="WatchListClient" enabled=true
I0607 07:01:03.506736       1 envvar.go:172] "Feature gate default state" feature="ClientsAllowCBOR" enabled=false
I0607 07:01:03.506742       1 envvar.go:172] "Feature gate default state" feature="ClientsPreferCBOR" enabled=false
W0607 07:01:03.516998       1 descheduler.go:333] failed to convert Descheduler minor version '' to float: strconv.ParseFloat: parsing "": invalid syntax
I0607 07:01:03.526467       1 reflector.go:367] "Starting reflector" type="*v1.PersistentVolumeClaim" resyncPeriod="0s" reflector="k8s.io/client-go/informers/factory.go:161"
I0607 07:01:03.526495       1 reflector.go:411] "Listing and watching" type="*v1.PersistentVolumeClaim" reflector="k8s.io/client-go/informers/factory.go:161"
I0607 07:01:03.527254       1 reflector.go:367] "Starting reflector" type="*v1.Pod" resyncPeriod="0s" reflector="k8s.io/client-go/informers/factory.go:161"
I0607 07:01:03.527278       1 reflector.go:411] "Listing and watching" type="*v1.Pod" reflector="k8s.io/client-go/informers/factory.go:161"
I0607 07:01:03.526470       1 reflector.go:367] "Starting reflector" type="*v1.Node" resyncPeriod="0s" reflector="k8s.io/client-go/informers/factory.go:161"
I0607 07:01:03.527869       1 reflector.go:411] "Listing and watching" type="*v1.Node" reflector="k8s.io/client-go/informers/factory.go:161"
I0607 07:01:03.533162       1 reflector.go:446] "Caches populated" type="*v1.PersistentVolumeClaim" reflector="k8s.io/client-go/informers/factory.go:161"
I0607 07:01:03.536774       1 reflector.go:446] "Caches populated" type="*v1.Node" reflector="k8s.io/client-go/informers/factory.go:161"
I0607 07:01:03.537217       1 reflector.go:446] "Caches populated" type="*v1.Pod" reflector="k8s.io/client-go/informers/factory.go:161"
I0607 07:01:03.627399       1 descheduler.go:235] Resetting pod evictor counters
I0607 07:01:03.627490       1 resourcedefragmentationc2.go:131] "Starting ResourceDefragmentationC2 balance pass" plugin="ResourceDefragmentationC2" ExtensionPoint="Balance" nodeCount=7
I0607 07:01:03.627773       1 resourcedefragmentationc2.go:207] "Eviction decision" plugin="ResourceDefragmentationC2" ExtensionPoint="Balance" pod="defrag-exp/s5-memskew-34-765f6f88c9-rth6m" originNode="ip-172-31-19-34" predictedTarget="ip-172-31-16-198"
I0607 07:01:03.669879       1 evictions.go:558] "Evicted pod" pod="defrag-exp/s5-memskew-34-765f6f88c9-rth6m" reason="" strategy="ResourceDefragmentationC2" node="ip-172-31-19-34" profile="default"
I0607 07:01:03.669987       1 resourcedefragmentationc2.go:207] "Eviction decision" plugin="ResourceDefragmentationC2" ExtensionPoint="Balance" pod="defrag-exp/s5-bal-245-7f97dc5789-s948h" originNode="ip-172-31-1-245" predictedTarget="ip-172-31-16-198"
E0607 07:01:03.687878       1 event_broadcaster.go:270] "Server rejected event (will not retry!)" err="events.events.k8s.io is forbidden: User \"system:serviceaccount:kube-system:descheduler\" cannot create resource \"events\" in API group \"events.k8s.io\" in the namespace \"defrag-exp\"" event="&Event{ObjectMeta:{s5-memskew-34-765f6f88c9-rth6m.18b6ba69337f48bb  defrag-exp    0 0001-01-01 00:00:00 +0000 UTC <nil> <nil> map[] map[] [] [] []},EventTime:2026-06-07 07:01:03.66990511 +0000 UTC m=+0.346136178,Series:nil,ReportingController:sigs.k8s.io.descheduler,ReportingInstance:sigs.k8s.io.descheduler-descheduler-job-jbfb9,Action:Descheduled,Reason:ResourceDefragmentationC2,Regarding:{Pod defrag-exp s5-memskew-34-765f6f88c9-rth6m f19414e0-7d6c-4037-b002-f7184df97bce v1 395395 },Related:nil,Note:pod eviction from ip-172-31-19-34 node by sigs.k8s.io/descheduler,Type:Normal,DeprecatedSource:{ },DeprecatedFirstTimestamp:0001-01-01 00:00:00 +0000 UTC,DeprecatedLastTimestamp:0001-01-01 00:00:00 +0000 UTC,DeprecatedCount:0,}"
I0607 07:01:03.766671       1 evictions.go:558] "Evicted pod" pod="defrag-exp/s5-bal-245-7f97dc5789-s948h" reason="" strategy="ResourceDefragmentationC2" node="ip-172-31-1-245" profile="default"
I0607 07:01:03.766780       1 resourcedefragmentationc2.go:207] "Eviction decision" plugin="ResourceDefragmentationC2" ExtensionPoint="Balance" pod="defrag-exp/s5-mem-245-76b5b55d77-mqzjn" originNode="ip-172-31-1-245" predictedTarget="ip-172-31-3-39"
E0607 07:01:03.774316       1 event_broadcaster.go:270] "Server rejected event (will not retry!)" err="events.events.k8s.io is forbidden: User \"system:serviceaccount:kube-system:descheduler\" cannot create resource \"events\" in API group \"events.k8s.io\" in the namespace \"defrag-exp\"" event="&Event{ObjectMeta:{s5-bal-245-7f97dc5789-s948h.18b6ba6939445e10  defrag-exp    0 0001-01-01 00:00:00 +0000 UTC <nil> <nil> map[] map[] [] [] []},EventTime:2026-06-07 07:01:03.766715995 +0000 UTC m=+0.442947057,Series:nil,ReportingController:sigs.k8s.io.descheduler,ReportingInstance:sigs.k8s.io.descheduler-descheduler-job-jbfb9,Action:Descheduled,Reason:ResourceDefragmentationC2,Regarding:{Pod defrag-exp s5-bal-245-7f97dc5789-s948h c1aed336-21d1-4ea5-a237-b437df363848 v1 395341 },Related:nil,Note:pod eviction from ip-172-31-1-245 node by sigs.k8s.io/descheduler,Type:Normal,DeprecatedSource:{ },DeprecatedFirstTimestamp:0001-01-01 00:00:00 +0000 UTC,DeprecatedLastTimestamp:0001-01-01 00:00:00 +0000 UTC,DeprecatedCount:0,}"
I0607 07:01:03.853367       1 evictions.go:558] "Evicted pod" pod="defrag-exp/s5-mem-245-76b5b55d77-mqzjn" reason="" strategy="ResourceDefragmentationC2" node="ip-172-31-1-245" profile="default"
I0607 07:01:03.853465       1 profile.go:425] "Total number of evictions/requests" extension point="Balance" evictedPods=3 evictionRequests=0
I0607 07:01:03.854092       1 descheduler.go:252] "Number of evictions/requests" totalEvicted=3 evictionRequests=0
E0607 07:01:03.855854       1 event_broadcaster.go:279] "Unable to write event (may retry after sleeping)" err="Post \"https://10.96.0.1:443/apis/events.k8s.io/v1/namespaces/defrag-exp/events\": context canceled"
I0607 07:01:03.855905       1 reflector.go:373] "Stopping reflector" type="*v1.Pod" resyncPeriod="0s" reflector="k8s.io/client-go/informers/factory.go:161"
I0607 07:01:03.855940       1 reflector.go:373] "Stopping reflector" type="*v1.Node" resyncPeriod="0s" reflector="k8s.io/client-go/informers/factory.go:161"
I0607 07:01:03.855960       1 reflector.go:373] "Stopping reflector" type="*v1.PersistentVolumeClaim" resyncPeriod="0s" reflector="k8s.io/client-go/informers/factory.go:161"
I0607 07:01:03.856232       1 secure_serving.go:259] Stopped listening on [::]:10258
