I0607 01:54:30.546186       1 feature_gate.go:466] feature gates: {map[]}
I0607 01:54:30.802960       1 secure_serving.go:57] Forcing use of http/1.1 only
I0607 01:54:30.803444       1 named_certificates.go:53] "Loaded SNI cert" index=0 certName="self-signed loopback" certDetail="\"apiserver-loopback-client@1780797270\" [serving] validServingFor=[apiserver-loopback-client] issuer=\"apiserver-loopback-client-ca@1780797270\" (2026-06-07 00:54:30 +0000 UTC to 2029-06-07 00:54:30 +0000 UTC (now=2026-06-07 01:54:30.803405434 +0000 UTC))"
I0607 01:54:30.803567       1 tlsconfig.go:243] "Starting DynamicServingCertificateController"
I0607 01:54:30.803588       1 secure_serving.go:211] Serving securely on [::]:10258
I0607 01:54:30.803610       1 tracing.go:88] Did not find a trace collector endpoint defined. Switching to NoopTraceProvider
I0607 01:54:30.804010       1 envvar.go:172] "Feature gate default state" feature="InformerResourceVersion" enabled=true
I0607 01:54:30.804032       1 envvar.go:172] "Feature gate default state" feature="WatchListClient" enabled=true
I0607 01:54:30.804039       1 envvar.go:172] "Feature gate default state" feature="ClientsAllowCBOR" enabled=false
I0607 01:54:30.804046       1 envvar.go:172] "Feature gate default state" feature="ClientsPreferCBOR" enabled=false
I0607 01:54:30.804053       1 envvar.go:172] "Feature gate default state" feature="InOrderInformers" enabled=true
I0607 01:54:30.804058       1 envvar.go:172] "Feature gate default state" feature="InOrderInformersBatchProcess" enabled=true
W0607 01:54:30.812684       1 descheduler.go:333] failed to convert Descheduler minor version '' to float: strconv.ParseFloat: parsing "": invalid syntax
I0607 01:54:30.822846       1 reflector.go:367] "Starting reflector" type="*v1.Pod" resyncPeriod="0s" reflector="k8s.io/client-go/informers/factory.go:161"
I0607 01:54:30.822867       1 reflector.go:411] "Listing and watching" type="*v1.Pod" reflector="k8s.io/client-go/informers/factory.go:161"
I0607 01:54:30.823120       1 reflector.go:367] "Starting reflector" type="*v1.PersistentVolumeClaim" resyncPeriod="0s" reflector="k8s.io/client-go/informers/factory.go:161"
I0607 01:54:30.823135       1 reflector.go:411] "Listing and watching" type="*v1.PersistentVolumeClaim" reflector="k8s.io/client-go/informers/factory.go:161"
I0607 01:54:30.823361       1 reflector.go:367] "Starting reflector" type="*v1.Node" resyncPeriod="0s" reflector="k8s.io/client-go/informers/factory.go:161"
I0607 01:54:30.823378       1 reflector.go:411] "Listing and watching" type="*v1.Node" reflector="k8s.io/client-go/informers/factory.go:161"
I0607 01:54:30.827457       1 reflector.go:446] "Caches populated" type="*v1.PersistentVolumeClaim" reflector="k8s.io/client-go/informers/factory.go:161"
I0607 01:54:30.829895       1 reflector.go:446] "Caches populated" type="*v1.Node" reflector="k8s.io/client-go/informers/factory.go:161"
I0607 01:54:30.832988       1 reflector.go:446] "Caches populated" type="*v1.Pod" reflector="k8s.io/client-go/informers/factory.go:161"
I0607 01:54:30.923172       1 descheduler.go:235] Resetting pod evictor counters
I0607 01:54:30.923244       1 resourcedefragmentation.go:158] "Starting resource defragmentation balance pass" plugin="ResourceDefragmentation" ExtensionPoint="Balance" nodeCount=7
I0607 01:54:30.923302       1 resourcedefragmentation.go:199] "Node state" plugin="ResourceDefragmentation" ExtensionPoint="Balance" node="ip-172-31-6-144" avgUtilization=0.05581634421856492 minUtilization=0.05 binScore=0.5220918278907175 usageSource="requests"
I0607 01:54:30.923321       1 resourcedefragmentation.go:165] "Skipping control-plane node" plugin="ResourceDefragmentation" ExtensionPoint="Balance" node="ip-172-31-84-108"
I0607 01:54:30.923346       1 resourcedefragmentation.go:199] "Node state" plugin="ResourceDefragmentation" ExtensionPoint="Balance" node="ip-172-31-1-245" avgUtilization=0.9367223725581776 minUtilization=0.875 binScore=0.9066388137209112 usageSource="requests"
I0607 01:54:30.923366       1 resourcedefragmentation.go:199] "Node state" plugin="ResourceDefragmentation" ExtensionPoint="Balance" node="ip-172-31-16-198" avgUtilization=0.9366358517997873 minUtilization=0.875 binScore=0.9066820741001065 usageSource="requests"
I0607 01:54:30.923387       1 resourcedefragmentation.go:199] "Node state" plugin="ResourceDefragmentation" ExtensionPoint="Balance" node="ip-172-31-19-34" avgUtilization=0.4554595390888653 minUtilization=0.11091907817773049 binScore=0.38318930863329786 usageSource="requests"
I0607 01:54:30.923412       1 resourcedefragmentation.go:199] "Node state" plugin="ResourceDefragmentation" ExtensionPoint="Balance" node="ip-172-31-3-39" avgUtilization=0.055810706720585405 minUtilization=0.05 binScore=0.5220946466397073 usageSource="requests"
I0607 01:54:30.923438       1 resourcedefragmentation.go:199] "Node state" plugin="ResourceDefragmentation" ExtensionPoint="Balance" node="ip-172-31-31-146" avgUtilization=0.055810855049369584 minUtilization=0.05 binScore=0.5220945724753152 usageSource="requests"
I0607 01:54:30.923501       1 resourcedefragmentation.go:237] "Node is a drain candidate" plugin="ResourceDefragmentation" ExtensionPoint="Balance" node="ip-172-31-19-34" avgUtilization=0.4554595390888653 binScore=0.38318930863329786 imbalanceIndex=0.6890809218222695 freeSpaceIndex=0.1778161843644539 priority=3.15643298636318
I0607 01:54:30.923549       1 resourcedefragmentation.go:260] "Draining under-utilized node" plugin="ResourceDefragmentation" ExtensionPoint="Balance" node="ip-172-31-19-34" priority=3.15643298636318
I0607 01:54:30.923580       1 resourcedefragmentation.go:757] "Candidate score inputs" plugin="ResourceDefragmentation" pod="defrag-exp/s2-cpu-34-6694c57846-4z5b6" originNode="ip-172-31-19-34" c1=0.09053265291139108 c2=-999.9 c3=0.3475783390060611 c4=0
I0607 01:54:30.923594       1 resourcedefragmentation.go:757] "Candidate score inputs" plugin="ResourceDefragmentation" pod="defrag-exp/s2-cpu-34-6694c57846-4r682" originNode="ip-172-31-19-34" c1=0.09053265291139108 c2=-999.9 c3=0.3475783390060611 c4=0
I0607 01:54:30.923613       1 resourcedefragmentation.go:274] "No feasible scheduler target within ceiling; leaving pod in place" plugin="ResourceDefragmentation" ExtensionPoint="Balance" pod="defrag-exp/s2-cpu-34-6694c57846-4z5b6" originNode="ip-172-31-19-34"
I0607 01:54:30.923624       1 resourcedefragmentation.go:757] "Candidate score inputs" plugin="ResourceDefragmentation" pod="defrag-exp/s2-cpu-34-6694c57846-4r682" originNode="ip-172-31-19-34" c1=0.09053265291139108 c2=-999.9 c3=0.3475783390060611 c4=0
I0607 01:54:30.923637       1 resourcedefragmentation.go:274] "No feasible scheduler target within ceiling; leaving pod in place" plugin="ResourceDefragmentation" ExtensionPoint="Balance" pod="defrag-exp/s2-cpu-34-6694c57846-4r682" originNode="ip-172-31-19-34"
I0607 01:54:30.923675       1 profile.go:425] "Total number of evictions/requests" extension point="Balance" evictedPods=0 evictionRequests=0
I0607 01:54:30.923702       1 descheduler.go:252] "Number of evictions/requests" totalEvicted=0 evictionRequests=0
I0607 01:54:30.923896       1 reflector.go:373] "Stopping reflector" type="*v1.Pod" resyncPeriod="0s" reflector="k8s.io/client-go/informers/factory.go:161"
I0607 01:54:30.924053       1 reflector.go:373] "Stopping reflector" type="*v1.Node" resyncPeriod="0s" reflector="k8s.io/client-go/informers/factory.go:161"
I0607 01:54:30.924153       1 reflector.go:373] "Stopping reflector" type="*v1.PersistentVolumeClaim" resyncPeriod="0s" reflector="k8s.io/client-go/informers/factory.go:161"
I0607 01:54:30.924519       1 tlsconfig.go:258] "Shutting down DynamicServingCertificateController"
I0607 01:54:30.924673       1 secure_serving.go:259] Stopped listening on [::]:10258
