I0607 01:54:04.924862       1 feature_gate.go:466] feature gates: {map[]}
I0607 01:54:05.014972       1 secure_serving.go:57] Forcing use of http/1.1 only
I0607 01:54:05.015349       1 named_certificates.go:53] "Loaded SNI cert" index=0 certName="self-signed loopback" certDetail="\"apiserver-loopback-client@1780797245\" [serving] validServingFor=[apiserver-loopback-client] issuer=\"apiserver-loopback-client-ca@1780797244\" (2026-06-07 00:54:04 +0000 UTC to 2029-06-07 00:54:04 +0000 UTC (now=2026-06-07 01:54:05.015295872 +0000 UTC))"
I0607 01:54:05.015401       1 secure_serving.go:211] Serving securely on [::]:10258
I0607 01:54:05.015451       1 tracing.go:88] Did not find a trace collector endpoint defined. Switching to NoopTraceProvider
I0607 01:54:05.015493       1 tlsconfig.go:243] "Starting DynamicServingCertificateController"
I0607 01:54:05.015945       1 envvar.go:172] "Feature gate default state" feature="InformerResourceVersion" enabled=true
I0607 01:54:05.015971       1 envvar.go:172] "Feature gate default state" feature="WatchListClient" enabled=true
I0607 01:54:05.015980       1 envvar.go:172] "Feature gate default state" feature="ClientsAllowCBOR" enabled=false
I0607 01:54:05.015987       1 envvar.go:172] "Feature gate default state" feature="ClientsPreferCBOR" enabled=false
I0607 01:54:05.015994       1 envvar.go:172] "Feature gate default state" feature="InOrderInformers" enabled=true
I0607 01:54:05.016000       1 envvar.go:172] "Feature gate default state" feature="InOrderInformersBatchProcess" enabled=true
W0607 01:54:05.027276       1 descheduler.go:333] failed to convert Descheduler minor version '' to float: strconv.ParseFloat: parsing "": invalid syntax
I0607 01:54:05.035902       1 reflector.go:367] "Starting reflector" type="*v1.PersistentVolumeClaim" resyncPeriod="0s" reflector="k8s.io/client-go/informers/factory.go:161"
I0607 01:54:05.035962       1 reflector.go:411] "Listing and watching" type="*v1.PersistentVolumeClaim" reflector="k8s.io/client-go/informers/factory.go:161"
I0607 01:54:05.035987       1 reflector.go:367] "Starting reflector" type="*v1.Node" resyncPeriod="0s" reflector="k8s.io/client-go/informers/factory.go:161"
I0607 01:54:05.036016       1 reflector.go:411] "Listing and watching" type="*v1.Node" reflector="k8s.io/client-go/informers/factory.go:161"
I0607 01:54:05.035902       1 reflector.go:367] "Starting reflector" type="*v1.Pod" resyncPeriod="0s" reflector="k8s.io/client-go/informers/factory.go:161"
I0607 01:54:05.036204       1 reflector.go:411] "Listing and watching" type="*v1.Pod" reflector="k8s.io/client-go/informers/factory.go:161"
I0607 01:54:05.039792       1 reflector.go:446] "Caches populated" type="*v1.PersistentVolumeClaim" reflector="k8s.io/client-go/informers/factory.go:161"
I0607 01:54:05.040944       1 reflector.go:446] "Caches populated" type="*v1.Node" reflector="k8s.io/client-go/informers/factory.go:161"
I0607 01:54:05.049495       1 reflector.go:446] "Caches populated" type="*v1.Pod" reflector="k8s.io/client-go/informers/factory.go:161"
I0607 01:54:05.136721       1 descheduler.go:235] Resetting pod evictor counters
I0607 01:54:05.136795       1 resourcedefragmentation.go:158] "Starting resource defragmentation balance pass" plugin="ResourceDefragmentation" ExtensionPoint="Balance" nodeCount=7
I0607 01:54:05.136876       1 resourcedefragmentation.go:199] "Node state" plugin="ResourceDefragmentation" ExtensionPoint="Balance" node="ip-172-31-31-146" avgUtilization=0.37659506352331756 minUtilization=0.1 binScore=0.4117024682383412 usageSource="requests"
I0607 01:54:05.136904       1 resourcedefragmentation.go:199] "Node state" plugin="ResourceDefragmentation" ExtensionPoint="Balance" node="ip-172-31-6-144" avgUtilization=0.3766532487167882 minUtilization=0.1 binScore=0.4116733756416059 usageSource="requests"
I0607 01:54:05.136915       1 resourcedefragmentation.go:165] "Skipping control-plane node" plugin="ResourceDefragmentation" ExtensionPoint="Balance" node="ip-172-31-84-108"
I0607 01:54:05.136938       1 resourcedefragmentation.go:199] "Node state" plugin="ResourceDefragmentation" ExtensionPoint="Balance" node="ip-172-31-1-245" avgUtilization=0.4554691525064642 minUtilization=0.11093830501292835 binScore=0.3832037287596962 usageSource="requests"
I0607 01:54:05.136956       1 resourcedefragmentation.go:199] "Node state" plugin="ResourceDefragmentation" ExtensionPoint="Balance" node="ip-172-31-16-198" avgUtilization=0.4554595390888653 minUtilization=0.11091907817773049 binScore=0.38318930863329786 usageSource="requests"
I0607 01:54:05.136972       1 resourcedefragmentation.go:199] "Node state" plugin="ResourceDefragmentation" ExtensionPoint="Balance" node="ip-172-31-19-34" avgUtilization=0.4554595390888653 minUtilization=0.11091907817773049 binScore=0.38318930863329786 usageSource="requests"
I0607 01:54:05.136990       1 resourcedefragmentation.go:199] "Node state" plugin="ResourceDefragmentation" ExtensionPoint="Balance" node="ip-172-31-3-39" avgUtilization=0.3765934912382053 minUtilization=0.1 binScore=0.41170325438089733 usageSource="requests"
I0607 01:54:05.137090       1 resourcedefragmentation.go:237] "Node is a drain candidate" plugin="ResourceDefragmentation" ExtensionPoint="Balance" node="ip-172-31-31-146" avgUtilization=0.37659506352331756 binScore=0.4117024682383412 imbalanceIndex=-0.5531901270466352 freeSpaceIndex=0.31212888565802843 priority=1.8784974276243283
I0607 01:54:05.137193       1 resourcedefragmentation.go:237] "Node is a drain candidate" plugin="ResourceDefragmentation" ExtensionPoint="Balance" node="ip-172-31-6-144" avgUtilization=0.3766532487167882 binScore=0.4116733756416059 imbalanceIndex=-0.5533064974335764 freeSpaceIndex=0.3120241523097813 priority=1.879093303880691
I0607 01:54:05.137234       1 resourcedefragmentation.go:237] "Node is a drain candidate" plugin="ResourceDefragmentation" ExtensionPoint="Balance" node="ip-172-31-1-245" avgUtilization=0.4554691525064642 binScore=0.3832037287596962 imbalanceIndex=0.6890616949870717 freeSpaceIndex=0.17781233899741433 priority=3.1564841828921297
I0607 01:54:05.137271       1 resourcedefragmentation.go:237] "Node is a drain candidate" plugin="ResourceDefragmentation" ExtensionPoint="Balance" node="ip-172-31-16-198" avgUtilization=0.4554595390888653 binScore=0.38318930863329786 imbalanceIndex=0.6890809218222695 freeSpaceIndex=0.1778161843644539 priority=3.15643298636318
I0607 01:54:05.137307       1 resourcedefragmentation.go:237] "Node is a drain candidate" plugin="ResourceDefragmentation" ExtensionPoint="Balance" node="ip-172-31-19-34" avgUtilization=0.4554595390888653 binScore=0.38318930863329786 imbalanceIndex=0.6890809218222695 freeSpaceIndex=0.1778161843644539 priority=3.15643298636318
I0607 01:54:05.137339       1 resourcedefragmentation.go:237] "Node is a drain candidate" plugin="ResourceDefragmentation" ExtensionPoint="Balance" node="ip-172-31-3-39" avgUtilization=0.3765934912382053 binScore=0.41170325438089733 imbalanceIndex=-0.5531869824764106 freeSpaceIndex=0.3121317157712305 priority=1.878481330813836
I0607 01:54:05.137364       1 resourcedefragmentation.go:260] "Draining under-utilized node" plugin="ResourceDefragmentation" ExtensionPoint="Balance" node="ip-172-31-1-245" priority=3.1564841828921297
I0607 01:54:05.137393       1 resourcedefragmentation.go:757] "Candidate score inputs" plugin="ResourceDefragmentation" pod="defrag-exp/s2-cpu-245-846fcd67f4-86xvq" originNode="ip-172-31-1-245" c1=0.09052902281662353 c2=-999.9 c3=0.3475735857051372 c4=0
I0607 01:54:05.137423       1 resourcedefragmentation.go:757] "Candidate score inputs" plugin="ResourceDefragmentation" pod="defrag-exp/s2-cpu-245-846fcd67f4-j4w2c" originNode="ip-172-31-1-245" c1=0.09052902281662353 c2=-999.9 c3=0.3475735857051372 c4=0
I0607 01:54:05.137443       1 resourcedefragmentation.go:274] "No feasible scheduler target within ceiling; leaving pod in place" plugin="ResourceDefragmentation" ExtensionPoint="Balance" pod="defrag-exp/s2-cpu-245-846fcd67f4-86xvq" originNode="ip-172-31-1-245"
I0607 01:54:05.137461       1 resourcedefragmentation.go:757] "Candidate score inputs" plugin="ResourceDefragmentation" pod="defrag-exp/s2-cpu-245-846fcd67f4-j4w2c" originNode="ip-172-31-1-245" c1=0.09052902281662353 c2=-999.9 c3=0.3475735857051372 c4=0
I0607 01:54:05.137478       1 resourcedefragmentation.go:274] "No feasible scheduler target within ceiling; leaving pod in place" plugin="ResourceDefragmentation" ExtensionPoint="Balance" pod="defrag-exp/s2-cpu-245-846fcd67f4-j4w2c" originNode="ip-172-31-1-245"
I0607 01:54:05.137498       1 resourcedefragmentation.go:260] "Draining under-utilized node" plugin="ResourceDefragmentation" ExtensionPoint="Balance" node="ip-172-31-16-198" priority=3.15643298636318
I0607 01:54:05.137511       1 resourcedefragmentation.go:757] "Candidate score inputs" plugin="ResourceDefragmentation" pod="defrag-exp/s2-cpu-198-7f87654f6f-tghhk" originNode="ip-172-31-16-198" c1=0.09053265291139108 c2=-999.9 c3=0.3475783390060611 c4=0
I0607 01:54:05.137527       1 resourcedefragmentation.go:757] "Candidate score inputs" plugin="ResourceDefragmentation" pod="defrag-exp/s2-cpu-198-7f87654f6f-zkc45" originNode="ip-172-31-16-198" c1=0.09053265291139108 c2=-999.9 c3=0.3475783390060611 c4=0
I0607 01:54:05.137542       1 resourcedefragmentation.go:274] "No feasible scheduler target within ceiling; leaving pod in place" plugin="ResourceDefragmentation" ExtensionPoint="Balance" pod="defrag-exp/s2-cpu-198-7f87654f6f-tghhk" originNode="ip-172-31-16-198"
I0607 01:54:05.137557       1 resourcedefragmentation.go:757] "Candidate score inputs" plugin="ResourceDefragmentation" pod="defrag-exp/s2-cpu-198-7f87654f6f-zkc45" originNode="ip-172-31-16-198" c1=0.09053265291139108 c2=-999.9 c3=0.3475783390060611 c4=0
I0607 01:54:05.137578       1 resourcedefragmentation.go:274] "No feasible scheduler target within ceiling; leaving pod in place" plugin="ResourceDefragmentation" ExtensionPoint="Balance" pod="defrag-exp/s2-cpu-198-7f87654f6f-zkc45" originNode="ip-172-31-16-198"
I0607 01:54:05.137597       1 resourcedefragmentation.go:260] "Draining under-utilized node" plugin="ResourceDefragmentation" ExtensionPoint="Balance" node="ip-172-31-19-34" priority=3.15643298636318
I0607 01:54:05.137608       1 resourcedefragmentation.go:757] "Candidate score inputs" plugin="ResourceDefragmentation" pod="defrag-exp/s2-cpu-34-6694c57846-4r682" originNode="ip-172-31-19-34" c1=0.09053265291139108 c2=-999.9 c3=0.3475783390060611 c4=0
I0607 01:54:05.137624       1 resourcedefragmentation.go:757] "Candidate score inputs" plugin="ResourceDefragmentation" pod="defrag-exp/s2-cpu-34-6694c57846-4z5b6" originNode="ip-172-31-19-34" c1=0.09053265291139108 c2=-999.9 c3=0.3475783390060611 c4=0
I0607 01:54:05.137642       1 resourcedefragmentation.go:274] "No feasible scheduler target within ceiling; leaving pod in place" plugin="ResourceDefragmentation" ExtensionPoint="Balance" pod="defrag-exp/s2-cpu-34-6694c57846-4r682" originNode="ip-172-31-19-34"
I0607 01:54:05.137684       1 resourcedefragmentation.go:757] "Candidate score inputs" plugin="ResourceDefragmentation" pod="defrag-exp/s2-cpu-34-6694c57846-4z5b6" originNode="ip-172-31-19-34" c1=0.09053265291139108 c2=-999.9 c3=0.3475783390060611 c4=0
I0607 01:54:05.137703       1 resourcedefragmentation.go:274] "No feasible scheduler target within ceiling; leaving pod in place" plugin="ResourceDefragmentation" ExtensionPoint="Balance" pod="defrag-exp/s2-cpu-34-6694c57846-4z5b6" originNode="ip-172-31-19-34"
I0607 01:54:05.137717       1 resourcedefragmentation.go:260] "Draining under-utilized node" plugin="ResourceDefragmentation" ExtensionPoint="Balance" node="ip-172-31-6-144" priority=1.879093303880691
I0607 01:54:05.137730       1 resourcedefragmentation.go:757] "Candidate score inputs" plugin="ResourceDefragmentation" pod="defrag-exp/s2-mem-144-769fd78487-g99cj" originNode="ip-172-31-6-144" c1=0.044332881615089956 c2=0.598830338785553 c3=0.2823164742250171 c4=0
I0607 01:54:05.137743       1 resourcedefragmentation.go:757] "Candidate score inputs" plugin="ResourceDefragmentation" pod="defrag-exp/s2-mem-144-769fd78487-h5qcn" originNode="ip-172-31-6-144" c1=0.044332881615089956 c2=0.598830338785553 c3=0.2823164742250171 c4=0
I0607 01:54:05.137763       1 resourcedefragmentation.go:278] "Eviction decision" plugin="ResourceDefragmentation" ExtensionPoint="Balance" pod="defrag-exp/s2-mem-144-769fd78487-g99cj" originNode="ip-172-31-6-144" predictedTarget="ip-172-31-1-245"
I0607 01:54:05.163919       1 evictions.go:558] "Evicted pod" pod="defrag-exp/s2-mem-144-769fd78487-g99cj" reason="" strategy="ResourceDefragmentation" node="ip-172-31-6-144" profile="default"
I0607 01:54:05.163994       1 resourcedefragmentation.go:757] "Candidate score inputs" plugin="ResourceDefragmentation" pod="defrag-exp/s2-mem-144-769fd78487-h5qcn" originNode="ip-172-31-6-144" c1=0.022632466962795764 c2=0.8144569488114097 c3=0.29710831944992827 c4=0
I0607 01:54:05.164024       1 resourcedefragmentation.go:278] "Eviction decision" plugin="ResourceDefragmentation" ExtensionPoint="Balance" pod="defrag-exp/s2-mem-144-769fd78487-h5qcn" originNode="ip-172-31-6-144" predictedTarget="ip-172-31-1-245"
E0607 01:54:05.174291       1 event_broadcaster.go:270] "Server rejected event (will not retry!)" err="events.events.k8s.io is forbidden: User \"system:serviceaccount:kube-system:descheduler\" cannot create resource \"events\" in API group \"events.k8s.io\" in the namespace \"defrag-exp\"" event="&Event{ObjectMeta:{s2-mem-144-769fd78487-g99cj.18b6a9a8cefde679  defrag-exp    0 0001-01-01 00:00:00 +0000 UTC <nil> <nil> map[] map[] [] [] []},EventTime:2026-06-07 01:54:05.163936564 +0000 UTC m=+0.274793635,Series:nil,ReportingController:sigs.k8s.io.descheduler,ReportingInstance:sigs.k8s.io.descheduler-descheduler-job-zsbts,Action:Descheduled,Reason:ResourceDefragmentation,Regarding:{Pod defrag-exp s2-mem-144-769fd78487-g99cj 728208f3-333c-447a-9f69-9d2e2d744a42 v1 341540 },Related:nil,Note:pod eviction from ip-172-31-6-144 node by sigs.k8s.io/descheduler,Type:Normal,DeprecatedSource:{ },DeprecatedFirstTimestamp:0001-01-01 00:00:00 +0000 UTC,DeprecatedLastTimestamp:0001-01-01 00:00:00 +0000 UTC,DeprecatedCount:0,}"
I0607 01:54:05.265748       1 evictions.go:558] "Evicted pod" pod="defrag-exp/s2-mem-144-769fd78487-h5qcn" reason="" strategy="ResourceDefragmentation" node="ip-172-31-6-144" profile="default"
I0607 01:54:05.265828       1 resourcedefragmentation.go:260] "Draining under-utilized node" plugin="ResourceDefragmentation" ExtensionPoint="Balance" node="ip-172-31-31-146" priority=1.8784974276243283
I0607 01:54:05.265861       1 resourcedefragmentation.go:757] "Candidate score inputs" plugin="ResourceDefragmentation" pod="defrag-exp/s2-mem-146-7ff7c4f86f-c8gmf" originNode="ip-172-31-31-146" c1=0.0443070400794639 c2=0.5987774649887588 c3=0.282270639662236 c4=0
I0607 01:54:05.265875       1 resourcedefragmentation.go:757] "Candidate score inputs" plugin="ResourceDefragmentation" pod="defrag-exp/s2-mem-146-7ff7c4f86f-prgw6" originNode="ip-172-31-31-146" c1=0.0443070400794639 c2=0.5987774649887588 c3=0.282270639662236 c4=0
I0607 01:54:05.265893       1 resourcedefragmentation.go:278] "Eviction decision" plugin="ResourceDefragmentation" ExtensionPoint="Balance" pod="defrag-exp/s2-mem-146-7ff7c4f86f-c8gmf" originNode="ip-172-31-31-146" predictedTarget="ip-172-31-16-198"
E0607 01:54:05.268447       1 event_broadcaster.go:270] "Server rejected event (will not retry!)" err="events.events.k8s.io is forbidden: User \"system:serviceaccount:kube-system:descheduler\" cannot create resource \"events\" in API group \"events.k8s.io\" in the namespace \"defrag-exp\"" event="&Event{ObjectMeta:{s2-mem-144-769fd78487-h5qcn.18b6a9a8d50f892e  defrag-exp    0 0001-01-01 00:00:00 +0000 UTC <nil> <nil> map[] map[] [] [] []},EventTime:2026-06-07 01:54:05.265767555 +0000 UTC m=+0.376624632,Series:nil,ReportingController:sigs.k8s.io.descheduler,ReportingInstance:sigs.k8s.io.descheduler-descheduler-job-zsbts,Action:Descheduled,Reason:ResourceDefragmentation,Regarding:{Pod defrag-exp s2-mem-144-769fd78487-h5qcn 243c8b05-84ac-434c-b269-4adc7eddca68 v1 341547 },Related:nil,Note:pod eviction from ip-172-31-6-144 node by sigs.k8s.io/descheduler,Type:Normal,DeprecatedSource:{ },DeprecatedFirstTimestamp:0001-01-01 00:00:00 +0000 UTC,DeprecatedLastTimestamp:0001-01-01 00:00:00 +0000 UTC,DeprecatedCount:0,}"
I0607 01:54:05.363746       1 evictions.go:558] "Evicted pod" pod="defrag-exp/s2-mem-146-7ff7c4f86f-c8gmf" reason="" strategy="ResourceDefragmentation" node="ip-172-31-31-146" profile="default"
I0607 01:54:05.363853       1 resourcedefragmentation.go:757] "Candidate score inputs" plugin="ResourceDefragmentation" pod="defrag-exp/s2-mem-146-7ff7c4f86f-prgw6" originNode="ip-172-31-31-146" c1=0.022618932878791295 c2=0.8143656213442199 c3=0.2970598500859334 c4=0
I0607 01:54:05.363884       1 resourcedefragmentation.go:278] "Eviction decision" plugin="ResourceDefragmentation" ExtensionPoint="Balance" pod="defrag-exp/s2-mem-146-7ff7c4f86f-prgw6" originNode="ip-172-31-31-146" predictedTarget="ip-172-31-16-198"
E0607 01:54:05.370097       1 event_broadcaster.go:270] "Server rejected event (will not retry!)" err="events.events.k8s.io is forbidden: User \"system:serviceaccount:kube-system:descheduler\" cannot create resource \"events\" in API group \"events.k8s.io\" in the namespace \"defrag-exp\"" event="&Event{ObjectMeta:{s2-mem-146-7ff7c4f86f-c8gmf.18b6a9a8dae70b1a  defrag-exp    0 0001-01-01 00:00:00 +0000 UTC <nil> <nil> map[] map[] [] [] []},EventTime:2026-06-07 01:54:05.363763159 +0000 UTC m=+0.474620233,Series:nil,ReportingController:sigs.k8s.io.descheduler,ReportingInstance:sigs.k8s.io.descheduler-descheduler-job-zsbts,Action:Descheduled,Reason:ResourceDefragmentation,Regarding:{Pod defrag-exp s2-mem-146-7ff7c4f86f-c8gmf cf58666a-7788-4c2c-9770-c195c371ffd1 v1 341498 },Related:nil,Note:pod eviction from ip-172-31-31-146 node by sigs.k8s.io/descheduler,Type:Normal,DeprecatedSource:{ },DeprecatedFirstTimestamp:0001-01-01 00:00:00 +0000 UTC,DeprecatedLastTimestamp:0001-01-01 00:00:00 +0000 UTC,DeprecatedCount:0,}"
I0607 01:54:05.466998       1 evictions.go:558] "Evicted pod" pod="defrag-exp/s2-mem-146-7ff7c4f86f-prgw6" reason="" strategy="ResourceDefragmentation" node="ip-172-31-31-146" profile="default"
I0607 01:54:05.467071       1 resourcedefragmentation.go:260] "Draining under-utilized node" plugin="ResourceDefragmentation" ExtensionPoint="Balance" node="ip-172-31-3-39" priority=1.878481330813836
I0607 01:54:05.467102       1 resourcedefragmentation.go:757] "Candidate score inputs" plugin="ResourceDefragmentation" pod="defrag-exp/s2-mem-39-6c9ff4fc6d-jqz49" originNode="ip-172-31-3-39" c1=0.044306341926411016 c2=0.5987774649887588 c3=0.2822694011168881 c4=0
I0607 01:54:05.467121       1 resourcedefragmentation.go:757] "Candidate score inputs" plugin="ResourceDefragmentation" pod="defrag-exp/s2-mem-39-6c9ff4fc6d-cbxwx" originNode="ip-172-31-3-39" c1=0.044306341926411016 c2=0.5987774649887588 c3=0.2822694011168881 c4=0
I0607 01:54:05.467141       1 resourcedefragmentation.go:278] "Eviction decision" plugin="ResourceDefragmentation" ExtensionPoint="Balance" pod="defrag-exp/s2-mem-39-6c9ff4fc6d-jqz49" originNode="ip-172-31-3-39" predictedTarget="ip-172-31-19-34"
E0607 01:54:05.469517       1 event_broadcaster.go:270] "Server rejected event (will not retry!)" err="events.events.k8s.io is forbidden: User \"system:serviceaccount:kube-system:descheduler\" cannot create resource \"events\" in API group \"events.k8s.io\" in the namespace \"defrag-exp\"" event="&Event{ObjectMeta:{s2-mem-146-7ff7c4f86f-prgw6.18b6a9a8e10e65aa  defrag-exp    0 0001-01-01 00:00:00 +0000 UTC <nil> <nil> map[] map[] [] [] []},EventTime:2026-06-07 01:54:05.467016766 +0000 UTC m=+0.577873840,Series:nil,ReportingController:sigs.k8s.io.descheduler,ReportingInstance:sigs.k8s.io.descheduler-descheduler-job-zsbts,Action:Descheduled,Reason:ResourceDefragmentation,Regarding:{Pod defrag-exp s2-mem-146-7ff7c4f86f-prgw6 8964b7ab-d6ff-4d02-a2fb-b6e974ea3ac1 v1 341502 },Related:nil,Note:pod eviction from ip-172-31-31-146 node by sigs.k8s.io/descheduler,Type:Normal,DeprecatedSource:{ },DeprecatedFirstTimestamp:0001-01-01 00:00:00 +0000 UTC,DeprecatedLastTimestamp:0001-01-01 00:00:00 +0000 UTC,DeprecatedCount:0,}"
I0607 01:54:05.571994       1 evictions.go:558] "Evicted pod" pod="defrag-exp/s2-mem-39-6c9ff4fc6d-jqz49" reason="" strategy="ResourceDefragmentation" node="ip-172-31-3-39" profile="default"
I0607 01:54:05.572059       1 resourcedefragmentation.go:757] "Candidate score inputs" plugin="ResourceDefragmentation" pod="defrag-exp/s2-mem-39-6c9ff4fc6d-cbxwx" originNode="ip-172-31-3-39" c1=0.02261856723418035 c2=0.8143656213442199 c3=0.29705854034276913 c4=0
I0607 01:54:05.572091       1 resourcedefragmentation.go:278] "Eviction decision" plugin="ResourceDefragmentation" ExtensionPoint="Balance" pod="defrag-exp/s2-mem-39-6c9ff4fc6d-cbxwx" originNode="ip-172-31-3-39" predictedTarget="ip-172-31-19-34"
E0607 01:54:05.576122       1 event_broadcaster.go:270] "Server rejected event (will not retry!)" err="events.events.k8s.io is forbidden: User \"system:serviceaccount:kube-system:descheduler\" cannot create resource \"events\" in API group \"events.k8s.io\" in the namespace \"defrag-exp\"" event="&Event{ObjectMeta:{s2-mem-39-6c9ff4fc6d-jqz49.18b6a9a8e7507ec2  defrag-exp    0 0001-01-01 00:00:00 +0000 UTC <nil> <nil> map[] map[] [] [] []},EventTime:2026-06-07 01:54:05.572014406 +0000 UTC m=+0.682871476,Series:nil,ReportingController:sigs.k8s.io.descheduler,ReportingInstance:sigs.k8s.io.descheduler-descheduler-job-zsbts,Action:Descheduled,Reason:ResourceDefragmentation,Regarding:{Pod defrag-exp s2-mem-39-6c9ff4fc6d-jqz49 b6be6e48-77c4-4327-89dd-613aa02cebc0 v1 341458 },Related:nil,Note:pod eviction from ip-172-31-3-39 node by sigs.k8s.io/descheduler,Type:Normal,DeprecatedSource:{ },DeprecatedFirstTimestamp:0001-01-01 00:00:00 +0000 UTC,DeprecatedLastTimestamp:0001-01-01 00:00:00 +0000 UTC,DeprecatedCount:0,}"
I0607 01:54:05.670083       1 evictions.go:558] "Evicted pod" pod="defrag-exp/s2-mem-39-6c9ff4fc6d-cbxwx" reason="" strategy="ResourceDefragmentation" node="ip-172-31-3-39" profile="default"
I0607 01:54:05.670172       1 profile.go:425] "Total number of evictions/requests" extension point="Balance" evictedPods=6 evictionRequests=0
I0607 01:54:05.670215       1 descheduler.go:252] "Number of evictions/requests" totalEvicted=6 evictionRequests=0
E0607 01:54:05.671109       1 event_broadcaster.go:279] "Unable to write event (may retry after sleeping)" err="client rate limiter Wait returned an error: context canceled"
I0607 01:54:05.671482       1 reflector.go:373] "Stopping reflector" type="*v1.Pod" resyncPeriod="0s" reflector="k8s.io/client-go/informers/factory.go:161"
I0607 01:54:05.671556       1 reflector.go:373] "Stopping reflector" type="*v1.Node" resyncPeriod="0s" reflector="k8s.io/client-go/informers/factory.go:161"
I0607 01:54:05.671597       1 reflector.go:373] "Stopping reflector" type="*v1.PersistentVolumeClaim" resyncPeriod="0s" reflector="k8s.io/client-go/informers/factory.go:161"
I0607 01:54:05.672007       1 secure_serving.go:259] Stopped listening on [::]:10258
I0607 01:54:05.672028       1 tlsconfig.go:258] "Shutting down DynamicServingCertificateController"
