I0607 01:59:07.907071       1 feature_gate.go:466] feature gates: {map[]}
I0607 01:59:08.132730       1 secure_serving.go:57] Forcing use of http/1.1 only
I0607 01:59:08.134785       1 named_certificates.go:53] "Loaded SNI cert" index=0 certName="self-signed loopback" certDetail="\"apiserver-loopback-client@1780797548\" [serving] validServingFor=[apiserver-loopback-client] issuer=\"apiserver-loopback-client-ca@1780797548\" (2026-06-07 00:59:07 +0000 UTC to 2029-06-07 00:59:07 +0000 UTC (now=2026-06-07 01:59:08.133179966 +0000 UTC))"
I0607 01:59:08.135088       1 tlsconfig.go:243] "Starting DynamicServingCertificateController"
I0607 01:59:08.135779       1 secure_serving.go:211] Serving securely on [::]:10258
I0607 01:59:08.135820       1 tracing.go:88] Did not find a trace collector endpoint defined. Switching to NoopTraceProvider
I0607 01:59:08.141215       1 envvar.go:172] "Feature gate default state" feature="InOrderInformersBatchProcess" enabled=true
I0607 01:59:08.141246       1 envvar.go:172] "Feature gate default state" feature="InformerResourceVersion" enabled=true
I0607 01:59:08.141258       1 envvar.go:172] "Feature gate default state" feature="WatchListClient" enabled=true
I0607 01:59:08.141264       1 envvar.go:172] "Feature gate default state" feature="ClientsAllowCBOR" enabled=false
I0607 01:59:08.141270       1 envvar.go:172] "Feature gate default state" feature="ClientsPreferCBOR" enabled=false
I0607 01:59:08.141277       1 envvar.go:172] "Feature gate default state" feature="InOrderInformers" enabled=true
W0607 01:59:08.187450       1 descheduler.go:333] failed to convert Descheduler minor version '' to float: strconv.ParseFloat: parsing "": invalid syntax
I0607 01:59:08.201607       1 reflector.go:367] "Starting reflector" type="*v1.PersistentVolumeClaim" resyncPeriod="0s" reflector="k8s.io/client-go/informers/factory.go:161"
I0607 01:59:08.201650       1 reflector.go:411] "Listing and watching" type="*v1.PersistentVolumeClaim" reflector="k8s.io/client-go/informers/factory.go:161"
I0607 01:59:08.201750       1 reflector.go:367] "Starting reflector" type="*v1.Node" resyncPeriod="0s" reflector="k8s.io/client-go/informers/factory.go:161"
I0607 01:59:08.201761       1 reflector.go:411] "Listing and watching" type="*v1.Node" reflector="k8s.io/client-go/informers/factory.go:161"
I0607 01:59:08.201607       1 reflector.go:367] "Starting reflector" type="*v1.Pod" resyncPeriod="0s" reflector="k8s.io/client-go/informers/factory.go:161"
I0607 01:59:08.203775       1 reflector.go:411] "Listing and watching" type="*v1.Pod" reflector="k8s.io/client-go/informers/factory.go:161"
I0607 01:59:08.215467       1 reflector.go:446] "Caches populated" type="*v1.PersistentVolumeClaim" reflector="k8s.io/client-go/informers/factory.go:161"
I0607 01:59:08.221246       1 reflector.go:446] "Caches populated" type="*v1.Node" reflector="k8s.io/client-go/informers/factory.go:161"
I0607 01:59:08.229757       1 reflector.go:446] "Caches populated" type="*v1.Pod" reflector="k8s.io/client-go/informers/factory.go:161"
I0607 01:59:08.300643       1 descheduler.go:235] Resetting pod evictor counters
I0607 01:59:08.300991       1 highnodeutilization.go:193] "Node has been classified" plugin="HighNodeUtilization" ExtensionPoint="Balance" category="underutilized" node="ip-172-31-1-245" usage={"cpu":"600m","memory":"250Mi","pods":"4"} usagePercentage={"cpu":30,"memory":31,"pods":4}
I0607 01:59:08.301107       1 highnodeutilization.go:193] "Node has been classified" plugin="HighNodeUtilization" ExtensionPoint="Balance" category="underutilized" node="ip-172-31-16-198" usage={"cpu":"600m","memory":"250Mi","pods":"4"} usagePercentage={"cpu":30,"memory":31,"pods":4}
I0607 01:59:08.301156       1 highnodeutilization.go:193] "Node has been classified" plugin="HighNodeUtilization" ExtensionPoint="Balance" category="overutilized" node="ip-172-31-19-34" usage={"cpu":"1600m","memory":"90Mi","pods":"4"} usagePercentage={"cpu":80,"memory":11,"pods":4}
I0607 01:59:08.301188       1 highnodeutilization.go:193] "Node has been classified" plugin="HighNodeUtilization" ExtensionPoint="Balance" category="overutilized" node="ip-172-31-3-39" usage={"cpu":"1600m","memory":"90Mi","pods":"4"} usagePercentage={"cpu":80,"memory":11,"pods":4}
I0607 01:59:08.301237       1 highnodeutilization.go:193] "Node has been classified" plugin="HighNodeUtilization" ExtensionPoint="Balance" category="overutilized" node="ip-172-31-31-146" usage={"cpu":"1700m","memory":"690Mi","pods":"5"} usagePercentage={"cpu":85,"memory":85,"pods":5}
I0607 01:59:08.301278       1 highnodeutilization.go:193] "Node has been classified" plugin="HighNodeUtilization" ExtensionPoint="Balance" category="overutilized" node="ip-172-31-6-144" usage={"cpu":"1700m","memory":"690Mi","pods":"4"} usagePercentage={"cpu":85,"memory":85,"pods":4}
I0607 01:59:08.301298       1 highnodeutilization.go:193] "Node has been classified" plugin="HighNodeUtilization" ExtensionPoint="Balance" category="overutilized" node="ip-172-31-84-108" usage={"cpu":"850m","memory":"220Mi","pods":"7"} usagePercentage={"cpu":43,"memory":6,"pods":6}
I0607 01:59:08.301354       1 highnodeutilization.go:217] "Criteria for a node below target utilization" plugin="HighNodeUtilization" ExtensionPoint="Balance" cpu="40.00%" memory="40.00%"
I0607 01:59:08.302214       1 highnodeutilization.go:218] "Number of underutilized nodes" plugin="HighNodeUtilization" ExtensionPoint="Balance" totalNumber=2
I0607 01:59:08.302266       1 nodeutilization.go:186] "Total capacity to be moved" CPU=2550 Mem=5531213824 Pods=526
I0607 01:59:08.302281       1 nodeutilization.go:194] "Evicting pods from node" node="ip-172-31-1-245" usage={"cpu":"600m","memory":"250Mi","pods":"4"}
I0607 01:59:08.302377       1 nodeutilization.go:201] "Pods on node" node="ip-172-31-1-245" allPods=4 nonRemovablePods=2 removablePods=2
I0607 01:59:08.302411       1 nodeutilization.go:217] "Evicting pods based on priority, if they have same priority, they'll be evicted based on QoS tiers"
I0607 01:59:08.334836       1 evictions.go:558] "Evicted pod" pod="defrag-exp/s3-under-245-574b8b4b46-ws86t" reason="" strategy="HighNodeUtilization" node="ip-172-31-1-245" profile="default"
I0607 01:59:08.335690       1 nodeutilization.go:347] "Evicted pods" pod="defrag-exp/s3-under-245-574b8b4b46-ws86t"
I0607 01:59:08.335712       1 nodeutilization.go:356] "Updated node usage" node="ip-172-31-1-245" CPU=350 Mem=157286400 Pods=3
E0607 01:59:08.343809       1 event_broadcaster.go:270] "Server rejected event (will not retry!)" err="events.events.k8s.io is forbidden: User \"system:serviceaccount:kube-system:descheduler\" cannot create resource \"events\" in API group \"events.k8s.io\" in the namespace \"defrag-exp\"" event="&Event{ObjectMeta:{s3-under-245-574b8b4b46-ws86t.18b6a9ef656ee262  defrag-exp    0 0001-01-01 00:00:00 +0000 UTC <nil> <nil> map[] map[] [] [] []},EventTime:2026-06-07 01:59:08.33491355 +0000 UTC m=+0.839919839,Series:nil,ReportingController:sigs.k8s.io.descheduler,ReportingInstance:sigs.k8s.io.descheduler-descheduler-job-xhv7z,Action:Descheduled,Reason:HighNodeUtilization,Regarding:{Pod defrag-exp s3-under-245-574b8b4b46-ws86t 5b59c085-4118-4275-9063-9eb902b04392 v1 344067 },Related:nil,Note:pod eviction from ip-172-31-1-245 node by sigs.k8s.io/descheduler,Type:Normal,DeprecatedSource:{ },DeprecatedFirstTimestamp:0001-01-01 00:00:00 +0000 UTC,DeprecatedLastTimestamp:0001-01-01 00:00:00 +0000 UTC,DeprecatedCount:0,}"
I0607 01:59:08.427260       1 evictions.go:558] "Evicted pod" pod="defrag-exp/s3-under-245-574b8b4b46-6j67n" reason="" strategy="HighNodeUtilization" node="ip-172-31-1-245" profile="default"
I0607 01:59:08.427334       1 nodeutilization.go:347] "Evicted pods" pod="defrag-exp/s3-under-245-574b8b4b46-6j67n"
I0607 01:59:08.427348       1 nodeutilization.go:356] "Updated node usage" node="ip-172-31-1-245" CPU=100 Mem=52428800 Pods=2
I0607 01:59:08.427365       1 nodeutilization.go:194] "Evicting pods from node" node="ip-172-31-16-198" usage={"cpu":"600m","memory":"250Mi","pods":"4"}
I0607 01:59:08.427419       1 nodeutilization.go:201] "Pods on node" node="ip-172-31-16-198" allPods=4 nonRemovablePods=2 removablePods=2
I0607 01:59:08.427429       1 nodeutilization.go:217] "Evicting pods based on priority, if they have same priority, they'll be evicted based on QoS tiers"
E0607 01:59:08.429886       1 event_broadcaster.go:270] "Server rejected event (will not retry!)" err="events.events.k8s.io is forbidden: User \"system:serviceaccount:kube-system:descheduler\" cannot create resource \"events\" in API group \"events.k8s.io\" in the namespace \"defrag-exp\"" event="&Event{ObjectMeta:{s3-under-245-574b8b4b46-6j67n.18b6a9ef6ae52101  defrag-exp    0 0001-01-01 00:00:00 +0000 UTC <nil> <nil> map[] map[] [] [] []},EventTime:2026-06-07 01:59:08.427279025 +0000 UTC m=+0.932285314,Series:nil,ReportingController:sigs.k8s.io.descheduler,ReportingInstance:sigs.k8s.io.descheduler-descheduler-job-xhv7z,Action:Descheduled,Reason:HighNodeUtilization,Regarding:{Pod defrag-exp s3-under-245-574b8b4b46-6j67n e2aa839f-c435-4b75-9117-4bfe82a41491 v1 344071 },Related:nil,Note:pod eviction from ip-172-31-1-245 node by sigs.k8s.io/descheduler,Type:Normal,DeprecatedSource:{ },DeprecatedFirstTimestamp:0001-01-01 00:00:00 +0000 UTC,DeprecatedLastTimestamp:0001-01-01 00:00:00 +0000 UTC,DeprecatedCount:0,}"
I0607 01:59:08.502125       1 evictions.go:558] "Evicted pod" pod="defrag-exp/s3-under-198-c45f6ffd9-69mw7" reason="" strategy="HighNodeUtilization" node="ip-172-31-16-198" profile="default"
I0607 01:59:08.502201       1 nodeutilization.go:347] "Evicted pods" pod="defrag-exp/s3-under-198-c45f6ffd9-69mw7"
I0607 01:59:08.502215       1 nodeutilization.go:356] "Updated node usage" node="ip-172-31-16-198" CPU=350 Mem=157286400 Pods=3
E0607 01:59:08.505108       1 event_broadcaster.go:270] "Server rejected event (will not retry!)" err="events.events.k8s.io is forbidden: User \"system:serviceaccount:kube-system:descheduler\" cannot create resource \"events\" in API group \"events.k8s.io\" in the namespace \"defrag-exp\"" event="&Event{ObjectMeta:{s3-under-198-c45f6ffd9-69mw7.18b6a9ef6f5bb0dd  defrag-exp    0 0001-01-01 00:00:00 +0000 UTC <nil> <nil> map[] map[] [] [] []},EventTime:2026-06-07 01:59:08.502158968 +0000 UTC m=+1.007165252,Series:nil,ReportingController:sigs.k8s.io.descheduler,ReportingInstance:sigs.k8s.io.descheduler-descheduler-job-xhv7z,Action:Descheduled,Reason:HighNodeUtilization,Regarding:{Pod defrag-exp s3-under-198-c45f6ffd9-69mw7 d4b130f1-ea90-43fd-b756-db7d27791214 v1 344106 },Related:nil,Note:pod eviction from ip-172-31-16-198 node by sigs.k8s.io/descheduler,Type:Normal,DeprecatedSource:{ },DeprecatedFirstTimestamp:0001-01-01 00:00:00 +0000 UTC,DeprecatedLastTimestamp:0001-01-01 00:00:00 +0000 UTC,DeprecatedCount:0,}"
I0607 01:59:08.543297       1 evictions.go:558] "Evicted pod" pod="defrag-exp/s3-under-198-c45f6ffd9-2fptk" reason="" strategy="HighNodeUtilization" node="ip-172-31-16-198" profile="default"
I0607 01:59:08.543350       1 nodeutilization.go:347] "Evicted pods" pod="defrag-exp/s3-under-198-c45f6ffd9-2fptk"
I0607 01:59:08.543363       1 nodeutilization.go:356] "Updated node usage" node="ip-172-31-16-198" CPU=100 Mem=52428800 Pods=2
I0607 01:59:08.543424       1 profile.go:425] "Total number of evictions/requests" extension point="Balance" evictedPods=4 evictionRequests=0
I0607 01:59:08.543466       1 descheduler.go:252] "Number of evictions/requests" totalEvicted=4 evictionRequests=0
E0607 01:59:08.543904       1 event_broadcaster.go:279] "Unable to write event (may retry after sleeping)" err="client rate limiter Wait returned an error: context canceled"
I0607 01:59:08.544319       1 reflector.go:373] "Stopping reflector" type="*v1.Pod" resyncPeriod="0s" reflector="k8s.io/client-go/informers/factory.go:161"
I0607 01:59:08.544464       1 reflector.go:373] "Stopping reflector" type="*v1.Node" resyncPeriod="0s" reflector="k8s.io/client-go/informers/factory.go:161"
I0607 01:59:08.544584       1 reflector.go:373] "Stopping reflector" type="*v1.PersistentVolumeClaim" resyncPeriod="0s" reflector="k8s.io/client-go/informers/factory.go:161"
I0607 01:59:08.544991       1 tlsconfig.go:258] "Shutting down DynamicServingCertificateController"
I0607 01:59:08.545177       1 secure_serving.go:259] Stopped listening on [::]:10258
