I0607 10:03:26.233771       1 feature_gate.go:466] feature gates: {map[]}
I0607 10:03:26.534421       1 secure_serving.go:57] Forcing use of http/1.1 only
I0607 10:03:26.534893       1 named_certificates.go:53] "Loaded SNI cert" index=0 certName="self-signed loopback" certDetail="\"apiserver-loopback-client@1780826606\" [serving] validServingFor=[apiserver-loopback-client] issuer=\"apiserver-loopback-client-ca@1780826606\" (2026-06-07 09:03:26 +0000 UTC to 2029-06-07 09:03:26 +0000 UTC (now=2026-06-07 10:03:26.534855397 +0000 UTC))"
I0607 10:03:26.534962       1 secure_serving.go:211] Serving securely on [::]:10258
I0607 10:03:26.535021       1 tlsconfig.go:243] "Starting DynamicServingCertificateController"
I0607 10:03:26.535108       1 tracing.go:88] Did not find a trace collector endpoint defined. Switching to NoopTraceProvider
I0607 10:03:26.535518       1 envvar.go:172] "Feature gate default state" feature="InOrderInformers" enabled=true
I0607 10:03:26.535541       1 envvar.go:172] "Feature gate default state" feature="InOrderInformersBatchProcess" enabled=true
I0607 10:03:26.535550       1 envvar.go:172] "Feature gate default state" feature="InformerResourceVersion" enabled=true
I0607 10:03:26.535556       1 envvar.go:172] "Feature gate default state" feature="WatchListClient" enabled=true
I0607 10:03:26.535562       1 envvar.go:172] "Feature gate default state" feature="ClientsAllowCBOR" enabled=false
I0607 10:03:26.535567       1 envvar.go:172] "Feature gate default state" feature="ClientsPreferCBOR" enabled=false
W0607 10:03:26.546799       1 descheduler.go:333] failed to convert Descheduler minor version '' to float: strconv.ParseFloat: parsing "": invalid syntax
I0607 10:03:26.556305       1 reflector.go:367] "Starting reflector" type="*v1.Pod" resyncPeriod="0s" reflector="k8s.io/client-go/informers/factory.go:161"
I0607 10:03:26.556329       1 reflector.go:411] "Listing and watching" type="*v1.Pod" reflector="k8s.io/client-go/informers/factory.go:161"
I0607 10:03:26.556348       1 reflector.go:367] "Starting reflector" type="*v1.Node" resyncPeriod="0s" reflector="k8s.io/client-go/informers/factory.go:161"
I0607 10:03:26.556360       1 reflector.go:411] "Listing and watching" type="*v1.Node" reflector="k8s.io/client-go/informers/factory.go:161"
I0607 10:03:26.556303       1 reflector.go:367] "Starting reflector" type="*v1.PersistentVolumeClaim" resyncPeriod="0s" reflector="k8s.io/client-go/informers/factory.go:161"
I0607 10:03:26.556683       1 reflector.go:411] "Listing and watching" type="*v1.PersistentVolumeClaim" reflector="k8s.io/client-go/informers/factory.go:161"
I0607 10:03:26.561233       1 reflector.go:446] "Caches populated" type="*v1.PersistentVolumeClaim" reflector="k8s.io/client-go/informers/factory.go:161"
I0607 10:03:26.562470       1 reflector.go:446] "Caches populated" type="*v1.Node" reflector="k8s.io/client-go/informers/factory.go:161"
I0607 10:03:26.567020       1 reflector.go:446] "Caches populated" type="*v1.Pod" reflector="k8s.io/client-go/informers/factory.go:161"
I0607 10:03:26.656375       1 descheduler.go:235] Resetting pod evictor counters
I0607 10:03:26.656452       1 resourcedefragmentationc2.go:131] "Starting ResourceDefragmentationC2 balance pass" plugin="ResourceDefragmentationC2" ExtensionPoint="Balance" nodeCount=7
I0607 10:03:26.656659       1 resourcedefragmentationc2.go:207] "Eviction decision" plugin="ResourceDefragmentationC2" ExtensionPoint="Balance" pod="defrag-exp/s4-mem-34-67b57f4875-4n5qg" originNode="ip-172-31-19-34" predictedTarget="ip-172-31-1-245"
I0607 10:03:26.683925       1 evictions.go:558] "Evicted pod" pod="defrag-exp/s4-mem-34-67b57f4875-4n5qg" reason="" strategy="ResourceDefragmentationC2" node="ip-172-31-19-34" profile="default"
I0607 10:03:26.684135       1 profile.go:425] "Total number of evictions/requests" extension point="Balance" evictedPods=1 evictionRequests=0
I0607 10:03:26.684210       1 descheduler.go:252] "Number of evictions/requests" totalEvicted=1 evictionRequests=0
E0607 10:03:26.684498       1 event_broadcaster.go:279] "Unable to write event (may retry after sleeping)" err="client rate limiter Wait returned an error: context canceled"
I0607 10:03:26.684931       1 reflector.go:373] "Stopping reflector" type="*v1.Pod" resyncPeriod="0s" reflector="k8s.io/client-go/informers/factory.go:161"
I0607 10:03:26.684997       1 reflector.go:373] "Stopping reflector" type="*v1.Node" resyncPeriod="0s" reflector="k8s.io/client-go/informers/factory.go:161"
I0607 10:03:26.685025       1 reflector.go:373] "Stopping reflector" type="*v1.PersistentVolumeClaim" resyncPeriod="0s" reflector="k8s.io/client-go/informers/factory.go:161"
I0607 10:03:26.685460       1 tlsconfig.go:258] "Shutting down DynamicServingCertificateController"
I0607 10:03:26.685585       1 secure_serving.go:259] Stopped listening on [::]:10258
