I0607 09:55:30.070367       1 feature_gate.go:466] feature gates: {map[]}
I0607 09:55:30.338130       1 secure_serving.go:57] Forcing use of http/1.1 only
I0607 09:55:30.338523       1 named_certificates.go:53] "Loaded SNI cert" index=0 certName="self-signed loopback" certDetail="\"apiserver-loopback-client@1780826130\" [serving] validServingFor=[apiserver-loopback-client] issuer=\"apiserver-loopback-client-ca@1780826130\" (2026-06-07 08:55:30 +0000 UTC to 2029-06-07 08:55:30 +0000 UTC (now=2026-06-07 09:55:30.338482408 +0000 UTC))"
I0607 09:55:30.338567       1 secure_serving.go:211] Serving securely on [::]:10258
I0607 09:55:30.338616       1 tracing.go:88] Did not find a trace collector endpoint defined. Switching to NoopTraceProvider
I0607 09:55:30.338934       1 envvar.go:172] "Feature gate default state" feature="WatchListClient" enabled=true
I0607 09:55:30.338955       1 envvar.go:172] "Feature gate default state" feature="ClientsAllowCBOR" enabled=false
I0607 09:55:30.338969       1 envvar.go:172] "Feature gate default state" feature="ClientsPreferCBOR" enabled=false
I0607 09:55:30.338975       1 envvar.go:172] "Feature gate default state" feature="InOrderInformers" enabled=true
I0607 09:55:30.338982       1 envvar.go:172] "Feature gate default state" feature="InOrderInformersBatchProcess" enabled=true
I0607 09:55:30.338987       1 envvar.go:172] "Feature gate default state" feature="InformerResourceVersion" enabled=true
I0607 09:55:30.339698       1 tlsconfig.go:243] "Starting DynamicServingCertificateController"
W0607 09:55:30.348847       1 descheduler.go:333] failed to convert Descheduler minor version '' to float: strconv.ParseFloat: parsing "": invalid syntax
I0607 09:55:30.361311       1 reflector.go:367] "Starting reflector" type="*v1.PersistentVolumeClaim" resyncPeriod="0s" reflector="k8s.io/client-go/informers/factory.go:161"
I0607 09:55:30.361311       1 reflector.go:367] "Starting reflector" type="*v1.Node" resyncPeriod="0s" reflector="k8s.io/client-go/informers/factory.go:161"
I0607 09:55:30.361339       1 reflector.go:411] "Listing and watching" type="*v1.PersistentVolumeClaim" reflector="k8s.io/client-go/informers/factory.go:161"
I0607 09:55:30.361344       1 reflector.go:411] "Listing and watching" type="*v1.Node" reflector="k8s.io/client-go/informers/factory.go:161"
I0607 09:55:30.361522       1 reflector.go:367] "Starting reflector" type="*v1.Pod" resyncPeriod="0s" reflector="k8s.io/client-go/informers/factory.go:161"
I0607 09:55:30.361532       1 reflector.go:411] "Listing and watching" type="*v1.Pod" reflector="k8s.io/client-go/informers/factory.go:161"
I0607 09:55:30.368072       1 reflector.go:446] "Caches populated" type="*v1.PersistentVolumeClaim" reflector="k8s.io/client-go/informers/factory.go:161"
I0607 09:55:30.369610       1 reflector.go:446] "Caches populated" type="*v1.Node" reflector="k8s.io/client-go/informers/factory.go:161"
I0607 09:55:30.371263       1 reflector.go:446] "Caches populated" type="*v1.Pod" reflector="k8s.io/client-go/informers/factory.go:161"
I0607 09:55:30.462097       1 descheduler.go:235] Resetting pod evictor counters
I0607 09:55:30.462182       1 resourcedefragmentationc2.go:131] "Starting ResourceDefragmentationC2 balance pass" plugin="ResourceDefragmentationC2" ExtensionPoint="Balance" nodeCount=7
I0607 09:55:30.462412       1 resourcedefragmentationc2.go:207] "Eviction decision" plugin="ResourceDefragmentationC2" ExtensionPoint="Balance" pod="defrag-exp/s2-mem-144-769fd78487-tn8fl" originNode="ip-172-31-6-144" predictedTarget="ip-172-31-1-245"
I0607 09:55:30.484315       1 evictions.go:558] "Evicted pod" pod="defrag-exp/s2-mem-144-769fd78487-tn8fl" reason="" strategy="ResourceDefragmentationC2" node="ip-172-31-6-144" profile="default"
I0607 09:55:30.484386       1 resourcedefragmentationc2.go:207] "Eviction decision" plugin="ResourceDefragmentationC2" ExtensionPoint="Balance" pod="defrag-exp/s2-mem-144-769fd78487-z4xdc" originNode="ip-172-31-6-144" predictedTarget="ip-172-31-1-245"
E0607 09:55:30.487798       1 event_broadcaster.go:270] "Server rejected event (will not retry!)" err="events.events.k8s.io is forbidden: User \"system:serviceaccount:kube-system:descheduler\" cannot create resource \"events\" in API group \"events.k8s.io\" in the namespace \"defrag-exp\"" event="&Event{ObjectMeta:{s2-mem-144-769fd78487-tn8fl.18b6c3ee3240b74e  defrag-exp    0 0001-01-01 00:00:00 +0000 UTC <nil> <nil> map[] map[] [] [] []},EventTime:2026-06-07 09:55:30.484334191 +0000 UTC m=+0.462723524,Series:nil,ReportingController:sigs.k8s.io.descheduler,ReportingInstance:sigs.k8s.io.descheduler-descheduler-job-n696q,Action:Descheduled,Reason:ResourceDefragmentationC2,Regarding:{Pod defrag-exp s2-mem-144-769fd78487-tn8fl 6ec1f84e-7b5f-43ff-ad2f-05a8f28d474c v1 420080 },Related:nil,Note:pod eviction from ip-172-31-6-144 node by sigs.k8s.io/descheduler,Type:Normal,DeprecatedSource:{ },DeprecatedFirstTimestamp:0001-01-01 00:00:00 +0000 UTC,DeprecatedLastTimestamp:0001-01-01 00:00:00 +0000 UTC,DeprecatedCount:0,}"
I0607 09:55:30.590284       1 evictions.go:558] "Evicted pod" pod="defrag-exp/s2-mem-144-769fd78487-z4xdc" reason="" strategy="ResourceDefragmentationC2" node="ip-172-31-6-144" profile="default"
I0607 09:55:30.590364       1 resourcedefragmentationc2.go:207] "Eviction decision" plugin="ResourceDefragmentationC2" ExtensionPoint="Balance" pod="defrag-exp/s2-mem-39-6c9ff4fc6d-dzrvh" originNode="ip-172-31-3-39" predictedTarget="ip-172-31-16-198"
E0607 09:55:30.592943       1 event_broadcaster.go:270] "Server rejected event (will not retry!)" err="events.events.k8s.io is forbidden: User \"system:serviceaccount:kube-system:descheduler\" cannot create resource \"events\" in API group \"events.k8s.io\" in the namespace \"defrag-exp\"" event="&Event{ObjectMeta:{s2-mem-144-769fd78487-z4xdc.18b6c3ee3891b88f  defrag-exp    0 0001-01-01 00:00:00 +0000 UTC <nil> <nil> map[] map[] [] [] []},EventTime:2026-06-07 09:55:30.590303637 +0000 UTC m=+0.568692990,Series:nil,ReportingController:sigs.k8s.io.descheduler,ReportingInstance:sigs.k8s.io.descheduler-descheduler-job-n696q,Action:Descheduled,Reason:ResourceDefragmentationC2,Regarding:{Pod defrag-exp s2-mem-144-769fd78487-z4xdc 41161c29-cc5d-4ec8-b1a3-b307db36b6bb v1 420084 },Related:nil,Note:pod eviction from ip-172-31-6-144 node by sigs.k8s.io/descheduler,Type:Normal,DeprecatedSource:{ },DeprecatedFirstTimestamp:0001-01-01 00:00:00 +0000 UTC,DeprecatedLastTimestamp:0001-01-01 00:00:00 +0000 UTC,DeprecatedCount:0,}"
I0607 09:55:30.686881       1 evictions.go:558] "Evicted pod" pod="defrag-exp/s2-mem-39-6c9ff4fc6d-dzrvh" reason="" strategy="ResourceDefragmentationC2" node="ip-172-31-3-39" profile="default"
I0607 09:55:30.686953       1 resourcedefragmentationc2.go:207] "Eviction decision" plugin="ResourceDefragmentationC2" ExtensionPoint="Balance" pod="defrag-exp/s2-mem-39-6c9ff4fc6d-vbrbm" originNode="ip-172-31-3-39" predictedTarget="ip-172-31-16-198"
E0607 09:55:30.691560       1 event_broadcaster.go:270] "Server rejected event (will not retry!)" err="events.events.k8s.io is forbidden: User \"system:serviceaccount:kube-system:descheduler\" cannot create resource \"events\" in API group \"events.k8s.io\" in the namespace \"defrag-exp\"" event="&Event{ObjectMeta:{s2-mem-39-6c9ff4fc6d-dzrvh.18b6c3ee3e53afd5  defrag-exp    0 0001-01-01 00:00:00 +0000 UTC <nil> <nil> map[] map[] [] [] []},EventTime:2026-06-07 09:55:30.686906273 +0000 UTC m=+0.665295621,Series:nil,ReportingController:sigs.k8s.io.descheduler,ReportingInstance:sigs.k8s.io.descheduler-descheduler-job-n696q,Action:Descheduled,Reason:ResourceDefragmentationC2,Regarding:{Pod defrag-exp s2-mem-39-6c9ff4fc6d-dzrvh 106f3859-f4ce-4070-9f2e-292dd10ef0a6 v1 419997 },Related:nil,Note:pod eviction from ip-172-31-3-39 node by sigs.k8s.io/descheduler,Type:Normal,DeprecatedSource:{ },DeprecatedFirstTimestamp:0001-01-01 00:00:00 +0000 UTC,DeprecatedLastTimestamp:0001-01-01 00:00:00 +0000 UTC,DeprecatedCount:0,}"
I0607 09:55:30.785283       1 evictions.go:558] "Evicted pod" pod="defrag-exp/s2-mem-39-6c9ff4fc6d-vbrbm" reason="" strategy="ResourceDefragmentationC2" node="ip-172-31-3-39" profile="default"
I0607 09:55:30.785362       1 resourcedefragmentationc2.go:207] "Eviction decision" plugin="ResourceDefragmentationC2" ExtensionPoint="Balance" pod="defrag-exp/s2-mem-146-7ff7c4f86f-v54br" originNode="ip-172-31-31-146" predictedTarget="ip-172-31-19-34"
E0607 09:55:30.788530       1 event_broadcaster.go:270] "Server rejected event (will not retry!)" err="events.events.k8s.io is forbidden: User \"system:serviceaccount:kube-system:descheduler\" cannot create resource \"events\" in API group \"events.k8s.io\" in the namespace \"defrag-exp\"" event="&Event{ObjectMeta:{s2-mem-39-6c9ff4fc6d-vbrbm.18b6c3ee44312b62  defrag-exp    0 0001-01-01 00:00:00 +0000 UTC <nil> <nil> map[] map[] [] [] []},EventTime:2026-06-07 09:55:30.785300813 +0000 UTC m=+0.763690161,Series:nil,ReportingController:sigs.k8s.io.descheduler,ReportingInstance:sigs.k8s.io.descheduler-descheduler-job-n696q,Action:Descheduled,Reason:ResourceDefragmentationC2,Regarding:{Pod defrag-exp s2-mem-39-6c9ff4fc6d-vbrbm 2d5a73b5-2dd0-489e-919d-f9312103f690 v1 420001 },Related:nil,Note:pod eviction from ip-172-31-3-39 node by sigs.k8s.io/descheduler,Type:Normal,DeprecatedSource:{ },DeprecatedFirstTimestamp:0001-01-01 00:00:00 +0000 UTC,DeprecatedLastTimestamp:0001-01-01 00:00:00 +0000 UTC,DeprecatedCount:0,}"
I0607 09:55:30.891028       1 evictions.go:558] "Evicted pod" pod="defrag-exp/s2-mem-146-7ff7c4f86f-v54br" reason="" strategy="ResourceDefragmentationC2" node="ip-172-31-31-146" profile="default"
I0607 09:55:30.891097       1 resourcedefragmentationc2.go:207] "Eviction decision" plugin="ResourceDefragmentationC2" ExtensionPoint="Balance" pod="defrag-exp/s2-mem-146-7ff7c4f86f-25sbd" originNode="ip-172-31-31-146" predictedTarget="ip-172-31-19-34"
E0607 09:55:30.898798       1 event_broadcaster.go:270] "Server rejected event (will not retry!)" err="events.events.k8s.io is forbidden: User \"system:serviceaccount:kube-system:descheduler\" cannot create resource \"events\" in API group \"events.k8s.io\" in the namespace \"defrag-exp\"" event="&Event{ObjectMeta:{s2-mem-146-7ff7c4f86f-v54br.18b6c3ee4a7eaabe  defrag-exp    0 0001-01-01 00:00:00 +0000 UTC <nil> <nil> map[] map[] [] [] []},EventTime:2026-06-07 09:55:30.891049799 +0000 UTC m=+0.869439141,Series:nil,ReportingController:sigs.k8s.io.descheduler,ReportingInstance:sigs.k8s.io.descheduler-descheduler-job-n696q,Action:Descheduled,Reason:ResourceDefragmentationC2,Regarding:{Pod defrag-exp s2-mem-146-7ff7c4f86f-v54br f2bcff5f-8816-4a27-82c2-5b3a4cccbf5b v1 420039 },Related:nil,Note:pod eviction from ip-172-31-31-146 node by sigs.k8s.io/descheduler,Type:Normal,DeprecatedSource:{ },DeprecatedFirstTimestamp:0001-01-01 00:00:00 +0000 UTC,DeprecatedLastTimestamp:0001-01-01 00:00:00 +0000 UTC,DeprecatedCount:0,}"
I0607 09:55:30.997569       1 evictions.go:558] "Evicted pod" pod="defrag-exp/s2-mem-146-7ff7c4f86f-25sbd" reason="" strategy="ResourceDefragmentationC2" node="ip-172-31-31-146" profile="default"
I0607 09:55:30.997676       1 profile.go:425] "Total number of evictions/requests" extension point="Balance" evictedPods=6 evictionRequests=0
I0607 09:55:30.997985       1 descheduler.go:252] "Number of evictions/requests" totalEvicted=6 evictionRequests=0
E0607 09:55:30.998540       1 event_broadcaster.go:279] "Unable to write event (may retry after sleeping)" err="Post \"https://10.96.0.1:443/apis/events.k8s.io/v1/namespaces/defrag-exp/events\": context canceled"
I0607 09:55:30.998711       1 reflector.go:373] "Stopping reflector" type="*v1.Pod" resyncPeriod="0s" reflector="k8s.io/client-go/informers/factory.go:161"
I0607 09:55:30.998775       1 reflector.go:373] "Stopping reflector" type="*v1.Node" resyncPeriod="0s" reflector="k8s.io/client-go/informers/factory.go:161"
I0607 09:55:30.998888       1 reflector.go:373] "Stopping reflector" type="*v1.PersistentVolumeClaim" resyncPeriod="0s" reflector="k8s.io/client-go/informers/factory.go:161"
I0607 09:55:30.999249       1 tlsconfig.go:258] "Shutting down DynamicServingCertificateController"
I0607 09:55:30.999303       1 secure_serving.go:259] Stopped listening on [::]:10258
