I0607 09:55:55.670445       1 feature_gate.go:466] feature gates: {map[]}
I0607 09:55:55.838405       1 secure_serving.go:57] Forcing use of http/1.1 only
I0607 09:55:55.838949       1 named_certificates.go:53] "Loaded SNI cert" index=0 certName="self-signed loopback" certDetail="\"apiserver-loopback-client@1780826155\" [serving] validServingFor=[apiserver-loopback-client] issuer=\"apiserver-loopback-client-ca@1780826155\" (2026-06-07 08:55:55 +0000 UTC to 2029-06-07 08:55:55 +0000 UTC (now=2026-06-07 09:55:55.838906987 +0000 UTC))"
I0607 09:55:55.838998       1 secure_serving.go:211] Serving securely on [::]:10258
I0607 09:55:55.839017       1 tracing.go:88] Did not find a trace collector endpoint defined. Switching to NoopTraceProvider
I0607 09:55:55.839029       1 tlsconfig.go:243] "Starting DynamicServingCertificateController"
I0607 09:55:55.839365       1 envvar.go:172] "Feature gate default state" feature="WatchListClient" enabled=true
I0607 09:55:55.839396       1 envvar.go:172] "Feature gate default state" feature="ClientsAllowCBOR" enabled=false
I0607 09:55:55.839404       1 envvar.go:172] "Feature gate default state" feature="ClientsPreferCBOR" enabled=false
I0607 09:55:55.839410       1 envvar.go:172] "Feature gate default state" feature="InOrderInformers" enabled=true
I0607 09:55:55.839417       1 envvar.go:172] "Feature gate default state" feature="InOrderInformersBatchProcess" enabled=true
I0607 09:55:55.839423       1 envvar.go:172] "Feature gate default state" feature="InformerResourceVersion" enabled=true
W0607 09:55:55.848364       1 descheduler.go:333] failed to convert Descheduler minor version '' to float: strconv.ParseFloat: parsing "": invalid syntax
I0607 09:55:55.858840       1 reflector.go:367] "Starting reflector" type="*v1.PersistentVolumeClaim" resyncPeriod="0s" reflector="k8s.io/client-go/informers/factory.go:161"
I0607 09:55:55.858868       1 reflector.go:411] "Listing and watching" type="*v1.PersistentVolumeClaim" reflector="k8s.io/client-go/informers/factory.go:161"
I0607 09:55:55.858903       1 reflector.go:367] "Starting reflector" type="*v1.Node" resyncPeriod="0s" reflector="k8s.io/client-go/informers/factory.go:161"
I0607 09:55:55.858913       1 reflector.go:411] "Listing and watching" type="*v1.Node" reflector="k8s.io/client-go/informers/factory.go:161"
I0607 09:55:55.858841       1 reflector.go:367] "Starting reflector" type="*v1.Pod" resyncPeriod="0s" reflector="k8s.io/client-go/informers/factory.go:161"
I0607 09:55:55.859066       1 reflector.go:411] "Listing and watching" type="*v1.Pod" reflector="k8s.io/client-go/informers/factory.go:161"
I0607 09:55:55.864431       1 reflector.go:446] "Caches populated" type="*v1.Node" reflector="k8s.io/client-go/informers/factory.go:161"
I0607 09:55:55.865713       1 reflector.go:446] "Caches populated" type="*v1.PersistentVolumeClaim" reflector="k8s.io/client-go/informers/factory.go:161"
I0607 09:55:55.871268       1 reflector.go:446] "Caches populated" type="*v1.Pod" reflector="k8s.io/client-go/informers/factory.go:161"
I0607 09:55:55.959835       1 descheduler.go:235] Resetting pod evictor counters
I0607 09:55:55.959914       1 resourcedefragmentationc2.go:131] "Starting ResourceDefragmentationC2 balance pass" plugin="ResourceDefragmentationC2" ExtensionPoint="Balance" nodeCount=7
I0607 09:55:55.960098       1 profile.go:425] "Total number of evictions/requests" extension point="Balance" evictedPods=0 evictionRequests=0
I0607 09:55:55.960128       1 descheduler.go:252] "Number of evictions/requests" totalEvicted=0 evictionRequests=0
I0607 09:55:55.960513       1 reflector.go:373] "Stopping reflector" type="*v1.Pod" resyncPeriod="0s" reflector="k8s.io/client-go/informers/factory.go:161"
I0607 09:55:55.960797       1 reflector.go:373] "Stopping reflector" type="*v1.PersistentVolumeClaim" resyncPeriod="0s" reflector="k8s.io/client-go/informers/factory.go:161"
I0607 09:55:55.960840       1 reflector.go:373] "Stopping reflector" type="*v1.Node" resyncPeriod="0s" reflector="k8s.io/client-go/informers/factory.go:161"
I0607 09:55:55.961238       1 tlsconfig.go:258] "Shutting down DynamicServingCertificateController"
I0607 09:55:55.961470       1 secure_serving.go:259] Stopped listening on [::]:10258
