I0607 01:46:38.163306       1 feature_gate.go:466] feature gates: {map[]}
I0607 01:46:38.475886       1 secure_serving.go:57] Forcing use of http/1.1 only
I0607 01:46:38.476277       1 named_certificates.go:53] "Loaded SNI cert" index=0 certName="self-signed loopback" certDetail="\"apiserver-loopback-client@1780796798\" [serving] validServingFor=[apiserver-loopback-client] issuer=\"apiserver-loopback-client-ca@1780796798\" (2026-06-07 00:46:38 +0000 UTC to 2029-06-07 00:46:38 +0000 UTC (now=2026-06-07 01:46:38.476241416 +0000 UTC))"
I0607 01:46:38.476330       1 secure_serving.go:211] Serving securely on [::]:10258
I0607 01:46:38.476345       1 tracing.go:88] Did not find a trace collector endpoint defined. Switching to NoopTraceProvider
I0607 01:46:38.476409       1 tlsconfig.go:243] "Starting DynamicServingCertificateController"
I0607 01:46:38.476780       1 envvar.go:172] "Feature gate default state" feature="InformerResourceVersion" enabled=true
I0607 01:46:38.476817       1 envvar.go:172] "Feature gate default state" feature="WatchListClient" enabled=true
I0607 01:46:38.476824       1 envvar.go:172] "Feature gate default state" feature="ClientsAllowCBOR" enabled=false
I0607 01:46:38.476830       1 envvar.go:172] "Feature gate default state" feature="ClientsPreferCBOR" enabled=false
I0607 01:46:38.476875       1 envvar.go:172] "Feature gate default state" feature="InOrderInformers" enabled=true
I0607 01:46:38.476882       1 envvar.go:172] "Feature gate default state" feature="InOrderInformersBatchProcess" enabled=true
W0607 01:46:38.485205       1 descheduler.go:333] failed to convert Descheduler minor version '' to float: strconv.ParseFloat: parsing "": invalid syntax
I0607 01:46:38.497072       1 reflector.go:367] "Starting reflector" type="*v1.Pod" resyncPeriod="0s" reflector="k8s.io/client-go/informers/factory.go:161"
I0607 01:46:38.497097       1 reflector.go:411] "Listing and watching" type="*v1.Pod" reflector="k8s.io/client-go/informers/factory.go:161"
I0607 01:46:38.497446       1 reflector.go:367] "Starting reflector" type="*v1.PersistentVolumeClaim" resyncPeriod="0s" reflector="k8s.io/client-go/informers/factory.go:161"
I0607 01:46:38.497458       1 reflector.go:411] "Listing and watching" type="*v1.PersistentVolumeClaim" reflector="k8s.io/client-go/informers/factory.go:161"
I0607 01:46:38.498251       1 reflector.go:367] "Starting reflector" type="*v1.Node" resyncPeriod="0s" reflector="k8s.io/client-go/informers/factory.go:161"
I0607 01:46:38.498364       1 reflector.go:411] "Listing and watching" type="*v1.Node" reflector="k8s.io/client-go/informers/factory.go:161"
I0607 01:46:38.502711       1 reflector.go:446] "Caches populated" type="*v1.PersistentVolumeClaim" reflector="k8s.io/client-go/informers/factory.go:161"
I0607 01:46:38.505632       1 reflector.go:446] "Caches populated" type="*v1.Node" reflector="k8s.io/client-go/informers/factory.go:161"
I0607 01:46:38.506769       1 reflector.go:446] "Caches populated" type="*v1.Pod" reflector="k8s.io/client-go/informers/factory.go:161"
I0607 01:46:38.596950       1 descheduler.go:235] Resetting pod evictor counters
I0607 01:46:38.597109       1 resourcedefragmentation.go:178] "Starting resource defragmentation balance pass" plugin="ResourceDefragmentation" ExtensionPoint="Balance" nodeCount=7
I0607 01:46:38.597198       1 resourcedefragmentation.go:219] "Node state" plugin="ResourceDefragmentation" ExtensionPoint="Balance" node="ip-172-31-31-146" avgUtilization=0.3040542752468479 minUtilization=0.3 binScore=0.6479728623765761 usageSource="requests"
I0607 01:46:38.597231       1 resourcedefragmentation.go:219] "Node state" plugin="ResourceDefragmentation" ExtensionPoint="Balance" node="ip-172-31-6-144" avgUtilization=0.3040817210928246 minUtilization=0.3 binScore=0.6479591394535877 usageSource="requests"
I0607 01:46:38.597246       1 resourcedefragmentation.go:185] "Skipping control-plane node" plugin="ResourceDefragmentation" ExtensionPoint="Balance" node="ip-172-31-84-108"
I0607 01:46:38.597272       1 resourcedefragmentation.go:219] "Node state" plugin="ResourceDefragmentation" ExtensionPoint="Balance" node="ip-172-31-1-245" avgUtilization=0.30408097918462274 minUtilization=0.3 binScore=0.6479595104076887 usageSource="requests"
I0607 01:46:38.597287       1 resourcedefragmentation.go:219] "Node state" plugin="ResourceDefragmentation" ExtensionPoint="Balance" node="ip-172-31-16-198" avgUtilization=0.3040542752468479 minUtilization=0.3 binScore=0.6479728623765761 usageSource="requests"
I0607 01:46:38.597298       1 resourcedefragmentation.go:219] "Node state" plugin="ResourceDefragmentation" ExtensionPoint="Balance" node="ip-172-31-19-34" avgUtilization=0.3040542752468479 minUtilization=0.3 binScore=0.6479728623765761 usageSource="requests"
I0607 01:46:38.597313       1 resourcedefragmentation.go:219] "Node state" plugin="ResourceDefragmentation" ExtensionPoint="Balance" node="ip-172-31-3-39" avgUtilization=0.304053533602927 minUtilization=0.3 binScore=0.6479732331985364 usageSource="requests"
I0607 01:46:38.597363       1 resourcedefragmentation.go:257] "Node is a drain candidate" plugin="ResourceDefragmentation" ExtensionPoint="Balance" node="ip-172-31-31-146" avgUtilization=0.3040542752468479 binScore=0.6479728623765761 imbalanceIndex=-0.008108550493695799 freeSpaceIndex=0.48432401465441294 priority=1.036421006542499
I0607 01:46:38.597384       1 resourcedefragmentation.go:257] "Node is a drain candidate" plugin="ResourceDefragmentation" ExtensionPoint="Balance" node="ip-172-31-6-144" avgUtilization=0.3040817210928246 binScore=0.6479591394535877 imbalanceIndex=-0.008163442185649239 freeSpaceIndex=0.48428559047004555 priority=1.036530362423361
I0607 01:46:38.597409       1 resourcedefragmentation.go:257] "Node is a drain candidate" plugin="ResourceDefragmentation" ExtensionPoint="Balance" node="ip-172-31-1-245" avgUtilization=0.30408097918462274 binScore=0.6479595104076887 imbalanceIndex=-0.008161958369245437 freeSpaceIndex=0.48428662914152815 priority=1.0365274061757654
I0607 01:46:38.597440       1 resourcedefragmentation.go:257] "Node is a drain candidate" plugin="ResourceDefragmentation" ExtensionPoint="Balance" node="ip-172-31-16-198" avgUtilization=0.3040542752468479 binScore=0.6479728623765761 imbalanceIndex=-0.008108550493695799 freeSpaceIndex=0.48432401465441294 priority=1.036421006542499
I0607 01:46:38.597461       1 resourcedefragmentation.go:257] "Node is a drain candidate" plugin="ResourceDefragmentation" ExtensionPoint="Balance" node="ip-172-31-19-34" avgUtilization=0.3040542752468479 binScore=0.6479728623765761 imbalanceIndex=-0.008108550493695799 freeSpaceIndex=0.48432401465441294 priority=1.036421006542499
I0607 01:46:38.597483       1 resourcedefragmentation.go:257] "Node is a drain candidate" plugin="ResourceDefragmentation" ExtensionPoint="Balance" node="ip-172-31-3-39" avgUtilization=0.304053533602927 binScore=0.6479732331985364 imbalanceIndex=-0.008107067205854024 freeSpaceIndex=0.48432505295590217 priority=1.036418051699183
I0607 01:46:38.597497       1 resourcedefragmentation.go:280] "Draining under-utilized node" plugin="ResourceDefragmentation" ExtensionPoint="Balance" node="ip-172-31-6-144" priority=1.036530362423361
I0607 01:46:38.597514       1 resourcedefragmentation.go:867] "Candidate score inputs" plugin="ResourceDefragmentation" pod="defrag-exp/s1-fill-144-75b6ddcffc-mc444" originNode="ip-172-31-6-144" c1=-0.0000017700619501089005 c2=0.7109125264779511 c3=0.1881735056480581 c4=0
I0607 01:46:38.597534       1 resourcedefragmentation.go:867] "Candidate score inputs" plugin="ResourceDefragmentation" pod="defrag-exp/s1-fill-144-75b6ddcffc-2sscr" originNode="ip-172-31-6-144" c1=-0.0000017700619501089005 c2=0.7109125264779511 c3=0.1881735056480581 c4=0
I0607 01:46:38.597553       1 resourcedefragmentation.go:298] "Eviction decision" plugin="ResourceDefragmentation" ExtensionPoint="Balance" pod="defrag-exp/s1-fill-144-75b6ddcffc-mc444" originNode="ip-172-31-6-144" predictedTarget="ip-172-31-3-39"
I0607 01:46:38.624776       1 evictions.go:558] "Evicted pod" pod="defrag-exp/s1-fill-144-75b6ddcffc-mc444" reason="" strategy="ResourceDefragmentation" node="ip-172-31-6-144" profile="default"
I0607 01:46:38.625320       1 resourcedefragmentation.go:867] "Candidate score inputs" plugin="ResourceDefragmentation" pod="defrag-exp/s1-fill-144-75b6ddcffc-2sscr" originNode="ip-172-31-6-144" c1=-0.0000021461766236530335 c2=0.7738518197573657 c3=0.218989849866623 c4=0
I0607 01:46:38.625371       1 resourcedefragmentation.go:298] "Eviction decision" plugin="ResourceDefragmentation" ExtensionPoint="Balance" pod="defrag-exp/s1-fill-144-75b6ddcffc-2sscr" originNode="ip-172-31-6-144" predictedTarget="ip-172-31-3-39"
E0607 01:46:38.631447       1 event_broadcaster.go:270] "Server rejected event (will not retry!)" err="events.events.k8s.io is forbidden: User \"system:serviceaccount:kube-system:descheduler\" cannot create resource \"events\" in API group \"events.k8s.io\" in the namespace \"defrag-exp\"" event="&Event{ObjectMeta:{s1-fill-144-75b6ddcffc-mc444.18b6a940d72fb95f  defrag-exp    0 0001-01-01 00:00:00 +0000 UTC <nil> <nil> map[] map[] [] [] []},EventTime:2026-06-07 01:46:38.624818694 +0000 UTC m=+0.693458477,Series:nil,ReportingController:sigs.k8s.io.descheduler,ReportingInstance:sigs.k8s.io.descheduler-descheduler-job-ptmnr,Action:Descheduled,Reason:ResourceDefragmentation,Regarding:{Pod defrag-exp s1-fill-144-75b6ddcffc-mc444 a1dc0b4a-778e-45db-8011-c7bbd714a789 v1 337257 },Related:nil,Note:pod eviction from ip-172-31-6-144 node by sigs.k8s.io/descheduler,Type:Normal,DeprecatedSource:{ },DeprecatedFirstTimestamp:0001-01-01 00:00:00 +0000 UTC,DeprecatedLastTimestamp:0001-01-01 00:00:00 +0000 UTC,DeprecatedCount:0,}"
I0607 01:46:38.684761       1 evictions.go:558] "Evicted pod" pod="defrag-exp/s1-fill-144-75b6ddcffc-2sscr" reason="" strategy="ResourceDefragmentation" node="ip-172-31-6-144" profile="default"
I0607 01:46:38.684848       1 resourcedefragmentation.go:280] "Draining under-utilized node" plugin="ResourceDefragmentation" ExtensionPoint="Balance" node="ip-172-31-1-245" priority=1.0365274061757654
I0607 01:46:38.684881       1 resourcedefragmentation.go:867] "Candidate score inputs" plugin="ResourceDefragmentation" pod="defrag-exp/s1-fill-245-7659c95b6c-n24cm" originNode="ip-172-31-1-245" c1=-0.0000017703457597136126 c2=0.8367911130367802 c3=0.1881732014656953 c4=0
I0607 01:46:38.684894       1 resourcedefragmentation.go:867] "Candidate score inputs" plugin="ResourceDefragmentation" pod="defrag-exp/s1-fill-245-7659c95b6c-d6j47" originNode="ip-172-31-1-245" c1=-0.0000017703457597136126 c2=0.8367911130367802 c3=0.1881732014656953 c4=0
I0607 01:46:38.684913       1 resourcedefragmentation.go:298] "Eviction decision" plugin="ResourceDefragmentation" ExtensionPoint="Balance" pod="defrag-exp/s1-fill-245-7659c95b6c-n24cm" originNode="ip-172-31-1-245" predictedTarget="ip-172-31-3-39"
E0607 01:46:38.688888       1 event_broadcaster.go:270] "Server rejected event (will not retry!)" err="events.events.k8s.io is forbidden: User \"system:serviceaccount:kube-system:descheduler\" cannot create resource \"events\" in API group \"events.k8s.io\" in the namespace \"defrag-exp\"" event="&Event{ObjectMeta:{s1-fill-144-75b6ddcffc-2sscr.18b6a940dac26036  defrag-exp    0 0001-01-01 00:00:00 +0000 UTC <nil> <nil> map[] map[] [] [] []},EventTime:2026-06-07 01:46:38.68477654 +0000 UTC m=+0.753416320,Series:nil,ReportingController:sigs.k8s.io.descheduler,ReportingInstance:sigs.k8s.io.descheduler-descheduler-job-ptmnr,Action:Descheduled,Reason:ResourceDefragmentation,Regarding:{Pod defrag-exp s1-fill-144-75b6ddcffc-2sscr 5eecf792-a2d0-482e-97ee-89fff800a5b2 v1 337261 },Related:nil,Note:pod eviction from ip-172-31-6-144 node by sigs.k8s.io/descheduler,Type:Normal,DeprecatedSource:{ },DeprecatedFirstTimestamp:0001-01-01 00:00:00 +0000 UTC,DeprecatedLastTimestamp:0001-01-01 00:00:00 +0000 UTC,DeprecatedCount:0,}"
I0607 01:46:38.747248       1 evictions.go:558] "Evicted pod" pod="defrag-exp/s1-fill-245-7659c95b6c-n24cm" reason="" strategy="ResourceDefragmentation" node="ip-172-31-1-245" profile="default"
I0607 01:46:38.747310       1 resourcedefragmentation.go:867] "Candidate score inputs" plugin="ResourceDefragmentation" pod="defrag-exp/s1-fill-245-7659c95b6c-d6j47" originNode="ip-172-31-1-245" c1=-0.000002146717863516808 c2=0.8997304063161948 c3=0.21898939730261985 c4=0
I0607 01:46:38.747340       1 resourcedefragmentation.go:298] "Eviction decision" plugin="ResourceDefragmentation" ExtensionPoint="Balance" pod="defrag-exp/s1-fill-245-7659c95b6c-d6j47" originNode="ip-172-31-1-245" predictedTarget="ip-172-31-3-39"
E0607 01:46:38.752576       1 event_broadcaster.go:270] "Server rejected event (will not retry!)" err="events.events.k8s.io is forbidden: User \"system:serviceaccount:kube-system:descheduler\" cannot create resource \"events\" in API group \"events.k8s.io\" in the namespace \"defrag-exp\"" event="&Event{ObjectMeta:{s1-fill-245-7659c95b6c-n24cm.18b6a940de7bfac1  defrag-exp    0 0001-01-01 00:00:00 +0000 UTC <nil> <nil> map[] map[] [] [] []},EventTime:2026-06-07 01:46:38.747269755 +0000 UTC m=+0.815909539,Series:nil,ReportingController:sigs.k8s.io.descheduler,ReportingInstance:sigs.k8s.io.descheduler-descheduler-job-ptmnr,Action:Descheduled,Reason:ResourceDefragmentation,Regarding:{Pod defrag-exp s1-fill-245-7659c95b6c-n24cm da4f9eb7-8a65-4601-99e9-33beb58a2139 v1 337062 },Related:nil,Note:pod eviction from ip-172-31-1-245 node by sigs.k8s.io/descheduler,Type:Normal,DeprecatedSource:{ },DeprecatedFirstTimestamp:0001-01-01 00:00:00 +0000 UTC,DeprecatedLastTimestamp:0001-01-01 00:00:00 +0000 UTC,DeprecatedCount:0,}"
I0607 01:46:38.822476       1 evictions.go:558] "Evicted pod" pod="defrag-exp/s1-fill-245-7659c95b6c-d6j47" reason="" strategy="ResourceDefragmentation" node="ip-172-31-1-245" profile="default"
I0607 01:46:38.823070       1 resourcedefragmentation.go:280] "Draining under-utilized node" plugin="ResourceDefragmentation" ExtensionPoint="Balance" node="ip-172-31-31-146" priority=1.036421006542499
I0607 01:46:38.823107       1 resourcedefragmentation.go:867] "Candidate score inputs" plugin="ResourceDefragmentation" pod="defrag-exp/s1-fill-146-f9dd78d6c-vl57z" originNode="ip-172-31-31-146" c1=-0.000001780414503119157 c2=0.7109120073272065 c3=0.18816225285120763 c4=0
I0607 01:46:38.823121       1 resourcedefragmentation.go:867] "Candidate score inputs" plugin="ResourceDefragmentation" pod="defrag-exp/s1-fill-146-f9dd78d6c-gphwz" originNode="ip-172-31-31-146" c1=-0.000001780414503119157 c2=0.7109120073272065 c3=0.18816225285120763 c4=0
I0607 01:46:38.824842       1 resourcedefragmentation.go:298] "Eviction decision" plugin="ResourceDefragmentation" ExtensionPoint="Balance" pod="defrag-exp/s1-fill-146-f9dd78d6c-vl57z" originNode="ip-172-31-31-146" predictedTarget="ip-172-31-16-198"
E0607 01:46:38.826022       1 event_broadcaster.go:270] "Server rejected event (will not retry!)" err="events.events.k8s.io is forbidden: User \"system:serviceaccount:kube-system:descheduler\" cannot create resource \"events\" in API group \"events.k8s.io\" in the namespace \"defrag-exp\"" event="&Event{ObjectMeta:{s1-fill-245-7659c95b6c-d6j47.18b6a940e2fd2c4d  defrag-exp    0 0001-01-01 00:00:00 +0000 UTC <nil> <nil> map[] map[] [] [] []},EventTime:2026-06-07 01:46:38.822842353 +0000 UTC m=+0.891482139,Series:nil,ReportingController:sigs.k8s.io.descheduler,ReportingInstance:sigs.k8s.io.descheduler-descheduler-job-ptmnr,Action:Descheduled,Reason:ResourceDefragmentation,Regarding:{Pod defrag-exp s1-fill-245-7659c95b6c-d6j47 05ea9fd2-3402-449f-bba4-1ddc86238491 v1 337066 },Related:nil,Note:pod eviction from ip-172-31-1-245 node by sigs.k8s.io/descheduler,Type:Normal,DeprecatedSource:{ },DeprecatedFirstTimestamp:0001-01-01 00:00:00 +0000 UTC,DeprecatedLastTimestamp:0001-01-01 00:00:00 +0000 UTC,DeprecatedCount:0,}"
I0607 01:46:38.924283       1 evictions.go:558] "Evicted pod" pod="defrag-exp/s1-fill-146-f9dd78d6c-vl57z" reason="" strategy="ResourceDefragmentation" node="ip-172-31-31-146" profile="default"
I0607 01:46:38.926164       1 resourcedefragmentation.go:867] "Candidate score inputs" plugin="ResourceDefragmentation" pod="defrag-exp/s1-fill-146-f9dd78d6c-gphwz" originNode="ip-172-31-31-146" c1=-0.000002166111078447549 c2=0.7738511522778369 c3=0.2189731079005772 c4=0
I0607 01:46:38.926563       1 resourcedefragmentation.go:298] "Eviction decision" plugin="ResourceDefragmentation" ExtensionPoint="Balance" pod="defrag-exp/s1-fill-146-f9dd78d6c-gphwz" originNode="ip-172-31-31-146" predictedTarget="ip-172-31-16-198"
E0607 01:46:38.929252       1 event_broadcaster.go:270] "Server rejected event (will not retry!)" err="events.events.k8s.io is forbidden: User \"system:serviceaccount:kube-system:descheduler\" cannot create resource \"events\" in API group \"events.k8s.io\" in the namespace \"defrag-exp\"" event="&Event{ObjectMeta:{s1-fill-146-f9dd78d6c-vl57z.18b6a940e90980cc  defrag-exp    0 0001-01-01 00:00:00 +0000 UTC <nil> <nil> map[] map[] [] [] []},EventTime:2026-06-07 01:46:38.924315701 +0000 UTC m=+0.992955485,Series:nil,ReportingController:sigs.k8s.io.descheduler,ReportingInstance:sigs.k8s.io.descheduler-descheduler-job-ptmnr,Action:Descheduled,Reason:ResourceDefragmentation,Regarding:{Pod defrag-exp s1-fill-146-f9dd78d6c-vl57z 75a325a8-8c5f-4565-8796-8daa0993e651 v1 337222 },Related:nil,Note:pod eviction from ip-172-31-31-146 node by sigs.k8s.io/descheduler,Type:Normal,DeprecatedSource:{ },DeprecatedFirstTimestamp:0001-01-01 00:00:00 +0000 UTC,DeprecatedLastTimestamp:0001-01-01 00:00:00 +0000 UTC,DeprecatedCount:0,}"
I0607 01:46:39.033394       1 evictions.go:558] "Evicted pod" pod="defrag-exp/s1-fill-146-f9dd78d6c-gphwz" reason="" strategy="ResourceDefragmentation" node="ip-172-31-31-146" profile="default"
I0607 01:46:39.033851       1 resourcedefragmentation.go:277] "Skipping node now serving as a bin" plugin="ResourceDefragmentation" ExtensionPoint="Balance" node="ip-172-31-16-198"
I0607 01:46:39.033890       1 resourcedefragmentation.go:280] "Draining under-utilized node" plugin="ResourceDefragmentation" ExtensionPoint="Balance" node="ip-172-31-19-34" priority=1.036421006542499
I0607 01:46:39.033930       1 resourcedefragmentation.go:867] "Candidate score inputs" plugin="ResourceDefragmentation" pod="defrag-exp/s1-fill-34-65d8fd768c-kkt7z" originNode="ip-172-31-19-34" c1=-0.000001780414503119157 c2=0.8367902972284673 c3=0.18816225285120763 c4=0
I0607 01:46:39.033960       1 resourcedefragmentation.go:867] "Candidate score inputs" plugin="ResourceDefragmentation" pod="defrag-exp/s1-fill-34-65d8fd768c-d2tj6" originNode="ip-172-31-19-34" c1=-0.000001780414503119157 c2=0.8367902972284673 c3=0.18816225285120763 c4=0
I0607 01:46:39.033983       1 resourcedefragmentation.go:298] "Eviction decision" plugin="ResourceDefragmentation" ExtensionPoint="Balance" pod="defrag-exp/s1-fill-34-65d8fd768c-kkt7z" originNode="ip-172-31-19-34" predictedTarget="ip-172-31-16-198"
E0607 01:46:39.036728       1 event_broadcaster.go:270] "Server rejected event (will not retry!)" err="events.events.k8s.io is forbidden: User \"system:serviceaccount:kube-system:descheduler\" cannot create resource \"events\" in API group \"events.k8s.io\" in the namespace \"defrag-exp\"" event="&Event{ObjectMeta:{s1-fill-146-f9dd78d6c-gphwz.18b6a940ef8a7a83  defrag-exp    0 0001-01-01 00:00:00 +0000 UTC <nil> <nil> map[] map[] [] [] []},EventTime:2026-06-07 01:46:39.033429784 +0000 UTC m=+1.102069566,Series:nil,ReportingController:sigs.k8s.io.descheduler,ReportingInstance:sigs.k8s.io.descheduler-descheduler-job-ptmnr,Action:Descheduled,Reason:ResourceDefragmentation,Regarding:{Pod defrag-exp s1-fill-146-f9dd78d6c-gphwz 5218ad64-5919-4ee0-afe4-7bcecb5fada4 v1 337218 },Related:nil,Note:pod eviction from ip-172-31-31-146 node by sigs.k8s.io/descheduler,Type:Normal,DeprecatedSource:{ },DeprecatedFirstTimestamp:0001-01-01 00:00:00 +0000 UTC,DeprecatedLastTimestamp:0001-01-01 00:00:00 +0000 UTC,DeprecatedCount:0,}"
I0607 01:46:39.126433       1 evictions.go:558] "Evicted pod" pod="defrag-exp/s1-fill-34-65d8fd768c-kkt7z" reason="" strategy="ResourceDefragmentation" node="ip-172-31-19-34" profile="default"
I0607 01:46:39.126489       1 resourcedefragmentation.go:867] "Candidate score inputs" plugin="ResourceDefragmentation" pod="defrag-exp/s1-fill-34-65d8fd768c-d2tj6" originNode="ip-172-31-19-34" c1=-0.000002166111078447549 c2=0.8997294421790978 c3=0.2189731079005772 c4=0
I0607 01:46:39.126534       1 resourcedefragmentation.go:298] "Eviction decision" plugin="ResourceDefragmentation" ExtensionPoint="Balance" pod="defrag-exp/s1-fill-34-65d8fd768c-d2tj6" originNode="ip-172-31-19-34" predictedTarget="ip-172-31-16-198"
E0607 01:46:39.133774       1 event_broadcaster.go:270] "Server rejected event (will not retry!)" err="events.events.k8s.io is forbidden: User \"system:serviceaccount:kube-system:descheduler\" cannot create resource \"events\" in API group \"events.k8s.io\" in the namespace \"defrag-exp\"" event="&Event{ObjectMeta:{s1-fill-34-65d8fd768c-kkt7z.18b6a940f515c736  defrag-exp    0 0001-01-01 00:00:00 +0000 UTC <nil> <nil> map[] map[] [] [] []},EventTime:2026-06-07 01:46:39.126450037 +0000 UTC m=+1.195089818,Series:nil,ReportingController:sigs.k8s.io.descheduler,ReportingInstance:sigs.k8s.io.descheduler-descheduler-job-ptmnr,Action:Descheduled,Reason:ResourceDefragmentation,Regarding:{Pod defrag-exp s1-fill-34-65d8fd768c-kkt7z d9ee918d-2f12-4647-94c5-8149563018ae v1 337141 },Related:nil,Note:pod eviction from ip-172-31-19-34 node by sigs.k8s.io/descheduler,Type:Normal,DeprecatedSource:{ },DeprecatedFirstTimestamp:0001-01-01 00:00:00 +0000 UTC,DeprecatedLastTimestamp:0001-01-01 00:00:00 +0000 UTC,DeprecatedCount:0,}"
I0607 01:46:39.242913       1 evictions.go:558] "Evicted pod" pod="defrag-exp/s1-fill-34-65d8fd768c-d2tj6" reason="" strategy="ResourceDefragmentation" node="ip-172-31-19-34" profile="default"
I0607 01:46:39.242989       1 resourcedefragmentation.go:277] "Skipping node now serving as a bin" plugin="ResourceDefragmentation" ExtensionPoint="Balance" node="ip-172-31-3-39"
I0607 01:46:39.243031       1 profile.go:425] "Total number of evictions/requests" extension point="Balance" evictedPods=8 evictionRequests=0
I0607 01:46:39.243055       1 descheduler.go:252] "Number of evictions/requests" totalEvicted=8 evictionRequests=0
E0607 01:46:39.245112       1 event_broadcaster.go:279] "Unable to write event (may retry after sleeping)" err="client rate limiter Wait returned an error: context canceled"
I0607 01:46:39.245152       1 reflector.go:373] "Stopping reflector" type="*v1.Pod" resyncPeriod="0s" reflector="k8s.io/client-go/informers/factory.go:161"
I0607 01:46:39.245174       1 reflector.go:373] "Stopping reflector" type="*v1.Node" resyncPeriod="0s" reflector="k8s.io/client-go/informers/factory.go:161"
I0607 01:46:39.245206       1 reflector.go:373] "Stopping reflector" type="*v1.PersistentVolumeClaim" resyncPeriod="0s" reflector="k8s.io/client-go/informers/factory.go:161"
I0607 01:46:39.246400       1 tlsconfig.go:258] "Shutting down DynamicServingCertificateController"
