I0607 05:48:06.575502       1 feature_gate.go:466] feature gates: {map[]}
I0607 05:48:06.890771       1 secure_serving.go:57] Forcing use of http/1.1 only
I0607 05:48:06.891191       1 named_certificates.go:53] "Loaded SNI cert" index=0 certName="self-signed loopback" certDetail="\"apiserver-loopback-client@1780811286\" [serving] validServingFor=[apiserver-loopback-client] issuer=\"apiserver-loopback-client-ca@1780811286\" (2026-06-07 04:48:06 +0000 UTC to 2029-06-07 04:48:06 +0000 UTC (now=2026-06-07 05:48:06.891111044 +0000 UTC))"
I0607 05:48:06.891246       1 secure_serving.go:211] Serving securely on [::]:10258
I0607 05:48:06.891269       1 tracing.go:88] Did not find a trace collector endpoint defined. Switching to NoopTraceProvider
I0607 05:48:06.891325       1 tlsconfig.go:243] "Starting DynamicServingCertificateController"
I0607 05:48:06.891829       1 envvar.go:172] "Feature gate default state" feature="InOrderInformersBatchProcess" enabled=true
I0607 05:48:06.891851       1 envvar.go:172] "Feature gate default state" feature="InformerResourceVersion" enabled=true
I0607 05:48:06.891857       1 envvar.go:172] "Feature gate default state" feature="WatchListClient" enabled=true
I0607 05:48:06.891864       1 envvar.go:172] "Feature gate default state" feature="ClientsAllowCBOR" enabled=false
I0607 05:48:06.891870       1 envvar.go:172] "Feature gate default state" feature="ClientsPreferCBOR" enabled=false
I0607 05:48:06.891876       1 envvar.go:172] "Feature gate default state" feature="InOrderInformers" enabled=true
W0607 05:48:06.900802       1 descheduler.go:333] failed to convert Descheduler minor version '' to float: strconv.ParseFloat: parsing "": invalid syntax
I0607 05:48:06.911258       1 reflector.go:367] "Starting reflector" type="*v1.Node" resyncPeriod="0s" reflector="k8s.io/client-go/informers/factory.go:161"
I0607 05:48:06.911284       1 reflector.go:411] "Listing and watching" type="*v1.Node" reflector="k8s.io/client-go/informers/factory.go:161"
I0607 05:48:06.911293       1 reflector.go:367] "Starting reflector" type="*v1.PersistentVolumeClaim" resyncPeriod="0s" reflector="k8s.io/client-go/informers/factory.go:161"
I0607 05:48:06.911303       1 reflector.go:411] "Listing and watching" type="*v1.PersistentVolumeClaim" reflector="k8s.io/client-go/informers/factory.go:161"
I0607 05:48:06.911538       1 reflector.go:367] "Starting reflector" type="*v1.Pod" resyncPeriod="0s" reflector="k8s.io/client-go/informers/factory.go:161"
I0607 05:48:06.911551       1 reflector.go:411] "Listing and watching" type="*v1.Pod" reflector="k8s.io/client-go/informers/factory.go:161"
I0607 05:48:06.914867       1 reflector.go:446] "Caches populated" type="*v1.PersistentVolumeClaim" reflector="k8s.io/client-go/informers/factory.go:161"
I0607 05:48:06.917818       1 reflector.go:446] "Caches populated" type="*v1.Node" reflector="k8s.io/client-go/informers/factory.go:161"
I0607 05:48:06.920341       1 reflector.go:446] "Caches populated" type="*v1.Pod" reflector="k8s.io/client-go/informers/factory.go:161"
I0607 05:48:07.012096       1 descheduler.go:235] Resetting pod evictor counters
I0607 05:48:07.012303       1 resourcedefragmentation.go:178] "Starting resource defragmentation balance pass" plugin="ResourceDefragmentation" ExtensionPoint="Balance" nodeCount=7
I0607 05:48:07.012449       1 resourcedefragmentation.go:219] "Node state" plugin="ResourceDefragmentation" ExtensionPoint="Balance" node="ip-172-31-19-34" avgUtilization=0.5444871677602916 minUtilization=0.14 binScore=0.36775641611985427 usageSource="requests"
I0607 05:48:07.012553       1 resourcedefragmentation.go:219] "Node state" plugin="ResourceDefragmentation" ExtensionPoint="Balance" node="ip-172-31-3-39" avgUtilization=0.05581115171122249 minUtilization=0.05 binScore=0.5220944241443888 usageSource="requests"
I0607 05:48:07.012610       1 resourcedefragmentation.go:219] "Node state" plugin="ResourceDefragmentation" ExtensionPoint="Balance" node="ip-172-31-31-146" avgUtilization=0.8445735825803128 minUtilization=0.84 binScore=0.9177132087098436 usageSource="requests"
I0607 05:48:07.012635       1 resourcedefragmentation.go:219] "Node state" plugin="ResourceDefragmentation" ExtensionPoint="Balance" node="ip-172-31-6-144" avgUtilization=0.055816047456713085 minUtilization=0.05 binScore=0.5220919762716434 usageSource="requests"
I0607 05:48:07.012648       1 resourcedefragmentation.go:185] "Skipping control-plane node" plugin="ResourceDefragmentation" ExtensionPoint="Balance" node="ip-172-31-84-108"
I0607 05:48:07.012667       1 resourcedefragmentation.go:219] "Node state" plugin="ResourceDefragmentation" ExtensionPoint="Balance" node="ip-172-31-1-245" avgUtilization=0.5483174838576099 minUtilization=0.41663496771521985 binScore=0.6424762257864148 usageSource="requests"
I0607 05:48:07.012685       1 resourcedefragmentation.go:219] "Node state" plugin="ResourceDefragmentation" ExtensionPoint="Balance" node="ip-172-31-16-198" avgUtilization=0.7130727383892508 minUtilization=0.4461454767785015 binScore=0.5896091075838762 usageSource="requests"
I0607 05:48:07.012743       1 resourcedefragmentation.go:257] "Node is a drain candidate" plugin="ResourceDefragmentation" ExtensionPoint="Balance" node="ip-172-31-19-34" avgUtilization=0.5444871677602916 binScore=0.36775641611985427 imbalanceIndex=-0.8089743355205831 freeSpaceIndex=0.04388207145229854 priority=11.798662107840348
I0607 05:48:07.012891       1 resourcedefragmentation.go:280] "Draining under-utilized node" plugin="ResourceDefragmentation" ExtensionPoint="Balance" node="ip-172-31-19-34" priority=11.798662107840348
I0607 05:48:07.012962       1 resourcedefragmentation.go:867] "Candidate score inputs" plugin="ResourceDefragmentation" pod="defrag-exp/s4-mem-34-67b57f4875-469j4" originNode="ip-172-31-19-34" c1=0.06359733272103738 c2=0.854382388062576 c3=0.2647787154761962 c4=0
I0607 05:48:07.012984       1 resourcedefragmentation.go:867] "Candidate score inputs" plugin="ResourceDefragmentation" pod="defrag-exp/s4-mem-34-67b57f4875-9glth" originNode="ip-172-31-19-34" c1=0.06359733272103738 c2=0.854382388062576 c3=0.2647787154761962 c4=0
I0607 05:48:07.012998       1 resourcedefragmentation.go:867] "Candidate score inputs" plugin="ResourceDefragmentation" pod="defrag-exp/s4-mem-34-67b57f4875-p5r9t" originNode="ip-172-31-19-34" c1=0.06359733272103738 c2=0.854382388062576 c3=0.2647787154761962 c4=0
I0607 05:48:07.013047       1 resourcedefragmentation.go:298] "Eviction decision" plugin="ResourceDefragmentation" ExtensionPoint="Balance" pod="defrag-exp/s4-mem-34-67b57f4875-469j4" originNode="ip-172-31-19-34" predictedTarget="ip-172-31-1-245"
I0607 05:48:07.035888       1 evictions.go:558] "Evicted pod" pod="defrag-exp/s4-mem-34-67b57f4875-469j4" reason="" strategy="ResourceDefragmentation" node="ip-172-31-19-34" profile="default"
I0607 05:48:07.036043       1 resourcedefragmentation.go:867] "Candidate score inputs" plugin="ResourceDefragmentation" pod="defrag-exp/s4-mem-34-67b57f4875-9glth" originNode="ip-172-31-19-34" c1=0.04270276784286004 c2=-999.9 c3=0.2825257679846331 c4=0
I0607 05:48:07.036250       1 resourcedefragmentation.go:867] "Candidate score inputs" plugin="ResourceDefragmentation" pod="defrag-exp/s4-mem-34-67b57f4875-p5r9t" originNode="ip-172-31-19-34" c1=0.04270276784286004 c2=-999.9 c3=0.2825257679846331 c4=0
I0607 05:48:07.036357       1 resourcedefragmentation.go:294] "No feasible scheduler target within ceiling; leaving pod in place" plugin="ResourceDefragmentation" ExtensionPoint="Balance" pod="defrag-exp/s4-mem-34-67b57f4875-9glth" originNode="ip-172-31-19-34"
I0607 05:48:07.036414       1 resourcedefragmentation.go:867] "Candidate score inputs" plugin="ResourceDefragmentation" pod="defrag-exp/s4-mem-34-67b57f4875-p5r9t" originNode="ip-172-31-19-34" c1=0.04270276784286004 c2=-999.9 c3=0.2825257679846331 c4=0
I0607 05:48:07.036452       1 resourcedefragmentation.go:294] "No feasible scheduler target within ceiling; leaving pod in place" plugin="ResourceDefragmentation" ExtensionPoint="Balance" pod="defrag-exp/s4-mem-34-67b57f4875-p5r9t" originNode="ip-172-31-19-34"
I0607 05:48:07.036533       1 profile.go:425] "Total number of evictions/requests" extension point="Balance" evictedPods=1 evictionRequests=0
I0607 05:48:07.036616       1 descheduler.go:252] "Number of evictions/requests" totalEvicted=1 evictionRequests=0
E0607 05:48:07.036767       1 event_broadcaster.go:279] "Unable to write event (may retry after sleeping)" err="Post \"https://10.96.0.1:443/apis/events.k8s.io/v1/namespaces/defrag-exp/events\": context canceled"
I0607 05:48:07.037008       1 reflector.go:373] "Stopping reflector" type="*v1.Pod" resyncPeriod="0s" reflector="k8s.io/client-go/informers/factory.go:161"
I0607 05:48:07.037032       1 reflector.go:373] "Stopping reflector" type="*v1.Node" resyncPeriod="0s" reflector="k8s.io/client-go/informers/factory.go:161"
I0607 05:48:07.037063       1 reflector.go:373] "Stopping reflector" type="*v1.PersistentVolumeClaim" resyncPeriod="0s" reflector="k8s.io/client-go/informers/factory.go:161"
I0607 05:48:07.037419       1 secure_serving.go:259] Stopped listening on [::]:10258
I0607 05:48:07.037536       1 tlsconfig.go:258] "Shutting down DynamicServingCertificateController"
