I0607 05:47:42.259597       1 feature_gate.go:466] feature gates: {map[]}
I0607 05:47:42.425519       1 secure_serving.go:57] Forcing use of http/1.1 only
I0607 05:47:42.425964       1 named_certificates.go:53] "Loaded SNI cert" index=0 certName="self-signed loopback" certDetail="\"apiserver-loopback-client@1780811262\" [serving] validServingFor=[apiserver-loopback-client] issuer=\"apiserver-loopback-client-ca@1780811262\" (2026-06-07 04:47:42 +0000 UTC to 2029-06-07 04:47:42 +0000 UTC (now=2026-06-07 05:47:42.425924627 +0000 UTC))"
I0607 05:47:42.426058       1 secure_serving.go:211] Serving securely on [::]:10258
I0607 05:47:42.426099       1 tracing.go:88] Did not find a trace collector endpoint defined. Switching to NoopTraceProvider
I0607 05:47:42.426124       1 tlsconfig.go:243] "Starting DynamicServingCertificateController"
I0607 05:47:42.426502       1 envvar.go:172] "Feature gate default state" feature="ClientsPreferCBOR" enabled=false
I0607 05:47:42.426538       1 envvar.go:172] "Feature gate default state" feature="InOrderInformers" enabled=true
I0607 05:47:42.426546       1 envvar.go:172] "Feature gate default state" feature="InOrderInformersBatchProcess" enabled=true
I0607 05:47:42.426553       1 envvar.go:172] "Feature gate default state" feature="InformerResourceVersion" enabled=true
I0607 05:47:42.426559       1 envvar.go:172] "Feature gate default state" feature="WatchListClient" enabled=true
I0607 05:47:42.426573       1 envvar.go:172] "Feature gate default state" feature="ClientsAllowCBOR" enabled=false
W0607 05:47:42.436822       1 descheduler.go:333] failed to convert Descheduler minor version '' to float: strconv.ParseFloat: parsing "": invalid syntax
I0607 05:47:42.449245       1 reflector.go:367] "Starting reflector" type="*v1.PersistentVolumeClaim" resyncPeriod="0s" reflector="k8s.io/client-go/informers/factory.go:161"
I0607 05:47:42.449300       1 reflector.go:411] "Listing and watching" type="*v1.PersistentVolumeClaim" reflector="k8s.io/client-go/informers/factory.go:161"
I0607 05:47:42.449333       1 reflector.go:367] "Starting reflector" type="*v1.Node" resyncPeriod="0s" reflector="k8s.io/client-go/informers/factory.go:161"
I0607 05:47:42.449343       1 reflector.go:411] "Listing and watching" type="*v1.Node" reflector="k8s.io/client-go/informers/factory.go:161"
I0607 05:47:42.449268       1 reflector.go:367] "Starting reflector" type="*v1.Pod" resyncPeriod="0s" reflector="k8s.io/client-go/informers/factory.go:161"
I0607 05:47:42.449451       1 reflector.go:411] "Listing and watching" type="*v1.Pod" reflector="k8s.io/client-go/informers/factory.go:161"
I0607 05:47:42.453741       1 reflector.go:446] "Caches populated" type="*v1.PersistentVolumeClaim" reflector="k8s.io/client-go/informers/factory.go:161"
I0607 05:47:42.456837       1 reflector.go:446] "Caches populated" type="*v1.Node" reflector="k8s.io/client-go/informers/factory.go:161"
I0607 05:47:42.462212       1 reflector.go:446] "Caches populated" type="*v1.Pod" reflector="k8s.io/client-go/informers/factory.go:161"
I0607 05:47:42.549888       1 descheduler.go:235] Resetting pod evictor counters
I0607 05:47:42.549979       1 resourcedefragmentation.go:178] "Starting resource defragmentation balance pass" plugin="ResourceDefragmentation" ExtensionPoint="Balance" nodeCount=7
I0607 05:47:42.550036       1 resourcedefragmentation.go:219] "Node state" plugin="ResourceDefragmentation" ExtensionPoint="Balance" node="ip-172-31-3-39" avgUtilization=0.5444917363528262 minUtilization=0.14 binScore=0.3677541318235869 usageSource="requests"
I0607 05:47:42.550080       1 resourcedefragmentation.go:219] "Node state" plugin="ResourceDefragmentation" ExtensionPoint="Balance" node="ip-172-31-31-146" avgUtilization=0.5168922679196415 minUtilization=0.51 binScore=0.7515538660401793 usageSource="requests"
I0607 05:47:42.550097       1 resourcedefragmentation.go:219] "Node state" plugin="ResourceDefragmentation" ExtensionPoint="Balance" node="ip-172-31-6-144" avgUtilization=0.055816047456713085 minUtilization=0.05 binScore=0.5220919762716434 usageSource="requests"
I0607 05:47:42.550116       1 resourcedefragmentation.go:185] "Skipping control-plane node" plugin="ResourceDefragmentation" ExtensionPoint="Balance" node="ip-172-31-84-108"
I0607 05:47:42.550131       1 resourcedefragmentation.go:219] "Node state" plugin="ResourceDefragmentation" ExtensionPoint="Balance" node="ip-172-31-1-245" avgUtilization=0.5501915178420959 minUtilization=0.15038303568419178 binScore=0.37528727676314383 usageSource="requests"
I0607 05:47:42.550146       1 resourcedefragmentation.go:219] "Node state" plugin="ResourceDefragmentation" ExtensionPoint="Balance" node="ip-172-31-16-198" avgUtilization=0.5501792101753828 minUtilization=0.15035842035076571 binScore=0.3752688152630743 usageSource="requests"
I0607 05:47:42.550166       1 resourcedefragmentation.go:219] "Node state" plugin="ResourceDefragmentation" ExtensionPoint="Balance" node="ip-172-31-19-34" avgUtilization=0.5444871677602916 minUtilization=0.14 binScore=0.36775641611985427 usageSource="requests"
I0607 05:47:42.550227       1 resourcedefragmentation.go:257] "Node is a drain candidate" plugin="ResourceDefragmentation" ExtensionPoint="Balance" node="ip-172-31-3-39" avgUtilization=0.5444917363528262 binScore=0.3677541318235869 imbalanceIndex=-0.8089834727056524 freeSpaceIndex=0.04387421347313893 priority=11.800707401084752
I0607 05:47:42.550275       1 resourcedefragmentation.go:257] "Node is a drain candidate" plugin="ResourceDefragmentation" ExtensionPoint="Balance" node="ip-172-31-1-245" avgUtilization=0.5501915178420959 binScore=0.37528727676314383 imbalanceIndex=0.7996169643158082 freeSpaceIndex=0.042480848215790415 priority=12.169818258872901
I0607 05:47:42.550326       1 resourcedefragmentation.go:257] "Node is a drain candidate" plugin="ResourceDefragmentation" ExtensionPoint="Balance" node="ip-172-31-16-198" avgUtilization=0.5501792101753828 binScore=0.3752688152630743 imbalanceIndex=0.7996415796492342 freeSpaceIndex=0.042482078982461716 priority=12.169489572500082
I0607 05:47:42.550359       1 resourcedefragmentation.go:257] "Node is a drain candidate" plugin="ResourceDefragmentation" ExtensionPoint="Balance" node="ip-172-31-19-34" avgUtilization=0.5444871677602916 binScore=0.36775641611985427 imbalanceIndex=-0.8089743355205831 freeSpaceIndex=0.04388207145229854 priority=11.798662107840348
I0607 05:47:42.550385       1 resourcedefragmentation.go:280] "Draining under-utilized node" plugin="ResourceDefragmentation" ExtensionPoint="Balance" node="ip-172-31-1-245" priority=12.169818258872901
I0607 05:47:42.550403       1 resourcedefragmentation.go:867] "Candidate score inputs" plugin="ResourceDefragmentation" pod="defrag-exp/s4-cpu-245-cccd9967b-74q65" originNode="ip-172-31-1-245" c1=0.06486887473396041 c2=0.7125222175150083 c3=0.2652393310959491 c4=0
I0607 05:47:42.550427       1 resourcedefragmentation.go:867] "Candidate score inputs" plugin="ResourceDefragmentation" pod="defrag-exp/s4-cpu-245-cccd9967b-bbbxg" originNode="ip-172-31-1-245" c1=0.06486887473396041 c2=0.7125222175150083 c3=0.2652393310959491 c4=0
I0607 05:47:42.550440       1 resourcedefragmentation.go:867] "Candidate score inputs" plugin="ResourceDefragmentation" pod="defrag-exp/s4-cpu-245-cccd9967b-nz894" originNode="ip-172-31-1-245" c1=0.06486887473396041 c2=0.7125222175150083 c3=0.2652393310959491 c4=0
I0607 05:47:42.550460       1 resourcedefragmentation.go:298] "Eviction decision" plugin="ResourceDefragmentation" ExtensionPoint="Balance" pod="defrag-exp/s4-cpu-245-cccd9967b-74q65" originNode="ip-172-31-1-245" predictedTarget="ip-172-31-31-146"
I0607 05:47:42.573565       1 evictions.go:558] "Evicted pod" pod="defrag-exp/s4-cpu-245-cccd9967b-74q65" reason="" strategy="ResourceDefragmentation" node="ip-172-31-1-245" profile="default"
I0607 05:47:42.573982       1 resourcedefragmentation.go:867] "Candidate score inputs" plugin="ResourceDefragmentation" pod="defrag-exp/s4-cpu-245-cccd9967b-bbbxg" originNode="ip-172-31-1-245" c1=0.04293135748083929 c2=-999.9 c3=0.2829894598980176 c4=0
I0607 05:47:42.574067       1 resourcedefragmentation.go:867] "Candidate score inputs" plugin="ResourceDefragmentation" pod="defrag-exp/s4-cpu-245-cccd9967b-nz894" originNode="ip-172-31-1-245" c1=0.04293135748083929 c2=-999.9 c3=0.2829894598980176 c4=0
I0607 05:47:42.574130       1 resourcedefragmentation.go:294] "No feasible scheduler target within ceiling; leaving pod in place" plugin="ResourceDefragmentation" ExtensionPoint="Balance" pod="defrag-exp/s4-cpu-245-cccd9967b-bbbxg" originNode="ip-172-31-1-245"
I0607 05:47:42.574180       1 resourcedefragmentation.go:867] "Candidate score inputs" plugin="ResourceDefragmentation" pod="defrag-exp/s4-cpu-245-cccd9967b-nz894" originNode="ip-172-31-1-245" c1=0.04293135748083929 c2=-999.9 c3=0.2829894598980176 c4=0
I0607 05:47:42.574220       1 resourcedefragmentation.go:294] "No feasible scheduler target within ceiling; leaving pod in place" plugin="ResourceDefragmentation" ExtensionPoint="Balance" pod="defrag-exp/s4-cpu-245-cccd9967b-nz894" originNode="ip-172-31-1-245"
I0607 05:47:42.574278       1 resourcedefragmentation.go:280] "Draining under-utilized node" plugin="ResourceDefragmentation" ExtensionPoint="Balance" node="ip-172-31-16-198" priority=12.169489572500082
I0607 05:47:42.574358       1 resourcedefragmentation.go:867] "Candidate score inputs" plugin="ResourceDefragmentation" pod="defrag-exp/s4-cpu-198-c8bbfc967-d8qrd" originNode="ip-172-31-16-198" c1=0.06487203329718091 c2=-999.9 c3=0.265245020869741 c4=0
I0607 05:47:42.574485       1 resourcedefragmentation.go:867] "Candidate score inputs" plugin="ResourceDefragmentation" pod="defrag-exp/s4-cpu-198-c8bbfc967-m6kgj" originNode="ip-172-31-16-198" c1=0.06487203329718091 c2=-999.9 c3=0.265245020869741 c4=0
I0607 05:47:42.574533       1 resourcedefragmentation.go:867] "Candidate score inputs" plugin="ResourceDefragmentation" pod="defrag-exp/s4-cpu-198-c8bbfc967-tpplm" originNode="ip-172-31-16-198" c1=0.06487203329718091 c2=-999.9 c3=0.265245020869741 c4=0
I0607 05:47:42.574571       1 resourcedefragmentation.go:294] "No feasible scheduler target within ceiling; leaving pod in place" plugin="ResourceDefragmentation" ExtensionPoint="Balance" pod="defrag-exp/s4-cpu-198-c8bbfc967-d8qrd" originNode="ip-172-31-16-198"
I0607 05:47:42.574747       1 resourcedefragmentation.go:867] "Candidate score inputs" plugin="ResourceDefragmentation" pod="defrag-exp/s4-cpu-198-c8bbfc967-m6kgj" originNode="ip-172-31-16-198" c1=0.06487203329718091 c2=-999.9 c3=0.265245020869741 c4=0
I0607 05:47:42.574769       1 resourcedefragmentation.go:867] "Candidate score inputs" plugin="ResourceDefragmentation" pod="defrag-exp/s4-cpu-198-c8bbfc967-tpplm" originNode="ip-172-31-16-198" c1=0.06487203329718091 c2=-999.9 c3=0.265245020869741 c4=0
I0607 05:47:42.574785       1 resourcedefragmentation.go:294] "No feasible scheduler target within ceiling; leaving pod in place" plugin="ResourceDefragmentation" ExtensionPoint="Balance" pod="defrag-exp/s4-cpu-198-c8bbfc967-m6kgj" originNode="ip-172-31-16-198"
I0607 05:47:42.574795       1 resourcedefragmentation.go:867] "Candidate score inputs" plugin="ResourceDefragmentation" pod="defrag-exp/s4-cpu-198-c8bbfc967-tpplm" originNode="ip-172-31-16-198" c1=0.06487203329718091 c2=-999.9 c3=0.265245020869741 c4=0
I0607 05:47:42.575694       1 resourcedefragmentation.go:294] "No feasible scheduler target within ceiling; leaving pod in place" plugin="ResourceDefragmentation" ExtensionPoint="Balance" pod="defrag-exp/s4-cpu-198-c8bbfc967-tpplm" originNode="ip-172-31-16-198"
I0607 05:47:42.575712       1 resourcedefragmentation.go:280] "Draining under-utilized node" plugin="ResourceDefragmentation" ExtensionPoint="Balance" node="ip-172-31-3-39" priority=11.800707401084752
I0607 05:47:42.575747       1 resourcedefragmentation.go:867] "Candidate score inputs" plugin="ResourceDefragmentation" pod="defrag-exp/s4-mem-39-5d5899dbd4-z8wfm" originNode="ip-172-31-3-39" c1=0.06359934486949317 c2=0.9177132087098436 c3=0.2647809760395153 c4=0
I0607 05:47:42.575760       1 resourcedefragmentation.go:867] "Candidate score inputs" plugin="ResourceDefragmentation" pod="defrag-exp/s4-mem-39-5d5899dbd4-f65gl" originNode="ip-172-31-3-39" c1=0.06359934486949317 c2=0.9177132087098436 c3=0.2647809760395153 c4=0
I0607 05:47:42.575779       1 resourcedefragmentation.go:867] "Candidate score inputs" plugin="ResourceDefragmentation" pod="defrag-exp/s4-mem-39-5d5899dbd4-jgzd2" originNode="ip-172-31-3-39" c1=0.06359934486949317 c2=0.9177132087098436 c3=0.2647809760395153 c4=0
I0607 05:47:42.575796       1 resourcedefragmentation.go:298] "Eviction decision" plugin="ResourceDefragmentation" ExtensionPoint="Balance" pod="defrag-exp/s4-mem-39-5d5899dbd4-z8wfm" originNode="ip-172-31-3-39" predictedTarget="ip-172-31-31-146"
E0607 05:47:42.576959       1 event_broadcaster.go:270] "Server rejected event (will not retry!)" err="events.events.k8s.io is forbidden: User \"system:serviceaccount:kube-system:descheduler\" cannot create resource \"events\" in API group \"events.k8s.io\" in the namespace \"defrag-exp\"" event="&Event{ObjectMeta:{s4-cpu-245-cccd9967b-74q65.18b6b6687db6dcc7  defrag-exp    0 0001-01-01 00:00:00 +0000 UTC <nil> <nil> map[] map[] [] [] []},EventTime:2026-06-07 05:47:42.573584206 +0000 UTC m=+0.348816768,Series:nil,ReportingController:sigs.k8s.io.descheduler,ReportingInstance:sigs.k8s.io.descheduler-descheduler-job-4sh2s,Action:Descheduled,Reason:ResourceDefragmentation,Regarding:{Pod defrag-exp s4-cpu-245-cccd9967b-74q65 76074629-69f2-4d0a-8db4-745894c90280 v1 371593 },Related:nil,Note:pod eviction from ip-172-31-1-245 node by sigs.k8s.io/descheduler,Type:Normal,DeprecatedSource:{ },DeprecatedFirstTimestamp:0001-01-01 00:00:00 +0000 UTC,DeprecatedLastTimestamp:0001-01-01 00:00:00 +0000 UTC,DeprecatedCount:0,}"
I0607 05:47:42.676768       1 evictions.go:558] "Evicted pod" pod="defrag-exp/s4-mem-39-5d5899dbd4-z8wfm" reason="" strategy="ResourceDefragmentation" node="ip-172-31-3-39" profile="default"
I0607 05:47:42.676882       1 resourcedefragmentation.go:867] "Candidate score inputs" plugin="ResourceDefragmentation" pod="defrag-exp/s4-mem-39-5d5899dbd4-f65gl" originNode="ip-172-31-3-39" c1=0.0427041310191288 c2=0.6424762257864148 c3=0.2825281994251795 c4=0
I0607 05:47:42.676913       1 resourcedefragmentation.go:867] "Candidate score inputs" plugin="ResourceDefragmentation" pod="defrag-exp/s4-mem-39-5d5899dbd4-jgzd2" originNode="ip-172-31-3-39" c1=0.0427041310191288 c2=0.6424762257864148 c3=0.2825281994251795 c4=0
I0607 05:47:42.676930       1 resourcedefragmentation.go:298] "Eviction decision" plugin="ResourceDefragmentation" ExtensionPoint="Balance" pod="defrag-exp/s4-mem-39-5d5899dbd4-f65gl" originNode="ip-172-31-3-39" predictedTarget="ip-172-31-1-245"
E0607 05:47:42.679700       1 event_broadcaster.go:270] "Server rejected event (will not retry!)" err="events.events.k8s.io is forbidden: User \"system:serviceaccount:kube-system:descheduler\" cannot create resource \"events\" in API group \"events.k8s.io\" in the namespace \"defrag-exp\"" event="&Event{ObjectMeta:{s4-mem-39-5d5899dbd4-z8wfm.18b6b66883ddd826  defrag-exp    0 0001-01-01 00:00:00 +0000 UTC <nil> <nil> map[] map[] [] [] []},EventTime:2026-06-07 05:47:42.676807241 +0000 UTC m=+0.452039800,Series:nil,ReportingController:sigs.k8s.io.descheduler,ReportingInstance:sigs.k8s.io.descheduler-descheduler-job-4sh2s,Action:Descheduled,Reason:ResourceDefragmentation,Regarding:{Pod defrag-exp s4-mem-39-5d5899dbd4-z8wfm 84e82f76-9204-4253-913e-95c55e971aba v1 371752 },Related:nil,Note:pod eviction from ip-172-31-3-39 node by sigs.k8s.io/descheduler,Type:Normal,DeprecatedSource:{ },DeprecatedFirstTimestamp:0001-01-01 00:00:00 +0000 UTC,DeprecatedLastTimestamp:0001-01-01 00:00:00 +0000 UTC,DeprecatedCount:0,}"
I0607 05:47:42.774976       1 evictions.go:558] "Evicted pod" pod="defrag-exp/s4-mem-39-5d5899dbd4-f65gl" reason="" strategy="ResourceDefragmentation" node="ip-172-31-3-39" profile="default"
I0607 05:47:42.775072       1 resourcedefragmentation.go:867] "Candidate score inputs" plugin="ResourceDefragmentation" pod="defrag-exp/s4-mem-39-5d5899dbd4-jgzd2" originNode="ip-172-31-3-39" c1=0.021808917168764437 c2=0.854382388062576 c3=0.30027542281084363 c4=0
I0607 05:47:42.775138       1 resourcedefragmentation.go:298] "Eviction decision" plugin="ResourceDefragmentation" ExtensionPoint="Balance" pod="defrag-exp/s4-mem-39-5d5899dbd4-jgzd2" originNode="ip-172-31-3-39" predictedTarget="ip-172-31-1-245"
E0607 05:47:42.778585       1 event_broadcaster.go:270] "Server rejected event (will not retry!)" err="events.events.k8s.io is forbidden: User \"system:serviceaccount:kube-system:descheduler\" cannot create resource \"events\" in API group \"events.k8s.io\" in the namespace \"defrag-exp\"" event="&Event{ObjectMeta:{s4-mem-39-5d5899dbd4-f65gl.18b6b66889b87403  defrag-exp    0 0001-01-01 00:00:00 +0000 UTC <nil> <nil> map[] map[] [] [] []},EventTime:2026-06-07 05:47:42.774997758 +0000 UTC m=+0.550230317,Series:nil,ReportingController:sigs.k8s.io.descheduler,ReportingInstance:sigs.k8s.io.descheduler-descheduler-job-4sh2s,Action:Descheduled,Reason:ResourceDefragmentation,Regarding:{Pod defrag-exp s4-mem-39-5d5899dbd4-f65gl 08c63ab6-5d2f-4fee-8941-243ddbee64f1 v1 371758 },Related:nil,Note:pod eviction from ip-172-31-3-39 node by sigs.k8s.io/descheduler,Type:Normal,DeprecatedSource:{ },DeprecatedFirstTimestamp:0001-01-01 00:00:00 +0000 UTC,DeprecatedLastTimestamp:0001-01-01 00:00:00 +0000 UTC,DeprecatedCount:0,}"
I0607 05:47:42.894255       1 evictions.go:558] "Evicted pod" pod="defrag-exp/s4-mem-39-5d5899dbd4-jgzd2" reason="" strategy="ResourceDefragmentation" node="ip-172-31-3-39" profile="default"
I0607 05:47:42.894315       1 resourcedefragmentation.go:280] "Draining under-utilized node" plugin="ResourceDefragmentation" ExtensionPoint="Balance" node="ip-172-31-19-34" priority=11.798662107840348
I0607 05:47:42.894346       1 resourcedefragmentation.go:867] "Candidate score inputs" plugin="ResourceDefragmentation" pod="defrag-exp/s4-mem-34-67b57f4875-469j4" originNode="ip-172-31-19-34" c1=0.06359733272103738 c2=-999.9 c3=0.2647787154761962 c4=0
I0607 05:47:42.894359       1 resourcedefragmentation.go:867] "Candidate score inputs" plugin="ResourceDefragmentation" pod="defrag-exp/s4-mem-34-67b57f4875-p5r9t" originNode="ip-172-31-19-34" c1=0.06359733272103738 c2=-999.9 c3=0.2647787154761962 c4=0
I0607 05:47:42.894371       1 resourcedefragmentation.go:867] "Candidate score inputs" plugin="ResourceDefragmentation" pod="defrag-exp/s4-mem-34-67b57f4875-9glth" originNode="ip-172-31-19-34" c1=0.06359733272103738 c2=-999.9 c3=0.2647787154761962 c4=0
I0607 05:47:42.894392       1 resourcedefragmentation.go:294] "No feasible scheduler target within ceiling; leaving pod in place" plugin="ResourceDefragmentation" ExtensionPoint="Balance" pod="defrag-exp/s4-mem-34-67b57f4875-469j4" originNode="ip-172-31-19-34"
I0607 05:47:42.894406       1 resourcedefragmentation.go:867] "Candidate score inputs" plugin="ResourceDefragmentation" pod="defrag-exp/s4-mem-34-67b57f4875-p5r9t" originNode="ip-172-31-19-34" c1=0.06359733272103738 c2=-999.9 c3=0.2647787154761962 c4=0
I0607 05:47:42.894435       1 resourcedefragmentation.go:867] "Candidate score inputs" plugin="ResourceDefragmentation" pod="defrag-exp/s4-mem-34-67b57f4875-9glth" originNode="ip-172-31-19-34" c1=0.06359733272103738 c2=-999.9 c3=0.2647787154761962 c4=0
I0607 05:47:42.894448       1 resourcedefragmentation.go:294] "No feasible scheduler target within ceiling; leaving pod in place" plugin="ResourceDefragmentation" ExtensionPoint="Balance" pod="defrag-exp/s4-mem-34-67b57f4875-p5r9t" originNode="ip-172-31-19-34"
I0607 05:47:42.894457       1 resourcedefragmentation.go:867] "Candidate score inputs" plugin="ResourceDefragmentation" pod="defrag-exp/s4-mem-34-67b57f4875-9glth" originNode="ip-172-31-19-34" c1=0.06359733272103738 c2=-999.9 c3=0.2647787154761962 c4=0
I0607 05:47:42.894470       1 resourcedefragmentation.go:294] "No feasible scheduler target within ceiling; leaving pod in place" plugin="ResourceDefragmentation" ExtensionPoint="Balance" pod="defrag-exp/s4-mem-34-67b57f4875-9glth" originNode="ip-172-31-19-34"
I0607 05:47:42.894505       1 profile.go:425] "Total number of evictions/requests" extension point="Balance" evictedPods=4 evictionRequests=0
I0607 05:47:42.894538       1 descheduler.go:252] "Number of evictions/requests" totalEvicted=4 evictionRequests=0
E0607 05:47:42.894680       1 event_broadcaster.go:279] "Unable to write event (may retry after sleeping)" err="Post \"https://10.96.0.1:443/apis/events.k8s.io/v1/namespaces/defrag-exp/events\": context canceled"
I0607 05:47:42.894858       1 reflector.go:373] "Stopping reflector" type="*v1.Pod" resyncPeriod="0s" reflector="k8s.io/client-go/informers/factory.go:161"
I0607 05:47:42.895010       1 reflector.go:373] "Stopping reflector" type="*v1.Node" resyncPeriod="0s" reflector="k8s.io/client-go/informers/factory.go:161"
I0607 05:47:42.895150       1 reflector.go:373] "Stopping reflector" type="*v1.PersistentVolumeClaim" resyncPeriod="0s" reflector="k8s.io/client-go/informers/factory.go:161"
I0607 05:47:42.895487       1 secure_serving.go:259] Stopped listening on [::]:10258
I0607 05:47:42.895526       1 tlsconfig.go:258] "Shutting down DynamicServingCertificateController"
