I0605 15:12:17.794448       1 feature_gate.go:466] feature gates: {map[]}
I0605 15:12:17.987644       1 secure_serving.go:57] Forcing use of http/1.1 only
I0605 15:12:17.988910       1 named_certificates.go:53] "Loaded SNI cert" index=0 certName="self-signed loopback" certDetail="\"apiserver-loopback-client@1780672337\" [serving] validServingFor=[apiserver-loopback-client] issuer=\"apiserver-loopback-client-ca@1780672337\" (2026-06-05 14:12:17 +0000 UTC to 2029-06-05 14:12:17 +0000 UTC (now=2026-06-05 15:12:17.988064888 +0000 UTC))"
I0605 15:12:17.988975       1 secure_serving.go:211] Serving securely on [::]:10258
I0605 15:12:17.988997       1 tracing.go:88] Did not find a trace collector endpoint defined. Switching to NoopTraceProvider
I0605 15:12:17.989007       1 tlsconfig.go:243] "Starting DynamicServingCertificateController"
I0605 15:12:17.991554       1 envvar.go:172] "Feature gate default state" feature="InOrderInformers" enabled=true
I0605 15:12:17.991585       1 envvar.go:172] "Feature gate default state" feature="InOrderInformersBatchProcess" enabled=true
I0605 15:12:17.991593       1 envvar.go:172] "Feature gate default state" feature="InformerResourceVersion" enabled=true
I0605 15:12:17.991598       1 envvar.go:172] "Feature gate default state" feature="WatchListClient" enabled=true
I0605 15:12:17.991604       1 envvar.go:172] "Feature gate default state" feature="ClientsAllowCBOR" enabled=false
I0605 15:12:17.991609       1 envvar.go:172] "Feature gate default state" feature="ClientsPreferCBOR" enabled=false
W0605 15:12:18.009030       1 descheduler.go:333] failed to convert Descheduler minor version '' to float: strconv.ParseFloat: parsing "": invalid syntax
I0605 15:12:18.021512       1 reflector.go:367] "Starting reflector" type="*v1.PersistentVolumeClaim" resyncPeriod="0s" reflector="k8s.io/client-go/informers/factory.go:161"
I0605 15:12:18.021543       1 reflector.go:411] "Listing and watching" type="*v1.PersistentVolumeClaim" reflector="k8s.io/client-go/informers/factory.go:161"
I0605 15:12:18.021569       1 reflector.go:367] "Starting reflector" type="*v1.Pod" resyncPeriod="0s" reflector="k8s.io/client-go/informers/factory.go:161"
I0605 15:12:18.021581       1 reflector.go:411] "Listing and watching" type="*v1.Pod" reflector="k8s.io/client-go/informers/factory.go:161"
I0605 15:12:18.022544       1 reflector.go:367] "Starting reflector" type="*v1.Node" resyncPeriod="0s" reflector="k8s.io/client-go/informers/factory.go:161"
I0605 15:12:18.022630       1 reflector.go:411] "Listing and watching" type="*v1.Node" reflector="k8s.io/client-go/informers/factory.go:161"
I0605 15:12:18.029585       1 reflector.go:446] "Caches populated" type="*v1.PersistentVolumeClaim" reflector="k8s.io/client-go/informers/factory.go:161"
I0605 15:12:18.030662       1 reflector.go:446] "Caches populated" type="*v1.Node" reflector="k8s.io/client-go/informers/factory.go:161"
I0605 15:12:18.034218       1 reflector.go:446] "Caches populated" type="*v1.Pod" reflector="k8s.io/client-go/informers/factory.go:161"
I0605 15:12:18.122167       1 descheduler.go:235] Resetting pod evictor counters
I0605 15:12:18.122231       1 resourcedefragmentation.go:158] "Starting resource defragmentation balance pass" plugin="ResourceDefragmentation" ExtensionPoint="Balance" nodeCount=7
I0605 15:12:18.122285       1 resourcedefragmentation.go:199] "Node state" plugin="ResourceDefragmentation" ExtensionPoint="Balance" node="ip-172-31-31-146" avgUtilization=0.304053533602927 minUtilization=0.3 binScore=0.6479732331985364 usageSource="requests"
I0605 15:12:18.122337       1 resourcedefragmentation.go:199] "Node state" plugin="ResourceDefragmentation" ExtensionPoint="Balance" node="ip-172-31-6-144" avgUtilization=0.304053533602927 minUtilization=0.3 binScore=0.6479732331985364 usageSource="requests"
I0605 15:12:18.122352       1 resourcedefragmentation.go:165] "Skipping control-plane node" plugin="ResourceDefragmentation" ExtensionPoint="Balance" node="ip-172-31-84-108"
I0605 15:12:18.122366       1 resourcedefragmentation.go:199] "Node state" plugin="ResourceDefragmentation" ExtensionPoint="Balance" node="ip-172-31-1-245" avgUtilization=0.3040542752468479 minUtilization=0.3 binScore=0.6479728623765761 usageSource="requests"
I0605 15:12:18.122388       1 resourcedefragmentation.go:199] "Node state" plugin="ResourceDefragmentation" ExtensionPoint="Balance" node="ip-172-31-16-198" avgUtilization=0.304053533602927 minUtilization=0.3 binScore=0.6479732331985364 usageSource="requests"
I0605 15:12:18.122410       1 resourcedefragmentation.go:199] "Node state" plugin="ResourceDefragmentation" ExtensionPoint="Balance" node="ip-172-31-19-34" avgUtilization=0.3040542752468479 minUtilization=0.3 binScore=0.6479728623765761 usageSource="requests"
I0605 15:12:18.122431       1 resourcedefragmentation.go:199] "Node state" plugin="ResourceDefragmentation" ExtensionPoint="Balance" node="ip-172-31-3-39" avgUtilization=0.304053533602927 minUtilization=0.3 binScore=0.6479732331985364 usageSource="requests"
I0605 15:12:18.122473       1 resourcedefragmentation.go:237] "Node is a drain candidate" plugin="ResourceDefragmentation" ExtensionPoint="Balance" node="ip-172-31-31-146" avgUtilization=0.304053533602927 binScore=0.6479732331985364 imbalanceIndex=-0.008107067205854024 freeSpaceIndex=0.48432505295590217 priority=1.036418051699183
I0605 15:12:18.122495       1 resourcedefragmentation.go:237] "Node is a drain candidate" plugin="ResourceDefragmentation" ExtensionPoint="Balance" node="ip-172-31-6-144" avgUtilization=0.304053533602927 binScore=0.6479732331985364 imbalanceIndex=-0.008107067205854024 freeSpaceIndex=0.48432505295590217 priority=1.036418051699183
I0605 15:12:18.122516       1 resourcedefragmentation.go:237] "Node is a drain candidate" plugin="ResourceDefragmentation" ExtensionPoint="Balance" node="ip-172-31-1-245" avgUtilization=0.3040542752468479 binScore=0.6479728623765761 imbalanceIndex=-0.008108550493695799 freeSpaceIndex=0.48432401465441294 priority=1.036421006542499
I0605 15:12:18.122535       1 resourcedefragmentation.go:237] "Node is a drain candidate" plugin="ResourceDefragmentation" ExtensionPoint="Balance" node="ip-172-31-16-198" avgUtilization=0.304053533602927 binScore=0.6479732331985364 imbalanceIndex=-0.008107067205854024 freeSpaceIndex=0.48432505295590217 priority=1.036418051699183
I0605 15:12:18.122556       1 resourcedefragmentation.go:237] "Node is a drain candidate" plugin="ResourceDefragmentation" ExtensionPoint="Balance" node="ip-172-31-19-34" avgUtilization=0.3040542752468479 binScore=0.6479728623765761 imbalanceIndex=-0.008108550493695799 freeSpaceIndex=0.48432401465441294 priority=1.036421006542499
I0605 15:12:18.122590       1 resourcedefragmentation.go:237] "Node is a drain candidate" plugin="ResourceDefragmentation" ExtensionPoint="Balance" node="ip-172-31-3-39" avgUtilization=0.304053533602927 binScore=0.6479732331985364 imbalanceIndex=-0.008107067205854024 freeSpaceIndex=0.48432505295590217 priority=1.036418051699183
I0605 15:12:18.122635       1 resourcedefragmentation.go:260] "Draining under-utilized node" plugin="ResourceDefragmentation" ExtensionPoint="Balance" node="ip-172-31-1-245" priority=1.036421006542499
I0605 15:12:18.122681       1 resourcedefragmentation.go:757] "Candidate score inputs" plugin="ResourceDefragmentation" pod="defrag-exp/s1-fill-245-7659c95b6c-sdlch" originNode="ip-172-31-1-245" c1=-0.000001780414503119157 c2=0.7109125264779511 c3=0.18816225285120763 c4=0
I0605 15:12:18.122711       1 resourcedefragmentation.go:757] "Candidate score inputs" plugin="ResourceDefragmentation" pod="defrag-exp/s1-fill-245-7659c95b6c-4t4wj" originNode="ip-172-31-1-245" c1=-0.000001780414503119157 c2=0.7109125264779511 c3=0.18816225285120763 c4=0
I0605 15:12:18.122743       1 resourcedefragmentation.go:278] "Eviction decision" plugin="ResourceDefragmentation" ExtensionPoint="Balance" pod="defrag-exp/s1-fill-245-7659c95b6c-sdlch" originNode="ip-172-31-1-245" predictedTarget="ip-172-31-31-146"
I0605 15:12:18.147442       1 evictions.go:558] "Evicted pod" pod="defrag-exp/s1-fill-245-7659c95b6c-sdlch" reason="" strategy="ResourceDefragmentation" node="ip-172-31-1-245" profile="default"
I0605 15:12:18.148490       1 resourcedefragmentation.go:757] "Candidate score inputs" plugin="ResourceDefragmentation" pod="defrag-exp/s1-fill-245-7659c95b6c-4t4wj" originNode="ip-172-31-1-245" c1=-0.000002166111078447549 c2=0.7738518197573657 c3=0.2189731079005772 c4=0
I0605 15:12:18.148532       1 resourcedefragmentation.go:278] "Eviction decision" plugin="ResourceDefragmentation" ExtensionPoint="Balance" pod="defrag-exp/s1-fill-245-7659c95b6c-4t4wj" originNode="ip-172-31-1-245" predictedTarget="ip-172-31-31-146"
E0605 15:12:18.150950       1 event_broadcaster.go:270] "Server rejected event (will not retry!)" err="events.events.k8s.io is forbidden: User \"system:serviceaccount:kube-system:descheduler\" cannot create resource \"events\" in API group \"events.k8s.io\" in the namespace \"defrag-exp\"" event="&Event{ObjectMeta:{s1-fill-245-7659c95b6c-sdlch.18b6380ea0a53eb0  defrag-exp    0 0001-01-01 00:00:00 +0000 UTC <nil> <nil> map[] map[] [] [] []},EventTime:2026-06-05 15:12:18.147459326 +0000 UTC m=+0.524025580,Series:nil,ReportingController:sigs.k8s.io.descheduler,ReportingInstance:sigs.k8s.io.descheduler-descheduler-job-pxw72,Action:Descheduled,Reason:ResourceDefragmentation,Regarding:{Pod defrag-exp s1-fill-245-7659c95b6c-sdlch 9dd2e940-d4a2-4816-976b-8590340753d3 v1 214281 },Related:nil,Note:pod eviction from ip-172-31-1-245 node by sigs.k8s.io/descheduler,Type:Normal,DeprecatedSource:{ },DeprecatedFirstTimestamp:0001-01-01 00:00:00 +0000 UTC,DeprecatedLastTimestamp:0001-01-01 00:00:00 +0000 UTC,DeprecatedCount:0,}"
I0605 15:12:18.248754       1 evictions.go:558] "Evicted pod" pod="defrag-exp/s1-fill-245-7659c95b6c-4t4wj" reason="" strategy="ResourceDefragmentation" node="ip-172-31-1-245" profile="default"
I0605 15:12:18.248835       1 resourcedefragmentation.go:260] "Draining under-utilized node" plugin="ResourceDefragmentation" ExtensionPoint="Balance" node="ip-172-31-19-34" priority=1.036421006542499
I0605 15:12:18.248866       1 resourcedefragmentation.go:757] "Candidate score inputs" plugin="ResourceDefragmentation" pod="defrag-exp/s1-fill-34-65d8fd768c-jl6b7" originNode="ip-172-31-19-34" c1=-0.000001780414503119157 c2=0.8367911130367802 c3=0.18816225285120763 c4=0
I0605 15:12:18.248881       1 resourcedefragmentation.go:757] "Candidate score inputs" plugin="ResourceDefragmentation" pod="defrag-exp/s1-fill-34-65d8fd768c-w6vdn" originNode="ip-172-31-19-34" c1=-0.000001780414503119157 c2=0.8367911130367802 c3=0.18816225285120763 c4=0
I0605 15:12:18.248900       1 resourcedefragmentation.go:278] "Eviction decision" plugin="ResourceDefragmentation" ExtensionPoint="Balance" pod="defrag-exp/s1-fill-34-65d8fd768c-jl6b7" originNode="ip-172-31-19-34" predictedTarget="ip-172-31-31-146"
E0605 15:12:18.252881       1 event_broadcaster.go:270] "Server rejected event (will not retry!)" err="events.events.k8s.io is forbidden: User \"system:serviceaccount:kube-system:descheduler\" cannot create resource \"events\" in API group \"events.k8s.io\" in the namespace \"defrag-exp\"" event="&Event{ObjectMeta:{s1-fill-245-7659c95b6c-4t4wj.18b6380ea6aece63  defrag-exp    0 0001-01-01 00:00:00 +0000 UTC <nil> <nil> map[] map[] [] [] []},EventTime:2026-06-05 15:12:18.248772181 +0000 UTC m=+0.625338430,Series:nil,ReportingController:sigs.k8s.io.descheduler,ReportingInstance:sigs.k8s.io.descheduler-descheduler-job-pxw72,Action:Descheduled,Reason:ResourceDefragmentation,Regarding:{Pod defrag-exp s1-fill-245-7659c95b6c-4t4wj fd0f4ef5-c545-441b-9931-be61acb0b216 v1 214286 },Related:nil,Note:pod eviction from ip-172-31-1-245 node by sigs.k8s.io/descheduler,Type:Normal,DeprecatedSource:{ },DeprecatedFirstTimestamp:0001-01-01 00:00:00 +0000 UTC,DeprecatedLastTimestamp:0001-01-01 00:00:00 +0000 UTC,DeprecatedCount:0,}"
I0605 15:12:18.352499       1 evictions.go:558] "Evicted pod" pod="defrag-exp/s1-fill-34-65d8fd768c-jl6b7" reason="" strategy="ResourceDefragmentation" node="ip-172-31-19-34" profile="default"
I0605 15:12:18.353501       1 resourcedefragmentation.go:757] "Candidate score inputs" plugin="ResourceDefragmentation" pod="defrag-exp/s1-fill-34-65d8fd768c-w6vdn" originNode="ip-172-31-19-34" c1=-0.000002166111078447549 c2=0.8997304063161948 c3=0.2189731079005772 c4=0
I0605 15:12:18.353686       1 resourcedefragmentation.go:278] "Eviction decision" plugin="ResourceDefragmentation" ExtensionPoint="Balance" pod="defrag-exp/s1-fill-34-65d8fd768c-w6vdn" originNode="ip-172-31-19-34" predictedTarget="ip-172-31-31-146"
E0605 15:12:18.360280       1 event_broadcaster.go:270] "Server rejected event (will not retry!)" err="events.events.k8s.io is forbidden: User \"system:serviceaccount:kube-system:descheduler\" cannot create resource \"events\" in API group \"events.k8s.io\" in the namespace \"defrag-exp\"" event="&Event{ObjectMeta:{s1-fill-34-65d8fd768c-jl6b7.18b6380eacea7bd4  defrag-exp    0 0001-01-01 00:00:00 +0000 UTC <nil> <nil> map[] map[] [] [] []},EventTime:2026-06-05 15:12:18.3533489 +0000 UTC m=+0.729915155,Series:nil,ReportingController:sigs.k8s.io.descheduler,ReportingInstance:sigs.k8s.io.descheduler-descheduler-job-pxw72,Action:Descheduled,Reason:ResourceDefragmentation,Regarding:{Pod defrag-exp s1-fill-34-65d8fd768c-jl6b7 5c77c93f-2728-4852-bf94-fdc84b53626e v1 214365 },Related:nil,Note:pod eviction from ip-172-31-19-34 node by sigs.k8s.io/descheduler,Type:Normal,DeprecatedSource:{ },DeprecatedFirstTimestamp:0001-01-01 00:00:00 +0000 UTC,DeprecatedLastTimestamp:0001-01-01 00:00:00 +0000 UTC,DeprecatedCount:0,}"
I0605 15:12:18.461827       1 evictions.go:558] "Evicted pod" pod="defrag-exp/s1-fill-34-65d8fd768c-w6vdn" reason="" strategy="ResourceDefragmentation" node="ip-172-31-19-34" profile="default"
I0605 15:12:18.462107       1 resourcedefragmentation.go:257] "Skipping node now serving as a bin" plugin="ResourceDefragmentation" ExtensionPoint="Balance" node="ip-172-31-31-146"
I0605 15:12:18.462130       1 resourcedefragmentation.go:260] "Draining under-utilized node" plugin="ResourceDefragmentation" ExtensionPoint="Balance" node="ip-172-31-6-144" priority=1.036418051699183
I0605 15:12:18.462153       1 resourcedefragmentation.go:757] "Candidate score inputs" plugin="ResourceDefragmentation" pod="defrag-exp/s1-fill-144-75b6ddcffc-9gmzr" originNode="ip-172-31-6-144" c1=-0.0000017806900696470697 c2=0.9619909012131715 c3=0.18816194877720005 c4=0
I0605 15:12:18.462166       1 resourcedefragmentation.go:757] "Candidate score inputs" plugin="ResourceDefragmentation" pod="defrag-exp/s1-fill-144-75b6ddcffc-kztvl" originNode="ip-172-31-6-144" c1=-0.0000017806900696470697 c2=0.9619909012131715 c3=0.18816194877720005 c4=0
I0605 15:12:18.462187       1 resourcedefragmentation.go:278] "Eviction decision" plugin="ResourceDefragmentation" ExtensionPoint="Balance" pod="defrag-exp/s1-fill-144-75b6ddcffc-9gmzr" originNode="ip-172-31-6-144" predictedTarget="ip-172-31-31-146"
E0605 15:12:18.504039       1 event_broadcaster.go:270] "Server rejected event (will not retry!)" err="events.events.k8s.io is forbidden: User \"system:serviceaccount:kube-system:descheduler\" cannot create resource \"events\" in API group \"events.k8s.io\" in the namespace \"defrag-exp\"" event="&Event{ObjectMeta:{s1-fill-34-65d8fd768c-w6vdn.18b6380eb36562e6  defrag-exp    0 0001-01-01 00:00:00 +0000 UTC <nil> <nil> map[] map[] [] [] []},EventTime:2026-06-05 15:12:18.462064166 +0000 UTC m=+0.838630439,Series:nil,ReportingController:sigs.k8s.io.descheduler,ReportingInstance:sigs.k8s.io.descheduler-descheduler-job-pxw72,Action:Descheduled,Reason:ResourceDefragmentation,Regarding:{Pod defrag-exp s1-fill-34-65d8fd768c-w6vdn d7556ba9-7de7-4779-821b-989b2e8283de v1 214359 },Related:nil,Note:pod eviction from ip-172-31-19-34 node by sigs.k8s.io/descheduler,Type:Normal,DeprecatedSource:{ },DeprecatedFirstTimestamp:0001-01-01 00:00:00 +0000 UTC,DeprecatedLastTimestamp:0001-01-01 00:00:00 +0000 UTC,DeprecatedCount:0,}"
I0605 15:12:18.566684       1 evictions.go:558] "Evicted pod" pod="defrag-exp/s1-fill-144-75b6ddcffc-9gmzr" reason="" strategy="ResourceDefragmentation" node="ip-172-31-6-144" profile="default"
I0605 15:12:18.566786       1 resourcedefragmentation.go:757] "Candidate score inputs" plugin="ResourceDefragmentation" pod="defrag-exp/s1-fill-144-75b6ddcffc-kztvl" originNode="ip-172-31-6-144" c1=-0.0000021666472403247363 c2=0.7109125264779511 c3=0.21897265549778547 c4=0
I0605 15:12:18.566819       1 resourcedefragmentation.go:278] "Eviction decision" plugin="ResourceDefragmentation" ExtensionPoint="Balance" pod="defrag-exp/s1-fill-144-75b6ddcffc-kztvl" originNode="ip-172-31-6-144" predictedTarget="ip-172-31-3-39"
E0605 15:12:18.581988       1 event_broadcaster.go:270] "Server rejected event (will not retry!)" err="events.events.k8s.io is forbidden: User \"system:serviceaccount:kube-system:descheduler\" cannot create resource \"events\" in API group \"events.k8s.io\" in the namespace \"defrag-exp\"" event="&Event{ObjectMeta:{s1-fill-144-75b6ddcffc-9gmzr.18b6380eb9a269db  defrag-exp    0 0001-01-01 00:00:00 +0000 UTC <nil> <nil> map[] map[] [] [] []},EventTime:2026-06-05 15:12:18.566718391 +0000 UTC m=+0.943284643,Series:nil,ReportingController:sigs.k8s.io.descheduler,ReportingInstance:sigs.k8s.io.descheduler-descheduler-job-pxw72,Action:Descheduled,Reason:ResourceDefragmentation,Regarding:{Pod defrag-exp s1-fill-144-75b6ddcffc-9gmzr 9e7094f5-100e-41ba-9eb6-adec1c60b9d7 v1 214482 },Related:nil,Note:pod eviction from ip-172-31-6-144 node by sigs.k8s.io/descheduler,Type:Normal,DeprecatedSource:{ },DeprecatedFirstTimestamp:0001-01-01 00:00:00 +0000 UTC,DeprecatedLastTimestamp:0001-01-01 00:00:00 +0000 UTC,DeprecatedCount:0,}"
I0605 15:12:18.651229       1 evictions.go:558] "Evicted pod" pod="defrag-exp/s1-fill-144-75b6ddcffc-kztvl" reason="" strategy="ResourceDefragmentation" node="ip-172-31-6-144" profile="default"
I0605 15:12:18.651293       1 resourcedefragmentation.go:260] "Draining under-utilized node" plugin="ResourceDefragmentation" ExtensionPoint="Balance" node="ip-172-31-16-198" priority=1.036418051699183
I0605 15:12:18.651407       1 resourcedefragmentation.go:757] "Candidate score inputs" plugin="ResourceDefragmentation" pod="defrag-exp/s1-fill-198-6f65649bd4-jswf5" originNode="ip-172-31-16-198" c1=-0.0000017806900696470697 c2=0.7738518197573657 c3=0.18816194877720005 c4=0
I0605 15:12:18.651984       1 resourcedefragmentation.go:757] "Candidate score inputs" plugin="ResourceDefragmentation" pod="defrag-exp/s1-fill-198-6f65649bd4-7qljq" originNode="ip-172-31-16-198" c1=-0.0000017806900696470697 c2=0.7738518197573657 c3=0.18816194877720005 c4=0
I0605 15:12:18.652011       1 resourcedefragmentation.go:278] "Eviction decision" plugin="ResourceDefragmentation" ExtensionPoint="Balance" pod="defrag-exp/s1-fill-198-6f65649bd4-jswf5" originNode="ip-172-31-16-198" predictedTarget="ip-172-31-3-39"
E0605 15:12:18.662924       1 event_broadcaster.go:270] "Server rejected event (will not retry!)" err="events.events.k8s.io is forbidden: User \"system:serviceaccount:kube-system:descheduler\" cannot create resource \"events\" in API group \"events.k8s.io\" in the namespace \"defrag-exp\"" event="&Event{ObjectMeta:{s1-fill-144-75b6ddcffc-kztvl.18b6380ebeac2dbc  defrag-exp    0 0001-01-01 00:00:00 +0000 UTC <nil> <nil> map[] map[] [] [] []},EventTime:2026-06-05 15:12:18.651252018 +0000 UTC m=+1.027818268,Series:nil,ReportingController:sigs.k8s.io.descheduler,ReportingInstance:sigs.k8s.io.descheduler-descheduler-job-pxw72,Action:Descheduled,Reason:ResourceDefragmentation,Regarding:{Pod defrag-exp s1-fill-144-75b6ddcffc-kztvl c8d26713-a579-4670-ab8b-9e6722ae8790 v1 214486 },Related:nil,Note:pod eviction from ip-172-31-6-144 node by sigs.k8s.io/descheduler,Type:Normal,DeprecatedSource:{ },DeprecatedFirstTimestamp:0001-01-01 00:00:00 +0000 UTC,DeprecatedLastTimestamp:0001-01-01 00:00:00 +0000 UTC,DeprecatedCount:0,}"
I0605 15:12:18.752137       1 evictions.go:558] "Evicted pod" pod="defrag-exp/s1-fill-198-6f65649bd4-jswf5" reason="" strategy="ResourceDefragmentation" node="ip-172-31-16-198" profile="default"
I0605 15:12:18.752204       1 resourcedefragmentation.go:757] "Candidate score inputs" plugin="ResourceDefragmentation" pod="defrag-exp/s1-fill-198-6f65649bd4-7qljq" originNode="ip-172-31-16-198" c1=-0.0000021666472403247363 c2=0.8367911130367802 c3=0.21897265549778547 c4=0
I0605 15:12:18.752236       1 resourcedefragmentation.go:278] "Eviction decision" plugin="ResourceDefragmentation" ExtensionPoint="Balance" pod="defrag-exp/s1-fill-198-6f65649bd4-7qljq" originNode="ip-172-31-16-198" predictedTarget="ip-172-31-3-39"
E0605 15:12:18.755011       1 event_broadcaster.go:270] "Server rejected event (will not retry!)" err="events.events.k8s.io is forbidden: User \"system:serviceaccount:kube-system:descheduler\" cannot create resource \"events\" in API group \"events.k8s.io\" in the namespace \"defrag-exp\"" event="&Event{ObjectMeta:{s1-fill-198-6f65649bd4-jswf5.18b6380ec4afe94b  defrag-exp    0 0001-01-01 00:00:00 +0000 UTC <nil> <nil> map[] map[] [] [] []},EventTime:2026-06-05 15:12:18.752162096 +0000 UTC m=+1.128728347,Series:nil,ReportingController:sigs.k8s.io.descheduler,ReportingInstance:sigs.k8s.io.descheduler-descheduler-job-pxw72,Action:Descheduled,Reason:ResourceDefragmentation,Regarding:{Pod defrag-exp s1-fill-198-6f65649bd4-jswf5 acb40590-8529-4752-a071-2354c337cdb7 v1 214320 },Related:nil,Note:pod eviction from ip-172-31-16-198 node by sigs.k8s.io/descheduler,Type:Normal,DeprecatedSource:{ },DeprecatedFirstTimestamp:0001-01-01 00:00:00 +0000 UTC,DeprecatedLastTimestamp:0001-01-01 00:00:00 +0000 UTC,DeprecatedCount:0,}"
I0605 15:12:18.851615       1 evictions.go:558] "Evicted pod" pod="defrag-exp/s1-fill-198-6f65649bd4-7qljq" reason="" strategy="ResourceDefragmentation" node="ip-172-31-16-198" profile="default"
I0605 15:12:18.851707       1 resourcedefragmentation.go:257] "Skipping node now serving as a bin" plugin="ResourceDefragmentation" ExtensionPoint="Balance" node="ip-172-31-3-39"
I0605 15:12:18.851778       1 profile.go:425] "Total number of evictions/requests" extension point="Balance" evictedPods=8 evictionRequests=0
I0605 15:12:18.861487       1 descheduler.go:252] "Number of evictions/requests" totalEvicted=8 evictionRequests=0
E0605 15:12:18.870859       1 event_broadcaster.go:279] "Unable to write event (may retry after sleeping)" err="Post \"https://10.96.0.1:443/apis/events.k8s.io/v1/namespaces/defrag-exp/events\": context canceled"
I0605 15:12:18.870936       1 reflector.go:373] "Stopping reflector" type="*v1.Pod" resyncPeriod="0s" reflector="k8s.io/client-go/informers/factory.go:161"
I0605 15:12:18.870963       1 reflector.go:373] "Stopping reflector" type="*v1.Node" resyncPeriod="0s" reflector="k8s.io/client-go/informers/factory.go:161"
I0605 15:12:18.881817       1 secure_serving.go:259] Stopped listening on [::]:10258
