I0605 15:13:08.462663       1 feature_gate.go:466] feature gates: {map[]}
I0605 15:13:08.692177       1 secure_serving.go:57] Forcing use of http/1.1 only
I0605 15:13:08.692641       1 named_certificates.go:53] "Loaded SNI cert" index=0 certName="self-signed loopback" certDetail="\"apiserver-loopback-client@1780672388\" [serving] validServingFor=[apiserver-loopback-client] issuer=\"apiserver-loopback-client-ca@1780672388\" (2026-06-05 14:13:08 +0000 UTC to 2029-06-05 14:13:08 +0000 UTC (now=2026-06-05 15:13:08.692601238 +0000 UTC))"
I0605 15:13:08.692688       1 secure_serving.go:211] Serving securely on [::]:10258
I0605 15:13:08.692731       1 tlsconfig.go:243] "Starting DynamicServingCertificateController"
I0605 15:13:08.692803       1 tracing.go:88] Did not find a trace collector endpoint defined. Switching to NoopTraceProvider
I0605 15:13:08.693213       1 envvar.go:172] "Feature gate default state" feature="InOrderInformers" enabled=true
I0605 15:13:08.693235       1 envvar.go:172] "Feature gate default state" feature="InOrderInformersBatchProcess" enabled=true
I0605 15:13:08.693242       1 envvar.go:172] "Feature gate default state" feature="InformerResourceVersion" enabled=true
I0605 15:13:08.693249       1 envvar.go:172] "Feature gate default state" feature="WatchListClient" enabled=true
I0605 15:13:08.693255       1 envvar.go:172] "Feature gate default state" feature="ClientsAllowCBOR" enabled=false
I0605 15:13:08.693261       1 envvar.go:172] "Feature gate default state" feature="ClientsPreferCBOR" enabled=false
W0605 15:13:08.701649       1 descheduler.go:333] failed to convert Descheduler minor version '' to float: strconv.ParseFloat: parsing "": invalid syntax
I0605 15:13:08.711600       1 reflector.go:367] "Starting reflector" type="*v1.Node" resyncPeriod="0s" reflector="k8s.io/client-go/informers/factory.go:161"
I0605 15:13:08.711640       1 reflector.go:411] "Listing and watching" type="*v1.Node" reflector="k8s.io/client-go/informers/factory.go:161"
I0605 15:13:08.711678       1 reflector.go:367] "Starting reflector" type="*v1.PersistentVolumeClaim" resyncPeriod="0s" reflector="k8s.io/client-go/informers/factory.go:161"
I0605 15:13:08.711689       1 reflector.go:411] "Listing and watching" type="*v1.PersistentVolumeClaim" reflector="k8s.io/client-go/informers/factory.go:161"
I0605 15:13:08.711600       1 reflector.go:367] "Starting reflector" type="*v1.Pod" resyncPeriod="0s" reflector="k8s.io/client-go/informers/factory.go:161"
I0605 15:13:08.711780       1 reflector.go:411] "Listing and watching" type="*v1.Pod" reflector="k8s.io/client-go/informers/factory.go:161"
I0605 15:13:08.716035       1 reflector.go:446] "Caches populated" type="*v1.PersistentVolumeClaim" reflector="k8s.io/client-go/informers/factory.go:161"
I0605 15:13:08.719427       1 reflector.go:446] "Caches populated" type="*v1.Node" reflector="k8s.io/client-go/informers/factory.go:161"
I0605 15:13:08.722070       1 reflector.go:446] "Caches populated" type="*v1.Pod" reflector="k8s.io/client-go/informers/factory.go:161"
I0605 15:13:08.812221       1 descheduler.go:235] Resetting pod evictor counters
I0605 15:13:08.812517       1 resourcedefragmentation.go:158] "Starting resource defragmentation balance pass" plugin="ResourceDefragmentation" ExtensionPoint="Balance" nodeCount=7
I0605 15:13:08.812582       1 resourcedefragmentation.go:199] "Node state" plugin="ResourceDefragmentation" ExtensionPoint="Balance" node="ip-172-31-3-39" avgUtilization=0.6764177739264394 minUtilization=0.675 binScore=0.8367911130367802 usageSource="requests"
I0605 15:13:08.812641       1 resourcedefragmentation.go:199] "Node state" plugin="ResourceDefragmentation" ExtensionPoint="Balance" node="ip-172-31-31-146" avgUtilization=0.055810706720585405 minUtilization=0.05 binScore=0.5220946466397073 usageSource="requests"
I0605 15:13:08.812661       1 resourcedefragmentation.go:199] "Node state" plugin="ResourceDefragmentation" ExtensionPoint="Balance" node="ip-172-31-6-144" avgUtilization=0.055810706720585405 minUtilization=0.05 binScore=0.5220946466397073 usageSource="requests"
I0605 15:13:08.812694       1 resourcedefragmentation.go:165] "Skipping control-plane node" plugin="ResourceDefragmentation" ExtensionPoint="Balance" node="ip-172-31-84-108"
I0605 15:13:08.812711       1 resourcedefragmentation.go:199] "Node state" plugin="ResourceDefragmentation" ExtensionPoint="Balance" node="ip-172-31-1-245" avgUtilization=0.055810855049369584 minUtilization=0.05 binScore=0.5220945724753152 usageSource="requests"
I0605 15:13:08.812725       1 resourcedefragmentation.go:199] "Node state" plugin="ResourceDefragmentation" ExtensionPoint="Balance" node="ip-172-31-16-198" avgUtilization=0.055810706720585405 minUtilization=0.05 binScore=0.5220946466397073 usageSource="requests"
I0605 15:13:08.812773       1 resourcedefragmentation.go:199] "Node state" plugin="ResourceDefragmentation" ExtensionPoint="Balance" node="ip-172-31-19-34" avgUtilization=0.9246628257405438 minUtilization=0.9243256514810875 binScore=0.9619942386108156 usageSource="requests"
I0605 15:13:08.812851       1 profile.go:425] "Total number of evictions/requests" extension point="Balance" evictedPods=0 evictionRequests=0
I0605 15:13:08.812876       1 descheduler.go:252] "Number of evictions/requests" totalEvicted=0 evictionRequests=0
I0605 15:13:08.813165       1 reflector.go:373] "Stopping reflector" type="*v1.Pod" resyncPeriod="0s" reflector="k8s.io/client-go/informers/factory.go:161"
I0605 15:13:08.813243       1 reflector.go:373] "Stopping reflector" type="*v1.Node" resyncPeriod="0s" reflector="k8s.io/client-go/informers/factory.go:161"
I0605 15:13:08.813347       1 reflector.go:373] "Stopping reflector" type="*v1.PersistentVolumeClaim" resyncPeriod="0s" reflector="k8s.io/client-go/informers/factory.go:161"
I0605 15:13:08.813703       1 tlsconfig.go:258] "Shutting down DynamicServingCertificateController"
I0605 15:13:08.813748       1 secure_serving.go:259] Stopped listening on [::]:10258
