### S6 SUITE START (2026-06-06 14:35:47)  seeds=1 penalty=0
### scenarios: s6-c1 s6-c3 s6-c4 s6-mix
### policies:  topsis just-c1 just-c2 just-c3 just-c4 largest lowest-priority random
============================================================
### s6-c1 / policy=topsis seed=1/1 (14:35:47)
============================================================
Using workers: ip-172-31-1-245 ip-172-31-16-198 ip-172-31-19-34 ip-172-31-3-39 ip-172-31-31-146 ip-172-31-6-144
Results -> /home/ubuntu/experiment/results/s6-c1/20260606-143555-topsis-k1
== BEFORE ==
== METRICS (before) ==
workers=6  N_active=4  N_empty=2
S (stranding, sum|cpuFrac-memFrac|) = 1.572
H_balanced(200m/80Mi)=30   H_skewed(700m/20Mi)=7
node                  cpuReq  /alloc  memReqMi  /allocMi   cpuF   memF  exp
ip-172-31-1-245         1050    2000       210       811   0.53   0.26    3
ip-172-31-16-198        1400    2000        90       811   0.70   0.11    1
ip-172-31-19-34          160    2000       610       811   0.08   0.75    1
ip-172-31-3-39          1400    2000       550       811   0.70   0.68    2
ip-172-31-31-146         100    2000        50       811   0.05   0.06    0
ip-172-31-6-144          100    2000        50       811   0.05   0.06    0
METRICS_JSON {"label": "before", "workers": 6, "N_active": 4, "N_empty": 2, "S": 1.5724, "H_balanced": 30, "H_skewed": 7}
  pass 1: running descheduler job...
  pass 1: 3 eviction decision(s)
  pass 2: running descheduler job...
  pass 2: 0 eviction decision(s)
== AFTER ==
== METRICS (after) ==
workers=6  N_active=3  N_empty=3
S (stranding, sum|cpuFrac-memFrac|) = 0.352
H_balanced(200m/80Mi)=36   H_skewed(700m/20Mi)=7
node                  cpuReq  /alloc  memReqMi  /allocMi   cpuF   memF  exp
ip-172-31-1-245          650    2000        65       811   0.33   0.08    1
ip-172-31-16-198        1860    2000       795       811   0.93   0.98    4
ip-172-31-19-34          100    2000        50       811   0.05   0.06    0
ip-172-31-3-39          1400    2000       550       811   0.70   0.68    2
ip-172-31-31-146         100    2000        50       811   0.05   0.06    0
ip-172-31-6-144          100    2000        50       811   0.05   0.06    0
METRICS_JSON {"label": "after", "workers": 6, "N_active": 3, "N_empty": 3, "S": 0.3517, "H_balanced": 36, "H_skewed": 7}
scenario:            s6-c1
timestamp:           20260606-143555-topsis-k1
per_pass_evictions:  3 0
total_evictions(E):  3
converged:           1   (1 = a pass evicted 0)
passes_run:          2 (max 5)
Done. Raw json, per-pass logs, metrics and summary in: /home/ubuntu/experiment/results/s6-c1/20260606-143555-topsis-k1
============================================================
### s6-c1 / policy=just-c1 seed=1/1 (14:36:47)
============================================================
Using workers: ip-172-31-1-245 ip-172-31-16-198 ip-172-31-19-34 ip-172-31-3-39 ip-172-31-31-146 ip-172-31-6-144
Results -> /home/ubuntu/experiment/results/s6-c1/20260606-143656-just-c1-k1
== BEFORE ==
== METRICS (before) ==
workers=6  N_active=4  N_empty=2
S (stranding, sum|cpuFrac-memFrac|) = 1.572
H_balanced(200m/80Mi)=30   H_skewed(700m/20Mi)=7
node                  cpuReq  /alloc  memReqMi  /allocMi   cpuF   memF  exp
ip-172-31-1-245         1050    2000       210       811   0.53   0.26    3
ip-172-31-16-198        1400    2000        90       811   0.70   0.11    1
ip-172-31-19-34          160    2000       610       811   0.08   0.75    1
ip-172-31-3-39          1400    2000       550       811   0.70   0.68    2
ip-172-31-31-146         100    2000        50       811   0.05   0.06    0
ip-172-31-6-144          100    2000        50       811   0.05   0.06    0
METRICS_JSON {"label": "before", "workers": 6, "N_active": 4, "N_empty": 2, "S": 1.5724, "H_balanced": 30, "H_skewed": 7}
  pass 1: running descheduler job...
  pass 1: 3 eviction decision(s)
  pass 2: running descheduler job...
  pass 2: 0 eviction decision(s)
== AFTER ==
== METRICS (after) ==
workers=6  N_active=3  N_empty=3
S (stranding, sum|cpuFrac-memFrac|) = 0.352
H_balanced(200m/80Mi)=36   H_skewed(700m/20Mi)=7
node                  cpuReq  /alloc  memReqMi  /allocMi   cpuF   memF  exp
ip-172-31-1-245          650    2000        65       811   0.33   0.08    1
ip-172-31-16-198        1860    2000       795       811   0.93   0.98    4
ip-172-31-19-34          100    2000        50       811   0.05   0.06    0
ip-172-31-3-39          1400    2000       550       811   0.70   0.68    2
ip-172-31-31-146         100    2000        50       811   0.05   0.06    0
ip-172-31-6-144          100    2000        50       811   0.05   0.06    0
METRICS_JSON {"label": "after", "workers": 6, "N_active": 3, "N_empty": 3, "S": 0.3517, "H_balanced": 36, "H_skewed": 7}
scenario:            s6-c1
timestamp:           20260606-143656-just-c1-k1
per_pass_evictions:  3 0
total_evictions(E):  3
converged:           1   (1 = a pass evicted 0)
passes_run:          2 (max 5)
Done. Raw json, per-pass logs, metrics and summary in: /home/ubuntu/experiment/results/s6-c1/20260606-143656-just-c1-k1
============================================================
### s6-c1 / policy=just-c2 seed=1/1 (14:37:48)
============================================================
Using workers: ip-172-31-1-245 ip-172-31-16-198 ip-172-31-19-34 ip-172-31-3-39 ip-172-31-31-146 ip-172-31-6-144
Results -> /home/ubuntu/experiment/results/s6-c1/20260606-143757-just-c2-k1
== BEFORE ==
== METRICS (before) ==
workers=6  N_active=4  N_empty=2
S (stranding, sum|cpuFrac-memFrac|) = 1.572
H_balanced(200m/80Mi)=30   H_skewed(700m/20Mi)=7
node                  cpuReq  /alloc  memReqMi  /allocMi   cpuF   memF  exp
ip-172-31-1-245         1050    2000       210       811   0.53   0.26    3
ip-172-31-16-198        1400    2000        90       811   0.70   0.11    1
ip-172-31-19-34          160    2000       610       811   0.08   0.75    1
ip-172-31-3-39          1400    2000       550       811   0.70   0.68    2
ip-172-31-31-146         100    2000        50       811   0.05   0.06    0
ip-172-31-6-144          100    2000        50       811   0.05   0.06    0
METRICS_JSON {"label": "before", "workers": 6, "N_active": 4, "N_empty": 2, "S": 1.5724, "H_balanced": 30, "H_skewed": 7}
  pass 1: running descheduler job...
  pass 1: 3 eviction decision(s)
  pass 2: running descheduler job...
  pass 2: 0 eviction decision(s)
== AFTER ==
== METRICS (after) ==
workers=6  N_active=3  N_empty=3
S (stranding, sum|cpuFrac-memFrac|) = 0.394
H_balanced(200m/80Mi)=36   H_skewed(700m/20Mi)=7
node                  cpuReq  /alloc  memReqMi  /allocMi   cpuF   memF  exp
ip-172-31-1-245          650    2000        65       811   0.33   0.08    1
ip-172-31-16-198        1460    2000       650       811   0.73   0.80    2
ip-172-31-19-34          100    2000        50       811   0.05   0.06    0
ip-172-31-3-39          1800    2000       695       811   0.90   0.86    4
ip-172-31-31-146         100    2000        50       811   0.05   0.06    0
ip-172-31-6-144          100    2000        50       811   0.05   0.06    0
METRICS_JSON {"label": "after", "workers": 6, "N_active": 3, "N_empty": 3, "S": 0.3943, "H_balanced": 36, "H_skewed": 7}
scenario:            s6-c1
timestamp:           20260606-143757-just-c2-k1
per_pass_evictions:  3 0
total_evictions(E):  3
converged:           1   (1 = a pass evicted 0)
passes_run:          2 (max 5)
Done. Raw json, per-pass logs, metrics and summary in: /home/ubuntu/experiment/results/s6-c1/20260606-143757-just-c2-k1
============================================================
### s6-c1 / policy=just-c3 seed=1/1 (14:38:48)
============================================================
Using workers: ip-172-31-1-245 ip-172-31-16-198 ip-172-31-19-34 ip-172-31-3-39 ip-172-31-31-146 ip-172-31-6-144
Results -> /home/ubuntu/experiment/results/s6-c1/20260606-143857-just-c3-k1
== BEFORE ==
== METRICS (before) ==
workers=6  N_active=4  N_empty=2
S (stranding, sum|cpuFrac-memFrac|) = 1.572
H_balanced(200m/80Mi)=30   H_skewed(700m/20Mi)=7
node                  cpuReq  /alloc  memReqMi  /allocMi   cpuF   memF  exp
ip-172-31-1-245         1050    2000       210       811   0.53   0.26    3
ip-172-31-16-198        1400    2000        90       811   0.70   0.11    1
ip-172-31-19-34          160    2000       610       811   0.08   0.75    1
ip-172-31-3-39          1400    2000       550       811   0.70   0.68    2
ip-172-31-31-146         100    2000        50       811   0.05   0.06    0
ip-172-31-6-144          100    2000        50       811   0.05   0.06    0
METRICS_JSON {"label": "before", "workers": 6, "N_active": 4, "N_empty": 2, "S": 1.5724, "H_balanced": 30, "H_skewed": 7}
  pass 1: running descheduler job...
  pass 1: 3 eviction decision(s)
  pass 2: running descheduler job...
  pass 2: 0 eviction decision(s)
== AFTER ==
== METRICS (after) ==
workers=6  N_active=3  N_empty=3
S (stranding, sum|cpuFrac-memFrac|) = 0.352
H_balanced(200m/80Mi)=36   H_skewed(700m/20Mi)=7
node                  cpuReq  /alloc  memReqMi  /allocMi   cpuF   memF  exp
ip-172-31-1-245          650    2000        65       811   0.33   0.08    1
ip-172-31-16-198        1860    2000       795       811   0.93   0.98    4
ip-172-31-19-34          100    2000        50       811   0.05   0.06    0
ip-172-31-3-39          1400    2000       550       811   0.70   0.68    2
ip-172-31-31-146         100    2000        50       811   0.05   0.06    0
ip-172-31-6-144          100    2000        50       811   0.05   0.06    0
METRICS_JSON {"label": "after", "workers": 6, "N_active": 3, "N_empty": 3, "S": 0.3517, "H_balanced": 36, "H_skewed": 7}
scenario:            s6-c1
timestamp:           20260606-143857-just-c3-k1
per_pass_evictions:  3 0
total_evictions(E):  3
converged:           1   (1 = a pass evicted 0)
passes_run:          2 (max 5)
Done. Raw json, per-pass logs, metrics and summary in: /home/ubuntu/experiment/results/s6-c1/20260606-143857-just-c3-k1
============================================================
### s6-c1 / policy=just-c4 seed=1/1 (14:39:49)
============================================================
Using workers: ip-172-31-1-245 ip-172-31-16-198 ip-172-31-19-34 ip-172-31-3-39 ip-172-31-31-146 ip-172-31-6-144
Results -> /home/ubuntu/experiment/results/s6-c1/20260606-143957-just-c4-k1
== BEFORE ==
== METRICS (before) ==
workers=6  N_active=4  N_empty=2
S (stranding, sum|cpuFrac-memFrac|) = 1.572
H_balanced(200m/80Mi)=30   H_skewed(700m/20Mi)=7
node                  cpuReq  /alloc  memReqMi  /allocMi   cpuF   memF  exp
ip-172-31-1-245         1050    2000       210       811   0.53   0.26    3
ip-172-31-16-198        1400    2000        90       811   0.70   0.11    1
ip-172-31-19-34          160    2000       610       811   0.08   0.75    1
ip-172-31-3-39          1400    2000       550       811   0.70   0.68    2
ip-172-31-31-146         100    2000        50       811   0.05   0.06    0
ip-172-31-6-144          100    2000        50       811   0.05   0.06    0
METRICS_JSON {"label": "before", "workers": 6, "N_active": 4, "N_empty": 2, "S": 1.5724, "H_balanced": 30, "H_skewed": 7}
  pass 1: running descheduler job...
  pass 1: 3 eviction decision(s)
  pass 2: running descheduler job...
  pass 2: 0 eviction decision(s)
== AFTER ==
== METRICS (after) ==
workers=6  N_active=3  N_empty=3
S (stranding, sum|cpuFrac-memFrac|) = 0.394
H_balanced(200m/80Mi)=36   H_skewed(700m/20Mi)=7
node                  cpuReq  /alloc  memReqMi  /allocMi   cpuF   memF  exp
ip-172-31-1-245          650    2000        65       811   0.33   0.08    1
ip-172-31-16-198        1460    2000       650       811   0.73   0.80    2
ip-172-31-19-34          100    2000        50       811   0.05   0.06    0
ip-172-31-3-39          1800    2000       695       811   0.90   0.86    4
ip-172-31-31-146         100    2000        50       811   0.05   0.06    0
ip-172-31-6-144          100    2000        50       811   0.05   0.06    0
METRICS_JSON {"label": "after", "workers": 6, "N_active": 3, "N_empty": 3, "S": 0.3943, "H_balanced": 36, "H_skewed": 7}
scenario:            s6-c1
timestamp:           20260606-143957-just-c4-k1
per_pass_evictions:  3 0
total_evictions(E):  3
converged:           1   (1 = a pass evicted 0)
passes_run:          2 (max 5)
Done. Raw json, per-pass logs, metrics and summary in: /home/ubuntu/experiment/results/s6-c1/20260606-143957-just-c4-k1
============================================================
### s6-c1 / policy=largest seed=1/1 (14:40:49)
============================================================
Using workers: ip-172-31-1-245 ip-172-31-16-198 ip-172-31-19-34 ip-172-31-3-39 ip-172-31-31-146 ip-172-31-6-144
Results -> /home/ubuntu/experiment/results/s6-c1/20260606-144057-largest-k1
== BEFORE ==
== METRICS (before) ==
workers=6  N_active=4  N_empty=2
S (stranding, sum|cpuFrac-memFrac|) = 1.572
H_balanced(200m/80Mi)=30   H_skewed(700m/20Mi)=7
node                  cpuReq  /alloc  memReqMi  /allocMi   cpuF   memF  exp
ip-172-31-1-245         1050    2000       210       811   0.53   0.26    3
ip-172-31-16-198        1400    2000        90       811   0.70   0.11    1
ip-172-31-19-34          160    2000       610       811   0.08   0.75    1
ip-172-31-3-39          1400    2000       550       811   0.70   0.68    2
ip-172-31-31-146         100    2000        50       811   0.05   0.06    0
ip-172-31-6-144          100    2000        50       811   0.05   0.06    0
METRICS_JSON {"label": "before", "workers": 6, "N_active": 4, "N_empty": 2, "S": 1.5724, "H_balanced": 30, "H_skewed": 7}
  pass 1: running descheduler job...
  pass 1: 3 eviction decision(s)
  pass 2: running descheduler job...
  pass 2: 0 eviction decision(s)
== AFTER ==
== METRICS (after) ==
workers=6  N_active=3  N_empty=3
S (stranding, sum|cpuFrac-memFrac|) = 0.352
H_balanced(200m/80Mi)=36   H_skewed(700m/20Mi)=7
node                  cpuReq  /alloc  memReqMi  /allocMi   cpuF   memF  exp
ip-172-31-1-245          650    2000        65       811   0.33   0.08    1
ip-172-31-16-198        1860    2000       795       811   0.93   0.98    4
ip-172-31-19-34          100    2000        50       811   0.05   0.06    0
ip-172-31-3-39          1400    2000       550       811   0.70   0.68    2
ip-172-31-31-146         100    2000        50       811   0.05   0.06    0
ip-172-31-6-144          100    2000        50       811   0.05   0.06    0
METRICS_JSON {"label": "after", "workers": 6, "N_active": 3, "N_empty": 3, "S": 0.3517, "H_balanced": 36, "H_skewed": 7}
scenario:            s6-c1
timestamp:           20260606-144057-largest-k1
per_pass_evictions:  3 0
total_evictions(E):  3
converged:           1   (1 = a pass evicted 0)
passes_run:          2 (max 5)
Done. Raw json, per-pass logs, metrics and summary in: /home/ubuntu/experiment/results/s6-c1/20260606-144057-largest-k1
============================================================
### s6-c1 / policy=lowest-priority seed=1/1 (14:41:49)
============================================================
Using workers: ip-172-31-1-245 ip-172-31-16-198 ip-172-31-19-34 ip-172-31-3-39 ip-172-31-31-146 ip-172-31-6-144
Results -> /home/ubuntu/experiment/results/s6-c1/20260606-144157-lowest-priority-k1
== BEFORE ==
== METRICS (before) ==
workers=6  N_active=4  N_empty=2
S (stranding, sum|cpuFrac-memFrac|) = 1.572
H_balanced(200m/80Mi)=30   H_skewed(700m/20Mi)=7
node                  cpuReq  /alloc  memReqMi  /allocMi   cpuF   memF  exp
ip-172-31-1-245         1050    2000       210       811   0.53   0.26    3
ip-172-31-16-198        1400    2000        90       811   0.70   0.11    1
ip-172-31-19-34          160    2000       610       811   0.08   0.75    1
ip-172-31-3-39          1400    2000       550       811   0.70   0.68    2
ip-172-31-31-146         100    2000        50       811   0.05   0.06    0
ip-172-31-6-144          100    2000        50       811   0.05   0.06    0
METRICS_JSON {"label": "before", "workers": 6, "N_active": 4, "N_empty": 2, "S": 1.5724, "H_balanced": 30, "H_skewed": 7}
  pass 1: running descheduler job...
  pass 1: 3 eviction decision(s)
  pass 2: running descheduler job...
  pass 2: 0 eviction decision(s)
== AFTER ==
== METRICS (after) ==
workers=6  N_active=3  N_empty=3
S (stranding, sum|cpuFrac-memFrac|) = 0.394
H_balanced(200m/80Mi)=36   H_skewed(700m/20Mi)=7
node                  cpuReq  /alloc  memReqMi  /allocMi   cpuF   memF  exp
ip-172-31-1-245          650    2000        65       811   0.33   0.08    1
ip-172-31-16-198        1460    2000       650       811   0.73   0.80    2
ip-172-31-19-34          100    2000        50       811   0.05   0.06    0
ip-172-31-3-39          1800    2000       695       811   0.90   0.86    4
ip-172-31-31-146         100    2000        50       811   0.05   0.06    0
ip-172-31-6-144          100    2000        50       811   0.05   0.06    0
METRICS_JSON {"label": "after", "workers": 6, "N_active": 3, "N_empty": 3, "S": 0.3943, "H_balanced": 36, "H_skewed": 7}
scenario:            s6-c1
timestamp:           20260606-144157-lowest-priority-k1
per_pass_evictions:  3 0
total_evictions(E):  3
converged:           1   (1 = a pass evicted 0)
passes_run:          2 (max 5)
Done. Raw json, per-pass logs, metrics and summary in: /home/ubuntu/experiment/results/s6-c1/20260606-144157-lowest-priority-k1
============================================================
### s6-c1 / policy=random seed=1/1 (14:42:50)
============================================================
Using workers: ip-172-31-1-245 ip-172-31-16-198 ip-172-31-19-34 ip-172-31-3-39 ip-172-31-31-146 ip-172-31-6-144
Results -> /home/ubuntu/experiment/results/s6-c1/20260606-144258-random-k1
== BEFORE ==
== METRICS (before) ==
workers=6  N_active=4  N_empty=2
S (stranding, sum|cpuFrac-memFrac|) = 1.572
H_balanced(200m/80Mi)=30   H_skewed(700m/20Mi)=7
node                  cpuReq  /alloc  memReqMi  /allocMi   cpuF   memF  exp
ip-172-31-1-245         1050    2000       210       811   0.53   0.26    3
ip-172-31-16-198        1400    2000        90       811   0.70   0.11    1
ip-172-31-19-34          160    2000       610       811   0.08   0.75    1
ip-172-31-3-39          1400    2000       550       811   0.70   0.68    2
ip-172-31-31-146         100    2000        50       811   0.05   0.06    0
ip-172-31-6-144          100    2000        50       811   0.05   0.06    0
METRICS_JSON {"label": "before", "workers": 6, "N_active": 4, "N_empty": 2, "S": 1.5724, "H_balanced": 30, "H_skewed": 7}
  pass 1: running descheduler job...
  pass 1: 3 eviction decision(s)
  pass 2: running descheduler job...
  pass 2: 0 eviction decision(s)
== AFTER ==
== METRICS (after) ==
workers=6  N_active=3  N_empty=3
S (stranding, sum|cpuFrac-memFrac|) = 0.394
H_balanced(200m/80Mi)=36   H_skewed(700m/20Mi)=7
node                  cpuReq  /alloc  memReqMi  /allocMi   cpuF   memF  exp
ip-172-31-1-245          650    2000        65       811   0.33   0.08    1
ip-172-31-16-198        1460    2000       650       811   0.73   0.80    2
ip-172-31-19-34          100    2000        50       811   0.05   0.06    0
ip-172-31-3-39          1800    2000       695       811   0.90   0.86    4
ip-172-31-31-146         100    2000        50       811   0.05   0.06    0
ip-172-31-6-144          100    2000        50       811   0.05   0.06    0
METRICS_JSON {"label": "after", "workers": 6, "N_active": 3, "N_empty": 3, "S": 0.3943, "H_balanced": 36, "H_skewed": 7}
scenario:            s6-c1
timestamp:           20260606-144258-random-k1
per_pass_evictions:  3 0
total_evictions(E):  3
converged:           1   (1 = a pass evicted 0)
passes_run:          2 (max 5)
Done. Raw json, per-pass logs, metrics and summary in: /home/ubuntu/experiment/results/s6-c1/20260606-144258-random-k1
============================================================
### s6-c3 / policy=topsis seed=1/1 (14:43:49)
============================================================
Using workers: ip-172-31-1-245 ip-172-31-16-198 ip-172-31-19-34 ip-172-31-3-39 ip-172-31-31-146 ip-172-31-6-144
Results -> /home/ubuntu/experiment/results/s6-c3/20260606-144358-topsis-k1
== BEFORE ==
== METRICS (before) ==
workers=6  N_active=4  N_empty=2
S (stranding, sum|cpuFrac-memFrac|) = 1.482
H_balanced(200m/80Mi)=31   H_skewed(700m/20Mi)=7
node                  cpuReq  /alloc  memReqMi  /allocMi   cpuF   memF  exp
ip-172-31-1-245          610    2000       390       811   0.30   0.48    3
ip-172-31-16-198        1400    2000        90       811   0.70   0.11    1
ip-172-31-19-34          160    2000       610       811   0.08   0.75    1
ip-172-31-3-39          1400    2000       550       811   0.70   0.68    2
ip-172-31-31-146         100    2000        50       811   0.05   0.06    0
ip-172-31-6-144          100    2000        50       811   0.05   0.06    0
METRICS_JSON {"label": "before", "workers": 6, "N_active": 4, "N_empty": 2, "S": 1.482, "H_balanced": 31, "H_skewed": 7}
  pass 1: running descheduler job...
  pass 1: 2 eviction decision(s)
  pass 2: running descheduler job...
  pass 2: 0 eviction decision(s)
== AFTER ==
== METRICS (after) ==
workers=6  N_active=3  N_empty=3
S (stranding, sum|cpuFrac-memFrac|) = 0.259
H_balanced(200m/80Mi)=37   H_skewed(700m/20Mi)=8
node                  cpuReq  /alloc  memReqMi  /allocMi   cpuF   memF  exp
ip-172-31-1-245          490    2000       310       811   0.24   0.38    2
ip-172-31-16-198        1460    2000       650       811   0.73   0.80    2
ip-172-31-19-34          100    2000        50       811   0.05   0.06    0
ip-172-31-3-39          1520    2000       630       811   0.76   0.78    3
ip-172-31-31-146         100    2000        50       811   0.05   0.06    0
ip-172-31-6-144          100    2000        50       811   0.05   0.06    0
METRICS_JSON {"label": "after", "workers": 6, "N_active": 3, "N_empty": 3, "S": 0.2595, "H_balanced": 37, "H_skewed": 8}
scenario:            s6-c3
timestamp:           20260606-144358-topsis-k1
per_pass_evictions:  2 0
total_evictions(E):  2
converged:           1   (1 = a pass evicted 0)
passes_run:          2 (max 5)
Done. Raw json, per-pass logs, metrics and summary in: /home/ubuntu/experiment/results/s6-c3/20260606-144358-topsis-k1
============================================================
### s6-c3 / policy=just-c1 seed=1/1 (14:44:49)
============================================================
Using workers: ip-172-31-1-245 ip-172-31-16-198 ip-172-31-19-34 ip-172-31-3-39 ip-172-31-31-146 ip-172-31-6-144
Results -> /home/ubuntu/experiment/results/s6-c3/20260606-144458-just-c1-k1
== BEFORE ==
== METRICS (before) ==
workers=6  N_active=4  N_empty=2
S (stranding, sum|cpuFrac-memFrac|) = 1.482
H_balanced(200m/80Mi)=31   H_skewed(700m/20Mi)=7
node                  cpuReq  /alloc  memReqMi  /allocMi   cpuF   memF  exp
ip-172-31-1-245          610    2000       390       811   0.30   0.48    3
ip-172-31-16-198        1400    2000        90       811   0.70   0.11    1
ip-172-31-19-34          160    2000       610       811   0.08   0.75    1
ip-172-31-3-39          1400    2000       550       811   0.70   0.68    2
ip-172-31-31-146         100    2000        50       811   0.05   0.06    0
ip-172-31-6-144          100    2000        50       811   0.05   0.06    0
METRICS_JSON {"label": "before", "workers": 6, "N_active": 4, "N_empty": 2, "S": 1.482, "H_balanced": 31, "H_skewed": 7}
  pass 1: running descheduler job...
  pass 1: 2 eviction decision(s)
  pass 2: running descheduler job...
  pass 2: 0 eviction decision(s)
== AFTER ==
== METRICS (after) ==
workers=6  N_active=3  N_empty=3
S (stranding, sum|cpuFrac-memFrac|) = 0.259
H_balanced(200m/80Mi)=37   H_skewed(700m/20Mi)=8
node                  cpuReq  /alloc  memReqMi  /allocMi   cpuF   memF  exp
ip-172-31-1-245          490    2000       310       811   0.24   0.38    2
ip-172-31-16-198        1460    2000       650       811   0.73   0.80    2
ip-172-31-19-34          100    2000        50       811   0.05   0.06    0
ip-172-31-3-39          1520    2000       630       811   0.76   0.78    3
ip-172-31-31-146         100    2000        50       811   0.05   0.06    0
ip-172-31-6-144          100    2000        50       811   0.05   0.06    0
METRICS_JSON {"label": "after", "workers": 6, "N_active": 3, "N_empty": 3, "S": 0.2595, "H_balanced": 37, "H_skewed": 8}
scenario:            s6-c3
timestamp:           20260606-144458-just-c1-k1
per_pass_evictions:  2 0
total_evictions(E):  2
converged:           1   (1 = a pass evicted 0)
passes_run:          2 (max 5)
Done. Raw json, per-pass logs, metrics and summary in: /home/ubuntu/experiment/results/s6-c3/20260606-144458-just-c1-k1
============================================================
### s6-c3 / policy=just-c2 seed=1/1 (14:45:48)
============================================================
Using workers: ip-172-31-1-245 ip-172-31-16-198 ip-172-31-19-34 ip-172-31-3-39 ip-172-31-31-146 ip-172-31-6-144
Results -> /home/ubuntu/experiment/results/s6-c3/20260606-144558-just-c2-k1
== BEFORE ==
== METRICS (before) ==
workers=6  N_active=4  N_empty=2
S (stranding, sum|cpuFrac-memFrac|) = 1.482
H_balanced(200m/80Mi)=31   H_skewed(700m/20Mi)=7
node                  cpuReq  /alloc  memReqMi  /allocMi   cpuF   memF  exp
ip-172-31-1-245          610    2000       390       811   0.30   0.48    3
ip-172-31-16-198        1400    2000        90       811   0.70   0.11    1
ip-172-31-19-34          160    2000       610       811   0.08   0.75    1
ip-172-31-3-39          1400    2000       550       811   0.70   0.68    2
ip-172-31-31-146         100    2000        50       811   0.05   0.06    0
ip-172-31-6-144          100    2000        50       811   0.05   0.06    0
METRICS_JSON {"label": "before", "workers": 6, "N_active": 4, "N_empty": 2, "S": 1.482, "H_balanced": 31, "H_skewed": 7}
  pass 1: running descheduler job...
  pass 1: 2 eviction decision(s)
  pass 2: running descheduler job...
  pass 2: 0 eviction decision(s)
== AFTER ==
== METRICS (after) ==
workers=6  N_active=3  N_empty=3
S (stranding, sum|cpuFrac-memFrac|) = 0.259
H_balanced(200m/80Mi)=37   H_skewed(700m/20Mi)=8
node                  cpuReq  /alloc  memReqMi  /allocMi   cpuF   memF  exp
ip-172-31-1-245          490    2000       310       811   0.24   0.38    2
ip-172-31-16-198        1460    2000       650       811   0.73   0.80    2
ip-172-31-19-34          100    2000        50       811   0.05   0.06    0
ip-172-31-3-39          1520    2000       630       811   0.76   0.78    3
ip-172-31-31-146         100    2000        50       811   0.05   0.06    0
ip-172-31-6-144          100    2000        50       811   0.05   0.06    0
METRICS_JSON {"label": "after", "workers": 6, "N_active": 3, "N_empty": 3, "S": 0.2595, "H_balanced": 37, "H_skewed": 8}
scenario:            s6-c3
timestamp:           20260606-144558-just-c2-k1
per_pass_evictions:  2 0
total_evictions(E):  2
converged:           1   (1 = a pass evicted 0)
passes_run:          2 (max 5)
Done. Raw json, per-pass logs, metrics and summary in: /home/ubuntu/experiment/results/s6-c3/20260606-144558-just-c2-k1
============================================================
### s6-c3 / policy=just-c3 seed=1/1 (14:46:48)
============================================================
Using workers: ip-172-31-1-245 ip-172-31-16-198 ip-172-31-19-34 ip-172-31-3-39 ip-172-31-31-146 ip-172-31-6-144
Results -> /home/ubuntu/experiment/results/s6-c3/20260606-144657-just-c3-k1
== BEFORE ==
== METRICS (before) ==
workers=6  N_active=4  N_empty=2
S (stranding, sum|cpuFrac-memFrac|) = 1.482
H_balanced(200m/80Mi)=31   H_skewed(700m/20Mi)=7
node                  cpuReq  /alloc  memReqMi  /allocMi   cpuF   memF  exp
ip-172-31-1-245          610    2000       390       811   0.30   0.48    3
ip-172-31-16-198        1400    2000        90       811   0.70   0.11    1
ip-172-31-19-34          160    2000       610       811   0.08   0.75    1
ip-172-31-3-39          1400    2000       550       811   0.70   0.68    2
ip-172-31-31-146         100    2000        50       811   0.05   0.06    0
ip-172-31-6-144          100    2000        50       811   0.05   0.06    0
METRICS_JSON {"label": "before", "workers": 6, "N_active": 4, "N_empty": 2, "S": 1.482, "H_balanced": 31, "H_skewed": 7}
  pass 1: running descheduler job...
  pass 1: 3 eviction decision(s)
  pass 2: running descheduler job...
  pass 2: 0 eviction decision(s)
== AFTER ==
== METRICS (after) ==
workers=6  N_active=3  N_empty=3
S (stranding, sum|cpuFrac-memFrac|) = 0.385
H_balanced(200m/80Mi)=36   H_skewed(700m/20Mi)=8
node                  cpuReq  /alloc  memReqMi  /allocMi   cpuF   memF  exp
ip-172-31-1-245          140    2000       290       811   0.07   0.36    1
ip-172-31-16-198        1930    2000       750       811   0.96   0.92    4
ip-172-31-19-34          100    2000        50       811   0.05   0.06    0
ip-172-31-3-39          1400    2000       550       811   0.70   0.68    2
ip-172-31-31-146         100    2000        50       811   0.05   0.06    0
ip-172-31-6-144          100    2000        50       811   0.05   0.06    0
METRICS_JSON {"label": "after", "workers": 6, "N_active": 3, "N_empty": 3, "S": 0.3852, "H_balanced": 36, "H_skewed": 8}
scenario:            s6-c3
timestamp:           20260606-144657-just-c3-k1
per_pass_evictions:  3 0
total_evictions(E):  3
converged:           1   (1 = a pass evicted 0)
passes_run:          2 (max 5)
Done. Raw json, per-pass logs, metrics and summary in: /home/ubuntu/experiment/results/s6-c3/20260606-144657-just-c3-k1
============================================================
### s6-c3 / policy=just-c4 seed=1/1 (14:47:48)
============================================================
Using workers: ip-172-31-1-245 ip-172-31-16-198 ip-172-31-19-34 ip-172-31-3-39 ip-172-31-31-146 ip-172-31-6-144
Results -> /home/ubuntu/experiment/results/s6-c3/20260606-144757-just-c4-k1
== BEFORE ==
== METRICS (before) ==
workers=6  N_active=4  N_empty=2
S (stranding, sum|cpuFrac-memFrac|) = 1.482
H_balanced(200m/80Mi)=31   H_skewed(700m/20Mi)=7
node                  cpuReq  /alloc  memReqMi  /allocMi   cpuF   memF  exp
ip-172-31-1-245          610    2000       390       811   0.30   0.48    3
ip-172-31-16-198        1400    2000        90       811   0.70   0.11    1
ip-172-31-19-34          160    2000       610       811   0.08   0.75    1
ip-172-31-3-39          1400    2000       550       811   0.70   0.68    2
ip-172-31-31-146         100    2000        50       811   0.05   0.06    0
ip-172-31-6-144          100    2000        50       811   0.05   0.06    0
METRICS_JSON {"label": "before", "workers": 6, "N_active": 4, "N_empty": 2, "S": 1.482, "H_balanced": 31, "H_skewed": 7}
  pass 1: running descheduler job...
  pass 1: 2 eviction decision(s)
  pass 2: running descheduler job...
  pass 2: 0 eviction decision(s)
== AFTER ==
== METRICS (after) ==
workers=6  N_active=3  N_empty=3
S (stranding, sum|cpuFrac-memFrac|) = 0.259
H_balanced(200m/80Mi)=37   H_skewed(700m/20Mi)=8
node                  cpuReq  /alloc  memReqMi  /allocMi   cpuF   memF  exp
ip-172-31-1-245          490    2000       310       811   0.24   0.38    2
ip-172-31-16-198        1460    2000       650       811   0.73   0.80    2
ip-172-31-19-34          100    2000        50       811   0.05   0.06    0
ip-172-31-3-39          1520    2000       630       811   0.76   0.78    3
ip-172-31-31-146         100    2000        50       811   0.05   0.06    0
ip-172-31-6-144          100    2000        50       811   0.05   0.06    0
METRICS_JSON {"label": "after", "workers": 6, "N_active": 3, "N_empty": 3, "S": 0.2595, "H_balanced": 37, "H_skewed": 8}
scenario:            s6-c3
timestamp:           20260606-144757-just-c4-k1
per_pass_evictions:  2 0
total_evictions(E):  2
converged:           1   (1 = a pass evicted 0)
passes_run:          2 (max 5)
Done. Raw json, per-pass logs, metrics and summary in: /home/ubuntu/experiment/results/s6-c3/20260606-144757-just-c4-k1
============================================================
### s6-c3 / policy=largest seed=1/1 (14:48:48)
============================================================
Using workers: ip-172-31-1-245 ip-172-31-16-198 ip-172-31-19-34 ip-172-31-3-39 ip-172-31-31-146 ip-172-31-6-144
Results -> /home/ubuntu/experiment/results/s6-c3/20260606-144856-largest-k1
== BEFORE ==
== METRICS (before) ==
workers=6  N_active=4  N_empty=2
S (stranding, sum|cpuFrac-memFrac|) = 1.482
H_balanced(200m/80Mi)=31   H_skewed(700m/20Mi)=7
node                  cpuReq  /alloc  memReqMi  /allocMi   cpuF   memF  exp
ip-172-31-1-245          610    2000       390       811   0.30   0.48    3
ip-172-31-16-198        1400    2000        90       811   0.70   0.11    1
ip-172-31-19-34          160    2000       610       811   0.08   0.75    1
ip-172-31-3-39          1400    2000       550       811   0.70   0.68    2
ip-172-31-31-146         100    2000        50       811   0.05   0.06    0
ip-172-31-6-144          100    2000        50       811   0.05   0.06    0
METRICS_JSON {"label": "before", "workers": 6, "N_active": 4, "N_empty": 2, "S": 1.482, "H_balanced": 31, "H_skewed": 7}
  pass 1: running descheduler job...
  pass 1: 3 eviction decision(s)
  pass 2: running descheduler job...
  pass 2: 0 eviction decision(s)
== AFTER ==
== METRICS (after) ==
workers=6  N_active=3  N_empty=3
S (stranding, sum|cpuFrac-memFrac|) = 0.385
H_balanced(200m/80Mi)=36   H_skewed(700m/20Mi)=8
node                  cpuReq  /alloc  memReqMi  /allocMi   cpuF   memF  exp
ip-172-31-1-245          140    2000       290       811   0.07   0.36    1
ip-172-31-16-198        1930    2000       750       811   0.96   0.92    4
ip-172-31-19-34          100    2000        50       811   0.05   0.06    0
ip-172-31-3-39          1400    2000       550       811   0.70   0.68    2
ip-172-31-31-146         100    2000        50       811   0.05   0.06    0
ip-172-31-6-144          100    2000        50       811   0.05   0.06    0
METRICS_JSON {"label": "after", "workers": 6, "N_active": 3, "N_empty": 3, "S": 0.3852, "H_balanced": 36, "H_skewed": 8}
scenario:            s6-c3
timestamp:           20260606-144856-largest-k1
per_pass_evictions:  3 0
total_evictions(E):  3
converged:           1   (1 = a pass evicted 0)
passes_run:          2 (max 5)
Done. Raw json, per-pass logs, metrics and summary in: /home/ubuntu/experiment/results/s6-c3/20260606-144856-largest-k1
============================================================
### s6-c3 / policy=lowest-priority seed=1/1 (14:49:47)
============================================================
Using workers: ip-172-31-1-245 ip-172-31-16-198 ip-172-31-19-34 ip-172-31-3-39 ip-172-31-31-146 ip-172-31-6-144
Results -> /home/ubuntu/experiment/results/s6-c3/20260606-144956-lowest-priority-k1
== BEFORE ==
== METRICS (before) ==
workers=6  N_active=4  N_empty=2
S (stranding, sum|cpuFrac-memFrac|) = 1.482
H_balanced(200m/80Mi)=31   H_skewed(700m/20Mi)=7
node                  cpuReq  /alloc  memReqMi  /allocMi   cpuF   memF  exp
ip-172-31-1-245          610    2000       390       811   0.30   0.48    3
ip-172-31-16-198        1400    2000        90       811   0.70   0.11    1
ip-172-31-19-34          160    2000       610       811   0.08   0.75    1
ip-172-31-3-39          1400    2000       550       811   0.70   0.68    2
ip-172-31-31-146         100    2000        50       811   0.05   0.06    0
ip-172-31-6-144          100    2000        50       811   0.05   0.06    0
METRICS_JSON {"label": "before", "workers": 6, "N_active": 4, "N_empty": 2, "S": 1.482, "H_balanced": 31, "H_skewed": 7}
  pass 1: running descheduler job...
  pass 1: 2 eviction decision(s)
  pass 2: running descheduler job...
  pass 2: 0 eviction decision(s)
== AFTER ==
== METRICS (after) ==
workers=6  N_active=3  N_empty=3
S (stranding, sum|cpuFrac-memFrac|) = 0.259
H_balanced(200m/80Mi)=37   H_skewed(700m/20Mi)=8
node                  cpuReq  /alloc  memReqMi  /allocMi   cpuF   memF  exp
ip-172-31-1-245          490    2000       310       811   0.24   0.38    2
ip-172-31-16-198        1460    2000       650       811   0.73   0.80    2
ip-172-31-19-34          100    2000        50       811   0.05   0.06    0
ip-172-31-3-39          1520    2000       630       811   0.76   0.78    3
ip-172-31-31-146         100    2000        50       811   0.05   0.06    0
ip-172-31-6-144          100    2000        50       811   0.05   0.06    0
METRICS_JSON {"label": "after", "workers": 6, "N_active": 3, "N_empty": 3, "S": 0.2595, "H_balanced": 37, "H_skewed": 8}
scenario:            s6-c3
timestamp:           20260606-144956-lowest-priority-k1
per_pass_evictions:  2 0
total_evictions(E):  2
converged:           1   (1 = a pass evicted 0)
passes_run:          2 (max 5)
Done. Raw json, per-pass logs, metrics and summary in: /home/ubuntu/experiment/results/s6-c3/20260606-144956-lowest-priority-k1
============================================================
### s6-c3 / policy=random seed=1/1 (14:50:46)
============================================================
Using workers: ip-172-31-1-245 ip-172-31-16-198 ip-172-31-19-34 ip-172-31-3-39 ip-172-31-31-146 ip-172-31-6-144
Results -> /home/ubuntu/experiment/results/s6-c3/20260606-145055-random-k1
== BEFORE ==
== METRICS (before) ==
workers=6  N_active=4  N_empty=2
S (stranding, sum|cpuFrac-memFrac|) = 1.482
H_balanced(200m/80Mi)=31   H_skewed(700m/20Mi)=7
node                  cpuReq  /alloc  memReqMi  /allocMi   cpuF   memF  exp
ip-172-31-1-245          610    2000       390       811   0.30   0.48    3
ip-172-31-16-198        1400    2000        90       811   0.70   0.11    1
ip-172-31-19-34          160    2000       610       811   0.08   0.75    1
ip-172-31-3-39          1400    2000       550       811   0.70   0.68    2
ip-172-31-31-146         100    2000        50       811   0.05   0.06    0
ip-172-31-6-144          100    2000        50       811   0.05   0.06    0
METRICS_JSON {"label": "before", "workers": 6, "N_active": 4, "N_empty": 2, "S": 1.482, "H_balanced": 31, "H_skewed": 7}
  pass 1: running descheduler job...
  pass 1: 2 eviction decision(s)
  pass 2: running descheduler job...
  pass 2: 0 eviction decision(s)
== AFTER ==
== METRICS (after) ==
workers=6  N_active=3  N_empty=3
S (stranding, sum|cpuFrac-memFrac|) = 0.259
H_balanced(200m/80Mi)=37   H_skewed(700m/20Mi)=8
node                  cpuReq  /alloc  memReqMi  /allocMi   cpuF   memF  exp
ip-172-31-1-245          490    2000       310       811   0.24   0.38    2
ip-172-31-16-198        1460    2000       650       811   0.73   0.80    2
ip-172-31-19-34          100    2000        50       811   0.05   0.06    0
ip-172-31-3-39          1520    2000       630       811   0.76   0.78    3
ip-172-31-31-146         100    2000        50       811   0.05   0.06    0
ip-172-31-6-144          100    2000        50       811   0.05   0.06    0
METRICS_JSON {"label": "after", "workers": 6, "N_active": 3, "N_empty": 3, "S": 0.2595, "H_balanced": 37, "H_skewed": 8}
scenario:            s6-c3
timestamp:           20260606-145055-random-k1
per_pass_evictions:  2 0
total_evictions(E):  2
converged:           1   (1 = a pass evicted 0)
passes_run:          2 (max 5)
Done. Raw json, per-pass logs, metrics and summary in: /home/ubuntu/experiment/results/s6-c3/20260606-145055-random-k1
============================================================
### s6-c4 / policy=topsis seed=1/1 (14:51:45)
============================================================
Using workers: ip-172-31-1-245 ip-172-31-16-198 ip-172-31-19-34 ip-172-31-3-39 ip-172-31-31-146 ip-172-31-6-144
Results -> /home/ubuntu/experiment/results/s6-c4/20260606-145154-topsis-k1
== BEFORE ==
== METRICS (before) ==
workers=6  N_active=4  N_empty=2
S (stranding, sum|cpuFrac-memFrac|) = 1.393
H_balanced(200m/80Mi)=31   H_skewed(700m/20Mi)=7
node                  cpuReq  /alloc  memReqMi  /allocMi   cpuF   memF  exp
ip-172-31-1-245          690    2000       350       811   0.34   0.43    3
ip-172-31-16-198        1400    2000        90       811   0.70   0.11    1
ip-172-31-19-34          160    2000       610       811   0.08   0.75    1
ip-172-31-3-39          1400    2000       550       811   0.70   0.68    2
ip-172-31-31-146         100    2000        50       811   0.05   0.06    0
ip-172-31-6-144          100    2000        50       811   0.05   0.06    0
METRICS_JSON {"label": "before", "workers": 6, "N_active": 4, "N_empty": 2, "S": 1.3927, "H_balanced": 31, "H_skewed": 7}
  pass 1: running descheduler job...
  pass 1: 2 eviction decision(s)
  pass 2: running descheduler job...
  pass 2: 0 eviction decision(s)
== AFTER ==
== METRICS (after) ==
workers=6  N_active=3  N_empty=3
S (stranding, sum|cpuFrac-memFrac|) = 0.170
H_balanced(200m/80Mi)=37   H_skewed(700m/20Mi)=8
node                  cpuReq  /alloc  memReqMi  /allocMi   cpuF   memF  exp
ip-172-31-1-245          540    2000       270       811   0.27   0.33    2
ip-172-31-16-198        1460    2000       650       811   0.73   0.80    2
ip-172-31-19-34          100    2000        50       811   0.05   0.06    0
ip-172-31-3-39          1550    2000       630       811   0.78   0.78    3
ip-172-31-31-146         100    2000        50       811   0.05   0.06    0
ip-172-31-6-144          100    2000        50       811   0.05   0.06    0
METRICS_JSON {"label": "after", "workers": 6, "N_active": 3, "N_empty": 3, "S": 0.1702, "H_balanced": 37, "H_skewed": 8}
scenario:            s6-c4
timestamp:           20260606-145154-topsis-k1
per_pass_evictions:  2 0
total_evictions(E):  2
converged:           1   (1 = a pass evicted 0)
passes_run:          2 (max 5)
Done. Raw json, per-pass logs, metrics and summary in: /home/ubuntu/experiment/results/s6-c4/20260606-145154-topsis-k1
============================================================
### s6-c4 / policy=just-c1 seed=1/1 (14:52:46)
============================================================
Using workers: ip-172-31-1-245 ip-172-31-16-198 ip-172-31-19-34 ip-172-31-3-39 ip-172-31-31-146 ip-172-31-6-144
Results -> /home/ubuntu/experiment/results/s6-c4/20260606-145255-just-c1-k1
== BEFORE ==
== METRICS (before) ==
workers=6  N_active=4  N_empty=2
S (stranding, sum|cpuFrac-memFrac|) = 1.393
H_balanced(200m/80Mi)=31   H_skewed(700m/20Mi)=7
node                  cpuReq  /alloc  memReqMi  /allocMi   cpuF   memF  exp
ip-172-31-1-245          690    2000       350       811   0.34   0.43    3
ip-172-31-16-198        1400    2000        90       811   0.70   0.11    1
ip-172-31-19-34          160    2000       610       811   0.08   0.75    1
ip-172-31-3-39          1400    2000       550       811   0.70   0.68    2
ip-172-31-31-146         100    2000        50       811   0.05   0.06    0
ip-172-31-6-144          100    2000        50       811   0.05   0.06    0
METRICS_JSON {"label": "before", "workers": 6, "N_active": 4, "N_empty": 2, "S": 1.3927, "H_balanced": 31, "H_skewed": 7}
  pass 1: running descheduler job...
  pass 1: 2 eviction decision(s)
  pass 2: running descheduler job...
  pass 2: 0 eviction decision(s)
== AFTER ==
== METRICS (after) ==
workers=6  N_active=3  N_empty=3
S (stranding, sum|cpuFrac-memFrac|) = 0.170
H_balanced(200m/80Mi)=37   H_skewed(700m/20Mi)=8
node                  cpuReq  /alloc  memReqMi  /allocMi   cpuF   memF  exp
ip-172-31-1-245          540    2000       270       811   0.27   0.33    2
ip-172-31-16-198        1460    2000       650       811   0.73   0.80    2
ip-172-31-19-34          100    2000        50       811   0.05   0.06    0
ip-172-31-3-39          1550    2000       630       811   0.78   0.78    3
ip-172-31-31-146         100    2000        50       811   0.05   0.06    0
ip-172-31-6-144          100    2000        50       811   0.05   0.06    0
METRICS_JSON {"label": "after", "workers": 6, "N_active": 3, "N_empty": 3, "S": 0.1702, "H_balanced": 37, "H_skewed": 8}
scenario:            s6-c4
timestamp:           20260606-145255-just-c1-k1
per_pass_evictions:  2 0
total_evictions(E):  2
converged:           1   (1 = a pass evicted 0)
passes_run:          2 (max 5)
Done. Raw json, per-pass logs, metrics and summary in: /home/ubuntu/experiment/results/s6-c4/20260606-145255-just-c1-k1
============================================================
### s6-c4 / policy=just-c2 seed=1/1 (14:53:45)
============================================================
Using workers: ip-172-31-1-245 ip-172-31-16-198 ip-172-31-19-34 ip-172-31-3-39 ip-172-31-31-146 ip-172-31-6-144
Results -> /home/ubuntu/experiment/results/s6-c4/20260606-145354-just-c2-k1
== BEFORE ==
== METRICS (before) ==
workers=6  N_active=4  N_empty=2
S (stranding, sum|cpuFrac-memFrac|) = 1.393
H_balanced(200m/80Mi)=31   H_skewed(700m/20Mi)=7
node                  cpuReq  /alloc  memReqMi  /allocMi   cpuF   memF  exp
ip-172-31-1-245          690    2000       350       811   0.34   0.43    3
ip-172-31-16-198        1400    2000        90       811   0.70   0.11    1
ip-172-31-19-34          160    2000       610       811   0.08   0.75    1
ip-172-31-3-39          1400    2000       550       811   0.70   0.68    2
ip-172-31-31-146         100    2000        50       811   0.05   0.06    0
ip-172-31-6-144          100    2000        50       811   0.05   0.06    0
METRICS_JSON {"label": "before", "workers": 6, "N_active": 4, "N_empty": 2, "S": 1.3927, "H_balanced": 31, "H_skewed": 7}
  pass 1: running descheduler job...
  pass 1: 2 eviction decision(s)
  pass 2: running descheduler job...
  pass 2: 0 eviction decision(s)
== AFTER ==
== METRICS (after) ==
workers=6  N_active=3  N_empty=3
S (stranding, sum|cpuFrac-memFrac|) = 0.170
H_balanced(200m/80Mi)=37   H_skewed(700m/20Mi)=8
node                  cpuReq  /alloc  memReqMi  /allocMi   cpuF   memF  exp
ip-172-31-1-245          540    2000       270       811   0.27   0.33    2
ip-172-31-16-198        1460    2000       650       811   0.73   0.80    2
ip-172-31-19-34          100    2000        50       811   0.05   0.06    0
ip-172-31-3-39          1550    2000       630       811   0.78   0.78    3
ip-172-31-31-146         100    2000        50       811   0.05   0.06    0
ip-172-31-6-144          100    2000        50       811   0.05   0.06    0
METRICS_JSON {"label": "after", "workers": 6, "N_active": 3, "N_empty": 3, "S": 0.1702, "H_balanced": 37, "H_skewed": 8}
scenario:            s6-c4
timestamp:           20260606-145354-just-c2-k1
per_pass_evictions:  2 0
total_evictions(E):  2
converged:           1   (1 = a pass evicted 0)
passes_run:          2 (max 5)
Done. Raw json, per-pass logs, metrics and summary in: /home/ubuntu/experiment/results/s6-c4/20260606-145354-just-c2-k1
============================================================
### s6-c4 / policy=just-c3 seed=1/1 (14:54:45)
============================================================
Using workers: ip-172-31-1-245 ip-172-31-16-198 ip-172-31-19-34 ip-172-31-3-39 ip-172-31-31-146 ip-172-31-6-144
Results -> /home/ubuntu/experiment/results/s6-c4/20260606-145454-just-c3-k1
== BEFORE ==
== METRICS (before) ==
workers=6  N_active=4  N_empty=2
S (stranding, sum|cpuFrac-memFrac|) = 1.393
H_balanced(200m/80Mi)=31   H_skewed(700m/20Mi)=7
node                  cpuReq  /alloc  memReqMi  /allocMi   cpuF   memF  exp
ip-172-31-1-245          690    2000       350       811   0.34   0.43    3
ip-172-31-16-198        1400    2000        90       811   0.70   0.11    1
ip-172-31-19-34          160    2000       610       811   0.08   0.75    1
ip-172-31-3-39          1400    2000       550       811   0.70   0.68    2
ip-172-31-31-146         100    2000        50       811   0.05   0.06    0
ip-172-31-6-144          100    2000        50       811   0.05   0.06    0
METRICS_JSON {"label": "before", "workers": 6, "N_active": 4, "N_empty": 2, "S": 1.3927, "H_balanced": 31, "H_skewed": 7}
  pass 1: running descheduler job...
  pass 1: 3 eviction decision(s)
  pass 2: running descheduler job...
  pass 2: 0 eviction decision(s)
== AFTER ==
== METRICS (after) ==
workers=6  N_active=3  N_empty=3
S (stranding, sum|cpuFrac-memFrac|) = 0.379
H_balanced(200m/80Mi)=36   H_skewed(700m/20Mi)=8
node                  cpuReq  /alloc  memReqMi  /allocMi   cpuF   memF  exp
ip-172-31-1-245          140    2000       250       811   0.07   0.31    1
ip-172-31-16-198        1860    2000       670       811   0.93   0.83    3
ip-172-31-19-34          100    2000        50       811   0.05   0.06    0
ip-172-31-3-39          1550    2000       630       811   0.78   0.78    3
ip-172-31-31-146         100    2000        50       811   0.05   0.06    0
ip-172-31-6-144          100    2000        50       811   0.05   0.06    0
METRICS_JSON {"label": "after", "workers": 6, "N_active": 3, "N_empty": 3, "S": 0.3787, "H_balanced": 36, "H_skewed": 8}
scenario:            s6-c4
timestamp:           20260606-145454-just-c3-k1
per_pass_evictions:  3 0
total_evictions(E):  3
converged:           1   (1 = a pass evicted 0)
passes_run:          2 (max 5)
Done. Raw json, per-pass logs, metrics and summary in: /home/ubuntu/experiment/results/s6-c4/20260606-145454-just-c3-k1
============================================================
### s6-c4 / policy=just-c4 seed=1/1 (14:55:45)
============================================================
Using workers: ip-172-31-1-245 ip-172-31-16-198 ip-172-31-19-34 ip-172-31-3-39 ip-172-31-31-146 ip-172-31-6-144
Results -> /home/ubuntu/experiment/results/s6-c4/20260606-145555-just-c4-k1
== BEFORE ==
== METRICS (before) ==
workers=6  N_active=4  N_empty=2
S (stranding, sum|cpuFrac-memFrac|) = 1.393
H_balanced(200m/80Mi)=31   H_skewed(700m/20Mi)=7
node                  cpuReq  /alloc  memReqMi  /allocMi   cpuF   memF  exp
ip-172-31-1-245          690    2000       350       811   0.34   0.43    3
ip-172-31-16-198        1400    2000        90       811   0.70   0.11    1
ip-172-31-19-34          160    2000       610       811   0.08   0.75    1
ip-172-31-3-39          1400    2000       550       811   0.70   0.68    2
ip-172-31-31-146         100    2000        50       811   0.05   0.06    0
ip-172-31-6-144          100    2000        50       811   0.05   0.06    0
METRICS_JSON {"label": "before", "workers": 6, "N_active": 4, "N_empty": 2, "S": 1.3927, "H_balanced": 31, "H_skewed": 7}
  pass 1: running descheduler job...
  pass 1: 2 eviction decision(s)
  pass 2: running descheduler job...
  pass 2: 0 eviction decision(s)
== AFTER ==
== METRICS (after) ==
workers=6  N_active=3  N_empty=3
S (stranding, sum|cpuFrac-memFrac|) = 0.170
H_balanced(200m/80Mi)=37   H_skewed(700m/20Mi)=8
node                  cpuReq  /alloc  memReqMi  /allocMi   cpuF   memF  exp
ip-172-31-1-245          540    2000       270       811   0.27   0.33    2
ip-172-31-16-198        1460    2000       650       811   0.73   0.80    2
ip-172-31-19-34          100    2000        50       811   0.05   0.06    0
ip-172-31-3-39          1550    2000       630       811   0.78   0.78    3
ip-172-31-31-146         100    2000        50       811   0.05   0.06    0
ip-172-31-6-144          100    2000        50       811   0.05   0.06    0
METRICS_JSON {"label": "after", "workers": 6, "N_active": 3, "N_empty": 3, "S": 0.1702, "H_balanced": 37, "H_skewed": 8}
scenario:            s6-c4
timestamp:           20260606-145555-just-c4-k1
per_pass_evictions:  2 0
total_evictions(E):  2
converged:           1   (1 = a pass evicted 0)
passes_run:          2 (max 5)
Done. Raw json, per-pass logs, metrics and summary in: /home/ubuntu/experiment/results/s6-c4/20260606-145555-just-c4-k1
============================================================
### s6-c4 / policy=largest seed=1/1 (14:56:45)
============================================================
Using workers: ip-172-31-1-245 ip-172-31-16-198 ip-172-31-19-34 ip-172-31-3-39 ip-172-31-31-146 ip-172-31-6-144
Results -> /home/ubuntu/experiment/results/s6-c4/20260606-145654-largest-k1
== BEFORE ==
== METRICS (before) ==
workers=6  N_active=4  N_empty=2
S (stranding, sum|cpuFrac-memFrac|) = 1.393
H_balanced(200m/80Mi)=31   H_skewed(700m/20Mi)=7
node                  cpuReq  /alloc  memReqMi  /allocMi   cpuF   memF  exp
ip-172-31-1-245          690    2000       350       811   0.34   0.43    3
ip-172-31-16-198        1400    2000        90       811   0.70   0.11    1
ip-172-31-19-34          160    2000       610       811   0.08   0.75    1
ip-172-31-3-39          1400    2000       550       811   0.70   0.68    2
ip-172-31-31-146         100    2000        50       811   0.05   0.06    0
ip-172-31-6-144          100    2000        50       811   0.05   0.06    0
METRICS_JSON {"label": "before", "workers": 6, "N_active": 4, "N_empty": 2, "S": 1.3927, "H_balanced": 31, "H_skewed": 7}
  pass 1: running descheduler job...
  pass 1: 3 eviction decision(s)
  pass 2: running descheduler job...
  pass 2: 0 eviction decision(s)
== AFTER ==
== METRICS (after) ==
workers=6  N_active=3  N_empty=3
S (stranding, sum|cpuFrac-memFrac|) = 0.379
H_balanced(200m/80Mi)=36   H_skewed(700m/20Mi)=8
node                  cpuReq  /alloc  memReqMi  /allocMi   cpuF   memF  exp
ip-172-31-1-245          140    2000       250       811   0.07   0.31    1
ip-172-31-16-198        1860    2000       670       811   0.93   0.83    3
ip-172-31-19-34          100    2000        50       811   0.05   0.06    0
ip-172-31-3-39          1550    2000       630       811   0.78   0.78    3
ip-172-31-31-146         100    2000        50       811   0.05   0.06    0
ip-172-31-6-144          100    2000        50       811   0.05   0.06    0
METRICS_JSON {"label": "after", "workers": 6, "N_active": 3, "N_empty": 3, "S": 0.3787, "H_balanced": 36, "H_skewed": 8}
scenario:            s6-c4
timestamp:           20260606-145654-largest-k1
per_pass_evictions:  3 0
total_evictions(E):  3
converged:           1   (1 = a pass evicted 0)
passes_run:          2 (max 5)
Done. Raw json, per-pass logs, metrics and summary in: /home/ubuntu/experiment/results/s6-c4/20260606-145654-largest-k1
============================================================
### s6-c4 / policy=lowest-priority seed=1/1 (14:57:44)
============================================================
Using workers: ip-172-31-1-245 ip-172-31-16-198 ip-172-31-19-34 ip-172-31-3-39 ip-172-31-31-146 ip-172-31-6-144
Results -> /home/ubuntu/experiment/results/s6-c4/20260606-145753-lowest-priority-k1
== BEFORE ==
== METRICS (before) ==
workers=6  N_active=4  N_empty=2
S (stranding, sum|cpuFrac-memFrac|) = 1.393
H_balanced(200m/80Mi)=31   H_skewed(700m/20Mi)=7
node                  cpuReq  /alloc  memReqMi  /allocMi   cpuF   memF  exp
ip-172-31-1-245          690    2000       350       811   0.34   0.43    3
ip-172-31-16-198        1400    2000        90       811   0.70   0.11    1
ip-172-31-19-34          160    2000       610       811   0.08   0.75    1
ip-172-31-3-39          1400    2000       550       811   0.70   0.68    2
ip-172-31-31-146         100    2000        50       811   0.05   0.06    0
ip-172-31-6-144          100    2000        50       811   0.05   0.06    0
METRICS_JSON {"label": "before", "workers": 6, "N_active": 4, "N_empty": 2, "S": 1.3927, "H_balanced": 31, "H_skewed": 7}
  pass 1: running descheduler job...
  pass 1: 2 eviction decision(s)
  pass 2: running descheduler job...
  pass 2: 0 eviction decision(s)
== AFTER ==
== METRICS (after) ==
workers=6  N_active=3  N_empty=3
S (stranding, sum|cpuFrac-memFrac|) = 0.170
H_balanced(200m/80Mi)=37   H_skewed(700m/20Mi)=8
node                  cpuReq  /alloc  memReqMi  /allocMi   cpuF   memF  exp
ip-172-31-1-245          540    2000       270       811   0.27   0.33    2
ip-172-31-16-198        1460    2000       650       811   0.73   0.80    2
ip-172-31-19-34          100    2000        50       811   0.05   0.06    0
ip-172-31-3-39          1550    2000       630       811   0.78   0.78    3
ip-172-31-31-146         100    2000        50       811   0.05   0.06    0
ip-172-31-6-144          100    2000        50       811   0.05   0.06    0
METRICS_JSON {"label": "after", "workers": 6, "N_active": 3, "N_empty": 3, "S": 0.1702, "H_balanced": 37, "H_skewed": 8}
scenario:            s6-c4
timestamp:           20260606-145753-lowest-priority-k1
per_pass_evictions:  2 0
total_evictions(E):  2
converged:           1   (1 = a pass evicted 0)
passes_run:          2 (max 5)
Done. Raw json, per-pass logs, metrics and summary in: /home/ubuntu/experiment/results/s6-c4/20260606-145753-lowest-priority-k1
============================================================
### s6-c4 / policy=random seed=1/1 (14:58:44)
============================================================
Using workers: ip-172-31-1-245 ip-172-31-16-198 ip-172-31-19-34 ip-172-31-3-39 ip-172-31-31-146 ip-172-31-6-144
Results -> /home/ubuntu/experiment/results/s6-c4/20260606-145852-random-k1
== BEFORE ==
== METRICS (before) ==
workers=6  N_active=4  N_empty=2
S (stranding, sum|cpuFrac-memFrac|) = 1.393
H_balanced(200m/80Mi)=31   H_skewed(700m/20Mi)=7
node                  cpuReq  /alloc  memReqMi  /allocMi   cpuF   memF  exp
ip-172-31-1-245          690    2000       350       811   0.34   0.43    3
ip-172-31-16-198        1400    2000        90       811   0.70   0.11    1
ip-172-31-19-34          160    2000       610       811   0.08   0.75    1
ip-172-31-3-39          1400    2000       550       811   0.70   0.68    2
ip-172-31-31-146         100    2000        50       811   0.05   0.06    0
ip-172-31-6-144          100    2000        50       811   0.05   0.06    0
METRICS_JSON {"label": "before", "workers": 6, "N_active": 4, "N_empty": 2, "S": 1.3927, "H_balanced": 31, "H_skewed": 7}
  pass 1: running descheduler job...
  pass 1: 2 eviction decision(s)
  pass 2: running descheduler job...
  pass 2: 0 eviction decision(s)
== AFTER ==
== METRICS (after) ==
workers=6  N_active=3  N_empty=3
S (stranding, sum|cpuFrac-memFrac|) = 0.170
H_balanced(200m/80Mi)=37   H_skewed(700m/20Mi)=8
node                  cpuReq  /alloc  memReqMi  /allocMi   cpuF   memF  exp
ip-172-31-1-245          540    2000       270       811   0.27   0.33    2
ip-172-31-16-198        1460    2000       650       811   0.73   0.80    2
ip-172-31-19-34          100    2000        50       811   0.05   0.06    0
ip-172-31-3-39          1550    2000       630       811   0.78   0.78    3
ip-172-31-31-146         100    2000        50       811   0.05   0.06    0
ip-172-31-6-144          100    2000        50       811   0.05   0.06    0
METRICS_JSON {"label": "after", "workers": 6, "N_active": 3, "N_empty": 3, "S": 0.1702, "H_balanced": 37, "H_skewed": 8}
scenario:            s6-c4
timestamp:           20260606-145852-random-k1
per_pass_evictions:  2 0
total_evictions(E):  2
converged:           1   (1 = a pass evicted 0)
passes_run:          2 (max 5)
Done. Raw json, per-pass logs, metrics and summary in: /home/ubuntu/experiment/results/s6-c4/20260606-145852-random-k1
============================================================
### s6-mix / policy=topsis seed=1/1 (14:59:44)
============================================================
Using workers: ip-172-31-1-245 ip-172-31-16-198 ip-172-31-19-34 ip-172-31-3-39 ip-172-31-31-146 ip-172-31-6-144
Results -> /home/ubuntu/experiment/results/s6-mix/20260606-145955-topsis-k1
== BEFORE ==
== METRICS (before) ==
workers=6  N_active=4  N_empty=2
S (stranding, sum|cpuFrac-memFrac|) = 1.462
H_balanced(200m/80Mi)=29   H_skewed(700m/20Mi)=7
node                  cpuReq  /alloc  memReqMi  /allocMi   cpuF   memF  exp
ip-172-31-1-245          810    2000       390       811   0.41   0.48    4
ip-172-31-16-198        1500    2000        90       811   0.75   0.11    1
ip-172-31-19-34          160    2000       650       811   0.08   0.80    1
ip-172-31-3-39          1460    2000       590       811   0.73   0.73    2
ip-172-31-31-146         100    2000        50       811   0.05   0.06    0
ip-172-31-6-144          100    2000        50       811   0.05   0.06    0
METRICS_JSON {"label": "before", "workers": 6, "N_active": 4, "N_empty": 2, "S": 1.462, "H_balanced": 29, "H_skewed": 7}
  pass 1: running descheduler job...
  pass 1: 1 eviction decision(s)
  pass 2: running descheduler job...
  pass 2: 0 eviction decision(s)
== AFTER ==
== METRICS (after) ==
workers=6  N_active=3  N_empty=3
S (stranding, sum|cpuFrac-memFrac|) = 0.184
H_balanced(200m/80Mi)=35   H_skewed(700m/20Mi)=7
node                  cpuReq  /alloc  memReqMi  /allocMi   cpuF   memF  exp
ip-172-31-1-245          810    2000       390       811   0.41   0.48    4
ip-172-31-16-198        1560    2000       690       811   0.78   0.85    2
ip-172-31-19-34          100    2000        50       811   0.05   0.06    0
ip-172-31-3-39          1460    2000       590       811   0.73   0.73    2
ip-172-31-31-146         100    2000        50       811   0.05   0.06    0
ip-172-31-6-144          100    2000        50       811   0.05   0.06    0
METRICS_JSON {"label": "after", "workers": 6, "N_active": 3, "N_empty": 3, "S": 0.1838, "H_balanced": 35, "H_skewed": 7}
scenario:            s6-mix
timestamp:           20260606-145955-topsis-k1
per_pass_evictions:  1 0
total_evictions(E):  1
converged:           1   (1 = a pass evicted 0)
passes_run:          2 (max 5)
Done. Raw json, per-pass logs, metrics and summary in: /home/ubuntu/experiment/results/s6-mix/20260606-145955-topsis-k1
============================================================
### s6-mix / policy=just-c1 seed=1/1 (15:00:45)
============================================================
Using workers: ip-172-31-1-245 ip-172-31-16-198 ip-172-31-19-34 ip-172-31-3-39 ip-172-31-31-146 ip-172-31-6-144
Results -> /home/ubuntu/experiment/results/s6-mix/20260606-150056-just-c1-k1
== BEFORE ==
== METRICS (before) ==
workers=6  N_active=4  N_empty=2
S (stranding, sum|cpuFrac-memFrac|) = 1.462
H_balanced(200m/80Mi)=29   H_skewed(700m/20Mi)=7
node                  cpuReq  /alloc  memReqMi  /allocMi   cpuF   memF  exp
ip-172-31-1-245          810    2000       390       811   0.41   0.48    4
ip-172-31-16-198        1500    2000        90       811   0.75   0.11    1
ip-172-31-19-34          160    2000       650       811   0.08   0.80    1
ip-172-31-3-39          1460    2000       590       811   0.73   0.73    2
ip-172-31-31-146         100    2000        50       811   0.05   0.06    0
ip-172-31-6-144          100    2000        50       811   0.05   0.06    0
METRICS_JSON {"label": "before", "workers": 6, "N_active": 4, "N_empty": 2, "S": 1.462, "H_balanced": 29, "H_skewed": 7}
  pass 1: running descheduler job...
  pass 1: 1 eviction decision(s)
  pass 2: running descheduler job...
  pass 2: 0 eviction decision(s)
== AFTER ==
== METRICS (after) ==
workers=6  N_active=3  N_empty=3
S (stranding, sum|cpuFrac-memFrac|) = 0.184
H_balanced(200m/80Mi)=35   H_skewed(700m/20Mi)=7
node                  cpuReq  /alloc  memReqMi  /allocMi   cpuF   memF  exp
ip-172-31-1-245          810    2000       390       811   0.41   0.48    4
ip-172-31-16-198        1560    2000       690       811   0.78   0.85    2
ip-172-31-19-34          100    2000        50       811   0.05   0.06    0
ip-172-31-3-39          1460    2000       590       811   0.73   0.73    2
ip-172-31-31-146         100    2000        50       811   0.05   0.06    0
ip-172-31-6-144          100    2000        50       811   0.05   0.06    0
METRICS_JSON {"label": "after", "workers": 6, "N_active": 3, "N_empty": 3, "S": 0.1838, "H_balanced": 35, "H_skewed": 7}
scenario:            s6-mix
timestamp:           20260606-150056-just-c1-k1
per_pass_evictions:  1 0
total_evictions(E):  1
converged:           1   (1 = a pass evicted 0)
passes_run:          2 (max 5)
Done. Raw json, per-pass logs, metrics and summary in: /home/ubuntu/experiment/results/s6-mix/20260606-150056-just-c1-k1
============================================================
### s6-mix / policy=just-c2 seed=1/1 (15:01:49)
============================================================
Using workers: ip-172-31-1-245 ip-172-31-16-198 ip-172-31-19-34 ip-172-31-3-39 ip-172-31-31-146 ip-172-31-6-144
Results -> /home/ubuntu/experiment/results/s6-mix/20260606-150159-just-c2-k1
== BEFORE ==
== METRICS (before) ==
workers=6  N_active=4  N_empty=2
S (stranding, sum|cpuFrac-memFrac|) = 1.462
H_balanced(200m/80Mi)=29   H_skewed(700m/20Mi)=7
node                  cpuReq  /alloc  memReqMi  /allocMi   cpuF   memF  exp
ip-172-31-1-245          810    2000       390       811   0.41   0.48    4
ip-172-31-16-198        1500    2000        90       811   0.75   0.11    1
ip-172-31-19-34          160    2000       650       811   0.08   0.80    1
ip-172-31-3-39          1460    2000       590       811   0.73   0.73    2
ip-172-31-31-146         100    2000        50       811   0.05   0.06    0
ip-172-31-6-144          100    2000        50       811   0.05   0.06    0
METRICS_JSON {"label": "before", "workers": 6, "N_active": 4, "N_empty": 2, "S": 1.462, "H_balanced": 29, "H_skewed": 7}
  pass 1: running descheduler job...
  pass 1: 1 eviction decision(s)
  pass 2: running descheduler job...
  pass 2: 0 eviction decision(s)
== AFTER ==
== METRICS (after) ==
workers=6  N_active=3  N_empty=3
S (stranding, sum|cpuFrac-memFrac|) = 0.184
H_balanced(200m/80Mi)=35   H_skewed(700m/20Mi)=7
node                  cpuReq  /alloc  memReqMi  /allocMi   cpuF   memF  exp
ip-172-31-1-245          810    2000       390       811   0.41   0.48    4
ip-172-31-16-198        1560    2000       690       811   0.78   0.85    2
ip-172-31-19-34          100    2000        50       811   0.05   0.06    0
ip-172-31-3-39          1460    2000       590       811   0.73   0.73    2
ip-172-31-31-146         100    2000        50       811   0.05   0.06    0
ip-172-31-6-144          100    2000        50       811   0.05   0.06    0
METRICS_JSON {"label": "after", "workers": 6, "N_active": 3, "N_empty": 3, "S": 0.1838, "H_balanced": 35, "H_skewed": 7}
scenario:            s6-mix
timestamp:           20260606-150159-just-c2-k1
per_pass_evictions:  1 0
total_evictions(E):  1
converged:           1   (1 = a pass evicted 0)
passes_run:          2 (max 5)
Done. Raw json, per-pass logs, metrics and summary in: /home/ubuntu/experiment/results/s6-mix/20260606-150159-just-c2-k1
============================================================
### s6-mix / policy=just-c3 seed=1/1 (15:02:51)
============================================================
Using workers: ip-172-31-1-245 ip-172-31-16-198 ip-172-31-19-34 ip-172-31-3-39 ip-172-31-31-146 ip-172-31-6-144
Results -> /home/ubuntu/experiment/results/s6-mix/20260606-150302-just-c3-k1
== BEFORE ==
== METRICS (before) ==
workers=6  N_active=4  N_empty=2
S (stranding, sum|cpuFrac-memFrac|) = 1.462
H_balanced(200m/80Mi)=29   H_skewed(700m/20Mi)=7
node                  cpuReq  /alloc  memReqMi  /allocMi   cpuF   memF  exp
ip-172-31-1-245          810    2000       390       811   0.41   0.48    4
ip-172-31-16-198        1500    2000        90       811   0.75   0.11    1
ip-172-31-19-34          160    2000       650       811   0.08   0.80    1
ip-172-31-3-39          1460    2000       590       811   0.73   0.73    2
ip-172-31-31-146         100    2000        50       811   0.05   0.06    0
ip-172-31-6-144          100    2000        50       811   0.05   0.06    0
METRICS_JSON {"label": "before", "workers": 6, "N_active": 4, "N_empty": 2, "S": 1.462, "H_balanced": 29, "H_skewed": 7}
  pass 1: running descheduler job...
  pass 1: 1 eviction decision(s)
  pass 2: running descheduler job...
  pass 2: 0 eviction decision(s)
== AFTER ==
== METRICS (after) ==
workers=6  N_active=3  N_empty=3
S (stranding, sum|cpuFrac-memFrac|) = 0.184
H_balanced(200m/80Mi)=35   H_skewed(700m/20Mi)=7
node                  cpuReq  /alloc  memReqMi  /allocMi   cpuF   memF  exp
ip-172-31-1-245          810    2000       390       811   0.41   0.48    4
ip-172-31-16-198        1560    2000       690       811   0.78   0.85    2
ip-172-31-19-34          100    2000        50       811   0.05   0.06    0
ip-172-31-3-39          1460    2000       590       811   0.73   0.73    2
ip-172-31-31-146         100    2000        50       811   0.05   0.06    0
ip-172-31-6-144          100    2000        50       811   0.05   0.06    0
METRICS_JSON {"label": "after", "workers": 6, "N_active": 3, "N_empty": 3, "S": 0.1838, "H_balanced": 35, "H_skewed": 7}
scenario:            s6-mix
timestamp:           20260606-150302-just-c3-k1
per_pass_evictions:  1 0
total_evictions(E):  1
converged:           1   (1 = a pass evicted 0)
passes_run:          2 (max 5)
Done. Raw json, per-pass logs, metrics and summary in: /home/ubuntu/experiment/results/s6-mix/20260606-150302-just-c3-k1
============================================================
### s6-mix / policy=just-c4 seed=1/1 (15:03:53)
============================================================
Using workers: ip-172-31-1-245 ip-172-31-16-198 ip-172-31-19-34 ip-172-31-3-39 ip-172-31-31-146 ip-172-31-6-144
Results -> /home/ubuntu/experiment/results/s6-mix/20260606-150404-just-c4-k1
== BEFORE ==
== METRICS (before) ==
workers=6  N_active=4  N_empty=2
S (stranding, sum|cpuFrac-memFrac|) = 1.462
H_balanced(200m/80Mi)=29   H_skewed(700m/20Mi)=7
node                  cpuReq  /alloc  memReqMi  /allocMi   cpuF   memF  exp
ip-172-31-1-245          810    2000       390       811   0.41   0.48    4
ip-172-31-16-198        1500    2000        90       811   0.75   0.11    1
ip-172-31-19-34          160    2000       650       811   0.08   0.80    1
ip-172-31-3-39          1460    2000       590       811   0.73   0.73    2
ip-172-31-31-146         100    2000        50       811   0.05   0.06    0
ip-172-31-6-144          100    2000        50       811   0.05   0.06    0
METRICS_JSON {"label": "before", "workers": 6, "N_active": 4, "N_empty": 2, "S": 1.462, "H_balanced": 29, "H_skewed": 7}
  pass 1: running descheduler job...
  pass 1: 1 eviction decision(s)
  pass 2: running descheduler job...
  pass 2: 0 eviction decision(s)
== AFTER ==
== METRICS (after) ==
workers=6  N_active=3  N_empty=3
S (stranding, sum|cpuFrac-memFrac|) = 0.184
H_balanced(200m/80Mi)=35   H_skewed(700m/20Mi)=7
node                  cpuReq  /alloc  memReqMi  /allocMi   cpuF   memF  exp
ip-172-31-1-245          810    2000       390       811   0.41   0.48    4
ip-172-31-16-198        1560    2000       690       811   0.78   0.85    2
ip-172-31-19-34          100    2000        50       811   0.05   0.06    0
ip-172-31-3-39          1460    2000       590       811   0.73   0.73    2
ip-172-31-31-146         100    2000        50       811   0.05   0.06    0
ip-172-31-6-144          100    2000        50       811   0.05   0.06    0
METRICS_JSON {"label": "after", "workers": 6, "N_active": 3, "N_empty": 3, "S": 0.1838, "H_balanced": 35, "H_skewed": 7}
scenario:            s6-mix
timestamp:           20260606-150404-just-c4-k1
per_pass_evictions:  1 0
total_evictions(E):  1
converged:           1   (1 = a pass evicted 0)
passes_run:          2 (max 5)
Done. Raw json, per-pass logs, metrics and summary in: /home/ubuntu/experiment/results/s6-mix/20260606-150404-just-c4-k1
============================================================
### s6-mix / policy=largest seed=1/1 (15:04:56)
============================================================
Using workers: ip-172-31-1-245 ip-172-31-16-198 ip-172-31-19-34 ip-172-31-3-39 ip-172-31-31-146 ip-172-31-6-144
Results -> /home/ubuntu/experiment/results/s6-mix/20260606-150507-largest-k1
== BEFORE ==
== METRICS (before) ==
workers=6  N_active=4  N_empty=2
S (stranding, sum|cpuFrac-memFrac|) = 1.462
H_balanced(200m/80Mi)=29   H_skewed(700m/20Mi)=7
node                  cpuReq  /alloc  memReqMi  /allocMi   cpuF   memF  exp
ip-172-31-1-245          810    2000       390       811   0.41   0.48    4
ip-172-31-16-198        1500    2000        90       811   0.75   0.11    1
ip-172-31-19-34          160    2000       650       811   0.08   0.80    1
ip-172-31-3-39          1460    2000       590       811   0.73   0.73    2
ip-172-31-31-146         100    2000        50       811   0.05   0.06    0
ip-172-31-6-144          100    2000        50       811   0.05   0.06    0
METRICS_JSON {"label": "before", "workers": 6, "N_active": 4, "N_empty": 2, "S": 1.462, "H_balanced": 29, "H_skewed": 7}
  pass 1: running descheduler job...
  pass 1: 1 eviction decision(s)
  pass 2: running descheduler job...
  pass 2: 0 eviction decision(s)
== AFTER ==
== METRICS (after) ==
workers=6  N_active=3  N_empty=3
S (stranding, sum|cpuFrac-memFrac|) = 0.184
H_balanced(200m/80Mi)=35   H_skewed(700m/20Mi)=7
node                  cpuReq  /alloc  memReqMi  /allocMi   cpuF   memF  exp
ip-172-31-1-245          810    2000       390       811   0.41   0.48    4
ip-172-31-16-198        1560    2000       690       811   0.78   0.85    2
ip-172-31-19-34          100    2000        50       811   0.05   0.06    0
ip-172-31-3-39          1460    2000       590       811   0.73   0.73    2
ip-172-31-31-146         100    2000        50       811   0.05   0.06    0
ip-172-31-6-144          100    2000        50       811   0.05   0.06    0
METRICS_JSON {"label": "after", "workers": 6, "N_active": 3, "N_empty": 3, "S": 0.1838, "H_balanced": 35, "H_skewed": 7}
scenario:            s6-mix
timestamp:           20260606-150507-largest-k1
per_pass_evictions:  1 0
total_evictions(E):  1
converged:           1   (1 = a pass evicted 0)
passes_run:          2 (max 5)
Done. Raw json, per-pass logs, metrics and summary in: /home/ubuntu/experiment/results/s6-mix/20260606-150507-largest-k1
============================================================
### s6-mix / policy=lowest-priority seed=1/1 (15:05:58)
============================================================
Using workers: ip-172-31-1-245 ip-172-31-16-198 ip-172-31-19-34 ip-172-31-3-39 ip-172-31-31-146 ip-172-31-6-144
Results -> /home/ubuntu/experiment/results/s6-mix/20260606-150610-lowest-priority-k1
== BEFORE ==
== METRICS (before) ==
workers=6  N_active=4  N_empty=2
S (stranding, sum|cpuFrac-memFrac|) = 1.462
H_balanced(200m/80Mi)=29   H_skewed(700m/20Mi)=7
node                  cpuReq  /alloc  memReqMi  /allocMi   cpuF   memF  exp
ip-172-31-1-245          810    2000       390       811   0.41   0.48    4
ip-172-31-16-198        1500    2000        90       811   0.75   0.11    1
ip-172-31-19-34          160    2000       650       811   0.08   0.80    1
ip-172-31-3-39          1460    2000       590       811   0.73   0.73    2
ip-172-31-31-146         100    2000        50       811   0.05   0.06    0
ip-172-31-6-144          100    2000        50       811   0.05   0.06    0
METRICS_JSON {"label": "before", "workers": 6, "N_active": 4, "N_empty": 2, "S": 1.462, "H_balanced": 29, "H_skewed": 7}
  pass 1: running descheduler job...
  pass 1: 1 eviction decision(s)
  pass 2: running descheduler job...
  pass 2: 0 eviction decision(s)
== AFTER ==
== METRICS (after) ==
workers=6  N_active=3  N_empty=3
S (stranding, sum|cpuFrac-memFrac|) = 0.184
H_balanced(200m/80Mi)=35   H_skewed(700m/20Mi)=7
node                  cpuReq  /alloc  memReqMi  /allocMi   cpuF   memF  exp
ip-172-31-1-245          810    2000       390       811   0.41   0.48    4
ip-172-31-16-198        1560    2000       690       811   0.78   0.85    2
ip-172-31-19-34          100    2000        50       811   0.05   0.06    0
ip-172-31-3-39          1460    2000       590       811   0.73   0.73    2
ip-172-31-31-146         100    2000        50       811   0.05   0.06    0
ip-172-31-6-144          100    2000        50       811   0.05   0.06    0
METRICS_JSON {"label": "after", "workers": 6, "N_active": 3, "N_empty": 3, "S": 0.1838, "H_balanced": 35, "H_skewed": 7}
scenario:            s6-mix
timestamp:           20260606-150610-lowest-priority-k1
per_pass_evictions:  1 0
total_evictions(E):  1
converged:           1   (1 = a pass evicted 0)
passes_run:          2 (max 5)
Done. Raw json, per-pass logs, metrics and summary in: /home/ubuntu/experiment/results/s6-mix/20260606-150610-lowest-priority-k1
============================================================
### s6-mix / policy=random seed=1/1 (15:07:01)
============================================================
Using workers: ip-172-31-1-245 ip-172-31-16-198 ip-172-31-19-34 ip-172-31-3-39 ip-172-31-31-146 ip-172-31-6-144
Results -> /home/ubuntu/experiment/results/s6-mix/20260606-150711-random-k1
== BEFORE ==
== METRICS (before) ==
workers=6  N_active=4  N_empty=2
S (stranding, sum|cpuFrac-memFrac|) = 1.462
H_balanced(200m/80Mi)=29   H_skewed(700m/20Mi)=7
node                  cpuReq  /alloc  memReqMi  /allocMi   cpuF   memF  exp
ip-172-31-1-245          810    2000       390       811   0.41   0.48    4
ip-172-31-16-198        1500    2000        90       811   0.75   0.11    1
ip-172-31-19-34          160    2000       650       811   0.08   0.80    1
ip-172-31-3-39          1460    2000       590       811   0.73   0.73    2
ip-172-31-31-146         100    2000        50       811   0.05   0.06    0
ip-172-31-6-144          100    2000        50       811   0.05   0.06    0
METRICS_JSON {"label": "before", "workers": 6, "N_active": 4, "N_empty": 2, "S": 1.462, "H_balanced": 29, "H_skewed": 7}
  pass 1: running descheduler job...
  pass 1: 1 eviction decision(s)
  pass 2: running descheduler job...
  pass 2: 0 eviction decision(s)
== AFTER ==
== METRICS (after) ==
workers=6  N_active=3  N_empty=3
S (stranding, sum|cpuFrac-memFrac|) = 0.184
H_balanced(200m/80Mi)=35   H_skewed(700m/20Mi)=7
node                  cpuReq  /alloc  memReqMi  /allocMi   cpuF   memF  exp
ip-172-31-1-245          810    2000       390       811   0.41   0.48    4
ip-172-31-16-198        1560    2000       690       811   0.78   0.85    2
ip-172-31-19-34          100    2000        50       811   0.05   0.06    0
ip-172-31-3-39          1460    2000       590       811   0.73   0.73    2
ip-172-31-31-146         100    2000        50       811   0.05   0.06    0
ip-172-31-6-144          100    2000        50       811   0.05   0.06    0
METRICS_JSON {"label": "after", "workers": 6, "N_active": 3, "N_empty": 3, "S": 0.1838, "H_balanced": 35, "H_skewed": 7}
scenario:            s6-mix
timestamp:           20260606-150711-random-k1
per_pass_evictions:  1 0
total_evictions(E):  1
converged:           1   (1 = a pass evicted 0)
passes_run:          2 (max 5)
Done. Raw json, per-pass logs, metrics and summary in: /home/ubuntu/experiment/results/s6-mix/20260606-150711-random-k1
### S6 SUITE DONE (2026-06-06 15:08:02)
