============================================================
### s1 / rdc2 / seed 1   (05:34:19)
============================================================
Using workers: ip-172-31-1-245 ip-172-31-16-198 ip-172-31-19-34 ip-172-31-3-39 ip-172-31-31-146 ip-172-31-6-144
Cordoning all workers so initial placement is controlled...
  -> s1-fill-245 : 2 x (cpu=250m mem=100Mi) on ip-172-31-1-245
  -> s1-fill-198 : 2 x (cpu=250m mem=100Mi) on ip-172-31-16-198
  -> s1-fill-34 : 2 x (cpu=250m mem=100Mi) on ip-172-31-19-34
  -> s1-fill-39 : 2 x (cpu=250m mem=100Mi) on ip-172-31-3-39
  -> s1-fill-146 : 2 x (cpu=250m mem=100Mi) on ip-172-31-31-146
  -> s1-fill-144 : 2 x (cpu=250m mem=100Mi) on ip-172-31-6-144
Uncordoning all workers (cluster ready for descheduler)...

Initial layout for s1:
NAME                           READY   STATUS    RESTARTS   AGE   IP             NODE               NOMINATED NODE   READINESS GATES
s1-fill-245-7659c95b6c-sm6bx   1/1     Running   0          7s    10.244.0.9     ip-172-31-1-245    <none>           <none>
s1-fill-245-7659c95b6c-stnls   1/1     Running   0          7s    10.244.0.10    ip-172-31-1-245    <none>           <none>
s1-fill-198-6f65649bd4-mhlp8   1/1     Running   0          6s    10.244.5.40    ip-172-31-16-198   <none>           <none>
s1-fill-198-6f65649bd4-wj556   1/1     Running   0          6s    10.244.5.41    ip-172-31-16-198   <none>           <none>
s1-fill-34-65d8fd768c-5z2kj    1/1     Running   0          5s    10.244.7.101   ip-172-31-19-34    <none>           <none>
s1-fill-34-65d8fd768c-j2gng    1/1     Running   0          5s    10.244.7.102   ip-172-31-19-34    <none>           <none>
s1-fill-39-7d47c6f544-46hp4    1/1     Running   0          4s    10.244.1.158   ip-172-31-3-39     <none>           <none>
s1-fill-39-7d47c6f544-tnt6q    1/1     Running   0          4s    10.244.1.159   ip-172-31-3-39     <none>           <none>
s1-fill-146-f9dd78d6c-m468r    1/1     Running   0          2s    10.244.4.27    ip-172-31-31-146   <none>           <none>
s1-fill-146-f9dd78d6c-wg7qm    1/1     Running   0          2s    10.244.4.28    ip-172-31-31-146   <none>           <none>
s1-fill-144-75b6ddcffc-g6gsb   1/1     Running   0          1s    10.244.2.144   ip-172-31-6-144    <none>           <none>
s1-fill-144-75b6ddcffc-m55w6   1/1     Running   0          1s    10.244.2.145   ip-172-31-6-144    <none>           <none>
Using workers: ip-172-31-1-245 ip-172-31-16-198 ip-172-31-19-34 ip-172-31-3-39 ip-172-31-31-146 ip-172-31-6-144
Results -> /home/ubuntu/experiment/results/s1/20260607-053427-rdc2-k1
== BEFORE ==
== METRICS (before) ==
workers=6  N_active=6  N_empty=0
S (stranding, sum|cpuFrac-memFrac|) = 0.049
H_balanced(200m/80Mi)=42   H_skewed(700m/20Mi)=12
node                  cpuReq  /alloc  memReqMi  /allocMi   cpuF   memF  exp
ip-172-31-1-245          600    2000       250       811   0.30   0.31    2
ip-172-31-16-198         600    2000       250       811   0.30   0.31    2
ip-172-31-19-34          600    2000       250       811   0.30   0.31    2
ip-172-31-3-39           600    2000       250       811   0.30   0.31    2
ip-172-31-31-146         600    2000       250       811   0.30   0.31    2
ip-172-31-6-144          600    2000       250       811   0.30   0.31    2
METRICS_JSON {"label": "before", "workers": 6, "N_active": 6, "N_empty": 0, "S": 0.0488, "H_balanced": 42, "H_skewed": 12}
  pass 1: running descheduler job...
  pass 1: 8 eviction decision(s)
  pass 2: running descheduler job...
  pass 2: 2 eviction decision(s)
  pass 3: running descheduler job...
  pass 3: 0 eviction decision(s)
== AFTER ==
== METRICS (after) ==
workers=6  N_active=2  N_empty=4
S (stranding, sum|cpuFrac-memFrac|) = 0.050
H_balanced(200m/80Mi)=39   H_skewed(700m/20Mi)=8
node                  cpuReq  /alloc  memReqMi  /allocMi   cpuF   memF  exp
ip-172-31-1-245         1850    2000       750       811   0.93   0.92    7
ip-172-31-16-198         100    2000        50       811   0.05   0.06    0
ip-172-31-19-34         1350    2000       550       811   0.68   0.68    5
ip-172-31-3-39           100    2000        50       811   0.05   0.06    0
ip-172-31-31-146         100    2000        50       811   0.05   0.06    0
ip-172-31-6-144          100    2000        50       811   0.05   0.06    0
METRICS_JSON {"label": "after", "workers": 6, "N_active": 2, "N_empty": 4, "S": 0.0499, "H_balanced": 39, "H_skewed": 8}
scenario:            s1
timestamp:           20260607-053427-rdc2-k1
per_pass_evictions:  8 2 0
total_evictions(E):  10
converged:           1   (1 = a pass evicted 0)
passes_run:          3 (max 5)
Done. Raw json, per-pass logs, metrics and summary in: /home/ubuntu/experiment/results/s1/20260607-053427-rdc2-k1
Using workers: ip-172-31-1-245 ip-172-31-16-198 ip-172-31-19-34 ip-172-31-3-39 ip-172-31-31-146 ip-172-31-6-144
Deleting s1 workloads in ns/defrag-exp ...
deployment.apps "s1-fill-144" deleted from defrag-exp namespace
deployment.apps "s1-fill-146" deleted from defrag-exp namespace
deployment.apps "s1-fill-198" deleted from defrag-exp namespace
deployment.apps "s1-fill-245" deleted from defrag-exp namespace
deployment.apps "s1-fill-34" deleted from defrag-exp namespace
deployment.apps "s1-fill-39" deleted from defrag-exp namespace
Uncordoning all workers (in case setup was interrupted) ...
Removing descheduler job ...
Cleanup for s1 done. (namespace 'defrag-exp' kept; 'kubectl delete ns defrag-exp' to remove entirely.)
============================================================
### s1 / rdc2 / seed 2   (05:35:48)
============================================================
Using workers: ip-172-31-1-245 ip-172-31-16-198 ip-172-31-19-34 ip-172-31-3-39 ip-172-31-31-146 ip-172-31-6-144
Cordoning all workers so initial placement is controlled...
  -> s1-fill-245 : 2 x (cpu=250m mem=100Mi) on ip-172-31-1-245
  -> s1-fill-198 : 2 x (cpu=250m mem=100Mi) on ip-172-31-16-198
  -> s1-fill-34 : 2 x (cpu=250m mem=100Mi) on ip-172-31-19-34
  -> s1-fill-39 : 2 x (cpu=250m mem=100Mi) on ip-172-31-3-39
  -> s1-fill-146 : 2 x (cpu=250m mem=100Mi) on ip-172-31-31-146
  -> s1-fill-144 : 2 x (cpu=250m mem=100Mi) on ip-172-31-6-144
Uncordoning all workers (cluster ready for descheduler)...

Initial layout for s1:
NAME                           READY   STATUS    RESTARTS   AGE   IP             NODE               NOMINATED NODE   READINESS GATES
s1-fill-245-7659c95b6c-b8scw   1/1     Running   0          7s    10.244.0.21    ip-172-31-1-245    <none>           <none>
s1-fill-245-7659c95b6c-pl98c   1/1     Running   0          7s    10.244.0.22    ip-172-31-1-245    <none>           <none>
s1-fill-198-6f65649bd4-2qf7q   1/1     Running   0          6s    10.244.5.43    ip-172-31-16-198   <none>           <none>
s1-fill-198-6f65649bd4-8k64m   1/1     Running   0          6s    10.244.5.42    ip-172-31-16-198   <none>           <none>
s1-fill-34-65d8fd768c-28nzn    1/1     Running   0          5s    10.244.7.107   ip-172-31-19-34    <none>           <none>
s1-fill-34-65d8fd768c-84mbm    1/1     Running   0          5s    10.244.7.106   ip-172-31-19-34    <none>           <none>
s1-fill-39-7d47c6f544-fjbk6    1/1     Running   0          3s    10.244.1.160   ip-172-31-3-39     <none>           <none>
s1-fill-39-7d47c6f544-rhtpb    1/1     Running   0          3s    10.244.1.161   ip-172-31-3-39     <none>           <none>
s1-fill-146-f9dd78d6c-4d984    1/1     Running   0          2s    10.244.4.29    ip-172-31-31-146   <none>           <none>
s1-fill-146-f9dd78d6c-c8g2n    1/1     Running   0          2s    10.244.4.30    ip-172-31-31-146   <none>           <none>
s1-fill-144-75b6ddcffc-bwctz   1/1     Running   0          1s    10.244.2.147   ip-172-31-6-144    <none>           <none>
s1-fill-144-75b6ddcffc-g88rd   1/1     Running   0          1s    10.244.2.146   ip-172-31-6-144    <none>           <none>
Using workers: ip-172-31-1-245 ip-172-31-16-198 ip-172-31-19-34 ip-172-31-3-39 ip-172-31-31-146 ip-172-31-6-144
Results -> /home/ubuntu/experiment/results/s1/20260607-053555-rdc2-k2
== BEFORE ==
== METRICS (before) ==
workers=6  N_active=6  N_empty=0
S (stranding, sum|cpuFrac-memFrac|) = 0.049
H_balanced(200m/80Mi)=42   H_skewed(700m/20Mi)=12
node                  cpuReq  /alloc  memReqMi  /allocMi   cpuF   memF  exp
ip-172-31-1-245          600    2000       250       811   0.30   0.31    2
ip-172-31-16-198         600    2000       250       811   0.30   0.31    2
ip-172-31-19-34          600    2000       250       811   0.30   0.31    2
ip-172-31-3-39           600    2000       250       811   0.30   0.31    2
ip-172-31-31-146         600    2000       250       811   0.30   0.31    2
ip-172-31-6-144          600    2000       250       811   0.30   0.31    2
METRICS_JSON {"label": "before", "workers": 6, "N_active": 6, "N_empty": 0, "S": 0.0488, "H_balanced": 42, "H_skewed": 12}
  pass 1: running descheduler job...
  pass 1: 8 eviction decision(s)
  pass 2: running descheduler job...
  pass 2: 2 eviction decision(s)
  pass 3: running descheduler job...
  pass 3: 0 eviction decision(s)
== AFTER ==
== METRICS (after) ==
workers=6  N_active=2  N_empty=4
S (stranding, sum|cpuFrac-memFrac|) = 0.050
H_balanced(200m/80Mi)=39   H_skewed(700m/20Mi)=8
node                  cpuReq  /alloc  memReqMi  /allocMi   cpuF   memF  exp
ip-172-31-1-245         1850    2000       750       811   0.93   0.92    7
ip-172-31-16-198         100    2000        50       811   0.05   0.06    0
ip-172-31-19-34         1350    2000       550       811   0.68   0.68    5
ip-172-31-3-39           100    2000        50       811   0.05   0.06    0
ip-172-31-31-146         100    2000        50       811   0.05   0.06    0
ip-172-31-6-144          100    2000        50       811   0.05   0.06    0
METRICS_JSON {"label": "after", "workers": 6, "N_active": 2, "N_empty": 4, "S": 0.0499, "H_balanced": 39, "H_skewed": 8}
scenario:            s1
timestamp:           20260607-053555-rdc2-k2
per_pass_evictions:  8 2 0
total_evictions(E):  10
converged:           1   (1 = a pass evicted 0)
passes_run:          3 (max 5)
Done. Raw json, per-pass logs, metrics and summary in: /home/ubuntu/experiment/results/s1/20260607-053555-rdc2-k2
Using workers: ip-172-31-1-245 ip-172-31-16-198 ip-172-31-19-34 ip-172-31-3-39 ip-172-31-31-146 ip-172-31-6-144
Deleting s1 workloads in ns/defrag-exp ...
deployment.apps "s1-fill-144" deleted from defrag-exp namespace
deployment.apps "s1-fill-146" deleted from defrag-exp namespace
deployment.apps "s1-fill-198" deleted from defrag-exp namespace
deployment.apps "s1-fill-245" deleted from defrag-exp namespace
deployment.apps "s1-fill-34" deleted from defrag-exp namespace
deployment.apps "s1-fill-39" deleted from defrag-exp namespace
Uncordoning all workers (in case setup was interrupted) ...
Removing descheduler job ...
Cleanup for s1 done. (namespace 'defrag-exp' kept; 'kubectl delete ns defrag-exp' to remove entirely.)
============================================================
### s1 / rdc2 / seed 3   (05:37:13)
============================================================
Using workers: ip-172-31-1-245 ip-172-31-16-198 ip-172-31-19-34 ip-172-31-3-39 ip-172-31-31-146 ip-172-31-6-144
Cordoning all workers so initial placement is controlled...
  -> s1-fill-245 : 2 x (cpu=250m mem=100Mi) on ip-172-31-1-245
  -> s1-fill-198 : 2 x (cpu=250m mem=100Mi) on ip-172-31-16-198
  -> s1-fill-34 : 2 x (cpu=250m mem=100Mi) on ip-172-31-19-34
  -> s1-fill-39 : 2 x (cpu=250m mem=100Mi) on ip-172-31-3-39
  -> s1-fill-146 : 2 x (cpu=250m mem=100Mi) on ip-172-31-31-146
  -> s1-fill-144 : 2 x (cpu=250m mem=100Mi) on ip-172-31-6-144
Uncordoning all workers (cluster ready for descheduler)...

Initial layout for s1:
NAME                           READY   STATUS    RESTARTS   AGE   IP             NODE               NOMINATED NODE   READINESS GATES
s1-fill-245-7659c95b6c-jpwbx   1/1     Running   0          7s    10.244.0.34    ip-172-31-1-245    <none>           <none>
s1-fill-245-7659c95b6c-wdgx9   1/1     Running   0          7s    10.244.0.33    ip-172-31-1-245    <none>           <none>
s1-fill-198-6f65649bd4-cj2dt   1/1     Running   0          6s    10.244.5.45    ip-172-31-16-198   <none>           <none>
s1-fill-198-6f65649bd4-wjns6   1/1     Running   0          6s    10.244.5.44    ip-172-31-16-198   <none>           <none>
s1-fill-34-65d8fd768c-ldjfb    1/1     Running   0          5s    10.244.7.111   ip-172-31-19-34    <none>           <none>
s1-fill-34-65d8fd768c-w8xgr    1/1     Running   0          5s    10.244.7.112   ip-172-31-19-34    <none>           <none>
s1-fill-39-7d47c6f544-fjmrr    1/1     Running   0          3s    10.244.1.162   ip-172-31-3-39     <none>           <none>
s1-fill-39-7d47c6f544-zj8q9    1/1     Running   0          3s    10.244.1.163   ip-172-31-3-39     <none>           <none>
s1-fill-146-f9dd78d6c-b6wmr    1/1     Running   0          2s    10.244.4.31    ip-172-31-31-146   <none>           <none>
s1-fill-146-f9dd78d6c-s25hr    1/1     Running   0          2s    10.244.4.32    ip-172-31-31-146   <none>           <none>
s1-fill-144-75b6ddcffc-dbr58   1/1     Running   0          1s    10.244.2.149   ip-172-31-6-144    <none>           <none>
s1-fill-144-75b6ddcffc-wbw8l   1/1     Running   0          1s    10.244.2.148   ip-172-31-6-144    <none>           <none>
Using workers: ip-172-31-1-245 ip-172-31-16-198 ip-172-31-19-34 ip-172-31-3-39 ip-172-31-31-146 ip-172-31-6-144
Results -> /home/ubuntu/experiment/results/s1/20260607-053721-rdc2-k3
== BEFORE ==
== METRICS (before) ==
workers=6  N_active=6  N_empty=0
S (stranding, sum|cpuFrac-memFrac|) = 0.049
H_balanced(200m/80Mi)=42   H_skewed(700m/20Mi)=12
node                  cpuReq  /alloc  memReqMi  /allocMi   cpuF   memF  exp
ip-172-31-1-245          600    2000       250       811   0.30   0.31    2
ip-172-31-16-198         600    2000       250       811   0.30   0.31    2
ip-172-31-19-34          600    2000       250       811   0.30   0.31    2
ip-172-31-3-39           600    2000       250       811   0.30   0.31    2
ip-172-31-31-146         600    2000       250       811   0.30   0.31    2
ip-172-31-6-144          600    2000       250       811   0.30   0.31    2
METRICS_JSON {"label": "before", "workers": 6, "N_active": 6, "N_empty": 0, "S": 0.0488, "H_balanced": 42, "H_skewed": 12}
  pass 1: running descheduler job...
  pass 1: 8 eviction decision(s)
  pass 2: running descheduler job...
  pass 2: 2 eviction decision(s)
  pass 3: running descheduler job...
  pass 3: 0 eviction decision(s)
== AFTER ==
== METRICS (after) ==
workers=6  N_active=2  N_empty=4
S (stranding, sum|cpuFrac-memFrac|) = 0.050
H_balanced(200m/80Mi)=39   H_skewed(700m/20Mi)=8
node                  cpuReq  /alloc  memReqMi  /allocMi   cpuF   memF  exp
ip-172-31-1-245         1850    2000       750       811   0.93   0.92    7
ip-172-31-16-198         100    2000        50       811   0.05   0.06    0
ip-172-31-19-34         1350    2000       550       811   0.68   0.68    5
ip-172-31-3-39           100    2000        50       811   0.05   0.06    0
ip-172-31-31-146         100    2000        50       811   0.05   0.06    0
ip-172-31-6-144          100    2000        50       811   0.05   0.06    0
METRICS_JSON {"label": "after", "workers": 6, "N_active": 2, "N_empty": 4, "S": 0.0499, "H_balanced": 39, "H_skewed": 8}
scenario:            s1
timestamp:           20260607-053721-rdc2-k3
per_pass_evictions:  8 2 0
total_evictions(E):  10
converged:           1   (1 = a pass evicted 0)
passes_run:          3 (max 5)
Done. Raw json, per-pass logs, metrics and summary in: /home/ubuntu/experiment/results/s1/20260607-053721-rdc2-k3
Using workers: ip-172-31-1-245 ip-172-31-16-198 ip-172-31-19-34 ip-172-31-3-39 ip-172-31-31-146 ip-172-31-6-144
Deleting s1 workloads in ns/defrag-exp ...
deployment.apps "s1-fill-144" deleted from defrag-exp namespace
deployment.apps "s1-fill-146" deleted from defrag-exp namespace
deployment.apps "s1-fill-198" deleted from defrag-exp namespace
deployment.apps "s1-fill-245" deleted from defrag-exp namespace
deployment.apps "s1-fill-34" deleted from defrag-exp namespace
deployment.apps "s1-fill-39" deleted from defrag-exp namespace
Uncordoning all workers (in case setup was interrupted) ...
Removing descheduler job ...
Cleanup for s1 done. (namespace 'defrag-exp' kept; 'kubectl delete ns defrag-exp' to remove entirely.)
============================================================
### s2 / rdc2 / seed 1   (05:38:38)
============================================================
Using workers: ip-172-31-1-245 ip-172-31-16-198 ip-172-31-19-34 ip-172-31-3-39 ip-172-31-31-146 ip-172-31-6-144
Cordoning all workers so initial placement is controlled...
  -> s2-cpu-245 : 2 x (cpu=750m mem=20Mi) on ip-172-31-1-245
  -> s2-cpu-198 : 2 x (cpu=750m mem=20Mi) on ip-172-31-16-198
  -> s2-cpu-34 : 2 x (cpu=750m mem=20Mi) on ip-172-31-19-34
  -> s2-mem-39 : 2 x (cpu=50m mem=240Mi) on ip-172-31-3-39
  -> s2-mem-146 : 2 x (cpu=50m mem=240Mi) on ip-172-31-31-146
  -> s2-mem-144 : 2 x (cpu=50m mem=240Mi) on ip-172-31-6-144
Uncordoning all workers (cluster ready for descheduler)...

Initial layout for s2:
NAME                          READY   STATUS    RESTARTS   AGE   IP             NODE               NOMINATED NODE   READINESS GATES
s2-cpu-245-846fcd67f4-rh6pd   1/1     Running   0          10s   10.244.0.46    ip-172-31-1-245    <none>           <none>
s2-cpu-245-846fcd67f4-zxrwf   1/1     Running   0          10s   10.244.0.45    ip-172-31-1-245    <none>           <none>
s2-cpu-198-7f87654f6f-9f2gl   1/1     Running   0          9s    10.244.5.46    ip-172-31-16-198   <none>           <none>
s2-cpu-198-7f87654f6f-k6lfn   1/1     Running   0          9s    10.244.5.47    ip-172-31-16-198   <none>           <none>
s2-cpu-34-6694c57846-7m27t    1/1     Running   0          7s    10.244.7.117   ip-172-31-19-34    <none>           <none>
s2-cpu-34-6694c57846-jr2rt    1/1     Running   0          7s    10.244.7.116   ip-172-31-19-34    <none>           <none>
s2-mem-39-6c9ff4fc6d-nnwrm    1/1     Running   0          6s    10.244.1.164   ip-172-31-3-39     <none>           <none>
s2-mem-39-6c9ff4fc6d-tpm7n    1/1     Running   0          6s    10.244.1.165   ip-172-31-3-39     <none>           <none>
s2-mem-146-7ff7c4f86f-kc7pz   1/1     Running   0          4s    10.244.4.33    ip-172-31-31-146   <none>           <none>
s2-mem-146-7ff7c4f86f-tqckm   1/1     Running   0          4s    10.244.4.34    ip-172-31-31-146   <none>           <none>
s2-mem-144-769fd78487-g8w5z   1/1     Running   0          2s    10.244.2.151   ip-172-31-6-144    <none>           <none>
s2-mem-144-769fd78487-n88xn   1/1     Running   0          2s    10.244.2.150   ip-172-31-6-144    <none>           <none>
Using workers: ip-172-31-1-245 ip-172-31-16-198 ip-172-31-19-34 ip-172-31-3-39 ip-172-31-31-146 ip-172-31-6-144
Results -> /home/ubuntu/experiment/results/s2/20260607-053848-rdc2-k1
== BEFORE ==
== METRICS (before) ==
workers=6  N_active=6  N_empty=0
S (stranding, sum|cpuFrac-memFrac|) = 3.727
H_balanced(200m/80Mi)=15   H_skewed(700m/20Mi)=6
node                  cpuReq  /alloc  memReqMi  /allocMi   cpuF   memF  exp
ip-172-31-1-245         1600    2000        90       811   0.80   0.11    2
ip-172-31-16-198        1600    2000        90       811   0.80   0.11    2
ip-172-31-19-34         1600    2000        90       811   0.80   0.11    2
ip-172-31-3-39           200    2000       530       811   0.10   0.65    2
ip-172-31-31-146         200    2000       530       811   0.10   0.65    2
ip-172-31-6-144          200    2000       530       811   0.10   0.65    2
METRICS_JSON {"label": "before", "workers": 6, "N_active": 6, "N_empty": 0, "S": 3.7269, "H_balanced": 15, "H_skewed": 6}
  pass 1: running descheduler job...
  pass 1: 6 eviction decision(s)
  pass 2: running descheduler job...
  pass 2: 0 eviction decision(s)
== AFTER ==
== METRICS (after) ==
workers=6  N_active=3  N_empty=3
S (stranding, sum|cpuFrac-memFrac|) = 0.971
H_balanced(200m/80Mi)=29   H_skewed(700m/20Mi)=6
node                  cpuReq  /alloc  memReqMi  /allocMi   cpuF   memF  exp
ip-172-31-1-245         1750    2000       810       811   0.88   1.00    5
ip-172-31-16-198        1750    2000       810       811   0.88   1.00    5
ip-172-31-19-34         1600    2000        90       811   0.80   0.11    2
ip-172-31-3-39           100    2000        50       811   0.05   0.06    0
ip-172-31-31-146         100    2000        50       811   0.05   0.06    0
ip-172-31-6-144          100    2000        50       811   0.05   0.06    0
METRICS_JSON {"label": "after", "workers": 6, "N_active": 3, "N_empty": 3, "S": 0.9707, "H_balanced": 29, "H_skewed": 6}
scenario:            s2
timestamp:           20260607-053848-rdc2-k1
per_pass_evictions:  6 0
total_evictions(E):  6
converged:           1   (1 = a pass evicted 0)
passes_run:          2 (max 5)
Done. Raw json, per-pass logs, metrics and summary in: /home/ubuntu/experiment/results/s2/20260607-053848-rdc2-k1
Using workers: ip-172-31-1-245 ip-172-31-16-198 ip-172-31-19-34 ip-172-31-3-39 ip-172-31-31-146 ip-172-31-6-144
Deleting s2 workloads in ns/defrag-exp ...
deployment.apps "s2-cpu-198" deleted from defrag-exp namespace
deployment.apps "s2-cpu-245" deleted from defrag-exp namespace
deployment.apps "s2-cpu-34" deleted from defrag-exp namespace
deployment.apps "s2-mem-144" deleted from defrag-exp namespace
deployment.apps "s2-mem-146" deleted from defrag-exp namespace
deployment.apps "s2-mem-39" deleted from defrag-exp namespace
Uncordoning all workers (in case setup was interrupted) ...
Removing descheduler job ...
Cleanup for s2 done. (namespace 'defrag-exp' kept; 'kubectl delete ns defrag-exp' to remove entirely.)
============================================================
### s2 / rdc2 / seed 2   (05:39:40)
============================================================
Using workers: ip-172-31-1-245 ip-172-31-16-198 ip-172-31-19-34 ip-172-31-3-39 ip-172-31-31-146 ip-172-31-6-144
Cordoning all workers so initial placement is controlled...
  -> s2-cpu-245 : 2 x (cpu=750m mem=20Mi) on ip-172-31-1-245
  -> s2-cpu-198 : 2 x (cpu=750m mem=20Mi) on ip-172-31-16-198
  -> s2-cpu-34 : 2 x (cpu=750m mem=20Mi) on ip-172-31-19-34
  -> s2-mem-39 : 2 x (cpu=50m mem=240Mi) on ip-172-31-3-39
  -> s2-mem-146 : 2 x (cpu=50m mem=240Mi) on ip-172-31-31-146
  -> s2-mem-144 : 2 x (cpu=50m mem=240Mi) on ip-172-31-6-144
Uncordoning all workers (cluster ready for descheduler)...

Initial layout for s2:
NAME                          READY   STATUS    RESTARTS   AGE   IP             NODE               NOMINATED NODE   READINESS GATES
s2-cpu-245-846fcd67f4-5x49v   1/1     Running   0          11s   10.244.0.52    ip-172-31-1-245    <none>           <none>
s2-cpu-245-846fcd67f4-rx7rp   1/1     Running   0          11s   10.244.0.53    ip-172-31-1-245    <none>           <none>
s2-cpu-198-7f87654f6f-fbdt2   1/1     Running   0          10s   10.244.5.52    ip-172-31-16-198   <none>           <none>
s2-cpu-198-7f87654f6f-qtmkn   1/1     Running   0          10s   10.244.5.51    ip-172-31-16-198   <none>           <none>
s2-cpu-34-6694c57846-8kktg    1/1     Running   0          7s    10.244.7.119   ip-172-31-19-34    <none>           <none>
s2-cpu-34-6694c57846-sftml    1/1     Running   0          7s    10.244.7.118   ip-172-31-19-34    <none>           <none>
s2-mem-39-6c9ff4fc6d-hh8n5    1/1     Running   0          6s    10.244.1.167   ip-172-31-3-39     <none>           <none>
s2-mem-39-6c9ff4fc6d-sw5qt    1/1     Running   0          6s    10.244.1.166   ip-172-31-3-39     <none>           <none>
s2-mem-146-7ff7c4f86f-fm94h   1/1     Running   0          4s    10.244.4.35    ip-172-31-31-146   <none>           <none>
s2-mem-146-7ff7c4f86f-wwqhm   1/1     Running   0          4s    10.244.4.36    ip-172-31-31-146   <none>           <none>
s2-mem-144-769fd78487-f4cd8   1/1     Running   0          2s    10.244.2.152   ip-172-31-6-144    <none>           <none>
s2-mem-144-769fd78487-hmhrg   1/1     Running   0          2s    10.244.2.153   ip-172-31-6-144    <none>           <none>
Using workers: ip-172-31-1-245 ip-172-31-16-198 ip-172-31-19-34 ip-172-31-3-39 ip-172-31-31-146 ip-172-31-6-144
Results -> /home/ubuntu/experiment/results/s2/20260607-053951-rdc2-k2
== BEFORE ==
== METRICS (before) ==
workers=6  N_active=6  N_empty=0
S (stranding, sum|cpuFrac-memFrac|) = 3.727
H_balanced(200m/80Mi)=15   H_skewed(700m/20Mi)=6
node                  cpuReq  /alloc  memReqMi  /allocMi   cpuF   memF  exp
ip-172-31-1-245         1600    2000        90       811   0.80   0.11    2
ip-172-31-16-198        1600    2000        90       811   0.80   0.11    2
ip-172-31-19-34         1600    2000        90       811   0.80   0.11    2
ip-172-31-3-39           200    2000       530       811   0.10   0.65    2
ip-172-31-31-146         200    2000       530       811   0.10   0.65    2
ip-172-31-6-144          200    2000       530       811   0.10   0.65    2
METRICS_JSON {"label": "before", "workers": 6, "N_active": 6, "N_empty": 0, "S": 3.7269, "H_balanced": 15, "H_skewed": 6}
  pass 1: running descheduler job...
  pass 1: 6 eviction decision(s)
  pass 2: running descheduler job...
  pass 2: 0 eviction decision(s)
== AFTER ==
== METRICS (after) ==
workers=6  N_active=3  N_empty=3
S (stranding, sum|cpuFrac-memFrac|) = 0.971
H_balanced(200m/80Mi)=29   H_skewed(700m/20Mi)=6
node                  cpuReq  /alloc  memReqMi  /allocMi   cpuF   memF  exp
ip-172-31-1-245         1750    2000       810       811   0.88   1.00    5
ip-172-31-16-198        1750    2000       810       811   0.88   1.00    5
ip-172-31-19-34         1600    2000        90       811   0.80   0.11    2
ip-172-31-3-39           100    2000        50       811   0.05   0.06    0
ip-172-31-31-146         100    2000        50       811   0.05   0.06    0
ip-172-31-6-144          100    2000        50       811   0.05   0.06    0
METRICS_JSON {"label": "after", "workers": 6, "N_active": 3, "N_empty": 3, "S": 0.9707, "H_balanced": 29, "H_skewed": 6}
scenario:            s2
timestamp:           20260607-053951-rdc2-k2
per_pass_evictions:  6 0
total_evictions(E):  6
converged:           1   (1 = a pass evicted 0)
passes_run:          2 (max 5)
Done. Raw json, per-pass logs, metrics and summary in: /home/ubuntu/experiment/results/s2/20260607-053951-rdc2-k2
Using workers: ip-172-31-1-245 ip-172-31-16-198 ip-172-31-19-34 ip-172-31-3-39 ip-172-31-31-146 ip-172-31-6-144
Deleting s2 workloads in ns/defrag-exp ...
deployment.apps "s2-cpu-198" deleted from defrag-exp namespace
deployment.apps "s2-cpu-245" deleted from defrag-exp namespace
deployment.apps "s2-cpu-34" deleted from defrag-exp namespace
deployment.apps "s2-mem-144" deleted from defrag-exp namespace
deployment.apps "s2-mem-146" deleted from defrag-exp namespace
deployment.apps "s2-mem-39" deleted from defrag-exp namespace
Uncordoning all workers (in case setup was interrupted) ...
Removing descheduler job ...
Cleanup for s2 done. (namespace 'defrag-exp' kept; 'kubectl delete ns defrag-exp' to remove entirely.)
============================================================
### s2 / rdc2 / seed 3   (05:40:43)
============================================================
Using workers: ip-172-31-1-245 ip-172-31-16-198 ip-172-31-19-34 ip-172-31-3-39 ip-172-31-31-146 ip-172-31-6-144
Cordoning all workers so initial placement is controlled...
  -> s2-cpu-245 : 2 x (cpu=750m mem=20Mi) on ip-172-31-1-245
  -> s2-cpu-198 : 2 x (cpu=750m mem=20Mi) on ip-172-31-16-198
  -> s2-cpu-34 : 2 x (cpu=750m mem=20Mi) on ip-172-31-19-34
  -> s2-mem-39 : 2 x (cpu=50m mem=240Mi) on ip-172-31-3-39
  -> s2-mem-146 : 2 x (cpu=50m mem=240Mi) on ip-172-31-31-146
  -> s2-mem-144 : 2 x (cpu=50m mem=240Mi) on ip-172-31-6-144
Uncordoning all workers (cluster ready for descheduler)...

Initial layout for s2:
NAME                          READY   STATUS    RESTARTS   AGE   IP             NODE               NOMINATED NODE   READINESS GATES
s2-cpu-245-846fcd67f4-5n8ps   1/1     Running   0          10s   10.244.0.59    ip-172-31-1-245    <none>           <none>
s2-cpu-245-846fcd67f4-z8df9   1/1     Running   0          10s   10.244.0.60    ip-172-31-1-245    <none>           <none>
s2-cpu-198-7f87654f6f-82c7v   1/1     Running   0          8s    10.244.5.57    ip-172-31-16-198   <none>           <none>
s2-cpu-198-7f87654f6f-wkjwp   1/1     Running   0          9s    10.244.5.56    ip-172-31-16-198   <none>           <none>
s2-cpu-34-6694c57846-dvj4j    1/1     Running   0          7s    10.244.7.120   ip-172-31-19-34    <none>           <none>
s2-cpu-34-6694c57846-sv24v    1/1     Running   0          7s    10.244.7.121   ip-172-31-19-34    <none>           <none>
s2-mem-39-6c9ff4fc6d-d4sjc    1/1     Running   0          6s    10.244.1.169   ip-172-31-3-39     <none>           <none>
s2-mem-39-6c9ff4fc6d-psgdt    1/1     Running   0          6s    10.244.1.168   ip-172-31-3-39     <none>           <none>
s2-mem-146-7ff7c4f86f-6pprk   1/1     Running   0          4s    10.244.4.37    ip-172-31-31-146   <none>           <none>
s2-mem-146-7ff7c4f86f-fj2d5   1/1     Running   0          4s    10.244.4.38    ip-172-31-31-146   <none>           <none>
s2-mem-144-769fd78487-4fcl2   1/1     Running   0          2s    10.244.2.154   ip-172-31-6-144    <none>           <none>
s2-mem-144-769fd78487-qjgv9   1/1     Running   0          2s    10.244.2.155   ip-172-31-6-144    <none>           <none>
Using workers: ip-172-31-1-245 ip-172-31-16-198 ip-172-31-19-34 ip-172-31-3-39 ip-172-31-31-146 ip-172-31-6-144
Results -> /home/ubuntu/experiment/results/s2/20260607-054053-rdc2-k3
== BEFORE ==
== METRICS (before) ==
workers=6  N_active=6  N_empty=0
S (stranding, sum|cpuFrac-memFrac|) = 3.727
H_balanced(200m/80Mi)=15   H_skewed(700m/20Mi)=6
node                  cpuReq  /alloc  memReqMi  /allocMi   cpuF   memF  exp
ip-172-31-1-245         1600    2000        90       811   0.80   0.11    2
ip-172-31-16-198        1600    2000        90       811   0.80   0.11    2
ip-172-31-19-34         1600    2000        90       811   0.80   0.11    2
ip-172-31-3-39           200    2000       530       811   0.10   0.65    2
ip-172-31-31-146         200    2000       530       811   0.10   0.65    2
ip-172-31-6-144          200    2000       530       811   0.10   0.65    2
METRICS_JSON {"label": "before", "workers": 6, "N_active": 6, "N_empty": 0, "S": 3.7269, "H_balanced": 15, "H_skewed": 6}
  pass 1: running descheduler job...
  pass 1: 6 eviction decision(s)
  pass 2: running descheduler job...
  pass 2: 0 eviction decision(s)
== AFTER ==
== METRICS (after) ==
workers=6  N_active=3  N_empty=3
S (stranding, sum|cpuFrac-memFrac|) = 0.971
H_balanced(200m/80Mi)=29   H_skewed(700m/20Mi)=6
node                  cpuReq  /alloc  memReqMi  /allocMi   cpuF   memF  exp
ip-172-31-1-245         1750    2000       810       811   0.88   1.00    5
ip-172-31-16-198        1750    2000       810       811   0.88   1.00    5
ip-172-31-19-34         1600    2000        90       811   0.80   0.11    2
ip-172-31-3-39           100    2000        50       811   0.05   0.06    0
ip-172-31-31-146         100    2000        50       811   0.05   0.06    0
ip-172-31-6-144          100    2000        50       811   0.05   0.06    0
METRICS_JSON {"label": "after", "workers": 6, "N_active": 3, "N_empty": 3, "S": 0.9707, "H_balanced": 29, "H_skewed": 6}
scenario:            s2
timestamp:           20260607-054053-rdc2-k3
per_pass_evictions:  6 0
total_evictions(E):  6
converged:           1   (1 = a pass evicted 0)
passes_run:          2 (max 5)
Done. Raw json, per-pass logs, metrics and summary in: /home/ubuntu/experiment/results/s2/20260607-054053-rdc2-k3
Using workers: ip-172-31-1-245 ip-172-31-16-198 ip-172-31-19-34 ip-172-31-3-39 ip-172-31-31-146 ip-172-31-6-144
Deleting s2 workloads in ns/defrag-exp ...
deployment.apps "s2-cpu-198" deleted from defrag-exp namespace
deployment.apps "s2-cpu-245" deleted from defrag-exp namespace
deployment.apps "s2-cpu-34" deleted from defrag-exp namespace
deployment.apps "s2-mem-144" deleted from defrag-exp namespace
deployment.apps "s2-mem-146" deleted from defrag-exp namespace
deployment.apps "s2-mem-39" deleted from defrag-exp namespace
Uncordoning all workers (in case setup was interrupted) ...
Removing descheduler job ...
Cleanup for s2 done. (namespace 'defrag-exp' kept; 'kubectl delete ns defrag-exp' to remove entirely.)
============================================================
### s3 / rdc2 / seed 1   (05:41:43)
============================================================
Using workers: ip-172-31-1-245 ip-172-31-16-198 ip-172-31-19-34 ip-172-31-3-39 ip-172-31-31-146 ip-172-31-6-144
Cordoning all workers so initial placement is controlled...
  -> s3-under-245 : 2 x (cpu=250m mem=100Mi) on ip-172-31-1-245
  -> s3-under-198 : 2 x (cpu=250m mem=100Mi) on ip-172-31-16-198
  -> s3-cpu-34 : 2 x (cpu=750m mem=20Mi) on ip-172-31-19-34
  -> s3-cpu-39 : 2 x (cpu=750m mem=20Mi) on ip-172-31-3-39
  -> s3-full-146 : 2 x (cpu=800m mem=320Mi) on ip-172-31-31-146
  -> s3-full-144 : 2 x (cpu=800m mem=320Mi) on ip-172-31-6-144
Uncordoning all workers (cluster ready for descheduler)...

Initial layout for s3:
NAME                            READY   STATUS    RESTARTS   AGE   IP             NODE               NOMINATED NODE   READINESS GATES
s3-under-245-574b8b4b46-dkxnj   1/1     Running   0          7s    10.244.0.66    ip-172-31-1-245    <none>           <none>
s3-under-245-574b8b4b46-zpxkn   1/1     Running   0          7s    10.244.0.67    ip-172-31-1-245    <none>           <none>
s3-under-198-c45f6ffd9-6wmll    1/1     Running   0          6s    10.244.5.61    ip-172-31-16-198   <none>           <none>
s3-under-198-c45f6ffd9-kfgr9    1/1     Running   0          6s    10.244.5.62    ip-172-31-16-198   <none>           <none>
s3-cpu-34-848456d98d-7b2t8      1/1     Running   0          5s    10.244.7.123   ip-172-31-19-34    <none>           <none>
s3-cpu-34-848456d98d-cvmgg      1/1     Running   0          5s    10.244.7.122   ip-172-31-19-34    <none>           <none>
s3-cpu-39-694f845c9f-cwxj6      1/1     Running   0          4s    10.244.1.170   ip-172-31-3-39     <none>           <none>
s3-cpu-39-694f845c9f-ht678      1/1     Running   0          4s    10.244.1.171   ip-172-31-3-39     <none>           <none>
s3-full-146-5bdc7c699-28559     1/1     Running   0          3s    10.244.4.39    ip-172-31-31-146   <none>           <none>
s3-full-146-5bdc7c699-xxx4d     1/1     Running   0          3s    10.244.4.40    ip-172-31-31-146   <none>           <none>
s3-full-144-569b4d6597-5b67k    1/1     Running   0          1s    10.244.2.156   ip-172-31-6-144    <none>           <none>
s3-full-144-569b4d6597-vlm7h    1/1     Running   0          1s    10.244.2.157   ip-172-31-6-144    <none>           <none>
Using workers: ip-172-31-1-245 ip-172-31-16-198 ip-172-31-19-34 ip-172-31-3-39 ip-172-31-31-146 ip-172-31-6-144
Results -> /home/ubuntu/experiment/results/s3/20260607-054151-rdc2-k1
== BEFORE ==
== METRICS (before) ==
workers=6  N_active=6  N_empty=0
S (stranding, sum|cpuFrac-memFrac|) = 1.395
H_balanced(200m/80Mi)=20   H_skewed(700m/20Mi)=4
node                  cpuReq  /alloc  memReqMi  /allocMi   cpuF   memF  exp
ip-172-31-1-245          600    2000       250       811   0.30   0.31    2
ip-172-31-16-198         600    2000       250       811   0.30   0.31    2
ip-172-31-19-34         1600    2000        90       811   0.80   0.11    2
ip-172-31-3-39          1600    2000        90       811   0.80   0.11    2
ip-172-31-31-146        1700    2000       690       811   0.85   0.85    2
ip-172-31-6-144         1700    2000       690       811   0.85   0.85    2
METRICS_JSON {"label": "before", "workers": 6, "N_active": 6, "N_empty": 0, "S": 1.3953, "H_balanced": 20, "H_skewed": 4}
  pass 1: running descheduler job...
  pass 1: 2 eviction decision(s)
  pass 2: running descheduler job...
  pass 2: 0 eviction decision(s)
== AFTER ==
== METRICS (after) ==
workers=6  N_active=5  N_empty=1
S (stranding, sum|cpuFrac-memFrac|) = 1.400
H_balanced(200m/80Mi)=20   H_skewed(700m/20Mi)=4
node                  cpuReq  /alloc  memReqMi  /allocMi   cpuF   memF  exp
ip-172-31-1-245          100    2000        50       811   0.05   0.06    0
ip-172-31-16-198         600    2000       250       811   0.30   0.31    2
ip-172-31-19-34         1600    2000        90       811   0.80   0.11    2
ip-172-31-3-39          1600    2000        90       811   0.80   0.11    2
ip-172-31-31-146        1950    2000       790       811   0.97   0.97    3
ip-172-31-6-144         1950    2000       790       811   0.97   0.97    3
METRICS_JSON {"label": "after", "workers": 6, "N_active": 5, "N_empty": 1, "S": 1.4005, "H_balanced": 20, "H_skewed": 4}
scenario:            s3
timestamp:           20260607-054151-rdc2-k1
per_pass_evictions:  2 0
total_evictions(E):  2
converged:           1   (1 = a pass evicted 0)
passes_run:          2 (max 5)
Done. Raw json, per-pass logs, metrics and summary in: /home/ubuntu/experiment/results/s3/20260607-054151-rdc2-k1
Using workers: ip-172-31-1-245 ip-172-31-16-198 ip-172-31-19-34 ip-172-31-3-39 ip-172-31-31-146 ip-172-31-6-144
Deleting s3 workloads in ns/defrag-exp ...
deployment.apps "s3-cpu-34" deleted from defrag-exp namespace
deployment.apps "s3-cpu-39" deleted from defrag-exp namespace
deployment.apps "s3-full-144" deleted from defrag-exp namespace
deployment.apps "s3-full-146" deleted from defrag-exp namespace
deployment.apps "s3-under-198" deleted from defrag-exp namespace
deployment.apps "s3-under-245" deleted from defrag-exp namespace
Uncordoning all workers (in case setup was interrupted) ...
Removing descheduler job ...
Cleanup for s3 done. (namespace 'defrag-exp' kept; 'kubectl delete ns defrag-exp' to remove entirely.)
============================================================
### s3 / rdc2 / seed 2   (05:42:46)
============================================================
Using workers: ip-172-31-1-245 ip-172-31-16-198 ip-172-31-19-34 ip-172-31-3-39 ip-172-31-31-146 ip-172-31-6-144
Cordoning all workers so initial placement is controlled...
  -> s3-under-245 : 2 x (cpu=250m mem=100Mi) on ip-172-31-1-245
  -> s3-under-198 : 2 x (cpu=250m mem=100Mi) on ip-172-31-16-198
  -> s3-cpu-34 : 2 x (cpu=750m mem=20Mi) on ip-172-31-19-34
  -> s3-cpu-39 : 2 x (cpu=750m mem=20Mi) on ip-172-31-3-39
  -> s3-full-146 : 2 x (cpu=800m mem=320Mi) on ip-172-31-31-146
  -> s3-full-144 : 2 x (cpu=800m mem=320Mi) on ip-172-31-6-144
Uncordoning all workers (cluster ready for descheduler)...

Initial layout for s3:
NAME                            READY   STATUS    RESTARTS   AGE   IP             NODE               NOMINATED NODE   READINESS GATES
s3-under-245-574b8b4b46-w2w76   1/1     Running   0          7s    10.244.0.68    ip-172-31-1-245    <none>           <none>
s3-under-245-574b8b4b46-xvcgb   1/1     Running   0          7s    10.244.0.69    ip-172-31-1-245    <none>           <none>
s3-under-198-c45f6ffd9-ffcjd    1/1     Running   0          6s    10.244.5.64    ip-172-31-16-198   <none>           <none>
s3-under-198-c45f6ffd9-p6qnb    1/1     Running   0          6s    10.244.5.63    ip-172-31-16-198   <none>           <none>
s3-cpu-34-848456d98d-n9gpp      1/1     Running   0          5s    10.244.7.124   ip-172-31-19-34    <none>           <none>
s3-cpu-34-848456d98d-pn4gr      1/1     Running   0          5s    10.244.7.125   ip-172-31-19-34    <none>           <none>
s3-cpu-39-694f845c9f-hfgb9      1/1     Running   0          3s    10.244.1.173   ip-172-31-3-39     <none>           <none>
s3-cpu-39-694f845c9f-lckcv      1/1     Running   0          3s    10.244.1.172   ip-172-31-3-39     <none>           <none>
s3-full-146-5bdc7c699-jpjj5     1/1     Running   0          2s    10.244.4.44    ip-172-31-31-146   <none>           <none>
s3-full-146-5bdc7c699-sbphp     1/1     Running   0          2s    10.244.4.45    ip-172-31-31-146   <none>           <none>
s3-full-144-569b4d6597-pdnmm    1/1     Running   0          1s    10.244.2.159   ip-172-31-6-144    <none>           <none>
s3-full-144-569b4d6597-snrwg    1/1     Running   0          1s    10.244.2.160   ip-172-31-6-144    <none>           <none>
Using workers: ip-172-31-1-245 ip-172-31-16-198 ip-172-31-19-34 ip-172-31-3-39 ip-172-31-31-146 ip-172-31-6-144
Results -> /home/ubuntu/experiment/results/s3/20260607-054253-rdc2-k2
== BEFORE ==
== METRICS (before) ==
workers=6  N_active=6  N_empty=0
S (stranding, sum|cpuFrac-memFrac|) = 1.395
H_balanced(200m/80Mi)=20   H_skewed(700m/20Mi)=4
node                  cpuReq  /alloc  memReqMi  /allocMi   cpuF   memF  exp
ip-172-31-1-245          600    2000       250       811   0.30   0.31    2
ip-172-31-16-198         600    2000       250       811   0.30   0.31    2
ip-172-31-19-34         1600    2000        90       811   0.80   0.11    2
ip-172-31-3-39          1600    2000        90       811   0.80   0.11    2
ip-172-31-31-146        1700    2000       690       811   0.85   0.85    2
ip-172-31-6-144         1700    2000       690       811   0.85   0.85    2
METRICS_JSON {"label": "before", "workers": 6, "N_active": 6, "N_empty": 0, "S": 1.3953, "H_balanced": 20, "H_skewed": 4}
  pass 1: running descheduler job...
  pass 1: 2 eviction decision(s)
  pass 2: running descheduler job...
  pass 2: 0 eviction decision(s)
== AFTER ==
== METRICS (after) ==
workers=6  N_active=5  N_empty=1
S (stranding, sum|cpuFrac-memFrac|) = 1.400
H_balanced(200m/80Mi)=20   H_skewed(700m/20Mi)=4
node                  cpuReq  /alloc  memReqMi  /allocMi   cpuF   memF  exp
ip-172-31-1-245          100    2000        50       811   0.05   0.06    0
ip-172-31-16-198         600    2000       250       811   0.30   0.31    2
ip-172-31-19-34         1600    2000        90       811   0.80   0.11    2
ip-172-31-3-39          1600    2000        90       811   0.80   0.11    2
ip-172-31-31-146        1950    2000       790       811   0.97   0.97    3
ip-172-31-6-144         1950    2000       790       811   0.97   0.97    3
METRICS_JSON {"label": "after", "workers": 6, "N_active": 5, "N_empty": 1, "S": 1.4005, "H_balanced": 20, "H_skewed": 4}
scenario:            s3
timestamp:           20260607-054253-rdc2-k2
per_pass_evictions:  2 0
total_evictions(E):  2
converged:           1   (1 = a pass evicted 0)
passes_run:          2 (max 5)
Done. Raw json, per-pass logs, metrics and summary in: /home/ubuntu/experiment/results/s3/20260607-054253-rdc2-k2
Using workers: ip-172-31-1-245 ip-172-31-16-198 ip-172-31-19-34 ip-172-31-3-39 ip-172-31-31-146 ip-172-31-6-144
Deleting s3 workloads in ns/defrag-exp ...
deployment.apps "s3-cpu-34" deleted from defrag-exp namespace
deployment.apps "s3-cpu-39" deleted from defrag-exp namespace
deployment.apps "s3-full-144" deleted from defrag-exp namespace
deployment.apps "s3-full-146" deleted from defrag-exp namespace
deployment.apps "s3-under-198" deleted from defrag-exp namespace
deployment.apps "s3-under-245" deleted from defrag-exp namespace
Uncordoning all workers (in case setup was interrupted) ...
Removing descheduler job ...
Cleanup for s3 done. (namespace 'defrag-exp' kept; 'kubectl delete ns defrag-exp' to remove entirely.)
============================================================
### s3 / rdc2 / seed 3   (05:43:44)
============================================================
Using workers: ip-172-31-1-245 ip-172-31-16-198 ip-172-31-19-34 ip-172-31-3-39 ip-172-31-31-146 ip-172-31-6-144
Cordoning all workers so initial placement is controlled...
  -> s3-under-245 : 2 x (cpu=250m mem=100Mi) on ip-172-31-1-245
  -> s3-under-198 : 2 x (cpu=250m mem=100Mi) on ip-172-31-16-198
  -> s3-cpu-34 : 2 x (cpu=750m mem=20Mi) on ip-172-31-19-34
  -> s3-cpu-39 : 2 x (cpu=750m mem=20Mi) on ip-172-31-3-39
  -> s3-full-146 : 2 x (cpu=800m mem=320Mi) on ip-172-31-31-146
  -> s3-full-144 : 2 x (cpu=800m mem=320Mi) on ip-172-31-6-144
Uncordoning all workers (cluster ready for descheduler)...

Initial layout for s3:
NAME                            READY   STATUS    RESTARTS   AGE   IP             NODE               NOMINATED NODE   READINESS GATES
s3-under-245-574b8b4b46-clf69   1/1     Running   0          7s    10.244.0.71    ip-172-31-1-245    <none>           <none>
s3-under-245-574b8b4b46-x4f5m   1/1     Running   0          7s    10.244.0.70    ip-172-31-1-245    <none>           <none>
s3-under-198-c45f6ffd9-5vj52    1/1     Running   0          6s    10.244.5.65    ip-172-31-16-198   <none>           <none>
s3-under-198-c45f6ffd9-kzm7z    1/1     Running   0          6s    10.244.5.66    ip-172-31-16-198   <none>           <none>
s3-cpu-34-848456d98d-qxm6s      1/1     Running   0          4s    10.244.7.126   ip-172-31-19-34    <none>           <none>
s3-cpu-34-848456d98d-wpb5l      1/1     Running   0          4s    10.244.7.127   ip-172-31-19-34    <none>           <none>
s3-cpu-39-694f845c9f-fng8d      1/1     Running   0          3s    10.244.1.175   ip-172-31-3-39     <none>           <none>
s3-cpu-39-694f845c9f-vr86n      1/1     Running   0          3s    10.244.1.174   ip-172-31-3-39     <none>           <none>
s3-full-146-5bdc7c699-7qnq9     1/1     Running   0          2s    10.244.4.50    ip-172-31-31-146   <none>           <none>
s3-full-146-5bdc7c699-f87c4     1/1     Running   0          2s    10.244.4.49    ip-172-31-31-146   <none>           <none>
s3-full-144-569b4d6597-brttc    1/1     Running   0          1s    10.244.2.162   ip-172-31-6-144    <none>           <none>
s3-full-144-569b4d6597-kv9nl    1/1     Running   0          1s    10.244.2.163   ip-172-31-6-144    <none>           <none>
Using workers: ip-172-31-1-245 ip-172-31-16-198 ip-172-31-19-34 ip-172-31-3-39 ip-172-31-31-146 ip-172-31-6-144
Results -> /home/ubuntu/experiment/results/s3/20260607-054351-rdc2-k3
== BEFORE ==
== METRICS (before) ==
workers=6  N_active=6  N_empty=0
S (stranding, sum|cpuFrac-memFrac|) = 1.395
H_balanced(200m/80Mi)=20   H_skewed(700m/20Mi)=4
node                  cpuReq  /alloc  memReqMi  /allocMi   cpuF   memF  exp
ip-172-31-1-245          600    2000       250       811   0.30   0.31    2
ip-172-31-16-198         600    2000       250       811   0.30   0.31    2
ip-172-31-19-34         1600    2000        90       811   0.80   0.11    2
ip-172-31-3-39          1600    2000        90       811   0.80   0.11    2
ip-172-31-31-146        1700    2000       690       811   0.85   0.85    2
ip-172-31-6-144         1700    2000       690       811   0.85   0.85    2
METRICS_JSON {"label": "before", "workers": 6, "N_active": 6, "N_empty": 0, "S": 1.3953, "H_balanced": 20, "H_skewed": 4}
  pass 1: running descheduler job...
  pass 1: 2 eviction decision(s)
  pass 2: running descheduler job...
  pass 2: 0 eviction decision(s)
== AFTER ==
== METRICS (after) ==
workers=6  N_active=5  N_empty=1
S (stranding, sum|cpuFrac-memFrac|) = 1.400
H_balanced(200m/80Mi)=20   H_skewed(700m/20Mi)=4
node                  cpuReq  /alloc  memReqMi  /allocMi   cpuF   memF  exp
ip-172-31-1-245          100    2000        50       811   0.05   0.06    0
ip-172-31-16-198         600    2000       250       811   0.30   0.31    2
ip-172-31-19-34         1600    2000        90       811   0.80   0.11    2
ip-172-31-3-39          1600    2000        90       811   0.80   0.11    2
ip-172-31-31-146        1950    2000       790       811   0.97   0.97    3
ip-172-31-6-144         1950    2000       790       811   0.97   0.97    3
METRICS_JSON {"label": "after", "workers": 6, "N_active": 5, "N_empty": 1, "S": 1.4005, "H_balanced": 20, "H_skewed": 4}
scenario:            s3
timestamp:           20260607-054351-rdc2-k3
per_pass_evictions:  2 0
total_evictions(E):  2
converged:           1   (1 = a pass evicted 0)
passes_run:          2 (max 5)
Done. Raw json, per-pass logs, metrics and summary in: /home/ubuntu/experiment/results/s3/20260607-054351-rdc2-k3
Using workers: ip-172-31-1-245 ip-172-31-16-198 ip-172-31-19-34 ip-172-31-3-39 ip-172-31-31-146 ip-172-31-6-144
Deleting s3 workloads in ns/defrag-exp ...
deployment.apps "s3-cpu-34" deleted from defrag-exp namespace
deployment.apps "s3-cpu-39" deleted from defrag-exp namespace
deployment.apps "s3-full-144" deleted from defrag-exp namespace
deployment.apps "s3-full-146" deleted from defrag-exp namespace
deployment.apps "s3-under-198" deleted from defrag-exp namespace
deployment.apps "s3-under-245" deleted from defrag-exp namespace
Uncordoning all workers (in case setup was interrupted) ...
Removing descheduler job ...
Cleanup for s3 done. (namespace 'defrag-exp' kept; 'kubectl delete ns defrag-exp' to remove entirely.)
============================================================
### s4 / rdc2 / seed 1   (05:44:43)
============================================================
Using workers: ip-172-31-1-245 ip-172-31-16-198 ip-172-31-19-34 ip-172-31-3-39 ip-172-31-31-146 ip-172-31-6-144
Cordoning all workers so initial placement is controlled...
  -> s4-cpu-245 : 3 x (cpu=600m mem=24Mi) on ip-172-31-1-245
  -> s4-cpu-198 : 3 x (cpu=600m mem=24Mi) on ip-172-31-16-198
  -> s4-mem-34 : 3 x (cpu=60m mem=240Mi) on ip-172-31-19-34
  -> s4-mem-39 : 3 x (cpu=60m mem=240Mi) on ip-172-31-3-39
  -> s4-jumbo-146 : 1 x (cpu=920m mem=375Mi) on ip-172-31-31-146
Uncordoning all workers (cluster ready for descheduler)...

Initial layout for s4:
NAME                            READY   STATUS    RESTARTS   AGE   IP             NODE               NOMINATED NODE   READINESS GATES
s4-cpu-245-cccd9967b-2bbxq      1/1     Running   0          7s    10.244.0.73    ip-172-31-1-245    <none>           <none>
s4-cpu-245-cccd9967b-kbhj7      1/1     Running   0          7s    10.244.0.74    ip-172-31-1-245    <none>           <none>
s4-cpu-245-cccd9967b-n9q9h      1/1     Running   0          7s    10.244.0.72    ip-172-31-1-245    <none>           <none>
s4-cpu-198-c8bbfc967-8zn9q      1/1     Running   0          5s    10.244.5.67    ip-172-31-16-198   <none>           <none>
s4-cpu-198-c8bbfc967-d4pmf      1/1     Running   0          5s    10.244.5.68    ip-172-31-16-198   <none>           <none>
s4-cpu-198-c8bbfc967-tjq88      1/1     Running   0          5s    10.244.5.69    ip-172-31-16-198   <none>           <none>
s4-mem-34-67b57f4875-n4777      1/1     Running   0          4s    10.244.7.130   ip-172-31-19-34    <none>           <none>
s4-mem-34-67b57f4875-5k6dm      1/1     Running   0          4s    10.244.7.129   ip-172-31-19-34    <none>           <none>
s4-mem-34-67b57f4875-f8ljt      1/1     Running   0          4s    10.244.7.128   ip-172-31-19-34    <none>           <none>
s4-mem-39-5d5899dbd4-79lrg      1/1     Running   0          2s    10.244.1.176   ip-172-31-3-39     <none>           <none>
s4-mem-39-5d5899dbd4-97rj7      1/1     Running   0          2s    10.244.1.177   ip-172-31-3-39     <none>           <none>
s4-mem-39-5d5899dbd4-kndpp      1/1     Running   0          2s    10.244.1.178   ip-172-31-3-39     <none>           <none>
s4-jumbo-146-6b466bd845-gdrb9   1/1     Running   0          1s    10.244.4.54    ip-172-31-31-146   <none>           <none>
Using workers: ip-172-31-1-245 ip-172-31-16-198 ip-172-31-19-34 ip-172-31-3-39 ip-172-31-31-146 ip-172-31-6-144
Results -> /home/ubuntu/experiment/results/s4/20260607-054451-rdc2-k1
== BEFORE ==
== METRICS (before) ==
workers=6  N_active=5  N_empty=1
S (stranding, sum|cpuFrac-memFrac|) = 3.243
H_balanced(200m/80Mi)=13   H_skewed(700m/20Mi)=7
node                  cpuReq  /alloc  memReqMi  /allocMi   cpuF   memF  exp
ip-172-31-1-245         1900    2000       122       811   0.95   0.15    3
ip-172-31-16-198        1900    2000       122       811   0.95   0.15    3
ip-172-31-19-34          280    2000       770       811   0.14   0.95    3
ip-172-31-3-39           280    2000       770       811   0.14   0.95    3
ip-172-31-31-146        1020    2000       425       811   0.51   0.52    1
ip-172-31-6-144          100    2000        50       811   0.05   0.06    0
METRICS_JSON {"label": "before", "workers": 6, "N_active": 5, "N_empty": 1, "S": 3.2426, "H_balanced": 13, "H_skewed": 7}
  pass 1: running descheduler job...
  pass 1: 4 eviction decision(s)
  pass 2: running descheduler job...
  pass 2: 1 eviction decision(s)
  pass 3: running descheduler job...
  pass 3: 0 eviction decision(s)
== AFTER ==
== METRICS (after) ==
workers=6  N_active=4  N_empty=2
S (stranding, sum|cpuFrac-memFrac|) = 1.112
H_balanced(200m/80Mi)=24   H_skewed(700m/20Mi)=6
node                  cpuReq  /alloc  memReqMi  /allocMi   cpuF   memF  exp
ip-172-31-1-245         1420    2000       578       811   0.71   0.71    4
ip-172-31-16-198        1960    2000       362       811   0.98   0.45    4
ip-172-31-19-34          220    2000       530       811   0.11   0.65    2
ip-172-31-3-39           100    2000        50       811   0.05   0.06    0
ip-172-31-31-146        1680    2000       689       811   0.84   0.85    3
ip-172-31-6-144          100    2000        50       811   0.05   0.06    0
METRICS_JSON {"label": "after", "workers": 6, "N_active": 4, "N_empty": 2, "S": 1.1119, "H_balanced": 24, "H_skewed": 6}
scenario:            s4
timestamp:           20260607-054451-rdc2-k1
per_pass_evictions:  4 1 0
total_evictions(E):  5
converged:           1   (1 = a pass evicted 0)
passes_run:          3 (max 5)
Done. Raw json, per-pass logs, metrics and summary in: /home/ubuntu/experiment/results/s4/20260607-054451-rdc2-k1
Using workers: ip-172-31-1-245 ip-172-31-16-198 ip-172-31-19-34 ip-172-31-3-39 ip-172-31-31-146 ip-172-31-6-144
Deleting s4 workloads in ns/defrag-exp ...
deployment.apps "s4-cpu-198" deleted from defrag-exp namespace
deployment.apps "s4-cpu-245" deleted from defrag-exp namespace
deployment.apps "s4-jumbo-146" deleted from defrag-exp namespace
deployment.apps "s4-mem-34" deleted from defrag-exp namespace
deployment.apps "s4-mem-39" deleted from defrag-exp namespace
Uncordoning all workers (in case setup was interrupted) ...
Removing descheduler job ...
Cleanup for s4 done. (namespace 'defrag-exp' kept; 'kubectl delete ns defrag-exp' to remove entirely.)
============================================================
### s4 / rdc2 / seed 2   (05:46:08)
============================================================
Using workers: ip-172-31-1-245 ip-172-31-16-198 ip-172-31-19-34 ip-172-31-3-39 ip-172-31-31-146 ip-172-31-6-144
Cordoning all workers so initial placement is controlled...
  -> s4-cpu-245 : 3 x (cpu=600m mem=24Mi) on ip-172-31-1-245
  -> s4-cpu-198 : 3 x (cpu=600m mem=24Mi) on ip-172-31-16-198
  -> s4-mem-34 : 3 x (cpu=60m mem=240Mi) on ip-172-31-19-34
  -> s4-mem-39 : 3 x (cpu=60m mem=240Mi) on ip-172-31-3-39
  -> s4-jumbo-146 : 1 x (cpu=920m mem=375Mi) on ip-172-31-31-146
Uncordoning all workers (cluster ready for descheduler)...

Initial layout for s4:
NAME                            READY   STATUS    RESTARTS   AGE   IP             NODE               NOMINATED NODE   READINESS GATES
s4-cpu-245-cccd9967b-fsfdk      1/1     Running   0          7s    10.244.0.78    ip-172-31-1-245    <none>           <none>
s4-cpu-245-cccd9967b-hv4r4      1/1     Running   0          7s    10.244.0.80    ip-172-31-1-245    <none>           <none>
s4-cpu-245-cccd9967b-wzfth      1/1     Running   0          7s    10.244.0.79    ip-172-31-1-245    <none>           <none>
s4-cpu-198-c8bbfc967-5nx7s      1/1     Running   0          6s    10.244.5.74    ip-172-31-16-198   <none>           <none>
s4-cpu-198-c8bbfc967-bv5r8      1/1     Running   0          6s    10.244.5.73    ip-172-31-16-198   <none>           <none>
s4-cpu-198-c8bbfc967-c2zq2      1/1     Running   0          6s    10.244.5.75    ip-172-31-16-198   <none>           <none>
s4-mem-34-67b57f4875-wch9p      1/1     Running   0          4s    10.244.7.132   ip-172-31-19-34    <none>           <none>
s4-mem-34-67b57f4875-cml2g      1/1     Running   0          4s    10.244.7.133   ip-172-31-19-34    <none>           <none>
s4-mem-34-67b57f4875-pvsjn      1/1     Running   0          4s    10.244.7.131   ip-172-31-19-34    <none>           <none>
s4-mem-39-5d5899dbd4-bs7v9      1/1     Running   0          3s    10.244.1.179   ip-172-31-3-39     <none>           <none>
s4-mem-39-5d5899dbd4-cbmgs      1/1     Running   0          2s    10.244.1.181   ip-172-31-3-39     <none>           <none>
s4-mem-39-5d5899dbd4-sqfds      1/1     Running   0          2s    10.244.1.180   ip-172-31-3-39     <none>           <none>
s4-jumbo-146-6b466bd845-5krmh   1/1     Running   0          1s    10.244.4.57    ip-172-31-31-146   <none>           <none>
Using workers: ip-172-31-1-245 ip-172-31-16-198 ip-172-31-19-34 ip-172-31-3-39 ip-172-31-31-146 ip-172-31-6-144
Results -> /home/ubuntu/experiment/results/s4/20260607-054616-rdc2-k2
== BEFORE ==
== METRICS (before) ==
workers=6  N_active=5  N_empty=1
S (stranding, sum|cpuFrac-memFrac|) = 3.243
H_balanced(200m/80Mi)=13   H_skewed(700m/20Mi)=7
node                  cpuReq  /alloc  memReqMi  /allocMi   cpuF   memF  exp
ip-172-31-1-245         1900    2000       122       811   0.95   0.15    3
ip-172-31-16-198        1900    2000       122       811   0.95   0.15    3
ip-172-31-19-34          280    2000       770       811   0.14   0.95    3
ip-172-31-3-39           280    2000       770       811   0.14   0.95    3
ip-172-31-31-146        1020    2000       425       811   0.51   0.52    1
ip-172-31-6-144          100    2000        50       811   0.05   0.06    0
METRICS_JSON {"label": "before", "workers": 6, "N_active": 5, "N_empty": 1, "S": 3.2426, "H_balanced": 13, "H_skewed": 7}
  pass 1: running descheduler job...
  pass 1: 4 eviction decision(s)
  pass 2: running descheduler job...
  pass 2: 1 eviction decision(s)
  pass 3: running descheduler job...
  pass 3: 0 eviction decision(s)
== AFTER ==
== METRICS (after) ==
workers=6  N_active=4  N_empty=2
S (stranding, sum|cpuFrac-memFrac|) = 1.112
H_balanced(200m/80Mi)=24   H_skewed(700m/20Mi)=6
node                  cpuReq  /alloc  memReqMi  /allocMi   cpuF   memF  exp
ip-172-31-1-245         1420    2000       578       811   0.71   0.71    4
ip-172-31-16-198        1960    2000       362       811   0.98   0.45    4
ip-172-31-19-34          220    2000       530       811   0.11   0.65    2
ip-172-31-3-39           100    2000        50       811   0.05   0.06    0
ip-172-31-31-146        1680    2000       689       811   0.84   0.85    3
ip-172-31-6-144          100    2000        50       811   0.05   0.06    0
METRICS_JSON {"label": "after", "workers": 6, "N_active": 4, "N_empty": 2, "S": 1.1119, "H_balanced": 24, "H_skewed": 6}
scenario:            s4
timestamp:           20260607-054616-rdc2-k2
per_pass_evictions:  4 1 0
total_evictions(E):  5
converged:           1   (1 = a pass evicted 0)
passes_run:          3 (max 5)
Done. Raw json, per-pass logs, metrics and summary in: /home/ubuntu/experiment/results/s4/20260607-054616-rdc2-k2
Using workers: ip-172-31-1-245 ip-172-31-16-198 ip-172-31-19-34 ip-172-31-3-39 ip-172-31-31-146 ip-172-31-6-144
Deleting s4 workloads in ns/defrag-exp ...
deployment.apps "s4-cpu-198" deleted from defrag-exp namespace
deployment.apps "s4-cpu-245" deleted from defrag-exp namespace
deployment.apps "s4-jumbo-146" deleted from defrag-exp namespace
deployment.apps "s4-mem-34" deleted from defrag-exp namespace
deployment.apps "s4-mem-39" deleted from defrag-exp namespace
Uncordoning all workers (in case setup was interrupted) ...
Removing descheduler job ...
Cleanup for s4 done. (namespace 'defrag-exp' kept; 'kubectl delete ns defrag-exp' to remove entirely.)
============================================================
### s4 / rdc2 / seed 3   (05:47:32)
============================================================
Using workers: ip-172-31-1-245 ip-172-31-16-198 ip-172-31-19-34 ip-172-31-3-39 ip-172-31-31-146 ip-172-31-6-144
Cordoning all workers so initial placement is controlled...
  -> s4-cpu-245 : 3 x (cpu=600m mem=24Mi) on ip-172-31-1-245
  -> s4-cpu-198 : 3 x (cpu=600m mem=24Mi) on ip-172-31-16-198
  -> s4-mem-34 : 3 x (cpu=60m mem=240Mi) on ip-172-31-19-34
  -> s4-mem-39 : 3 x (cpu=60m mem=240Mi) on ip-172-31-3-39
  -> s4-jumbo-146 : 1 x (cpu=920m mem=375Mi) on ip-172-31-31-146
Uncordoning all workers (cluster ready for descheduler)...

Initial layout for s4:
NAME                            READY   STATUS    RESTARTS   AGE   IP             NODE               NOMINATED NODE   READINESS GATES
s4-cpu-245-cccd9967b-74q65      1/1     Running   0          7s    10.244.0.84    ip-172-31-1-245    <none>           <none>
s4-cpu-245-cccd9967b-bbbxg      1/1     Running   0          7s    10.244.0.85    ip-172-31-1-245    <none>           <none>
s4-cpu-245-cccd9967b-nz894      1/1     Running   0          7s    10.244.0.86    ip-172-31-1-245    <none>           <none>
s4-cpu-198-c8bbfc967-d8qrd      1/1     Running   0          6s    10.244.5.79    ip-172-31-16-198   <none>           <none>
s4-cpu-198-c8bbfc967-m6kgj      1/1     Running   0          6s    10.244.5.80    ip-172-31-16-198   <none>           <none>
s4-cpu-198-c8bbfc967-tpplm      1/1     Running   0          6s    10.244.5.81    ip-172-31-16-198   <none>           <none>
s4-mem-34-67b57f4875-p5r9t      1/1     Running   0          5s    10.244.7.135   ip-172-31-19-34    <none>           <none>
s4-mem-34-67b57f4875-469j4      1/1     Running   0          5s    10.244.7.136   ip-172-31-19-34    <none>           <none>
s4-mem-34-67b57f4875-9glth      1/1     Running   0          5s    10.244.7.134   ip-172-31-19-34    <none>           <none>
s4-mem-39-5d5899dbd4-f65gl      1/1     Running   0          3s    10.244.1.184   ip-172-31-3-39     <none>           <none>
s4-mem-39-5d5899dbd4-jgzd2      1/1     Running   0          3s    10.244.1.183   ip-172-31-3-39     <none>           <none>
s4-mem-39-5d5899dbd4-z8wfm      1/1     Running   0          3s    10.244.1.182   ip-172-31-3-39     <none>           <none>
s4-jumbo-146-6b466bd845-lmdkl   1/1     Running   0          1s    10.244.4.60    ip-172-31-31-146   <none>           <none>
Using workers: ip-172-31-1-245 ip-172-31-16-198 ip-172-31-19-34 ip-172-31-3-39 ip-172-31-31-146 ip-172-31-6-144
Results -> /home/ubuntu/experiment/results/s4/20260607-054740-rdc2-k3
== BEFORE ==
== METRICS (before) ==
workers=6  N_active=5  N_empty=1
S (stranding, sum|cpuFrac-memFrac|) = 3.243
H_balanced(200m/80Mi)=13   H_skewed(700m/20Mi)=7
node                  cpuReq  /alloc  memReqMi  /allocMi   cpuF   memF  exp
ip-172-31-1-245         1900    2000       122       811   0.95   0.15    3
ip-172-31-16-198        1900    2000       122       811   0.95   0.15    3
ip-172-31-19-34          280    2000       770       811   0.14   0.95    3
ip-172-31-3-39           280    2000       770       811   0.14   0.95    3
ip-172-31-31-146        1020    2000       425       811   0.51   0.52    1
ip-172-31-6-144          100    2000        50       811   0.05   0.06    0
METRICS_JSON {"label": "before", "workers": 6, "N_active": 5, "N_empty": 1, "S": 3.2426, "H_balanced": 13, "H_skewed": 7}
  pass 1: running descheduler job...
  pass 1: 4 eviction decision(s)
  pass 2: running descheduler job...
  pass 2: 1 eviction decision(s)
  pass 3: running descheduler job...
  pass 3: 0 eviction decision(s)
== AFTER ==
== METRICS (after) ==
workers=6  N_active=4  N_empty=2
S (stranding, sum|cpuFrac-memFrac|) = 1.112
H_balanced(200m/80Mi)=24   H_skewed(700m/20Mi)=6
node                  cpuReq  /alloc  memReqMi  /allocMi   cpuF   memF  exp
ip-172-31-1-245         1420    2000       578       811   0.71   0.71    4
ip-172-31-16-198        1960    2000       362       811   0.98   0.45    4
ip-172-31-19-34          220    2000       530       811   0.11   0.65    2
ip-172-31-3-39           100    2000        50       811   0.05   0.06    0
ip-172-31-31-146        1680    2000       689       811   0.84   0.85    3
ip-172-31-6-144          100    2000        50       811   0.05   0.06    0
METRICS_JSON {"label": "after", "workers": 6, "N_active": 4, "N_empty": 2, "S": 1.1119, "H_balanced": 24, "H_skewed": 6}
scenario:            s4
timestamp:           20260607-054740-rdc2-k3
per_pass_evictions:  4 1 0
total_evictions(E):  5
converged:           1   (1 = a pass evicted 0)
passes_run:          3 (max 5)
Done. Raw json, per-pass logs, metrics and summary in: /home/ubuntu/experiment/results/s4/20260607-054740-rdc2-k3
Using workers: ip-172-31-1-245 ip-172-31-16-198 ip-172-31-19-34 ip-172-31-3-39 ip-172-31-31-146 ip-172-31-6-144
Deleting s4 workloads in ns/defrag-exp ...
deployment.apps "s4-cpu-198" deleted from defrag-exp namespace
deployment.apps "s4-cpu-245" deleted from defrag-exp namespace
deployment.apps "s4-jumbo-146" deleted from defrag-exp namespace
deployment.apps "s4-mem-34" deleted from defrag-exp namespace
deployment.apps "s4-mem-39" deleted from defrag-exp namespace
Uncordoning all workers (in case setup was interrupted) ...
Removing descheduler job ...
Cleanup for s4 done. (namespace 'defrag-exp' kept; 'kubectl delete ns defrag-exp' to remove entirely.)
============================================================
### s5 / rdc2 / seed 1   (05:48:55)
============================================================
Using workers: ip-172-31-1-245 ip-172-31-16-198 ip-172-31-19-34 ip-172-31-3-39 ip-172-31-31-146 ip-172-31-6-144
Cordoning all workers so initial placement is controlled...
  -> s5-cpu-245 : 1 x (cpu=400m mem=20Mi) on ip-172-31-1-245
  -> s5-mem-245 : 1 x (cpu=40m mem=160Mi) on ip-172-31-1-245
  -> s5-bal-245 : 1 x (cpu=160m mem=80Mi) on ip-172-31-1-245
  -> s5-cpuskew-198 : 1 x (cpu=1300m mem=40Mi) on ip-172-31-16-198
  -> s5-memskew-34 : 1 x (cpu=60m mem=560Mi) on ip-172-31-19-34
  -> s5-full-39 : 2 x (cpu=650m mem=250Mi) on ip-172-31-3-39
Uncordoning all workers (cluster ready for descheduler)...

Initial layout for s5:
NAME                              READY   STATUS    RESTARTS   AGE   IP             NODE               NOMINATED NODE   READINESS GATES
s5-bal-245-7f97dc5789-qsr89       1/1     Running   0          5s    10.244.0.92    ip-172-31-1-245    <none>           <none>
s5-cpu-245-7cc476ccfd-5db62       1/1     Running   0          9s    10.244.0.90    ip-172-31-1-245    <none>           <none>
s5-mem-245-76b5b55d77-snkvx       1/1     Running   0          8s    10.244.0.91    ip-172-31-1-245    <none>           <none>
s5-cpuskew-198-856c6d9f7c-nt5pn   1/1     Running   0          4s    10.244.5.85    ip-172-31-16-198   <none>           <none>
s5-memskew-34-765f6f88c9-2qfs9    1/1     Running   0          3s    10.244.7.137   ip-172-31-19-34    <none>           <none>
s5-full-39-56f45f46d8-7dsvb       1/1     Running   0          1s    10.244.1.185   ip-172-31-3-39     <none>           <none>
s5-full-39-56f45f46d8-lk497       1/1     Running   0          1s    10.244.1.186   ip-172-31-3-39     <none>           <none>
Using workers: ip-172-31-1-245 ip-172-31-16-198 ip-172-31-19-34 ip-172-31-3-39 ip-172-31-31-146 ip-172-31-6-144
Results -> /home/ubuntu/experiment/results/s5/20260607-054905-rdc2-k1
== BEFORE ==
== METRICS (before) ==
workers=6  N_active=4  N_empty=2
S (stranding, sum|cpuFrac-memFrac|) = 1.338
H_balanced(200m/80Mi)=32   H_skewed(700m/20Mi)=7
node                  cpuReq  /alloc  memReqMi  /allocMi   cpuF   memF  exp
ip-172-31-1-245          700    2000       310       811   0.35   0.38    3
ip-172-31-16-198        1400    2000        90       811   0.70   0.11    1
ip-172-31-19-34          160    2000       610       811   0.08   0.75    1
ip-172-31-3-39          1400    2000       550       811   0.70   0.68    2
ip-172-31-31-146         100    2000        50       811   0.05   0.06    0
ip-172-31-6-144          100    2000        50       811   0.05   0.06    0
METRICS_JSON {"label": "before", "workers": 6, "N_active": 4, "N_empty": 2, "S": 1.3384, "H_balanced": 32, "H_skewed": 7}
  pass 1: running descheduler job...
  pass 1: 3 eviction decision(s)
  pass 2: running descheduler job...
  pass 2: 0 eviction decision(s)
== AFTER ==
== METRICS (after) ==
workers=6  N_active=3  N_empty=3
S (stranding, sum|cpuFrac-memFrac|) = 0.443
H_balanced(200m/80Mi)=36   H_skewed(700m/20Mi)=8
node                  cpuReq  /alloc  memReqMi  /allocMi   cpuF   memF  exp
ip-172-31-1-245          500    2000        70       811   0.25   0.09    1
ip-172-31-16-198        1460    2000       650       811   0.73   0.80    2
ip-172-31-19-34          100    2000        50       811   0.05   0.06    0
ip-172-31-3-39          1600    2000       790       811   0.80   0.97    4
ip-172-31-31-146         100    2000        50       811   0.05   0.06    0
ip-172-31-6-144          100    2000        50       811   0.05   0.06    0
METRICS_JSON {"label": "after", "workers": 6, "N_active": 3, "N_empty": 3, "S": 0.4433, "H_balanced": 36, "H_skewed": 8}
scenario:            s5
timestamp:           20260607-054905-rdc2-k1
per_pass_evictions:  3 0
total_evictions(E):  3
converged:           1   (1 = a pass evicted 0)
passes_run:          2 (max 5)
Done. Raw json, per-pass logs, metrics and summary in: /home/ubuntu/experiment/results/s5/20260607-054905-rdc2-k1
Using workers: ip-172-31-1-245 ip-172-31-16-198 ip-172-31-19-34 ip-172-31-3-39 ip-172-31-31-146 ip-172-31-6-144
Deleting s5 workloads in ns/defrag-exp ...
deployment.apps "s5-bal-245" deleted from defrag-exp namespace
deployment.apps "s5-cpu-245" deleted from defrag-exp namespace
deployment.apps "s5-cpuskew-198" deleted from defrag-exp namespace
deployment.apps "s5-full-39" deleted from defrag-exp namespace
deployment.apps "s5-mem-245" deleted from defrag-exp namespace
deployment.apps "s5-memskew-34" deleted from defrag-exp namespace
Uncordoning all workers (in case setup was interrupted) ...
Removing descheduler job ...
Cleanup for s5 done. (namespace 'defrag-exp' kept; 'kubectl delete ns defrag-exp' to remove entirely.)
============================================================
### s5 / rdc2 / seed 2   (05:49:59)
============================================================
Using workers: ip-172-31-1-245 ip-172-31-16-198 ip-172-31-19-34 ip-172-31-3-39 ip-172-31-31-146 ip-172-31-6-144
Cordoning all workers so initial placement is controlled...
  -> s5-cpu-245 : 1 x (cpu=400m mem=20Mi) on ip-172-31-1-245
  -> s5-mem-245 : 1 x (cpu=40m mem=160Mi) on ip-172-31-1-245
  -> s5-bal-245 : 1 x (cpu=160m mem=80Mi) on ip-172-31-1-245
  -> s5-cpuskew-198 : 1 x (cpu=1300m mem=40Mi) on ip-172-31-16-198
  -> s5-memskew-34 : 1 x (cpu=60m mem=560Mi) on ip-172-31-19-34
  -> s5-full-39 : 2 x (cpu=650m mem=250Mi) on ip-172-31-3-39
Uncordoning all workers (cluster ready for descheduler)...

Initial layout for s5:
NAME                              READY   STATUS    RESTARTS   AGE   IP             NODE               NOMINATED NODE   READINESS GATES
s5-bal-245-7f97dc5789-v6jr5       1/1     Running   0          5s    10.244.0.95    ip-172-31-1-245    <none>           <none>
s5-cpu-245-7cc476ccfd-2vmk6       1/1     Running   0          9s    10.244.0.93    ip-172-31-1-245    <none>           <none>
s5-mem-245-76b5b55d77-jsl7p       1/1     Running   0          8s    10.244.0.94    ip-172-31-1-245    <none>           <none>
s5-cpuskew-198-856c6d9f7c-kzl52   1/1     Running   0          4s    10.244.5.87    ip-172-31-16-198   <none>           <none>
s5-memskew-34-765f6f88c9-xvk8b    1/1     Running   0          3s    10.244.7.138   ip-172-31-19-34    <none>           <none>
s5-full-39-56f45f46d8-6zzlt       1/1     Running   0          1s    10.244.1.192   ip-172-31-3-39     <none>           <none>
s5-full-39-56f45f46d8-gkddp       1/1     Running   0          1s    10.244.1.191   ip-172-31-3-39     <none>           <none>
Using workers: ip-172-31-1-245 ip-172-31-16-198 ip-172-31-19-34 ip-172-31-3-39 ip-172-31-31-146 ip-172-31-6-144
Results -> /home/ubuntu/experiment/results/s5/20260607-055009-rdc2-k2
== BEFORE ==
== METRICS (before) ==
workers=6  N_active=4  N_empty=2
S (stranding, sum|cpuFrac-memFrac|) = 1.338
H_balanced(200m/80Mi)=32   H_skewed(700m/20Mi)=7
node                  cpuReq  /alloc  memReqMi  /allocMi   cpuF   memF  exp
ip-172-31-1-245          700    2000       310       811   0.35   0.38    3
ip-172-31-16-198        1400    2000        90       811   0.70   0.11    1
ip-172-31-19-34          160    2000       610       811   0.08   0.75    1
ip-172-31-3-39          1400    2000       550       811   0.70   0.68    2
ip-172-31-31-146         100    2000        50       811   0.05   0.06    0
ip-172-31-6-144          100    2000        50       811   0.05   0.06    0
METRICS_JSON {"label": "before", "workers": 6, "N_active": 4, "N_empty": 2, "S": 1.3384, "H_balanced": 32, "H_skewed": 7}
  pass 1: running descheduler job...
  pass 1: 3 eviction decision(s)
  pass 2: running descheduler job...
  pass 2: 0 eviction decision(s)
== AFTER ==
== METRICS (after) ==
workers=6  N_active=3  N_empty=3
S (stranding, sum|cpuFrac-memFrac|) = 0.443
H_balanced(200m/80Mi)=36   H_skewed(700m/20Mi)=8
node                  cpuReq  /alloc  memReqMi  /allocMi   cpuF   memF  exp
ip-172-31-1-245          500    2000        70       811   0.25   0.09    1
ip-172-31-16-198        1460    2000       650       811   0.73   0.80    2
ip-172-31-19-34          100    2000        50       811   0.05   0.06    0
ip-172-31-3-39          1600    2000       790       811   0.80   0.97    4
ip-172-31-31-146         100    2000        50       811   0.05   0.06    0
ip-172-31-6-144          100    2000        50       811   0.05   0.06    0
METRICS_JSON {"label": "after", "workers": 6, "N_active": 3, "N_empty": 3, "S": 0.4433, "H_balanced": 36, "H_skewed": 8}
scenario:            s5
timestamp:           20260607-055009-rdc2-k2
per_pass_evictions:  3 0
total_evictions(E):  3
converged:           1   (1 = a pass evicted 0)
passes_run:          2 (max 5)
Done. Raw json, per-pass logs, metrics and summary in: /home/ubuntu/experiment/results/s5/20260607-055009-rdc2-k2
Using workers: ip-172-31-1-245 ip-172-31-16-198 ip-172-31-19-34 ip-172-31-3-39 ip-172-31-31-146 ip-172-31-6-144
Deleting s5 workloads in ns/defrag-exp ...
deployment.apps "s5-bal-245" deleted from defrag-exp namespace
deployment.apps "s5-cpu-245" deleted from defrag-exp namespace
deployment.apps "s5-cpuskew-198" deleted from defrag-exp namespace
deployment.apps "s5-full-39" deleted from defrag-exp namespace
deployment.apps "s5-mem-245" deleted from defrag-exp namespace
deployment.apps "s5-memskew-34" deleted from defrag-exp namespace
Uncordoning all workers (in case setup was interrupted) ...
Removing descheduler job ...
Cleanup for s5 done. (namespace 'defrag-exp' kept; 'kubectl delete ns defrag-exp' to remove entirely.)
============================================================
### s5 / rdc2 / seed 3   (05:50:59)
============================================================
Using workers: ip-172-31-1-245 ip-172-31-16-198 ip-172-31-19-34 ip-172-31-3-39 ip-172-31-31-146 ip-172-31-6-144
Cordoning all workers so initial placement is controlled...
  -> s5-cpu-245 : 1 x (cpu=400m mem=20Mi) on ip-172-31-1-245
  -> s5-mem-245 : 1 x (cpu=40m mem=160Mi) on ip-172-31-1-245
  -> s5-bal-245 : 1 x (cpu=160m mem=80Mi) on ip-172-31-1-245
  -> s5-cpuskew-198 : 1 x (cpu=1300m mem=40Mi) on ip-172-31-16-198
  -> s5-memskew-34 : 1 x (cpu=60m mem=560Mi) on ip-172-31-19-34
  -> s5-full-39 : 2 x (cpu=650m mem=250Mi) on ip-172-31-3-39
Uncordoning all workers (cluster ready for descheduler)...

Initial layout for s5:
NAME                              READY   STATUS    RESTARTS   AGE   IP             NODE               NOMINATED NODE   READINESS GATES
s5-bal-245-7f97dc5789-f2dj9       1/1     Running   0          5s    10.244.0.98    ip-172-31-1-245    <none>           <none>
s5-cpu-245-7cc476ccfd-sz2qz       1/1     Running   0          9s    10.244.0.96    ip-172-31-1-245    <none>           <none>
s5-mem-245-76b5b55d77-hcpxj       1/1     Running   0          8s    10.244.0.97    ip-172-31-1-245    <none>           <none>
s5-cpuskew-198-856c6d9f7c-sj28c   1/1     Running   0          4s    10.244.5.89    ip-172-31-16-198   <none>           <none>
s5-memskew-34-765f6f88c9-mt8bg    1/1     Running   0          3s    10.244.7.139   ip-172-31-19-34    <none>           <none>
s5-full-39-56f45f46d8-kdsb6       1/1     Running   0          1s    10.244.1.198   ip-172-31-3-39     <none>           <none>
s5-full-39-56f45f46d8-rrbj9       1/1     Running   0          1s    10.244.1.197   ip-172-31-3-39     <none>           <none>
Using workers: ip-172-31-1-245 ip-172-31-16-198 ip-172-31-19-34 ip-172-31-3-39 ip-172-31-31-146 ip-172-31-6-144
Results -> /home/ubuntu/experiment/results/s5/20260607-055109-rdc2-k3
== BEFORE ==
== METRICS (before) ==
workers=6  N_active=4  N_empty=2
S (stranding, sum|cpuFrac-memFrac|) = 1.338
H_balanced(200m/80Mi)=32   H_skewed(700m/20Mi)=7
node                  cpuReq  /alloc  memReqMi  /allocMi   cpuF   memF  exp
ip-172-31-1-245          700    2000       310       811   0.35   0.38    3
ip-172-31-16-198        1400    2000        90       811   0.70   0.11    1
ip-172-31-19-34          160    2000       610       811   0.08   0.75    1
ip-172-31-3-39          1400    2000       550       811   0.70   0.68    2
ip-172-31-31-146         100    2000        50       811   0.05   0.06    0
ip-172-31-6-144          100    2000        50       811   0.05   0.06    0
METRICS_JSON {"label": "before", "workers": 6, "N_active": 4, "N_empty": 2, "S": 1.3384, "H_balanced": 32, "H_skewed": 7}
  pass 1: running descheduler job...
  pass 1: 3 eviction decision(s)
  pass 2: running descheduler job...
  pass 2: 0 eviction decision(s)
== AFTER ==
== METRICS (after) ==
workers=6  N_active=3  N_empty=3
S (stranding, sum|cpuFrac-memFrac|) = 0.443
H_balanced(200m/80Mi)=36   H_skewed(700m/20Mi)=8
node                  cpuReq  /alloc  memReqMi  /allocMi   cpuF   memF  exp
ip-172-31-1-245          500    2000        70       811   0.25   0.09    1
ip-172-31-16-198        1460    2000       650       811   0.73   0.80    2
ip-172-31-19-34          100    2000        50       811   0.05   0.06    0
ip-172-31-3-39          1600    2000       790       811   0.80   0.97    4
ip-172-31-31-146         100    2000        50       811   0.05   0.06    0
ip-172-31-6-144          100    2000        50       811   0.05   0.06    0
METRICS_JSON {"label": "after", "workers": 6, "N_active": 3, "N_empty": 3, "S": 0.4433, "H_balanced": 36, "H_skewed": 8}
scenario:            s5
timestamp:           20260607-055109-rdc2-k3
per_pass_evictions:  3 0
total_evictions(E):  3
converged:           1   (1 = a pass evicted 0)
passes_run:          2 (max 5)
Done. Raw json, per-pass logs, metrics and summary in: /home/ubuntu/experiment/results/s5/20260607-055109-rdc2-k3
Using workers: ip-172-31-1-245 ip-172-31-16-198 ip-172-31-19-34 ip-172-31-3-39 ip-172-31-31-146 ip-172-31-6-144
Deleting s5 workloads in ns/defrag-exp ...
deployment.apps "s5-bal-245" deleted from defrag-exp namespace
deployment.apps "s5-cpu-245" deleted from defrag-exp namespace
deployment.apps "s5-cpuskew-198" deleted from defrag-exp namespace
deployment.apps "s5-full-39" deleted from defrag-exp namespace
deployment.apps "s5-mem-245" deleted from defrag-exp namespace
deployment.apps "s5-memskew-34" deleted from defrag-exp namespace
Uncordoning all workers (in case setup was interrupted) ...
Removing descheduler job ...
Cleanup for s5 done. (namespace 'defrag-exp' kept; 'kubectl delete ns defrag-exp' to remove entirely.)
### ALL S1-S5 COMPARE RUNS DONE (05:52:00)
