### s1 / current (05:26:19)
Using workers: ip-172-31-1-245 ip-172-31-16-198 ip-172-31-19-34 ip-172-31-3-39 ip-172-31-31-146 ip-172-31-6-144
Results -> /home/ubuntu/experiment/results/s1/20260606-052627-current
== BEFORE ==
== METRICS (before) ==
workers=6  N_active=6  N_empty=0
S (stranding, sum|cpuFrac-memFrac|) = 0.049
H_balanced(200m/80Mi)=42   H_skewed(700m/20Mi)=12
node                  cpuReq  /alloc  memReqMi  /allocMi   cpuF   memF  exp
ip-172-31-1-245          600    2000       250       811   0.30   0.31    2
ip-172-31-16-198         600    2000       250       811   0.30   0.31    2
ip-172-31-19-34          600    2000       250       811   0.30   0.31    2
ip-172-31-3-39           600    2000       250       811   0.30   0.31    2
ip-172-31-31-146         600    2000       250       811   0.30   0.31    2
ip-172-31-6-144          600    2000       250       811   0.30   0.31    2
METRICS_JSON {"label": "before", "workers": 6, "N_active": 6, "N_empty": 0, "S": 0.0486, "H_balanced": 42, "H_skewed": 12}
  pass 1: running descheduler job...
  pass 1: 8 eviction decision(s)
  pass 2: running descheduler job...
  pass 2: 0 eviction decision(s)
== AFTER ==
== METRICS (after) ==
workers=6  N_active=2  N_empty=4
S (stranding, sum|cpuFrac-memFrac|) = 0.050
H_balanced(200m/80Mi)=39   H_skewed(700m/20Mi)=8
node                  cpuReq  /alloc  memReqMi  /allocMi   cpuF   memF  exp
ip-172-31-1-245         1850    2000       750       811   0.93   0.92    7
ip-172-31-16-198         100    2000        50       811   0.05   0.06    0
ip-172-31-19-34         1350    2000       550       811   0.68   0.68    5
ip-172-31-3-39           100    2000        50       811   0.05   0.06    0
ip-172-31-31-146         100    2000        50       811   0.05   0.06    0
ip-172-31-6-144          100    2000        50       811   0.05   0.06    0
METRICS_JSON {"label": "after", "workers": 6, "N_active": 2, "N_empty": 4, "S": 0.05, "H_balanced": 39, "H_skewed": 8}
scenario:            s1
timestamp:           20260606-052627-current
per_pass_evictions:  8 0
total_evictions(E):  8
converged:           1   (1 = a pass evicted 0)
passes_run:          2 (max 5)
Done. Raw json, per-pass logs, metrics and summary in: /home/ubuntu/experiment/results/s1/20260606-052627-current
### s2 / current (05:27:19)
Using workers: ip-172-31-1-245 ip-172-31-16-198 ip-172-31-19-34 ip-172-31-3-39 ip-172-31-31-146 ip-172-31-6-144
Results -> /home/ubuntu/experiment/results/s2/20260606-052730-current
== BEFORE ==
== METRICS (before) ==
workers=6  N_active=6  N_empty=0
S (stranding, sum|cpuFrac-memFrac|) = 3.727
H_balanced(200m/80Mi)=15   H_skewed(700m/20Mi)=6
node                  cpuReq  /alloc  memReqMi  /allocMi   cpuF   memF  exp
ip-172-31-1-245         1600    2000        90       811   0.80   0.11    2
ip-172-31-16-198        1600    2000        90       811   0.80   0.11    2
ip-172-31-19-34         1600    2000        90       811   0.80   0.11    2
ip-172-31-3-39           200    2000       530       811   0.10   0.65    2
ip-172-31-31-146         200    2000       530       811   0.10   0.65    2
ip-172-31-6-144          200    2000       530       811   0.10   0.65    2
METRICS_JSON {"label": "before", "workers": 6, "N_active": 6, "N_empty": 0, "S": 3.7268, "H_balanced": 15, "H_skewed": 6}
  pass 1: running descheduler job...
  pass 1: 6 eviction decision(s)
  pass 2: running descheduler job...
  pass 2: 0 eviction decision(s)
== AFTER ==
== METRICS (after) ==
workers=6  N_active=3  N_empty=3
S (stranding, sum|cpuFrac-memFrac|) = 0.970
H_balanced(200m/80Mi)=29   H_skewed(700m/20Mi)=6
node                  cpuReq  /alloc  memReqMi  /allocMi   cpuF   memF  exp
ip-172-31-1-245         1750    2000       810       811   0.88   1.00    5
ip-172-31-16-198        1600    2000        90       811   0.80   0.11    2
ip-172-31-19-34         1750    2000       810       811   0.88   1.00    5
ip-172-31-3-39           100    2000        50       811   0.05   0.06    0
ip-172-31-31-146         100    2000        50       811   0.05   0.06    0
ip-172-31-6-144          100    2000        50       811   0.05   0.06    0
METRICS_JSON {"label": "after", "workers": 6, "N_active": 3, "N_empty": 3, "S": 0.9705, "H_balanced": 29, "H_skewed": 6}
scenario:            s2
timestamp:           20260606-052730-current
per_pass_evictions:  6 0
total_evictions(E):  6
converged:           1   (1 = a pass evicted 0)
passes_run:          2 (max 5)
Done. Raw json, per-pass logs, metrics and summary in: /home/ubuntu/experiment/results/s2/20260606-052730-current
### s3 / current (05:28:22)
Using workers: ip-172-31-1-245 ip-172-31-16-198 ip-172-31-19-34 ip-172-31-3-39 ip-172-31-31-146 ip-172-31-6-144
Results -> /home/ubuntu/experiment/results/s3/20260606-052829-current
== BEFORE ==
== METRICS (before) ==
workers=6  N_active=6  N_empty=0
S (stranding, sum|cpuFrac-memFrac|) = 1.395
H_balanced(200m/80Mi)=20   H_skewed(700m/20Mi)=4
node                  cpuReq  /alloc  memReqMi  /allocMi   cpuF   memF  exp
ip-172-31-1-245          600    2000       250       811   0.30   0.31    2
ip-172-31-16-198         600    2000       250       811   0.30   0.31    2
ip-172-31-19-34         1600    2000        90       811   0.80   0.11    2
ip-172-31-3-39          1600    2000        90       811   0.80   0.11    2
ip-172-31-31-146        1700    2000       690       811   0.85   0.85    2
ip-172-31-6-144         1700    2000       690       811   0.85   0.85    2
METRICS_JSON {"label": "before", "workers": 6, "N_active": 6, "N_empty": 0, "S": 1.3951, "H_balanced": 20, "H_skewed": 4}
  pass 1: running descheduler job...
  pass 1: 2 eviction decision(s)
  pass 2: running descheduler job...
  pass 2: 0 eviction decision(s)
== AFTER ==
== METRICS (after) ==
workers=6  N_active=5  N_empty=1
S (stranding, sum|cpuFrac-memFrac|) = 1.401
H_balanced(200m/80Mi)=20   H_skewed(700m/20Mi)=4
node                  cpuReq  /alloc  memReqMi  /allocMi   cpuF   memF  exp
ip-172-31-1-245          600    2000       250       811   0.30   0.31    2
ip-172-31-16-198         100    2000        50       811   0.05   0.06    0
ip-172-31-19-34         1600    2000        90       811   0.80   0.11    2
ip-172-31-3-39          1600    2000        90       811   0.80   0.11    2
ip-172-31-31-146        1950    2000       790       811   0.97   0.97    3
ip-172-31-6-144         1950    2000       790       811   0.97   0.97    3
METRICS_JSON {"label": "after", "workers": 6, "N_active": 5, "N_empty": 1, "S": 1.4006, "H_balanced": 20, "H_skewed": 4}
scenario:            s3
timestamp:           20260606-052829-current
per_pass_evictions:  2 0
total_evictions(E):  2
converged:           1   (1 = a pass evicted 0)
passes_run:          2 (max 5)
Done. Raw json, per-pass logs, metrics and summary in: /home/ubuntu/experiment/results/s3/20260606-052829-current
### S123 CURRENT DONE (05:29:20)
