I0607 06:56:15.109007       1 feature_gate.go:466] feature gates: {map[]}
I0607 06:56:15.500881       1 secure_serving.go:57] Forcing use of http/1.1 only
I0607 06:56:15.501280       1 named_certificates.go:53] "Loaded SNI cert" index=0 certName="self-signed loopback" certDetail="\"apiserver-loopback-client@1780815375\" [serving] validServingFor=[apiserver-loopback-client] issuer=\"apiserver-loopback-client-ca@1780815375\" (2026-06-07 05:56:15 +0000 UTC to 2029-06-07 05:56:15 +0000 UTC (now=2026-06-07 06:56:15.501240362 +0000 UTC))"
I0607 06:56:15.501322       1 secure_serving.go:211] Serving securely on [::]:10258
I0607 06:56:15.501340       1 tracing.go:88] Did not find a trace collector endpoint defined. Switching to NoopTraceProvider
I0607 06:56:15.501361       1 tlsconfig.go:243] "Starting DynamicServingCertificateController"
I0607 06:56:15.501689       1 envvar.go:172] "Feature gate default state" feature="ClientsAllowCBOR" enabled=false
I0607 06:56:15.501712       1 envvar.go:172] "Feature gate default state" feature="ClientsPreferCBOR" enabled=false
I0607 06:56:15.501720       1 envvar.go:172] "Feature gate default state" feature="InOrderInformers" enabled=true
I0607 06:56:15.501727       1 envvar.go:172] "Feature gate default state" feature="InOrderInformersBatchProcess" enabled=true
I0607 06:56:15.501733       1 envvar.go:172] "Feature gate default state" feature="InformerResourceVersion" enabled=true
I0607 06:56:15.501740       1 envvar.go:172] "Feature gate default state" feature="WatchListClient" enabled=true
W0607 06:56:15.510493       1 descheduler.go:333] failed to convert Descheduler minor version '' to float: strconv.ParseFloat: parsing "": invalid syntax
I0607 06:56:15.520993       1 reflector.go:367] "Starting reflector" type="*v1.Pod" resyncPeriod="0s" reflector="k8s.io/client-go/informers/factory.go:161"
I0607 06:56:15.521020       1 reflector.go:411] "Listing and watching" type="*v1.Pod" reflector="k8s.io/client-go/informers/factory.go:161"
I0607 06:56:15.521041       1 reflector.go:367] "Starting reflector" type="*v1.Node" resyncPeriod="0s" reflector="k8s.io/client-go/informers/factory.go:161"
I0607 06:56:15.521052       1 reflector.go:411] "Listing and watching" type="*v1.Node" reflector="k8s.io/client-go/informers/factory.go:161"
I0607 06:56:15.520998       1 reflector.go:367] "Starting reflector" type="*v1.PersistentVolumeClaim" resyncPeriod="0s" reflector="k8s.io/client-go/informers/factory.go:161"
I0607 06:56:15.521356       1 reflector.go:411] "Listing and watching" type="*v1.PersistentVolumeClaim" reflector="k8s.io/client-go/informers/factory.go:161"
I0607 06:56:15.526663       1 reflector.go:446] "Caches populated" type="*v1.Node" reflector="k8s.io/client-go/informers/factory.go:161"
I0607 06:56:15.527582       1 reflector.go:446] "Caches populated" type="*v1.PersistentVolumeClaim" reflector="k8s.io/client-go/informers/factory.go:161"
I0607 06:56:15.536433       1 reflector.go:446] "Caches populated" type="*v1.Pod" reflector="k8s.io/client-go/informers/factory.go:161"
I0607 06:56:15.621394       1 descheduler.go:235] Resetting pod evictor counters
I0607 06:56:15.621515       1 resourcedefragmentationc2.go:131] "Starting ResourceDefragmentationC2 balance pass" plugin="ResourceDefragmentationC2" ExtensionPoint="Balance" nodeCount=7
I0607 06:56:15.621696       1 resourcedefragmentationc2.go:207] "Eviction decision" plugin="ResourceDefragmentationC2" ExtensionPoint="Balance" pod="defrag-exp/s4-mem-34-67b57f4875-6wqfc" originNode="ip-172-31-19-34" predictedTarget="ip-172-31-1-245"
I0607 06:56:15.642585       1 evictions.go:558] "Evicted pod" pod="defrag-exp/s4-mem-34-67b57f4875-6wqfc" reason="" strategy="ResourceDefragmentationC2" node="ip-172-31-19-34" profile="default"
I0607 06:56:15.642783       1 profile.go:425] "Total number of evictions/requests" extension point="Balance" evictedPods=1 evictionRequests=0
I0607 06:56:15.642926       1 descheduler.go:252] "Number of evictions/requests" totalEvicted=1 evictionRequests=0
E0607 06:56:15.643104       1 event_broadcaster.go:279] "Unable to write event (may retry after sleeping)" err="client rate limiter Wait returned an error: context canceled"
I0607 06:56:15.643287       1 reflector.go:373] "Stopping reflector" type="*v1.Pod" resyncPeriod="0s" reflector="k8s.io/client-go/informers/factory.go:161"
I0607 06:56:15.643362       1 reflector.go:373] "Stopping reflector" type="*v1.PersistentVolumeClaim" resyncPeriod="0s" reflector="k8s.io/client-go/informers/factory.go:161"
I0607 06:56:15.643431       1 reflector.go:373] "Stopping reflector" type="*v1.Node" resyncPeriod="0s" reflector="k8s.io/client-go/informers/factory.go:161"
I0607 06:56:15.643643       1 secure_serving.go:259] Stopped listening on [::]:10258
I0607 06:56:15.643676       1 tlsconfig.go:258] "Shutting down DynamicServingCertificateController"
