I0607 06:56:39.415622       1 feature_gate.go:466] feature gates: {map[]}
I0607 06:56:39.753338       1 secure_serving.go:57] Forcing use of http/1.1 only
I0607 06:56:39.753723       1 named_certificates.go:53] "Loaded SNI cert" index=0 certName="self-signed loopback" certDetail="\"apiserver-loopback-client@1780815399\" [serving] validServingFor=[apiserver-loopback-client] issuer=\"apiserver-loopback-client-ca@1780815399\" (2026-06-07 05:56:39 +0000 UTC to 2029-06-07 05:56:39 +0000 UTC (now=2026-06-07 06:56:39.753677928 +0000 UTC))"
I0607 06:56:39.753760       1 secure_serving.go:211] Serving securely on [::]:10258
I0607 06:56:39.753790       1 tracing.go:88] Did not find a trace collector endpoint defined. Switching to NoopTraceProvider
I0607 06:56:39.753904       1 tlsconfig.go:243] "Starting DynamicServingCertificateController"
I0607 06:56:39.754217       1 envvar.go:172] "Feature gate default state" feature="ClientsPreferCBOR" enabled=false
I0607 06:56:39.754241       1 envvar.go:172] "Feature gate default state" feature="InOrderInformers" enabled=true
I0607 06:56:39.754248       1 envvar.go:172] "Feature gate default state" feature="InOrderInformersBatchProcess" enabled=true
I0607 06:56:39.754254       1 envvar.go:172] "Feature gate default state" feature="InformerResourceVersion" enabled=true
I0607 06:56:39.754261       1 envvar.go:172] "Feature gate default state" feature="WatchListClient" enabled=true
I0607 06:56:39.754268       1 envvar.go:172] "Feature gate default state" feature="ClientsAllowCBOR" enabled=false
W0607 06:56:39.763720       1 descheduler.go:333] failed to convert Descheduler minor version '' to float: strconv.ParseFloat: parsing "": invalid syntax
I0607 06:56:39.773426       1 reflector.go:367] "Starting reflector" type="*v1.PersistentVolumeClaim" resyncPeriod="0s" reflector="k8s.io/client-go/informers/factory.go:161"
I0607 06:56:39.773453       1 reflector.go:411] "Listing and watching" type="*v1.PersistentVolumeClaim" reflector="k8s.io/client-go/informers/factory.go:161"
I0607 06:56:39.773532       1 reflector.go:367] "Starting reflector" type="*v1.Pod" resyncPeriod="0s" reflector="k8s.io/client-go/informers/factory.go:161"
I0607 06:56:39.773547       1 reflector.go:411] "Listing and watching" type="*v1.Pod" reflector="k8s.io/client-go/informers/factory.go:161"
I0607 06:56:39.773707       1 reflector.go:367] "Starting reflector" type="*v1.Node" resyncPeriod="0s" reflector="k8s.io/client-go/informers/factory.go:161"
I0607 06:56:39.773724       1 reflector.go:411] "Listing and watching" type="*v1.Node" reflector="k8s.io/client-go/informers/factory.go:161"
I0607 06:56:39.778554       1 reflector.go:446] "Caches populated" type="*v1.PersistentVolumeClaim" reflector="k8s.io/client-go/informers/factory.go:161"
I0607 06:56:39.780142       1 reflector.go:446] "Caches populated" type="*v1.Node" reflector="k8s.io/client-go/informers/factory.go:161"
I0607 06:56:39.783741       1 reflector.go:446] "Caches populated" type="*v1.Pod" reflector="k8s.io/client-go/informers/factory.go:161"
I0607 06:56:39.873931       1 descheduler.go:235] Resetting pod evictor counters
I0607 06:56:39.874136       1 resourcedefragmentationc2.go:131] "Starting ResourceDefragmentationC2 balance pass" plugin="ResourceDefragmentationC2" ExtensionPoint="Balance" nodeCount=7
I0607 06:56:39.874426       1 profile.go:425] "Total number of evictions/requests" extension point="Balance" evictedPods=0 evictionRequests=0
I0607 06:56:39.874456       1 descheduler.go:252] "Number of evictions/requests" totalEvicted=0 evictionRequests=0
I0607 06:56:39.874621       1 reflector.go:373] "Stopping reflector" type="*v1.Pod" resyncPeriod="0s" reflector="k8s.io/client-go/informers/factory.go:161"
I0607 06:56:39.874717       1 reflector.go:373] "Stopping reflector" type="*v1.Node" resyncPeriod="0s" reflector="k8s.io/client-go/informers/factory.go:161"
I0607 06:56:39.874798       1 reflector.go:373] "Stopping reflector" type="*v1.PersistentVolumeClaim" resyncPeriod="0s" reflector="k8s.io/client-go/informers/factory.go:161"
I0607 06:56:39.875093       1 secure_serving.go:259] Stopped listening on [::]:10258
