I0607 10:28:06.669566       1 feature_gate.go:466] feature gates: {map[]}
I0607 10:28:07.032358       1 secure_serving.go:57] Forcing use of http/1.1 only
I0607 10:28:07.034644       1 named_certificates.go:53] "Loaded SNI cert" index=0 certName="self-signed loopback" certDetail="\"apiserver-loopback-client@1780828087\" [serving] validServingFor=[apiserver-loopback-client] issuer=\"apiserver-loopback-client-ca@1780828086\" (2026-06-07 09:28:06 +0000 UTC to 2029-06-07 09:28:06 +0000 UTC (now=2026-06-07 10:28:07.032804943 +0000 UTC))"
I0607 10:28:07.034694       1 secure_serving.go:211] Serving securely on [::]:10258
I0607 10:28:07.034851       1 tlsconfig.go:243] "Starting DynamicServingCertificateController"
I0607 10:28:07.035960       1 tracing.go:88] Did not find a trace collector endpoint defined. Switching to NoopTraceProvider
I0607 10:28:07.040519       1 envvar.go:172] "Feature gate default state" feature="InOrderInformers" enabled=true
I0607 10:28:07.040546       1 envvar.go:172] "Feature gate default state" feature="InOrderInformersBatchProcess" enabled=true
I0607 10:28:07.040554       1 envvar.go:172] "Feature gate default state" feature="InformerResourceVersion" enabled=true
I0607 10:28:07.040561       1 envvar.go:172] "Feature gate default state" feature="WatchListClient" enabled=true
I0607 10:28:07.040567       1 envvar.go:172] "Feature gate default state" feature="ClientsAllowCBOR" enabled=false
I0607 10:28:07.040573       1 envvar.go:172] "Feature gate default state" feature="ClientsPreferCBOR" enabled=false
W0607 10:28:07.083355       1 descheduler.go:333] failed to convert Descheduler minor version '' to float: strconv.ParseFloat: parsing "": invalid syntax
I0607 10:28:07.100523       1 reflector.go:367] "Starting reflector" type="*v1.Pod" resyncPeriod="0s" reflector="k8s.io/client-go/informers/factory.go:161"
I0607 10:28:07.100585       1 reflector.go:411] "Listing and watching" type="*v1.Pod" reflector="k8s.io/client-go/informers/factory.go:161"
I0607 10:28:07.100653       1 reflector.go:367] "Starting reflector" type="*v1.Node" resyncPeriod="0s" reflector="k8s.io/client-go/informers/factory.go:161"
I0607 10:28:07.100667       1 reflector.go:411] "Listing and watching" type="*v1.Node" reflector="k8s.io/client-go/informers/factory.go:161"
I0607 10:28:07.100523       1 reflector.go:367] "Starting reflector" type="*v1.PersistentVolumeClaim" resyncPeriod="0s" reflector="k8s.io/client-go/informers/factory.go:161"
I0607 10:28:07.103104       1 reflector.go:411] "Listing and watching" type="*v1.PersistentVolumeClaim" reflector="k8s.io/client-go/informers/factory.go:161"
I0607 10:28:07.112219       1 reflector.go:446] "Caches populated" type="*v1.PersistentVolumeClaim" reflector="k8s.io/client-go/informers/factory.go:161"
I0607 10:28:07.116328       1 reflector.go:446] "Caches populated" type="*v1.Node" reflector="k8s.io/client-go/informers/factory.go:161"
I0607 10:28:07.125470       1 reflector.go:446] "Caches populated" type="*v1.Pod" reflector="k8s.io/client-go/informers/factory.go:161"
I0607 10:28:07.200210       1 descheduler.go:235] Resetting pod evictor counters
I0607 10:28:07.200803       1 resourcedefragmentationc2.go:129] "Starting ResourceDefragmentationC2 balance pass" plugin="ResourceDefragmentationC2" ExtensionPoint="Balance" nodeCount=7
I0607 10:28:07.201373       1 resourcedefragmentationc2.go:205] "Eviction decision" plugin="ResourceDefragmentationC2" ExtensionPoint="Balance" pod="defrag-exp/s4-mem-34-67b57f4875-vg8dh" originNode="ip-172-31-19-34" predictedTarget="ip-172-31-1-245"
I0607 10:28:07.226465       1 evictions.go:558] "Evicted pod" pod="defrag-exp/s4-mem-34-67b57f4875-vg8dh" reason="" strategy="ResourceDefragmentationC2" node="ip-172-31-19-34" profile="default"
I0607 10:28:07.227072       1 profile.go:425] "Total number of evictions/requests" extension point="Balance" evictedPods=1 evictionRequests=0
I0607 10:28:07.227114       1 descheduler.go:252] "Number of evictions/requests" totalEvicted=1 evictionRequests=0
E0607 10:28:07.229890       1 event_broadcaster.go:279] "Unable to write event (may retry after sleeping)" err="client rate limiter Wait returned an error: context canceled"
I0607 10:28:07.230330       1 reflector.go:373] "Stopping reflector" type="*v1.Pod" resyncPeriod="0s" reflector="k8s.io/client-go/informers/factory.go:161"
I0607 10:28:07.230474       1 reflector.go:373] "Stopping reflector" type="*v1.Node" resyncPeriod="0s" reflector="k8s.io/client-go/informers/factory.go:161"
I0607 10:28:07.230590       1 reflector.go:373] "Stopping reflector" type="*v1.PersistentVolumeClaim" resyncPeriod="0s" reflector="k8s.io/client-go/informers/factory.go:161"
I0607 10:28:07.231695       1 tlsconfig.go:258] "Shutting down DynamicServingCertificateController"
I0607 10:28:07.231793       1 secure_serving.go:259] Stopped listening on [::]:10258
