I0607 06:10:35.768382       1 feature_gate.go:466] feature gates: {map[]}
I0607 06:10:35.937790       1 secure_serving.go:57] Forcing use of http/1.1 only
I0607 06:10:35.938160       1 named_certificates.go:53] "Loaded SNI cert" index=0 certName="self-signed loopback" certDetail="\"apiserver-loopback-client@1780812635\" [serving] validServingFor=[apiserver-loopback-client] issuer=\"apiserver-loopback-client-ca@1780812635\" (2026-06-07 05:10:35 +0000 UTC to 2029-06-07 05:10:35 +0000 UTC (now=2026-06-07 06:10:35.938118446 +0000 UTC))"
I0607 06:10:35.938201       1 secure_serving.go:211] Serving securely on [::]:10258
I0607 06:10:35.938215       1 tracing.go:88] Did not find a trace collector endpoint defined. Switching to NoopTraceProvider
I0607 06:10:35.938304       1 tlsconfig.go:243] "Starting DynamicServingCertificateController"
I0607 06:10:35.938569       1 envvar.go:172] "Feature gate default state" feature="InOrderInformers" enabled=true
I0607 06:10:35.938591       1 envvar.go:172] "Feature gate default state" feature="InOrderInformersBatchProcess" enabled=true
I0607 06:10:35.938599       1 envvar.go:172] "Feature gate default state" feature="InformerResourceVersion" enabled=true
I0607 06:10:35.938608       1 envvar.go:172] "Feature gate default state" feature="WatchListClient" enabled=true
I0607 06:10:35.938614       1 envvar.go:172] "Feature gate default state" feature="ClientsAllowCBOR" enabled=false
I0607 06:10:35.938620       1 envvar.go:172] "Feature gate default state" feature="ClientsPreferCBOR" enabled=false
W0607 06:10:35.947634       1 descheduler.go:333] failed to convert Descheduler minor version '' to float: strconv.ParseFloat: parsing "": invalid syntax
I0607 06:10:35.959794       1 reflector.go:367] "Starting reflector" type="*v1.PersistentVolumeClaim" resyncPeriod="0s" reflector="k8s.io/client-go/informers/factory.go:161"
I0607 06:10:35.959816       1 reflector.go:367] "Starting reflector" type="*v1.Node" resyncPeriod="0s" reflector="k8s.io/client-go/informers/factory.go:161"
I0607 06:10:35.959821       1 reflector.go:411] "Listing and watching" type="*v1.PersistentVolumeClaim" reflector="k8s.io/client-go/informers/factory.go:161"
I0607 06:10:35.959827       1 reflector.go:411] "Listing and watching" type="*v1.Node" reflector="k8s.io/client-go/informers/factory.go:161"
I0607 06:10:35.959876       1 reflector.go:367] "Starting reflector" type="*v1.Pod" resyncPeriod="0s" reflector="k8s.io/client-go/informers/factory.go:161"
I0607 06:10:35.959884       1 reflector.go:411] "Listing and watching" type="*v1.Pod" reflector="k8s.io/client-go/informers/factory.go:161"
I0607 06:10:35.971253       1 reflector.go:446] "Caches populated" type="*v1.PersistentVolumeClaim" reflector="k8s.io/client-go/informers/factory.go:161"
I0607 06:10:35.972821       1 reflector.go:446] "Caches populated" type="*v1.Pod" reflector="k8s.io/client-go/informers/factory.go:161"
I0607 06:10:35.973213       1 reflector.go:446] "Caches populated" type="*v1.Node" reflector="k8s.io/client-go/informers/factory.go:161"
I0607 06:10:36.059875       1 descheduler.go:235] Resetting pod evictor counters
I0607 06:10:36.059967       1 resourcedefragmentationc2.go:129] "Starting ResourceDefragmentationC2 balance pass" plugin="ResourceDefragmentationC2" ExtensionPoint="Balance" nodeCount=7
I0607 06:10:36.060154       1 resourcedefragmentationc2.go:205] "Eviction decision" plugin="ResourceDefragmentationC2" ExtensionPoint="Balance" pod="defrag-exp/s3-cpu-39-694f845c9f-dzq7m" originNode="ip-172-31-3-39" predictedTarget="ip-172-31-1-245"
I0607 06:10:36.083076       1 evictions.go:558] "Evicted pod" pod="defrag-exp/s3-cpu-39-694f845c9f-dzq7m" reason="" strategy="ResourceDefragmentationC2" node="ip-172-31-3-39" profile="default"
I0607 06:10:36.083196       1 resourcedefragmentationc2.go:205] "Eviction decision" plugin="ResourceDefragmentationC2" ExtensionPoint="Balance" pod="defrag-exp/s3-cpu-39-694f845c9f-wtq62" originNode="ip-172-31-3-39" predictedTarget="ip-172-31-16-198"
E0607 06:10:36.086868       1 event_broadcaster.go:270] "Server rejected event (will not retry!)" err="events.events.k8s.io is forbidden: User \"system:serviceaccount:kube-system:descheduler\" cannot create resource \"events\" in API group \"events.k8s.io\" in the namespace \"defrag-exp\"" event="&Event{ObjectMeta:{s3-cpu-39-694f845c9f-dzq7m.18b6b7a84942baf3  defrag-exp    0 0001-01-01 00:00:00 +0000 UTC <nil> <nil> map[] map[] [] [] []},EventTime:2026-06-07 06:10:36.083094009 +0000 UTC m=+0.353449818,Series:nil,ReportingController:sigs.k8s.io.descheduler,ReportingInstance:sigs.k8s.io.descheduler-descheduler-job-lx9fp,Action:Descheduled,Reason:ResourceDefragmentationC2,Regarding:{Pod defrag-exp s3-cpu-39-694f845c9f-dzq7m 83e49d69-d365-49ee-a7b1-86cc762b2537 v1 380026 },Related:nil,Note:pod eviction from ip-172-31-3-39 node by sigs.k8s.io/descheduler,Type:Normal,DeprecatedSource:{ },DeprecatedFirstTimestamp:0001-01-01 00:00:00 +0000 UTC,DeprecatedLastTimestamp:0001-01-01 00:00:00 +0000 UTC,DeprecatedCount:0,}"
I0607 06:10:36.191482       1 evictions.go:558] "Evicted pod" pod="defrag-exp/s3-cpu-39-694f845c9f-wtq62" reason="" strategy="ResourceDefragmentationC2" node="ip-172-31-3-39" profile="default"
I0607 06:10:36.191618       1 profile.go:425] "Total number of evictions/requests" extension point="Balance" evictedPods=2 evictionRequests=0
I0607 06:10:36.191648       1 descheduler.go:252] "Number of evictions/requests" totalEvicted=2 evictionRequests=0
E0607 06:10:36.193708       1 event_broadcaster.go:279] "Unable to write event (may retry after sleeping)" err="client rate limiter Wait returned an error: context canceled"
I0607 06:10:36.193766       1 reflector.go:373] "Stopping reflector" type="*v1.Pod" resyncPeriod="0s" reflector="k8s.io/client-go/informers/factory.go:161"
I0607 06:10:36.193787       1 reflector.go:373] "Stopping reflector" type="*v1.Node" resyncPeriod="0s" reflector="k8s.io/client-go/informers/factory.go:161"
I0607 06:10:36.193814       1 reflector.go:373] "Stopping reflector" type="*v1.PersistentVolumeClaim" resyncPeriod="0s" reflector="k8s.io/client-go/informers/factory.go:161"
I0607 06:10:36.194124       1 secure_serving.go:259] Stopped listening on [::]:10258
I0607 06:10:36.194295       1 tlsconfig.go:258] "Shutting down DynamicServingCertificateController"
