I0606 14:45:24.155507       1 feature_gate.go:466] feature gates: {map[]}
I0606 14:45:24.293070       1 secure_serving.go:57] Forcing use of http/1.1 only
I0606 14:45:24.293543       1 named_certificates.go:53] "Loaded SNI cert" index=0 certName="self-signed loopback" certDetail="\"apiserver-loopback-client@1780757124\" [serving] validServingFor=[apiserver-loopback-client] issuer=\"apiserver-loopback-client-ca@1780757124\" (2026-06-06 13:45:24 +0000 UTC to 2029-06-06 13:45:24 +0000 UTC (now=2026-06-06 14:45:24.293514704 +0000 UTC))"
I0606 14:45:24.293594       1 secure_serving.go:211] Serving securely on [::]:10258
I0606 14:45:24.293660       1 tlsconfig.go:243] "Starting DynamicServingCertificateController"
I0606 14:45:24.293740       1 tracing.go:88] Did not find a trace collector endpoint defined. Switching to NoopTraceProvider
I0606 14:45:24.294196       1 envvar.go:172] "Feature gate default state" feature="ClientsPreferCBOR" enabled=false
I0606 14:45:24.294221       1 envvar.go:172] "Feature gate default state" feature="InOrderInformers" enabled=true
I0606 14:45:24.294232       1 envvar.go:172] "Feature gate default state" feature="InOrderInformersBatchProcess" enabled=true
I0606 14:45:24.294239       1 envvar.go:172] "Feature gate default state" feature="InformerResourceVersion" enabled=true
I0606 14:45:24.294246       1 envvar.go:172] "Feature gate default state" feature="WatchListClient" enabled=true
I0606 14:45:24.294252       1 envvar.go:172] "Feature gate default state" feature="ClientsAllowCBOR" enabled=false
W0606 14:45:24.303319       1 descheduler.go:333] failed to convert Descheduler minor version '' to float: strconv.ParseFloat: parsing "": invalid syntax
I0606 14:45:24.312083       1 reflector.go:367] "Starting reflector" type="*v1.Pod" resyncPeriod="0s" reflector="k8s.io/client-go/informers/factory.go:161"
I0606 14:45:24.312147       1 reflector.go:367] "Starting reflector" type="*v1.Node" resyncPeriod="0s" reflector="k8s.io/client-go/informers/factory.go:161"
I0606 14:45:24.312159       1 reflector.go:411] "Listing and watching" type="*v1.Node" reflector="k8s.io/client-go/informers/factory.go:161"
I0606 14:45:24.312151       1 reflector.go:411] "Listing and watching" type="*v1.Pod" reflector="k8s.io/client-go/informers/factory.go:161"
I0606 14:45:24.312092       1 reflector.go:367] "Starting reflector" type="*v1.PersistentVolumeClaim" resyncPeriod="0s" reflector="k8s.io/client-go/informers/factory.go:161"
I0606 14:45:24.312405       1 reflector.go:411] "Listing and watching" type="*v1.PersistentVolumeClaim" reflector="k8s.io/client-go/informers/factory.go:161"
I0606 14:45:24.320139       1 reflector.go:978] "Exiting watch because received the bookmark that marks the end of initial events stream" reflector="k8s.io/client-go/informers/factory.go:161" totalItems=8 duration="7.937828ms"
I0606 14:45:24.320202       1 reflector.go:446] "Caches populated" type="*v1.Node" reflector="k8s.io/client-go/informers/factory.go:161"
I0606 14:45:24.320206       1 reflector.go:978] "Exiting watch because received the bookmark that marks the end of initial events stream" reflector="k8s.io/client-go/informers/factory.go:161" totalItems=1 duration="7.778906ms"
I0606 14:45:24.320272       1 reflector.go:446] "Caches populated" type="*v1.PersistentVolumeClaim" reflector="k8s.io/client-go/informers/factory.go:161"
I0606 14:45:24.322204       1 reflector.go:978] "Exiting watch because received the bookmark that marks the end of initial events stream" reflector="k8s.io/client-go/informers/factory.go:161" totalItems=28 duration="9.919353ms"
I0606 14:45:24.322269       1 reflector.go:446] "Caches populated" type="*v1.Pod" reflector="k8s.io/client-go/informers/factory.go:161"
I0606 14:45:24.412726       1 descheduler.go:235] Resetting pod evictor counters
I0606 14:45:24.412813       1 resourcedefragmentation.go:178] "Starting resource defragmentation balance pass" plugin="ResourceDefragmentation" ExtensionPoint="Balance" nodeCount=7
I0606 14:45:24.412900       1 resourcedefragmentation.go:219] "Node state" plugin="ResourceDefragmentation" ExtensionPoint="Balance" node="ip-172-31-16-198" avgUtilization=0.7655411156418046 minUtilization=0.73 binScore=0.8472294421790978 usageSource="requests"
I0606 14:45:24.412947       1 resourcedefragmentation.go:219] "Node state" plugin="ResourceDefragmentation" ExtensionPoint="Balance" node="ip-172-31-19-34" avgUtilization=0.055810706720585405 minUtilization=0.05 binScore=0.5220946466397073 usageSource="requests"
I0606 14:45:24.412989       1 resourcedefragmentation.go:219] "Node state" plugin="ResourceDefragmentation" ExtensionPoint="Balance" node="ip-172-31-3-39" avgUtilization=0.768214904679376 minUtilization=0.76 binScore=0.8758925476603119 usageSource="requests"
I0606 14:45:24.413031       1 resourcedefragmentation.go:219] "Node state" plugin="ResourceDefragmentation" ExtensionPoint="Balance" node="ip-172-31-31-146" avgUtilization=0.05581100337958193 minUtilization=0.05 binScore=0.522094498310209 usageSource="requests"
I0606 14:45:24.413065       1 resourcedefragmentation.go:219] "Node state" plugin="ResourceDefragmentation" ExtensionPoint="Balance" node="ip-172-31-6-144" avgUtilization=0.05581115171122249 minUtilization=0.05 binScore=0.5220944241443888 usageSource="requests"
I0606 14:45:24.413111       1 resourcedefragmentation.go:185] "Skipping control-plane node" plugin="ResourceDefragmentation" ExtensionPoint="Balance" node="ip-172-31-84-108"
I0606 14:45:24.413148       1 resourcedefragmentation.go:219] "Node state" plugin="ResourceDefragmentation" ExtensionPoint="Balance" node="ip-172-31-1-245" avgUtilization=0.31356041418893216 minUtilization=0.245 binScore=0.588219792905534 usageSource="requests"
I0606 14:45:24.413209       1 resourcedefragmentation.go:257] "Node is a drain candidate" plugin="ResourceDefragmentation" ExtensionPoint="Balance" node="ip-172-31-1-245" avgUtilization=0.31356041418893216 binScore=0.588219792905534 imbalanceIndex=-0.13712082837786432 freeSpaceIndex=0.46649877457471245 priority=1.1403745906541283
I0606 14:45:24.413234       1 resourcedefragmentation.go:280] "Draining under-utilized node" plugin="ResourceDefragmentation" ExtensionPoint="Balance" node="ip-172-31-1-245" priority=1.1403745906541283
I0606 14:45:24.413251       1 resourcedefragmentation.go:867] "Candidate score inputs" plugin="ResourceDefragmentation" pod="defrag-exp/s6c3-membig-245-5749565466-9qrxb" originNode="ip-172-31-1-245" c1=0.01118932309339902 c2=-999.9 c3=0.24163008045916134 c4=0
I0606 14:45:24.413267       1 resourcedefragmentation.go:867] "Candidate score inputs" plugin="ResourceDefragmentation" pod="defrag-exp/s6c3-cpubig-245-5d4fc7c5bf-cxpmj" originNode="ip-172-31-1-245" c1=-0.0036077494469861915 c2=-999.9 c3=0.1310561047365456 c4=0
I0606 14:45:24.413289       1 resourcedefragmentation.go:294] "No feasible scheduler target within ceiling; leaving pod in place" plugin="ResourceDefragmentation" ExtensionPoint="Balance" pod="defrag-exp/s6c3-membig-245-5749565466-9qrxb" originNode="ip-172-31-1-245"
I0606 14:45:24.413341       1 resourcedefragmentation.go:867] "Candidate score inputs" plugin="ResourceDefragmentation" pod="defrag-exp/s6c3-cpubig-245-5d4fc7c5bf-cxpmj" originNode="ip-172-31-1-245" c1=-0.0036077494469861915 c2=-999.9 c3=0.1310561047365456 c4=0
I0606 14:45:24.413379       1 resourcedefragmentation.go:294] "No feasible scheduler target within ceiling; leaving pod in place" plugin="ResourceDefragmentation" ExtensionPoint="Balance" pod="defrag-exp/s6c3-cpubig-245-5d4fc7c5bf-cxpmj" originNode="ip-172-31-1-245"
I0606 14:45:24.413443       1 profile.go:425] "Total number of evictions/requests" extension point="Balance" evictedPods=0 evictionRequests=0
I0606 14:45:24.413469       1 descheduler.go:252] "Number of evictions/requests" totalEvicted=0 evictionRequests=0
I0606 14:45:24.413824       1 reflector.go:373] "Stopping reflector" type="*v1.Pod" resyncPeriod="0s" reflector="k8s.io/client-go/informers/factory.go:161"
I0606 14:45:24.413956       1 reflector.go:373] "Stopping reflector" type="*v1.PersistentVolumeClaim" resyncPeriod="0s" reflector="k8s.io/client-go/informers/factory.go:161"
I0606 14:45:24.414064       1 reflector.go:373] "Stopping reflector" type="*v1.Node" resyncPeriod="0s" reflector="k8s.io/client-go/informers/factory.go:161"
I0606 14:45:24.414326       1 tlsconfig.go:258] "Shutting down DynamicServingCertificateController"
I0606 14:45:24.414535       1 secure_serving.go:259] Stopped listening on [::]:10258
