I0606 04:22:19.149417       1 feature_gate.go:466] feature gates: {map[]}
I0606 04:22:19.395341       1 secure_serving.go:57] Forcing use of http/1.1 only
I0606 04:22:19.397480       1 named_certificates.go:53] "Loaded SNI cert" index=0 certName="self-signed loopback" certDetail="\"apiserver-loopback-client@1780719739\" [serving] validServingFor=[apiserver-loopback-client] issuer=\"apiserver-loopback-client-ca@1780719739\" (2026-06-06 03:22:19 +0000 UTC to 2029-06-06 03:22:19 +0000 UTC (now=2026-06-06 04:22:19.395796151 +0000 UTC))"
I0606 04:22:19.397690       1 tlsconfig.go:243] "Starting DynamicServingCertificateController"
I0606 04:22:19.398715       1 secure_serving.go:211] Serving securely on [::]:10258
I0606 04:22:19.398829       1 tracing.go:88] Did not find a trace collector endpoint defined. Switching to NoopTraceProvider
I0606 04:22:19.405519       1 envvar.go:172] "Feature gate default state" feature="InOrderInformersBatchProcess" enabled=true
I0606 04:22:19.405663       1 envvar.go:172] "Feature gate default state" feature="InformerResourceVersion" enabled=true
I0606 04:22:19.405673       1 envvar.go:172] "Feature gate default state" feature="WatchListClient" enabled=true
I0606 04:22:19.405680       1 envvar.go:172] "Feature gate default state" feature="ClientsAllowCBOR" enabled=false
I0606 04:22:19.405686       1 envvar.go:172] "Feature gate default state" feature="ClientsPreferCBOR" enabled=false
I0606 04:22:19.405692       1 envvar.go:172] "Feature gate default state" feature="InOrderInformers" enabled=true
W0606 04:22:19.455697       1 descheduler.go:333] failed to convert Descheduler minor version '' to float: strconv.ParseFloat: parsing "": invalid syntax
I0606 04:22:19.474273       1 reflector.go:367] "Starting reflector" type="*v1.Pod" resyncPeriod="0s" reflector="k8s.io/client-go/informers/factory.go:161"
I0606 04:22:19.474310       1 reflector.go:411] "Listing and watching" type="*v1.Pod" reflector="k8s.io/client-go/informers/factory.go:161"
I0606 04:22:19.474349       1 reflector.go:367] "Starting reflector" type="*v1.Node" resyncPeriod="0s" reflector="k8s.io/client-go/informers/factory.go:161"
I0606 04:22:19.474362       1 reflector.go:411] "Listing and watching" type="*v1.Node" reflector="k8s.io/client-go/informers/factory.go:161"
I0606 04:22:19.474273       1 reflector.go:367] "Starting reflector" type="*v1.PersistentVolumeClaim" resyncPeriod="0s" reflector="k8s.io/client-go/informers/factory.go:161"
I0606 04:22:19.476707       1 reflector.go:411] "Listing and watching" type="*v1.PersistentVolumeClaim" reflector="k8s.io/client-go/informers/factory.go:161"
I0606 04:22:19.484586       1 reflector.go:446] "Caches populated" type="*v1.PersistentVolumeClaim" reflector="k8s.io/client-go/informers/factory.go:161"
I0606 04:22:19.487573       1 reflector.go:446] "Caches populated" type="*v1.Node" reflector="k8s.io/client-go/informers/factory.go:161"
I0606 04:22:19.496071       1 reflector.go:446] "Caches populated" type="*v1.Pod" reflector="k8s.io/client-go/informers/factory.go:161"
I0606 04:22:19.573911       1 descheduler.go:235] Resetting pod evictor counters
I0606 04:22:19.574222       1 highnodeutilization.go:193] "Node has been classified" plugin="HighNodeUtilization" ExtensionPoint="Balance" category="overutilized" node="ip-172-31-16-198" usage={"cpu":"1600m","memory":"90Mi","pods":"5"} usagePercentage={"cpu":80,"memory":11,"pods":5}
I0606 04:22:19.574319       1 highnodeutilization.go:193] "Node has been classified" plugin="HighNodeUtilization" ExtensionPoint="Balance" category="overutilized" node="ip-172-31-19-34" usage={"cpu":"1600m","memory":"90Mi","pods":"4"} usagePercentage={"cpu":80,"memory":11,"pods":4}
I0606 04:22:19.574342       1 highnodeutilization.go:193] "Node has been classified" plugin="HighNodeUtilization" ExtensionPoint="Balance" category="overutilized" node="ip-172-31-3-39" usage={"cpu":"200m","memory":"530Mi","pods":"4"} usagePercentage={"cpu":10,"memory":65,"pods":4}
I0606 04:22:19.574430       1 highnodeutilization.go:193] "Node has been classified" plugin="HighNodeUtilization" ExtensionPoint="Balance" category="overutilized" node="ip-172-31-31-146" usage={"cpu":"200m","memory":"530Mi","pods":"4"} usagePercentage={"cpu":10,"memory":65,"pods":4}
I0606 04:22:19.574500       1 highnodeutilization.go:193] "Node has been classified" plugin="HighNodeUtilization" ExtensionPoint="Balance" category="overutilized" node="ip-172-31-6-144" usage={"cpu":"200m","memory":"530Mi","pods":"4"} usagePercentage={"cpu":10,"memory":65,"pods":4}
I0606 04:22:19.574544       1 highnodeutilization.go:193] "Node has been classified" plugin="HighNodeUtilization" ExtensionPoint="Balance" category="overutilized" node="ip-172-31-84-108" usage={"cpu":"850m","memory":"220Mi","pods":"7"} usagePercentage={"cpu":43,"memory":6,"pods":6}
I0606 04:22:19.574584       1 highnodeutilization.go:193] "Node has been classified" plugin="HighNodeUtilization" ExtensionPoint="Balance" category="overutilized" node="ip-172-31-1-245" usage={"cpu":"1600m","memory":"90Mi","pods":"4"} usagePercentage={"cpu":80,"memory":11,"pods":4}
I0606 04:22:19.574609       1 highnodeutilization.go:217] "Criteria for a node below target utilization" plugin="HighNodeUtilization" ExtensionPoint="Balance" cpu="40.00%" memory="40.00%"
I0606 04:22:19.575572       1 highnodeutilization.go:218] "Number of underutilized nodes" plugin="HighNodeUtilization" ExtensionPoint="Balance" totalNumber=0
I0606 04:22:19.575591       1 highnodeutilization.go:221] "No node is underutilized, nothing to do here, you might tune your thresholds further" plugin="HighNodeUtilization" ExtensionPoint="Balance"
I0606 04:22:19.575655       1 profile.go:425] "Total number of evictions/requests" extension point="Balance" evictedPods=0 evictionRequests=0
I0606 04:22:19.575680       1 descheduler.go:252] "Number of evictions/requests" totalEvicted=0 evictionRequests=0
I0606 04:22:19.576080       1 reflector.go:373] "Stopping reflector" type="*v1.Pod" resyncPeriod="0s" reflector="k8s.io/client-go/informers/factory.go:161"
I0606 04:22:19.576273       1 reflector.go:373] "Stopping reflector" type="*v1.Node" resyncPeriod="0s" reflector="k8s.io/client-go/informers/factory.go:161"
I0606 04:22:19.576391       1 reflector.go:373] "Stopping reflector" type="*v1.PersistentVolumeClaim" resyncPeriod="0s" reflector="k8s.io/client-go/informers/factory.go:161"
I0606 04:22:19.576737       1 tlsconfig.go:258] "Shutting down DynamicServingCertificateController"
I0606 04:22:19.576911       1 secure_serving.go:259] Stopped listening on [::]:10258
