namespace/actual-usage-exp created
deployment.apps/workload-destination-1 created
deployment.apps/workload-destination-2 created
deployment.apps/workload-destination-3 created
deployment.apps/workload-idle-source-1 created
deployment.apps/workload-idle-source-2 created
deployment.apps/workload-api created
service/workload-api created
poddisruptionbudget.policy/workload created
deployment.apps/workload-api condition met
deployment.apps/workload-destination-1 condition met
deployment.apps/workload-destination-2 condition met
deployment.apps/workload-destination-3 condition met
deployment.apps/workload-idle-source-1 condition met
deployment.apps/workload-idle-source-2 condition met
{
  "api_pod": "workload-api-5dd89457c6-lj4mh",
  "busy_source": "worker-6",
  "destinations": [
    "worker-1",
    "worker-2",
    "worker-3"
  ],
  "experiment_pods": 9,
  "node_details": {
    "worker-1": {
      "cpu_fraction": 0.7,
      "experiment_pods": [
        "workload-destination-1-5f6d897967-b8xkf",
        "workload-destination-1-5f6d897967-g6b7s"
      ],
      "memory_fraction": 0.432783,
      "underutilized": false
    },
    "worker-2": {
      "cpu_fraction": 0.7,
      "experiment_pods": [
        "workload-destination-2-7c84d94cdb-5ds4f",
        "workload-destination-2-7c84d94cdb-blptt"
      ],
      "memory_fraction": 0.432783,
      "underutilized": false
    },
    "worker-3": {
      "cpu_fraction": 0.7,
      "experiment_pods": [
        "workload-destination-3-57957d8b7c-5nh5l",
        "workload-destination-3-57957d8b7c-pmtx5"
      ],
      "memory_fraction": 0.432783,
      "underutilized": false
    },
    "worker-4": {
      "cpu_fraction": 0.075,
      "experiment_pods": [
        "workload-idle-source-1-649f7d9b48-9m9qg"
      ],
      "memory_fraction": 0.259673,
      "underutilized": true
    },
    "worker-5": {
      "cpu_fraction": 0.075,
      "experiment_pods": [
        "workload-idle-source-2-958bdc7ff-xjr5h"
      ],
      "memory_fraction": 0.25967,
      "underutilized": true
    },
    "worker-6": {
      "cpu_fraction": 0.075,
      "experiment_pods": [
        "workload-api-5dd89457c6-lj4mh"
      ],
      "memory_fraction": 0.358592,
      "underutilized": true
    }
  },
  "sources": [
    "worker-4",
    "worker-5",
    "worker-6"
  ],
  "underutilized_sources": [
    "worker-4",
    "worker-5",
    "worker-6"
  ]
}
NAME                                      READY   STATUS    RESTARTS   AGE   IP             NODE       NOMINATED NODE   READINESS GATES
workload-destination-1-5f6d897967-b8xkf   1/1     Running   0          24s   10.244.1.123   worker-1   <none>           <none>
workload-destination-1-5f6d897967-g6b7s   1/1     Running   0          24s   10.244.1.124   worker-1   <none>           <none>
workload-destination-2-7c84d94cdb-5ds4f   1/1     Running   0          20s   10.244.2.127   worker-2   <none>           <none>
workload-destination-2-7c84d94cdb-blptt   1/1     Running   0          20s   10.244.2.126   worker-2   <none>           <none>
workload-destination-3-57957d8b7c-5nh5l   1/1     Running   0          17s   10.244.3.83    worker-3   <none>           <none>
workload-destination-3-57957d8b7c-pmtx5   1/1     Running   0          17s   10.244.3.82    worker-3   <none>           <none>
workload-idle-source-1-649f7d9b48-9m9qg   1/1     Running   0          13s   10.244.4.77    worker-4   <none>           <none>
workload-idle-source-2-958bdc7ff-xjr5h    1/1     Running   0          9s    10.244.5.71    worker-5   <none>           <none>
workload-api-5dd89457c6-lj4mh             1/1     Running   0          5s    10.244.6.39    worker-6   <none>           <none>
