I0607 10:25:01.243280       1 feature_gate.go:466] feature gates: {map[]}
I0607 10:25:01.745969       1 secure_serving.go:57] Forcing use of http/1.1 only
I0607 10:25:01.746586       1 named_certificates.go:53] "Loaded SNI cert" index=0 certName="self-signed loopback" certDetail="\"apiserver-loopback-client@1780827901\" [serving] validServingFor=[apiserver-loopback-client] issuer=\"apiserver-loopback-client-ca@1780827901\" (2026-06-07 09:25:01 +0000 UTC to 2029-06-07 09:25:01 +0000 UTC (now=2026-06-07 10:25:01.746553724 +0000 UTC))"
I0607 10:25:01.746661       1 secure_serving.go:211] Serving securely on [::]:10258
I0607 10:25:01.746736       1 tlsconfig.go:243] "Starting DynamicServingCertificateController"
I0607 10:25:01.746814       1 tracing.go:88] Did not find a trace collector endpoint defined. Switching to NoopTraceProvider
I0607 10:25:01.748232       1 envvar.go:172] "Feature gate default state" feature="WatchListClient" enabled=true
I0607 10:25:01.748279       1 envvar.go:172] "Feature gate default state" feature="ClientsAllowCBOR" enabled=false
I0607 10:25:01.748290       1 envvar.go:172] "Feature gate default state" feature="ClientsPreferCBOR" enabled=false
I0607 10:25:01.748296       1 envvar.go:172] "Feature gate default state" feature="InOrderInformers" enabled=true
I0607 10:25:01.748302       1 envvar.go:172] "Feature gate default state" feature="InOrderInformersBatchProcess" enabled=true
I0607 10:25:01.748308       1 envvar.go:172] "Feature gate default state" feature="InformerResourceVersion" enabled=true
W0607 10:25:01.772051       1 descheduler.go:333] failed to convert Descheduler minor version '' to float: strconv.ParseFloat: parsing "": invalid syntax
I0607 10:25:01.797441       1 reflector.go:367] "Starting reflector" type="*v1.Pod" resyncPeriod="0s" reflector="k8s.io/client-go/informers/factory.go:161"
I0607 10:25:01.797441       1 reflector.go:367] "Starting reflector" type="*v1.Node" resyncPeriod="0s" reflector="k8s.io/client-go/informers/factory.go:161"
I0607 10:25:01.797471       1 reflector.go:411] "Listing and watching" type="*v1.Pod" reflector="k8s.io/client-go/informers/factory.go:161"
I0607 10:25:01.797478       1 reflector.go:411] "Listing and watching" type="*v1.Node" reflector="k8s.io/client-go/informers/factory.go:161"
I0607 10:25:01.797816       1 reflector.go:367] "Starting reflector" type="*v1.PersistentVolumeClaim" resyncPeriod="0s" reflector="k8s.io/client-go/informers/factory.go:161"
I0607 10:25:01.797877       1 reflector.go:411] "Listing and watching" type="*v1.PersistentVolumeClaim" reflector="k8s.io/client-go/informers/factory.go:161"
I0607 10:25:01.802745       1 reflector.go:446] "Caches populated" type="*v1.PersistentVolumeClaim" reflector="k8s.io/client-go/informers/factory.go:161"
I0607 10:25:01.809296       1 reflector.go:446] "Caches populated" type="*v1.Node" reflector="k8s.io/client-go/informers/factory.go:161"
I0607 10:25:01.820123       1 reflector.go:446] "Caches populated" type="*v1.Pod" reflector="k8s.io/client-go/informers/factory.go:161"
I0607 10:25:01.898057       1 descheduler.go:235] Resetting pod evictor counters
I0607 10:25:01.898192       1 resourcedefragmentationc2.go:129] "Starting ResourceDefragmentationC2 balance pass" plugin="ResourceDefragmentationC2" ExtensionPoint="Balance" nodeCount=7
I0607 10:25:01.898460       1 profile.go:425] "Total number of evictions/requests" extension point="Balance" evictedPods=0 evictionRequests=0
I0607 10:25:01.898490       1 descheduler.go:252] "Number of evictions/requests" totalEvicted=0 evictionRequests=0
I0607 10:25:01.898610       1 reflector.go:373] "Stopping reflector" type="*v1.Pod" resyncPeriod="0s" reflector="k8s.io/client-go/informers/factory.go:161"
I0607 10:25:01.898688       1 reflector.go:373] "Stopping reflector" type="*v1.Node" resyncPeriod="0s" reflector="k8s.io/client-go/informers/factory.go:161"
I0607 10:25:01.898952       1 reflector.go:373] "Stopping reflector" type="*v1.PersistentVolumeClaim" resyncPeriod="0s" reflector="k8s.io/client-go/informers/factory.go:161"
I0607 10:25:01.899912       1 tlsconfig.go:258] "Shutting down DynamicServingCertificateController"
I0607 10:25:01.899941       1 secure_serving.go:259] Stopped listening on [::]:10258
