I0606 04:40:44.655072       1 feature_gate.go:466] feature gates: {map[]}
I0606 04:40:44.804671       1 secure_serving.go:57] Forcing use of http/1.1 only
I0606 04:40:44.805164       1 named_certificates.go:53] "Loaded SNI cert" index=0 certName="self-signed loopback" certDetail="\"apiserver-loopback-client@1780720844\" [serving] validServingFor=[apiserver-loopback-client] issuer=\"apiserver-loopback-client-ca@1780720844\" (2026-06-06 03:40:44 +0000 UTC to 2029-06-06 03:40:44 +0000 UTC (now=2026-06-06 04:40:44.805129066 +0000 UTC))"
I0606 04:40:44.805211       1 secure_serving.go:211] Serving securely on [::]:10258
I0606 04:40:44.805231       1 tracing.go:88] Did not find a trace collector endpoint defined. Switching to NoopTraceProvider
I0606 04:40:44.805307       1 tlsconfig.go:243] "Starting DynamicServingCertificateController"
I0606 04:40:44.805612       1 envvar.go:172] "Feature gate default state" feature="InformerResourceVersion" enabled=true
I0606 04:40:44.805633       1 envvar.go:172] "Feature gate default state" feature="WatchListClient" enabled=true
I0606 04:40:44.805641       1 envvar.go:172] "Feature gate default state" feature="ClientsAllowCBOR" enabled=false
I0606 04:40:44.805647       1 envvar.go:172] "Feature gate default state" feature="ClientsPreferCBOR" enabled=false
I0606 04:40:44.805654       1 envvar.go:172] "Feature gate default state" feature="InOrderInformers" enabled=true
I0606 04:40:44.805660       1 envvar.go:172] "Feature gate default state" feature="InOrderInformersBatchProcess" enabled=true
W0606 04:40:44.815496       1 descheduler.go:333] failed to convert Descheduler minor version '' to float: strconv.ParseFloat: parsing "": invalid syntax
I0606 04:40:44.823890       1 reflector.go:367] "Starting reflector" type="*v1.PersistentVolumeClaim" resyncPeriod="0s" reflector="k8s.io/client-go/informers/factory.go:161"
I0606 04:40:44.823877       1 reflector.go:367] "Starting reflector" type="*v1.Pod" resyncPeriod="0s" reflector="k8s.io/client-go/informers/factory.go:161"
I0606 04:40:44.823915       1 reflector.go:411] "Listing and watching" type="*v1.PersistentVolumeClaim" reflector="k8s.io/client-go/informers/factory.go:161"
I0606 04:40:44.823987       1 reflector.go:367] "Starting reflector" type="*v1.Node" resyncPeriod="0s" reflector="k8s.io/client-go/informers/factory.go:161"
I0606 04:40:44.824006       1 reflector.go:411] "Listing and watching" type="*v1.Node" reflector="k8s.io/client-go/informers/factory.go:161"
I0606 04:40:44.823917       1 reflector.go:411] "Listing and watching" type="*v1.Pod" reflector="k8s.io/client-go/informers/factory.go:161"
I0606 04:40:44.829705       1 reflector.go:446] "Caches populated" type="*v1.PersistentVolumeClaim" reflector="k8s.io/client-go/informers/factory.go:161"
I0606 04:40:44.833148       1 reflector.go:446] "Caches populated" type="*v1.Node" reflector="k8s.io/client-go/informers/factory.go:161"
I0606 04:40:44.838459       1 reflector.go:446] "Caches populated" type="*v1.Pod" reflector="k8s.io/client-go/informers/factory.go:161"
I0606 04:40:44.924439       1 descheduler.go:235] Resetting pod evictor counters
I0606 04:40:44.924774       1 highnodeutilization.go:193] "Node has been classified" plugin="HighNodeUtilization" ExtensionPoint="Balance" category="underutilized" node="ip-172-31-1-245" usage={"cpu":"600m","memory":"250Mi","pods":"4"} usagePercentage={"cpu":30,"memory":31,"pods":4}
I0606 04:40:44.924858       1 highnodeutilization.go:193] "Node has been classified" plugin="HighNodeUtilization" ExtensionPoint="Balance" category="underutilized" node="ip-172-31-16-198" usage={"cpu":"600m","memory":"250Mi","pods":"4"} usagePercentage={"cpu":30,"memory":31,"pods":4}
I0606 04:40:44.924944       1 highnodeutilization.go:193] "Node has been classified" plugin="HighNodeUtilization" ExtensionPoint="Balance" category="overutilized" node="ip-172-31-84-108" usage={"cpu":"850m","memory":"220Mi","pods":"7"} usagePercentage={"cpu":43,"memory":6,"pods":6}
I0606 04:40:44.924998       1 highnodeutilization.go:193] "Node has been classified" plugin="HighNodeUtilization" ExtensionPoint="Balance" category="overutilized" node="ip-172-31-19-34" usage={"cpu":"1600m","memory":"90Mi","pods":"4"} usagePercentage={"cpu":80,"memory":11,"pods":4}
I0606 04:40:44.925043       1 highnodeutilization.go:193] "Node has been classified" plugin="HighNodeUtilization" ExtensionPoint="Balance" category="overutilized" node="ip-172-31-3-39" usage={"cpu":"1600m","memory":"90Mi","pods":"4"} usagePercentage={"cpu":80,"memory":11,"pods":4}
I0606 04:40:44.925092       1 highnodeutilization.go:193] "Node has been classified" plugin="HighNodeUtilization" ExtensionPoint="Balance" category="overutilized" node="ip-172-31-31-146" usage={"cpu":"1700m","memory":"690Mi","pods":"5"} usagePercentage={"cpu":85,"memory":85,"pods":5}
I0606 04:40:44.925117       1 highnodeutilization.go:193] "Node has been classified" plugin="HighNodeUtilization" ExtensionPoint="Balance" category="overutilized" node="ip-172-31-6-144" usage={"cpu":"1700m","memory":"690Mi","pods":"4"} usagePercentage={"cpu":85,"memory":85,"pods":4}
I0606 04:40:44.925214       1 highnodeutilization.go:217] "Criteria for a node below target utilization" plugin="HighNodeUtilization" ExtensionPoint="Balance" cpu="40.00%" memory="40.00%"
I0606 04:40:44.925268       1 highnodeutilization.go:218] "Number of underutilized nodes" plugin="HighNodeUtilization" ExtensionPoint="Balance" totalNumber=2
I0606 04:40:44.925297       1 nodeutilization.go:186] "Total capacity to be moved" CPU=2550 Mem=5531361280 Pods=526
I0606 04:40:44.925329       1 nodeutilization.go:194] "Evicting pods from node" node="ip-172-31-1-245" usage={"cpu":"600m","memory":"250Mi","pods":"4"}
I0606 04:40:44.925379       1 nodeutilization.go:201] "Pods on node" node="ip-172-31-1-245" allPods=4 nonRemovablePods=2 removablePods=2
I0606 04:40:44.925392       1 nodeutilization.go:217] "Evicting pods based on priority, if they have same priority, they'll be evicted based on QoS tiers"
I0606 04:40:44.949464       1 evictions.go:558] "Evicted pod" pod="defrag-exp/s3-under-245-574b8b4b46-shlls" reason="" strategy="HighNodeUtilization" node="ip-172-31-1-245" profile="default"
I0606 04:40:44.949568       1 nodeutilization.go:347] "Evicted pods" pod="defrag-exp/s3-under-245-574b8b4b46-shlls"
I0606 04:40:44.949585       1 nodeutilization.go:356] "Updated node usage" node="ip-172-31-1-245" CPU=350 Mem=157286400 Pods=3
E0606 04:40:44.952782       1 event_broadcaster.go:270] "Server rejected event (will not retry!)" err="events.events.k8s.io is forbidden: User \"system:serviceaccount:kube-system:descheduler\" cannot create resource \"events\" in API group \"events.k8s.io\" in the namespace \"defrag-exp\"" event="&Event{ObjectMeta:{s3-under-245-574b8b4b46-shlls.18b6642c7f595b34  defrag-exp    0 0001-01-01 00:00:00 +0000 UTC <nil> <nil> map[] map[] [] [] []},EventTime:2026-06-06 04:40:44.949483258 +0000 UTC m=+0.325386367,Series:nil,ReportingController:sigs.k8s.io.descheduler,ReportingInstance:sigs.k8s.io.descheduler-descheduler-job-rf822,Action:Descheduled,Reason:HighNodeUtilization,Regarding:{Pod defrag-exp s3-under-245-574b8b4b46-shlls 063aef39-44a2-4304-a2f0-3dec7aa64584 v1 228177 },Related:nil,Note:pod eviction from ip-172-31-1-245 node by sigs.k8s.io/descheduler,Type:Normal,DeprecatedSource:{ },DeprecatedFirstTimestamp:0001-01-01 00:00:00 +0000 UTC,DeprecatedLastTimestamp:0001-01-01 00:00:00 +0000 UTC,DeprecatedCount:0,}"
I0606 04:40:45.045526       1 evictions.go:558] "Evicted pod" pod="defrag-exp/s3-under-245-574b8b4b46-jb5px" reason="" strategy="HighNodeUtilization" node="ip-172-31-1-245" profile="default"
I0606 04:40:45.045582       1 nodeutilization.go:347] "Evicted pods" pod="defrag-exp/s3-under-245-574b8b4b46-jb5px"
I0606 04:40:45.045597       1 nodeutilization.go:356] "Updated node usage" node="ip-172-31-1-245" CPU=100 Mem=52428800 Pods=2
I0606 04:40:45.045624       1 nodeutilization.go:194] "Evicting pods from node" node="ip-172-31-16-198" usage={"cpu":"600m","memory":"250Mi","pods":"4"}
I0606 04:40:45.045736       1 nodeutilization.go:201] "Pods on node" node="ip-172-31-16-198" allPods=4 nonRemovablePods=2 removablePods=2
I0606 04:40:45.045840       1 nodeutilization.go:217] "Evicting pods based on priority, if they have same priority, they'll be evicted based on QoS tiers"
E0606 04:40:45.048602       1 event_broadcaster.go:270] "Server rejected event (will not retry!)" err="events.events.k8s.io is forbidden: User \"system:serviceaccount:kube-system:descheduler\" cannot create resource \"events\" in API group \"events.k8s.io\" in the namespace \"defrag-exp\"" event="&Event{ObjectMeta:{s3-under-245-574b8b4b46-jb5px.18b6642c8512d730  defrag-exp    0 0001-01-01 00:00:00 +0000 UTC <nil> <nil> map[] map[] [] [] []},EventTime:2026-06-06 04:40:45.045543515 +0000 UTC m=+0.421446616,Series:nil,ReportingController:sigs.k8s.io.descheduler,ReportingInstance:sigs.k8s.io.descheduler-descheduler-job-rf822,Action:Descheduled,Reason:HighNodeUtilization,Regarding:{Pod defrag-exp s3-under-245-574b8b4b46-jb5px c6941223-7517-46cc-8235-3fe0afaa9abf v1 228181 },Related:nil,Note:pod eviction from ip-172-31-1-245 node by sigs.k8s.io/descheduler,Type:Normal,DeprecatedSource:{ },DeprecatedFirstTimestamp:0001-01-01 00:00:00 +0000 UTC,DeprecatedLastTimestamp:0001-01-01 00:00:00 +0000 UTC,DeprecatedCount:0,}"
I0606 04:40:45.150640       1 evictions.go:558] "Evicted pod" pod="defrag-exp/s3-under-198-c45f6ffd9-2rvmx" reason="" strategy="HighNodeUtilization" node="ip-172-31-16-198" profile="default"
I0606 04:40:45.150705       1 nodeutilization.go:347] "Evicted pods" pod="defrag-exp/s3-under-198-c45f6ffd9-2rvmx"
I0606 04:40:45.150719       1 nodeutilization.go:356] "Updated node usage" node="ip-172-31-16-198" CPU=350 Mem=157286400 Pods=3
E0606 04:40:45.153899       1 event_broadcaster.go:270] "Server rejected event (will not retry!)" err="events.events.k8s.io is forbidden: User \"system:serviceaccount:kube-system:descheduler\" cannot create resource \"events\" in API group \"events.k8s.io\" in the namespace \"defrag-exp\"" event="&Event{ObjectMeta:{s3-under-198-c45f6ffd9-2rvmx.18b6642c8b56c6bf  defrag-exp    0 0001-01-01 00:00:00 +0000 UTC <nil> <nil> map[] map[] [] [] []},EventTime:2026-06-06 04:40:45.150659453 +0000 UTC m=+0.526562556,Series:nil,ReportingController:sigs.k8s.io.descheduler,ReportingInstance:sigs.k8s.io.descheduler-descheduler-job-rf822,Action:Descheduled,Reason:HighNodeUtilization,Regarding:{Pod defrag-exp s3-under-198-c45f6ffd9-2rvmx 1a5dd32f-76b5-4e04-98cc-4a3429aefd14 v1 228214 },Related:nil,Note:pod eviction from ip-172-31-16-198 node by sigs.k8s.io/descheduler,Type:Normal,DeprecatedSource:{ },DeprecatedFirstTimestamp:0001-01-01 00:00:00 +0000 UTC,DeprecatedLastTimestamp:0001-01-01 00:00:00 +0000 UTC,DeprecatedCount:0,}"
I0606 04:40:45.265355       1 evictions.go:558] "Evicted pod" pod="defrag-exp/s3-under-198-c45f6ffd9-z9lkv" reason="" strategy="HighNodeUtilization" node="ip-172-31-16-198" profile="default"
I0606 04:40:45.265503       1 nodeutilization.go:347] "Evicted pods" pod="defrag-exp/s3-under-198-c45f6ffd9-z9lkv"
I0606 04:40:45.265552       1 nodeutilization.go:356] "Updated node usage" node="ip-172-31-16-198" CPU=100 Mem=52428800 Pods=2
I0606 04:40:45.265597       1 profile.go:425] "Total number of evictions/requests" extension point="Balance" evictedPods=4 evictionRequests=0
I0606 04:40:45.265642       1 descheduler.go:252] "Number of evictions/requests" totalEvicted=4 evictionRequests=0
E0606 04:40:45.265756       1 event_broadcaster.go:279] "Unable to write event (may retry after sleeping)" err="client rate limiter Wait returned an error: context canceled"
I0606 04:40:45.265853       1 reflector.go:373] "Stopping reflector" type="*v1.Pod" resyncPeriod="0s" reflector="k8s.io/client-go/informers/factory.go:161"
I0606 04:40:45.265894       1 reflector.go:373] "Stopping reflector" type="*v1.Node" resyncPeriod="0s" reflector="k8s.io/client-go/informers/factory.go:161"
I0606 04:40:45.265914       1 reflector.go:373] "Stopping reflector" type="*v1.PersistentVolumeClaim" resyncPeriod="0s" reflector="k8s.io/client-go/informers/factory.go:161"
I0606 04:40:45.266078       1 tlsconfig.go:258] "Shutting down DynamicServingCertificateController"
I0606 04:40:45.266199       1 secure_serving.go:259] Stopped listening on [::]:10258
