I0605 15:10:44.866508       1 feature_gate.go:466] feature gates: {map[]}
I0605 15:10:44.946440       1 secure_serving.go:57] Forcing use of http/1.1 only
I0605 15:10:44.946823       1 named_certificates.go:53] "Loaded SNI cert" index=0 certName="self-signed loopback" certDetail="\"apiserver-loopback-client@1780672244\" [serving] validServingFor=[apiserver-loopback-client] issuer=\"apiserver-loopback-client-ca@1780672244\" (2026-06-05 14:10:44 +0000 UTC to 2029-06-05 14:10:44 +0000 UTC (now=2026-06-05 15:10:44.946793048 +0000 UTC))"
I0605 15:10:44.946871       1 secure_serving.go:211] Serving securely on [::]:10258
I0605 15:10:44.946886       1 tracing.go:88] Did not find a trace collector endpoint defined. Switching to NoopTraceProvider
I0605 15:10:44.947004       1 tlsconfig.go:243] "Starting DynamicServingCertificateController"
I0605 15:10:44.950357       1 envvar.go:172] "Feature gate default state" feature="InOrderInformers" enabled=true
I0605 15:10:44.950387       1 envvar.go:172] "Feature gate default state" feature="InOrderInformersBatchProcess" enabled=true
I0605 15:10:44.950394       1 envvar.go:172] "Feature gate default state" feature="InformerResourceVersion" enabled=true
I0605 15:10:44.950400       1 envvar.go:172] "Feature gate default state" feature="WatchListClient" enabled=true
I0605 15:10:44.950406       1 envvar.go:172] "Feature gate default state" feature="ClientsAllowCBOR" enabled=false
I0605 15:10:44.950412       1 envvar.go:172] "Feature gate default state" feature="ClientsPreferCBOR" enabled=false
W0605 15:10:44.965832       1 descheduler.go:333] failed to convert Descheduler minor version '' to float: strconv.ParseFloat: parsing "": invalid syntax
I0605 15:10:44.975378       1 reflector.go:367] "Starting reflector" type="*v1.Node" resyncPeriod="0s" reflector="k8s.io/client-go/informers/factory.go:161"
I0605 15:10:44.975406       1 reflector.go:411] "Listing and watching" type="*v1.Node" reflector="k8s.io/client-go/informers/factory.go:161"
I0605 15:10:44.975980       1 reflector.go:367] "Starting reflector" type="*v1.Pod" resyncPeriod="0s" reflector="k8s.io/client-go/informers/factory.go:161"
I0605 15:10:44.975993       1 reflector.go:411] "Listing and watching" type="*v1.Pod" reflector="k8s.io/client-go/informers/factory.go:161"
I0605 15:10:44.976247       1 reflector.go:367] "Starting reflector" type="*v1.PersistentVolumeClaim" resyncPeriod="0s" reflector="k8s.io/client-go/informers/factory.go:161"
I0605 15:10:44.976258       1 reflector.go:411] "Listing and watching" type="*v1.PersistentVolumeClaim" reflector="k8s.io/client-go/informers/factory.go:161"
I0605 15:10:44.983532       1 reflector.go:446] "Caches populated" type="*v1.PersistentVolumeClaim" reflector="k8s.io/client-go/informers/factory.go:161"
I0605 15:10:44.986829       1 reflector.go:446] "Caches populated" type="*v1.Node" reflector="k8s.io/client-go/informers/factory.go:161"
I0605 15:10:44.993662       1 reflector.go:446] "Caches populated" type="*v1.Pod" reflector="k8s.io/client-go/informers/factory.go:161"
I0605 15:10:45.075444       1 descheduler.go:235] Resetting pod evictor counters
I0605 15:10:45.075507       1 resourcedefragmentation.go:158] "Starting resource defragmentation balance pass" plugin="ResourceDefragmentation" ExtensionPoint="Balance" nodeCount=7
I0605 15:10:45.075546       1 resourcedefragmentation.go:165] "Skipping control-plane node" plugin="ResourceDefragmentation" ExtensionPoint="Balance" node="ip-172-31-84-108"
I0605 15:10:45.075577       1 resourcedefragmentation.go:199] "Node state" plugin="ResourceDefragmentation" ExtensionPoint="Balance" node="ip-172-31-1-245" avgUtilization=0.4554595390888653 minUtilization=0.11091907817773049 binScore=0.38318930863329786 usageSource="requests"
I0605 15:10:45.075602       1 resourcedefragmentation.go:199] "Node state" plugin="ResourceDefragmentation" ExtensionPoint="Balance" node="ip-172-31-16-198" avgUtilization=0.4554592720970537 minUtilization=0.11091854419410745 binScore=0.38318890814558054 usageSource="requests"
I0605 15:10:45.075623       1 resourcedefragmentation.go:199] "Node state" plugin="ResourceDefragmentation" ExtensionPoint="Balance" node="ip-172-31-19-34" avgUtilization=0.4554595390888653 minUtilization=0.11091907817773049 binScore=0.38318930863329786 usageSource="requests"
I0605 15:10:45.075681       1 resourcedefragmentation.go:199] "Node state" plugin="ResourceDefragmentation" ExtensionPoint="Balance" node="ip-172-31-3-39" avgUtilization=0.3765934912382053 minUtilization=0.1 binScore=0.41170325438089733 usageSource="requests"
I0605 15:10:45.075703       1 resourcedefragmentation.go:199] "Node state" plugin="ResourceDefragmentation" ExtensionPoint="Balance" node="ip-172-31-31-146" avgUtilization=0.3765934912382053 minUtilization=0.1 binScore=0.41170325438089733 usageSource="requests"
I0605 15:10:45.075736       1 resourcedefragmentation.go:199] "Node state" plugin="ResourceDefragmentation" ExtensionPoint="Balance" node="ip-172-31-6-144" avgUtilization=0.3765934912382053 minUtilization=0.1 binScore=0.41170325438089733 usageSource="requests"
I0605 15:10:45.075777       1 resourcedefragmentation.go:237] "Node is a drain candidate" plugin="ResourceDefragmentation" ExtensionPoint="Balance" node="ip-172-31-1-245" avgUtilization=0.4554595390888653 binScore=0.38318930863329786 imbalanceIndex=0.6890809218222695 freeSpaceIndex=0.1778161843644539 priority=3.15643298636318
I0605 15:10:45.075800       1 resourcedefragmentation.go:237] "Node is a drain candidate" plugin="ResourceDefragmentation" ExtensionPoint="Balance" node="ip-172-31-16-198" avgUtilization=0.4554592720970537 binScore=0.38318890814558054 imbalanceIndex=0.6890814558058926 freeSpaceIndex=0.17781629116117853 priority=3.1564315645282273
I0605 15:10:45.075817       1 resourcedefragmentation.go:237] "Node is a drain candidate" plugin="ResourceDefragmentation" ExtensionPoint="Balance" node="ip-172-31-19-34" avgUtilization=0.4554595390888653 binScore=0.38318930863329786 imbalanceIndex=0.6890809218222695 freeSpaceIndex=0.1778161843644539 priority=3.15643298636318
I0605 15:10:45.075838       1 resourcedefragmentation.go:237] "Node is a drain candidate" plugin="ResourceDefragmentation" ExtensionPoint="Balance" node="ip-172-31-3-39" avgUtilization=0.3765934912382053 binScore=0.41170325438089733 imbalanceIndex=-0.5531869824764106 freeSpaceIndex=0.3121317157712305 priority=1.878481330813836
I0605 15:10:45.075860       1 resourcedefragmentation.go:237] "Node is a drain candidate" plugin="ResourceDefragmentation" ExtensionPoint="Balance" node="ip-172-31-31-146" avgUtilization=0.3765934912382053 binScore=0.41170325438089733 imbalanceIndex=-0.5531869824764106 freeSpaceIndex=0.3121317157712305 priority=1.878481330813836
I0605 15:10:45.075884       1 resourcedefragmentation.go:237] "Node is a drain candidate" plugin="ResourceDefragmentation" ExtensionPoint="Balance" node="ip-172-31-6-144" avgUtilization=0.3765934912382053 binScore=0.41170325438089733 imbalanceIndex=-0.5531869824764106 freeSpaceIndex=0.3121317157712305 priority=1.878481330813836
I0605 15:10:45.075907       1 resourcedefragmentation.go:260] "Draining under-utilized node" plugin="ResourceDefragmentation" ExtensionPoint="Balance" node="ip-172-31-1-245" priority=3.15643298636318
I0605 15:10:45.075928       1 resourcedefragmentation.go:757] "Candidate score inputs" plugin="ResourceDefragmentation" pod="defrag-exp/s2-cpu-245-846fcd67f4-f54wq" originNode="ip-172-31-1-245" c1=0.09053265291139108 c2=-999.9 c3=0.3475783390060611 c4=0
I0605 15:10:45.075953       1 resourcedefragmentation.go:757] "Candidate score inputs" plugin="ResourceDefragmentation" pod="defrag-exp/s2-cpu-245-846fcd67f4-bs6lr" originNode="ip-172-31-1-245" c1=0.09053265291139108 c2=-999.9 c3=0.3475783390060611 c4=0
I0605 15:10:45.075973       1 resourcedefragmentation.go:274] "No feasible scheduler target within ceiling; leaving pod in place" plugin="ResourceDefragmentation" ExtensionPoint="Balance" pod="defrag-exp/s2-cpu-245-846fcd67f4-f54wq" originNode="ip-172-31-1-245"
I0605 15:10:45.075986       1 resourcedefragmentation.go:757] "Candidate score inputs" plugin="ResourceDefragmentation" pod="defrag-exp/s2-cpu-245-846fcd67f4-bs6lr" originNode="ip-172-31-1-245" c1=0.09053265291139108 c2=-999.9 c3=0.3475783390060611 c4=0
I0605 15:10:45.076002       1 resourcedefragmentation.go:274] "No feasible scheduler target within ceiling; leaving pod in place" plugin="ResourceDefragmentation" ExtensionPoint="Balance" pod="defrag-exp/s2-cpu-245-846fcd67f4-bs6lr" originNode="ip-172-31-1-245"
I0605 15:10:45.076015       1 resourcedefragmentation.go:260] "Draining under-utilized node" plugin="ResourceDefragmentation" ExtensionPoint="Balance" node="ip-172-31-19-34" priority=3.15643298636318
I0605 15:10:45.076027       1 resourcedefragmentation.go:757] "Candidate score inputs" plugin="ResourceDefragmentation" pod="defrag-exp/s2-cpu-34-6694c57846-jrrlt" originNode="ip-172-31-19-34" c1=0.09053265291139108 c2=-999.9 c3=0.3475783390060611 c4=0
I0605 15:10:45.076037       1 resourcedefragmentation.go:757] "Candidate score inputs" plugin="ResourceDefragmentation" pod="defrag-exp/s2-cpu-34-6694c57846-67znw" originNode="ip-172-31-19-34" c1=0.09053265291139108 c2=-999.9 c3=0.3475783390060611 c4=0
I0605 15:10:45.076051       1 resourcedefragmentation.go:274] "No feasible scheduler target within ceiling; leaving pod in place" plugin="ResourceDefragmentation" ExtensionPoint="Balance" pod="defrag-exp/s2-cpu-34-6694c57846-jrrlt" originNode="ip-172-31-19-34"
I0605 15:10:45.076061       1 resourcedefragmentation.go:757] "Candidate score inputs" plugin="ResourceDefragmentation" pod="defrag-exp/s2-cpu-34-6694c57846-67znw" originNode="ip-172-31-19-34" c1=0.09053265291139108 c2=-999.9 c3=0.3475783390060611 c4=0
I0605 15:10:45.076087       1 resourcedefragmentation.go:274] "No feasible scheduler target within ceiling; leaving pod in place" plugin="ResourceDefragmentation" ExtensionPoint="Balance" pod="defrag-exp/s2-cpu-34-6694c57846-67znw" originNode="ip-172-31-19-34"
I0605 15:10:45.076108       1 resourcedefragmentation.go:260] "Draining under-utilized node" plugin="ResourceDefragmentation" ExtensionPoint="Balance" node="ip-172-31-16-198" priority=3.1564315645282273
I0605 15:10:45.076122       1 resourcedefragmentation.go:757] "Candidate score inputs" plugin="ResourceDefragmentation" pod="defrag-exp/s2-cpu-198-7f87654f6f-s26tc" originNode="ip-172-31-16-198" c1=0.09053275373027483 c2=-999.9 c3=0.347578471018679 c4=0
I0605 15:10:45.076133       1 resourcedefragmentation.go:757] "Candidate score inputs" plugin="ResourceDefragmentation" pod="defrag-exp/s2-cpu-198-7f87654f6f-mdmg5" originNode="ip-172-31-16-198" c1=0.09053275373027483 c2=-999.9 c3=0.347578471018679 c4=0
I0605 15:10:45.076148       1 resourcedefragmentation.go:274] "No feasible scheduler target within ceiling; leaving pod in place" plugin="ResourceDefragmentation" ExtensionPoint="Balance" pod="defrag-exp/s2-cpu-198-7f87654f6f-s26tc" originNode="ip-172-31-16-198"
I0605 15:10:45.076162       1 resourcedefragmentation.go:757] "Candidate score inputs" plugin="ResourceDefragmentation" pod="defrag-exp/s2-cpu-198-7f87654f6f-mdmg5" originNode="ip-172-31-16-198" c1=0.09053275373027483 c2=-999.9 c3=0.347578471018679 c4=0
I0605 15:10:45.076178       1 resourcedefragmentation.go:274] "No feasible scheduler target within ceiling; leaving pod in place" plugin="ResourceDefragmentation" ExtensionPoint="Balance" pod="defrag-exp/s2-cpu-198-7f87654f6f-mdmg5" originNode="ip-172-31-16-198"
I0605 15:10:45.076190       1 resourcedefragmentation.go:260] "Draining under-utilized node" plugin="ResourceDefragmentation" ExtensionPoint="Balance" node="ip-172-31-3-39" priority=1.878481330813836
I0605 15:10:45.076210       1 resourcedefragmentation.go:757] "Candidate score inputs" plugin="ResourceDefragmentation" pod="defrag-exp/s2-mem-39-6c9ff4fc6d-4bqws" originNode="ip-172-31-3-39" c1=0.044306341926411016 c2=0.5987774649887588 c3=0.2822694011168881 c4=0
I0605 15:10:45.076223       1 resourcedefragmentation.go:757] "Candidate score inputs" plugin="ResourceDefragmentation" pod="defrag-exp/s2-mem-39-6c9ff4fc6d-4g2mk" originNode="ip-172-31-3-39" c1=0.044306341926411016 c2=0.5987774649887588 c3=0.2822694011168881 c4=0
I0605 15:10:45.076242       1 resourcedefragmentation.go:278] "Eviction decision" plugin="ResourceDefragmentation" ExtensionPoint="Balance" pod="defrag-exp/s2-mem-39-6c9ff4fc6d-4bqws" originNode="ip-172-31-3-39" predictedTarget="ip-172-31-19-34"
I0605 15:10:45.101748       1 evictions.go:558] "Evicted pod" pod="defrag-exp/s2-mem-39-6c9ff4fc6d-4bqws" reason="" strategy="ResourceDefragmentation" node="ip-172-31-3-39" profile="default"
I0605 15:10:45.101934       1 resourcedefragmentation.go:757] "Candidate score inputs" plugin="ResourceDefragmentation" pod="defrag-exp/s2-mem-39-6c9ff4fc6d-4g2mk" originNode="ip-172-31-3-39" c1=0.02261856723418035 c2=0.8143656213442199 c3=0.29705854034276913 c4=0
I0605 15:10:45.102017       1 resourcedefragmentation.go:278] "Eviction decision" plugin="ResourceDefragmentation" ExtensionPoint="Balance" pod="defrag-exp/s2-mem-39-6c9ff4fc6d-4g2mk" originNode="ip-172-31-3-39" predictedTarget="ip-172-31-19-34"
E0605 15:10:45.109561       1 event_broadcaster.go:270] "Server rejected event (will not retry!)" err="events.events.k8s.io is forbidden: User \"system:serviceaccount:kube-system:descheduler\" cannot create resource \"events\" in API group \"events.k8s.io\" in the namespace \"defrag-exp\"" event="&Event{ObjectMeta:{s2-mem-39-6c9ff4fc6d-4bqws.18b637f8f6b07175  defrag-exp    0 0001-01-01 00:00:00 +0000 UTC <nil> <nil> map[] map[] [] [] []},EventTime:2026-06-05 15:10:45.101770162 +0000 UTC m=+0.354178146,Series:nil,ReportingController:sigs.k8s.io.descheduler,ReportingInstance:sigs.k8s.io.descheduler-descheduler-job-8qc8s,Action:Descheduled,Reason:ResourceDefragmentation,Regarding:{Pod defrag-exp s2-mem-39-6c9ff4fc6d-4bqws 3b98f594-1432-4805-a765-4b3ca4b276c8 v1 213730 },Related:nil,Note:pod eviction from ip-172-31-3-39 node by sigs.k8s.io/descheduler,Type:Normal,DeprecatedSource:{ },DeprecatedFirstTimestamp:0001-01-01 00:00:00 +0000 UTC,DeprecatedLastTimestamp:0001-01-01 00:00:00 +0000 UTC,DeprecatedCount:0,}"
I0605 15:10:45.223619       1 evictions.go:558] "Evicted pod" pod="defrag-exp/s2-mem-39-6c9ff4fc6d-4g2mk" reason="" strategy="ResourceDefragmentation" node="ip-172-31-3-39" profile="default"
I0605 15:10:45.223719       1 resourcedefragmentation.go:260] "Draining under-utilized node" plugin="ResourceDefragmentation" ExtensionPoint="Balance" node="ip-172-31-31-146" priority=1.878481330813836
I0605 15:10:45.223753       1 resourcedefragmentation.go:757] "Candidate score inputs" plugin="ResourceDefragmentation" pod="defrag-exp/s2-mem-146-7ff7c4f86f-s689t" originNode="ip-172-31-31-146" c1=0.044306341926411016 c2=0.9066820741001065 c3=0.2822694011168881 c4=0
I0605 15:10:45.224008       1 resourcedefragmentation.go:757] "Candidate score inputs" plugin="ResourceDefragmentation" pod="defrag-exp/s2-mem-146-7ff7c4f86f-cjb9s" originNode="ip-172-31-31-146" c1=0.044306341926411016 c2=0.9066820741001065 c3=0.2822694011168881 c4=0
I0605 15:10:45.224110       1 resourcedefragmentation.go:278] "Eviction decision" plugin="ResourceDefragmentation" ExtensionPoint="Balance" pod="defrag-exp/s2-mem-146-7ff7c4f86f-s689t" originNode="ip-172-31-31-146" predictedTarget="ip-172-31-19-34"
E0605 15:10:45.230426       1 event_broadcaster.go:270] "Server rejected event (will not retry!)" err="events.events.k8s.io is forbidden: User \"system:serviceaccount:kube-system:descheduler\" cannot create resource \"events\" in API group \"events.k8s.io\" in the namespace \"defrag-exp\"" event="&Event{ObjectMeta:{s2-mem-39-6c9ff4fc6d-4g2mk.18b637f8fdf3f40c  defrag-exp    0 0001-01-01 00:00:00 +0000 UTC <nil> <nil> map[] map[] [] [] []},EventTime:2026-06-05 15:10:45.223639212 +0000 UTC m=+0.476047195,Series:nil,ReportingController:sigs.k8s.io.descheduler,ReportingInstance:sigs.k8s.io.descheduler-descheduler-job-8qc8s,Action:Descheduled,Reason:ResourceDefragmentation,Regarding:{Pod defrag-exp s2-mem-39-6c9ff4fc6d-4g2mk d6c33439-2a5c-4b25-91e1-5a39fca33547 v1 213736 },Related:nil,Note:pod eviction from ip-172-31-3-39 node by sigs.k8s.io/descheduler,Type:Normal,DeprecatedSource:{ },DeprecatedFirstTimestamp:0001-01-01 00:00:00 +0000 UTC,DeprecatedLastTimestamp:0001-01-01 00:00:00 +0000 UTC,DeprecatedCount:0,}"
I0605 15:10:45.300118       1 evictions.go:558] "Evicted pod" pod="defrag-exp/s2-mem-146-7ff7c4f86f-s689t" reason="" strategy="ResourceDefragmentation" node="ip-172-31-31-146" profile="default"
I0605 15:10:45.300184       1 resourcedefragmentation.go:757] "Candidate score inputs" plugin="ResourceDefragmentation" pod="defrag-exp/s2-mem-146-7ff7c4f86f-cjb9s" originNode="ip-172-31-31-146" c1=0.02261856723418035 c2=0.5987774649887588 c3=0.29705854034276913 c4=0
I0605 15:10:45.300211       1 resourcedefragmentation.go:278] "Eviction decision" plugin="ResourceDefragmentation" ExtensionPoint="Balance" pod="defrag-exp/s2-mem-146-7ff7c4f86f-cjb9s" originNode="ip-172-31-31-146" predictedTarget="ip-172-31-1-245"
E0605 15:10:45.305779       1 event_broadcaster.go:270] "Server rejected event (will not retry!)" err="events.events.k8s.io is forbidden: User \"system:serviceaccount:kube-system:descheduler\" cannot create resource \"events\" in API group \"events.k8s.io\" in the namespace \"defrag-exp\"" event="&Event{ObjectMeta:{s2-mem-146-7ff7c4f86f-s689t.18b637f902832ba0  defrag-exp    0 0001-01-01 00:00:00 +0000 UTC <nil> <nil> map[] map[] [] [] []},EventTime:2026-06-05 15:10:45.300136151 +0000 UTC m=+0.552544137,Series:nil,ReportingController:sigs.k8s.io.descheduler,ReportingInstance:sigs.k8s.io.descheduler-descheduler-job-8qc8s,Action:Descheduled,Reason:ResourceDefragmentation,Regarding:{Pod defrag-exp s2-mem-146-7ff7c4f86f-s689t 604e4389-6e87-4e95-97ba-cf84ee2888a0 v1 213774 },Related:nil,Note:pod eviction from ip-172-31-31-146 node by sigs.k8s.io/descheduler,Type:Normal,DeprecatedSource:{ },DeprecatedFirstTimestamp:0001-01-01 00:00:00 +0000 UTC,DeprecatedLastTimestamp:0001-01-01 00:00:00 +0000 UTC,DeprecatedCount:0,}"
I0605 15:10:45.401356       1 evictions.go:558] "Evicted pod" pod="defrag-exp/s2-mem-146-7ff7c4f86f-cjb9s" reason="" strategy="ResourceDefragmentation" node="ip-172-31-31-146" profile="default"
I0605 15:10:45.401577       1 resourcedefragmentation.go:260] "Draining under-utilized node" plugin="ResourceDefragmentation" ExtensionPoint="Balance" node="ip-172-31-6-144" priority=1.878481330813836
I0605 15:10:45.401611       1 resourcedefragmentation.go:757] "Candidate score inputs" plugin="ResourceDefragmentation" pod="defrag-exp/s2-mem-144-769fd78487-sd4m5" originNode="ip-172-31-6-144" c1=0.044306341926411016 c2=0.8143656213442199 c3=0.2822694011168881 c4=0
I0605 15:10:45.401629       1 resourcedefragmentation.go:757] "Candidate score inputs" plugin="ResourceDefragmentation" pod="defrag-exp/s2-mem-144-769fd78487-d4mx6" originNode="ip-172-31-6-144" c1=0.044306341926411016 c2=0.8143656213442199 c3=0.2822694011168881 c4=0
I0605 15:10:45.401648       1 resourcedefragmentation.go:278] "Eviction decision" plugin="ResourceDefragmentation" ExtensionPoint="Balance" pod="defrag-exp/s2-mem-144-769fd78487-sd4m5" originNode="ip-172-31-6-144" predictedTarget="ip-172-31-1-245"
E0605 15:10:45.404982       1 event_broadcaster.go:270] "Server rejected event (will not retry!)" err="events.events.k8s.io is forbidden: User \"system:serviceaccount:kube-system:descheduler\" cannot create resource \"events\" in API group \"events.k8s.io\" in the namespace \"defrag-exp\"" event="&Event{ObjectMeta:{s2-mem-146-7ff7c4f86f-cjb9s.18b637f9088e190d  defrag-exp    0 0001-01-01 00:00:00 +0000 UTC <nil> <nil> map[] map[] [] [] []},EventTime:2026-06-05 15:10:45.40151337 +0000 UTC m=+0.653921352,Series:nil,ReportingController:sigs.k8s.io.descheduler,ReportingInstance:sigs.k8s.io.descheduler-descheduler-job-8qc8s,Action:Descheduled,Reason:ResourceDefragmentation,Regarding:{Pod defrag-exp s2-mem-146-7ff7c4f86f-cjb9s 6b1b6ad6-2884-4dd3-b38b-dac8b2a678c9 v1 213779 },Related:nil,Note:pod eviction from ip-172-31-31-146 node by sigs.k8s.io/descheduler,Type:Normal,DeprecatedSource:{ },DeprecatedFirstTimestamp:0001-01-01 00:00:00 +0000 UTC,DeprecatedLastTimestamp:0001-01-01 00:00:00 +0000 UTC,DeprecatedCount:0,}"
I0605 15:10:45.516475       1 evictions.go:558] "Evicted pod" pod="defrag-exp/s2-mem-144-769fd78487-sd4m5" reason="" strategy="ResourceDefragmentation" node="ip-172-31-6-144" profile="default"
I0605 15:10:45.516633       1 resourcedefragmentation.go:757] "Candidate score inputs" plugin="ResourceDefragmentation" pod="defrag-exp/s2-mem-144-769fd78487-d4mx6" originNode="ip-172-31-6-144" c1=0.02261856723418035 c2=0.9066820741001065 c3=0.29705854034276913 c4=0
I0605 15:10:45.516676       1 resourcedefragmentation.go:278] "Eviction decision" plugin="ResourceDefragmentation" ExtensionPoint="Balance" pod="defrag-exp/s2-mem-144-769fd78487-d4mx6" originNode="ip-172-31-6-144" predictedTarget="ip-172-31-1-245"
E0605 15:10:45.521020       1 event_broadcaster.go:270] "Server rejected event (will not retry!)" err="events.events.k8s.io is forbidden: User \"system:serviceaccount:kube-system:descheduler\" cannot create resource \"events\" in API group \"events.k8s.io\" in the namespace \"defrag-exp\"" event="&Event{ObjectMeta:{s2-mem-144-769fd78487-sd4m5.18b637f90f69419b  defrag-exp    0 0001-01-01 00:00:00 +0000 UTC <nil> <nil> map[] map[] [] [] []},EventTime:2026-06-05 15:10:45.516511858 +0000 UTC m=+0.768919839,Series:nil,ReportingController:sigs.k8s.io.descheduler,ReportingInstance:sigs.k8s.io.descheduler-descheduler-job-8qc8s,Action:Descheduled,Reason:ResourceDefragmentation,Regarding:{Pod defrag-exp s2-mem-144-769fd78487-sd4m5 889adeb5-6861-442d-9335-2eaefd3d48b5 v1 213815 },Related:nil,Note:pod eviction from ip-172-31-6-144 node by sigs.k8s.io/descheduler,Type:Normal,DeprecatedSource:{ },DeprecatedFirstTimestamp:0001-01-01 00:00:00 +0000 UTC,DeprecatedLastTimestamp:0001-01-01 00:00:00 +0000 UTC,DeprecatedCount:0,}"
I0605 15:10:45.623454       1 evictions.go:558] "Evicted pod" pod="defrag-exp/s2-mem-144-769fd78487-d4mx6" reason="" strategy="ResourceDefragmentation" node="ip-172-31-6-144" profile="default"
I0605 15:10:45.623658       1 profile.go:425] "Total number of evictions/requests" extension point="Balance" evictedPods=6 evictionRequests=0
I0605 15:10:45.623749       1 descheduler.go:252] "Number of evictions/requests" totalEvicted=6 evictionRequests=0
E0605 15:10:45.624895       1 event_broadcaster.go:279] "Unable to write event (may retry after sleeping)" err="client rate limiter Wait returned an error: context canceled"
I0605 15:10:45.632771       1 reflector.go:373] "Stopping reflector" type="*v1.Pod" resyncPeriod="0s" reflector="k8s.io/client-go/informers/factory.go:161"
I0605 15:10:45.633082       1 reflector.go:373] "Stopping reflector" type="*v1.Node" resyncPeriod="0s" reflector="k8s.io/client-go/informers/factory.go:161"
I0605 15:10:45.633828       1 reflector.go:373] "Stopping reflector" type="*v1.PersistentVolumeClaim" resyncPeriod="0s" reflector="k8s.io/client-go/informers/factory.go:161"
I0605 15:10:45.634640       1 tlsconfig.go:258] "Shutting down DynamicServingCertificateController"
I0605 15:10:45.634785       1 secure_serving.go:259] Stopped listening on [::]:10258
