I0607 02:14:35.056096       1 feature_gate.go:466] feature gates: {map[]}
I0607 02:14:35.336599       1 secure_serving.go:57] Forcing use of http/1.1 only
I0607 02:14:35.337047       1 named_certificates.go:53] "Loaded SNI cert" index=0 certName="self-signed loopback" certDetail="\"apiserver-loopback-client@1780798475\" [serving] validServingFor=[apiserver-loopback-client] issuer=\"apiserver-loopback-client-ca@1780798475\" (2026-06-07 01:14:35 +0000 UTC to 2029-06-07 01:14:35 +0000 UTC (now=2026-06-07 02:14:35.337009878 +0000 UTC))"
I0607 02:14:35.337088       1 secure_serving.go:211] Serving securely on [::]:10258
I0607 02:14:35.337105       1 tracing.go:88] Did not find a trace collector endpoint defined. Switching to NoopTraceProvider
I0607 02:14:35.337123       1 tlsconfig.go:243] "Starting DynamicServingCertificateController"
I0607 02:14:35.337481       1 envvar.go:172] "Feature gate default state" feature="ClientsPreferCBOR" enabled=false
I0607 02:14:35.337557       1 envvar.go:172] "Feature gate default state" feature="InOrderInformers" enabled=true
I0607 02:14:35.337567       1 envvar.go:172] "Feature gate default state" feature="InOrderInformersBatchProcess" enabled=true
I0607 02:14:35.337576       1 envvar.go:172] "Feature gate default state" feature="InformerResourceVersion" enabled=true
I0607 02:14:35.337590       1 envvar.go:172] "Feature gate default state" feature="WatchListClient" enabled=true
I0607 02:14:35.337596       1 envvar.go:172] "Feature gate default state" feature="ClientsAllowCBOR" enabled=false
W0607 02:14:35.347063       1 descheduler.go:333] failed to convert Descheduler minor version '' to float: strconv.ParseFloat: parsing "": invalid syntax
I0607 02:14:35.356476       1 reflector.go:367] "Starting reflector" type="*v1.Pod" resyncPeriod="0s" reflector="k8s.io/client-go/informers/factory.go:161"
I0607 02:14:35.356562       1 reflector.go:411] "Listing and watching" type="*v1.Pod" reflector="k8s.io/client-go/informers/factory.go:161"
I0607 02:14:35.356651       1 reflector.go:367] "Starting reflector" type="*v1.Node" resyncPeriod="0s" reflector="k8s.io/client-go/informers/factory.go:161"
I0607 02:14:35.356669       1 reflector.go:411] "Listing and watching" type="*v1.Node" reflector="k8s.io/client-go/informers/factory.go:161"
I0607 02:14:35.356475       1 reflector.go:367] "Starting reflector" type="*v1.PersistentVolumeClaim" resyncPeriod="0s" reflector="k8s.io/client-go/informers/factory.go:161"
I0607 02:14:35.357020       1 reflector.go:411] "Listing and watching" type="*v1.PersistentVolumeClaim" reflector="k8s.io/client-go/informers/factory.go:161"
I0607 02:14:35.361469       1 reflector.go:446] "Caches populated" type="*v1.Node" reflector="k8s.io/client-go/informers/factory.go:161"
I0607 02:14:35.362196       1 reflector.go:446] "Caches populated" type="*v1.PersistentVolumeClaim" reflector="k8s.io/client-go/informers/factory.go:161"
I0607 02:14:35.365727       1 reflector.go:446] "Caches populated" type="*v1.Pod" reflector="k8s.io/client-go/informers/factory.go:161"
I0607 02:14:35.456794       1 descheduler.go:235] Resetting pod evictor counters
I0607 02:14:35.456875       1 resourcedefragmentation.go:178] "Starting resource defragmentation balance pass" plugin="ResourceDefragmentation" ExtensionPoint="Balance" nodeCount=7
I0607 02:14:35.457059       1 resourcedefragmentation.go:219] "Node state" plugin="ResourceDefragmentation" ExtensionPoint="Balance" node="ip-172-31-31-146" avgUtilization=0.8445735825803128 minUtilization=0.84 binScore=0.9177132087098436 usageSource="requests"
I0607 02:14:35.457137       1 resourcedefragmentation.go:219] "Node state" plugin="ResourceDefragmentation" ExtensionPoint="Balance" node="ip-172-31-6-144" avgUtilization=0.05581634421856492 minUtilization=0.05 binScore=0.5220918278907175 usageSource="requests"
I0607 02:14:35.457176       1 resourcedefragmentation.go:185] "Skipping control-plane node" plugin="ResourceDefragmentation" ExtensionPoint="Balance" node="ip-172-31-84-108"
I0607 02:14:35.457256       1 resourcedefragmentation.go:219] "Node state" plugin="ResourceDefragmentation" ExtensionPoint="Balance" node="ip-172-31-1-245" avgUtilization=0.7112352238748477 minUtilization=0.71 binScore=0.854382388062576 usageSource="requests"
I0607 02:14:35.457316       1 resourcedefragmentation.go:219] "Node state" plugin="ResourceDefragmentation" ExtensionPoint="Balance" node="ip-172-31-16-198" avgUtilization=0.7130705905574357 minUtilization=0.44614118111487155 binScore=0.5896058858361537 usageSource="requests"
I0607 02:14:35.457383       1 resourcedefragmentation.go:219] "Node state" plugin="ResourceDefragmentation" ExtensionPoint="Balance" node="ip-172-31-19-34" avgUtilization=0.055810855049369584 minUtilization=0.05 binScore=0.5220945724753152 usageSource="requests"
I0607 02:14:35.457430       1 resourcedefragmentation.go:219] "Node state" plugin="ResourceDefragmentation" ExtensionPoint="Balance" node="ip-172-31-3-39" avgUtilization=0.3815934912382053 minUtilization=0.11 binScore=0.41920325438089734 usageSource="requests"
I0607 02:14:35.457548       1 resourcedefragmentation.go:257] "Node is a drain candidate" plugin="ResourceDefragmentation" ExtensionPoint="Balance" node="ip-172-31-3-39" avgUtilization=0.3815934912382053 binScore=0.41920325438089734 imbalanceIndex=-0.5431869824764106 freeSpaceIndex=0.3086635855959946 priority=1.8914800705785173
I0607 02:14:35.457576       1 resourcedefragmentation.go:280] "Draining under-utilized node" plugin="ResourceDefragmentation" ExtensionPoint="Balance" node="ip-172-31-3-39" priority=1.8914800705785173
I0607 02:14:35.457595       1 resourcedefragmentation.go:867] "Candidate score inputs" plugin="ResourceDefragmentation" pod="defrag-exp/s4-mem-39-5d5899dbd4-q7b42" originNode="ip-172-31-3-39" c1=0.04270208627541747 c2=-999.9 c3=0.2825245522819179 c4=0
I0607 02:14:35.457610       1 resourcedefragmentation.go:867] "Candidate score inputs" plugin="ResourceDefragmentation" pod="defrag-exp/s4-mem-39-5d5899dbd4-mcc2t" originNode="ip-172-31-3-39" c1=0.04270208627541747 c2=-999.9 c3=0.2825245522819179 c4=0
I0607 02:14:35.457627       1 resourcedefragmentation.go:294] "No feasible scheduler target within ceiling; leaving pod in place" plugin="ResourceDefragmentation" ExtensionPoint="Balance" pod="defrag-exp/s4-mem-39-5d5899dbd4-q7b42" originNode="ip-172-31-3-39"
I0607 02:14:35.457638       1 resourcedefragmentation.go:867] "Candidate score inputs" plugin="ResourceDefragmentation" pod="defrag-exp/s4-mem-39-5d5899dbd4-mcc2t" originNode="ip-172-31-3-39" c1=0.04270208627541747 c2=-999.9 c3=0.2825245522819179 c4=0
I0607 02:14:35.457649       1 resourcedefragmentation.go:294] "No feasible scheduler target within ceiling; leaving pod in place" plugin="ResourceDefragmentation" ExtensionPoint="Balance" pod="defrag-exp/s4-mem-39-5d5899dbd4-mcc2t" originNode="ip-172-31-3-39"
I0607 02:14:35.457690       1 profile.go:425] "Total number of evictions/requests" extension point="Balance" evictedPods=0 evictionRequests=0
I0607 02:14:35.457710       1 descheduler.go:252] "Number of evictions/requests" totalEvicted=0 evictionRequests=0
I0607 02:14:35.457936       1 reflector.go:373] "Stopping reflector" type="*v1.Pod" resyncPeriod="0s" reflector="k8s.io/client-go/informers/factory.go:161"
I0607 02:14:35.457975       1 reflector.go:373] "Stopping reflector" type="*v1.PersistentVolumeClaim" resyncPeriod="0s" reflector="k8s.io/client-go/informers/factory.go:161"
I0607 02:14:35.457998       1 reflector.go:373] "Stopping reflector" type="*v1.Node" resyncPeriod="0s" reflector="k8s.io/client-go/informers/factory.go:161"
I0607 02:14:35.458168       1 tlsconfig.go:258] "Shutting down DynamicServingCertificateController"
I0607 02:14:35.458266       1 secure_serving.go:259] Stopped listening on [::]:10258
