I0607 10:17:13.798205       1 feature_gate.go:466] feature gates: {map[]}
I0607 10:17:14.114346       1 secure_serving.go:57] Forcing use of http/1.1 only
I0607 10:17:14.118435       1 named_certificates.go:53] "Loaded SNI cert" index=0 certName="self-signed loopback" certDetail="\"apiserver-loopback-client@1780827434\" [serving] validServingFor=[apiserver-loopback-client] issuer=\"apiserver-loopback-client-ca@1780827433\" (2026-06-07 09:17:13 +0000 UTC to 2029-06-07 09:17:13 +0000 UTC (now=2026-06-07 10:17:14.115786356 +0000 UTC))"
I0607 10:17:14.118510       1 secure_serving.go:211] Serving securely on [::]:10258
I0607 10:17:14.119298       1 tlsconfig.go:243] "Starting DynamicServingCertificateController"
I0607 10:17:14.120428       1 tracing.go:88] Did not find a trace collector endpoint defined. Switching to NoopTraceProvider
I0607 10:17:14.128833       1 envvar.go:172] "Feature gate default state" feature="InformerResourceVersion" enabled=true
I0607 10:17:14.128886       1 envvar.go:172] "Feature gate default state" feature="WatchListClient" enabled=true
I0607 10:17:14.128916       1 envvar.go:172] "Feature gate default state" feature="ClientsAllowCBOR" enabled=false
I0607 10:17:14.128922       1 envvar.go:172] "Feature gate default state" feature="ClientsPreferCBOR" enabled=false
I0607 10:17:14.128928       1 envvar.go:172] "Feature gate default state" feature="InOrderInformers" enabled=true
I0607 10:17:14.128933       1 envvar.go:172] "Feature gate default state" feature="InOrderInformersBatchProcess" enabled=true
W0607 10:17:14.178220       1 descheduler.go:333] failed to convert Descheduler minor version '' to float: strconv.ParseFloat: parsing "": invalid syntax
I0607 10:17:14.199161       1 reflector.go:367] "Starting reflector" type="*v1.Pod" resyncPeriod="0s" reflector="k8s.io/client-go/informers/factory.go:161"
I0607 10:17:14.199253       1 reflector.go:367] "Starting reflector" type="*v1.PersistentVolumeClaim" resyncPeriod="0s" reflector="k8s.io/client-go/informers/factory.go:161"
I0607 10:17:14.199266       1 reflector.go:411] "Listing and watching" type="*v1.Pod" reflector="k8s.io/client-go/informers/factory.go:161"
I0607 10:17:14.199179       1 reflector.go:367] "Starting reflector" type="*v1.Node" resyncPeriod="0s" reflector="k8s.io/client-go/informers/factory.go:161"
I0607 10:17:14.199303       1 reflector.go:411] "Listing and watching" type="*v1.Node" reflector="k8s.io/client-go/informers/factory.go:161"
I0607 10:17:14.199267       1 reflector.go:411] "Listing and watching" type="*v1.PersistentVolumeClaim" reflector="k8s.io/client-go/informers/factory.go:161"
I0607 10:17:14.208040       1 reflector.go:446] "Caches populated" type="*v1.PersistentVolumeClaim" reflector="k8s.io/client-go/informers/factory.go:161"
I0607 10:17:14.213318       1 reflector.go:446] "Caches populated" type="*v1.Node" reflector="k8s.io/client-go/informers/factory.go:161"
I0607 10:17:14.223271       1 reflector.go:446] "Caches populated" type="*v1.Pod" reflector="k8s.io/client-go/informers/factory.go:161"
I0607 10:17:14.299716       1 descheduler.go:235] Resetting pod evictor counters
I0607 10:17:14.299937       1 resourcedefragmentationc2.go:129] "Starting ResourceDefragmentationC2 balance pass" plugin="ResourceDefragmentationC2" ExtensionPoint="Balance" nodeCount=7
I0607 10:17:14.300185       1 resourcedefragmentationc2.go:205] "Eviction decision" plugin="ResourceDefragmentationC2" ExtensionPoint="Balance" pod="defrag-exp/s1-fill-245-7659c95b6c-4v695" originNode="ip-172-31-1-245" predictedTarget="ip-172-31-31-146"
I0607 10:17:14.329854       1 evictions.go:558] "Evicted pod" pod="defrag-exp/s1-fill-245-7659c95b6c-4v695" reason="" strategy="ResourceDefragmentationC2" node="ip-172-31-1-245" profile="default"
I0607 10:17:14.331480       1 resourcedefragmentationc2.go:205] "Eviction decision" plugin="ResourceDefragmentationC2" ExtensionPoint="Balance" pod="defrag-exp/s1-fill-245-7659c95b6c-gznv4" originNode="ip-172-31-1-245" predictedTarget="ip-172-31-31-146"
E0607 10:17:14.340160       1 event_broadcaster.go:270] "Server rejected event (will not retry!)" err="events.events.k8s.io is forbidden: User \"system:serviceaccount:kube-system:descheduler\" cannot create resource \"events\" in API group \"events.k8s.io\" in the namespace \"defrag-exp\"" event="&Event{ObjectMeta:{s1-fill-245-7659c95b6c-4v695.18b6c51dc598332d  defrag-exp    0 0001-01-01 00:00:00 +0000 UTC <nil> <nil> map[] map[] [] [] []},EventTime:2026-06-07 10:17:14.329966117 +0000 UTC m=+0.797894232,Series:nil,ReportingController:sigs.k8s.io.descheduler,ReportingInstance:sigs.k8s.io.descheduler-descheduler-job-q5br4,Action:Descheduled,Reason:ResourceDefragmentationC2,Regarding:{Pod defrag-exp s1-fill-245-7659c95b6c-4v695 c04ca138-850b-4d8b-ac31-0b8e8c456b79 v1 427744 },Related:nil,Note:pod eviction from ip-172-31-1-245 node by sigs.k8s.io/descheduler,Type:Normal,DeprecatedSource:{ },DeprecatedFirstTimestamp:0001-01-01 00:00:00 +0000 UTC,DeprecatedLastTimestamp:0001-01-01 00:00:00 +0000 UTC,DeprecatedCount:0,}"
I0607 10:17:14.429402       1 evictions.go:558] "Evicted pod" pod="defrag-exp/s1-fill-245-7659c95b6c-gznv4" reason="" strategy="ResourceDefragmentationC2" node="ip-172-31-1-245" profile="default"
I0607 10:17:14.432851       1 resourcedefragmentationc2.go:205] "Eviction decision" plugin="ResourceDefragmentationC2" ExtensionPoint="Balance" pod="defrag-exp/s1-fill-144-75b6ddcffc-gbfwf" originNode="ip-172-31-6-144" predictedTarget="ip-172-31-31-146"
E0607 10:17:14.456279       1 event_broadcaster.go:270] "Server rejected event (will not retry!)" err="events.events.k8s.io is forbidden: User \"system:serviceaccount:kube-system:descheduler\" cannot create resource \"events\" in API group \"events.k8s.io\" in the namespace \"defrag-exp\"" event="&Event{ObjectMeta:{s1-fill-245-7659c95b6c-gznv4.18b6c51dcba32716  defrag-exp    0 0001-01-01 00:00:00 +0000 UTC <nil> <nil> map[] map[] [] [] []},EventTime:2026-06-07 10:17:14.432789638 +0000 UTC m=+0.900717762,Series:nil,ReportingController:sigs.k8s.io.descheduler,ReportingInstance:sigs.k8s.io.descheduler-descheduler-job-q5br4,Action:Descheduled,Reason:ResourceDefragmentationC2,Regarding:{Pod defrag-exp s1-fill-245-7659c95b6c-gznv4 adcf2bd2-f95b-4545-9d82-d9eda4b5c90c v1 427748 },Related:nil,Note:pod eviction from ip-172-31-1-245 node by sigs.k8s.io/descheduler,Type:Normal,DeprecatedSource:{ },DeprecatedFirstTimestamp:0001-01-01 00:00:00 +0000 UTC,DeprecatedLastTimestamp:0001-01-01 00:00:00 +0000 UTC,DeprecatedCount:0,}"
I0607 10:17:14.528407       1 evictions.go:558] "Evicted pod" pod="defrag-exp/s1-fill-144-75b6ddcffc-gbfwf" reason="" strategy="ResourceDefragmentationC2" node="ip-172-31-6-144" profile="default"
I0607 10:17:14.529925       1 resourcedefragmentationc2.go:205] "Eviction decision" plugin="ResourceDefragmentationC2" ExtensionPoint="Balance" pod="defrag-exp/s1-fill-144-75b6ddcffc-c7xvr" originNode="ip-172-31-6-144" predictedTarget="ip-172-31-31-146"
E0607 10:17:14.534354       1 event_broadcaster.go:270] "Server rejected event (will not retry!)" err="events.events.k8s.io is forbidden: User \"system:serviceaccount:kube-system:descheduler\" cannot create resource \"events\" in API group \"events.k8s.io\" in the namespace \"defrag-exp\"" event="&Event{ObjectMeta:{s1-fill-144-75b6ddcffc-gbfwf.18b6c51dd16abea0  defrag-exp    0 0001-01-01 00:00:00 +0000 UTC <nil> <nil> map[] map[] [] [] []},EventTime:2026-06-07 10:17:14.529756907 +0000 UTC m=+0.997685023,Series:nil,ReportingController:sigs.k8s.io.descheduler,ReportingInstance:sigs.k8s.io.descheduler-descheduler-job-q5br4,Action:Descheduled,Reason:ResourceDefragmentationC2,Regarding:{Pod defrag-exp s1-fill-144-75b6ddcffc-gbfwf 0c891c74-fe7b-4710-8410-a66e0322e77f v1 427942 },Related:nil,Note:pod eviction from ip-172-31-6-144 node by sigs.k8s.io/descheduler,Type:Normal,DeprecatedSource:{ },DeprecatedFirstTimestamp:0001-01-01 00:00:00 +0000 UTC,DeprecatedLastTimestamp:0001-01-01 00:00:00 +0000 UTC,DeprecatedCount:0,}"
I0607 10:17:14.624933       1 evictions.go:558] "Evicted pod" pod="defrag-exp/s1-fill-144-75b6ddcffc-c7xvr" reason="" strategy="ResourceDefragmentationC2" node="ip-172-31-6-144" profile="default"
I0607 10:17:14.625757       1 resourcedefragmentationc2.go:205] "Eviction decision" plugin="ResourceDefragmentationC2" ExtensionPoint="Balance" pod="defrag-exp/s1-fill-39-7d47c6f544-xr62s" originNode="ip-172-31-3-39" predictedTarget="ip-172-31-19-34"
E0607 10:17:14.630540       1 event_broadcaster.go:270] "Server rejected event (will not retry!)" err="events.events.k8s.io is forbidden: User \"system:serviceaccount:kube-system:descheduler\" cannot create resource \"events\" in API group \"events.k8s.io\" in the namespace \"defrag-exp\"" event="&Event{ObjectMeta:{s1-fill-144-75b6ddcffc-c7xvr.18b6c51dd7224cc1  defrag-exp    0 0001-01-01 00:00:00 +0000 UTC <nil> <nil> map[] map[] [] [] []},EventTime:2026-06-07 10:17:14.625672536 +0000 UTC m=+1.093600649,Series:nil,ReportingController:sigs.k8s.io.descheduler,ReportingInstance:sigs.k8s.io.descheduler-descheduler-job-q5br4,Action:Descheduled,Reason:ResourceDefragmentationC2,Regarding:{Pod defrag-exp s1-fill-144-75b6ddcffc-c7xvr c6b7250e-e613-4fdb-a14e-427395cab85a v1 427944 },Related:nil,Note:pod eviction from ip-172-31-6-144 node by sigs.k8s.io/descheduler,Type:Normal,DeprecatedSource:{ },DeprecatedFirstTimestamp:0001-01-01 00:00:00 +0000 UTC,DeprecatedLastTimestamp:0001-01-01 00:00:00 +0000 UTC,DeprecatedCount:0,}"
I0607 10:17:14.728740       1 evictions.go:558] "Evicted pod" pod="defrag-exp/s1-fill-39-7d47c6f544-xr62s" reason="" strategy="ResourceDefragmentationC2" node="ip-172-31-3-39" profile="default"
I0607 10:17:14.728898       1 resourcedefragmentationc2.go:205] "Eviction decision" plugin="ResourceDefragmentationC2" ExtensionPoint="Balance" pod="defrag-exp/s1-fill-39-7d47c6f544-fz887" originNode="ip-172-31-3-39" predictedTarget="ip-172-31-19-34"
E0607 10:17:14.733352       1 event_broadcaster.go:270] "Server rejected event (will not retry!)" err="events.events.k8s.io is forbidden: User \"system:serviceaccount:kube-system:descheduler\" cannot create resource \"events\" in API group \"events.k8s.io\" in the namespace \"defrag-exp\"" event="&Event{ObjectMeta:{s1-fill-39-7d47c6f544-xr62s.18b6c51ddd4809b6  defrag-exp    0 0001-01-01 00:00:00 +0000 UTC <nil> <nil> map[] map[] [] [] []},EventTime:2026-06-07 10:17:14.728810963 +0000 UTC m=+1.196739075,Series:nil,ReportingController:sigs.k8s.io.descheduler,ReportingInstance:sigs.k8s.io.descheduler-descheduler-job-q5br4,Action:Descheduled,Reason:ResourceDefragmentationC2,Regarding:{Pod defrag-exp s1-fill-39-7d47c6f544-xr62s bddabd3b-b787-46ca-a076-fd27856969f4 v1 427861 },Related:nil,Note:pod eviction from ip-172-31-3-39 node by sigs.k8s.io/descheduler,Type:Normal,DeprecatedSource:{ },DeprecatedFirstTimestamp:0001-01-01 00:00:00 +0000 UTC,DeprecatedLastTimestamp:0001-01-01 00:00:00 +0000 UTC,DeprecatedCount:0,}"
I0607 10:17:14.828354       1 evictions.go:558] "Evicted pod" pod="defrag-exp/s1-fill-39-7d47c6f544-fz887" reason="" strategy="ResourceDefragmentationC2" node="ip-172-31-3-39" profile="default"
I0607 10:17:14.828429       1 resourcedefragmentationc2.go:205] "Eviction decision" plugin="ResourceDefragmentationC2" ExtensionPoint="Balance" pod="defrag-exp/s1-fill-198-6f65649bd4-t8zjr" originNode="ip-172-31-16-198" predictedTarget="ip-172-31-19-34"
E0607 10:17:14.831859       1 event_broadcaster.go:270] "Server rejected event (will not retry!)" err="events.events.k8s.io is forbidden: User \"system:serviceaccount:kube-system:descheduler\" cannot create resource \"events\" in API group \"events.k8s.io\" in the namespace \"defrag-exp\"" event="&Event{ObjectMeta:{s1-fill-39-7d47c6f544-fz887.18b6c51de3375799  defrag-exp    0 0001-01-01 00:00:00 +0000 UTC <nil> <nil> map[] map[] [] [] []},EventTime:2026-06-07 10:17:14.828378302 +0000 UTC m=+1.296306413,Series:nil,ReportingController:sigs.k8s.io.descheduler,ReportingInstance:sigs.k8s.io.descheduler-descheduler-job-q5br4,Action:Descheduled,Reason:ResourceDefragmentationC2,Regarding:{Pod defrag-exp s1-fill-39-7d47c6f544-fz887 65f1d889-d941-490c-b26a-510892640944 v1 427865 },Related:nil,Note:pod eviction from ip-172-31-3-39 node by sigs.k8s.io/descheduler,Type:Normal,DeprecatedSource:{ },DeprecatedFirstTimestamp:0001-01-01 00:00:00 +0000 UTC,DeprecatedLastTimestamp:0001-01-01 00:00:00 +0000 UTC,DeprecatedCount:0,}"
I0607 10:17:14.927232       1 evictions.go:558] "Evicted pod" pod="defrag-exp/s1-fill-198-6f65649bd4-t8zjr" reason="" strategy="ResourceDefragmentationC2" node="ip-172-31-16-198" profile="default"
I0607 10:17:14.927383       1 resourcedefragmentationc2.go:205] "Eviction decision" plugin="ResourceDefragmentationC2" ExtensionPoint="Balance" pod="defrag-exp/s1-fill-198-6f65649bd4-xrm86" originNode="ip-172-31-16-198" predictedTarget="ip-172-31-19-34"
E0607 10:17:14.931349       1 event_broadcaster.go:270] "Server rejected event (will not retry!)" err="events.events.k8s.io is forbidden: User \"system:serviceaccount:kube-system:descheduler\" cannot create resource \"events\" in API group \"events.k8s.io\" in the namespace \"defrag-exp\"" event="&Event{ObjectMeta:{s1-fill-198-6f65649bd4-t8zjr.18b6c51de91c124e  defrag-exp    0 0001-01-01 00:00:00 +0000 UTC <nil> <nil> map[] map[] [] [] []},EventTime:2026-06-07 10:17:14.92725646 +0000 UTC m=+1.395184575,Series:nil,ReportingController:sigs.k8s.io.descheduler,ReportingInstance:sigs.k8s.io.descheduler-descheduler-job-q5br4,Action:Descheduled,Reason:ResourceDefragmentationC2,Regarding:{Pod defrag-exp s1-fill-198-6f65649bd4-t8zjr ec80114e-e69a-44bd-b877-71f96cd744a7 v1 427785 },Related:nil,Note:pod eviction from ip-172-31-16-198 node by sigs.k8s.io/descheduler,Type:Normal,DeprecatedSource:{ },DeprecatedFirstTimestamp:0001-01-01 00:00:00 +0000 UTC,DeprecatedLastTimestamp:0001-01-01 00:00:00 +0000 UTC,DeprecatedCount:0,}"
I0607 10:17:15.033190       1 evictions.go:558] "Evicted pod" pod="defrag-exp/s1-fill-198-6f65649bd4-xrm86" reason="" strategy="ResourceDefragmentationC2" node="ip-172-31-16-198" profile="default"
I0607 10:17:15.071680       1 profile.go:425] "Total number of evictions/requests" extension point="Balance" evictedPods=8 evictionRequests=0
I0607 10:17:15.072256       1 descheduler.go:252] "Number of evictions/requests" totalEvicted=8 evictionRequests=0
I0607 10:17:15.088211       1 reflector.go:373] "Stopping reflector" type="*v1.Pod" resyncPeriod="0s" reflector="k8s.io/client-go/informers/factory.go:161"
E0607 10:17:15.088894       1 event_broadcaster.go:279] "Unable to write event (may retry after sleeping)" err="Post \"https://10.96.0.1:443/apis/events.k8s.io/v1/namespaces/defrag-exp/events\": context canceled"
I0607 10:17:15.089331       1 reflector.go:373] "Stopping reflector" type="*v1.Node" resyncPeriod="0s" reflector="k8s.io/client-go/informers/factory.go:161"
I0607 10:17:15.090118       1 reflector.go:373] "Stopping reflector" type="*v1.PersistentVolumeClaim" resyncPeriod="0s" reflector="k8s.io/client-go/informers/factory.go:161"
I0607 10:17:15.092261       1 secure_serving.go:259] Stopped listening on [::]:10258
