I0607 06:57:38.048707       1 feature_gate.go:466] feature gates: {map[]}
I0607 06:57:38.188602       1 secure_serving.go:57] Forcing use of http/1.1 only
I0607 06:57:38.189181       1 named_certificates.go:53] "Loaded SNI cert" index=0 certName="self-signed loopback" certDetail="\"apiserver-loopback-client@1780815458\" [serving] validServingFor=[apiserver-loopback-client] issuer=\"apiserver-loopback-client-ca@1780815458\" (2026-06-07 05:57:38 +0000 UTC to 2029-06-07 05:57:38 +0000 UTC (now=2026-06-07 06:57:38.189053821 +0000 UTC))"
I0607 06:57:38.189227       1 secure_serving.go:211] Serving securely on [::]:10258
I0607 06:57:38.189251       1 tracing.go:88] Did not find a trace collector endpoint defined. Switching to NoopTraceProvider
I0607 06:57:38.189282       1 tlsconfig.go:243] "Starting DynamicServingCertificateController"
I0607 06:57:38.189621       1 envvar.go:172] "Feature gate default state" feature="InformerResourceVersion" enabled=true
I0607 06:57:38.189646       1 envvar.go:172] "Feature gate default state" feature="WatchListClient" enabled=true
I0607 06:57:38.189654       1 envvar.go:172] "Feature gate default state" feature="ClientsAllowCBOR" enabled=false
I0607 06:57:38.189659       1 envvar.go:172] "Feature gate default state" feature="ClientsPreferCBOR" enabled=false
I0607 06:57:38.189667       1 envvar.go:172] "Feature gate default state" feature="InOrderInformers" enabled=true
I0607 06:57:38.189682       1 envvar.go:172] "Feature gate default state" feature="InOrderInformersBatchProcess" enabled=true
W0607 06:57:38.199725       1 descheduler.go:333] failed to convert Descheduler minor version '' to float: strconv.ParseFloat: parsing "": invalid syntax
I0607 06:57:38.210185       1 reflector.go:367] "Starting reflector" type="*v1.PersistentVolumeClaim" resyncPeriod="0s" reflector="k8s.io/client-go/informers/factory.go:161"
I0607 06:57:38.210372       1 reflector.go:411] "Listing and watching" type="*v1.PersistentVolumeClaim" reflector="k8s.io/client-go/informers/factory.go:161"
I0607 06:57:38.210215       1 reflector.go:367] "Starting reflector" type="*v1.Pod" resyncPeriod="0s" reflector="k8s.io/client-go/informers/factory.go:161"
I0607 06:57:38.210431       1 reflector.go:411] "Listing and watching" type="*v1.Pod" reflector="k8s.io/client-go/informers/factory.go:161"
I0607 06:57:38.210277       1 reflector.go:367] "Starting reflector" type="*v1.Node" resyncPeriod="0s" reflector="k8s.io/client-go/informers/factory.go:161"
I0607 06:57:38.210779       1 reflector.go:411] "Listing and watching" type="*v1.Node" reflector="k8s.io/client-go/informers/factory.go:161"
I0607 06:57:38.215099       1 reflector.go:446] "Caches populated" type="*v1.PersistentVolumeClaim" reflector="k8s.io/client-go/informers/factory.go:161"
I0607 06:57:38.217867       1 reflector.go:446] "Caches populated" type="*v1.Node" reflector="k8s.io/client-go/informers/factory.go:161"
I0607 06:57:38.219981       1 reflector.go:446] "Caches populated" type="*v1.Pod" reflector="k8s.io/client-go/informers/factory.go:161"
I0607 06:57:38.310657       1 descheduler.go:235] Resetting pod evictor counters
I0607 06:57:38.310782       1 resourcedefragmentationc2.go:131] "Starting ResourceDefragmentationC2 balance pass" plugin="ResourceDefragmentationC2" ExtensionPoint="Balance" nodeCount=7
I0607 06:57:38.311154       1 resourcedefragmentationc2.go:207] "Eviction decision" plugin="ResourceDefragmentationC2" ExtensionPoint="Balance" pod="defrag-exp/s4-mem-34-67b57f4875-zc4jz" originNode="ip-172-31-19-34" predictedTarget="ip-172-31-1-245"
I0607 06:57:38.333065       1 evictions.go:558] "Evicted pod" pod="defrag-exp/s4-mem-34-67b57f4875-zc4jz" reason="" strategy="ResourceDefragmentationC2" node="ip-172-31-19-34" profile="default"
I0607 06:57:38.333387       1 profile.go:425] "Total number of evictions/requests" extension point="Balance" evictedPods=1 evictionRequests=0
I0607 06:57:38.333514       1 descheduler.go:252] "Number of evictions/requests" totalEvicted=1 evictionRequests=0
E0607 06:57:38.333739       1 event_broadcaster.go:279] "Unable to write event (may retry after sleeping)" err="Post \"https://10.96.0.1:443/apis/events.k8s.io/v1/namespaces/defrag-exp/events\": context canceled"
I0607 06:57:38.334032       1 reflector.go:373] "Stopping reflector" type="*v1.Pod" resyncPeriod="0s" reflector="k8s.io/client-go/informers/factory.go:161"
I0607 06:57:38.334097       1 reflector.go:373] "Stopping reflector" type="*v1.Node" resyncPeriod="0s" reflector="k8s.io/client-go/informers/factory.go:161"
I0607 06:57:38.334153       1 reflector.go:373] "Stopping reflector" type="*v1.PersistentVolumeClaim" resyncPeriod="0s" reflector="k8s.io/client-go/informers/factory.go:161"
I0607 06:57:38.334386       1 tlsconfig.go:258] "Shutting down DynamicServingCertificateController"
I0607 06:57:38.334591       1 secure_serving.go:259] Stopped listening on [::]:10258
