I0607 05:44:52.723211       1 feature_gate.go:466] feature gates: {map[]}
I0607 05:44:52.944340       1 secure_serving.go:57] Forcing use of http/1.1 only
I0607 05:44:52.944969       1 named_certificates.go:53] "Loaded SNI cert" index=0 certName="self-signed loopback" certDetail="\"apiserver-loopback-client@1780811092\" [serving] validServingFor=[apiserver-loopback-client] issuer=\"apiserver-loopback-client-ca@1780811092\" (2026-06-07 04:44:52 +0000 UTC to 2029-06-07 04:44:52 +0000 UTC (now=2026-06-07 05:44:52.944928149 +0000 UTC))"
I0607 05:44:52.945059       1 secure_serving.go:211] Serving securely on [::]:10258
I0607 05:44:52.945121       1 tracing.go:88] Did not find a trace collector endpoint defined. Switching to NoopTraceProvider
I0607 05:44:52.945133       1 tlsconfig.go:243] "Starting DynamicServingCertificateController"
I0607 05:44:52.945658       1 envvar.go:172] "Feature gate default state" feature="InformerResourceVersion" enabled=true
I0607 05:44:52.945690       1 envvar.go:172] "Feature gate default state" feature="WatchListClient" enabled=true
I0607 05:44:52.945698       1 envvar.go:172] "Feature gate default state" feature="ClientsAllowCBOR" enabled=false
I0607 05:44:52.945725       1 envvar.go:172] "Feature gate default state" feature="ClientsPreferCBOR" enabled=false
I0607 05:44:52.945737       1 envvar.go:172] "Feature gate default state" feature="InOrderInformers" enabled=true
I0607 05:44:52.945744       1 envvar.go:172] "Feature gate default state" feature="InOrderInformersBatchProcess" enabled=true
W0607 05:44:52.954977       1 descheduler.go:333] failed to convert Descheduler minor version '' to float: strconv.ParseFloat: parsing "": invalid syntax
I0607 05:44:52.964863       1 reflector.go:367] "Starting reflector" type="*v1.Pod" resyncPeriod="0s" reflector="k8s.io/client-go/informers/factory.go:161"
I0607 05:44:52.965520       1 reflector.go:367] "Starting reflector" type="*v1.PersistentVolumeClaim" resyncPeriod="0s" reflector="k8s.io/client-go/informers/factory.go:161"
I0607 05:44:52.965746       1 reflector.go:411] "Listing and watching" type="*v1.PersistentVolumeClaim" reflector="k8s.io/client-go/informers/factory.go:161"
I0607 05:44:52.965895       1 reflector.go:367] "Starting reflector" type="*v1.Node" resyncPeriod="0s" reflector="k8s.io/client-go/informers/factory.go:161"
I0607 05:44:52.965969       1 reflector.go:411] "Listing and watching" type="*v1.Node" reflector="k8s.io/client-go/informers/factory.go:161"
I0607 05:44:52.964888       1 reflector.go:411] "Listing and watching" type="*v1.Pod" reflector="k8s.io/client-go/informers/factory.go:161"
I0607 05:44:52.970212       1 reflector.go:446] "Caches populated" type="*v1.PersistentVolumeClaim" reflector="k8s.io/client-go/informers/factory.go:161"
I0607 05:44:52.972181       1 reflector.go:446] "Caches populated" type="*v1.Node" reflector="k8s.io/client-go/informers/factory.go:161"
I0607 05:44:52.975887       1 reflector.go:446] "Caches populated" type="*v1.Pod" reflector="k8s.io/client-go/informers/factory.go:161"
I0607 05:44:53.065397       1 descheduler.go:235] Resetting pod evictor counters
I0607 05:44:53.065482       1 resourcedefragmentation.go:178] "Starting resource defragmentation balance pass" plugin="ResourceDefragmentation" ExtensionPoint="Balance" nodeCount=7
I0607 05:44:53.065542       1 resourcedefragmentation.go:219] "Node state" plugin="ResourceDefragmentation" ExtensionPoint="Balance" node="ip-172-31-31-146" avgUtilization=0.5168922679196415 minUtilization=0.51 binScore=0.7515538660401793 usageSource="requests"
I0607 05:44:53.065570       1 resourcedefragmentation.go:219] "Node state" plugin="ResourceDefragmentation" ExtensionPoint="Balance" node="ip-172-31-6-144" avgUtilization=0.055816047456713085 minUtilization=0.05 binScore=0.5220919762716434 usageSource="requests"
I0607 05:44:53.065604       1 resourcedefragmentation.go:185] "Skipping control-plane node" plugin="ResourceDefragmentation" ExtensionPoint="Balance" node="ip-172-31-84-108"
I0607 05:44:53.065669       1 resourcedefragmentation.go:219] "Node state" plugin="ResourceDefragmentation" ExtensionPoint="Balance" node="ip-172-31-1-245" avgUtilization=0.5501915178420959 minUtilization=0.15038303568419178 binScore=0.37528727676314383 usageSource="requests"
I0607 05:44:53.065690       1 resourcedefragmentation.go:219] "Node state" plugin="ResourceDefragmentation" ExtensionPoint="Balance" node="ip-172-31-16-198" avgUtilization=0.5501792101753828 minUtilization=0.15035842035076571 binScore=0.3752688152630743 usageSource="requests"
I0607 05:44:53.065708       1 resourcedefragmentation.go:219] "Node state" plugin="ResourceDefragmentation" ExtensionPoint="Balance" node="ip-172-31-19-34" avgUtilization=0.5444871677602916 minUtilization=0.14 binScore=0.36775641611985427 usageSource="requests"
I0607 05:44:53.065755       1 resourcedefragmentation.go:219] "Node state" plugin="ResourceDefragmentation" ExtensionPoint="Balance" node="ip-172-31-3-39" avgUtilization=0.5444917363528262 minUtilization=0.14 binScore=0.3677541318235869 usageSource="requests"
I0607 05:44:53.065863       1 resourcedefragmentation.go:257] "Node is a drain candidate" plugin="ResourceDefragmentation" ExtensionPoint="Balance" node="ip-172-31-1-245" avgUtilization=0.5501915178420959 binScore=0.37528727676314383 imbalanceIndex=0.7996169643158082 freeSpaceIndex=0.042480848215790415 priority=12.169818258872901
I0607 05:44:53.065951       1 resourcedefragmentation.go:257] "Node is a drain candidate" plugin="ResourceDefragmentation" ExtensionPoint="Balance" node="ip-172-31-16-198" avgUtilization=0.5501792101753828 binScore=0.3752688152630743 imbalanceIndex=0.7996415796492342 freeSpaceIndex=0.042482078982461716 priority=12.169489572500082
I0607 05:44:53.066024       1 resourcedefragmentation.go:257] "Node is a drain candidate" plugin="ResourceDefragmentation" ExtensionPoint="Balance" node="ip-172-31-19-34" avgUtilization=0.5444871677602916 binScore=0.36775641611985427 imbalanceIndex=-0.8089743355205831 freeSpaceIndex=0.04388207145229854 priority=11.798662107840348
I0607 05:44:53.066064       1 resourcedefragmentation.go:257] "Node is a drain candidate" plugin="ResourceDefragmentation" ExtensionPoint="Balance" node="ip-172-31-3-39" avgUtilization=0.5444917363528262 binScore=0.3677541318235869 imbalanceIndex=-0.8089834727056524 freeSpaceIndex=0.04387421347313893 priority=11.800707401084752
I0607 05:44:53.066101       1 resourcedefragmentation.go:280] "Draining under-utilized node" plugin="ResourceDefragmentation" ExtensionPoint="Balance" node="ip-172-31-1-245" priority=12.169818258872901
I0607 05:44:53.066128       1 resourcedefragmentation.go:867] "Candidate score inputs" plugin="ResourceDefragmentation" pod="defrag-exp/s4-cpu-245-cccd9967b-2bbxq" originNode="ip-172-31-1-245" c1=0.06486887473396041 c2=0.7125222175150083 c3=0.2652393310959491 c4=0
I0607 05:44:53.066144       1 resourcedefragmentation.go:867] "Candidate score inputs" plugin="ResourceDefragmentation" pod="defrag-exp/s4-cpu-245-cccd9967b-n9q9h" originNode="ip-172-31-1-245" c1=0.06486887473396041 c2=0.7125222175150083 c3=0.2652393310959491 c4=0
I0607 05:44:53.066181       1 resourcedefragmentation.go:867] "Candidate score inputs" plugin="ResourceDefragmentation" pod="defrag-exp/s4-cpu-245-cccd9967b-kbhj7" originNode="ip-172-31-1-245" c1=0.06486887473396041 c2=0.7125222175150083 c3=0.2652393310959491 c4=0
I0607 05:44:53.066204       1 resourcedefragmentation.go:298] "Eviction decision" plugin="ResourceDefragmentation" ExtensionPoint="Balance" pod="defrag-exp/s4-cpu-245-cccd9967b-2bbxq" originNode="ip-172-31-1-245" predictedTarget="ip-172-31-31-146"
I0607 05:44:53.106383       1 evictions.go:558] "Evicted pod" pod="defrag-exp/s4-cpu-245-cccd9967b-2bbxq" reason="" strategy="ResourceDefragmentation" node="ip-172-31-1-245" profile="default"
I0607 05:44:53.106470       1 resourcedefragmentation.go:867] "Candidate score inputs" plugin="ResourceDefragmentation" pod="defrag-exp/s4-cpu-245-cccd9967b-n9q9h" originNode="ip-172-31-1-245" c1=0.04293135748083929 c2=-999.9 c3=0.2829894598980176 c4=0
I0607 05:44:53.106496       1 resourcedefragmentation.go:867] "Candidate score inputs" plugin="ResourceDefragmentation" pod="defrag-exp/s4-cpu-245-cccd9967b-kbhj7" originNode="ip-172-31-1-245" c1=0.04293135748083929 c2=-999.9 c3=0.2829894598980176 c4=0
I0607 05:44:53.106518       1 resourcedefragmentation.go:294] "No feasible scheduler target within ceiling; leaving pod in place" plugin="ResourceDefragmentation" ExtensionPoint="Balance" pod="defrag-exp/s4-cpu-245-cccd9967b-n9q9h" originNode="ip-172-31-1-245"
I0607 05:44:53.106544       1 resourcedefragmentation.go:867] "Candidate score inputs" plugin="ResourceDefragmentation" pod="defrag-exp/s4-cpu-245-cccd9967b-kbhj7" originNode="ip-172-31-1-245" c1=0.04293135748083929 c2=-999.9 c3=0.2829894598980176 c4=0
I0607 05:44:53.106562       1 resourcedefragmentation.go:294] "No feasible scheduler target within ceiling; leaving pod in place" plugin="ResourceDefragmentation" ExtensionPoint="Balance" pod="defrag-exp/s4-cpu-245-cccd9967b-kbhj7" originNode="ip-172-31-1-245"
I0607 05:44:53.106575       1 resourcedefragmentation.go:280] "Draining under-utilized node" plugin="ResourceDefragmentation" ExtensionPoint="Balance" node="ip-172-31-16-198" priority=12.169489572500082
I0607 05:44:53.106587       1 resourcedefragmentation.go:867] "Candidate score inputs" plugin="ResourceDefragmentation" pod="defrag-exp/s4-cpu-198-c8bbfc967-tjq88" originNode="ip-172-31-16-198" c1=0.06487203329718091 c2=-999.9 c3=0.265245020869741 c4=0
I0607 05:44:53.106601       1 resourcedefragmentation.go:867] "Candidate score inputs" plugin="ResourceDefragmentation" pod="defrag-exp/s4-cpu-198-c8bbfc967-8zn9q" originNode="ip-172-31-16-198" c1=0.06487203329718091 c2=-999.9 c3=0.265245020869741 c4=0
I0607 05:44:53.106614       1 resourcedefragmentation.go:867] "Candidate score inputs" plugin="ResourceDefragmentation" pod="defrag-exp/s4-cpu-198-c8bbfc967-d4pmf" originNode="ip-172-31-16-198" c1=0.06487203329718091 c2=-999.9 c3=0.265245020869741 c4=0
I0607 05:44:53.106653       1 resourcedefragmentation.go:294] "No feasible scheduler target within ceiling; leaving pod in place" plugin="ResourceDefragmentation" ExtensionPoint="Balance" pod="defrag-exp/s4-cpu-198-c8bbfc967-tjq88" originNode="ip-172-31-16-198"
I0607 05:44:53.106664       1 resourcedefragmentation.go:867] "Candidate score inputs" plugin="ResourceDefragmentation" pod="defrag-exp/s4-cpu-198-c8bbfc967-8zn9q" originNode="ip-172-31-16-198" c1=0.06487203329718091 c2=-999.9 c3=0.265245020869741 c4=0
I0607 05:44:53.106676       1 resourcedefragmentation.go:867] "Candidate score inputs" plugin="ResourceDefragmentation" pod="defrag-exp/s4-cpu-198-c8bbfc967-d4pmf" originNode="ip-172-31-16-198" c1=0.06487203329718091 c2=-999.9 c3=0.265245020869741 c4=0
I0607 05:44:53.106692       1 resourcedefragmentation.go:294] "No feasible scheduler target within ceiling; leaving pod in place" plugin="ResourceDefragmentation" ExtensionPoint="Balance" pod="defrag-exp/s4-cpu-198-c8bbfc967-8zn9q" originNode="ip-172-31-16-198"
I0607 05:44:53.106701       1 resourcedefragmentation.go:867] "Candidate score inputs" plugin="ResourceDefragmentation" pod="defrag-exp/s4-cpu-198-c8bbfc967-d4pmf" originNode="ip-172-31-16-198" c1=0.06487203329718091 c2=-999.9 c3=0.265245020869741 c4=0
I0607 05:44:53.106714       1 resourcedefragmentation.go:294] "No feasible scheduler target within ceiling; leaving pod in place" plugin="ResourceDefragmentation" ExtensionPoint="Balance" pod="defrag-exp/s4-cpu-198-c8bbfc967-d4pmf" originNode="ip-172-31-16-198"
I0607 05:44:53.106738       1 resourcedefragmentation.go:280] "Draining under-utilized node" plugin="ResourceDefragmentation" ExtensionPoint="Balance" node="ip-172-31-3-39" priority=11.800707401084752
I0607 05:44:53.106753       1 resourcedefragmentation.go:867] "Candidate score inputs" plugin="ResourceDefragmentation" pod="defrag-exp/s4-mem-39-5d5899dbd4-79lrg" originNode="ip-172-31-3-39" c1=0.06359934486949317 c2=0.9177132087098436 c3=0.2647809760395153 c4=0
I0607 05:44:53.106767       1 resourcedefragmentation.go:867] "Candidate score inputs" plugin="ResourceDefragmentation" pod="defrag-exp/s4-mem-39-5d5899dbd4-97rj7" originNode="ip-172-31-3-39" c1=0.06359934486949317 c2=0.9177132087098436 c3=0.2647809760395153 c4=0
I0607 05:44:53.106781       1 resourcedefragmentation.go:867] "Candidate score inputs" plugin="ResourceDefragmentation" pod="defrag-exp/s4-mem-39-5d5899dbd4-kndpp" originNode="ip-172-31-3-39" c1=0.06359934486949317 c2=0.9177132087098436 c3=0.2647809760395153 c4=0
I0607 05:44:53.106803       1 resourcedefragmentation.go:298] "Eviction decision" plugin="ResourceDefragmentation" ExtensionPoint="Balance" pod="defrag-exp/s4-mem-39-5d5899dbd4-79lrg" originNode="ip-172-31-3-39" predictedTarget="ip-172-31-31-146"
E0607 05:44:53.110375       1 event_broadcaster.go:270] "Server rejected event (will not retry!)" err="events.events.k8s.io is forbidden: User \"system:serviceaccount:kube-system:descheduler\" cannot create resource \"events\" in API group \"events.k8s.io\" in the namespace \"defrag-exp\"" event="&Event{ObjectMeta:{s4-cpu-245-cccd9967b-2bbxq.18b6b64108af1e28  defrag-exp    0 0001-01-01 00:00:00 +0000 UTC <nil> <nil> map[] map[] [] [] []},EventTime:2026-06-07 05:44:53.106402032 +0000 UTC m=+0.418963780,Series:nil,ReportingController:sigs.k8s.io.descheduler,ReportingInstance:sigs.k8s.io.descheduler-descheduler-job-44zjm,Action:Descheduled,Reason:ResourceDefragmentation,Regarding:{Pod defrag-exp s4-cpu-245-cccd9967b-2bbxq a18b4f76-27b4-4fee-8519-10ef659edfcc v1 370329 },Related:nil,Note:pod eviction from ip-172-31-1-245 node by sigs.k8s.io/descheduler,Type:Normal,DeprecatedSource:{ },DeprecatedFirstTimestamp:0001-01-01 00:00:00 +0000 UTC,DeprecatedLastTimestamp:0001-01-01 00:00:00 +0000 UTC,DeprecatedCount:0,}"
I0607 05:44:53.190897       1 evictions.go:558] "Evicted pod" pod="defrag-exp/s4-mem-39-5d5899dbd4-79lrg" reason="" strategy="ResourceDefragmentation" node="ip-172-31-3-39" profile="default"
I0607 05:44:53.191183       1 resourcedefragmentation.go:867] "Candidate score inputs" plugin="ResourceDefragmentation" pod="defrag-exp/s4-mem-39-5d5899dbd4-97rj7" originNode="ip-172-31-3-39" c1=0.0427041310191288 c2=0.6424762257864148 c3=0.2825281994251795 c4=0
I0607 05:44:53.191593       1 resourcedefragmentation.go:867] "Candidate score inputs" plugin="ResourceDefragmentation" pod="defrag-exp/s4-mem-39-5d5899dbd4-kndpp" originNode="ip-172-31-3-39" c1=0.0427041310191288 c2=0.6424762257864148 c3=0.2825281994251795 c4=0
I0607 05:44:53.191688       1 resourcedefragmentation.go:298] "Eviction decision" plugin="ResourceDefragmentation" ExtensionPoint="Balance" pod="defrag-exp/s4-mem-39-5d5899dbd4-97rj7" originNode="ip-172-31-3-39" predictedTarget="ip-172-31-1-245"
E0607 05:44:53.194110       1 event_broadcaster.go:270] "Server rejected event (will not retry!)" err="events.events.k8s.io is forbidden: User \"system:serviceaccount:kube-system:descheduler\" cannot create resource \"events\" in API group \"events.k8s.io\" in the namespace \"defrag-exp\"" event="&Event{ObjectMeta:{s4-mem-39-5d5899dbd4-79lrg.18b6b6410db95c4a  defrag-exp    0 0001-01-01 00:00:00 +0000 UTC <nil> <nil> map[] map[] [] [] []},EventTime:2026-06-07 05:44:53.190982501 +0000 UTC m=+0.503544251,Series:nil,ReportingController:sigs.k8s.io.descheduler,ReportingInstance:sigs.k8s.io.descheduler-descheduler-job-44zjm,Action:Descheduled,Reason:ResourceDefragmentation,Regarding:{Pod defrag-exp s4-mem-39-5d5899dbd4-79lrg 4a4b0085-8a28-44c6-884d-a572c4fb8d97 v1 370476 },Related:nil,Note:pod eviction from ip-172-31-3-39 node by sigs.k8s.io/descheduler,Type:Normal,DeprecatedSource:{ },DeprecatedFirstTimestamp:0001-01-01 00:00:00 +0000 UTC,DeprecatedLastTimestamp:0001-01-01 00:00:00 +0000 UTC,DeprecatedCount:0,}"
I0607 05:44:53.299407       1 evictions.go:558] "Evicted pod" pod="defrag-exp/s4-mem-39-5d5899dbd4-97rj7" reason="" strategy="ResourceDefragmentation" node="ip-172-31-3-39" profile="default"
I0607 05:44:53.299599       1 resourcedefragmentation.go:867] "Candidate score inputs" plugin="ResourceDefragmentation" pod="defrag-exp/s4-mem-39-5d5899dbd4-kndpp" originNode="ip-172-31-3-39" c1=0.021808917168764437 c2=0.854382388062576 c3=0.30027542281084363 c4=0
I0607 05:44:53.300126       1 resourcedefragmentation.go:298] "Eviction decision" plugin="ResourceDefragmentation" ExtensionPoint="Balance" pod="defrag-exp/s4-mem-39-5d5899dbd4-kndpp" originNode="ip-172-31-3-39" predictedTarget="ip-172-31-1-245"
E0607 05:44:53.301410       1 event_broadcaster.go:270] "Server rejected event (will not retry!)" err="events.events.k8s.io is forbidden: User \"system:serviceaccount:kube-system:descheduler\" cannot create resource \"events\" in API group \"events.k8s.io\" in the namespace \"defrag-exp\"" event="&Event{ObjectMeta:{s4-mem-39-5d5899dbd4-97rj7.18b6b64114301a24  defrag-exp    0 0001-01-01 00:00:00 +0000 UTC <nil> <nil> map[] map[] [] [] []},EventTime:2026-06-07 05:44:53.299429633 +0000 UTC m=+0.611991382,Series:nil,ReportingController:sigs.k8s.io.descheduler,ReportingInstance:sigs.k8s.io.descheduler-descheduler-job-44zjm,Action:Descheduled,Reason:ResourceDefragmentation,Regarding:{Pod defrag-exp s4-mem-39-5d5899dbd4-97rj7 b185c786-73e1-4de2-80a3-1c36fd70acb3 v1 370480 },Related:nil,Note:pod eviction from ip-172-31-3-39 node by sigs.k8s.io/descheduler,Type:Normal,DeprecatedSource:{ },DeprecatedFirstTimestamp:0001-01-01 00:00:00 +0000 UTC,DeprecatedLastTimestamp:0001-01-01 00:00:00 +0000 UTC,DeprecatedCount:0,}"
I0607 05:44:53.400116       1 evictions.go:558] "Evicted pod" pod="defrag-exp/s4-mem-39-5d5899dbd4-kndpp" reason="" strategy="ResourceDefragmentation" node="ip-172-31-3-39" profile="default"
I0607 05:44:53.400183       1 resourcedefragmentation.go:280] "Draining under-utilized node" plugin="ResourceDefragmentation" ExtensionPoint="Balance" node="ip-172-31-19-34" priority=11.798662107840348
I0607 05:44:53.400214       1 resourcedefragmentation.go:867] "Candidate score inputs" plugin="ResourceDefragmentation" pod="defrag-exp/s4-mem-34-67b57f4875-f8ljt" originNode="ip-172-31-19-34" c1=0.06359733272103738 c2=-999.9 c3=0.2647787154761962 c4=0
I0607 05:44:53.400228       1 resourcedefragmentation.go:867] "Candidate score inputs" plugin="ResourceDefragmentation" pod="defrag-exp/s4-mem-34-67b57f4875-n4777" originNode="ip-172-31-19-34" c1=0.06359733272103738 c2=-999.9 c3=0.2647787154761962 c4=0
I0607 05:44:53.400239       1 resourcedefragmentation.go:867] "Candidate score inputs" plugin="ResourceDefragmentation" pod="defrag-exp/s4-mem-34-67b57f4875-5k6dm" originNode="ip-172-31-19-34" c1=0.06359733272103738 c2=-999.9 c3=0.2647787154761962 c4=0
I0607 05:44:53.400256       1 resourcedefragmentation.go:294] "No feasible scheduler target within ceiling; leaving pod in place" plugin="ResourceDefragmentation" ExtensionPoint="Balance" pod="defrag-exp/s4-mem-34-67b57f4875-f8ljt" originNode="ip-172-31-19-34"
I0607 05:44:53.400269       1 resourcedefragmentation.go:867] "Candidate score inputs" plugin="ResourceDefragmentation" pod="defrag-exp/s4-mem-34-67b57f4875-n4777" originNode="ip-172-31-19-34" c1=0.06359733272103738 c2=-999.9 c3=0.2647787154761962 c4=0
I0607 05:44:53.400280       1 resourcedefragmentation.go:867] "Candidate score inputs" plugin="ResourceDefragmentation" pod="defrag-exp/s4-mem-34-67b57f4875-5k6dm" originNode="ip-172-31-19-34" c1=0.06359733272103738 c2=-999.9 c3=0.2647787154761962 c4=0
I0607 05:44:53.400293       1 resourcedefragmentation.go:294] "No feasible scheduler target within ceiling; leaving pod in place" plugin="ResourceDefragmentation" ExtensionPoint="Balance" pod="defrag-exp/s4-mem-34-67b57f4875-n4777" originNode="ip-172-31-19-34"
I0607 05:44:53.400303       1 resourcedefragmentation.go:867] "Candidate score inputs" plugin="ResourceDefragmentation" pod="defrag-exp/s4-mem-34-67b57f4875-5k6dm" originNode="ip-172-31-19-34" c1=0.06359733272103738 c2=-999.9 c3=0.2647787154761962 c4=0
I0607 05:44:53.400317       1 resourcedefragmentation.go:294] "No feasible scheduler target within ceiling; leaving pod in place" plugin="ResourceDefragmentation" ExtensionPoint="Balance" pod="defrag-exp/s4-mem-34-67b57f4875-5k6dm" originNode="ip-172-31-19-34"
I0607 05:44:53.400353       1 profile.go:425] "Total number of evictions/requests" extension point="Balance" evictedPods=4 evictionRequests=0
I0607 05:44:53.400391       1 descheduler.go:252] "Number of evictions/requests" totalEvicted=4 evictionRequests=0
E0607 05:44:53.401119       1 event_broadcaster.go:279] "Unable to write event (may retry after sleeping)" err="client rate limiter Wait returned an error: context canceled"
I0607 05:44:53.401215       1 reflector.go:373] "Stopping reflector" type="*v1.Pod" resyncPeriod="0s" reflector="k8s.io/client-go/informers/factory.go:161"
I0607 05:44:53.401242       1 reflector.go:373] "Stopping reflector" type="*v1.Node" resyncPeriod="0s" reflector="k8s.io/client-go/informers/factory.go:161"
I0607 05:44:53.401376       1 reflector.go:373] "Stopping reflector" type="*v1.PersistentVolumeClaim" resyncPeriod="0s" reflector="k8s.io/client-go/informers/factory.go:161"
I0607 05:44:53.402653       1 tlsconfig.go:258] "Shutting down DynamicServingCertificateController"
I0607 05:44:53.402822       1 secure_serving.go:259] Stopped listening on [::]:10258
