I0607 02:09:00.427488       1 feature_gate.go:466] feature gates: {map[]}
I0607 02:09:00.611138       1 secure_serving.go:57] Forcing use of http/1.1 only
I0607 02:09:00.611548       1 named_certificates.go:53] "Loaded SNI cert" index=0 certName="self-signed loopback" certDetail="\"apiserver-loopback-client@1780798140\" [serving] validServingFor=[apiserver-loopback-client] issuer=\"apiserver-loopback-client-ca@1780798140\" (2026-06-07 01:09:00 +0000 UTC to 2029-06-07 01:09:00 +0000 UTC (now=2026-06-07 02:09:00.611505122 +0000 UTC))"
I0607 02:09:00.611613       1 secure_serving.go:211] Serving securely on [::]:10258
I0607 02:09:00.611681       1 tlsconfig.go:243] "Starting DynamicServingCertificateController"
I0607 02:09:00.611725       1 tracing.go:88] Did not find a trace collector endpoint defined. Switching to NoopTraceProvider
I0607 02:09:00.612209       1 envvar.go:172] "Feature gate default state" feature="InOrderInformers" enabled=true
I0607 02:09:00.612258       1 envvar.go:172] "Feature gate default state" feature="InOrderInformersBatchProcess" enabled=true
I0607 02:09:00.612266       1 envvar.go:172] "Feature gate default state" feature="InformerResourceVersion" enabled=true
I0607 02:09:00.612290       1 envvar.go:172] "Feature gate default state" feature="WatchListClient" enabled=true
I0607 02:09:00.612299       1 envvar.go:172] "Feature gate default state" feature="ClientsAllowCBOR" enabled=false
I0607 02:09:00.612306       1 envvar.go:172] "Feature gate default state" feature="ClientsPreferCBOR" enabled=false
W0607 02:09:00.620737       1 descheduler.go:333] failed to convert Descheduler minor version '' to float: strconv.ParseFloat: parsing "": invalid syntax
I0607 02:09:00.631870       1 reflector.go:367] "Starting reflector" type="*v1.PersistentVolumeClaim" resyncPeriod="0s" reflector="k8s.io/client-go/informers/factory.go:161"
I0607 02:09:00.631870       1 reflector.go:367] "Starting reflector" type="*v1.Pod" resyncPeriod="0s" reflector="k8s.io/client-go/informers/factory.go:161"
I0607 02:09:00.631897       1 reflector.go:411] "Listing and watching" type="*v1.PersistentVolumeClaim" reflector="k8s.io/client-go/informers/factory.go:161"
I0607 02:09:00.631899       1 reflector.go:411] "Listing and watching" type="*v1.Pod" reflector="k8s.io/client-go/informers/factory.go:161"
I0607 02:09:00.631978       1 reflector.go:367] "Starting reflector" type="*v1.Node" resyncPeriod="0s" reflector="k8s.io/client-go/informers/factory.go:161"
I0607 02:09:00.631987       1 reflector.go:411] "Listing and watching" type="*v1.Node" reflector="k8s.io/client-go/informers/factory.go:161"
I0607 02:09:00.638415       1 reflector.go:446] "Caches populated" type="*v1.PersistentVolumeClaim" reflector="k8s.io/client-go/informers/factory.go:161"
I0607 02:09:00.639842       1 reflector.go:446] "Caches populated" type="*v1.Node" reflector="k8s.io/client-go/informers/factory.go:161"
I0607 02:09:00.640787       1 reflector.go:446] "Caches populated" type="*v1.Pod" reflector="k8s.io/client-go/informers/factory.go:161"
I0607 02:09:00.732619       1 descheduler.go:235] Resetting pod evictor counters
I0607 02:09:00.732698       1 resourcedefragmentation.go:158] "Starting resource defragmentation balance pass" plugin="ResourceDefragmentation" ExtensionPoint="Balance" nodeCount=7
I0607 02:09:00.732789       1 resourcedefragmentation.go:199] "Node state" plugin="ResourceDefragmentation" ExtensionPoint="Balance" node="ip-172-31-16-198" avgUtilization=0.5501784863204617 minUtilization=0.15035697264092354 binScore=0.37526772948069265 usageSource="requests"
I0607 02:09:00.732854       1 resourcedefragmentation.go:199] "Node state" plugin="ResourceDefragmentation" ExtensionPoint="Balance" node="ip-172-31-19-34" avgUtilization=0.5444871677602916 minUtilization=0.14 binScore=0.36775641611985427 usageSource="requests"
I0607 02:09:00.732875       1 resourcedefragmentation.go:199] "Node state" plugin="ResourceDefragmentation" ExtensionPoint="Balance" node="ip-172-31-3-39" avgUtilization=0.5444848834970153 minUtilization=0.14 binScore=0.3677575582514924 usageSource="requests"
I0607 02:09:00.732934       1 resourcedefragmentation.go:199] "Node state" plugin="ResourceDefragmentation" ExtensionPoint="Balance" node="ip-172-31-31-146" avgUtilization=0.5168922679196415 minUtilization=0.51 binScore=0.7515538660401793 usageSource="requests"
I0607 02:09:00.732959       1 resourcedefragmentation.go:199] "Node state" plugin="ResourceDefragmentation" ExtensionPoint="Balance" node="ip-172-31-6-144" avgUtilization=0.05581634421856492 minUtilization=0.05 binScore=0.5220918278907175 usageSource="requests"
I0607 02:09:00.733001       1 resourcedefragmentation.go:165] "Skipping control-plane node" plugin="ResourceDefragmentation" ExtensionPoint="Balance" node="ip-172-31-84-108"
I0607 02:09:00.733026       1 resourcedefragmentation.go:199] "Node state" plugin="ResourceDefragmentation" ExtensionPoint="Balance" node="ip-172-31-1-245" avgUtilization=0.5501915178420959 minUtilization=0.15038303568419178 binScore=0.37528727676314383 usageSource="requests"
I0607 02:09:00.733161       1 resourcedefragmentation.go:237] "Node is a drain candidate" plugin="ResourceDefragmentation" ExtensionPoint="Balance" node="ip-172-31-16-198" avgUtilization=0.5501784863204617 binScore=0.37526772948069265 imbalanceIndex=0.7996430273590764 freeSpaceIndex=0.04248215136795383 priority=12.169470241973634
I0607 02:09:00.733252       1 resourcedefragmentation.go:237] "Node is a drain candidate" plugin="ResourceDefragmentation" ExtensionPoint="Balance" node="ip-172-31-19-34" avgUtilization=0.5444871677602916 binScore=0.36775641611985427 imbalanceIndex=-0.8089743355205831 freeSpaceIndex=0.04388207145229854 priority=11.798662107840348
I0607 02:09:00.733293       1 resourcedefragmentation.go:237] "Node is a drain candidate" plugin="ResourceDefragmentation" ExtensionPoint="Balance" node="ip-172-31-3-39" avgUtilization=0.5444848834970153 binScore=0.3677575582514924 imbalanceIndex=-0.8089697669940304 freeSpaceIndex=0.04388600038513383 priority=11.79763975003293
I0607 02:09:00.733369       1 resourcedefragmentation.go:237] "Node is a drain candidate" plugin="ResourceDefragmentation" ExtensionPoint="Balance" node="ip-172-31-1-245" avgUtilization=0.5501915178420959 binScore=0.37528727676314383 imbalanceIndex=0.7996169643158082 freeSpaceIndex=0.042480848215790415 priority=12.169818258872901
I0607 02:09:00.733411       1 resourcedefragmentation.go:260] "Draining under-utilized node" plugin="ResourceDefragmentation" ExtensionPoint="Balance" node="ip-172-31-1-245" priority=12.169818258872901
I0607 02:09:00.733431       1 resourcedefragmentation.go:757] "Candidate score inputs" plugin="ResourceDefragmentation" pod="defrag-exp/s4-cpu-245-cccd9967b-g99v6" originNode="ip-172-31-1-245" c1=0.06486887473396041 c2=0.7125222175150083 c3=0.2652393310959491 c4=0
I0607 02:09:00.733450       1 resourcedefragmentation.go:757] "Candidate score inputs" plugin="ResourceDefragmentation" pod="defrag-exp/s4-cpu-245-cccd9967b-2mvzv" originNode="ip-172-31-1-245" c1=0.06486887473396041 c2=0.7125222175150083 c3=0.2652393310959491 c4=0
I0607 02:09:00.733550       1 resourcedefragmentation.go:757] "Candidate score inputs" plugin="ResourceDefragmentation" pod="defrag-exp/s4-cpu-245-cccd9967b-d9zj5" originNode="ip-172-31-1-245" c1=0.06486887473396041 c2=0.7125222175150083 c3=0.2652393310959491 c4=0
I0607 02:09:00.733573       1 resourcedefragmentation.go:278] "Eviction decision" plugin="ResourceDefragmentation" ExtensionPoint="Balance" pod="defrag-exp/s4-cpu-245-cccd9967b-g99v6" originNode="ip-172-31-1-245" predictedTarget="ip-172-31-31-146"
I0607 02:09:00.757868       1 evictions.go:558] "Evicted pod" pod="defrag-exp/s4-cpu-245-cccd9967b-g99v6" reason="" strategy="ResourceDefragmentation" node="ip-172-31-1-245" profile="default"
I0607 02:09:00.757991       1 resourcedefragmentation.go:757] "Candidate score inputs" plugin="ResourceDefragmentation" pod="defrag-exp/s4-cpu-245-cccd9967b-2mvzv" originNode="ip-172-31-1-245" c1=0.04293135748083929 c2=-999.9 c3=0.2829894598980176 c4=0
I0607 02:09:00.758168       1 resourcedefragmentation.go:757] "Candidate score inputs" plugin="ResourceDefragmentation" pod="defrag-exp/s4-cpu-245-cccd9967b-d9zj5" originNode="ip-172-31-1-245" c1=0.04293135748083929 c2=-999.9 c3=0.2829894598980176 c4=0
I0607 02:09:00.758199       1 resourcedefragmentation.go:274] "No feasible scheduler target within ceiling; leaving pod in place" plugin="ResourceDefragmentation" ExtensionPoint="Balance" pod="defrag-exp/s4-cpu-245-cccd9967b-2mvzv" originNode="ip-172-31-1-245"
I0607 02:09:00.758235       1 resourcedefragmentation.go:757] "Candidate score inputs" plugin="ResourceDefragmentation" pod="defrag-exp/s4-cpu-245-cccd9967b-d9zj5" originNode="ip-172-31-1-245" c1=0.04293135748083929 c2=-999.9 c3=0.2829894598980176 c4=0
I0607 02:09:00.758262       1 resourcedefragmentation.go:274] "No feasible scheduler target within ceiling; leaving pod in place" plugin="ResourceDefragmentation" ExtensionPoint="Balance" pod="defrag-exp/s4-cpu-245-cccd9967b-d9zj5" originNode="ip-172-31-1-245"
I0607 02:09:00.758275       1 resourcedefragmentation.go:260] "Draining under-utilized node" plugin="ResourceDefragmentation" ExtensionPoint="Balance" node="ip-172-31-16-198" priority=12.169470241973634
I0607 02:09:00.758287       1 resourcedefragmentation.go:757] "Candidate score inputs" plugin="ResourceDefragmentation" pod="defrag-exp/s4-cpu-198-c8bbfc967-pgr4m" originNode="ip-172-31-16-198" c1=0.0648722190650434 c2=-999.9 c3=0.2652453555043111 c4=0
I0607 02:09:00.758299       1 resourcedefragmentation.go:757] "Candidate score inputs" plugin="ResourceDefragmentation" pod="defrag-exp/s4-cpu-198-c8bbfc967-ggwsv" originNode="ip-172-31-16-198" c1=0.0648722190650434 c2=-999.9 c3=0.2652453555043111 c4=0
I0607 02:09:00.758309       1 resourcedefragmentation.go:757] "Candidate score inputs" plugin="ResourceDefragmentation" pod="defrag-exp/s4-cpu-198-c8bbfc967-mgsc8" originNode="ip-172-31-16-198" c1=0.0648722190650434 c2=-999.9 c3=0.2652453555043111 c4=0
I0607 02:09:00.758323       1 resourcedefragmentation.go:274] "No feasible scheduler target within ceiling; leaving pod in place" plugin="ResourceDefragmentation" ExtensionPoint="Balance" pod="defrag-exp/s4-cpu-198-c8bbfc967-pgr4m" originNode="ip-172-31-16-198"
I0607 02:09:00.758332       1 resourcedefragmentation.go:757] "Candidate score inputs" plugin="ResourceDefragmentation" pod="defrag-exp/s4-cpu-198-c8bbfc967-ggwsv" originNode="ip-172-31-16-198" c1=0.0648722190650434 c2=-999.9 c3=0.2652453555043111 c4=0
I0607 02:09:00.758343       1 resourcedefragmentation.go:757] "Candidate score inputs" plugin="ResourceDefragmentation" pod="defrag-exp/s4-cpu-198-c8bbfc967-mgsc8" originNode="ip-172-31-16-198" c1=0.0648722190650434 c2=-999.9 c3=0.2652453555043111 c4=0
I0607 02:09:00.758356       1 resourcedefragmentation.go:274] "No feasible scheduler target within ceiling; leaving pod in place" plugin="ResourceDefragmentation" ExtensionPoint="Balance" pod="defrag-exp/s4-cpu-198-c8bbfc967-ggwsv" originNode="ip-172-31-16-198"
I0607 02:09:00.758365       1 resourcedefragmentation.go:757] "Candidate score inputs" plugin="ResourceDefragmentation" pod="defrag-exp/s4-cpu-198-c8bbfc967-mgsc8" originNode="ip-172-31-16-198" c1=0.0648722190650434 c2=-999.9 c3=0.2652453555043111 c4=0
I0607 02:09:00.758376       1 resourcedefragmentation.go:274] "No feasible scheduler target within ceiling; leaving pod in place" plugin="ResourceDefragmentation" ExtensionPoint="Balance" pod="defrag-exp/s4-cpu-198-c8bbfc967-mgsc8" originNode="ip-172-31-16-198"
I0607 02:09:00.758387       1 resourcedefragmentation.go:260] "Draining under-utilized node" plugin="ResourceDefragmentation" ExtensionPoint="Balance" node="ip-172-31-19-34" priority=11.798662107840348
I0607 02:09:00.758398       1 resourcedefragmentation.go:757] "Candidate score inputs" plugin="ResourceDefragmentation" pod="defrag-exp/s4-mem-34-67b57f4875-k5hx7" originNode="ip-172-31-19-34" c1=0.06359733272103738 c2=0.9177132087098436 c3=0.2647787154761962 c4=0
I0607 02:09:00.758420       1 resourcedefragmentation.go:757] "Candidate score inputs" plugin="ResourceDefragmentation" pod="defrag-exp/s4-mem-34-67b57f4875-pt4zm" originNode="ip-172-31-19-34" c1=0.06359733272103738 c2=0.9177132087098436 c3=0.2647787154761962 c4=0
I0607 02:09:00.758432       1 resourcedefragmentation.go:757] "Candidate score inputs" plugin="ResourceDefragmentation" pod="defrag-exp/s4-mem-34-67b57f4875-jv8cc" originNode="ip-172-31-19-34" c1=0.06359733272103738 c2=0.9177132087098436 c3=0.2647787154761962 c4=0
I0607 02:09:00.758450       1 resourcedefragmentation.go:278] "Eviction decision" plugin="ResourceDefragmentation" ExtensionPoint="Balance" pod="defrag-exp/s4-mem-34-67b57f4875-k5hx7" originNode="ip-172-31-19-34" predictedTarget="ip-172-31-31-146"
E0607 02:09:00.760993       1 event_broadcaster.go:270] "Server rejected event (will not retry!)" err="events.events.k8s.io is forbidden: User \"system:serviceaccount:kube-system:descheduler\" cannot create resource \"events\" in API group \"events.k8s.io\" in the namespace \"defrag-exp\"" event="&Event{ObjectMeta:{s4-cpu-245-cccd9967b-g99v6.18b6aa79548db827  defrag-exp    0 0001-01-01 00:00:00 +0000 UTC <nil> <nil> map[] map[] [] [] []},EventTime:2026-06-07 02:09:00.757906622 +0000 UTC m=+0.363985455,Series:nil,ReportingController:sigs.k8s.io.descheduler,ReportingInstance:sigs.k8s.io.descheduler-descheduler-job-4lw6p,Action:Descheduled,Reason:ResourceDefragmentation,Regarding:{Pod defrag-exp s4-cpu-245-cccd9967b-g99v6 466d5ee0-3a7e-47cf-a0be-73aecb0bc02c v1 349166 },Related:nil,Note:pod eviction from ip-172-31-1-245 node by sigs.k8s.io/descheduler,Type:Normal,DeprecatedSource:{ },DeprecatedFirstTimestamp:0001-01-01 00:00:00 +0000 UTC,DeprecatedLastTimestamp:0001-01-01 00:00:00 +0000 UTC,DeprecatedCount:0,}"
I0607 02:09:00.858463       1 evictions.go:558] "Evicted pod" pod="defrag-exp/s4-mem-34-67b57f4875-k5hx7" reason="" strategy="ResourceDefragmentation" node="ip-172-31-19-34" profile="default"
I0607 02:09:00.858556       1 resourcedefragmentation.go:757] "Candidate score inputs" plugin="ResourceDefragmentation" pod="defrag-exp/s4-mem-34-67b57f4875-pt4zm" originNode="ip-172-31-19-34" c1=0.04270276784286004 c2=0.6424762257864148 c3=0.2825257679846331 c4=0
I0607 02:09:00.858579       1 resourcedefragmentation.go:757] "Candidate score inputs" plugin="ResourceDefragmentation" pod="defrag-exp/s4-mem-34-67b57f4875-jv8cc" originNode="ip-172-31-19-34" c1=0.04270276784286004 c2=0.6424762257864148 c3=0.2825257679846331 c4=0
I0607 02:09:00.858603       1 resourcedefragmentation.go:278] "Eviction decision" plugin="ResourceDefragmentation" ExtensionPoint="Balance" pod="defrag-exp/s4-mem-34-67b57f4875-pt4zm" originNode="ip-172-31-19-34" predictedTarget="ip-172-31-1-245"
E0607 02:09:00.861013       1 event_broadcaster.go:270] "Server rejected event (will not retry!)" err="events.events.k8s.io is forbidden: User \"system:serviceaccount:kube-system:descheduler\" cannot create resource \"events\" in API group \"events.k8s.io\" in the namespace \"defrag-exp\"" event="&Event{ObjectMeta:{s4-mem-34-67b57f4875-k5hx7.18b6aa795a8bd0ec  defrag-exp    0 0001-01-01 00:00:00 +0000 UTC <nil> <nil> map[] map[] [] [] []},EventTime:2026-06-07 02:09:00.858480241 +0000 UTC m=+0.464559006,Series:nil,ReportingController:sigs.k8s.io.descheduler,ReportingInstance:sigs.k8s.io.descheduler-descheduler-job-4lw6p,Action:Descheduled,Reason:ResourceDefragmentation,Regarding:{Pod defrag-exp s4-mem-34-67b57f4875-k5hx7 5ad419ba-c76b-43b3-baa8-e99ec72e7e20 v1 349269 },Related:nil,Note:pod eviction from ip-172-31-19-34 node by sigs.k8s.io/descheduler,Type:Normal,DeprecatedSource:{ },DeprecatedFirstTimestamp:0001-01-01 00:00:00 +0000 UTC,DeprecatedLastTimestamp:0001-01-01 00:00:00 +0000 UTC,DeprecatedCount:0,}"
I0607 02:09:00.957896       1 evictions.go:558] "Evicted pod" pod="defrag-exp/s4-mem-34-67b57f4875-pt4zm" reason="" strategy="ResourceDefragmentation" node="ip-172-31-19-34" profile="default"
I0607 02:09:00.957999       1 resourcedefragmentation.go:757] "Candidate score inputs" plugin="ResourceDefragmentation" pod="defrag-exp/s4-mem-34-67b57f4875-jv8cc" originNode="ip-172-31-19-34" c1=0.021808202964682687 c2=0.854382388062576 c3=0.30027282049306997 c4=0
I0607 02:09:00.958191       1 resourcedefragmentation.go:278] "Eviction decision" plugin="ResourceDefragmentation" ExtensionPoint="Balance" pod="defrag-exp/s4-mem-34-67b57f4875-jv8cc" originNode="ip-172-31-19-34" predictedTarget="ip-172-31-1-245"
E0607 02:09:00.964540       1 event_broadcaster.go:270] "Server rejected event (will not retry!)" err="events.events.k8s.io is forbidden: User \"system:serviceaccount:kube-system:descheduler\" cannot create resource \"events\" in API group \"events.k8s.io\" in the namespace \"defrag-exp\"" event="&Event{ObjectMeta:{s4-mem-34-67b57f4875-pt4zm.18b6aa79607917b8  defrag-exp    0 0001-01-01 00:00:00 +0000 UTC <nil> <nil> map[] map[] [] [] []},EventTime:2026-06-07 02:09:00.95791412 +0000 UTC m=+0.563992886,Series:nil,ReportingController:sigs.k8s.io.descheduler,ReportingInstance:sigs.k8s.io.descheduler-descheduler-job-4lw6p,Action:Descheduled,Reason:ResourceDefragmentation,Regarding:{Pod defrag-exp s4-mem-34-67b57f4875-pt4zm 1b908e49-80ce-4094-af00-e512aeb06cd6 v1 349265 },Related:nil,Note:pod eviction from ip-172-31-19-34 node by sigs.k8s.io/descheduler,Type:Normal,DeprecatedSource:{ },DeprecatedFirstTimestamp:0001-01-01 00:00:00 +0000 UTC,DeprecatedLastTimestamp:0001-01-01 00:00:00 +0000 UTC,DeprecatedCount:0,}"
I0607 02:09:01.067304       1 evictions.go:558] "Evicted pod" pod="defrag-exp/s4-mem-34-67b57f4875-jv8cc" reason="" strategy="ResourceDefragmentation" node="ip-172-31-19-34" profile="default"
I0607 02:09:01.067370       1 resourcedefragmentation.go:260] "Draining under-utilized node" plugin="ResourceDefragmentation" ExtensionPoint="Balance" node="ip-172-31-3-39" priority=11.79763975003293
I0607 02:09:01.067471       1 resourcedefragmentation.go:757] "Candidate score inputs" plugin="ResourceDefragmentation" pod="defrag-exp/s4-mem-39-5d5899dbd4-vhn9g" originNode="ip-172-31-3-39" c1=0.0635963266772205 c2=-999.9 c3=0.26477758521086076 c4=0
I0607 02:09:01.067540       1 resourcedefragmentation.go:757] "Candidate score inputs" plugin="ResourceDefragmentation" pod="defrag-exp/s4-mem-39-5d5899dbd4-fnc5w" originNode="ip-172-31-3-39" c1=0.0635963266772205 c2=-999.9 c3=0.26477758521086076 c4=0
I0607 02:09:01.067573       1 resourcedefragmentation.go:757] "Candidate score inputs" plugin="ResourceDefragmentation" pod="defrag-exp/s4-mem-39-5d5899dbd4-zz9pj" originNode="ip-172-31-3-39" c1=0.0635963266772205 c2=-999.9 c3=0.26477758521086076 c4=0
I0607 02:09:01.067643       1 resourcedefragmentation.go:274] "No feasible scheduler target within ceiling; leaving pod in place" plugin="ResourceDefragmentation" ExtensionPoint="Balance" pod="defrag-exp/s4-mem-39-5d5899dbd4-vhn9g" originNode="ip-172-31-3-39"
I0607 02:09:01.067709       1 resourcedefragmentation.go:757] "Candidate score inputs" plugin="ResourceDefragmentation" pod="defrag-exp/s4-mem-39-5d5899dbd4-fnc5w" originNode="ip-172-31-3-39" c1=0.0635963266772205 c2=-999.9 c3=0.26477758521086076 c4=0
I0607 02:09:01.067773       1 resourcedefragmentation.go:757] "Candidate score inputs" plugin="ResourceDefragmentation" pod="defrag-exp/s4-mem-39-5d5899dbd4-zz9pj" originNode="ip-172-31-3-39" c1=0.0635963266772205 c2=-999.9 c3=0.26477758521086076 c4=0
I0607 02:09:01.067853       1 resourcedefragmentation.go:274] "No feasible scheduler target within ceiling; leaving pod in place" plugin="ResourceDefragmentation" ExtensionPoint="Balance" pod="defrag-exp/s4-mem-39-5d5899dbd4-fnc5w" originNode="ip-172-31-3-39"
I0607 02:09:01.067905       1 resourcedefragmentation.go:757] "Candidate score inputs" plugin="ResourceDefragmentation" pod="defrag-exp/s4-mem-39-5d5899dbd4-zz9pj" originNode="ip-172-31-3-39" c1=0.0635963266772205 c2=-999.9 c3=0.26477758521086076 c4=0
I0607 02:09:01.067945       1 resourcedefragmentation.go:274] "No feasible scheduler target within ceiling; leaving pod in place" plugin="ResourceDefragmentation" ExtensionPoint="Balance" pod="defrag-exp/s4-mem-39-5d5899dbd4-zz9pj" originNode="ip-172-31-3-39"
I0607 02:09:01.068073       1 profile.go:425] "Total number of evictions/requests" extension point="Balance" evictedPods=4 evictionRequests=0
I0607 02:09:01.068233       1 descheduler.go:252] "Number of evictions/requests" totalEvicted=4 evictionRequests=0
E0607 02:09:01.068550       1 event_broadcaster.go:279] "Unable to write event (may retry after sleeping)" err="Post \"https://10.96.0.1:443/apis/events.k8s.io/v1/namespaces/defrag-exp/events\": context canceled"
I0607 02:09:01.068693       1 reflector.go:373] "Stopping reflector" type="*v1.Pod" resyncPeriod="0s" reflector="k8s.io/client-go/informers/factory.go:161"
I0607 02:09:01.068780       1 reflector.go:373] "Stopping reflector" type="*v1.Node" resyncPeriod="0s" reflector="k8s.io/client-go/informers/factory.go:161"
I0607 02:09:01.068813       1 reflector.go:373] "Stopping reflector" type="*v1.PersistentVolumeClaim" resyncPeriod="0s" reflector="k8s.io/client-go/informers/factory.go:161"
I0607 02:09:01.069125       1 tlsconfig.go:258] "Shutting down DynamicServingCertificateController"
I0607 02:09:01.069271       1 secure_serving.go:259] Stopped listening on [::]:10258
