I0607 02:09:24.756617       1 feature_gate.go:466] feature gates: {map[]}
I0607 02:09:24.891554       1 secure_serving.go:57] Forcing use of http/1.1 only
I0607 02:09:24.891905       1 named_certificates.go:53] "Loaded SNI cert" index=0 certName="self-signed loopback" certDetail="\"apiserver-loopback-client@1780798164\" [serving] validServingFor=[apiserver-loopback-client] issuer=\"apiserver-loopback-client-ca@1780798164\" (2026-06-07 01:09:24 +0000 UTC to 2029-06-07 01:09:24 +0000 UTC (now=2026-06-07 02:09:24.891854368 +0000 UTC))"
I0607 02:09:24.891959       1 secure_serving.go:211] Serving securely on [::]:10258
I0607 02:09:24.891979       1 tracing.go:88] Did not find a trace collector endpoint defined. Switching to NoopTraceProvider
I0607 02:09:24.892041       1 tlsconfig.go:243] "Starting DynamicServingCertificateController"
I0607 02:09:24.892389       1 envvar.go:172] "Feature gate default state" feature="ClientsAllowCBOR" enabled=false
I0607 02:09:24.892414       1 envvar.go:172] "Feature gate default state" feature="ClientsPreferCBOR" enabled=false
I0607 02:09:24.892420       1 envvar.go:172] "Feature gate default state" feature="InOrderInformers" enabled=true
I0607 02:09:24.892426       1 envvar.go:172] "Feature gate default state" feature="InOrderInformersBatchProcess" enabled=true
I0607 02:09:24.892433       1 envvar.go:172] "Feature gate default state" feature="InformerResourceVersion" enabled=true
I0607 02:09:24.892438       1 envvar.go:172] "Feature gate default state" feature="WatchListClient" enabled=true
W0607 02:09:24.901410       1 descheduler.go:333] failed to convert Descheduler minor version '' to float: strconv.ParseFloat: parsing "": invalid syntax
I0607 02:09:24.911068       1 reflector.go:367] "Starting reflector" type="*v1.Node" resyncPeriod="0s" reflector="k8s.io/client-go/informers/factory.go:161"
I0607 02:09:24.911105       1 reflector.go:411] "Listing and watching" type="*v1.Node" reflector="k8s.io/client-go/informers/factory.go:161"
I0607 02:09:24.911154       1 reflector.go:367] "Starting reflector" type="*v1.PersistentVolumeClaim" resyncPeriod="0s" reflector="k8s.io/client-go/informers/factory.go:161"
I0607 02:09:24.911165       1 reflector.go:411] "Listing and watching" type="*v1.PersistentVolumeClaim" reflector="k8s.io/client-go/informers/factory.go:161"
I0607 02:09:24.911068       1 reflector.go:367] "Starting reflector" type="*v1.Pod" resyncPeriod="0s" reflector="k8s.io/client-go/informers/factory.go:161"
I0607 02:09:24.911296       1 reflector.go:411] "Listing and watching" type="*v1.Pod" reflector="k8s.io/client-go/informers/factory.go:161"
I0607 02:09:24.916570       1 reflector.go:446] "Caches populated" type="*v1.PersistentVolumeClaim" reflector="k8s.io/client-go/informers/factory.go:161"
I0607 02:09:24.920204       1 reflector.go:446] "Caches populated" type="*v1.Node" reflector="k8s.io/client-go/informers/factory.go:161"
I0607 02:09:24.923837       1 reflector.go:446] "Caches populated" type="*v1.Pod" reflector="k8s.io/client-go/informers/factory.go:161"
I0607 02:09:25.011189       1 descheduler.go:235] Resetting pod evictor counters
I0607 02:09:25.011323       1 resourcedefragmentation.go:158] "Starting resource defragmentation balance pass" plugin="ResourceDefragmentation" ExtensionPoint="Balance" nodeCount=7
I0607 02:09:25.011389       1 resourcedefragmentation.go:199] "Node state" plugin="ResourceDefragmentation" ExtensionPoint="Balance" node="ip-172-31-16-198" avgUtilization=0.7130705905574357 minUtilization=0.44614118111487155 binScore=0.5896058858361537 usageSource="requests"
I0607 02:09:25.011415       1 resourcedefragmentation.go:199] "Node state" plugin="ResourceDefragmentation" ExtensionPoint="Balance" node="ip-172-31-19-34" avgUtilization=0.055810855049369584 minUtilization=0.05 binScore=0.5220945724753152 usageSource="requests"
I0607 02:09:25.011438       1 resourcedefragmentation.go:199] "Node state" plugin="ResourceDefragmentation" ExtensionPoint="Balance" node="ip-172-31-3-39" avgUtilization=0.5444848834970153 minUtilization=0.14 binScore=0.3677575582514924 usageSource="requests"
I0607 02:09:25.011459       1 resourcedefragmentation.go:199] "Node state" plugin="ResourceDefragmentation" ExtensionPoint="Balance" node="ip-172-31-31-146" avgUtilization=0.8445735825803128 minUtilization=0.84 binScore=0.9177132087098436 usageSource="requests"
I0607 02:09:25.011474       1 resourcedefragmentation.go:199] "Node state" plugin="ResourceDefragmentation" ExtensionPoint="Balance" node="ip-172-31-6-144" avgUtilization=0.05581634421856492 minUtilization=0.05 binScore=0.5220918278907175 usageSource="requests"
I0607 02:09:25.011487       1 resourcedefragmentation.go:165] "Skipping control-plane node" plugin="ResourceDefragmentation" ExtensionPoint="Balance" node="ip-172-31-84-108"
I0607 02:09:25.011502       1 resourcedefragmentation.go:199] "Node state" plugin="ResourceDefragmentation" ExtensionPoint="Balance" node="ip-172-31-1-245" avgUtilization=0.5483174838576099 minUtilization=0.41663496771521985 binScore=0.6424762257864148 usageSource="requests"
I0607 02:09:25.011571       1 resourcedefragmentation.go:237] "Node is a drain candidate" plugin="ResourceDefragmentation" ExtensionPoint="Balance" node="ip-172-31-3-39" avgUtilization=0.5444848834970153 binScore=0.3677575582514924 imbalanceIndex=-0.8089697669940304 freeSpaceIndex=0.04388600038513383 priority=11.79763975003293
I0607 02:09:25.011613       1 resourcedefragmentation.go:260] "Draining under-utilized node" plugin="ResourceDefragmentation" ExtensionPoint="Balance" node="ip-172-31-3-39" priority=11.79763975003293
I0607 02:09:25.011631       1 resourcedefragmentation.go:757] "Candidate score inputs" plugin="ResourceDefragmentation" pod="defrag-exp/s4-mem-39-5d5899dbd4-fnc5w" originNode="ip-172-31-3-39" c1=0.0635963266772205 c2=0.854382388062576 c3=0.26477758521086076 c4=0
I0607 02:09:25.011648       1 resourcedefragmentation.go:757] "Candidate score inputs" plugin="ResourceDefragmentation" pod="defrag-exp/s4-mem-39-5d5899dbd4-zz9pj" originNode="ip-172-31-3-39" c1=0.0635963266772205 c2=0.854382388062576 c3=0.26477758521086076 c4=0
I0607 02:09:25.011675       1 resourcedefragmentation.go:757] "Candidate score inputs" plugin="ResourceDefragmentation" pod="defrag-exp/s4-mem-39-5d5899dbd4-vhn9g" originNode="ip-172-31-3-39" c1=0.0635963266772205 c2=0.854382388062576 c3=0.26477758521086076 c4=0
I0607 02:09:25.011704       1 resourcedefragmentation.go:278] "Eviction decision" plugin="ResourceDefragmentation" ExtensionPoint="Balance" pod="defrag-exp/s4-mem-39-5d5899dbd4-fnc5w" originNode="ip-172-31-3-39" predictedTarget="ip-172-31-1-245"
I0607 02:09:25.040705       1 evictions.go:558] "Evicted pod" pod="defrag-exp/s4-mem-39-5d5899dbd4-fnc5w" reason="" strategy="ResourceDefragmentation" node="ip-172-31-3-39" profile="default"
I0607 02:09:25.040770       1 resourcedefragmentation.go:757] "Candidate score inputs" plugin="ResourceDefragmentation" pod="defrag-exp/s4-mem-39-5d5899dbd4-zz9pj" originNode="ip-172-31-3-39" c1=0.04270208627541747 c2=-999.9 c3=0.2825245522819179 c4=0
I0607 02:09:25.040793       1 resourcedefragmentation.go:757] "Candidate score inputs" plugin="ResourceDefragmentation" pod="defrag-exp/s4-mem-39-5d5899dbd4-vhn9g" originNode="ip-172-31-3-39" c1=0.04270208627541747 c2=-999.9 c3=0.2825245522819179 c4=0
I0607 02:09:25.040813       1 resourcedefragmentation.go:274] "No feasible scheduler target within ceiling; leaving pod in place" plugin="ResourceDefragmentation" ExtensionPoint="Balance" pod="defrag-exp/s4-mem-39-5d5899dbd4-zz9pj" originNode="ip-172-31-3-39"
I0607 02:09:25.040826       1 resourcedefragmentation.go:757] "Candidate score inputs" plugin="ResourceDefragmentation" pod="defrag-exp/s4-mem-39-5d5899dbd4-vhn9g" originNode="ip-172-31-3-39" c1=0.04270208627541747 c2=-999.9 c3=0.2825245522819179 c4=0
I0607 02:09:25.040843       1 resourcedefragmentation.go:274] "No feasible scheduler target within ceiling; leaving pod in place" plugin="ResourceDefragmentation" ExtensionPoint="Balance" pod="defrag-exp/s4-mem-39-5d5899dbd4-vhn9g" originNode="ip-172-31-3-39"
I0607 02:09:25.040876       1 profile.go:425] "Total number of evictions/requests" extension point="Balance" evictedPods=1 evictionRequests=0
I0607 02:09:25.040901       1 descheduler.go:252] "Number of evictions/requests" totalEvicted=1 evictionRequests=0
E0607 02:09:25.042556       1 event_broadcaster.go:279] "Unable to write event (may retry after sleeping)" err="client rate limiter Wait returned an error: context canceled"
I0607 02:09:25.042616       1 reflector.go:373] "Stopping reflector" type="*v1.Pod" resyncPeriod="0s" reflector="k8s.io/client-go/informers/factory.go:161"
I0607 02:09:25.042641       1 reflector.go:373] "Stopping reflector" type="*v1.Node" resyncPeriod="0s" reflector="k8s.io/client-go/informers/factory.go:161"
I0607 02:09:25.042696       1 reflector.go:373] "Stopping reflector" type="*v1.PersistentVolumeClaim" resyncPeriod="0s" reflector="k8s.io/client-go/informers/factory.go:161"
I0607 02:09:25.042940       1 tlsconfig.go:258] "Shutting down DynamicServingCertificateController"
I0607 02:09:25.043093       1 secure_serving.go:259] Stopped listening on [::]:10258
