I0607 06:13:28.264713       1 feature_gate.go:466] feature gates: {map[]}
I0607 06:13:28.576831       1 secure_serving.go:57] Forcing use of http/1.1 only
I0607 06:13:28.577325       1 named_certificates.go:53] "Loaded SNI cert" index=0 certName="self-signed loopback" certDetail="\"apiserver-loopback-client@1780812808\" [serving] validServingFor=[apiserver-loopback-client] issuer=\"apiserver-loopback-client-ca@1780812808\" (2026-06-07 05:13:28 +0000 UTC to 2029-06-07 05:13:28 +0000 UTC (now=2026-06-07 06:13:28.577281372 +0000 UTC))"
I0607 06:13:28.577366       1 secure_serving.go:211] Serving securely on [::]:10258
I0607 06:13:28.577379       1 tracing.go:88] Did not find a trace collector endpoint defined. Switching to NoopTraceProvider
I0607 06:13:28.577488       1 tlsconfig.go:243] "Starting DynamicServingCertificateController"
I0607 06:13:28.577714       1 envvar.go:172] "Feature gate default state" feature="InOrderInformers" enabled=true
I0607 06:13:28.577738       1 envvar.go:172] "Feature gate default state" feature="InOrderInformersBatchProcess" enabled=true
I0607 06:13:28.577745       1 envvar.go:172] "Feature gate default state" feature="InformerResourceVersion" enabled=true
I0607 06:13:28.577751       1 envvar.go:172] "Feature gate default state" feature="WatchListClient" enabled=true
I0607 06:13:28.577758       1 envvar.go:172] "Feature gate default state" feature="ClientsAllowCBOR" enabled=false
I0607 06:13:28.577764       1 envvar.go:172] "Feature gate default state" feature="ClientsPreferCBOR" enabled=false
W0607 06:13:28.585617       1 descheduler.go:333] failed to convert Descheduler minor version '' to float: strconv.ParseFloat: parsing "": invalid syntax
I0607 06:13:28.594116       1 reflector.go:367] "Starting reflector" type="*v1.Pod" resyncPeriod="0s" reflector="k8s.io/client-go/informers/factory.go:161"
I0607 06:13:28.594140       1 reflector.go:411] "Listing and watching" type="*v1.Pod" reflector="k8s.io/client-go/informers/factory.go:161"
I0607 06:13:28.594182       1 reflector.go:367] "Starting reflector" type="*v1.PersistentVolumeClaim" resyncPeriod="0s" reflector="k8s.io/client-go/informers/factory.go:161"
I0607 06:13:28.594198       1 reflector.go:411] "Listing and watching" type="*v1.PersistentVolumeClaim" reflector="k8s.io/client-go/informers/factory.go:161"
I0607 06:13:28.594121       1 reflector.go:367] "Starting reflector" type="*v1.Node" resyncPeriod="0s" reflector="k8s.io/client-go/informers/factory.go:161"
I0607 06:13:28.594443       1 reflector.go:411] "Listing and watching" type="*v1.Node" reflector="k8s.io/client-go/informers/factory.go:161"
I0607 06:13:28.600097       1 reflector.go:446] "Caches populated" type="*v1.PersistentVolumeClaim" reflector="k8s.io/client-go/informers/factory.go:161"
I0607 06:13:28.601588       1 reflector.go:446] "Caches populated" type="*v1.Node" reflector="k8s.io/client-go/informers/factory.go:161"
I0607 06:13:28.605427       1 reflector.go:446] "Caches populated" type="*v1.Pod" reflector="k8s.io/client-go/informers/factory.go:161"
I0607 06:13:28.695514       1 descheduler.go:235] Resetting pod evictor counters
I0607 06:13:28.695588       1 resourcedefragmentationc2.go:129] "Starting ResourceDefragmentationC2 balance pass" plugin="ResourceDefragmentationC2" ExtensionPoint="Balance" nodeCount=7
I0607 06:13:28.695749       1 resourcedefragmentationc2.go:205] "Eviction decision" plugin="ResourceDefragmentationC2" ExtensionPoint="Balance" pod="defrag-exp/s4-mem-34-67b57f4875-j8jb9" originNode="ip-172-31-19-34" predictedTarget="ip-172-31-1-245"
I0607 06:13:28.721391       1 evictions.go:558] "Evicted pod" pod="defrag-exp/s4-mem-34-67b57f4875-j8jb9" reason="" strategy="ResourceDefragmentationC2" node="ip-172-31-19-34" profile="default"
I0607 06:13:28.721621       1 profile.go:425] "Total number of evictions/requests" extension point="Balance" evictedPods=1 evictionRequests=0
I0607 06:13:28.721656       1 descheduler.go:252] "Number of evictions/requests" totalEvicted=1 evictionRequests=0
E0607 06:13:28.722355       1 event_broadcaster.go:279] "Unable to write event (may retry after sleeping)" err="client rate limiter Wait returned an error: context canceled"
I0607 06:13:28.722440       1 reflector.go:373] "Stopping reflector" type="*v1.Pod" resyncPeriod="0s" reflector="k8s.io/client-go/informers/factory.go:161"
I0607 06:13:28.722549       1 reflector.go:373] "Stopping reflector" type="*v1.Node" resyncPeriod="0s" reflector="k8s.io/client-go/informers/factory.go:161"
I0607 06:13:28.722580       1 reflector.go:373] "Stopping reflector" type="*v1.PersistentVolumeClaim" resyncPeriod="0s" reflector="k8s.io/client-go/informers/factory.go:161"
I0607 06:13:28.722987       1 secure_serving.go:259] Stopped listening on [::]:10258
I0607 06:13:28.723041       1 tlsconfig.go:258] "Shutting down DynamicServingCertificateController"
