I0606 13:37:09.606991       1 feature_gate.go:466] feature gates: {map[]}
I0606 13:37:09.873941       1 secure_serving.go:57] Forcing use of http/1.1 only
I0606 13:37:09.874458       1 named_certificates.go:53] "Loaded SNI cert" index=0 certName="self-signed loopback" certDetail="\"apiserver-loopback-client@1780753029\" [serving] validServingFor=[apiserver-loopback-client] issuer=\"apiserver-loopback-client-ca@1780753029\" (2026-06-06 12:37:09 +0000 UTC to 2029-06-06 12:37:09 +0000 UTC (now=2026-06-06 13:37:09.874422251 +0000 UTC))"
I0606 13:37:09.874527       1 secure_serving.go:211] Serving securely on [::]:10258
I0606 13:37:09.874651       1 tracing.go:88] Did not find a trace collector endpoint defined. Switching to NoopTraceProvider
I0606 13:37:09.874723       1 tlsconfig.go:243] "Starting DynamicServingCertificateController"
I0606 13:37:09.875156       1 envvar.go:172] "Feature gate default state" feature="WatchListClient" enabled=true
I0606 13:37:09.875180       1 envvar.go:172] "Feature gate default state" feature="ClientsAllowCBOR" enabled=false
I0606 13:37:09.875188       1 envvar.go:172] "Feature gate default state" feature="ClientsPreferCBOR" enabled=false
I0606 13:37:09.875194       1 envvar.go:172] "Feature gate default state" feature="InOrderInformers" enabled=true
I0606 13:37:09.875221       1 envvar.go:172] "Feature gate default state" feature="InOrderInformersBatchProcess" enabled=true
I0606 13:37:09.875229       1 envvar.go:172] "Feature gate default state" feature="InformerResourceVersion" enabled=true
W0606 13:37:09.883876       1 descheduler.go:333] failed to convert Descheduler minor version '' to float: strconv.ParseFloat: parsing "": invalid syntax
I0606 13:37:09.892355       1 reflector.go:367] "Starting reflector" type="*v1.PersistentVolumeClaim" resyncPeriod="0s" reflector="k8s.io/client-go/informers/factory.go:161"
I0606 13:37:09.892349       1 reflector.go:367] "Starting reflector" type="*v1.Pod" resyncPeriod="0s" reflector="k8s.io/client-go/informers/factory.go:161"
I0606 13:37:09.892376       1 reflector.go:411] "Listing and watching" type="*v1.PersistentVolumeClaim" reflector="k8s.io/client-go/informers/factory.go:161"
I0606 13:37:09.892378       1 reflector.go:411] "Listing and watching" type="*v1.Pod" reflector="k8s.io/client-go/informers/factory.go:161"
I0606 13:37:09.892654       1 reflector.go:367] "Starting reflector" type="*v1.Node" resyncPeriod="0s" reflector="k8s.io/client-go/informers/factory.go:161"
I0606 13:37:09.892665       1 reflector.go:411] "Listing and watching" type="*v1.Node" reflector="k8s.io/client-go/informers/factory.go:161"
I0606 13:37:09.899125       1 reflector.go:978] "Exiting watch because received the bookmark that marks the end of initial events stream" reflector="k8s.io/client-go/informers/factory.go:161" totalItems=1 duration="6.693754ms"
I0606 13:37:09.899163       1 reflector.go:446] "Caches populated" type="*v1.PersistentVolumeClaim" reflector="k8s.io/client-go/informers/factory.go:161"
I0606 13:37:09.902747       1 reflector.go:978] "Exiting watch because received the bookmark that marks the end of initial events stream" reflector="k8s.io/client-go/informers/factory.go:161" totalItems=8 duration="10.057918ms"
I0606 13:37:09.902873       1 reflector.go:446] "Caches populated" type="*v1.Node" reflector="k8s.io/client-go/informers/factory.go:161"
I0606 13:37:09.903812       1 reflector.go:978] "Exiting watch because received the bookmark that marks the end of initial events stream" reflector="k8s.io/client-go/informers/factory.go:161" totalItems=28 duration="11.402053ms"
I0606 13:37:09.903876       1 reflector.go:446] "Caches populated" type="*v1.Pod" reflector="k8s.io/client-go/informers/factory.go:161"
I0606 13:37:09.992426       1 descheduler.go:235] Resetting pod evictor counters
I0606 13:37:09.992511       1 resourcedefragmentation.go:178] "Starting resource defragmentation balance pass" plugin="ResourceDefragmentation" ExtensionPoint="Balance" nodeCount=7
I0606 13:37:09.992569       1 resourcedefragmentation.go:219] "Node state" plugin="ResourceDefragmentation" ExtensionPoint="Balance" node="ip-172-31-19-34" avgUtilization=0.055810706720585405 minUtilization=0.05 binScore=0.5220946466397073 usageSource="requests"
I0606 13:37:09.992698       1 resourcedefragmentation.go:219] "Node state" plugin="ResourceDefragmentation" ExtensionPoint="Balance" node="ip-172-31-3-39" avgUtilization=0.778214904679376 minUtilization=0.7764298093587522 binScore=0.887322357019064 usageSource="requests"
I0606 13:37:09.992734       1 resourcedefragmentation.go:219] "Node state" plugin="ResourceDefragmentation" ExtensionPoint="Balance" node="ip-172-31-31-146" avgUtilization=0.05581100337958193 minUtilization=0.05 binScore=0.522094498310209 usageSource="requests"
I0606 13:37:09.992749       1 resourcedefragmentation.go:219] "Node state" plugin="ResourceDefragmentation" ExtensionPoint="Balance" node="ip-172-31-6-144" avgUtilization=0.05581115171122249 minUtilization=0.05 binScore=0.5220944241443888 usageSource="requests"
I0606 13:37:09.992760       1 resourcedefragmentation.go:185] "Skipping control-plane node" plugin="ResourceDefragmentation" ExtensionPoint="Balance" node="ip-172-31-84-108"
I0606 13:37:09.992781       1 resourcedefragmentation.go:219] "Node state" plugin="ResourceDefragmentation" ExtensionPoint="Balance" node="ip-172-31-1-245" avgUtilization=0.27675450084985287 minUtilization=0.27 binScore=0.6316227495750736 usageSource="requests"
I0606 13:37:09.992798       1 resourcedefragmentation.go:219] "Node state" plugin="ResourceDefragmentation" ExtensionPoint="Balance" node="ip-172-31-16-198" avgUtilization=0.7655411156418046 minUtilization=0.73 binScore=0.8472294421790978 usageSource="requests"
I0606 13:37:09.992836       1 resourcedefragmentation.go:257] "Node is a drain candidate" plugin="ResourceDefragmentation" ExtensionPoint="Balance" node="ip-172-31-1-245" avgUtilization=0.27675450084985287 binScore=0.6316227495750736 imbalanceIndex=-0.013509001699705758 freeSpaceIndex=0.5230384287592147 priority=0.9627072041541527
I0606 13:37:09.992894       1 resourcedefragmentation.go:280] "Draining under-utilized node" plugin="ResourceDefragmentation" ExtensionPoint="Balance" node="ip-172-31-1-245" priority=0.9627072041541527
I0606 13:37:09.992915       1 resourcedefragmentation.go:867] "Candidate score inputs" plugin="ResourceDefragmentation" pod="defrag-exp/s5-mem-245-76b5b55d77-n5w7h" originNode="ip-172-31-1-245" c1=0.00047217603475385023 c2=-999.9 c3=0.1622475599832437 c4=0
I0606 13:37:09.993000       1 resourcedefragmentation.go:867] "Candidate score inputs" plugin="ResourceDefragmentation" pod="defrag-exp/s5-cpu-245-7cc476ccfd-drjm9" originNode="ip-172-31-1-245" c1=-0.00047375270127791364 c2=-999.9 c3=0.1662254493627307 c4=0
I0606 13:37:09.993076       1 resourcedefragmentation.go:294] "No feasible scheduler target within ceiling; leaving pod in place" plugin="ResourceDefragmentation" ExtensionPoint="Balance" pod="defrag-exp/s5-mem-245-76b5b55d77-n5w7h" originNode="ip-172-31-1-245"
I0606 13:37:09.993155       1 resourcedefragmentation.go:867] "Candidate score inputs" plugin="ResourceDefragmentation" pod="defrag-exp/s5-cpu-245-7cc476ccfd-drjm9" originNode="ip-172-31-1-245" c1=-0.00047375270127791364 c2=-999.9 c3=0.1662254493627307 c4=0
I0606 13:37:09.993227       1 resourcedefragmentation.go:294] "No feasible scheduler target within ceiling; leaving pod in place" plugin="ResourceDefragmentation" ExtensionPoint="Balance" pod="defrag-exp/s5-cpu-245-7cc476ccfd-drjm9" originNode="ip-172-31-1-245"
I0606 13:37:09.993330       1 profile.go:425] "Total number of evictions/requests" extension point="Balance" evictedPods=0 evictionRequests=0
I0606 13:37:09.993409       1 descheduler.go:252] "Number of evictions/requests" totalEvicted=0 evictionRequests=0
I0606 13:37:09.993663       1 reflector.go:373] "Stopping reflector" type="*v1.Pod" resyncPeriod="0s" reflector="k8s.io/client-go/informers/factory.go:161"
I0606 13:37:09.993815       1 reflector.go:373] "Stopping reflector" type="*v1.Node" resyncPeriod="0s" reflector="k8s.io/client-go/informers/factory.go:161"
I0606 13:37:09.994026       1 reflector.go:373] "Stopping reflector" type="*v1.PersistentVolumeClaim" resyncPeriod="0s" reflector="k8s.io/client-go/informers/factory.go:161"
I0606 13:37:09.994937       1 tlsconfig.go:258] "Shutting down DynamicServingCertificateController"
I0606 13:37:09.994992       1 secure_serving.go:259] Stopped listening on [::]:10258
