I0606 04:35:15.421354       1 feature_gate.go:466] feature gates: {map[]}
I0606 04:35:15.563240       1 secure_serving.go:57] Forcing use of http/1.1 only
I0606 04:35:15.563731       1 named_certificates.go:53] "Loaded SNI cert" index=0 certName="self-signed loopback" certDetail="\"apiserver-loopback-client@1780720515\" [serving] validServingFor=[apiserver-loopback-client] issuer=\"apiserver-loopback-client-ca@1780720515\" (2026-06-06 03:35:15 +0000 UTC to 2029-06-06 03:35:15 +0000 UTC (now=2026-06-06 04:35:15.56369704 +0000 UTC))"
I0606 04:35:15.563778       1 secure_serving.go:211] Serving securely on [::]:10258
I0606 04:35:15.563797       1 tracing.go:88] Did not find a trace collector endpoint defined. Switching to NoopTraceProvider
I0606 04:35:15.563850       1 tlsconfig.go:243] "Starting DynamicServingCertificateController"
I0606 04:35:15.564270       1 envvar.go:172] "Feature gate default state" feature="WatchListClient" enabled=true
I0606 04:35:15.564292       1 envvar.go:172] "Feature gate default state" feature="ClientsAllowCBOR" enabled=false
I0606 04:35:15.564298       1 envvar.go:172] "Feature gate default state" feature="ClientsPreferCBOR" enabled=false
I0606 04:35:15.564303       1 envvar.go:172] "Feature gate default state" feature="InOrderInformers" enabled=true
I0606 04:35:15.564309       1 envvar.go:172] "Feature gate default state" feature="InOrderInformersBatchProcess" enabled=true
I0606 04:35:15.564315       1 envvar.go:172] "Feature gate default state" feature="InformerResourceVersion" enabled=true
W0606 04:35:15.572857       1 descheduler.go:333] failed to convert Descheduler minor version '' to float: strconv.ParseFloat: parsing "": invalid syntax
I0606 04:35:15.582939       1 reflector.go:367] "Starting reflector" type="*v1.Pod" resyncPeriod="0s" reflector="k8s.io/client-go/informers/factory.go:161"
I0606 04:35:15.583791       1 reflector.go:411] "Listing and watching" type="*v1.Pod" reflector="k8s.io/client-go/informers/factory.go:161"
I0606 04:35:15.583673       1 reflector.go:367] "Starting reflector" type="*v1.PersistentVolumeClaim" resyncPeriod="0s" reflector="k8s.io/client-go/informers/factory.go:161"
I0606 04:35:15.584100       1 reflector.go:411] "Listing and watching" type="*v1.PersistentVolumeClaim" reflector="k8s.io/client-go/informers/factory.go:161"
I0606 04:35:15.583753       1 reflector.go:367] "Starting reflector" type="*v1.Node" resyncPeriod="0s" reflector="k8s.io/client-go/informers/factory.go:161"
I0606 04:35:15.584467       1 reflector.go:411] "Listing and watching" type="*v1.Node" reflector="k8s.io/client-go/informers/factory.go:161"
I0606 04:35:15.590456       1 reflector.go:446] "Caches populated" type="*v1.PersistentVolumeClaim" reflector="k8s.io/client-go/informers/factory.go:161"
I0606 04:35:15.592780       1 reflector.go:446] "Caches populated" type="*v1.Node" reflector="k8s.io/client-go/informers/factory.go:161"
I0606 04:35:15.593300       1 reflector.go:446] "Caches populated" type="*v1.Pod" reflector="k8s.io/client-go/informers/factory.go:161"
I0606 04:35:15.683345       1 descheduler.go:235] Resetting pod evictor counters
I0606 04:35:15.683446       1 resourcedefragmentation.go:158] "Starting resource defragmentation balance pass" plugin="ResourceDefragmentation" ExtensionPoint="Balance" nodeCount=7
I0606 04:35:15.683509       1 resourcedefragmentation.go:199] "Node state" plugin="ResourceDefragmentation" ExtensionPoint="Balance" node="ip-172-31-19-34" avgUtilization=0.4554592720970537 minUtilization=0.11091854419410745 binScore=0.38318890814558054 usageSource="requests"
I0606 04:35:15.683742       1 resourcedefragmentation.go:199] "Node state" plugin="ResourceDefragmentation" ExtensionPoint="Balance" node="ip-172-31-3-39" avgUtilization=0.4554595390888653 minUtilization=0.11091907817773049 binScore=0.38318930863329786 usageSource="requests"
I0606 04:35:15.683785       1 resourcedefragmentation.go:199] "Node state" plugin="ResourceDefragmentation" ExtensionPoint="Balance" node="ip-172-31-31-146" avgUtilization=0.9743091661852494 minUtilization=0.9736183323704988 binScore=0.9864637492778741 usageSource="requests"
I0606 04:35:15.683861       1 resourcedefragmentation.go:199] "Node state" plugin="ResourceDefragmentation" ExtensionPoint="Balance" node="ip-172-31-6-144" avgUtilization=0.9743115097800394 minUtilization=0.9736230195600788 binScore=0.9864672646700592 usageSource="requests"
I0606 04:35:15.683935       1 resourcedefragmentation.go:165] "Skipping control-plane node" plugin="ResourceDefragmentation" ExtensionPoint="Balance" node="ip-172-31-84-108"
I0606 04:35:15.683975       1 resourcedefragmentation.go:199] "Node state" plugin="ResourceDefragmentation" ExtensionPoint="Balance" node="ip-172-31-1-245" avgUtilization=0.304053533602927 minUtilization=0.3 binScore=0.6479732331985364 usageSource="requests"
I0606 04:35:15.684005       1 resourcedefragmentation.go:199] "Node state" plugin="ResourceDefragmentation" ExtensionPoint="Balance" node="ip-172-31-16-198" avgUtilization=0.055810855049369584 minUtilization=0.05 binScore=0.5220945724753152 usageSource="requests"
I0606 04:35:15.684151       1 resourcedefragmentation.go:237] "Node is a drain candidate" plugin="ResourceDefragmentation" ExtensionPoint="Balance" node="ip-172-31-19-34" avgUtilization=0.4554592720970537 binScore=0.38318890814558054 imbalanceIndex=0.6890814558058926 freeSpaceIndex=0.17781629116117853 priority=3.1564315645282273
I0606 04:35:15.684204       1 resourcedefragmentation.go:237] "Node is a drain candidate" plugin="ResourceDefragmentation" ExtensionPoint="Balance" node="ip-172-31-3-39" avgUtilization=0.4554595390888653 binScore=0.38318930863329786 imbalanceIndex=0.6890809218222695 freeSpaceIndex=0.1778161843644539 priority=3.15643298636318
I0606 04:35:15.684300       1 resourcedefragmentation.go:237] "Node is a drain candidate" plugin="ResourceDefragmentation" ExtensionPoint="Balance" node="ip-172-31-1-245" avgUtilization=0.304053533602927 binScore=0.6479732331985364 imbalanceIndex=-0.008107067205854024 freeSpaceIndex=0.48432505295590217 priority=1.036418051699183
I0606 04:35:15.684360       1 resourcedefragmentation.go:260] "Draining under-utilized node" plugin="ResourceDefragmentation" ExtensionPoint="Balance" node="ip-172-31-3-39" priority=3.15643298636318
I0606 04:35:15.684388       1 resourcedefragmentation.go:757] "Candidate score inputs" plugin="ResourceDefragmentation" pod="defrag-exp/s3-cpu-39-694f845c9f-zqgd7" originNode="ip-172-31-3-39" c1=0.09053265291139108 c2=-999.9 c3=0.3475783390060611 c4=0
I0606 04:35:15.684409       1 resourcedefragmentation.go:757] "Candidate score inputs" plugin="ResourceDefragmentation" pod="defrag-exp/s3-cpu-39-694f845c9f-nxfvn" originNode="ip-172-31-3-39" c1=0.09053265291139108 c2=-999.9 c3=0.3475783390060611 c4=0
I0606 04:35:15.684482       1 resourcedefragmentation.go:274] "No feasible scheduler target within ceiling; leaving pod in place" plugin="ResourceDefragmentation" ExtensionPoint="Balance" pod="defrag-exp/s3-cpu-39-694f845c9f-zqgd7" originNode="ip-172-31-3-39"
I0606 04:35:15.684497       1 resourcedefragmentation.go:757] "Candidate score inputs" plugin="ResourceDefragmentation" pod="defrag-exp/s3-cpu-39-694f845c9f-nxfvn" originNode="ip-172-31-3-39" c1=0.09053265291139108 c2=-999.9 c3=0.3475783390060611 c4=0
I0606 04:35:15.684540       1 resourcedefragmentation.go:274] "No feasible scheduler target within ceiling; leaving pod in place" plugin="ResourceDefragmentation" ExtensionPoint="Balance" pod="defrag-exp/s3-cpu-39-694f845c9f-nxfvn" originNode="ip-172-31-3-39"
I0606 04:35:15.684557       1 resourcedefragmentation.go:260] "Draining under-utilized node" plugin="ResourceDefragmentation" ExtensionPoint="Balance" node="ip-172-31-19-34" priority=3.1564315645282273
I0606 04:35:15.684574       1 resourcedefragmentation.go:757] "Candidate score inputs" plugin="ResourceDefragmentation" pod="defrag-exp/s3-cpu-34-848456d98d-2l4ql" originNode="ip-172-31-19-34" c1=0.09053275373027483 c2=-999.9 c3=0.347578471018679 c4=0
I0606 04:35:15.684586       1 resourcedefragmentation.go:757] "Candidate score inputs" plugin="ResourceDefragmentation" pod="defrag-exp/s3-cpu-34-848456d98d-d9bzv" originNode="ip-172-31-19-34" c1=0.09053275373027483 c2=-999.9 c3=0.347578471018679 c4=0
I0606 04:35:15.684630       1 resourcedefragmentation.go:274] "No feasible scheduler target within ceiling; leaving pod in place" plugin="ResourceDefragmentation" ExtensionPoint="Balance" pod="defrag-exp/s3-cpu-34-848456d98d-2l4ql" originNode="ip-172-31-19-34"
I0606 04:35:15.684680       1 resourcedefragmentation.go:757] "Candidate score inputs" plugin="ResourceDefragmentation" pod="defrag-exp/s3-cpu-34-848456d98d-d9bzv" originNode="ip-172-31-19-34" c1=0.09053275373027483 c2=-999.9 c3=0.347578471018679 c4=0
I0606 04:35:15.684761       1 resourcedefragmentation.go:274] "No feasible scheduler target within ceiling; leaving pod in place" plugin="ResourceDefragmentation" ExtensionPoint="Balance" pod="defrag-exp/s3-cpu-34-848456d98d-d9bzv" originNode="ip-172-31-19-34"
I0606 04:35:15.684781       1 resourcedefragmentation.go:260] "Draining under-utilized node" plugin="ResourceDefragmentation" ExtensionPoint="Balance" node="ip-172-31-1-245" priority=1.036418051699183
I0606 04:35:15.684795       1 resourcedefragmentation.go:757] "Candidate score inputs" plugin="ResourceDefragmentation" pod="defrag-exp/s3-under-245-574b8b4b46-9mrgd" originNode="ip-172-31-1-245" c1=-0.0000017806900696470697 c2=-999.9 c3=0.18816194877720005 c4=0
I0606 04:35:15.684831       1 resourcedefragmentation.go:757] "Candidate score inputs" plugin="ResourceDefragmentation" pod="defrag-exp/s3-under-245-574b8b4b46-8fnq6" originNode="ip-172-31-1-245" c1=-0.0000017806900696470697 c2=-999.9 c3=0.18816194877720005 c4=0
I0606 04:35:15.684864       1 resourcedefragmentation.go:274] "No feasible scheduler target within ceiling; leaving pod in place" plugin="ResourceDefragmentation" ExtensionPoint="Balance" pod="defrag-exp/s3-under-245-574b8b4b46-9mrgd" originNode="ip-172-31-1-245"
I0606 04:35:15.684905       1 resourcedefragmentation.go:757] "Candidate score inputs" plugin="ResourceDefragmentation" pod="defrag-exp/s3-under-245-574b8b4b46-8fnq6" originNode="ip-172-31-1-245" c1=-0.0000017806900696470697 c2=-999.9 c3=0.18816194877720005 c4=0
I0606 04:35:15.684926       1 resourcedefragmentation.go:274] "No feasible scheduler target within ceiling; leaving pod in place" plugin="ResourceDefragmentation" ExtensionPoint="Balance" pod="defrag-exp/s3-under-245-574b8b4b46-8fnq6" originNode="ip-172-31-1-245"
I0606 04:35:15.685015       1 profile.go:425] "Total number of evictions/requests" extension point="Balance" evictedPods=0 evictionRequests=0
I0606 04:35:15.685048       1 descheduler.go:252] "Number of evictions/requests" totalEvicted=0 evictionRequests=0
I0606 04:35:15.685294       1 reflector.go:373] "Stopping reflector" type="*v1.Pod" resyncPeriod="0s" reflector="k8s.io/client-go/informers/factory.go:161"
I0606 04:35:15.685452       1 reflector.go:373] "Stopping reflector" type="*v1.Node" resyncPeriod="0s" reflector="k8s.io/client-go/informers/factory.go:161"
I0606 04:35:15.685563       1 reflector.go:373] "Stopping reflector" type="*v1.PersistentVolumeClaim" resyncPeriod="0s" reflector="k8s.io/client-go/informers/factory.go:161"
I0606 04:35:15.685855       1 tlsconfig.go:258] "Shutting down DynamicServingCertificateController"
I0606 04:35:15.686025       1 secure_serving.go:259] Stopped listening on [::]:10258
