I0606 14:53:56.257765       1 feature_gate.go:466] feature gates: {map[]}
I0606 14:53:56.442226       1 secure_serving.go:57] Forcing use of http/1.1 only
I0606 14:53:56.442589       1 named_certificates.go:53] "Loaded SNI cert" index=0 certName="self-signed loopback" certDetail="\"apiserver-loopback-client@1780757636\" [serving] validServingFor=[apiserver-loopback-client] issuer=\"apiserver-loopback-client-ca@1780757636\" (2026-06-06 13:53:56 +0000 UTC to 2029-06-06 13:53:56 +0000 UTC (now=2026-06-06 14:53:56.442554333 +0000 UTC))"
I0606 14:53:56.442676       1 secure_serving.go:211] Serving securely on [::]:10258
I0606 14:53:56.442754       1 tlsconfig.go:243] "Starting DynamicServingCertificateController"
I0606 14:53:56.442783       1 tracing.go:88] Did not find a trace collector endpoint defined. Switching to NoopTraceProvider
I0606 14:53:56.443273       1 envvar.go:172] "Feature gate default state" feature="InOrderInformers" enabled=true
I0606 14:53:56.443296       1 envvar.go:172] "Feature gate default state" feature="InOrderInformersBatchProcess" enabled=true
I0606 14:53:56.443303       1 envvar.go:172] "Feature gate default state" feature="InformerResourceVersion" enabled=true
I0606 14:53:56.443310       1 envvar.go:172] "Feature gate default state" feature="WatchListClient" enabled=true
I0606 14:53:56.443316       1 envvar.go:172] "Feature gate default state" feature="ClientsAllowCBOR" enabled=false
I0606 14:53:56.443322       1 envvar.go:172] "Feature gate default state" feature="ClientsPreferCBOR" enabled=false
W0606 14:53:56.451795       1 descheduler.go:333] failed to convert Descheduler minor version '' to float: strconv.ParseFloat: parsing "": invalid syntax
I0606 14:53:56.463205       1 reflector.go:367] "Starting reflector" type="*v1.Node" resyncPeriod="0s" reflector="k8s.io/client-go/informers/factory.go:161"
I0606 14:53:56.463334       1 reflector.go:411] "Listing and watching" type="*v1.Node" reflector="k8s.io/client-go/informers/factory.go:161"
I0606 14:53:56.463230       1 reflector.go:367] "Starting reflector" type="*v1.PersistentVolumeClaim" resyncPeriod="0s" reflector="k8s.io/client-go/informers/factory.go:161"
I0606 14:53:56.463403       1 reflector.go:411] "Listing and watching" type="*v1.PersistentVolumeClaim" reflector="k8s.io/client-go/informers/factory.go:161"
I0606 14:53:56.463266       1 reflector.go:367] "Starting reflector" type="*v1.Pod" resyncPeriod="0s" reflector="k8s.io/client-go/informers/factory.go:161"
I0606 14:53:56.463720       1 reflector.go:411] "Listing and watching" type="*v1.Pod" reflector="k8s.io/client-go/informers/factory.go:161"
I0606 14:53:56.470004       1 reflector.go:978] "Exiting watch because received the bookmark that marks the end of initial events stream" reflector="k8s.io/client-go/informers/factory.go:161" totalItems=8 duration="6.633061ms"
I0606 14:53:56.470244       1 reflector.go:446] "Caches populated" type="*v1.Node" reflector="k8s.io/client-go/informers/factory.go:161"
I0606 14:53:56.470976       1 reflector.go:978] "Exiting watch because received the bookmark that marks the end of initial events stream" reflector="k8s.io/client-go/informers/factory.go:161" totalItems=1 duration="7.551637ms"
I0606 14:53:56.471125       1 reflector.go:446] "Caches populated" type="*v1.PersistentVolumeClaim" reflector="k8s.io/client-go/informers/factory.go:161"
I0606 14:53:56.473578       1 reflector.go:978] "Exiting watch because received the bookmark that marks the end of initial events stream" reflector="k8s.io/client-go/informers/factory.go:161" totalItems=28 duration="9.814396ms"
I0606 14:53:56.473648       1 reflector.go:446] "Caches populated" type="*v1.Pod" reflector="k8s.io/client-go/informers/factory.go:161"
I0606 14:53:56.563844       1 descheduler.go:235] Resetting pod evictor counters
I0606 14:53:56.563936       1 resourcedefragmentation.go:178] "Starting resource defragmentation balance pass" plugin="ResourceDefragmentation" ExtensionPoint="Balance" nodeCount=7
I0606 14:53:56.564019       1 resourcedefragmentation.go:219] "Node state" plugin="ResourceDefragmentation" ExtensionPoint="Balance" node="ip-172-31-1-245" avgUtilization=0.3882133708584718 minUtilization=0.345 binScore=0.650893314570764 usageSource="requests"
I0606 14:53:56.564079       1 resourcedefragmentation.go:219] "Node state" plugin="ResourceDefragmentation" ExtensionPoint="Balance" node="ip-172-31-16-198" avgUtilization=0.40545953908886523 minUtilization=0.11091907817773049 binScore=0.4081893086332979 usageSource="requests"
I0606 14:53:56.564120       1 resourcedefragmentation.go:219] "Node state" plugin="ResourceDefragmentation" ExtensionPoint="Balance" node="ip-172-31-19-34" avgUtilization=0.4158906219911419 minUtilization=0.08 binScore=0.372054689004429 usageSource="requests"
I0606 14:53:56.564189       1 resourcedefragmentation.go:219] "Node state" plugin="ResourceDefragmentation" ExtensionPoint="Balance" node="ip-172-31-3-39" avgUtilization=0.6889177739264394 minUtilization=0.6778355478528789 binScore=0.8333766608896591 usageSource="requests"
I0606 14:53:56.564225       1 resourcedefragmentation.go:219] "Node state" plugin="ResourceDefragmentation" ExtensionPoint="Balance" node="ip-172-31-31-146" avgUtilization=0.05581100337958193 minUtilization=0.05 binScore=0.522094498310209 usageSource="requests"
I0606 14:53:56.564245       1 resourcedefragmentation.go:219] "Node state" plugin="ResourceDefragmentation" ExtensionPoint="Balance" node="ip-172-31-6-144" avgUtilization=0.05581115171122249 minUtilization=0.05 binScore=0.5220944241443888 usageSource="requests"
I0606 14:53:56.564259       1 resourcedefragmentation.go:185] "Skipping control-plane node" plugin="ResourceDefragmentation" ExtensionPoint="Balance" node="ip-172-31-84-108"
I0606 14:53:56.564321       1 resourcedefragmentation.go:257] "Node is a drain candidate" plugin="ResourceDefragmentation" ExtensionPoint="Balance" node="ip-172-31-1-245" avgUtilization=0.3882133708584718 binScore=0.650893314570764 imbalanceIndex=-0.08642674171694364 freeSpaceIndex=0.37241548417540193 priority=1.3857998666182698
I0606 14:53:56.564349       1 resourcedefragmentation.go:257] "Node is a drain candidate" plugin="ResourceDefragmentation" ExtensionPoint="Balance" node="ip-172-31-19-34" avgUtilization=0.4158906219911419 binScore=0.372054689004429 imbalanceIndex=-0.6717812439822839 freeSpaceIndex=0.22836125553629885 priority=2.5254038938761436
I0606 14:53:56.564399       1 resourcedefragmentation.go:280] "Draining under-utilized node" plugin="ResourceDefragmentation" ExtensionPoint="Balance" node="ip-172-31-19-34" priority=2.5254038938761436
I0606 14:53:56.564417       1 resourcedefragmentation.go:867] "Candidate score inputs" plugin="ResourceDefragmentation" pod="defrag-exp/s6c4-memskew-34-7994556cfd-pn7sl" originNode="ip-172-31-19-34" c1=0.3060741467363653 c2=0.8472294421790978 c3=0.6630984016945889 c4=0
I0606 14:53:56.564439       1 resourcedefragmentation.go:298] "Eviction decision" plugin="ResourceDefragmentation" ExtensionPoint="Balance" pod="defrag-exp/s6c4-memskew-34-7994556cfd-pn7sl" originNode="ip-172-31-19-34" predictedTarget="ip-172-31-16-198"
I0606 14:53:56.585243       1 evictions.go:558] "Evicted pod" pod="defrag-exp/s6c4-memskew-34-7994556cfd-pn7sl" reason="" strategy="ResourceDefragmentation" node="ip-172-31-19-34" profile="default"
I0606 14:53:56.585321       1 resourcedefragmentation.go:280] "Draining under-utilized node" plugin="ResourceDefragmentation" ExtensionPoint="Balance" node="ip-172-31-1-245" priority=1.3857998666182698
I0606 14:53:56.585419       1 resourcedefragmentation.go:867] "Candidate score inputs" plugin="ResourceDefragmentation" pod="defrag-exp/s6c4-cpu-245-5cc5b98749-mmfgr" originNode="ip-172-31-1-245" c1=-0.0030309347249502846 c2=0.8018630849220104 c3=0.1347929296090677 c4=10000
I0606 14:53:56.585441       1 resourcedefragmentation.go:867] "Candidate score inputs" plugin="ResourceDefragmentation" pod="defrag-exp/s6c4-mem-245-bfd84bbb4-8pl9p" originNode="ip-172-31-1-245" c1=0.004826608207817443 c2=-999.9 c3=0.1777789226850537 c4=100
I0606 14:53:56.585455       1 resourcedefragmentation.go:867] "Candidate score inputs" plugin="ResourceDefragmentation" pod="defrag-exp/s6c4-bal-245-7bdb8b95b4-wllql" originNode="ip-172-31-1-245" c1=0.00020123648865599312 c2=0.887142547660312 c3=0.11462962784628494 c4=1000
I0606 14:53:56.585508       1 resourcedefragmentation.go:298] "Eviction decision" plugin="ResourceDefragmentation" ExtensionPoint="Balance" pod="defrag-exp/s6c4-bal-245-7bdb8b95b4-wllql" originNode="ip-172-31-1-245" predictedTarget="ip-172-31-3-39"
E0606 14:53:56.590309       1 event_broadcaster.go:270] "Server rejected event (will not retry!)" err="events.events.k8s.io is forbidden: User \"system:serviceaccount:kube-system:descheduler\" cannot create resource \"events\" in API group \"events.k8s.io\" in the namespace \"defrag-exp\"" event="&Event{ObjectMeta:{s6c4-memskew-34-7994556cfd-pn7sl.18b685a2b7bab4fc  defrag-exp    0 0001-01-01 00:00:00 +0000 UTC <nil> <nil> map[] map[] [] [] []},EventTime:2026-06-06 14:53:56.585259053 +0000 UTC m=+0.363027902,Series:nil,ReportingController:sigs.k8s.io.descheduler,ReportingInstance:sigs.k8s.io.descheduler-descheduler-job-rff2c,Action:Descheduled,Reason:ResourceDefragmentation,Regarding:{Pod defrag-exp s6c4-memskew-34-7994556cfd-pn7sl be275919-b6ad-482b-966d-5a5927e34452 v1 289755 },Related:nil,Note:pod eviction from ip-172-31-19-34 node by sigs.k8s.io/descheduler,Type:Normal,DeprecatedSource:{ },DeprecatedFirstTimestamp:0001-01-01 00:00:00 +0000 UTC,DeprecatedLastTimestamp:0001-01-01 00:00:00 +0000 UTC,DeprecatedCount:0,}"
I0606 14:53:56.688465       1 evictions.go:558] "Evicted pod" pod="defrag-exp/s6c4-bal-245-7bdb8b95b4-wllql" reason="" strategy="ResourceDefragmentation" node="ip-172-31-1-245" profile="default"
I0606 14:53:56.688533       1 resourcedefragmentation.go:867] "Candidate score inputs" plugin="ResourceDefragmentation" pod="defrag-exp/s6c4-cpu-245-5cc5b98749-mmfgr" originNode="ip-172-31-1-245" c1=-0.002202881925821006 c2=-999.9 c3=0.15636426669491488 c4=10000
I0606 14:53:56.688562       1 resourcedefragmentation.go:867] "Candidate score inputs" plugin="ResourceDefragmentation" pod="defrag-exp/s6c4-mem-245-bfd84bbb4-8pl9p" originNode="ip-172-31-1-245" c1=0.0035079765646205937 c2=-999.9 c3=0.19824087672077156 c4=100
I0606 14:53:56.688584       1 resourcedefragmentation.go:294] "No feasible scheduler target within ceiling; leaving pod in place" plugin="ResourceDefragmentation" ExtensionPoint="Balance" pod="defrag-exp/s6c4-cpu-245-5cc5b98749-mmfgr" originNode="ip-172-31-1-245"
I0606 14:53:56.688598       1 resourcedefragmentation.go:867] "Candidate score inputs" plugin="ResourceDefragmentation" pod="defrag-exp/s6c4-mem-245-bfd84bbb4-8pl9p" originNode="ip-172-31-1-245" c1=0.0035079765646205937 c2=-999.9 c3=0.19824087672077156 c4=100
I0606 14:53:56.688622       1 resourcedefragmentation.go:294] "No feasible scheduler target within ceiling; leaving pod in place" plugin="ResourceDefragmentation" ExtensionPoint="Balance" pod="defrag-exp/s6c4-mem-245-bfd84bbb4-8pl9p" originNode="ip-172-31-1-245"
I0606 14:53:56.688663       1 profile.go:425] "Total number of evictions/requests" extension point="Balance" evictedPods=2 evictionRequests=0
I0606 14:53:56.688970       1 descheduler.go:252] "Number of evictions/requests" totalEvicted=2 evictionRequests=0
E0606 14:53:56.689199       1 event_broadcaster.go:279] "Unable to write event (may retry after sleeping)" err="Post \"https://10.96.0.1:443/apis/events.k8s.io/v1/namespaces/defrag-exp/events\": context canceled"
I0606 14:53:56.689372       1 reflector.go:373] "Stopping reflector" type="*v1.Pod" resyncPeriod="0s" reflector="k8s.io/client-go/informers/factory.go:161"
I0606 14:53:56.689489       1 reflector.go:373] "Stopping reflector" type="*v1.PersistentVolumeClaim" resyncPeriod="0s" reflector="k8s.io/client-go/informers/factory.go:161"
I0606 14:53:56.689669       1 reflector.go:373] "Stopping reflector" type="*v1.Node" resyncPeriod="0s" reflector="k8s.io/client-go/informers/factory.go:161"
I0606 14:53:56.689971       1 tlsconfig.go:258] "Shutting down DynamicServingCertificateController"
I0606 14:53:56.690133       1 secure_serving.go:259] Stopped listening on [::]:10258
