I0602 00:12:36.872845       1 feature_gate.go:466] feature gates: {map[]}
I0602 00:12:37.123800       1 secure_serving.go:57] Forcing use of http/1.1 only
I0602 00:12:37.125918       1 named_certificates.go:53] "Loaded SNI cert" index=0 certName="self-signed loopback" certDetail="\"apiserver-loopback-client@1780359157\" [serving] validServingFor=[apiserver-loopback-client] issuer=\"apiserver-loopback-client-ca@1780359157\" (2026-06-01 23:12:36 +0000 UTC to 2029-06-01 23:12:36 +0000 UTC (now=2026-06-02 00:12:37.124133075 +0000 UTC))"
I0602 00:12:37.125971       1 secure_serving.go:211] Serving securely on [::]:10258
I0602 00:12:37.126068       1 tlsconfig.go:243] "Starting DynamicServingCertificateController"
I0602 00:12:37.127109       1 tracing.go:88] Did not find a trace collector endpoint defined. Switching to NoopTraceProvider
I0602 00:12:37.132397       1 envvar.go:172] "Feature gate default state" feature="WatchListClient" enabled=true
I0602 00:12:37.132445       1 envvar.go:172] "Feature gate default state" feature="ClientsAllowCBOR" enabled=false
I0602 00:12:37.132453       1 envvar.go:172] "Feature gate default state" feature="ClientsPreferCBOR" enabled=false
I0602 00:12:37.132459       1 envvar.go:172] "Feature gate default state" feature="InOrderInformers" enabled=true
I0602 00:12:37.132466       1 envvar.go:172] "Feature gate default state" feature="InOrderInformersBatchProcess" enabled=true
I0602 00:12:37.132473       1 envvar.go:172] "Feature gate default state" feature="InformerResourceVersion" enabled=true
W0602 00:12:37.172780       1 descheduler.go:333] failed to convert Descheduler minor version '' to float: strconv.ParseFloat: parsing "": invalid syntax
I0602 00:12:37.188854       1 reflector.go:367] "Starting reflector" type="*v1.Pod" resyncPeriod="0s" reflector="k8s.io/client-go/informers/factory.go:161"
I0602 00:12:37.188902       1 reflector.go:411] "Listing and watching" type="*v1.Pod" reflector="k8s.io/client-go/informers/factory.go:161"
I0602 00:12:37.188854       1 reflector.go:367] "Starting reflector" type="*v1.Node" resyncPeriod="0s" reflector="k8s.io/client-go/informers/factory.go:161"
I0602 00:12:37.188974       1 reflector.go:411] "Listing and watching" type="*v1.Node" reflector="k8s.io/client-go/informers/factory.go:161"
I0602 00:12:37.190912       1 reflector.go:367] "Starting reflector" type="*v1.PersistentVolumeClaim" resyncPeriod="0s" reflector="k8s.io/client-go/informers/factory.go:161"
I0602 00:12:37.190934       1 reflector.go:411] "Listing and watching" type="*v1.PersistentVolumeClaim" reflector="k8s.io/client-go/informers/factory.go:161"
I0602 00:12:37.200307       1 reflector.go:446] "Caches populated" type="*v1.PersistentVolumeClaim" reflector="k8s.io/client-go/informers/factory.go:161"
I0602 00:12:37.203071       1 reflector.go:446] "Caches populated" type="*v1.Node" reflector="k8s.io/client-go/informers/factory.go:161"
I0602 00:12:37.212264       1 reflector.go:446] "Caches populated" type="*v1.Pod" reflector="k8s.io/client-go/informers/factory.go:161"
I0602 00:12:37.288428       1 descheduler.go:235] Resetting pod evictor counters
I0602 00:12:37.288524       1 resourcedefragmentation.go:147] "Starting resource defragmentation balance pass" plugin="ResourceDefragmentation" ExtensionPoint="Balance" nodeCount=7
I0602 00:12:37.288581       1 resourcedefragmentation.go:188] "Node state" plugin="ResourceDefragmentation" ExtensionPoint="Balance" node="ip-172-31-3-39" avgUtilization=0.37659506352331756 minUtilization=0.1 binScore=0.4117024682383412 usageSource="requests"
I0602 00:12:37.288606       1 resourcedefragmentation.go:188] "Node state" plugin="ResourceDefragmentation" ExtensionPoint="Balance" node="ip-172-31-31-146" avgUtilization=0.3765934912382053 minUtilization=0.1 binScore=0.41170325438089733 usageSource="requests"
I0602 00:12:37.288632       1 resourcedefragmentation.go:188] "Node state" plugin="ResourceDefragmentation" ExtensionPoint="Balance" node="ip-172-31-6-144" avgUtilization=0.3765919189682314 minUtilization=0.1 binScore=0.4117040405158843 usageSource="requests"
I0602 00:12:37.288644       1 resourcedefragmentation.go:154] "Skipping control-plane node" plugin="ResourceDefragmentation" ExtensionPoint="Balance" node="ip-172-31-84-108"
I0602 00:12:37.288667       1 resourcedefragmentation.go:188] "Node state" plugin="ResourceDefragmentation" ExtensionPoint="Balance" node="ip-172-31-1-245" avgUtilization=0.4554595390888653 minUtilization=0.11091907817773049 binScore=0.38318930863329786 usageSource="requests"
I0602 00:12:37.288686       1 resourcedefragmentation.go:188] "Node state" plugin="ResourceDefragmentation" ExtensionPoint="Balance" node="ip-172-31-16-198" avgUtilization=0.4554595390888653 minUtilization=0.11091907817773049 binScore=0.38318930863329786 usageSource="requests"
I0602 00:12:37.288714       1 resourcedefragmentation.go:188] "Node state" plugin="ResourceDefragmentation" ExtensionPoint="Balance" node="ip-172-31-19-34" avgUtilization=0.4554595390888653 minUtilization=0.11091907817773049 binScore=0.38318930863329786 usageSource="requests"
I0602 00:12:37.288765       1 resourcedefragmentation.go:226] "Node is a drain candidate" plugin="ResourceDefragmentation" ExtensionPoint="Balance" node="ip-172-31-3-39" avgUtilization=0.37659506352331756 binScore=0.4117024682383412 imbalanceIndex=-0.5531901270466352 freeSpaceIndex=0.31212888565802843 priority=1.8784974276243283
I0602 00:12:37.288793       1 resourcedefragmentation.go:226] "Node is a drain candidate" plugin="ResourceDefragmentation" ExtensionPoint="Balance" node="ip-172-31-31-146" avgUtilization=0.3765934912382053 binScore=0.41170325438089733 imbalanceIndex=-0.5531869824764106 freeSpaceIndex=0.3121317157712305 priority=1.878481330813836
I0602 00:12:37.288816       1 resourcedefragmentation.go:226] "Node is a drain candidate" plugin="ResourceDefragmentation" ExtensionPoint="Balance" node="ip-172-31-6-144" avgUtilization=0.3765919189682314 binScore=0.4117040405158843 imbalanceIndex=-0.5531838379364629 freeSpaceIndex=0.3121345458571835 priority=1.8784652344217112
I0602 00:12:37.288840       1 resourcedefragmentation.go:226] "Node is a drain candidate" plugin="ResourceDefragmentation" ExtensionPoint="Balance" node="ip-172-31-1-245" avgUtilization=0.4554595390888653 binScore=0.38318930863329786 imbalanceIndex=0.6890809218222695 freeSpaceIndex=0.1778161843644539 priority=3.15643298636318
I0602 00:12:37.288863       1 resourcedefragmentation.go:226] "Node is a drain candidate" plugin="ResourceDefragmentation" ExtensionPoint="Balance" node="ip-172-31-16-198" avgUtilization=0.4554595390888653 binScore=0.38318930863329786 imbalanceIndex=0.6890809218222695 freeSpaceIndex=0.1778161843644539 priority=3.15643298636318
I0602 00:12:37.288905       1 resourcedefragmentation.go:226] "Node is a drain candidate" plugin="ResourceDefragmentation" ExtensionPoint="Balance" node="ip-172-31-19-34" avgUtilization=0.4554595390888653 binScore=0.38318930863329786 imbalanceIndex=0.6890809218222695 freeSpaceIndex=0.1778161843644539 priority=3.15643298636318
I0602 00:12:37.288926       1 resourcedefragmentation.go:249] "Draining under-utilized node" plugin="ResourceDefragmentation" ExtensionPoint="Balance" node="ip-172-31-1-245" priority=3.15643298636318
I0602 00:12:37.288946       1 resourcedefragmentation.go:735] "Candidate score inputs" plugin="ResourceDefragmentation" pod="defrag-exp/s2-cpu-245-846fcd67f4-5znfb" originNode="ip-172-31-1-245" c1=0.09053265291139108 c2=-999.9 c3=0.3475783390060611 c4=0
I0602 00:12:37.288966       1 resourcedefragmentation.go:735] "Candidate score inputs" plugin="ResourceDefragmentation" pod="defrag-exp/s2-cpu-245-846fcd67f4-r4jsk" originNode="ip-172-31-1-245" c1=0.09053265291139108 c2=-999.9 c3=0.3475783390060611 c4=0
I0602 00:12:37.288987       1 resourcedefragmentation.go:263] "No feasible scheduler target within ceiling; leaving pod in place" plugin="ResourceDefragmentation" ExtensionPoint="Balance" pod="defrag-exp/s2-cpu-245-846fcd67f4-5znfb" originNode="ip-172-31-1-245"
I0602 00:12:37.288999       1 resourcedefragmentation.go:735] "Candidate score inputs" plugin="ResourceDefragmentation" pod="defrag-exp/s2-cpu-245-846fcd67f4-r4jsk" originNode="ip-172-31-1-245" c1=0.09053265291139108 c2=-999.9 c3=0.3475783390060611 c4=0
I0602 00:12:37.289014       1 resourcedefragmentation.go:263] "No feasible scheduler target within ceiling; leaving pod in place" plugin="ResourceDefragmentation" ExtensionPoint="Balance" pod="defrag-exp/s2-cpu-245-846fcd67f4-r4jsk" originNode="ip-172-31-1-245"
I0602 00:12:37.289050       1 resourcedefragmentation.go:249] "Draining under-utilized node" plugin="ResourceDefragmentation" ExtensionPoint="Balance" node="ip-172-31-16-198" priority=3.15643298636318
I0602 00:12:37.289064       1 resourcedefragmentation.go:735] "Candidate score inputs" plugin="ResourceDefragmentation" pod="defrag-exp/s2-cpu-198-7f87654f6f-hbs62" originNode="ip-172-31-16-198" c1=0.09053265291139108 c2=-999.9 c3=0.3475783390060611 c4=0
I0602 00:12:37.289078       1 resourcedefragmentation.go:735] "Candidate score inputs" plugin="ResourceDefragmentation" pod="defrag-exp/s2-cpu-198-7f87654f6f-ccwsg" originNode="ip-172-31-16-198" c1=0.09053265291139108 c2=-999.9 c3=0.3475783390060611 c4=0
I0602 00:12:37.289095       1 resourcedefragmentation.go:263] "No feasible scheduler target within ceiling; leaving pod in place" plugin="ResourceDefragmentation" ExtensionPoint="Balance" pod="defrag-exp/s2-cpu-198-7f87654f6f-hbs62" originNode="ip-172-31-16-198"
I0602 00:12:37.289107       1 resourcedefragmentation.go:735] "Candidate score inputs" plugin="ResourceDefragmentation" pod="defrag-exp/s2-cpu-198-7f87654f6f-ccwsg" originNode="ip-172-31-16-198" c1=0.09053265291139108 c2=-999.9 c3=0.3475783390060611 c4=0
I0602 00:12:37.289132       1 resourcedefragmentation.go:263] "No feasible scheduler target within ceiling; leaving pod in place" plugin="ResourceDefragmentation" ExtensionPoint="Balance" pod="defrag-exp/s2-cpu-198-7f87654f6f-ccwsg" originNode="ip-172-31-16-198"
I0602 00:12:37.289148       1 resourcedefragmentation.go:249] "Draining under-utilized node" plugin="ResourceDefragmentation" ExtensionPoint="Balance" node="ip-172-31-19-34" priority=3.15643298636318
I0602 00:12:37.289162       1 resourcedefragmentation.go:735] "Candidate score inputs" plugin="ResourceDefragmentation" pod="defrag-exp/s2-cpu-34-6694c57846-lbsxz" originNode="ip-172-31-19-34" c1=0.09053265291139108 c2=-999.9 c3=0.3475783390060611 c4=0
I0602 00:12:37.289174       1 resourcedefragmentation.go:735] "Candidate score inputs" plugin="ResourceDefragmentation" pod="defrag-exp/s2-cpu-34-6694c57846-zk259" originNode="ip-172-31-19-34" c1=0.09053265291139108 c2=-999.9 c3=0.3475783390060611 c4=0
I0602 00:12:37.289191       1 resourcedefragmentation.go:263] "No feasible scheduler target within ceiling; leaving pod in place" plugin="ResourceDefragmentation" ExtensionPoint="Balance" pod="defrag-exp/s2-cpu-34-6694c57846-lbsxz" originNode="ip-172-31-19-34"
I0602 00:12:37.289201       1 resourcedefragmentation.go:735] "Candidate score inputs" plugin="ResourceDefragmentation" pod="defrag-exp/s2-cpu-34-6694c57846-zk259" originNode="ip-172-31-19-34" c1=0.09053265291139108 c2=-999.9 c3=0.3475783390060611 c4=0
I0602 00:12:37.289218       1 resourcedefragmentation.go:263] "No feasible scheduler target within ceiling; leaving pod in place" plugin="ResourceDefragmentation" ExtensionPoint="Balance" pod="defrag-exp/s2-cpu-34-6694c57846-zk259" originNode="ip-172-31-19-34"
I0602 00:12:37.289234       1 resourcedefragmentation.go:249] "Draining under-utilized node" plugin="ResourceDefragmentation" ExtensionPoint="Balance" node="ip-172-31-3-39" priority=1.8784974276243283
I0602 00:12:37.289248       1 resourcedefragmentation.go:735] "Candidate score inputs" plugin="ResourceDefragmentation" pod="defrag-exp/s2-mem-39-6c9ff4fc6d-t64n2" originNode="ip-172-31-3-39" c1=0.0443070400794639 c2=0.5987774649887588 c3=0.282270639662236 c4=0
I0602 00:12:37.289261       1 resourcedefragmentation.go:735] "Candidate score inputs" plugin="ResourceDefragmentation" pod="defrag-exp/s2-mem-39-6c9ff4fc6d-hwhqt" originNode="ip-172-31-3-39" c1=0.0443070400794639 c2=0.5987774649887588 c3=0.282270639662236 c4=0
I0602 00:12:37.289284       1 resourcedefragmentation.go:267] "Eviction decision" plugin="ResourceDefragmentation" ExtensionPoint="Balance" pod="defrag-exp/s2-mem-39-6c9ff4fc6d-t64n2" originNode="ip-172-31-3-39" predictedTarget="ip-172-31-1-245"
I0602 00:12:37.311605       1 evictions.go:558] "Evicted pod" pod="defrag-exp/s2-mem-39-6c9ff4fc6d-t64n2" reason="" strategy="ResourceDefragmentation" node="ip-172-31-3-39" profile="default"
I0602 00:12:37.312371       1 resourcedefragmentation.go:735] "Candidate score inputs" plugin="ResourceDefragmentation" pod="defrag-exp/s2-mem-39-6c9ff4fc6d-hwhqt" originNode="ip-172-31-3-39" c1=0.022618932878791295 c2=0.8143656213442199 c3=0.2970598500859334 c4=0
I0602 00:12:37.312406       1 resourcedefragmentation.go:267] "Eviction decision" plugin="ResourceDefragmentation" ExtensionPoint="Balance" pod="defrag-exp/s2-mem-39-6c9ff4fc6d-hwhqt" originNode="ip-172-31-3-39" predictedTarget="ip-172-31-1-245"
E0602 00:12:37.318713       1 event_broadcaster.go:270] "Server rejected event (will not retry!)" err="events.events.k8s.io is forbidden: User \"system:serviceaccount:kube-system:descheduler\" cannot create resource \"events\" in API group \"events.k8s.io\" in the namespace \"defrag-exp\"" event="&Event{ObjectMeta:{s2-mem-39-6c9ff4fc6d-t64n2.18b51b3888369b6d  defrag-exp    0 0001-01-01 00:00:00 +0000 UTC <nil> <nil> map[] map[] [] [] []},EventTime:2026-06-02 00:12:37.311622073 +0000 UTC m=+0.848188414,Series:nil,ReportingController:sigs.k8s.io.descheduler,ReportingInstance:sigs.k8s.io.descheduler-descheduler-job-hnrc2,Action:Descheduled,Reason:ResourceDefragmentation,Regarding:{Pod defrag-exp s2-mem-39-6c9ff4fc6d-t64n2 5eeabe62-ad79-415e-9732-8cb86b9c4811 v1 203340 },Related:nil,Note:pod eviction from ip-172-31-3-39 node by sigs.k8s.io/descheduler,Type:Normal,DeprecatedSource:{ },DeprecatedFirstTimestamp:0001-01-01 00:00:00 +0000 UTC,DeprecatedLastTimestamp:0001-01-01 00:00:00 +0000 UTC,DeprecatedCount:0,}"
I0602 00:12:37.427723       1 evictions.go:558] "Evicted pod" pod="defrag-exp/s2-mem-39-6c9ff4fc6d-hwhqt" reason="" strategy="ResourceDefragmentation" node="ip-172-31-3-39" profile="default"
I0602 00:12:37.427969       1 resourcedefragmentation.go:249] "Draining under-utilized node" plugin="ResourceDefragmentation" ExtensionPoint="Balance" node="ip-172-31-31-146" priority=1.878481330813836
I0602 00:12:37.428021       1 resourcedefragmentation.go:735] "Candidate score inputs" plugin="ResourceDefragmentation" pod="defrag-exp/s2-mem-146-7ff7c4f86f-9nwj8" originNode="ip-172-31-31-146" c1=0.044306341926411016 c2=0.9066820741001065 c3=0.2822694011168881 c4=0
I0602 00:12:37.428036       1 resourcedefragmentation.go:735] "Candidate score inputs" plugin="ResourceDefragmentation" pod="defrag-exp/s2-mem-146-7ff7c4f86f-xvp75" originNode="ip-172-31-31-146" c1=0.044306341926411016 c2=0.9066820741001065 c3=0.2822694011168881 c4=0
I0602 00:12:37.428534       1 resourcedefragmentation.go:267] "Eviction decision" plugin="ResourceDefragmentation" ExtensionPoint="Balance" pod="defrag-exp/s2-mem-146-7ff7c4f86f-9nwj8" originNode="ip-172-31-31-146" predictedTarget="ip-172-31-1-245"
E0602 00:12:37.431513       1 event_broadcaster.go:270] "Server rejected event (will not retry!)" err="events.events.k8s.io is forbidden: User \"system:serviceaccount:kube-system:descheduler\" cannot create resource \"events\" in API group \"events.k8s.io\" in the namespace \"defrag-exp\"" event="&Event{ObjectMeta:{s2-mem-39-6c9ff4fc6d-hwhqt.18b51b388f1a1c0c  defrag-exp    0 0001-01-01 00:00:00 +0000 UTC <nil> <nil> map[] map[] [] [] []},EventTime:2026-06-02 00:12:37.427743917 +0000 UTC m=+0.964310252,Series:nil,ReportingController:sigs.k8s.io.descheduler,ReportingInstance:sigs.k8s.io.descheduler-descheduler-job-hnrc2,Action:Descheduled,Reason:ResourceDefragmentation,Regarding:{Pod defrag-exp s2-mem-39-6c9ff4fc6d-hwhqt 4151d758-3cf2-4369-8315-c03b20ed8f9f v1 203336 },Related:nil,Note:pod eviction from ip-172-31-3-39 node by sigs.k8s.io/descheduler,Type:Normal,DeprecatedSource:{ },DeprecatedFirstTimestamp:0001-01-01 00:00:00 +0000 UTC,DeprecatedLastTimestamp:0001-01-01 00:00:00 +0000 UTC,DeprecatedCount:0,}"
I0602 00:12:37.526134       1 evictions.go:558] "Evicted pod" pod="defrag-exp/s2-mem-146-7ff7c4f86f-9nwj8" reason="" strategy="ResourceDefragmentation" node="ip-172-31-31-146" profile="default"
I0602 00:12:37.526230       1 resourcedefragmentation.go:735] "Candidate score inputs" plugin="ResourceDefragmentation" pod="defrag-exp/s2-mem-146-7ff7c4f86f-xvp75" originNode="ip-172-31-31-146" c1=0.02261856723418035 c2=0.5987774649887588 c3=0.29705854034276913 c4=0
I0602 00:12:37.526294       1 resourcedefragmentation.go:267] "Eviction decision" plugin="ResourceDefragmentation" ExtensionPoint="Balance" pod="defrag-exp/s2-mem-146-7ff7c4f86f-xvp75" originNode="ip-172-31-31-146" predictedTarget="ip-172-31-16-198"
E0602 00:12:37.530005       1 event_broadcaster.go:270] "Server rejected event (will not retry!)" err="events.events.k8s.io is forbidden: User \"system:serviceaccount:kube-system:descheduler\" cannot create resource \"events\" in API group \"events.k8s.io\" in the namespace \"defrag-exp\"" event="&Event{ObjectMeta:{s2-mem-146-7ff7c4f86f-9nwj8.18b51b3894f5e92b  defrag-exp    0 0001-01-01 00:00:00 +0000 UTC <nil> <nil> map[] map[] [] [] []},EventTime:2026-06-02 00:12:37.526155503 +0000 UTC m=+1.062721835,Series:nil,ReportingController:sigs.k8s.io.descheduler,ReportingInstance:sigs.k8s.io.descheduler-descheduler-job-hnrc2,Action:Descheduled,Reason:ResourceDefragmentation,Regarding:{Pod defrag-exp s2-mem-146-7ff7c4f86f-9nwj8 d8756b9b-3e8e-49fc-a635-039dbc783188 v1 203376 },Related:nil,Note:pod eviction from ip-172-31-31-146 node by sigs.k8s.io/descheduler,Type:Normal,DeprecatedSource:{ },DeprecatedFirstTimestamp:0001-01-01 00:00:00 +0000 UTC,DeprecatedLastTimestamp:0001-01-01 00:00:00 +0000 UTC,DeprecatedCount:0,}"
I0602 00:12:37.616911       1 evictions.go:558] "Evicted pod" pod="defrag-exp/s2-mem-146-7ff7c4f86f-xvp75" reason="" strategy="ResourceDefragmentation" node="ip-172-31-31-146" profile="default"
I0602 00:12:37.616976       1 resourcedefragmentation.go:249] "Draining under-utilized node" plugin="ResourceDefragmentation" ExtensionPoint="Balance" node="ip-172-31-6-144" priority=1.8784652344217112
I0602 00:12:37.617006       1 resourcedefragmentation.go:735] "Candidate score inputs" plugin="ResourceDefragmentation" pod="defrag-exp/s2-mem-144-769fd78487-945bh" originNode="ip-172-31-6-144" c1=0.04430564378739724 c2=0.8143656213442199 c3=0.2822681625834653 c4=0
I0602 00:12:37.617027       1 resourcedefragmentation.go:735] "Candidate score inputs" plugin="ResourceDefragmentation" pod="defrag-exp/s2-mem-144-769fd78487-8nlw6" originNode="ip-172-31-6-144" c1=0.04430564378739724 c2=0.8143656213442199 c3=0.2822681625834653 c4=0
I0602 00:12:37.617046       1 resourcedefragmentation.go:267] "Eviction decision" plugin="ResourceDefragmentation" ExtensionPoint="Balance" pod="defrag-exp/s2-mem-144-769fd78487-945bh" originNode="ip-172-31-6-144" predictedTarget="ip-172-31-16-198"
E0602 00:12:37.621236       1 event_broadcaster.go:270] "Server rejected event (will not retry!)" err="events.events.k8s.io is forbidden: User \"system:serviceaccount:kube-system:descheduler\" cannot create resource \"events\" in API group \"events.k8s.io\" in the namespace \"defrag-exp\"" event="&Event{ObjectMeta:{s2-mem-146-7ff7c4f86f-xvp75.18b51b389a5f0b7f  defrag-exp    0 0001-01-01 00:00:00 +0000 UTC <nil> <nil> map[] map[] [] [] []},EventTime:2026-06-02 00:12:37.616929068 +0000 UTC m=+1.153495401,Series:nil,ReportingController:sigs.k8s.io.descheduler,ReportingInstance:sigs.k8s.io.descheduler-descheduler-job-hnrc2,Action:Descheduled,Reason:ResourceDefragmentation,Regarding:{Pod defrag-exp s2-mem-146-7ff7c4f86f-xvp75 8ebe7b4f-a6b2-4fa8-9ab5-2feff9e7db59 v1 203380 },Related:nil,Note:pod eviction from ip-172-31-31-146 node by sigs.k8s.io/descheduler,Type:Normal,DeprecatedSource:{ },DeprecatedFirstTimestamp:0001-01-01 00:00:00 +0000 UTC,DeprecatedLastTimestamp:0001-01-01 00:00:00 +0000 UTC,DeprecatedCount:0,}"
I0602 00:12:37.722045       1 evictions.go:558] "Evicted pod" pod="defrag-exp/s2-mem-144-769fd78487-945bh" reason="" strategy="ResourceDefragmentation" node="ip-172-31-6-144" profile="default"
I0602 00:12:37.722107       1 resourcedefragmentation.go:735] "Candidate score inputs" plugin="ResourceDefragmentation" pod="defrag-exp/s2-mem-144-769fd78487-8nlw6" originNode="ip-172-31-6-144" c1=0.022618201597011393 c2=0.9066820741001065 c3=0.29705723061221545 c4=0
I0602 00:12:37.722139       1 resourcedefragmentation.go:267] "Eviction decision" plugin="ResourceDefragmentation" ExtensionPoint="Balance" pod="defrag-exp/s2-mem-144-769fd78487-8nlw6" originNode="ip-172-31-6-144" predictedTarget="ip-172-31-16-198"
E0602 00:12:37.724105       1 event_broadcaster.go:270] "Server rejected event (will not retry!)" err="events.events.k8s.io is forbidden: User \"system:serviceaccount:kube-system:descheduler\" cannot create resource \"events\" in API group \"events.k8s.io\" in the namespace \"defrag-exp\"" event="&Event{ObjectMeta:{s2-mem-144-769fd78487-945bh.18b51b38a0a34f54  defrag-exp    0 0001-01-01 00:00:00 +0000 UTC <nil> <nil> map[] map[] [] [] []},EventTime:2026-06-02 00:12:37.722065621 +0000 UTC m=+1.258631954,Series:nil,ReportingController:sigs.k8s.io.descheduler,ReportingInstance:sigs.k8s.io.descheduler-descheduler-job-hnrc2,Action:Descheduled,Reason:ResourceDefragmentation,Regarding:{Pod defrag-exp s2-mem-144-769fd78487-945bh 7d4aa1f3-066b-4ffe-a573-a2ee3dd34640 v1 203417 },Related:nil,Note:pod eviction from ip-172-31-6-144 node by sigs.k8s.io/descheduler,Type:Normal,DeprecatedSource:{ },DeprecatedFirstTimestamp:0001-01-01 00:00:00 +0000 UTC,DeprecatedLastTimestamp:0001-01-01 00:00:00 +0000 UTC,DeprecatedCount:0,}"
I0602 00:12:37.825621       1 evictions.go:558] "Evicted pod" pod="defrag-exp/s2-mem-144-769fd78487-8nlw6" reason="" strategy="ResourceDefragmentation" node="ip-172-31-6-144" profile="default"
I0602 00:12:37.825686       1 profile.go:425] "Total number of evictions/requests" extension point="Balance" evictedPods=6 evictionRequests=0
I0602 00:12:37.825716       1 descheduler.go:252] "Number of evictions/requests" totalEvicted=6 evictionRequests=0
E0602 00:12:37.827126       1 event_broadcaster.go:279] "Unable to write event (may retry after sleeping)" err="client rate limiter Wait returned an error: context canceled"
I0602 00:12:37.827228       1 reflector.go:373] "Stopping reflector" type="*v1.Pod" resyncPeriod="0s" reflector="k8s.io/client-go/informers/factory.go:161"
I0602 00:12:37.827302       1 reflector.go:373] "Stopping reflector" type="*v1.Node" resyncPeriod="0s" reflector="k8s.io/client-go/informers/factory.go:161"
I0602 00:12:37.827379       1 reflector.go:373] "Stopping reflector" type="*v1.PersistentVolumeClaim" resyncPeriod="0s" reflector="k8s.io/client-go/informers/factory.go:161"
I0602 00:12:37.827986       1 secure_serving.go:259] Stopped listening on [::]:10258
