I0607 10:25:39.126025       1 feature_gate.go:466] feature gates: {map[]}
I0607 10:25:39.234322       1 secure_serving.go:57] Forcing use of http/1.1 only
I0607 10:25:39.236201       1 named_certificates.go:53] "Loaded SNI cert" index=0 certName="self-signed loopback" certDetail="\"apiserver-loopback-client@1780827939\" [serving] validServingFor=[apiserver-loopback-client] issuer=\"apiserver-loopback-client-ca@1780827939\" (2026-06-07 09:25:39 +0000 UTC to 2029-06-07 09:25:39 +0000 UTC (now=2026-06-07 10:25:39.234724345 +0000 UTC))"
I0607 10:25:39.236268       1 secure_serving.go:211] Serving securely on [::]:10258
I0607 10:25:39.236344       1 tlsconfig.go:243] "Starting DynamicServingCertificateController"
I0607 10:25:39.237456       1 tracing.go:88] Did not find a trace collector endpoint defined. Switching to NoopTraceProvider
I0607 10:25:39.243122       1 envvar.go:172] "Feature gate default state" feature="WatchListClient" enabled=true
I0607 10:25:39.243156       1 envvar.go:172] "Feature gate default state" feature="ClientsAllowCBOR" enabled=false
I0607 10:25:39.243162       1 envvar.go:172] "Feature gate default state" feature="ClientsPreferCBOR" enabled=false
I0607 10:25:39.243169       1 envvar.go:172] "Feature gate default state" feature="InOrderInformers" enabled=true
I0607 10:25:39.243175       1 envvar.go:172] "Feature gate default state" feature="InOrderInformersBatchProcess" enabled=true
I0607 10:25:39.243180       1 envvar.go:172] "Feature gate default state" feature="InformerResourceVersion" enabled=true
W0607 10:25:39.289650       1 descheduler.go:333] failed to convert Descheduler minor version '' to float: strconv.ParseFloat: parsing "": invalid syntax
I0607 10:25:39.305720       1 reflector.go:367] "Starting reflector" type="*v1.Pod" resyncPeriod="0s" reflector="k8s.io/client-go/informers/factory.go:161"
I0607 10:25:39.305746       1 reflector.go:411] "Listing and watching" type="*v1.Pod" reflector="k8s.io/client-go/informers/factory.go:161"
I0607 10:25:39.305756       1 reflector.go:367] "Starting reflector" type="*v1.PersistentVolumeClaim" resyncPeriod="0s" reflector="k8s.io/client-go/informers/factory.go:161"
I0607 10:25:39.305767       1 reflector.go:411] "Listing and watching" type="*v1.PersistentVolumeClaim" reflector="k8s.io/client-go/informers/factory.go:161"
I0607 10:25:39.307875       1 reflector.go:367] "Starting reflector" type="*v1.Node" resyncPeriod="0s" reflector="k8s.io/client-go/informers/factory.go:161"
I0607 10:25:39.307904       1 reflector.go:411] "Listing and watching" type="*v1.Node" reflector="k8s.io/client-go/informers/factory.go:161"
I0607 10:25:39.316800       1 reflector.go:446] "Caches populated" type="*v1.PersistentVolumeClaim" reflector="k8s.io/client-go/informers/factory.go:161"
I0607 10:25:39.321248       1 reflector.go:446] "Caches populated" type="*v1.Node" reflector="k8s.io/client-go/informers/factory.go:161"
I0607 10:25:39.330583       1 reflector.go:446] "Caches populated" type="*v1.Pod" reflector="k8s.io/client-go/informers/factory.go:161"
I0607 10:25:39.405089       1 descheduler.go:235] Resetting pod evictor counters
I0607 10:25:39.405169       1 resourcedefragmentationc2.go:129] "Starting ResourceDefragmentationC2 balance pass" plugin="ResourceDefragmentationC2" ExtensionPoint="Balance" nodeCount=7
I0607 10:25:39.405995       1 resourcedefragmentationc2.go:205] "Eviction decision" plugin="ResourceDefragmentationC2" ExtensionPoint="Balance" pod="defrag-exp/s3-cpu-39-694f845c9f-s87pd" originNode="ip-172-31-3-39" predictedTarget="ip-172-31-1-245"
I0607 10:25:39.436898       1 evictions.go:558] "Evicted pod" pod="defrag-exp/s3-cpu-39-694f845c9f-s87pd" reason="" strategy="ResourceDefragmentationC2" node="ip-172-31-3-39" profile="default"
I0607 10:25:39.437695       1 resourcedefragmentationc2.go:205] "Eviction decision" plugin="ResourceDefragmentationC2" ExtensionPoint="Balance" pod="defrag-exp/s3-cpu-39-694f845c9f-lljkx" originNode="ip-172-31-3-39" predictedTarget="ip-172-31-16-198"
E0607 10:25:39.444933       1 event_broadcaster.go:270] "Server rejected event (will not retry!)" err="events.events.k8s.io is forbidden: User \"system:serviceaccount:kube-system:descheduler\" cannot create resource \"events\" in API group \"events.k8s.io\" in the namespace \"defrag-exp\"" event="&Event{ObjectMeta:{s3-cpu-39-694f845c9f-s87pd.18b6c5936044c22c  defrag-exp    0 0001-01-01 00:00:00 +0000 UTC <nil> <nil> map[] map[] [] [] []},EventTime:2026-06-07 10:25:39.436916176 +0000 UTC m=+0.695784725,Series:nil,ReportingController:sigs.k8s.io.descheduler,ReportingInstance:sigs.k8s.io.descheduler-descheduler-job-98h76,Action:Descheduled,Reason:ResourceDefragmentationC2,Regarding:{Pod defrag-exp s3-cpu-39-694f845c9f-s87pd 43431247-7b15-43b0-bd18-b8d6fa25ccef v1 432332 },Related:nil,Note:pod eviction from ip-172-31-3-39 node by sigs.k8s.io/descheduler,Type:Normal,DeprecatedSource:{ },DeprecatedFirstTimestamp:0001-01-01 00:00:00 +0000 UTC,DeprecatedLastTimestamp:0001-01-01 00:00:00 +0000 UTC,DeprecatedCount:0,}"
I0607 10:25:39.538800       1 evictions.go:558] "Evicted pod" pod="defrag-exp/s3-cpu-39-694f845c9f-lljkx" reason="" strategy="ResourceDefragmentationC2" node="ip-172-31-3-39" profile="default"
I0607 10:25:39.538900       1 profile.go:425] "Total number of evictions/requests" extension point="Balance" evictedPods=2 evictionRequests=0
I0607 10:25:39.538932       1 descheduler.go:252] "Number of evictions/requests" totalEvicted=2 evictionRequests=0
E0607 10:25:39.539294       1 event_broadcaster.go:279] "Unable to write event (may retry after sleeping)" err="client rate limiter Wait returned an error: context canceled"
I0607 10:25:39.539331       1 reflector.go:373] "Stopping reflector" type="*v1.Pod" resyncPeriod="0s" reflector="k8s.io/client-go/informers/factory.go:161"
I0607 10:25:39.539351       1 reflector.go:373] "Stopping reflector" type="*v1.Node" resyncPeriod="0s" reflector="k8s.io/client-go/informers/factory.go:161"
I0607 10:25:39.539369       1 reflector.go:373] "Stopping reflector" type="*v1.PersistentVolumeClaim" resyncPeriod="0s" reflector="k8s.io/client-go/informers/factory.go:161"
I0607 10:25:39.539741       1 tlsconfig.go:258] "Shutting down DynamicServingCertificateController"
