I0606 14:54:56.001434       1 feature_gate.go:466] feature gates: {map[]}
I0606 14:54:56.130800       1 secure_serving.go:57] Forcing use of http/1.1 only
I0606 14:54:56.131273       1 named_certificates.go:53] "Loaded SNI cert" index=0 certName="self-signed loopback" certDetail="\"apiserver-loopback-client@1780757696\" [serving] validServingFor=[apiserver-loopback-client] issuer=\"apiserver-loopback-client-ca@1780757696\" (2026-06-06 13:54:56 +0000 UTC to 2029-06-06 13:54:56 +0000 UTC (now=2026-06-06 14:54:56.131230968 +0000 UTC))"
I0606 14:54:56.131327       1 secure_serving.go:211] Serving securely on [::]:10258
I0606 14:54:56.131347       1 tracing.go:88] Did not find a trace collector endpoint defined. Switching to NoopTraceProvider
I0606 14:54:56.131511       1 tlsconfig.go:243] "Starting DynamicServingCertificateController"
I0606 14:54:56.131776       1 envvar.go:172] "Feature gate default state" feature="ClientsAllowCBOR" enabled=false
I0606 14:54:56.131808       1 envvar.go:172] "Feature gate default state" feature="ClientsPreferCBOR" enabled=false
I0606 14:54:56.131814       1 envvar.go:172] "Feature gate default state" feature="InOrderInformers" enabled=true
I0606 14:54:56.131821       1 envvar.go:172] "Feature gate default state" feature="InOrderInformersBatchProcess" enabled=true
I0606 14:54:56.131828       1 envvar.go:172] "Feature gate default state" feature="InformerResourceVersion" enabled=true
I0606 14:54:56.131835       1 envvar.go:172] "Feature gate default state" feature="WatchListClient" enabled=true
W0606 14:54:56.141247       1 descheduler.go:333] failed to convert Descheduler minor version '' to float: strconv.ParseFloat: parsing "": invalid syntax
I0606 14:54:56.149933       1 reflector.go:367] "Starting reflector" type="*v1.Pod" resyncPeriod="0s" reflector="k8s.io/client-go/informers/factory.go:161"
I0606 14:54:56.149962       1 reflector.go:411] "Listing and watching" type="*v1.Pod" reflector="k8s.io/client-go/informers/factory.go:161"
I0606 14:54:56.149986       1 reflector.go:367] "Starting reflector" type="*v1.Node" resyncPeriod="0s" reflector="k8s.io/client-go/informers/factory.go:161"
I0606 14:54:56.149996       1 reflector.go:411] "Listing and watching" type="*v1.Node" reflector="k8s.io/client-go/informers/factory.go:161"
I0606 14:54:56.149933       1 reflector.go:367] "Starting reflector" type="*v1.PersistentVolumeClaim" resyncPeriod="0s" reflector="k8s.io/client-go/informers/factory.go:161"
I0606 14:54:56.150445       1 reflector.go:411] "Listing and watching" type="*v1.PersistentVolumeClaim" reflector="k8s.io/client-go/informers/factory.go:161"
I0606 14:54:56.155317       1 reflector.go:978] "Exiting watch because received the bookmark that marks the end of initial events stream" reflector="k8s.io/client-go/informers/factory.go:161" totalItems=1 duration="4.839002ms"
I0606 14:54:56.155358       1 reflector.go:446] "Caches populated" type="*v1.PersistentVolumeClaim" reflector="k8s.io/client-go/informers/factory.go:161"
I0606 14:54:56.157713       1 reflector.go:978] "Exiting watch because received the bookmark that marks the end of initial events stream" reflector="k8s.io/client-go/informers/factory.go:161" totalItems=8 duration="7.570822ms"
I0606 14:54:56.158215       1 reflector.go:446] "Caches populated" type="*v1.Node" reflector="k8s.io/client-go/informers/factory.go:161"
I0606 14:54:56.163105       1 reflector.go:978] "Exiting watch because received the bookmark that marks the end of initial events stream" reflector="k8s.io/client-go/informers/factory.go:161" totalItems=28 duration="13.117023ms"
I0606 14:54:56.163412       1 reflector.go:446] "Caches populated" type="*v1.Pod" reflector="k8s.io/client-go/informers/factory.go:161"
I0606 14:54:56.250440       1 descheduler.go:235] Resetting pod evictor counters
I0606 14:54:56.250513       1 resourcedefragmentation.go:178] "Starting resource defragmentation balance pass" plugin="ResourceDefragmentation" ExtensionPoint="Balance" nodeCount=7
I0606 14:54:56.250580       1 resourcedefragmentation.go:219] "Node state" plugin="ResourceDefragmentation" ExtensionPoint="Balance" node="ip-172-31-16-198" avgUtilization=0.40545953908886523 minUtilization=0.11091907817773049 binScore=0.4081893086332979 usageSource="requests"
I0606 14:54:56.250630       1 resourcedefragmentation.go:219] "Node state" plugin="ResourceDefragmentation" ExtensionPoint="Balance" node="ip-172-31-19-34" avgUtilization=0.4158906219911419 minUtilization=0.08 binScore=0.372054689004429 usageSource="requests"
I0606 14:54:56.250661       1 resourcedefragmentation.go:219] "Node state" plugin="ResourceDefragmentation" ExtensionPoint="Balance" node="ip-172-31-3-39" avgUtilization=0.6889177739264394 minUtilization=0.6778355478528789 binScore=0.8333766608896591 usageSource="requests"
I0606 14:54:56.250684       1 resourcedefragmentation.go:219] "Node state" plugin="ResourceDefragmentation" ExtensionPoint="Balance" node="ip-172-31-31-146" avgUtilization=0.05581100337958193 minUtilization=0.05 binScore=0.522094498310209 usageSource="requests"
I0606 14:54:56.250792       1 resourcedefragmentation.go:219] "Node state" plugin="ResourceDefragmentation" ExtensionPoint="Balance" node="ip-172-31-6-144" avgUtilization=0.05581115171122249 minUtilization=0.05 binScore=0.5220944241443888 usageSource="requests"
I0606 14:54:56.250807       1 resourcedefragmentation.go:185] "Skipping control-plane node" plugin="ResourceDefragmentation" ExtensionPoint="Balance" node="ip-172-31-84-108"
I0606 14:54:56.250823       1 resourcedefragmentation.go:219] "Node state" plugin="ResourceDefragmentation" ExtensionPoint="Balance" node="ip-172-31-1-245" avgUtilization=0.3882133708584718 minUtilization=0.345 binScore=0.650893314570764 usageSource="requests"
I0606 14:54:56.250853       1 resourcedefragmentation.go:257] "Node is a drain candidate" plugin="ResourceDefragmentation" ExtensionPoint="Balance" node="ip-172-31-19-34" avgUtilization=0.4158906219911419 binScore=0.372054689004429 imbalanceIndex=-0.6717812439822839 freeSpaceIndex=0.22836125553629885 priority=2.5254038938761436
I0606 14:54:56.250884       1 resourcedefragmentation.go:257] "Node is a drain candidate" plugin="ResourceDefragmentation" ExtensionPoint="Balance" node="ip-172-31-1-245" avgUtilization=0.3882133708584718 binScore=0.650893314570764 imbalanceIndex=-0.08642674171694364 freeSpaceIndex=0.37241548417540193 priority=1.3857998666182698
I0606 14:54:56.250919       1 resourcedefragmentation.go:280] "Draining under-utilized node" plugin="ResourceDefragmentation" ExtensionPoint="Balance" node="ip-172-31-19-34" priority=2.5254038938761436
I0606 14:54:56.250936       1 resourcedefragmentation.go:867] "Candidate score inputs" plugin="ResourceDefragmentation" pod="defrag-exp/s6c4-memskew-34-7994556cfd-mkfst" originNode="ip-172-31-19-34" c1=0.3060741467363653 c2=0.8472294421790978 c3=0.6630984016945889 c4=0
I0606 14:54:56.250963       1 resourcedefragmentation.go:298] "Eviction decision" plugin="ResourceDefragmentation" ExtensionPoint="Balance" pod="defrag-exp/s6c4-memskew-34-7994556cfd-mkfst" originNode="ip-172-31-19-34" predictedTarget="ip-172-31-16-198"
I0606 14:54:56.279769       1 evictions.go:558] "Evicted pod" pod="defrag-exp/s6c4-memskew-34-7994556cfd-mkfst" reason="" strategy="ResourceDefragmentation" node="ip-172-31-19-34" profile="default"
I0606 14:54:56.279864       1 resourcedefragmentation.go:280] "Draining under-utilized node" plugin="ResourceDefragmentation" ExtensionPoint="Balance" node="ip-172-31-1-245" priority=1.3857998666182698
I0606 14:54:56.280017       1 resourcedefragmentation.go:867] "Candidate score inputs" plugin="ResourceDefragmentation" pod="defrag-exp/s6c4-cpu-245-5cc5b98749-j9x7k" originNode="ip-172-31-1-245" c1=-0.0030309347249502846 c2=0.8018630849220104 c3=0.1347929296090677 c4=10000
I0606 14:54:56.280066       1 resourcedefragmentation.go:867] "Candidate score inputs" plugin="ResourceDefragmentation" pod="defrag-exp/s6c4-bal-245-7bdb8b95b4-sqpw2" originNode="ip-172-31-1-245" c1=0.00020123648865599312 c2=0.887142547660312 c3=0.11462962784628494 c4=1000
I0606 14:54:56.280083       1 resourcedefragmentation.go:867] "Candidate score inputs" plugin="ResourceDefragmentation" pod="defrag-exp/s6c4-mem-245-bfd84bbb4-vd8bn" originNode="ip-172-31-1-245" c1=0.004826608207817443 c2=-999.9 c3=0.1777789226850537 c4=100
I0606 14:54:56.280103       1 resourcedefragmentation.go:294] "No feasible scheduler target within ceiling; leaving pod in place" plugin="ResourceDefragmentation" ExtensionPoint="Balance" pod="defrag-exp/s6c4-mem-245-bfd84bbb4-vd8bn" originNode="ip-172-31-1-245"
I0606 14:54:56.280116       1 resourcedefragmentation.go:867] "Candidate score inputs" plugin="ResourceDefragmentation" pod="defrag-exp/s6c4-cpu-245-5cc5b98749-j9x7k" originNode="ip-172-31-1-245" c1=-0.0030309347249502846 c2=0.8018630849220104 c3=0.1347929296090677 c4=10000
I0606 14:54:56.280128       1 resourcedefragmentation.go:867] "Candidate score inputs" plugin="ResourceDefragmentation" pod="defrag-exp/s6c4-bal-245-7bdb8b95b4-sqpw2" originNode="ip-172-31-1-245" c1=0.00020123648865599312 c2=0.887142547660312 c3=0.11462962784628494 c4=1000
I0606 14:54:56.280145       1 resourcedefragmentation.go:298] "Eviction decision" plugin="ResourceDefragmentation" ExtensionPoint="Balance" pod="defrag-exp/s6c4-cpu-245-5cc5b98749-j9x7k" originNode="ip-172-31-1-245" predictedTarget="ip-172-31-3-39"
E0606 14:54:56.287554       1 event_broadcaster.go:270] "Server rejected event (will not retry!)" err="events.events.k8s.io is forbidden: User \"system:serviceaccount:kube-system:descheduler\" cannot create resource \"events\" in API group \"events.k8s.io\" in the namespace \"defrag-exp\"" event="&Event{ObjectMeta:{s6c4-memskew-34-7994556cfd-mkfst.18b685b09dccf895  defrag-exp    0 0001-01-01 00:00:00 +0000 UTC <nil> <nil> map[] map[] [] [] []},EventTime:2026-06-06 14:54:56.279789736 +0000 UTC m=+0.314477464,Series:nil,ReportingController:sigs.k8s.io.descheduler,ReportingInstance:sigs.k8s.io.descheduler-descheduler-job-xfn4q,Action:Descheduled,Reason:ResourceDefragmentation,Regarding:{Pod defrag-exp s6c4-memskew-34-7994556cfd-mkfst 6aeb96b4-ccdd-41d2-b745-a225a7de7f1d v1 290173 },Related:nil,Note:pod eviction from ip-172-31-19-34 node by sigs.k8s.io/descheduler,Type:Normal,DeprecatedSource:{ },DeprecatedFirstTimestamp:0001-01-01 00:00:00 +0000 UTC,DeprecatedLastTimestamp:0001-01-01 00:00:00 +0000 UTC,DeprecatedCount:0,}"
I0606 14:54:56.376925       1 evictions.go:558] "Evicted pod" pod="defrag-exp/s6c4-cpu-245-5cc5b98749-j9x7k" reason="" strategy="ResourceDefragmentation" node="ip-172-31-1-245" profile="default"
I0606 14:54:56.377012       1 resourcedefragmentation.go:867] "Candidate score inputs" plugin="ResourceDefragmentation" pod="defrag-exp/s6c4-bal-245-7bdb8b95b4-sqpw2" originNode="ip-172-31-1-245" c1=0.0006095154841964948 c2=0.8788307581396021 c3=0.13620096493213213 c4=1000
I0606 14:54:56.377044       1 resourcedefragmentation.go:298] "Eviction decision" plugin="ResourceDefragmentation" ExtensionPoint="Balance" pod="defrag-exp/s6c4-bal-245-7bdb8b95b4-sqpw2" originNode="ip-172-31-1-245" predictedTarget="ip-172-31-16-198"
E0606 14:54:56.380289       1 event_broadcaster.go:270] "Server rejected event (will not retry!)" err="events.events.k8s.io is forbidden: User \"system:serviceaccount:kube-system:descheduler\" cannot create resource \"events\" in API group \"events.k8s.io\" in the namespace \"defrag-exp\"" event="&Event{ObjectMeta:{s6c4-cpu-245-5cc5b98749-j9x7k.18b685b0a39758d5  defrag-exp    0 0001-01-01 00:00:00 +0000 UTC <nil> <nil> map[] map[] [] [] []},EventTime:2026-06-06 14:54:56.376942454 +0000 UTC m=+0.411630185,Series:nil,ReportingController:sigs.k8s.io.descheduler,ReportingInstance:sigs.k8s.io.descheduler-descheduler-job-xfn4q,Action:Descheduled,Reason:ResourceDefragmentation,Regarding:{Pod defrag-exp s6c4-cpu-245-5cc5b98749-j9x7k 7220499f-d399-4a97-8874-0af7adb2231d v1 290068 },Related:nil,Note:pod eviction from ip-172-31-1-245 node by sigs.k8s.io/descheduler,Type:Normal,DeprecatedSource:{ },DeprecatedFirstTimestamp:0001-01-01 00:00:00 +0000 UTC,DeprecatedLastTimestamp:0001-01-01 00:00:00 +0000 UTC,DeprecatedCount:0,}"
I0606 14:54:56.479747       1 evictions.go:558] "Evicted pod" pod="defrag-exp/s6c4-bal-245-7bdb8b95b4-sqpw2" reason="" strategy="ResourceDefragmentation" node="ip-172-31-1-245" profile="default"
I0606 14:54:56.479835       1 profile.go:425] "Total number of evictions/requests" extension point="Balance" evictedPods=3 evictionRequests=0
I0606 14:54:56.479862       1 descheduler.go:252] "Number of evictions/requests" totalEvicted=3 evictionRequests=0
E0606 14:54:56.480266       1 event_broadcaster.go:279] "Unable to write event (may retry after sleeping)" err="client rate limiter Wait returned an error: context canceled"
I0606 14:54:56.480428       1 reflector.go:373] "Stopping reflector" type="*v1.Pod" resyncPeriod="0s" reflector="k8s.io/client-go/informers/factory.go:161"
I0606 14:54:56.480541       1 reflector.go:373] "Stopping reflector" type="*v1.Node" resyncPeriod="0s" reflector="k8s.io/client-go/informers/factory.go:161"
I0606 14:54:56.480678       1 reflector.go:373] "Stopping reflector" type="*v1.PersistentVolumeClaim" resyncPeriod="0s" reflector="k8s.io/client-go/informers/factory.go:161"
I0606 14:54:56.481002       1 tlsconfig.go:258] "Shutting down DynamicServingCertificateController"
I0606 14:54:56.481113       1 secure_serving.go:259] Stopped listening on [::]:10258
