I0607 10:21:55.627617       1 feature_gate.go:466] feature gates: {map[]}
I0607 10:21:55.721593       1 secure_serving.go:57] Forcing use of http/1.1 only
I0607 10:21:55.722071       1 named_certificates.go:53] "Loaded SNI cert" index=0 certName="self-signed loopback" certDetail="\"apiserver-loopback-client@1780827715\" [serving] validServingFor=[apiserver-loopback-client] issuer=\"apiserver-loopback-client-ca@1780827715\" (2026-06-07 09:21:55 +0000 UTC to 2029-06-07 09:21:55 +0000 UTC (now=2026-06-07 10:21:55.721991163 +0000 UTC))"
I0607 10:21:55.722134       1 secure_serving.go:211] Serving securely on [::]:10258
I0607 10:21:55.722202       1 tlsconfig.go:243] "Starting DynamicServingCertificateController"
I0607 10:21:55.722165       1 tracing.go:88] Did not find a trace collector endpoint defined. Switching to NoopTraceProvider
I0607 10:21:55.722704       1 envvar.go:172] "Feature gate default state" feature="InOrderInformersBatchProcess" enabled=true
I0607 10:21:55.722731       1 envvar.go:172] "Feature gate default state" feature="InformerResourceVersion" enabled=true
I0607 10:21:55.722744       1 envvar.go:172] "Feature gate default state" feature="WatchListClient" enabled=true
I0607 10:21:55.722751       1 envvar.go:172] "Feature gate default state" feature="ClientsAllowCBOR" enabled=false
I0607 10:21:55.722756       1 envvar.go:172] "Feature gate default state" feature="ClientsPreferCBOR" enabled=false
I0607 10:21:55.722764       1 envvar.go:172] "Feature gate default state" feature="InOrderInformers" enabled=true
W0607 10:21:55.731668       1 descheduler.go:333] failed to convert Descheduler minor version '' to float: strconv.ParseFloat: parsing "": invalid syntax
I0607 10:21:55.741243       1 reflector.go:367] "Starting reflector" type="*v1.Pod" resyncPeriod="0s" reflector="k8s.io/client-go/informers/factory.go:161"
I0607 10:21:55.741275       1 reflector.go:411] "Listing and watching" type="*v1.Pod" reflector="k8s.io/client-go/informers/factory.go:161"
I0607 10:21:55.741319       1 reflector.go:367] "Starting reflector" type="*v1.PersistentVolumeClaim" resyncPeriod="0s" reflector="k8s.io/client-go/informers/factory.go:161"
I0607 10:21:55.741329       1 reflector.go:411] "Listing and watching" type="*v1.PersistentVolumeClaim" reflector="k8s.io/client-go/informers/factory.go:161"
I0607 10:21:55.741703       1 reflector.go:367] "Starting reflector" type="*v1.Node" resyncPeriod="0s" reflector="k8s.io/client-go/informers/factory.go:161"
I0607 10:21:55.741779       1 reflector.go:411] "Listing and watching" type="*v1.Node" reflector="k8s.io/client-go/informers/factory.go:161"
I0607 10:21:55.749431       1 reflector.go:446] "Caches populated" type="*v1.PersistentVolumeClaim" reflector="k8s.io/client-go/informers/factory.go:161"
I0607 10:21:55.750913       1 reflector.go:446] "Caches populated" type="*v1.Node" reflector="k8s.io/client-go/informers/factory.go:161"
I0607 10:21:55.755539       1 reflector.go:446] "Caches populated" type="*v1.Pod" reflector="k8s.io/client-go/informers/factory.go:161"
I0607 10:21:55.841923       1 descheduler.go:235] Resetting pod evictor counters
I0607 10:21:55.842014       1 resourcedefragmentationc2.go:129] "Starting ResourceDefragmentationC2 balance pass" plugin="ResourceDefragmentationC2" ExtensionPoint="Balance" nodeCount=7
I0607 10:21:55.842175       1 profile.go:425] "Total number of evictions/requests" extension point="Balance" evictedPods=0 evictionRequests=0
I0607 10:21:55.842193       1 descheduler.go:252] "Number of evictions/requests" totalEvicted=0 evictionRequests=0
I0607 10:21:55.842285       1 reflector.go:373] "Stopping reflector" type="*v1.Pod" resyncPeriod="0s" reflector="k8s.io/client-go/informers/factory.go:161"
I0607 10:21:55.842318       1 reflector.go:373] "Stopping reflector" type="*v1.Node" resyncPeriod="0s" reflector="k8s.io/client-go/informers/factory.go:161"
I0607 10:21:55.842350       1 reflector.go:373] "Stopping reflector" type="*v1.PersistentVolumeClaim" resyncPeriod="0s" reflector="k8s.io/client-go/informers/factory.go:161"
I0607 10:21:55.842650       1 tlsconfig.go:258] "Shutting down DynamicServingCertificateController"
I0607 10:21:55.842738       1 secure_serving.go:259] Stopped listening on [::]:10258
