I0607 06:49:42.436421       1 feature_gate.go:466] feature gates: {map[]}
I0607 06:49:42.516940       1 secure_serving.go:57] Forcing use of http/1.1 only
I0607 06:49:42.517454       1 named_certificates.go:53] "Loaded SNI cert" index=0 certName="self-signed loopback" certDetail="\"apiserver-loopback-client@1780814982\" [serving] validServingFor=[apiserver-loopback-client] issuer=\"apiserver-loopback-client-ca@1780814982\" (2026-06-07 05:49:42 +0000 UTC to 2029-06-07 05:49:42 +0000 UTC (now=2026-06-07 06:49:42.517413204 +0000 UTC))"
I0607 06:49:42.517530       1 secure_serving.go:211] Serving securely on [::]:10258
I0607 06:49:42.517568       1 tracing.go:88] Did not find a trace collector endpoint defined. Switching to NoopTraceProvider
I0607 06:49:42.517754       1 tlsconfig.go:243] "Starting DynamicServingCertificateController"
I0607 06:49:42.518191       1 envvar.go:172] "Feature gate default state" feature="InOrderInformers" enabled=true
I0607 06:49:42.518230       1 envvar.go:172] "Feature gate default state" feature="InOrderInformersBatchProcess" enabled=true
I0607 06:49:42.518237       1 envvar.go:172] "Feature gate default state" feature="InformerResourceVersion" enabled=true
I0607 06:49:42.518244       1 envvar.go:172] "Feature gate default state" feature="WatchListClient" enabled=true
I0607 06:49:42.518251       1 envvar.go:172] "Feature gate default state" feature="ClientsAllowCBOR" enabled=false
I0607 06:49:42.518310       1 envvar.go:172] "Feature gate default state" feature="ClientsPreferCBOR" enabled=false
W0607 06:49:42.527815       1 descheduler.go:333] failed to convert Descheduler minor version '' to float: strconv.ParseFloat: parsing "": invalid syntax
I0607 06:49:42.537986       1 reflector.go:367] "Starting reflector" type="*v1.Pod" resyncPeriod="0s" reflector="k8s.io/client-go/informers/factory.go:161"
I0607 06:49:42.538076       1 reflector.go:411] "Listing and watching" type="*v1.Pod" reflector="k8s.io/client-go/informers/factory.go:161"
I0607 06:49:42.538148       1 reflector.go:367] "Starting reflector" type="*v1.PersistentVolumeClaim" resyncPeriod="0s" reflector="k8s.io/client-go/informers/factory.go:161"
I0607 06:49:42.538160       1 reflector.go:411] "Listing and watching" type="*v1.PersistentVolumeClaim" reflector="k8s.io/client-go/informers/factory.go:161"
I0607 06:49:42.538035       1 reflector.go:367] "Starting reflector" type="*v1.Node" resyncPeriod="0s" reflector="k8s.io/client-go/informers/factory.go:161"
I0607 06:49:42.538527       1 reflector.go:411] "Listing and watching" type="*v1.Node" reflector="k8s.io/client-go/informers/factory.go:161"
I0607 06:49:42.543486       1 reflector.go:446] "Caches populated" type="*v1.Node" reflector="k8s.io/client-go/informers/factory.go:161"
I0607 06:49:42.544365       1 reflector.go:446] "Caches populated" type="*v1.PersistentVolumeClaim" reflector="k8s.io/client-go/informers/factory.go:161"
I0607 06:49:42.551581       1 reflector.go:446] "Caches populated" type="*v1.Pod" reflector="k8s.io/client-go/informers/factory.go:161"
I0607 06:49:42.638734       1 descheduler.go:235] Resetting pod evictor counters
I0607 06:49:42.638817       1 resourcedefragmentationc2.go:131] "Starting ResourceDefragmentationC2 balance pass" plugin="ResourceDefragmentationC2" ExtensionPoint="Balance" nodeCount=7
I0607 06:49:42.639035       1 resourcedefragmentationc2.go:207] "Eviction decision" plugin="ResourceDefragmentationC2" ExtensionPoint="Balance" pod="defrag-exp/s2-mem-144-769fd78487-p7h6h" originNode="ip-172-31-6-144" predictedTarget="ip-172-31-1-245"
I0607 06:49:42.670474       1 evictions.go:558] "Evicted pod" pod="defrag-exp/s2-mem-144-769fd78487-p7h6h" reason="" strategy="ResourceDefragmentationC2" node="ip-172-31-6-144" profile="default"
I0607 06:49:42.670708       1 resourcedefragmentationc2.go:207] "Eviction decision" plugin="ResourceDefragmentationC2" ExtensionPoint="Balance" pod="defrag-exp/s2-mem-144-769fd78487-b7vws" originNode="ip-172-31-6-144" predictedTarget="ip-172-31-1-245"
E0607 06:49:42.673851       1 event_broadcaster.go:270] "Server rejected event (will not retry!)" err="events.events.k8s.io is forbidden: User \"system:serviceaccount:kube-system:descheduler\" cannot create resource \"events\" in API group \"events.k8s.io\" in the namespace \"defrag-exp\"" event="&Event{ObjectMeta:{s2-mem-144-769fd78487-p7h6h.18b6b9caa4c52713  defrag-exp    0 0001-01-01 00:00:00 +0000 UTC <nil> <nil> map[] map[] [] [] []},EventTime:2026-06-07 06:49:42.670501349 +0000 UTC m=+0.275965493,Series:nil,ReportingController:sigs.k8s.io.descheduler,ReportingInstance:sigs.k8s.io.descheduler-descheduler-job-rvb8x,Action:Descheduled,Reason:ResourceDefragmentationC2,Regarding:{Pod defrag-exp s2-mem-144-769fd78487-p7h6h 998726e4-635a-4a0f-ac36-1052e5db7481 v1 389896 },Related:nil,Note:pod eviction from ip-172-31-6-144 node by sigs.k8s.io/descheduler,Type:Normal,DeprecatedSource:{ },DeprecatedFirstTimestamp:0001-01-01 00:00:00 +0000 UTC,DeprecatedLastTimestamp:0001-01-01 00:00:00 +0000 UTC,DeprecatedCount:0,}"
I0607 06:49:42.773036       1 evictions.go:558] "Evicted pod" pod="defrag-exp/s2-mem-144-769fd78487-b7vws" reason="" strategy="ResourceDefragmentationC2" node="ip-172-31-6-144" profile="default"
I0607 06:49:42.773132       1 resourcedefragmentationc2.go:207] "Eviction decision" plugin="ResourceDefragmentationC2" ExtensionPoint="Balance" pod="defrag-exp/s2-mem-39-6c9ff4fc6d-2ggdb" originNode="ip-172-31-3-39" predictedTarget="ip-172-31-16-198"
E0607 06:49:42.776362       1 event_broadcaster.go:270] "Server rejected event (will not retry!)" err="events.events.k8s.io is forbidden: User \"system:serviceaccount:kube-system:descheduler\" cannot create resource \"events\" in API group \"events.k8s.io\" in the namespace \"defrag-exp\"" event="&Event{ObjectMeta:{s2-mem-144-769fd78487-b7vws.18b6b9caaae216d2  defrag-exp    0 0001-01-01 00:00:00 +0000 UTC <nil> <nil> map[] map[] [] [] []},EventTime:2026-06-07 06:49:42.773053463 +0000 UTC m=+0.378517621,Series:nil,ReportingController:sigs.k8s.io.descheduler,ReportingInstance:sigs.k8s.io.descheduler-descheduler-job-rvb8x,Action:Descheduled,Reason:ResourceDefragmentationC2,Regarding:{Pod defrag-exp s2-mem-144-769fd78487-b7vws 9621271c-ab73-4d9e-9428-6f16288c6964 v1 389900 },Related:nil,Note:pod eviction from ip-172-31-6-144 node by sigs.k8s.io/descheduler,Type:Normal,DeprecatedSource:{ },DeprecatedFirstTimestamp:0001-01-01 00:00:00 +0000 UTC,DeprecatedLastTimestamp:0001-01-01 00:00:00 +0000 UTC,DeprecatedCount:0,}"
I0607 06:49:42.866111       1 evictions.go:558] "Evicted pod" pod="defrag-exp/s2-mem-39-6c9ff4fc6d-2ggdb" reason="" strategy="ResourceDefragmentationC2" node="ip-172-31-3-39" profile="default"
I0607 06:49:42.866217       1 resourcedefragmentationc2.go:207] "Eviction decision" plugin="ResourceDefragmentationC2" ExtensionPoint="Balance" pod="defrag-exp/s2-mem-39-6c9ff4fc6d-fzc8w" originNode="ip-172-31-3-39" predictedTarget="ip-172-31-16-198"
E0607 06:49:42.873408       1 event_broadcaster.go:270] "Server rejected event (will not retry!)" err="events.events.k8s.io is forbidden: User \"system:serviceaccount:kube-system:descheduler\" cannot create resource \"events\" in API group \"events.k8s.io\" in the namespace \"defrag-exp\"" event="&Event{ObjectMeta:{s2-mem-39-6c9ff4fc6d-2ggdb.18b6b9cab06e3379  defrag-exp    0 0001-01-01 00:00:00 +0000 UTC <nil> <nil> map[] map[] [] [] []},EventTime:2026-06-07 06:49:42.866138673 +0000 UTC m=+0.471602841,Series:nil,ReportingController:sigs.k8s.io.descheduler,ReportingInstance:sigs.k8s.io.descheduler-descheduler-job-rvb8x,Action:Descheduled,Reason:ResourceDefragmentationC2,Regarding:{Pod defrag-exp s2-mem-39-6c9ff4fc6d-2ggdb 598e4c73-5478-49db-94d3-883bdd845f97 v1 389816 },Related:nil,Note:pod eviction from ip-172-31-3-39 node by sigs.k8s.io/descheduler,Type:Normal,DeprecatedSource:{ },DeprecatedFirstTimestamp:0001-01-01 00:00:00 +0000 UTC,DeprecatedLastTimestamp:0001-01-01 00:00:00 +0000 UTC,DeprecatedCount:0,}"
I0607 06:49:42.967898       1 evictions.go:558] "Evicted pod" pod="defrag-exp/s2-mem-39-6c9ff4fc6d-fzc8w" reason="" strategy="ResourceDefragmentationC2" node="ip-172-31-3-39" profile="default"
I0607 06:49:42.967971       1 resourcedefragmentationc2.go:207] "Eviction decision" plugin="ResourceDefragmentationC2" ExtensionPoint="Balance" pod="defrag-exp/s2-mem-146-7ff7c4f86f-w674r" originNode="ip-172-31-31-146" predictedTarget="ip-172-31-19-34"
E0607 06:49:42.972574       1 event_broadcaster.go:270] "Server rejected event (will not retry!)" err="events.events.k8s.io is forbidden: User \"system:serviceaccount:kube-system:descheduler\" cannot create resource \"events\" in API group \"events.k8s.io\" in the namespace \"defrag-exp\"" event="&Event{ObjectMeta:{s2-mem-39-6c9ff4fc6d-fzc8w.18b6b9cab67f2188  defrag-exp    0 0001-01-01 00:00:00 +0000 UTC <nil> <nil> map[] map[] [] [] []},EventTime:2026-06-07 06:49:42.967918684 +0000 UTC m=+0.573382827,Series:nil,ReportingController:sigs.k8s.io.descheduler,ReportingInstance:sigs.k8s.io.descheduler-descheduler-job-rvb8x,Action:Descheduled,Reason:ResourceDefragmentationC2,Regarding:{Pod defrag-exp s2-mem-39-6c9ff4fc6d-fzc8w d4c3eb4f-8aee-4ec4-8355-f76dda8cda9c v1 389820 },Related:nil,Note:pod eviction from ip-172-31-3-39 node by sigs.k8s.io/descheduler,Type:Normal,DeprecatedSource:{ },DeprecatedFirstTimestamp:0001-01-01 00:00:00 +0000 UTC,DeprecatedLastTimestamp:0001-01-01 00:00:00 +0000 UTC,DeprecatedCount:0,}"
I0607 06:49:43.073127       1 evictions.go:558] "Evicted pod" pod="defrag-exp/s2-mem-146-7ff7c4f86f-w674r" reason="" strategy="ResourceDefragmentationC2" node="ip-172-31-31-146" profile="default"
I0607 06:49:43.073240       1 resourcedefragmentationc2.go:207] "Eviction decision" plugin="ResourceDefragmentationC2" ExtensionPoint="Balance" pod="defrag-exp/s2-mem-146-7ff7c4f86f-kcc7q" originNode="ip-172-31-31-146" predictedTarget="ip-172-31-19-34"
E0607 06:49:43.090354       1 event_broadcaster.go:270] "Server rejected event (will not retry!)" err="events.events.k8s.io is forbidden: User \"system:serviceaccount:kube-system:descheduler\" cannot create resource \"events\" in API group \"events.k8s.io\" in the namespace \"defrag-exp\"" event="&Event{ObjectMeta:{s2-mem-146-7ff7c4f86f-w674r.18b6b9cabcc4f801  defrag-exp    0 0001-01-01 00:00:00 +0000 UTC <nil> <nil> map[] map[] [] [] []},EventTime:2026-06-07 06:49:43.073157834 +0000 UTC m=+0.678621978,Series:nil,ReportingController:sigs.k8s.io.descheduler,ReportingInstance:sigs.k8s.io.descheduler-descheduler-job-rvb8x,Action:Descheduled,Reason:ResourceDefragmentationC2,Regarding:{Pod defrag-exp s2-mem-146-7ff7c4f86f-w674r 7ab51d41-f651-4ba5-b889-7142a98c690d v1 389860 },Related:nil,Note:pod eviction from ip-172-31-31-146 node by sigs.k8s.io/descheduler,Type:Normal,DeprecatedSource:{ },DeprecatedFirstTimestamp:0001-01-01 00:00:00 +0000 UTC,DeprecatedLastTimestamp:0001-01-01 00:00:00 +0000 UTC,DeprecatedCount:0,}"
I0607 06:49:43.186463       1 evictions.go:558] "Evicted pod" pod="defrag-exp/s2-mem-146-7ff7c4f86f-kcc7q" reason="" strategy="ResourceDefragmentationC2" node="ip-172-31-31-146" profile="default"
I0607 06:49:43.187642       1 profile.go:425] "Total number of evictions/requests" extension point="Balance" evictedPods=6 evictionRequests=0
I0607 06:49:43.187795       1 descheduler.go:252] "Number of evictions/requests" totalEvicted=6 evictionRequests=0
E0607 06:49:43.190180       1 event_broadcaster.go:279] "Unable to write event (may retry after sleeping)" err="Post \"https://10.96.0.1:443/apis/events.k8s.io/v1/namespaces/defrag-exp/events\": context canceled"
I0607 06:49:43.190441       1 reflector.go:373] "Stopping reflector" type="*v1.Pod" resyncPeriod="0s" reflector="k8s.io/client-go/informers/factory.go:161"
I0607 06:49:43.190582       1 reflector.go:373] "Stopping reflector" type="*v1.PersistentVolumeClaim" resyncPeriod="0s" reflector="k8s.io/client-go/informers/factory.go:161"
I0607 06:49:43.190919       1 reflector.go:373] "Stopping reflector" type="*v1.Node" resyncPeriod="0s" reflector="k8s.io/client-go/informers/factory.go:161"
I0607 06:49:43.191315       1 tlsconfig.go:258] "Shutting down DynamicServingCertificateController"
I0607 06:49:43.191523       1 secure_serving.go:259] Stopped listening on [::]:10258
