I0607 05:46:18.584108       1 feature_gate.go:466] feature gates: {map[]}
I0607 05:46:18.843990       1 secure_serving.go:57] Forcing use of http/1.1 only
I0607 05:46:18.844432       1 named_certificates.go:53] "Loaded SNI cert" index=0 certName="self-signed loopback" certDetail="\"apiserver-loopback-client@1780811178\" [serving] validServingFor=[apiserver-loopback-client] issuer=\"apiserver-loopback-client-ca@1780811178\" (2026-06-07 04:46:18 +0000 UTC to 2029-06-07 04:46:18 +0000 UTC (now=2026-06-07 05:46:18.844370066 +0000 UTC))"
I0607 05:46:18.844489       1 secure_serving.go:211] Serving securely on [::]:10258
I0607 05:46:18.844508       1 tracing.go:88] Did not find a trace collector endpoint defined. Switching to NoopTraceProvider
I0607 05:46:18.844605       1 tlsconfig.go:243] "Starting DynamicServingCertificateController"
I0607 05:46:18.844986       1 envvar.go:172] "Feature gate default state" feature="WatchListClient" enabled=true
I0607 05:46:18.845010       1 envvar.go:172] "Feature gate default state" feature="ClientsAllowCBOR" enabled=false
I0607 05:46:18.845018       1 envvar.go:172] "Feature gate default state" feature="ClientsPreferCBOR" enabled=false
I0607 05:46:18.845032       1 envvar.go:172] "Feature gate default state" feature="InOrderInformers" enabled=true
I0607 05:46:18.845039       1 envvar.go:172] "Feature gate default state" feature="InOrderInformersBatchProcess" enabled=true
I0607 05:46:18.845046       1 envvar.go:172] "Feature gate default state" feature="InformerResourceVersion" enabled=true
W0607 05:46:18.855029       1 descheduler.go:333] failed to convert Descheduler minor version '' to float: strconv.ParseFloat: parsing "": invalid syntax
I0607 05:46:18.865325       1 reflector.go:367] "Starting reflector" type="*v1.PersistentVolumeClaim" resyncPeriod="0s" reflector="k8s.io/client-go/informers/factory.go:161"
I0607 05:46:18.865350       1 reflector.go:367] "Starting reflector" type="*v1.Node" resyncPeriod="0s" reflector="k8s.io/client-go/informers/factory.go:161"
I0607 05:46:18.865362       1 reflector.go:411] "Listing and watching" type="*v1.Node" reflector="k8s.io/client-go/informers/factory.go:161"
I0607 05:46:18.865400       1 reflector.go:367] "Starting reflector" type="*v1.Pod" resyncPeriod="0s" reflector="k8s.io/client-go/informers/factory.go:161"
I0607 05:46:18.865409       1 reflector.go:411] "Listing and watching" type="*v1.Pod" reflector="k8s.io/client-go/informers/factory.go:161"
I0607 05:46:18.865352       1 reflector.go:411] "Listing and watching" type="*v1.PersistentVolumeClaim" reflector="k8s.io/client-go/informers/factory.go:161"
I0607 05:46:18.872320       1 reflector.go:446] "Caches populated" type="*v1.PersistentVolumeClaim" reflector="k8s.io/client-go/informers/factory.go:161"
I0607 05:46:18.873957       1 reflector.go:446] "Caches populated" type="*v1.Node" reflector="k8s.io/client-go/informers/factory.go:161"
I0607 05:46:18.877407       1 reflector.go:446] "Caches populated" type="*v1.Pod" reflector="k8s.io/client-go/informers/factory.go:161"
I0607 05:46:18.965921       1 descheduler.go:235] Resetting pod evictor counters
I0607 05:46:18.966177       1 resourcedefragmentation.go:178] "Starting resource defragmentation balance pass" plugin="ResourceDefragmentation" ExtensionPoint="Balance" nodeCount=7
I0607 05:46:18.966230       1 resourcedefragmentation.go:185] "Skipping control-plane node" plugin="ResourceDefragmentation" ExtensionPoint="Balance" node="ip-172-31-84-108"
I0607 05:46:18.966269       1 resourcedefragmentation.go:219] "Node state" plugin="ResourceDefragmentation" ExtensionPoint="Balance" node="ip-172-31-1-245" avgUtilization=0.5501915178420959 minUtilization=0.15038303568419178 binScore=0.37528727676314383 usageSource="requests"
I0607 05:46:18.966309       1 resourcedefragmentation.go:219] "Node state" plugin="ResourceDefragmentation" ExtensionPoint="Balance" node="ip-172-31-16-198" avgUtilization=0.5501792101753828 minUtilization=0.15035842035076571 binScore=0.3752688152630743 usageSource="requests"
I0607 05:46:18.966334       1 resourcedefragmentation.go:219] "Node state" plugin="ResourceDefragmentation" ExtensionPoint="Balance" node="ip-172-31-19-34" avgUtilization=0.5444871677602916 minUtilization=0.14 binScore=0.36775641611985427 usageSource="requests"
I0607 05:46:18.966390       1 resourcedefragmentation.go:219] "Node state" plugin="ResourceDefragmentation" ExtensionPoint="Balance" node="ip-172-31-3-39" avgUtilization=0.5444917363528262 minUtilization=0.14 binScore=0.3677541318235869 usageSource="requests"
I0607 05:46:18.966435       1 resourcedefragmentation.go:219] "Node state" plugin="ResourceDefragmentation" ExtensionPoint="Balance" node="ip-172-31-31-146" avgUtilization=0.5168922679196415 minUtilization=0.51 binScore=0.7515538660401793 usageSource="requests"
I0607 05:46:18.966488       1 resourcedefragmentation.go:219] "Node state" plugin="ResourceDefragmentation" ExtensionPoint="Balance" node="ip-172-31-6-144" avgUtilization=0.055816047456713085 minUtilization=0.05 binScore=0.5220919762716434 usageSource="requests"
I0607 05:46:18.966652       1 resourcedefragmentation.go:257] "Node is a drain candidate" plugin="ResourceDefragmentation" ExtensionPoint="Balance" node="ip-172-31-1-245" avgUtilization=0.5501915178420959 binScore=0.37528727676314383 imbalanceIndex=0.7996169643158082 freeSpaceIndex=0.042480848215790415 priority=12.169818258872901
I0607 05:46:18.966728       1 resourcedefragmentation.go:257] "Node is a drain candidate" plugin="ResourceDefragmentation" ExtensionPoint="Balance" node="ip-172-31-16-198" avgUtilization=0.5501792101753828 binScore=0.3752688152630743 imbalanceIndex=0.7996415796492342 freeSpaceIndex=0.042482078982461716 priority=12.169489572500082
I0607 05:46:18.966766       1 resourcedefragmentation.go:257] "Node is a drain candidate" plugin="ResourceDefragmentation" ExtensionPoint="Balance" node="ip-172-31-19-34" avgUtilization=0.5444871677602916 binScore=0.36775641611985427 imbalanceIndex=-0.8089743355205831 freeSpaceIndex=0.04388207145229854 priority=11.798662107840348
I0607 05:46:18.966803       1 resourcedefragmentation.go:257] "Node is a drain candidate" plugin="ResourceDefragmentation" ExtensionPoint="Balance" node="ip-172-31-3-39" avgUtilization=0.5444917363528262 binScore=0.3677541318235869 imbalanceIndex=-0.8089834727056524 freeSpaceIndex=0.04387421347313893 priority=11.800707401084752
I0607 05:46:18.966931       1 resourcedefragmentation.go:280] "Draining under-utilized node" plugin="ResourceDefragmentation" ExtensionPoint="Balance" node="ip-172-31-1-245" priority=12.169818258872901
I0607 05:46:18.966977       1 resourcedefragmentation.go:867] "Candidate score inputs" plugin="ResourceDefragmentation" pod="defrag-exp/s4-cpu-245-cccd9967b-wzfth" originNode="ip-172-31-1-245" c1=0.06486887473396041 c2=0.7125222175150083 c3=0.2652393310959491 c4=0
I0607 05:46:18.967002       1 resourcedefragmentation.go:867] "Candidate score inputs" plugin="ResourceDefragmentation" pod="defrag-exp/s4-cpu-245-cccd9967b-fsfdk" originNode="ip-172-31-1-245" c1=0.06486887473396041 c2=0.7125222175150083 c3=0.2652393310959491 c4=0
I0607 05:46:18.967017       1 resourcedefragmentation.go:867] "Candidate score inputs" plugin="ResourceDefragmentation" pod="defrag-exp/s4-cpu-245-cccd9967b-hv4r4" originNode="ip-172-31-1-245" c1=0.06486887473396041 c2=0.7125222175150083 c3=0.2652393310959491 c4=0
I0607 05:46:18.967053       1 resourcedefragmentation.go:298] "Eviction decision" plugin="ResourceDefragmentation" ExtensionPoint="Balance" pod="defrag-exp/s4-cpu-245-cccd9967b-wzfth" originNode="ip-172-31-1-245" predictedTarget="ip-172-31-31-146"
I0607 05:46:18.993517       1 evictions.go:558] "Evicted pod" pod="defrag-exp/s4-cpu-245-cccd9967b-wzfth" reason="" strategy="ResourceDefragmentation" node="ip-172-31-1-245" profile="default"
I0607 05:46:18.993591       1 resourcedefragmentation.go:867] "Candidate score inputs" plugin="ResourceDefragmentation" pod="defrag-exp/s4-cpu-245-cccd9967b-fsfdk" originNode="ip-172-31-1-245" c1=0.04293135748083929 c2=-999.9 c3=0.2829894598980176 c4=0
I0607 05:46:18.993615       1 resourcedefragmentation.go:867] "Candidate score inputs" plugin="ResourceDefragmentation" pod="defrag-exp/s4-cpu-245-cccd9967b-hv4r4" originNode="ip-172-31-1-245" c1=0.04293135748083929 c2=-999.9 c3=0.2829894598980176 c4=0
I0607 05:46:18.993668       1 resourcedefragmentation.go:294] "No feasible scheduler target within ceiling; leaving pod in place" plugin="ResourceDefragmentation" ExtensionPoint="Balance" pod="defrag-exp/s4-cpu-245-cccd9967b-fsfdk" originNode="ip-172-31-1-245"
I0607 05:46:18.993688       1 resourcedefragmentation.go:867] "Candidate score inputs" plugin="ResourceDefragmentation" pod="defrag-exp/s4-cpu-245-cccd9967b-hv4r4" originNode="ip-172-31-1-245" c1=0.04293135748083929 c2=-999.9 c3=0.2829894598980176 c4=0
I0607 05:46:18.993704       1 resourcedefragmentation.go:294] "No feasible scheduler target within ceiling; leaving pod in place" plugin="ResourceDefragmentation" ExtensionPoint="Balance" pod="defrag-exp/s4-cpu-245-cccd9967b-hv4r4" originNode="ip-172-31-1-245"
I0607 05:46:18.993718       1 resourcedefragmentation.go:280] "Draining under-utilized node" plugin="ResourceDefragmentation" ExtensionPoint="Balance" node="ip-172-31-16-198" priority=12.169489572500082
I0607 05:46:18.993731       1 resourcedefragmentation.go:867] "Candidate score inputs" plugin="ResourceDefragmentation" pod="defrag-exp/s4-cpu-198-c8bbfc967-bv5r8" originNode="ip-172-31-16-198" c1=0.06487203329718091 c2=-999.9 c3=0.265245020869741 c4=0
I0607 05:46:18.993743       1 resourcedefragmentation.go:867] "Candidate score inputs" plugin="ResourceDefragmentation" pod="defrag-exp/s4-cpu-198-c8bbfc967-5nx7s" originNode="ip-172-31-16-198" c1=0.06487203329718091 c2=-999.9 c3=0.265245020869741 c4=0
I0607 05:46:18.993758       1 resourcedefragmentation.go:867] "Candidate score inputs" plugin="ResourceDefragmentation" pod="defrag-exp/s4-cpu-198-c8bbfc967-c2zq2" originNode="ip-172-31-16-198" c1=0.06487203329718091 c2=-999.9 c3=0.265245020869741 c4=0
I0607 05:46:18.993774       1 resourcedefragmentation.go:294] "No feasible scheduler target within ceiling; leaving pod in place" plugin="ResourceDefragmentation" ExtensionPoint="Balance" pod="defrag-exp/s4-cpu-198-c8bbfc967-bv5r8" originNode="ip-172-31-16-198"
I0607 05:46:18.993783       1 resourcedefragmentation.go:867] "Candidate score inputs" plugin="ResourceDefragmentation" pod="defrag-exp/s4-cpu-198-c8bbfc967-5nx7s" originNode="ip-172-31-16-198" c1=0.06487203329718091 c2=-999.9 c3=0.265245020869741 c4=0
I0607 05:46:18.993795       1 resourcedefragmentation.go:867] "Candidate score inputs" plugin="ResourceDefragmentation" pod="defrag-exp/s4-cpu-198-c8bbfc967-c2zq2" originNode="ip-172-31-16-198" c1=0.06487203329718091 c2=-999.9 c3=0.265245020869741 c4=0
I0607 05:46:18.993810       1 resourcedefragmentation.go:294] "No feasible scheduler target within ceiling; leaving pod in place" plugin="ResourceDefragmentation" ExtensionPoint="Balance" pod="defrag-exp/s4-cpu-198-c8bbfc967-5nx7s" originNode="ip-172-31-16-198"
I0607 05:46:18.993820       1 resourcedefragmentation.go:867] "Candidate score inputs" plugin="ResourceDefragmentation" pod="defrag-exp/s4-cpu-198-c8bbfc967-c2zq2" originNode="ip-172-31-16-198" c1=0.06487203329718091 c2=-999.9 c3=0.265245020869741 c4=0
I0607 05:46:18.993837       1 resourcedefragmentation.go:294] "No feasible scheduler target within ceiling; leaving pod in place" plugin="ResourceDefragmentation" ExtensionPoint="Balance" pod="defrag-exp/s4-cpu-198-c8bbfc967-c2zq2" originNode="ip-172-31-16-198"
I0607 05:46:18.993850       1 resourcedefragmentation.go:280] "Draining under-utilized node" plugin="ResourceDefragmentation" ExtensionPoint="Balance" node="ip-172-31-3-39" priority=11.800707401084752
I0607 05:46:18.993863       1 resourcedefragmentation.go:867] "Candidate score inputs" plugin="ResourceDefragmentation" pod="defrag-exp/s4-mem-39-5d5899dbd4-sqfds" originNode="ip-172-31-3-39" c1=0.06359934486949317 c2=0.9177132087098436 c3=0.2647809760395153 c4=0
I0607 05:46:18.993878       1 resourcedefragmentation.go:867] "Candidate score inputs" plugin="ResourceDefragmentation" pod="defrag-exp/s4-mem-39-5d5899dbd4-cbmgs" originNode="ip-172-31-3-39" c1=0.06359934486949317 c2=0.9177132087098436 c3=0.2647809760395153 c4=0
I0607 05:46:18.993890       1 resourcedefragmentation.go:867] "Candidate score inputs" plugin="ResourceDefragmentation" pod="defrag-exp/s4-mem-39-5d5899dbd4-bs7v9" originNode="ip-172-31-3-39" c1=0.06359934486949317 c2=0.9177132087098436 c3=0.2647809760395153 c4=0
I0607 05:46:18.993906       1 resourcedefragmentation.go:298] "Eviction decision" plugin="ResourceDefragmentation" ExtensionPoint="Balance" pod="defrag-exp/s4-mem-39-5d5899dbd4-sqfds" originNode="ip-172-31-3-39" predictedTarget="ip-172-31-31-146"
E0607 05:46:18.997098       1 event_broadcaster.go:270] "Server rejected event (will not retry!)" err="events.events.k8s.io is forbidden: User \"system:serviceaccount:kube-system:descheduler\" cannot create resource \"events\" in API group \"events.k8s.io\" in the namespace \"defrag-exp\"" event="&Event{ObjectMeta:{s4-cpu-245-cccd9967b-wzfth.18b6b65507f4a092  defrag-exp    0 0001-01-01 00:00:00 +0000 UTC <nil> <nil> map[] map[] [] [] []},EventTime:2026-06-07 05:46:18.993537491 +0000 UTC m=+0.446561599,Series:nil,ReportingController:sigs.k8s.io.descheduler,ReportingInstance:sigs.k8s.io.descheduler-descheduler-job-ddrj7,Action:Descheduled,Reason:ResourceDefragmentation,Regarding:{Pod defrag-exp s4-cpu-245-cccd9967b-wzfth 2c078dbb-3205-4acd-a39a-255a4dac7258 v1 370963 },Related:nil,Note:pod eviction from ip-172-31-1-245 node by sigs.k8s.io/descheduler,Type:Normal,DeprecatedSource:{ },DeprecatedFirstTimestamp:0001-01-01 00:00:00 +0000 UTC,DeprecatedLastTimestamp:0001-01-01 00:00:00 +0000 UTC,DeprecatedCount:0,}"
I0607 05:46:19.099532       1 evictions.go:558] "Evicted pod" pod="defrag-exp/s4-mem-39-5d5899dbd4-sqfds" reason="" strategy="ResourceDefragmentation" node="ip-172-31-3-39" profile="default"
I0607 05:46:19.099610       1 resourcedefragmentation.go:867] "Candidate score inputs" plugin="ResourceDefragmentation" pod="defrag-exp/s4-mem-39-5d5899dbd4-cbmgs" originNode="ip-172-31-3-39" c1=0.0427041310191288 c2=0.6424762257864148 c3=0.2825281994251795 c4=0
I0607 05:46:19.099849       1 resourcedefragmentation.go:867] "Candidate score inputs" plugin="ResourceDefragmentation" pod="defrag-exp/s4-mem-39-5d5899dbd4-bs7v9" originNode="ip-172-31-3-39" c1=0.0427041310191288 c2=0.6424762257864148 c3=0.2825281994251795 c4=0
I0607 05:46:19.100433       1 resourcedefragmentation.go:298] "Eviction decision" plugin="ResourceDefragmentation" ExtensionPoint="Balance" pod="defrag-exp/s4-mem-39-5d5899dbd4-cbmgs" originNode="ip-172-31-3-39" predictedTarget="ip-172-31-1-245"
E0607 05:46:19.102859       1 event_broadcaster.go:270] "Server rejected event (will not retry!)" err="events.events.k8s.io is forbidden: User \"system:serviceaccount:kube-system:descheduler\" cannot create resource \"events\" in API group \"events.k8s.io\" in the namespace \"defrag-exp\"" event="&Event{ObjectMeta:{s4-mem-39-5d5899dbd4-sqfds.18b6b6550e4613d8  defrag-exp    0 0001-01-01 00:00:00 +0000 UTC <nil> <nil> map[] map[] [] [] []},EventTime:2026-06-07 05:46:19.099551639 +0000 UTC m=+0.552575734,Series:nil,ReportingController:sigs.k8s.io.descheduler,ReportingInstance:sigs.k8s.io.descheduler-descheduler-job-ddrj7,Action:Descheduled,Reason:ResourceDefragmentation,Regarding:{Pod defrag-exp s4-mem-39-5d5899dbd4-sqfds fa997291-bacf-4e93-8949-ab2f1e904671 v1 371116 },Related:nil,Note:pod eviction from ip-172-31-3-39 node by sigs.k8s.io/descheduler,Type:Normal,DeprecatedSource:{ },DeprecatedFirstTimestamp:0001-01-01 00:00:00 +0000 UTC,DeprecatedLastTimestamp:0001-01-01 00:00:00 +0000 UTC,DeprecatedCount:0,}"
I0607 05:46:19.190327       1 evictions.go:558] "Evicted pod" pod="defrag-exp/s4-mem-39-5d5899dbd4-cbmgs" reason="" strategy="ResourceDefragmentation" node="ip-172-31-3-39" profile="default"
I0607 05:46:19.190399       1 resourcedefragmentation.go:867] "Candidate score inputs" plugin="ResourceDefragmentation" pod="defrag-exp/s4-mem-39-5d5899dbd4-bs7v9" originNode="ip-172-31-3-39" c1=0.021808917168764437 c2=0.854382388062576 c3=0.30027542281084363 c4=0
I0607 05:46:19.190430       1 resourcedefragmentation.go:298] "Eviction decision" plugin="ResourceDefragmentation" ExtensionPoint="Balance" pod="defrag-exp/s4-mem-39-5d5899dbd4-bs7v9" originNode="ip-172-31-3-39" predictedTarget="ip-172-31-1-245"
E0607 05:46:19.195492       1 event_broadcaster.go:270] "Server rejected event (will not retry!)" err="events.events.k8s.io is forbidden: User \"system:serviceaccount:kube-system:descheduler\" cannot create resource \"events\" in API group \"events.k8s.io\" in the namespace \"defrag-exp\"" event="&Event{ObjectMeta:{s4-mem-39-5d5899dbd4-cbmgs.18b6b65513af9b43  defrag-exp    0 0001-01-01 00:00:00 +0000 UTC <nil> <nil> map[] map[] [] [] []},EventTime:2026-06-07 05:46:19.190351826 +0000 UTC m=+0.643375927,Series:nil,ReportingController:sigs.k8s.io.descheduler,ReportingInstance:sigs.k8s.io.descheduler-descheduler-job-ddrj7,Action:Descheduled,Reason:ResourceDefragmentation,Regarding:{Pod defrag-exp s4-mem-39-5d5899dbd4-cbmgs f85b1e17-de4e-4957-962b-6b742b5d046c v1 371120 },Related:nil,Note:pod eviction from ip-172-31-3-39 node by sigs.k8s.io/descheduler,Type:Normal,DeprecatedSource:{ },DeprecatedFirstTimestamp:0001-01-01 00:00:00 +0000 UTC,DeprecatedLastTimestamp:0001-01-01 00:00:00 +0000 UTC,DeprecatedCount:0,}"
I0607 05:46:19.290312       1 evictions.go:558] "Evicted pod" pod="defrag-exp/s4-mem-39-5d5899dbd4-bs7v9" reason="" strategy="ResourceDefragmentation" node="ip-172-31-3-39" profile="default"
I0607 05:46:19.290370       1 resourcedefragmentation.go:280] "Draining under-utilized node" plugin="ResourceDefragmentation" ExtensionPoint="Balance" node="ip-172-31-19-34" priority=11.798662107840348
I0607 05:46:19.290400       1 resourcedefragmentation.go:867] "Candidate score inputs" plugin="ResourceDefragmentation" pod="defrag-exp/s4-mem-34-67b57f4875-cml2g" originNode="ip-172-31-19-34" c1=0.06359733272103738 c2=-999.9 c3=0.2647787154761962 c4=0
I0607 05:46:19.290414       1 resourcedefragmentation.go:867] "Candidate score inputs" plugin="ResourceDefragmentation" pod="defrag-exp/s4-mem-34-67b57f4875-pvsjn" originNode="ip-172-31-19-34" c1=0.06359733272103738 c2=-999.9 c3=0.2647787154761962 c4=0
I0607 05:46:19.290436       1 resourcedefragmentation.go:867] "Candidate score inputs" plugin="ResourceDefragmentation" pod="defrag-exp/s4-mem-34-67b57f4875-wch9p" originNode="ip-172-31-19-34" c1=0.06359733272103738 c2=-999.9 c3=0.2647787154761962 c4=0
I0607 05:46:19.290449       1 resourcedefragmentation.go:294] "No feasible scheduler target within ceiling; leaving pod in place" plugin="ResourceDefragmentation" ExtensionPoint="Balance" pod="defrag-exp/s4-mem-34-67b57f4875-cml2g" originNode="ip-172-31-19-34"
I0607 05:46:19.290466       1 resourcedefragmentation.go:867] "Candidate score inputs" plugin="ResourceDefragmentation" pod="defrag-exp/s4-mem-34-67b57f4875-pvsjn" originNode="ip-172-31-19-34" c1=0.06359733272103738 c2=-999.9 c3=0.2647787154761962 c4=0
I0607 05:46:19.290478       1 resourcedefragmentation.go:867] "Candidate score inputs" plugin="ResourceDefragmentation" pod="defrag-exp/s4-mem-34-67b57f4875-wch9p" originNode="ip-172-31-19-34" c1=0.06359733272103738 c2=-999.9 c3=0.2647787154761962 c4=0
I0607 05:46:19.290492       1 resourcedefragmentation.go:294] "No feasible scheduler target within ceiling; leaving pod in place" plugin="ResourceDefragmentation" ExtensionPoint="Balance" pod="defrag-exp/s4-mem-34-67b57f4875-pvsjn" originNode="ip-172-31-19-34"
I0607 05:46:19.290502       1 resourcedefragmentation.go:867] "Candidate score inputs" plugin="ResourceDefragmentation" pod="defrag-exp/s4-mem-34-67b57f4875-wch9p" originNode="ip-172-31-19-34" c1=0.06359733272103738 c2=-999.9 c3=0.2647787154761962 c4=0
I0607 05:46:19.290524       1 resourcedefragmentation.go:294] "No feasible scheduler target within ceiling; leaving pod in place" plugin="ResourceDefragmentation" ExtensionPoint="Balance" pod="defrag-exp/s4-mem-34-67b57f4875-wch9p" originNode="ip-172-31-19-34"
I0607 05:46:19.290557       1 profile.go:425] "Total number of evictions/requests" extension point="Balance" evictedPods=4 evictionRequests=0
I0607 05:46:19.290593       1 descheduler.go:252] "Number of evictions/requests" totalEvicted=4 evictionRequests=0
E0607 05:46:19.290679       1 event_broadcaster.go:279] "Unable to write event (may retry after sleeping)" err="Post \"https://10.96.0.1:443/apis/events.k8s.io/v1/namespaces/defrag-exp/events\": context canceled"
I0607 05:46:19.290741       1 reflector.go:373] "Stopping reflector" type="*v1.Pod" resyncPeriod="0s" reflector="k8s.io/client-go/informers/factory.go:161"
I0607 05:46:19.290772       1 reflector.go:373] "Stopping reflector" type="*v1.Node" resyncPeriod="0s" reflector="k8s.io/client-go/informers/factory.go:161"
I0607 05:46:19.290800       1 reflector.go:373] "Stopping reflector" type="*v1.PersistentVolumeClaim" resyncPeriod="0s" reflector="k8s.io/client-go/informers/factory.go:161"
I0607 05:46:19.291019       1 tlsconfig.go:258] "Shutting down DynamicServingCertificateController"
I0607 05:46:19.291266       1 secure_serving.go:259] Stopped listening on [::]:10258
