I0607 05:46:43.973710       1 feature_gate.go:466] feature gates: {map[]}
I0607 05:46:44.117304       1 secure_serving.go:57] Forcing use of http/1.1 only
I0607 05:46:44.117689       1 named_certificates.go:53] "Loaded SNI cert" index=0 certName="self-signed loopback" certDetail="\"apiserver-loopback-client@1780811204\" [serving] validServingFor=[apiserver-loopback-client] issuer=\"apiserver-loopback-client-ca@1780811204\" (2026-06-07 04:46:43 +0000 UTC to 2029-06-07 04:46:43 +0000 UTC (now=2026-06-07 05:46:44.117635259 +0000 UTC))"
I0607 05:46:44.117733       1 secure_serving.go:211] Serving securely on [::]:10258
I0607 05:46:44.117760       1 tracing.go:88] Did not find a trace collector endpoint defined. Switching to NoopTraceProvider
I0607 05:46:44.117759       1 tlsconfig.go:243] "Starting DynamicServingCertificateController"
I0607 05:46:44.118119       1 envvar.go:172] "Feature gate default state" feature="ClientsAllowCBOR" enabled=false
I0607 05:46:44.118146       1 envvar.go:172] "Feature gate default state" feature="ClientsPreferCBOR" enabled=false
I0607 05:46:44.118153       1 envvar.go:172] "Feature gate default state" feature="InOrderInformers" enabled=true
I0607 05:46:44.118175       1 envvar.go:172] "Feature gate default state" feature="InOrderInformersBatchProcess" enabled=true
I0607 05:46:44.118183       1 envvar.go:172] "Feature gate default state" feature="InformerResourceVersion" enabled=true
I0607 05:46:44.118188       1 envvar.go:172] "Feature gate default state" feature="WatchListClient" enabled=true
W0607 05:46:44.127737       1 descheduler.go:333] failed to convert Descheduler minor version '' to float: strconv.ParseFloat: parsing "": invalid syntax
I0607 05:46:44.138801       1 reflector.go:367] "Starting reflector" type="*v1.Pod" resyncPeriod="0s" reflector="k8s.io/client-go/informers/factory.go:161"
I0607 05:46:44.138830       1 reflector.go:411] "Listing and watching" type="*v1.Pod" reflector="k8s.io/client-go/informers/factory.go:161"
I0607 05:46:44.139048       1 reflector.go:367] "Starting reflector" type="*v1.Node" resyncPeriod="0s" reflector="k8s.io/client-go/informers/factory.go:161"
I0607 05:46:44.139196       1 reflector.go:411] "Listing and watching" type="*v1.Node" reflector="k8s.io/client-go/informers/factory.go:161"
I0607 05:46:44.138801       1 reflector.go:367] "Starting reflector" type="*v1.PersistentVolumeClaim" resyncPeriod="0s" reflector="k8s.io/client-go/informers/factory.go:161"
I0607 05:46:44.139265       1 reflector.go:411] "Listing and watching" type="*v1.PersistentVolumeClaim" reflector="k8s.io/client-go/informers/factory.go:161"
I0607 05:46:44.145245       1 reflector.go:446] "Caches populated" type="*v1.Node" reflector="k8s.io/client-go/informers/factory.go:161"
I0607 05:46:44.145649       1 reflector.go:446] "Caches populated" type="*v1.PersistentVolumeClaim" reflector="k8s.io/client-go/informers/factory.go:161"
I0607 05:46:44.149749       1 reflector.go:446] "Caches populated" type="*v1.Pod" reflector="k8s.io/client-go/informers/factory.go:161"
I0607 05:46:44.239768       1 descheduler.go:235] Resetting pod evictor counters
I0607 05:46:44.239830       1 resourcedefragmentation.go:178] "Starting resource defragmentation balance pass" plugin="ResourceDefragmentation" ExtensionPoint="Balance" nodeCount=7
I0607 05:46:44.239879       1 resourcedefragmentation.go:219] "Node state" plugin="ResourceDefragmentation" ExtensionPoint="Balance" node="ip-172-31-3-39" avgUtilization=0.05581115171122249 minUtilization=0.05 binScore=0.5220944241443888 usageSource="requests"
I0607 05:46:44.239910       1 resourcedefragmentation.go:219] "Node state" plugin="ResourceDefragmentation" ExtensionPoint="Balance" node="ip-172-31-31-146" avgUtilization=0.8445735825803128 minUtilization=0.84 binScore=0.9177132087098436 usageSource="requests"
I0607 05:46:44.239927       1 resourcedefragmentation.go:219] "Node state" plugin="ResourceDefragmentation" ExtensionPoint="Balance" node="ip-172-31-6-144" avgUtilization=0.055816047456713085 minUtilization=0.05 binScore=0.5220919762716434 usageSource="requests"
I0607 05:46:44.239938       1 resourcedefragmentation.go:185] "Skipping control-plane node" plugin="ResourceDefragmentation" ExtensionPoint="Balance" node="ip-172-31-84-108"
I0607 05:46:44.239954       1 resourcedefragmentation.go:219] "Node state" plugin="ResourceDefragmentation" ExtensionPoint="Balance" node="ip-172-31-1-245" avgUtilization=0.5483174838576099 minUtilization=0.41663496771521985 binScore=0.6424762257864148 usageSource="requests"
I0607 05:46:44.239972       1 resourcedefragmentation.go:219] "Node state" plugin="ResourceDefragmentation" ExtensionPoint="Balance" node="ip-172-31-16-198" avgUtilization=0.7130727383892508 minUtilization=0.4461454767785015 binScore=0.5896091075838762 usageSource="requests"
I0607 05:46:44.239990       1 resourcedefragmentation.go:219] "Node state" plugin="ResourceDefragmentation" ExtensionPoint="Balance" node="ip-172-31-19-34" avgUtilization=0.5444871677602916 minUtilization=0.14 binScore=0.36775641611985427 usageSource="requests"
I0607 05:46:44.240065       1 resourcedefragmentation.go:257] "Node is a drain candidate" plugin="ResourceDefragmentation" ExtensionPoint="Balance" node="ip-172-31-19-34" avgUtilization=0.5444871677602916 binScore=0.36775641611985427 imbalanceIndex=-0.8089743355205831 freeSpaceIndex=0.04388207145229854 priority=11.798662107840348
I0607 05:46:44.240091       1 resourcedefragmentation.go:280] "Draining under-utilized node" plugin="ResourceDefragmentation" ExtensionPoint="Balance" node="ip-172-31-19-34" priority=11.798662107840348
I0607 05:46:44.240109       1 resourcedefragmentation.go:867] "Candidate score inputs" plugin="ResourceDefragmentation" pod="defrag-exp/s4-mem-34-67b57f4875-wch9p" originNode="ip-172-31-19-34" c1=0.06359733272103738 c2=0.854382388062576 c3=0.2647787154761962 c4=0
I0607 05:46:44.240141       1 resourcedefragmentation.go:867] "Candidate score inputs" plugin="ResourceDefragmentation" pod="defrag-exp/s4-mem-34-67b57f4875-pvsjn" originNode="ip-172-31-19-34" c1=0.06359733272103738 c2=0.854382388062576 c3=0.2647787154761962 c4=0
I0607 05:46:44.240191       1 resourcedefragmentation.go:867] "Candidate score inputs" plugin="ResourceDefragmentation" pod="defrag-exp/s4-mem-34-67b57f4875-cml2g" originNode="ip-172-31-19-34" c1=0.06359733272103738 c2=0.854382388062576 c3=0.2647787154761962 c4=0
I0607 05:46:44.240220       1 resourcedefragmentation.go:298] "Eviction decision" plugin="ResourceDefragmentation" ExtensionPoint="Balance" pod="defrag-exp/s4-mem-34-67b57f4875-wch9p" originNode="ip-172-31-19-34" predictedTarget="ip-172-31-1-245"
I0607 05:46:44.266808       1 evictions.go:558] "Evicted pod" pod="defrag-exp/s4-mem-34-67b57f4875-wch9p" reason="" strategy="ResourceDefragmentation" node="ip-172-31-19-34" profile="default"
I0607 05:46:44.266913       1 resourcedefragmentation.go:867] "Candidate score inputs" plugin="ResourceDefragmentation" pod="defrag-exp/s4-mem-34-67b57f4875-pvsjn" originNode="ip-172-31-19-34" c1=0.04270276784286004 c2=-999.9 c3=0.2825257679846331 c4=0
I0607 05:46:44.266935       1 resourcedefragmentation.go:867] "Candidate score inputs" plugin="ResourceDefragmentation" pod="defrag-exp/s4-mem-34-67b57f4875-cml2g" originNode="ip-172-31-19-34" c1=0.04270276784286004 c2=-999.9 c3=0.2825257679846331 c4=0
I0607 05:46:44.266952       1 resourcedefragmentation.go:294] "No feasible scheduler target within ceiling; leaving pod in place" plugin="ResourceDefragmentation" ExtensionPoint="Balance" pod="defrag-exp/s4-mem-34-67b57f4875-pvsjn" originNode="ip-172-31-19-34"
I0607 05:46:44.266967       1 resourcedefragmentation.go:867] "Candidate score inputs" plugin="ResourceDefragmentation" pod="defrag-exp/s4-mem-34-67b57f4875-cml2g" originNode="ip-172-31-19-34" c1=0.04270276784286004 c2=-999.9 c3=0.2825257679846331 c4=0
I0607 05:46:44.266983       1 resourcedefragmentation.go:294] "No feasible scheduler target within ceiling; leaving pod in place" plugin="ResourceDefragmentation" ExtensionPoint="Balance" pod="defrag-exp/s4-mem-34-67b57f4875-cml2g" originNode="ip-172-31-19-34"
I0607 05:46:44.267024       1 profile.go:425] "Total number of evictions/requests" extension point="Balance" evictedPods=1 evictionRequests=0
I0607 05:46:44.267054       1 descheduler.go:252] "Number of evictions/requests" totalEvicted=1 evictionRequests=0
E0607 05:46:44.267572       1 event_broadcaster.go:279] "Unable to write event (may retry after sleeping)" err="client rate limiter Wait returned an error: context canceled"
I0607 05:46:44.267727       1 reflector.go:373] "Stopping reflector" type="*v1.Pod" resyncPeriod="0s" reflector="k8s.io/client-go/informers/factory.go:161"
I0607 05:46:44.267824       1 reflector.go:373] "Stopping reflector" type="*v1.PersistentVolumeClaim" resyncPeriod="0s" reflector="k8s.io/client-go/informers/factory.go:161"
I0607 05:46:44.267926       1 reflector.go:373] "Stopping reflector" type="*v1.Node" resyncPeriod="0s" reflector="k8s.io/client-go/informers/factory.go:161"
I0607 05:46:44.268256       1 tlsconfig.go:258] "Shutting down DynamicServingCertificateController"
I0607 05:46:44.268502       1 secure_serving.go:259] Stopped listening on [::]:10258
