I0606 13:51:41.071859       1 feature_gate.go:466] feature gates: {map[]}
I0606 13:51:41.352010       1 secure_serving.go:57] Forcing use of http/1.1 only
I0606 13:51:41.352422       1 named_certificates.go:53] "Loaded SNI cert" index=0 certName="self-signed loopback" certDetail="\"apiserver-loopback-client@1780753901\" [serving] validServingFor=[apiserver-loopback-client] issuer=\"apiserver-loopback-client-ca@1780753901\" (2026-06-06 12:51:41 +0000 UTC to 2029-06-06 12:51:41 +0000 UTC (now=2026-06-06 13:51:41.352384082 +0000 UTC))"
I0606 13:51:41.352467       1 secure_serving.go:211] Serving securely on [::]:10258
I0606 13:51:41.352485       1 tracing.go:88] Did not find a trace collector endpoint defined. Switching to NoopTraceProvider
I0606 13:51:41.352554       1 tlsconfig.go:243] "Starting DynamicServingCertificateController"
I0606 13:51:41.352932       1 envvar.go:172] "Feature gate default state" feature="ClientsPreferCBOR" enabled=false
I0606 13:51:41.352958       1 envvar.go:172] "Feature gate default state" feature="InOrderInformers" enabled=true
I0606 13:51:41.352965       1 envvar.go:172] "Feature gate default state" feature="InOrderInformersBatchProcess" enabled=true
I0606 13:51:41.352972       1 envvar.go:172] "Feature gate default state" feature="InformerResourceVersion" enabled=true
I0606 13:51:41.352978       1 envvar.go:172] "Feature gate default state" feature="WatchListClient" enabled=true
I0606 13:51:41.352983       1 envvar.go:172] "Feature gate default state" feature="ClientsAllowCBOR" enabled=false
W0606 13:51:41.361427       1 descheduler.go:333] failed to convert Descheduler minor version '' to float: strconv.ParseFloat: parsing "": invalid syntax
I0606 13:51:41.372014       1 reflector.go:367] "Starting reflector" type="*v1.PersistentVolumeClaim" resyncPeriod="0s" reflector="k8s.io/client-go/informers/factory.go:161"
I0606 13:51:41.372014       1 reflector.go:367] "Starting reflector" type="*v1.Node" resyncPeriod="0s" reflector="k8s.io/client-go/informers/factory.go:161"
I0606 13:51:41.372058       1 reflector.go:411] "Listing and watching" type="*v1.PersistentVolumeClaim" reflector="k8s.io/client-go/informers/factory.go:161"
I0606 13:51:41.372061       1 reflector.go:411] "Listing and watching" type="*v1.Node" reflector="k8s.io/client-go/informers/factory.go:161"
I0606 13:51:41.372118       1 reflector.go:367] "Starting reflector" type="*v1.Pod" resyncPeriod="0s" reflector="k8s.io/client-go/informers/factory.go:161"
I0606 13:51:41.372127       1 reflector.go:411] "Listing and watching" type="*v1.Pod" reflector="k8s.io/client-go/informers/factory.go:161"
I0606 13:51:41.377452       1 reflector.go:978] "Exiting watch because received the bookmark that marks the end of initial events stream" reflector="k8s.io/client-go/informers/factory.go:161" totalItems=8 duration="5.36156ms"
I0606 13:51:41.377739       1 reflector.go:446] "Caches populated" type="*v1.Node" reflector="k8s.io/client-go/informers/factory.go:161"
I0606 13:51:41.378815       1 reflector.go:978] "Exiting watch because received the bookmark that marks the end of initial events stream" reflector="k8s.io/client-go/informers/factory.go:161" totalItems=1 duration="6.54879ms"
I0606 13:51:41.378998       1 reflector.go:446] "Caches populated" type="*v1.PersistentVolumeClaim" reflector="k8s.io/client-go/informers/factory.go:161"
I0606 13:51:41.380658       1 reflector.go:978] "Exiting watch because received the bookmark that marks the end of initial events stream" reflector="k8s.io/client-go/informers/factory.go:161" totalItems=28 duration="8.516479ms"
I0606 13:51:41.380715       1 reflector.go:446] "Caches populated" type="*v1.Pod" reflector="k8s.io/client-go/informers/factory.go:161"
I0606 13:51:41.472064       1 descheduler.go:235] Resetting pod evictor counters
I0606 13:51:41.472163       1 resourcedefragmentation.go:178] "Starting resource defragmentation balance pass" plugin="ResourceDefragmentation" ExtensionPoint="Balance" nodeCount=7
I0606 13:51:41.472265       1 resourcedefragmentation.go:219] "Node state" plugin="ResourceDefragmentation" ExtensionPoint="Balance" node="ip-172-31-6-144" avgUtilization=0.05581115171122249 minUtilization=0.05 binScore=0.5220944241443888 usageSource="requests"
I0606 13:51:41.472332       1 resourcedefragmentation.go:185] "Skipping control-plane node" plugin="ResourceDefragmentation" ExtensionPoint="Balance" node="ip-172-31-84-108"
I0606 13:51:41.472394       1 resourcedefragmentation.go:219] "Node state" plugin="ResourceDefragmentation" ExtensionPoint="Balance" node="ip-172-31-1-245" avgUtilization=0.36606041418893215 minUtilization=0.35 binScore=0.6669697929055339 usageSource="requests"
I0606 13:51:41.472415       1 resourcedefragmentation.go:219] "Node state" plugin="ResourceDefragmentation" ExtensionPoint="Balance" node="ip-172-31-16-198" avgUtilization=0.40545953908886523 minUtilization=0.11091907817773049 binScore=0.4081893086332979 usageSource="requests"
I0606 13:51:41.472494       1 resourcedefragmentation.go:219] "Node state" plugin="ResourceDefragmentation" ExtensionPoint="Balance" node="ip-172-31-19-34" avgUtilization=0.4158906219911419 minUtilization=0.08 binScore=0.372054689004429 usageSource="requests"
I0606 13:51:41.472533       1 resourcedefragmentation.go:219] "Node state" plugin="ResourceDefragmentation" ExtensionPoint="Balance" node="ip-172-31-3-39" avgUtilization=0.6889177739264394 minUtilization=0.6778355478528789 binScore=0.8333766608896591 usageSource="requests"
I0606 13:51:41.472572       1 resourcedefragmentation.go:219] "Node state" plugin="ResourceDefragmentation" ExtensionPoint="Balance" node="ip-172-31-31-146" avgUtilization=0.05581100337958193 minUtilization=0.05 binScore=0.522094498310209 usageSource="requests"
I0606 13:51:41.472679       1 resourcedefragmentation.go:257] "Node is a drain candidate" plugin="ResourceDefragmentation" ExtensionPoint="Balance" node="ip-172-31-1-245" avgUtilization=0.36606041418893215 binScore=0.6669697929055339 imbalanceIndex=-0.03212082837786434 freeSpaceIndex=0.4016214615543882 priority=1.261013803732319
I0606 13:51:41.472762       1 resourcedefragmentation.go:257] "Node is a drain candidate" plugin="ResourceDefragmentation" ExtensionPoint="Balance" node="ip-172-31-19-34" avgUtilization=0.4158906219911419 binScore=0.372054689004429 imbalanceIndex=-0.6717812439822839 freeSpaceIndex=0.22836125553629885 priority=2.5254038938761436
I0606 13:51:41.472791       1 resourcedefragmentation.go:280] "Draining under-utilized node" plugin="ResourceDefragmentation" ExtensionPoint="Balance" node="ip-172-31-19-34" priority=2.5254038938761436
I0606 13:51:41.472813       1 resourcedefragmentation.go:298] "Eviction decision" plugin="ResourceDefragmentation" ExtensionPoint="Balance" pod="defrag-exp/s5-memskew-34-765f6f88c9-swlbl" originNode="ip-172-31-19-34" predictedTarget="ip-172-31-16-198"
I0606 13:51:41.493938       1 evictions.go:558] "Evicted pod" pod="defrag-exp/s5-memskew-34-765f6f88c9-swlbl" reason="" strategy="ResourceDefragmentation" node="ip-172-31-19-34" profile="default"
I0606 13:51:41.494002       1 resourcedefragmentation.go:280] "Draining under-utilized node" plugin="ResourceDefragmentation" ExtensionPoint="Balance" node="ip-172-31-1-245" priority=1.261013803732319
I0606 13:51:41.494035       1 resourcedefragmentation.go:298] "Eviction decision" plugin="ResourceDefragmentation" ExtensionPoint="Balance" pod="defrag-exp/s5-cpu-245-7cc476ccfd-7kvtx" originNode="ip-172-31-1-245" predictedTarget="ip-172-31-3-39"
E0606 13:51:41.496779       1 event_broadcaster.go:270] "Server rejected event (will not retry!)" err="events.events.k8s.io is forbidden: User \"system:serviceaccount:kube-system:descheduler\" cannot create resource \"events\" in API group \"events.k8s.io\" in the namespace \"defrag-exp\"" event="&Event{ObjectMeta:{s5-memskew-34-765f6f88c9-swlbl.18b6823d12f052f7  defrag-exp    0 0001-01-01 00:00:00 +0000 UTC <nil> <nil> map[] map[] [] [] []},EventTime:2026-06-06 13:51:41.493953961 +0000 UTC m=+0.456865187,Series:nil,ReportingController:sigs.k8s.io.descheduler,ReportingInstance:sigs.k8s.io.descheduler-descheduler-job-mdvwj,Action:Descheduled,Reason:ResourceDefragmentation,Regarding:{Pod defrag-exp s5-memskew-34-765f6f88c9-swlbl d01cc837-793f-461c-b548-192ad93b441c v1 270591 },Related:nil,Note:pod eviction from ip-172-31-19-34 node by sigs.k8s.io/descheduler,Type:Normal,DeprecatedSource:{ },DeprecatedFirstTimestamp:0001-01-01 00:00:00 +0000 UTC,DeprecatedLastTimestamp:0001-01-01 00:00:00 +0000 UTC,DeprecatedCount:0,}"
I0606 13:51:41.609818       1 evictions.go:558] "Evicted pod" pod="defrag-exp/s5-cpu-245-7cc476ccfd-7kvtx" reason="" strategy="ResourceDefragmentation" node="ip-172-31-1-245" profile="default"
I0606 13:51:41.609888       1 resourcedefragmentation.go:294] "No feasible scheduler target within ceiling; leaving pod in place" plugin="ResourceDefragmentation" ExtensionPoint="Balance" pod="defrag-exp/s5-mem-245-76b5b55d77-rg27t" originNode="ip-172-31-1-245"
I0606 13:51:41.609912       1 resourcedefragmentation.go:298] "Eviction decision" plugin="ResourceDefragmentation" ExtensionPoint="Balance" pod="defrag-exp/s5-bal-245-7f97dc5789-qtn95" originNode="ip-172-31-1-245" predictedTarget="ip-172-31-16-198"
E0606 13:51:41.617821       1 event_broadcaster.go:270] "Server rejected event (will not retry!)" err="events.events.k8s.io is forbidden: User \"system:serviceaccount:kube-system:descheduler\" cannot create resource \"events\" in API group \"events.k8s.io\" in the namespace \"defrag-exp\"" event="&Event{ObjectMeta:{s5-cpu-245-7cc476ccfd-7kvtx.18b6823d19d87e1a  defrag-exp    0 0001-01-01 00:00:00 +0000 UTC <nil> <nil> map[] map[] [] [] []},EventTime:2026-06-06 13:51:41.609834675 +0000 UTC m=+0.572745901,Series:nil,ReportingController:sigs.k8s.io.descheduler,ReportingInstance:sigs.k8s.io.descheduler-descheduler-job-mdvwj,Action:Descheduled,Reason:ResourceDefragmentation,Regarding:{Pod defrag-exp s5-cpu-245-7cc476ccfd-7kvtx d26e0127-2b0e-4f36-bc07-38d60232a7c8 v1 270487 },Related:nil,Note:pod eviction from ip-172-31-1-245 node by sigs.k8s.io/descheduler,Type:Normal,DeprecatedSource:{ },DeprecatedFirstTimestamp:0001-01-01 00:00:00 +0000 UTC,DeprecatedLastTimestamp:0001-01-01 00:00:00 +0000 UTC,DeprecatedCount:0,}"
I0606 13:51:41.706201       1 evictions.go:558] "Evicted pod" pod="defrag-exp/s5-bal-245-7f97dc5789-qtn95" reason="" strategy="ResourceDefragmentation" node="ip-172-31-1-245" profile="default"
I0606 13:51:41.706317       1 profile.go:425] "Total number of evictions/requests" extension point="Balance" evictedPods=3 evictionRequests=0
I0606 13:51:41.706481       1 descheduler.go:252] "Number of evictions/requests" totalEvicted=3 evictionRequests=0
E0606 13:51:41.706572       1 event_broadcaster.go:279] "Unable to write event (may retry after sleeping)" err="Post \"https://10.96.0.1:443/apis/events.k8s.io/v1/namespaces/defrag-exp/events\": context canceled"
I0606 13:51:41.706646       1 reflector.go:373] "Stopping reflector" type="*v1.Pod" resyncPeriod="0s" reflector="k8s.io/client-go/informers/factory.go:161"
I0606 13:51:41.706730       1 reflector.go:373] "Stopping reflector" type="*v1.PersistentVolumeClaim" resyncPeriod="0s" reflector="k8s.io/client-go/informers/factory.go:161"
I0606 13:51:41.706811       1 reflector.go:373] "Stopping reflector" type="*v1.Node" resyncPeriod="0s" reflector="k8s.io/client-go/informers/factory.go:161"
I0606 13:51:41.707112       1 tlsconfig.go:258] "Shutting down DynamicServingCertificateController"
I0606 13:51:41.707155       1 secure_serving.go:259] Stopped listening on [::]:10258
