I0606 05:26:55.553224       1 feature_gate.go:466] feature gates: {map[]}
I0606 05:26:55.810659       1 secure_serving.go:57] Forcing use of http/1.1 only
I0606 05:26:55.811022       1 named_certificates.go:53] "Loaded SNI cert" index=0 certName="self-signed loopback" certDetail="\"apiserver-loopback-client@1780723615\" [serving] validServingFor=[apiserver-loopback-client] issuer=\"apiserver-loopback-client-ca@1780723615\" (2026-06-06 04:26:55 +0000 UTC to 2029-06-06 04:26:55 +0000 UTC (now=2026-06-06 05:26:55.810972596 +0000 UTC))"
I0606 05:26:55.811333       1 tlsconfig.go:243] "Starting DynamicServingCertificateController"
I0606 05:26:55.811537       1 secure_serving.go:211] Serving securely on [::]:10258
I0606 05:26:55.811654       1 tracing.go:88] Did not find a trace collector endpoint defined. Switching to NoopTraceProvider
I0606 05:26:55.812358       1 envvar.go:172] "Feature gate default state" feature="ClientsPreferCBOR" enabled=false
I0606 05:26:55.812389       1 envvar.go:172] "Feature gate default state" feature="InOrderInformers" enabled=true
I0606 05:26:55.812395       1 envvar.go:172] "Feature gate default state" feature="InOrderInformersBatchProcess" enabled=true
I0606 05:26:55.812401       1 envvar.go:172] "Feature gate default state" feature="InformerResourceVersion" enabled=true
I0606 05:26:55.812405       1 envvar.go:172] "Feature gate default state" feature="WatchListClient" enabled=true
I0606 05:26:55.812410       1 envvar.go:172] "Feature gate default state" feature="ClientsAllowCBOR" enabled=false
W0606 05:26:55.821618       1 descheduler.go:333] failed to convert Descheduler minor version '' to float: strconv.ParseFloat: parsing "": invalid syntax
I0606 05:26:55.831409       1 reflector.go:367] "Starting reflector" type="*v1.PersistentVolumeClaim" resyncPeriod="0s" reflector="k8s.io/client-go/informers/factory.go:161"
I0606 05:26:55.831448       1 reflector.go:411] "Listing and watching" type="*v1.PersistentVolumeClaim" reflector="k8s.io/client-go/informers/factory.go:161"
I0606 05:26:55.831409       1 reflector.go:367] "Starting reflector" type="*v1.Pod" resyncPeriod="0s" reflector="k8s.io/client-go/informers/factory.go:161"
I0606 05:26:55.831503       1 reflector.go:411] "Listing and watching" type="*v1.Pod" reflector="k8s.io/client-go/informers/factory.go:161"
I0606 05:26:55.831776       1 reflector.go:367] "Starting reflector" type="*v1.Node" resyncPeriod="0s" reflector="k8s.io/client-go/informers/factory.go:161"
I0606 05:26:55.831817       1 reflector.go:411] "Listing and watching" type="*v1.Node" reflector="k8s.io/client-go/informers/factory.go:161"
I0606 05:26:55.835770       1 reflector.go:446] "Caches populated" type="*v1.PersistentVolumeClaim" reflector="k8s.io/client-go/informers/factory.go:161"
I0606 05:26:55.837606       1 reflector.go:446] "Caches populated" type="*v1.Node" reflector="k8s.io/client-go/informers/factory.go:161"
I0606 05:26:55.846881       1 reflector.go:446] "Caches populated" type="*v1.Pod" reflector="k8s.io/client-go/informers/factory.go:161"
I0606 05:26:55.931635       1 descheduler.go:235] Resetting pod evictor counters
I0606 05:26:55.931720       1 resourcedefragmentation.go:158] "Starting resource defragmentation balance pass" plugin="ResourceDefragmentation" ExtensionPoint="Balance" nodeCount=7
I0606 05:26:55.931789       1 resourcedefragmentation.go:199] "Node state" plugin="ResourceDefragmentation" ExtensionPoint="Balance" node="ip-172-31-1-245" avgUtilization=0.9246606008087811 minUtilization=0.9243212016175621 binScore=0.9619909012131715 usageSource="requests"
I0606 05:26:55.931819       1 resourcedefragmentation.go:199] "Node state" plugin="ResourceDefragmentation" ExtensionPoint="Balance" node="ip-172-31-16-198" avgUtilization=0.055810855049369584 minUtilization=0.05 binScore=0.5220945724753152 usageSource="requests"
I0606 05:26:55.931851       1 resourcedefragmentation.go:199] "Node state" plugin="ResourceDefragmentation" ExtensionPoint="Balance" node="ip-172-31-19-34" avgUtilization=0.6764177739264394 minUtilization=0.675 binScore=0.8367911130367802 usageSource="requests"
I0606 05:26:55.931869       1 resourcedefragmentation.go:199] "Node state" plugin="ResourceDefragmentation" ExtensionPoint="Balance" node="ip-172-31-3-39" avgUtilization=0.055810855049369584 minUtilization=0.05 binScore=0.5220945724753152 usageSource="requests"
I0606 05:26:55.931882       1 resourcedefragmentation.go:199] "Node state" plugin="ResourceDefragmentation" ExtensionPoint="Balance" node="ip-172-31-31-146" avgUtilization=0.055810706720585405 minUtilization=0.05 binScore=0.5220946466397073 usageSource="requests"
I0606 05:26:55.931899       1 resourcedefragmentation.go:199] "Node state" plugin="ResourceDefragmentation" ExtensionPoint="Balance" node="ip-172-31-6-144" avgUtilization=0.055810855049369584 minUtilization=0.05 binScore=0.5220945724753152 usageSource="requests"
I0606 05:26:55.931916       1 resourcedefragmentation.go:165] "Skipping control-plane node" plugin="ResourceDefragmentation" ExtensionPoint="Balance" node="ip-172-31-84-108"
I0606 05:26:55.932020       1 profile.go:425] "Total number of evictions/requests" extension point="Balance" evictedPods=0 evictionRequests=0
I0606 05:26:55.932042       1 descheduler.go:252] "Number of evictions/requests" totalEvicted=0 evictionRequests=0
I0606 05:26:55.932251       1 reflector.go:373] "Stopping reflector" type="*v1.Pod" resyncPeriod="0s" reflector="k8s.io/client-go/informers/factory.go:161"
I0606 05:26:55.932373       1 reflector.go:373] "Stopping reflector" type="*v1.Node" resyncPeriod="0s" reflector="k8s.io/client-go/informers/factory.go:161"
I0606 05:26:55.932548       1 reflector.go:373] "Stopping reflector" type="*v1.PersistentVolumeClaim" resyncPeriod="0s" reflector="k8s.io/client-go/informers/factory.go:161"
I0606 05:26:55.932966       1 tlsconfig.go:258] "Shutting down DynamicServingCertificateController"
I0606 05:26:55.933051       1 secure_serving.go:259] Stopped listening on [::]:10258
