I0607 06:46:51.292110       1 feature_gate.go:466] feature gates: {map[]}
I0607 06:46:51.609470       1 secure_serving.go:57] Forcing use of http/1.1 only
I0607 06:46:51.609895       1 named_certificates.go:53] "Loaded SNI cert" index=0 certName="self-signed loopback" certDetail="\"apiserver-loopback-client@1780814811\" [serving] validServingFor=[apiserver-loopback-client] issuer=\"apiserver-loopback-client-ca@1780814811\" (2026-06-07 05:46:51 +0000 UTC to 2029-06-07 05:46:51 +0000 UTC (now=2026-06-07 06:46:51.609854168 +0000 UTC))"
I0607 06:46:51.609943       1 secure_serving.go:211] Serving securely on [::]:10258
I0607 06:46:51.609962       1 tracing.go:88] Did not find a trace collector endpoint defined. Switching to NoopTraceProvider
I0607 06:46:51.610031       1 tlsconfig.go:243] "Starting DynamicServingCertificateController"
I0607 06:46:51.610317       1 envvar.go:172] "Feature gate default state" feature="InformerResourceVersion" enabled=true
I0607 06:46:51.610342       1 envvar.go:172] "Feature gate default state" feature="WatchListClient" enabled=true
I0607 06:46:51.610350       1 envvar.go:172] "Feature gate default state" feature="ClientsAllowCBOR" enabled=false
I0607 06:46:51.610356       1 envvar.go:172] "Feature gate default state" feature="ClientsPreferCBOR" enabled=false
I0607 06:46:51.610364       1 envvar.go:172] "Feature gate default state" feature="InOrderInformers" enabled=true
I0607 06:46:51.610370       1 envvar.go:172] "Feature gate default state" feature="InOrderInformersBatchProcess" enabled=true
W0607 06:46:51.619450       1 descheduler.go:333] failed to convert Descheduler minor version '' to float: strconv.ParseFloat: parsing "": invalid syntax
I0607 06:46:51.628103       1 reflector.go:367] "Starting reflector" type="*v1.Node" resyncPeriod="0s" reflector="k8s.io/client-go/informers/factory.go:161"
I0607 06:46:51.628136       1 reflector.go:411] "Listing and watching" type="*v1.Node" reflector="k8s.io/client-go/informers/factory.go:161"
I0607 06:46:51.628103       1 reflector.go:367] "Starting reflector" type="*v1.PersistentVolumeClaim" resyncPeriod="0s" reflector="k8s.io/client-go/informers/factory.go:161"
I0607 06:46:51.628149       1 reflector.go:411] "Listing and watching" type="*v1.PersistentVolumeClaim" reflector="k8s.io/client-go/informers/factory.go:161"
I0607 06:46:51.628394       1 reflector.go:367] "Starting reflector" type="*v1.Pod" resyncPeriod="0s" reflector="k8s.io/client-go/informers/factory.go:161"
I0607 06:46:51.628414       1 reflector.go:411] "Listing and watching" type="*v1.Pod" reflector="k8s.io/client-go/informers/factory.go:161"
I0607 06:46:51.633103       1 reflector.go:446] "Caches populated" type="*v1.PersistentVolumeClaim" reflector="k8s.io/client-go/informers/factory.go:161"
I0607 06:46:51.637281       1 reflector.go:446] "Caches populated" type="*v1.Node" reflector="k8s.io/client-go/informers/factory.go:161"
I0607 06:46:51.641584       1 reflector.go:446] "Caches populated" type="*v1.Pod" reflector="k8s.io/client-go/informers/factory.go:161"
I0607 06:46:51.728409       1 descheduler.go:235] Resetting pod evictor counters
I0607 06:46:51.728498       1 resourcedefragmentationc2.go:131] "Starting ResourceDefragmentationC2 balance pass" plugin="ResourceDefragmentationC2" ExtensionPoint="Balance" nodeCount=7
I0607 06:46:51.728895       1 resourcedefragmentationc2.go:207] "Eviction decision" plugin="ResourceDefragmentationC2" ExtensionPoint="Balance" pod="defrag-exp/s1-fill-245-7659c95b6c-q8gk9" originNode="ip-172-31-1-245" predictedTarget="ip-172-31-19-34"
I0607 06:46:51.754536       1 evictions.go:558] "Evicted pod" pod="defrag-exp/s1-fill-245-7659c95b6c-q8gk9" reason="" strategy="ResourceDefragmentationC2" node="ip-172-31-1-245" profile="default"
I0607 06:46:51.754758       1 resourcedefragmentationc2.go:207] "Eviction decision" plugin="ResourceDefragmentationC2" ExtensionPoint="Balance" pod="defrag-exp/s1-fill-245-7659c95b6c-v55rq" originNode="ip-172-31-1-245" predictedTarget="ip-172-31-19-34"
E0607 06:46:51.762098       1 event_broadcaster.go:270] "Server rejected event (will not retry!)" err="events.events.k8s.io is forbidden: User \"system:serviceaccount:kube-system:descheduler\" cannot create resource \"events\" in API group \"events.k8s.io\" in the namespace \"defrag-exp\"" event="&Event{ObjectMeta:{s1-fill-245-7659c95b6c-q8gk9.18b6b9a2d9641fcc  defrag-exp    0 0001-01-01 00:00:00 +0000 UTC <nil> <nil> map[] map[] [] [] []},EventTime:2026-06-07 06:46:51.754653258 +0000 UTC m=+0.498747483,Series:nil,ReportingController:sigs.k8s.io.descheduler,ReportingInstance:sigs.k8s.io.descheduler-descheduler-job-tvrjs,Action:Descheduled,Reason:ResourceDefragmentationC2,Regarding:{Pod defrag-exp s1-fill-245-7659c95b6c-q8gk9 82a06c08-2671-4abe-b015-ed37ec8bbcb6 v1 388215 },Related:nil,Note:pod eviction from ip-172-31-1-245 node by sigs.k8s.io/descheduler,Type:Normal,DeprecatedSource:{ },DeprecatedFirstTimestamp:0001-01-01 00:00:00 +0000 UTC,DeprecatedLastTimestamp:0001-01-01 00:00:00 +0000 UTC,DeprecatedCount:0,}"
I0607 06:46:51.852042       1 evictions.go:558] "Evicted pod" pod="defrag-exp/s1-fill-245-7659c95b6c-v55rq" reason="" strategy="ResourceDefragmentationC2" node="ip-172-31-1-245" profile="default"
I0607 06:46:51.852743       1 resourcedefragmentationc2.go:207] "Eviction decision" plugin="ResourceDefragmentationC2" ExtensionPoint="Balance" pod="defrag-exp/s1-fill-144-75b6ddcffc-ntxkk" originNode="ip-172-31-6-144" predictedTarget="ip-172-31-19-34"
E0607 06:46:51.853823       1 event_broadcaster.go:270] "Server rejected event (will not retry!)" err="events.events.k8s.io is forbidden: User \"system:serviceaccount:kube-system:descheduler\" cannot create resource \"events\" in API group \"events.k8s.io\" in the namespace \"defrag-exp\"" event="&Event{ObjectMeta:{s1-fill-245-7659c95b6c-v55rq.18b6b9a2df343e39  defrag-exp    0 0001-01-01 00:00:00 +0000 UTC <nil> <nil> map[] map[] [] [] []},EventTime:2026-06-07 06:46:51.852184073 +0000 UTC m=+0.596278298,Series:nil,ReportingController:sigs.k8s.io.descheduler,ReportingInstance:sigs.k8s.io.descheduler-descheduler-job-tvrjs,Action:Descheduled,Reason:ResourceDefragmentationC2,Regarding:{Pod defrag-exp s1-fill-245-7659c95b6c-v55rq 6d32e3da-6b9a-4e04-846c-98e1e623d2ff v1 388218 },Related:nil,Note:pod eviction from ip-172-31-1-245 node by sigs.k8s.io/descheduler,Type:Normal,DeprecatedSource:{ },DeprecatedFirstTimestamp:0001-01-01 00:00:00 +0000 UTC,DeprecatedLastTimestamp:0001-01-01 00:00:00 +0000 UTC,DeprecatedCount:0,}"
I0607 06:46:51.962429       1 evictions.go:558] "Evicted pod" pod="defrag-exp/s1-fill-144-75b6ddcffc-ntxkk" reason="" strategy="ResourceDefragmentationC2" node="ip-172-31-6-144" profile="default"
I0607 06:46:51.962525       1 resourcedefragmentationc2.go:207] "Eviction decision" plugin="ResourceDefragmentationC2" ExtensionPoint="Balance" pod="defrag-exp/s1-fill-144-75b6ddcffc-vtbfr" originNode="ip-172-31-6-144" predictedTarget="ip-172-31-19-34"
E0607 06:46:51.966332       1 event_broadcaster.go:270] "Server rejected event (will not retry!)" err="events.events.k8s.io is forbidden: User \"system:serviceaccount:kube-system:descheduler\" cannot create resource \"events\" in API group \"events.k8s.io\" in the namespace \"defrag-exp\"" event="&Event{ObjectMeta:{s1-fill-144-75b6ddcffc-ntxkk.18b6b9a2e5c6d4ea  defrag-exp    0 0001-01-01 00:00:00 +0000 UTC <nil> <nil> map[] map[] [] [] []},EventTime:2026-06-07 06:46:51.962451981 +0000 UTC m=+0.706546202,Series:nil,ReportingController:sigs.k8s.io.descheduler,ReportingInstance:sigs.k8s.io.descheduler-descheduler-job-tvrjs,Action:Descheduled,Reason:ResourceDefragmentationC2,Regarding:{Pod defrag-exp s1-fill-144-75b6ddcffc-ntxkk b368bfe0-2413-4283-97b8-6f38c5825a28 v1 388411 },Related:nil,Note:pod eviction from ip-172-31-6-144 node by sigs.k8s.io/descheduler,Type:Normal,DeprecatedSource:{ },DeprecatedFirstTimestamp:0001-01-01 00:00:00 +0000 UTC,DeprecatedLastTimestamp:0001-01-01 00:00:00 +0000 UTC,DeprecatedCount:0,}"
I0607 06:46:52.061844       1 evictions.go:558] "Evicted pod" pod="defrag-exp/s1-fill-144-75b6ddcffc-vtbfr" reason="" strategy="ResourceDefragmentationC2" node="ip-172-31-6-144" profile="default"
I0607 06:46:52.062539       1 resourcedefragmentationc2.go:207] "Eviction decision" plugin="ResourceDefragmentationC2" ExtensionPoint="Balance" pod="defrag-exp/s1-fill-198-6f65649bd4-pf2mq" originNode="ip-172-31-16-198" predictedTarget="ip-172-31-31-146"
E0607 06:46:52.065702       1 event_broadcaster.go:270] "Server rejected event (will not retry!)" err="events.events.k8s.io is forbidden: User \"system:serviceaccount:kube-system:descheduler\" cannot create resource \"events\" in API group \"events.k8s.io\" in the namespace \"defrag-exp\"" event="&Event{ObjectMeta:{s1-fill-144-75b6ddcffc-vtbfr.18b6b9a2ebb4afc6  defrag-exp    0 0001-01-01 00:00:00 +0000 UTC <nil> <nil> map[] map[] [] [] []},EventTime:2026-06-07 06:46:52.06192736 +0000 UTC m=+0.806021586,Series:nil,ReportingController:sigs.k8s.io.descheduler,ReportingInstance:sigs.k8s.io.descheduler-descheduler-job-tvrjs,Action:Descheduled,Reason:ResourceDefragmentationC2,Regarding:{Pod defrag-exp s1-fill-144-75b6ddcffc-vtbfr 69088320-9f1c-45ca-9902-a95514e1a8ce v1 388408 },Related:nil,Note:pod eviction from ip-172-31-6-144 node by sigs.k8s.io/descheduler,Type:Normal,DeprecatedSource:{ },DeprecatedFirstTimestamp:0001-01-01 00:00:00 +0000 UTC,DeprecatedLastTimestamp:0001-01-01 00:00:00 +0000 UTC,DeprecatedCount:0,}"
I0607 06:46:52.160614       1 evictions.go:558] "Evicted pod" pod="defrag-exp/s1-fill-198-6f65649bd4-pf2mq" reason="" strategy="ResourceDefragmentationC2" node="ip-172-31-16-198" profile="default"
I0607 06:46:52.160777       1 resourcedefragmentationc2.go:207] "Eviction decision" plugin="ResourceDefragmentationC2" ExtensionPoint="Balance" pod="defrag-exp/s1-fill-198-6f65649bd4-j2r7w" originNode="ip-172-31-16-198" predictedTarget="ip-172-31-31-146"
E0607 06:46:52.164741       1 event_broadcaster.go:270] "Server rejected event (will not retry!)" err="events.events.k8s.io is forbidden: User \"system:serviceaccount:kube-system:descheduler\" cannot create resource \"events\" in API group \"events.k8s.io\" in the namespace \"defrag-exp\"" event="&Event{ObjectMeta:{s1-fill-198-6f65649bd4-pf2mq.18b6b9a2f197b622  defrag-exp    0 0001-01-01 00:00:00 +0000 UTC <nil> <nil> map[] map[] [] [] []},EventTime:2026-06-07 06:46:52.160691893 +0000 UTC m=+0.904786115,Series:nil,ReportingController:sigs.k8s.io.descheduler,ReportingInstance:sigs.k8s.io.descheduler-descheduler-job-tvrjs,Action:Descheduled,Reason:ResourceDefragmentationC2,Regarding:{Pod defrag-exp s1-fill-198-6f65649bd4-pf2mq 9472a6d4-21ae-41a4-9943-e065377aafb3 v1 388255 },Related:nil,Note:pod eviction from ip-172-31-16-198 node by sigs.k8s.io/descheduler,Type:Normal,DeprecatedSource:{ },DeprecatedFirstTimestamp:0001-01-01 00:00:00 +0000 UTC,DeprecatedLastTimestamp:0001-01-01 00:00:00 +0000 UTC,DeprecatedCount:0,}"
I0607 06:46:52.262791       1 evictions.go:558] "Evicted pod" pod="defrag-exp/s1-fill-198-6f65649bd4-j2r7w" reason="" strategy="ResourceDefragmentationC2" node="ip-172-31-16-198" profile="default"
I0607 06:46:52.263600       1 resourcedefragmentationc2.go:207] "Eviction decision" plugin="ResourceDefragmentationC2" ExtensionPoint="Balance" pod="defrag-exp/s1-fill-39-7d47c6f544-qbpgl" originNode="ip-172-31-3-39" predictedTarget="ip-172-31-31-146"
E0607 06:46:52.272192       1 event_broadcaster.go:270] "Server rejected event (will not retry!)" err="events.events.k8s.io is forbidden: User \"system:serviceaccount:kube-system:descheduler\" cannot create resource \"events\" in API group \"events.k8s.io\" in the namespace \"defrag-exp\"" event="&Event{ObjectMeta:{s1-fill-198-6f65649bd4-j2r7w.18b6b9a2f7b8a4a7  defrag-exp    0 0001-01-01 00:00:00 +0000 UTC <nil> <nil> map[] map[] [] [] []},EventTime:2026-06-07 06:46:52.263516526 +0000 UTC m=+1.007610755,Series:nil,ReportingController:sigs.k8s.io.descheduler,ReportingInstance:sigs.k8s.io.descheduler-descheduler-job-tvrjs,Action:Descheduled,Reason:ResourceDefragmentationC2,Regarding:{Pod defrag-exp s1-fill-198-6f65649bd4-j2r7w 2ba8c9d6-b075-4c6c-8726-2d356d9c9c5a v1 388251 },Related:nil,Note:pod eviction from ip-172-31-16-198 node by sigs.k8s.io/descheduler,Type:Normal,DeprecatedSource:{ },DeprecatedFirstTimestamp:0001-01-01 00:00:00 +0000 UTC,DeprecatedLastTimestamp:0001-01-01 00:00:00 +0000 UTC,DeprecatedCount:0,}"
I0607 06:46:52.354688       1 evictions.go:558] "Evicted pod" pod="defrag-exp/s1-fill-39-7d47c6f544-qbpgl" reason="" strategy="ResourceDefragmentationC2" node="ip-172-31-3-39" profile="default"
I0607 06:46:52.355810       1 resourcedefragmentationc2.go:207] "Eviction decision" plugin="ResourceDefragmentationC2" ExtensionPoint="Balance" pod="defrag-exp/s1-fill-39-7d47c6f544-8rf7k" originNode="ip-172-31-3-39" predictedTarget="ip-172-31-31-146"
E0607 06:46:52.360178       1 event_broadcaster.go:270] "Server rejected event (will not retry!)" err="events.events.k8s.io is forbidden: User \"system:serviceaccount:kube-system:descheduler\" cannot create resource \"events\" in API group \"events.k8s.io\" in the namespace \"defrag-exp\"" event="&Event{ObjectMeta:{s1-fill-39-7d47c6f544-qbpgl.18b6b9a2fd32a6d2  defrag-exp    0 0001-01-01 00:00:00 +0000 UTC <nil> <nil> map[] map[] [] [] []},EventTime:2026-06-07 06:46:52.355396797 +0000 UTC m=+1.099491025,Series:nil,ReportingController:sigs.k8s.io.descheduler,ReportingInstance:sigs.k8s.io.descheduler-descheduler-job-tvrjs,Action:Descheduled,Reason:ResourceDefragmentationC2,Regarding:{Pod defrag-exp s1-fill-39-7d47c6f544-qbpgl 1e41dfb5-89b6-4a5c-a4cf-5ff25a1650ea v1 388333 },Related:nil,Note:pod eviction from ip-172-31-3-39 node by sigs.k8s.io/descheduler,Type:Normal,DeprecatedSource:{ },DeprecatedFirstTimestamp:0001-01-01 00:00:00 +0000 UTC,DeprecatedLastTimestamp:0001-01-01 00:00:00 +0000 UTC,DeprecatedCount:0,}"
I0607 06:46:52.460968       1 evictions.go:558] "Evicted pod" pod="defrag-exp/s1-fill-39-7d47c6f544-8rf7k" reason="" strategy="ResourceDefragmentationC2" node="ip-172-31-3-39" profile="default"
I0607 06:46:52.461057       1 profile.go:425] "Total number of evictions/requests" extension point="Balance" evictedPods=8 evictionRequests=0
I0607 06:46:52.461103       1 descheduler.go:252] "Number of evictions/requests" totalEvicted=8 evictionRequests=0
E0607 06:46:52.462893       1 event_broadcaster.go:279] "Unable to write event (may retry after sleeping)" err="client rate limiter Wait returned an error: context canceled"
I0607 06:46:52.462961       1 reflector.go:373] "Stopping reflector" type="*v1.Pod" resyncPeriod="0s" reflector="k8s.io/client-go/informers/factory.go:161"
I0607 06:46:52.462989       1 reflector.go:373] "Stopping reflector" type="*v1.Node" resyncPeriod="0s" reflector="k8s.io/client-go/informers/factory.go:161"
I0607 06:46:52.463033       1 reflector.go:373] "Stopping reflector" type="*v1.PersistentVolumeClaim" resyncPeriod="0s" reflector="k8s.io/client-go/informers/factory.go:161"
I0607 06:46:52.463750       1 secure_serving.go:259] Stopped listening on [::]:10258
I0607 06:46:52.463801       1 tlsconfig.go:258] "Shutting down DynamicServingCertificateController"
