I0606 05:17:32.685298       1 feature_gate.go:466] feature gates: {map[]}
I0606 05:17:32.874623       1 secure_serving.go:57] Forcing use of http/1.1 only
I0606 05:17:32.875121       1 named_certificates.go:53] "Loaded SNI cert" index=0 certName="self-signed loopback" certDetail="\"apiserver-loopback-client@1780723052\" [serving] validServingFor=[apiserver-loopback-client] issuer=\"apiserver-loopback-client-ca@1780723052\" (2026-06-06 04:17:32 +0000 UTC to 2029-06-06 04:17:32 +0000 UTC (now=2026-06-06 05:17:32.875087955 +0000 UTC))"
I0606 05:17:32.875172       1 secure_serving.go:211] Serving securely on [::]:10258
I0606 05:17:32.875212       1 tracing.go:88] Did not find a trace collector endpoint defined. Switching to NoopTraceProvider
I0606 05:17:32.875224       1 tlsconfig.go:243] "Starting DynamicServingCertificateController"
I0606 05:17:32.875669       1 envvar.go:172] "Feature gate default state" feature="ClientsAllowCBOR" enabled=false
I0606 05:17:32.875706       1 envvar.go:172] "Feature gate default state" feature="ClientsPreferCBOR" enabled=false
I0606 05:17:32.875712       1 envvar.go:172] "Feature gate default state" feature="InOrderInformers" enabled=true
I0606 05:17:32.875741       1 envvar.go:172] "Feature gate default state" feature="InOrderInformersBatchProcess" enabled=true
I0606 05:17:32.875747       1 envvar.go:172] "Feature gate default state" feature="InformerResourceVersion" enabled=true
I0606 05:17:32.875753       1 envvar.go:172] "Feature gate default state" feature="WatchListClient" enabled=true
W0606 05:17:32.887492       1 descheduler.go:333] failed to convert Descheduler minor version '' to float: strconv.ParseFloat: parsing "": invalid syntax
I0606 05:17:32.907235       1 reflector.go:367] "Starting reflector" type="*v1.Pod" resyncPeriod="0s" reflector="k8s.io/client-go/informers/factory.go:161"
I0606 05:17:32.907264       1 reflector.go:411] "Listing and watching" type="*v1.Pod" reflector="k8s.io/client-go/informers/factory.go:161"
I0606 05:17:32.907546       1 reflector.go:367] "Starting reflector" type="*v1.PersistentVolumeClaim" resyncPeriod="0s" reflector="k8s.io/client-go/informers/factory.go:161"
I0606 05:17:32.907568       1 reflector.go:411] "Listing and watching" type="*v1.PersistentVolumeClaim" reflector="k8s.io/client-go/informers/factory.go:161"
I0606 05:17:32.907891       1 reflector.go:367] "Starting reflector" type="*v1.Node" resyncPeriod="0s" reflector="k8s.io/client-go/informers/factory.go:161"
I0606 05:17:32.907909       1 reflector.go:411] "Listing and watching" type="*v1.Node" reflector="k8s.io/client-go/informers/factory.go:161"
I0606 05:17:32.913906       1 reflector.go:446] "Caches populated" type="*v1.PersistentVolumeClaim" reflector="k8s.io/client-go/informers/factory.go:161"
I0606 05:17:32.916052       1 reflector.go:446] "Caches populated" type="*v1.Node" reflector="k8s.io/client-go/informers/factory.go:161"
I0606 05:17:32.921665       1 reflector.go:446] "Caches populated" type="*v1.Pod" reflector="k8s.io/client-go/informers/factory.go:161"
I0606 05:17:33.007339       1 descheduler.go:235] Resetting pod evictor counters
I0606 05:17:33.007442       1 resourcedefragmentation.go:158] "Starting resource defragmentation balance pass" plugin="ResourceDefragmentation" ExtensionPoint="Balance" nodeCount=7
I0606 05:17:33.007631       1 resourcedefragmentation.go:199] "Node state" plugin="ResourceDefragmentation" ExtensionPoint="Balance" node="ip-172-31-19-34" avgUtilization=0.5444848834970153 minUtilization=0.14 binScore=0.3677575582514924 usageSource="requests"
I0606 05:17:33.007711       1 resourcedefragmentation.go:199] "Node state" plugin="ResourceDefragmentation" ExtensionPoint="Balance" node="ip-172-31-3-39" avgUtilization=0.5444871677602916 minUtilization=0.14 binScore=0.36775641611985427 usageSource="requests"
I0606 05:17:33.007787       1 resourcedefragmentation.go:199] "Node state" plugin="ResourceDefragmentation" ExtensionPoint="Balance" node="ip-172-31-31-146" avgUtilization=0.5168910071249759 minUtilization=0.51 binScore=0.751554496437512 usageSource="requests"
I0606 05:17:33.007915       1 resourcedefragmentation.go:199] "Node state" plugin="ResourceDefragmentation" ExtensionPoint="Balance" node="ip-172-31-6-144" avgUtilization=0.055810855049369584 minUtilization=0.05 binScore=0.5220945724753152 usageSource="requests"
I0606 05:17:33.007937       1 resourcedefragmentation.go:165] "Skipping control-plane node" plugin="ResourceDefragmentation" ExtensionPoint="Balance" node="ip-172-31-84-108"
I0606 05:17:33.007957       1 resourcedefragmentation.go:199] "Node state" plugin="ResourceDefragmentation" ExtensionPoint="Balance" node="ip-172-31-1-245" avgUtilization=0.5501781243982283 minUtilization=0.15035624879645676 binScore=0.37526718659734254 usageSource="requests"
I0606 05:17:33.007980       1 resourcedefragmentation.go:199] "Node state" plugin="ResourceDefragmentation" ExtensionPoint="Balance" node="ip-172-31-16-198" avgUtilization=0.5501784863204617 minUtilization=0.15035697264092354 binScore=0.37526772948069265 usageSource="requests"
I0606 05:17:33.008028       1 resourcedefragmentation.go:237] "Node is a drain candidate" plugin="ResourceDefragmentation" ExtensionPoint="Balance" node="ip-172-31-19-34" avgUtilization=0.5444848834970153 binScore=0.3677575582514924 imbalanceIndex=-0.8089697669940304 freeSpaceIndex=0.04388600038513383 priority=11.79763975003293
I0606 05:17:33.008064       1 resourcedefragmentation.go:237] "Node is a drain candidate" plugin="ResourceDefragmentation" ExtensionPoint="Balance" node="ip-172-31-3-39" avgUtilization=0.5444871677602916 binScore=0.36775641611985427 imbalanceIndex=-0.8089743355205831 freeSpaceIndex=0.04388207145229854 priority=11.798662107840348
I0606 05:17:33.008092       1 resourcedefragmentation.go:237] "Node is a drain candidate" plugin="ResourceDefragmentation" ExtensionPoint="Balance" node="ip-172-31-1-245" avgUtilization=0.5501781243982283 binScore=0.37526718659734254 imbalanceIndex=0.7996437512035433 freeSpaceIndex=0.04248218756017716 priority=12.169460576875634
I0606 05:17:33.008139       1 resourcedefragmentation.go:237] "Node is a drain candidate" plugin="ResourceDefragmentation" ExtensionPoint="Balance" node="ip-172-31-16-198" avgUtilization=0.5501784863204617 binScore=0.37526772948069265 imbalanceIndex=0.7996430273590764 freeSpaceIndex=0.04248215136795383 priority=12.169470241973634
I0606 05:17:33.008153       1 resourcedefragmentation.go:260] "Draining under-utilized node" plugin="ResourceDefragmentation" ExtensionPoint="Balance" node="ip-172-31-16-198" priority=12.169470241973634
I0606 05:17:33.008164       1 resourcedefragmentation.go:757] "Candidate score inputs" plugin="ResourceDefragmentation" pod="defrag-exp/s4-cpu-198-c8bbfc967-p7p99" originNode="ip-172-31-16-198" c1=0.0648722190650434 c2=0.7125202195262854 c3=0.2652453555043111 c4=0
I0606 05:17:33.008174       1 resourcedefragmentation.go:757] "Candidate score inputs" plugin="ResourceDefragmentation" pod="defrag-exp/s4-cpu-198-c8bbfc967-7jvzm" originNode="ip-172-31-16-198" c1=0.0648722190650434 c2=0.7125202195262854 c3=0.2652453555043111 c4=0
I0606 05:17:33.008213       1 resourcedefragmentation.go:757] "Candidate score inputs" plugin="ResourceDefragmentation" pod="defrag-exp/s4-cpu-198-c8bbfc967-pqztc" originNode="ip-172-31-16-198" c1=0.0648722190650434 c2=0.7125202195262854 c3=0.2652453555043111 c4=0
I0606 05:17:33.008243       1 resourcedefragmentation.go:278] "Eviction decision" plugin="ResourceDefragmentation" ExtensionPoint="Balance" pod="defrag-exp/s4-cpu-198-c8bbfc967-p7p99" originNode="ip-172-31-16-198" predictedTarget="ip-172-31-31-146"
I0606 05:17:33.033278       1 evictions.go:558] "Evicted pod" pod="defrag-exp/s4-cpu-198-c8bbfc967-p7p99" reason="" strategy="ResourceDefragmentation" node="ip-172-31-16-198" profile="default"
I0606 05:17:33.033362       1 resourcedefragmentation.go:757] "Candidate score inputs" plugin="ResourceDefragmentation" pod="defrag-exp/s4-cpu-198-c8bbfc967-7jvzm" originNode="ip-172-31-16-198" c1=0.04293386992362678 c2=-999.9 c3=0.282992408012748 c4=0
I0606 05:17:33.033387       1 resourcedefragmentation.go:757] "Candidate score inputs" plugin="ResourceDefragmentation" pod="defrag-exp/s4-cpu-198-c8bbfc967-pqztc" originNode="ip-172-31-16-198" c1=0.04293386992362678 c2=-999.9 c3=0.282992408012748 c4=0
I0606 05:17:33.033452       1 resourcedefragmentation.go:274] "No feasible scheduler target within ceiling; leaving pod in place" plugin="ResourceDefragmentation" ExtensionPoint="Balance" pod="defrag-exp/s4-cpu-198-c8bbfc967-7jvzm" originNode="ip-172-31-16-198"
I0606 05:17:33.033472       1 resourcedefragmentation.go:757] "Candidate score inputs" plugin="ResourceDefragmentation" pod="defrag-exp/s4-cpu-198-c8bbfc967-pqztc" originNode="ip-172-31-16-198" c1=0.04293386992362678 c2=-999.9 c3=0.282992408012748 c4=0
I0606 05:17:33.033947       1 resourcedefragmentation.go:274] "No feasible scheduler target within ceiling; leaving pod in place" plugin="ResourceDefragmentation" ExtensionPoint="Balance" pod="defrag-exp/s4-cpu-198-c8bbfc967-pqztc" originNode="ip-172-31-16-198"
I0606 05:17:33.033965       1 resourcedefragmentation.go:260] "Draining under-utilized node" plugin="ResourceDefragmentation" ExtensionPoint="Balance" node="ip-172-31-1-245" priority=12.169460576875634
I0606 05:17:33.033982       1 resourcedefragmentation.go:757] "Candidate score inputs" plugin="ResourceDefragmentation" pod="defrag-exp/s4-cpu-245-cccd9967b-89tqf" originNode="ip-172-31-1-245" c1=0.06487231194772593 c2=-999.9 c3=0.2652455228191796 c4=0
I0606 05:17:33.034023       1 resourcedefragmentation.go:757] "Candidate score inputs" plugin="ResourceDefragmentation" pod="defrag-exp/s4-cpu-245-cccd9967b-k7srk" originNode="ip-172-31-1-245" c1=0.06487231194772593 c2=-999.9 c3=0.2652455228191796 c4=0
I0606 05:17:33.034051       1 resourcedefragmentation.go:757] "Candidate score inputs" plugin="ResourceDefragmentation" pod="defrag-exp/s4-cpu-245-cccd9967b-vdfn6" originNode="ip-172-31-1-245" c1=0.06487231194772593 c2=-999.9 c3=0.2652455228191796 c4=0
I0606 05:17:33.034086       1 resourcedefragmentation.go:274] "No feasible scheduler target within ceiling; leaving pod in place" plugin="ResourceDefragmentation" ExtensionPoint="Balance" pod="defrag-exp/s4-cpu-245-cccd9967b-89tqf" originNode="ip-172-31-1-245"
I0606 05:17:33.034121       1 resourcedefragmentation.go:757] "Candidate score inputs" plugin="ResourceDefragmentation" pod="defrag-exp/s4-cpu-245-cccd9967b-k7srk" originNode="ip-172-31-1-245" c1=0.06487231194772593 c2=-999.9 c3=0.2652455228191796 c4=0
I0606 05:17:33.034149       1 resourcedefragmentation.go:757] "Candidate score inputs" plugin="ResourceDefragmentation" pod="defrag-exp/s4-cpu-245-cccd9967b-vdfn6" originNode="ip-172-31-1-245" c1=0.06487231194772593 c2=-999.9 c3=0.2652455228191796 c4=0
I0606 05:17:33.034200       1 resourcedefragmentation.go:274] "No feasible scheduler target within ceiling; leaving pod in place" plugin="ResourceDefragmentation" ExtensionPoint="Balance" pod="defrag-exp/s4-cpu-245-cccd9967b-k7srk" originNode="ip-172-31-1-245"
I0606 05:17:33.034234       1 resourcedefragmentation.go:757] "Candidate score inputs" plugin="ResourceDefragmentation" pod="defrag-exp/s4-cpu-245-cccd9967b-vdfn6" originNode="ip-172-31-1-245" c1=0.06487231194772593 c2=-999.9 c3=0.2652455228191796 c4=0
I0606 05:17:33.034269       1 resourcedefragmentation.go:274] "No feasible scheduler target within ceiling; leaving pod in place" plugin="ResourceDefragmentation" ExtensionPoint="Balance" pod="defrag-exp/s4-cpu-245-cccd9967b-vdfn6" originNode="ip-172-31-1-245"
I0606 05:17:33.034302       1 resourcedefragmentation.go:260] "Draining under-utilized node" plugin="ResourceDefragmentation" ExtensionPoint="Balance" node="ip-172-31-3-39" priority=11.798662107840348
I0606 05:17:33.034335       1 resourcedefragmentation.go:757] "Candidate score inputs" plugin="ResourceDefragmentation" pod="defrag-exp/s4-mem-39-5d5899dbd4-9xszr" originNode="ip-172-31-3-39" c1=0.06359733272103738 c2=0.9177142306951666 c3=0.2647787154761962 c4=0
I0606 05:17:33.034369       1 resourcedefragmentation.go:757] "Candidate score inputs" plugin="ResourceDefragmentation" pod="defrag-exp/s4-mem-39-5d5899dbd4-6wmcc" originNode="ip-172-31-3-39" c1=0.06359733272103738 c2=0.9177142306951666 c3=0.2647787154761962 c4=0
I0606 05:17:33.034421       1 resourcedefragmentation.go:757] "Candidate score inputs" plugin="ResourceDefragmentation" pod="defrag-exp/s4-mem-39-5d5899dbd4-6zjwx" originNode="ip-172-31-3-39" c1=0.06359733272103738 c2=0.9177142306951666 c3=0.2647787154761962 c4=0
I0606 05:17:33.034460       1 resourcedefragmentation.go:278] "Eviction decision" plugin="ResourceDefragmentation" ExtensionPoint="Balance" pod="defrag-exp/s4-mem-39-5d5899dbd4-9xszr" originNode="ip-172-31-3-39" predictedTarget="ip-172-31-31-146"
E0606 05:17:33.035391       1 event_broadcaster.go:270] "Server rejected event (will not retry!)" err="events.events.k8s.io is forbidden: User \"system:serviceaccount:kube-system:descheduler\" cannot create resource \"events\" in API group \"events.k8s.io\" in the namespace \"defrag-exp\"" event="&Event{ObjectMeta:{s4-cpu-198-c8bbfc967-p7p99.18b6662e9b6661e6  defrag-exp    0 0001-01-01 00:00:00 +0000 UTC <nil> <nil> map[] map[] [] [] []},EventTime:2026-06-06 05:17:33.033298892 +0000 UTC m=+0.380302069,Series:nil,ReportingController:sigs.k8s.io.descheduler,ReportingInstance:sigs.k8s.io.descheduler-descheduler-job-xv96g,Action:Descheduled,Reason:ResourceDefragmentation,Regarding:{Pod defrag-exp s4-cpu-198-c8bbfc967-p7p99 4c070a9d-134b-41f2-a937-d17e2f2a5753 v1 238946 },Related:nil,Note:pod eviction from ip-172-31-16-198 node by sigs.k8s.io/descheduler,Type:Normal,DeprecatedSource:{ },DeprecatedFirstTimestamp:0001-01-01 00:00:00 +0000 UTC,DeprecatedLastTimestamp:0001-01-01 00:00:00 +0000 UTC,DeprecatedCount:0,}"
I0606 05:17:33.140437       1 evictions.go:558] "Evicted pod" pod="defrag-exp/s4-mem-39-5d5899dbd4-9xszr" reason="" strategy="ResourceDefragmentation" node="ip-172-31-3-39" profile="default"
I0606 05:17:33.140527       1 resourcedefragmentation.go:757] "Candidate score inputs" plugin="ResourceDefragmentation" pod="defrag-exp/s4-mem-39-5d5899dbd4-6wmcc" originNode="ip-172-31-3-39" c1=0.04270276784286004 c2=0.6424220702006076 c3=0.2825257679846331 c4=0
I0606 05:17:33.140552       1 resourcedefragmentation.go:757] "Candidate score inputs" plugin="ResourceDefragmentation" pod="defrag-exp/s4-mem-39-5d5899dbd4-6zjwx" originNode="ip-172-31-3-39" c1=0.04270276784286004 c2=0.6424220702006076 c3=0.2825257679846331 c4=0
I0606 05:17:33.140579       1 resourcedefragmentation.go:278] "Eviction decision" plugin="ResourceDefragmentation" ExtensionPoint="Balance" pod="defrag-exp/s4-mem-39-5d5899dbd4-6wmcc" originNode="ip-172-31-3-39" predictedTarget="ip-172-31-16-198"
E0606 05:17:33.145389       1 event_broadcaster.go:270] "Server rejected event (will not retry!)" err="events.events.k8s.io is forbidden: User \"system:serviceaccount:kube-system:descheduler\" cannot create resource \"events\" in API group \"events.k8s.io\" in the namespace \"defrag-exp\"" event="&Event{ObjectMeta:{s4-mem-39-5d5899dbd4-9xszr.18b6662ea1c95cc3  defrag-exp    0 0001-01-01 00:00:00 +0000 UTC <nil> <nil> map[] map[] [] [] []},EventTime:2026-06-06 05:17:33.140459915 +0000 UTC m=+0.487463094,Series:nil,ReportingController:sigs.k8s.io.descheduler,ReportingInstance:sigs.k8s.io.descheduler-descheduler-job-xv96g,Action:Descheduled,Reason:ResourceDefragmentation,Regarding:{Pod defrag-exp s4-mem-39-5d5899dbd4-9xszr 727aac84-6202-4d03-9978-56e7f84e589f v1 239057 },Related:nil,Note:pod eviction from ip-172-31-3-39 node by sigs.k8s.io/descheduler,Type:Normal,DeprecatedSource:{ },DeprecatedFirstTimestamp:0001-01-01 00:00:00 +0000 UTC,DeprecatedLastTimestamp:0001-01-01 00:00:00 +0000 UTC,DeprecatedCount:0,}"
I0606 05:17:33.243724       1 evictions.go:558] "Evicted pod" pod="defrag-exp/s4-mem-39-5d5899dbd4-6wmcc" reason="" strategy="ResourceDefragmentation" node="ip-172-31-3-39" profile="default"
I0606 05:17:33.243840       1 resourcedefragmentation.go:757] "Candidate score inputs" plugin="ResourceDefragmentation" pod="defrag-exp/s4-mem-39-5d5899dbd4-6zjwx" originNode="ip-172-31-3-39" c1=0.021808202964682687 c2=0.8544132578146437 c3=0.30027282049306997 c4=0
I0606 05:17:33.243878       1 resourcedefragmentation.go:278] "Eviction decision" plugin="ResourceDefragmentation" ExtensionPoint="Balance" pod="defrag-exp/s4-mem-39-5d5899dbd4-6zjwx" originNode="ip-172-31-3-39" predictedTarget="ip-172-31-16-198"
E0606 05:17:33.251137       1 event_broadcaster.go:270] "Server rejected event (will not retry!)" err="events.events.k8s.io is forbidden: User \"system:serviceaccount:kube-system:descheduler\" cannot create resource \"events\" in API group \"events.k8s.io\" in the namespace \"defrag-exp\"" event="&Event{ObjectMeta:{s4-mem-39-5d5899dbd4-6wmcc.18b6662ea7f19ae8  defrag-exp    0 0001-01-01 00:00:00 +0000 UTC <nil> <nil> map[] map[] [] [] []},EventTime:2026-06-06 05:17:33.243755976 +0000 UTC m=+0.590759152,Series:nil,ReportingController:sigs.k8s.io.descheduler,ReportingInstance:sigs.k8s.io.descheduler-descheduler-job-xv96g,Action:Descheduled,Reason:ResourceDefragmentation,Regarding:{Pod defrag-exp s4-mem-39-5d5899dbd4-6wmcc 6dbcd356-d980-40da-8681-7f6b91755db5 v1 239062 },Related:nil,Note:pod eviction from ip-172-31-3-39 node by sigs.k8s.io/descheduler,Type:Normal,DeprecatedSource:{ },DeprecatedFirstTimestamp:0001-01-01 00:00:00 +0000 UTC,DeprecatedLastTimestamp:0001-01-01 00:00:00 +0000 UTC,DeprecatedCount:0,}"
I0606 05:17:33.349327       1 evictions.go:558] "Evicted pod" pod="defrag-exp/s4-mem-39-5d5899dbd4-6zjwx" reason="" strategy="ResourceDefragmentation" node="ip-172-31-3-39" profile="default"
I0606 05:17:33.349392       1 resourcedefragmentation.go:260] "Draining under-utilized node" plugin="ResourceDefragmentation" ExtensionPoint="Balance" node="ip-172-31-19-34" priority=11.79763975003293
I0606 05:17:33.349420       1 resourcedefragmentation.go:757] "Candidate score inputs" plugin="ResourceDefragmentation" pod="defrag-exp/s4-mem-34-67b57f4875-dtx8j" originNode="ip-172-31-19-34" c1=0.0635963266772205 c2=-999.9 c3=0.26477758521086076 c4=0
I0606 05:17:33.349434       1 resourcedefragmentation.go:757] "Candidate score inputs" plugin="ResourceDefragmentation" pod="defrag-exp/s4-mem-34-67b57f4875-xqs4l" originNode="ip-172-31-19-34" c1=0.0635963266772205 c2=-999.9 c3=0.26477758521086076 c4=0
I0606 05:17:33.349443       1 resourcedefragmentation.go:757] "Candidate score inputs" plugin="ResourceDefragmentation" pod="defrag-exp/s4-mem-34-67b57f4875-nslzz" originNode="ip-172-31-19-34" c1=0.0635963266772205 c2=-999.9 c3=0.26477758521086076 c4=0
I0606 05:17:33.349458       1 resourcedefragmentation.go:274] "No feasible scheduler target within ceiling; leaving pod in place" plugin="ResourceDefragmentation" ExtensionPoint="Balance" pod="defrag-exp/s4-mem-34-67b57f4875-dtx8j" originNode="ip-172-31-19-34"
I0606 05:17:33.349468       1 resourcedefragmentation.go:757] "Candidate score inputs" plugin="ResourceDefragmentation" pod="defrag-exp/s4-mem-34-67b57f4875-xqs4l" originNode="ip-172-31-19-34" c1=0.0635963266772205 c2=-999.9 c3=0.26477758521086076 c4=0
I0606 05:17:33.349478       1 resourcedefragmentation.go:757] "Candidate score inputs" plugin="ResourceDefragmentation" pod="defrag-exp/s4-mem-34-67b57f4875-nslzz" originNode="ip-172-31-19-34" c1=0.0635963266772205 c2=-999.9 c3=0.26477758521086076 c4=0
I0606 05:17:33.349488       1 resourcedefragmentation.go:274] "No feasible scheduler target within ceiling; leaving pod in place" plugin="ResourceDefragmentation" ExtensionPoint="Balance" pod="defrag-exp/s4-mem-34-67b57f4875-xqs4l" originNode="ip-172-31-19-34"
I0606 05:17:33.349501       1 resourcedefragmentation.go:757] "Candidate score inputs" plugin="ResourceDefragmentation" pod="defrag-exp/s4-mem-34-67b57f4875-nslzz" originNode="ip-172-31-19-34" c1=0.0635963266772205 c2=-999.9 c3=0.26477758521086076 c4=0
I0606 05:17:33.349515       1 resourcedefragmentation.go:274] "No feasible scheduler target within ceiling; leaving pod in place" plugin="ResourceDefragmentation" ExtensionPoint="Balance" pod="defrag-exp/s4-mem-34-67b57f4875-nslzz" originNode="ip-172-31-19-34"
I0606 05:17:33.349554       1 profile.go:425] "Total number of evictions/requests" extension point="Balance" evictedPods=4 evictionRequests=0
I0606 05:17:33.350081       1 descheduler.go:252] "Number of evictions/requests" totalEvicted=4 evictionRequests=0
E0606 05:17:33.350393       1 event_broadcaster.go:279] "Unable to write event (may retry after sleeping)" err="Post \"https://10.96.0.1:443/apis/events.k8s.io/v1/namespaces/defrag-exp/events\": context canceled"
I0606 05:17:33.350441       1 reflector.go:373] "Stopping reflector" type="*v1.Pod" resyncPeriod="0s" reflector="k8s.io/client-go/informers/factory.go:161"
I0606 05:17:33.350464       1 reflector.go:373] "Stopping reflector" type="*v1.Node" resyncPeriod="0s" reflector="k8s.io/client-go/informers/factory.go:161"
I0606 05:17:33.350723       1 reflector.go:373] "Stopping reflector" type="*v1.PersistentVolumeClaim" resyncPeriod="0s" reflector="k8s.io/client-go/informers/factory.go:161"
I0606 05:17:33.350983       1 tlsconfig.go:258] "Shutting down DynamicServingCertificateController"
I0606 05:17:33.351098       1 secure_serving.go:259] Stopped listening on [::]:10258
