I0606 13:29:12.019837       1 feature_gate.go:466] feature gates: {map[]}
I0606 13:29:12.305763       1 secure_serving.go:57] Forcing use of http/1.1 only
I0606 13:29:12.306118       1 named_certificates.go:53] "Loaded SNI cert" index=0 certName="self-signed loopback" certDetail="\"apiserver-loopback-client@1780752552\" [serving] validServingFor=[apiserver-loopback-client] issuer=\"apiserver-loopback-client-ca@1780752552\" (2026-06-06 12:29:12 +0000 UTC to 2029-06-06 12:29:12 +0000 UTC (now=2026-06-06 13:29:12.30607441 +0000 UTC))"
I0606 13:29:12.306159       1 secure_serving.go:211] Serving securely on [::]:10258
I0606 13:29:12.306190       1 tlsconfig.go:243] "Starting DynamicServingCertificateController"
I0606 13:29:12.306207       1 tracing.go:88] Did not find a trace collector endpoint defined. Switching to NoopTraceProvider
I0606 13:29:12.306583       1 envvar.go:172] "Feature gate default state" feature="InOrderInformersBatchProcess" enabled=true
I0606 13:29:12.306606       1 envvar.go:172] "Feature gate default state" feature="InformerResourceVersion" enabled=true
I0606 13:29:12.306628       1 envvar.go:172] "Feature gate default state" feature="WatchListClient" enabled=true
I0606 13:29:12.306635       1 envvar.go:172] "Feature gate default state" feature="ClientsAllowCBOR" enabled=false
I0606 13:29:12.306641       1 envvar.go:172] "Feature gate default state" feature="ClientsPreferCBOR" enabled=false
I0606 13:29:12.306647       1 envvar.go:172] "Feature gate default state" feature="InOrderInformers" enabled=true
W0606 13:29:12.318270       1 descheduler.go:333] failed to convert Descheduler minor version '' to float: strconv.ParseFloat: parsing "": invalid syntax
I0606 13:29:12.326750       1 reflector.go:367] "Starting reflector" type="*v1.PersistentVolumeClaim" resyncPeriod="0s" reflector="k8s.io/client-go/informers/factory.go:161"
I0606 13:29:12.326777       1 reflector.go:411] "Listing and watching" type="*v1.PersistentVolumeClaim" reflector="k8s.io/client-go/informers/factory.go:161"
I0606 13:29:12.326797       1 reflector.go:367] "Starting reflector" type="*v1.Node" resyncPeriod="0s" reflector="k8s.io/client-go/informers/factory.go:161"
I0606 13:29:12.326808       1 reflector.go:411] "Listing and watching" type="*v1.Node" reflector="k8s.io/client-go/informers/factory.go:161"
I0606 13:29:12.327143       1 reflector.go:367] "Starting reflector" type="*v1.Pod" resyncPeriod="0s" reflector="k8s.io/client-go/informers/factory.go:161"
I0606 13:29:12.327217       1 reflector.go:411] "Listing and watching" type="*v1.Pod" reflector="k8s.io/client-go/informers/factory.go:161"
I0606 13:29:12.331081       1 reflector.go:978] "Exiting watch because received the bookmark that marks the end of initial events stream" reflector="k8s.io/client-go/informers/factory.go:161" totalItems=1 duration="4.264808ms"
I0606 13:29:12.331248       1 reflector.go:446] "Caches populated" type="*v1.PersistentVolumeClaim" reflector="k8s.io/client-go/informers/factory.go:161"
I0606 13:29:12.332918       1 reflector.go:978] "Exiting watch because received the bookmark that marks the end of initial events stream" reflector="k8s.io/client-go/informers/factory.go:161" totalItems=8 duration="6.087929ms"
I0606 13:29:12.333140       1 reflector.go:446] "Caches populated" type="*v1.Node" reflector="k8s.io/client-go/informers/factory.go:161"
I0606 13:29:12.336099       1 reflector.go:978] "Exiting watch because received the bookmark that marks the end of initial events stream" reflector="k8s.io/client-go/informers/factory.go:161" totalItems=28 duration="8.856795ms"
I0606 13:29:12.336174       1 reflector.go:446] "Caches populated" type="*v1.Pod" reflector="k8s.io/client-go/informers/factory.go:161"
I0606 13:29:12.427026       1 descheduler.go:235] Resetting pod evictor counters
I0606 13:29:12.427097       1 resourcedefragmentation.go:178] "Starting resource defragmentation balance pass" plugin="ResourceDefragmentation" ExtensionPoint="Balance" nodeCount=7
I0606 13:29:12.427127       1 resourcedefragmentation.go:185] "Skipping control-plane node" plugin="ResourceDefragmentation" ExtensionPoint="Balance" node="ip-172-31-84-108"
I0606 13:29:12.427158       1 resourcedefragmentation.go:219] "Node state" plugin="ResourceDefragmentation" ExtensionPoint="Balance" node="ip-172-31-1-245" avgUtilization=0.16814267417169437 minUtilization=0.08628534834338872 binScore=0.5022140112575415 usageSource="requests"
I0606 13:29:12.427191       1 resourcedefragmentation.go:219] "Node state" plugin="ResourceDefragmentation" ExtensionPoint="Balance" node="ip-172-31-16-198" avgUtilization=0.7655411156418046 minUtilization=0.73 binScore=0.8472294421790978 usageSource="requests"
I0606 13:29:12.427210       1 resourcedefragmentation.go:219] "Node state" plugin="ResourceDefragmentation" ExtensionPoint="Balance" node="ip-172-31-19-34" avgUtilization=0.055810706720585405 minUtilization=0.05 binScore=0.5220946466397073 usageSource="requests"
I0606 13:29:12.427240       1 resourcedefragmentation.go:219] "Node state" plugin="ResourceDefragmentation" ExtensionPoint="Balance" node="ip-172-31-3-39" avgUtilization=0.8868091661852494 minUtilization=0.8 binScore=0.8565954169073753 usageSource="requests"
I0606 13:29:12.427259       1 resourcedefragmentation.go:219] "Node state" plugin="ResourceDefragmentation" ExtensionPoint="Balance" node="ip-172-31-31-146" avgUtilization=0.05581100337958193 minUtilization=0.05 binScore=0.522094498310209 usageSource="requests"
I0606 13:29:12.427274       1 resourcedefragmentation.go:219] "Node state" plugin="ResourceDefragmentation" ExtensionPoint="Balance" node="ip-172-31-6-144" avgUtilization=0.05581115171122249 minUtilization=0.05 binScore=0.5220944241443888 usageSource="requests"
I0606 13:29:12.427306       1 resourcedefragmentation.go:257] "Node is a drain candidate" plugin="ResourceDefragmentation" ExtensionPoint="Balance" node="ip-172-31-1-245" avgUtilization=0.16814267417169437 binScore=0.5022140112575415 imbalanceIndex=0.16371465165661128 freeSpaceIndex=0.6852859887424585 priority=0.8114797143504585
I0606 13:29:12.427327       1 resourcedefragmentation.go:280] "Draining under-utilized node" plugin="ResourceDefragmentation" ExtensionPoint="Balance" node="ip-172-31-1-245" priority=0.8114797143504585
I0606 13:29:12.427352       1 resourcedefragmentation.go:867] "Candidate score inputs" plugin="ResourceDefragmentation" pod="defrag-exp/s5-cpu-245-7cc476ccfd-298lr" originNode="ip-172-31-1-245" c1=0.005741376023572609 c2=-999.9 c3=0.20616323916738494 c4=0
I0606 13:29:12.427374       1 resourcedefragmentation.go:294] "No feasible scheduler target within ceiling; leaving pod in place" plugin="ResourceDefragmentation" ExtensionPoint="Balance" pod="defrag-exp/s5-cpu-245-7cc476ccfd-298lr" originNode="ip-172-31-1-245"
I0606 13:29:12.427429       1 profile.go:425] "Total number of evictions/requests" extension point="Balance" evictedPods=0 evictionRequests=0
I0606 13:29:12.427454       1 descheduler.go:252] "Number of evictions/requests" totalEvicted=0 evictionRequests=0
I0606 13:29:12.427631       1 reflector.go:373] "Stopping reflector" type="*v1.Pod" resyncPeriod="0s" reflector="k8s.io/client-go/informers/factory.go:161"
I0606 13:29:12.427782       1 reflector.go:373] "Stopping reflector" type="*v1.Node" resyncPeriod="0s" reflector="k8s.io/client-go/informers/factory.go:161"
I0606 13:29:12.427889       1 reflector.go:373] "Stopping reflector" type="*v1.PersistentVolumeClaim" resyncPeriod="0s" reflector="k8s.io/client-go/informers/factory.go:161"
I0606 13:29:12.428238       1 tlsconfig.go:258] "Shutting down DynamicServingCertificateController"
I0606 13:29:12.428399       1 secure_serving.go:259] Stopped listening on [::]:10258
