I0606 13:28:47.501757       1 feature_gate.go:466] feature gates: {map[]}
I0606 13:28:47.749692       1 secure_serving.go:57] Forcing use of http/1.1 only
I0606 13:28:47.750266       1 named_certificates.go:53] "Loaded SNI cert" index=0 certName="self-signed loopback" certDetail="\"apiserver-loopback-client@1780752527\" [serving] validServingFor=[apiserver-loopback-client] issuer=\"apiserver-loopback-client-ca@1780752527\" (2026-06-06 12:28:47 +0000 UTC to 2029-06-06 12:28:47 +0000 UTC (now=2026-06-06 13:28:47.750227463 +0000 UTC))"
I0606 13:28:47.750308       1 secure_serving.go:211] Serving securely on [::]:10258
I0606 13:28:47.750327       1 tracing.go:88] Did not find a trace collector endpoint defined. Switching to NoopTraceProvider
I0606 13:28:47.750382       1 tlsconfig.go:243] "Starting DynamicServingCertificateController"
I0606 13:28:47.750964       1 envvar.go:172] "Feature gate default state" feature="InformerResourceVersion" enabled=true
I0606 13:28:47.750993       1 envvar.go:172] "Feature gate default state" feature="WatchListClient" enabled=true
I0606 13:28:47.751001       1 envvar.go:172] "Feature gate default state" feature="ClientsAllowCBOR" enabled=false
I0606 13:28:47.751007       1 envvar.go:172] "Feature gate default state" feature="ClientsPreferCBOR" enabled=false
I0606 13:28:47.751013       1 envvar.go:172] "Feature gate default state" feature="InOrderInformers" enabled=true
I0606 13:28:47.751020       1 envvar.go:172] "Feature gate default state" feature="InOrderInformersBatchProcess" enabled=true
W0606 13:28:47.761194       1 descheduler.go:333] failed to convert Descheduler minor version '' to float: strconv.ParseFloat: parsing "": invalid syntax
I0606 13:28:47.771352       1 reflector.go:367] "Starting reflector" type="*v1.PersistentVolumeClaim" resyncPeriod="0s" reflector="k8s.io/client-go/informers/factory.go:161"
I0606 13:28:47.771380       1 reflector.go:411] "Listing and watching" type="*v1.PersistentVolumeClaim" reflector="k8s.io/client-go/informers/factory.go:161"
I0606 13:28:47.771420       1 reflector.go:367] "Starting reflector" type="*v1.Pod" resyncPeriod="0s" reflector="k8s.io/client-go/informers/factory.go:161"
I0606 13:28:47.771430       1 reflector.go:411] "Listing and watching" type="*v1.Pod" reflector="k8s.io/client-go/informers/factory.go:161"
I0606 13:28:47.771647       1 reflector.go:367] "Starting reflector" type="*v1.Node" resyncPeriod="0s" reflector="k8s.io/client-go/informers/factory.go:161"
I0606 13:28:47.771658       1 reflector.go:411] "Listing and watching" type="*v1.Node" reflector="k8s.io/client-go/informers/factory.go:161"
I0606 13:28:47.776480       1 reflector.go:978] "Exiting watch because received the bookmark that marks the end of initial events stream" reflector="k8s.io/client-go/informers/factory.go:161" totalItems=1 duration="5.072794ms"
I0606 13:28:47.776520       1 reflector.go:446] "Caches populated" type="*v1.PersistentVolumeClaim" reflector="k8s.io/client-go/informers/factory.go:161"
I0606 13:28:47.780088       1 reflector.go:978] "Exiting watch because received the bookmark that marks the end of initial events stream" reflector="k8s.io/client-go/informers/factory.go:161" totalItems=28 duration="8.637852ms"
I0606 13:28:47.780161       1 reflector.go:446] "Caches populated" type="*v1.Pod" reflector="k8s.io/client-go/informers/factory.go:161"
I0606 13:28:47.780419       1 reflector.go:978] "Exiting watch because received the bookmark that marks the end of initial events stream" reflector="k8s.io/client-go/informers/factory.go:161" totalItems=8 duration="8.745698ms"
I0606 13:28:47.780452       1 reflector.go:446] "Caches populated" type="*v1.Node" reflector="k8s.io/client-go/informers/factory.go:161"
I0606 13:28:47.872008       1 descheduler.go:235] Resetting pod evictor counters
I0606 13:28:47.872093       1 resourcedefragmentation.go:178] "Starting resource defragmentation balance pass" plugin="ResourceDefragmentation" ExtensionPoint="Balance" nodeCount=7
I0606 13:28:47.872123       1 resourcedefragmentation.go:185] "Skipping control-plane node" plugin="ResourceDefragmentation" ExtensionPoint="Balance" node="ip-172-31-84-108"
I0606 13:28:47.872154       1 resourcedefragmentation.go:219] "Node state" plugin="ResourceDefragmentation" ExtensionPoint="Balance" node="ip-172-31-1-245" avgUtilization=0.36606041418893215 minUtilization=0.35 binScore=0.6669697929055339 usageSource="requests"
I0606 13:28:47.872186       1 resourcedefragmentation.go:219] "Node state" plugin="ResourceDefragmentation" ExtensionPoint="Balance" node="ip-172-31-16-198" avgUtilization=0.40545953908886523 minUtilization=0.11091907817773049 binScore=0.4081893086332979 usageSource="requests"
I0606 13:28:47.872212       1 resourcedefragmentation.go:219] "Node state" plugin="ResourceDefragmentation" ExtensionPoint="Balance" node="ip-172-31-19-34" avgUtilization=0.4158906219911419 minUtilization=0.08 binScore=0.372054689004429 usageSource="requests"
I0606 13:28:47.872238       1 resourcedefragmentation.go:219] "Node state" plugin="ResourceDefragmentation" ExtensionPoint="Balance" node="ip-172-31-3-39" avgUtilization=0.6889177739264394 minUtilization=0.6778355478528789 binScore=0.8333766608896591 usageSource="requests"
I0606 13:28:47.872256       1 resourcedefragmentation.go:219] "Node state" plugin="ResourceDefragmentation" ExtensionPoint="Balance" node="ip-172-31-31-146" avgUtilization=0.05581100337958193 minUtilization=0.05 binScore=0.522094498310209 usageSource="requests"
I0606 13:28:47.872272       1 resourcedefragmentation.go:219] "Node state" plugin="ResourceDefragmentation" ExtensionPoint="Balance" node="ip-172-31-6-144" avgUtilization=0.05581115171122249 minUtilization=0.05 binScore=0.5220944241443888 usageSource="requests"
I0606 13:28:47.872310       1 resourcedefragmentation.go:257] "Node is a drain candidate" plugin="ResourceDefragmentation" ExtensionPoint="Balance" node="ip-172-31-1-245" avgUtilization=0.36606041418893215 binScore=0.6669697929055339 imbalanceIndex=-0.03212082837786434 freeSpaceIndex=0.4016214615543882 priority=1.261013803732319
I0606 13:28:47.872333       1 resourcedefragmentation.go:257] "Node is a drain candidate" plugin="ResourceDefragmentation" ExtensionPoint="Balance" node="ip-172-31-19-34" avgUtilization=0.4158906219911419 binScore=0.372054689004429 imbalanceIndex=-0.6717812439822839 freeSpaceIndex=0.22836125553629885 priority=2.5254038938761436
I0606 13:28:47.872358       1 resourcedefragmentation.go:280] "Draining under-utilized node" plugin="ResourceDefragmentation" ExtensionPoint="Balance" node="ip-172-31-19-34" priority=2.5254038938761436
I0606 13:28:47.872375       1 resourcedefragmentation.go:867] "Candidate score inputs" plugin="ResourceDefragmentation" pod="defrag-exp/s5-memskew-34-765f6f88c9-pk8qs" originNode="ip-172-31-19-34" c1=0.3060741467363653 c2=0.8472294421790978 c3=0.6630984016945889 c4=0
I0606 13:28:47.872397       1 resourcedefragmentation.go:298] "Eviction decision" plugin="ResourceDefragmentation" ExtensionPoint="Balance" pod="defrag-exp/s5-memskew-34-765f6f88c9-pk8qs" originNode="ip-172-31-19-34" predictedTarget="ip-172-31-16-198"
I0606 13:28:47.897857       1 evictions.go:558] "Evicted pod" pod="defrag-exp/s5-memskew-34-765f6f88c9-pk8qs" reason="" strategy="ResourceDefragmentation" node="ip-172-31-19-34" profile="default"
I0606 13:28:47.897960       1 resourcedefragmentation.go:280] "Draining under-utilized node" plugin="ResourceDefragmentation" ExtensionPoint="Balance" node="ip-172-31-1-245" priority=1.261013803732319
I0606 13:28:47.898212       1 resourcedefragmentation.go:867] "Candidate score inputs" plugin="ResourceDefragmentation" pod="defrag-exp/s5-cpu-245-7cc476ccfd-298lr" originNode="ip-172-31-1-245" c1=-0.0011264584570767318 c2=0.8018630849220104 c3=0.14453084749353584 c4=0
I0606 13:28:47.898287       1 resourcedefragmentation.go:867] "Candidate score inputs" plugin="ResourceDefragmentation" pod="defrag-exp/s5-mem-245-76b5b55d77-xtvh2" originNode="ip-172-31-1-245" c1=0.0011227095616398717 c2=0.8212439822838435 c3=0.14449743118117517 c4=0
I0606 13:28:47.898306       1 resourcedefragmentation.go:867] "Candidate score inputs" plugin="ResourceDefragmentation" pod="defrag-exp/s5-bal-245-7f97dc5789-l56t6" originNode="ip-172-31-1-245" c1=0.000058952841156989454 c2=0.887322357019064 c3=0.1214169672048266 c4=0
I0606 13:28:47.898324       1 resourcedefragmentation.go:298] "Eviction decision" plugin="ResourceDefragmentation" ExtensionPoint="Balance" pod="defrag-exp/s5-mem-245-76b5b55d77-xtvh2" originNode="ip-172-31-1-245" predictedTarget="ip-172-31-3-39"
E0606 13:28:47.902012       1 event_broadcaster.go:270] "Server rejected event (will not retry!)" err="events.events.k8s.io is forbidden: User \"system:serviceaccount:kube-system:descheduler\" cannot create resource \"events\" in API group \"events.k8s.io\" in the namespace \"defrag-exp\"" event="&Event{ObjectMeta:{s5-memskew-34-765f6f88c9-pk8qs.18b680fd423bd514  defrag-exp    0 0001-01-01 00:00:00 +0000 UTC <nil> <nil> map[] map[] [] [] []},EventTime:2026-06-06 13:28:47.897876259 +0000 UTC m=+0.428688929,Series:nil,ReportingController:sigs.k8s.io.descheduler,ReportingInstance:sigs.k8s.io.descheduler-descheduler-job-nbvw4,Action:Descheduled,Reason:ResourceDefragmentation,Regarding:{Pod defrag-exp s5-memskew-34-765f6f88c9-pk8qs 9a240c0d-35e2-48de-bc92-3a878f6a761a v1 260575 },Related:nil,Note:pod eviction from ip-172-31-19-34 node by sigs.k8s.io/descheduler,Type:Normal,DeprecatedSource:{ },DeprecatedFirstTimestamp:0001-01-01 00:00:00 +0000 UTC,DeprecatedLastTimestamp:0001-01-01 00:00:00 +0000 UTC,DeprecatedCount:0,}"
I0606 13:28:47.937343       1 evictions.go:558] "Evicted pod" pod="defrag-exp/s5-mem-245-76b5b55d77-xtvh2" reason="" strategy="ResourceDefragmentation" node="ip-172-31-1-245" profile="default"
I0606 13:28:47.937459       1 resourcedefragmentation.go:867] "Candidate score inputs" plugin="ResourceDefragmentation" pod="defrag-exp/s5-cpu-245-7cc476ccfd-298lr" originNode="ip-172-31-1-245" c1=0.005088670267773793 c2=-999.9 c3=0.18446863729819007 c4=0
I0606 13:28:47.937664       1 resourcedefragmentation.go:867] "Candidate score inputs" plugin="ResourceDefragmentation" pod="defrag-exp/s5-bal-245-7f97dc5789-l56t6" originNode="ip-172-31-1-245" c1=-0.0002663139222860205 c2=0.8825807581396021 c3=0.1391670960068951 c4=0
I0606 13:28:47.937728       1 resourcedefragmentation.go:294] "No feasible scheduler target within ceiling; leaving pod in place" plugin="ResourceDefragmentation" ExtensionPoint="Balance" pod="defrag-exp/s5-cpu-245-7cc476ccfd-298lr" originNode="ip-172-31-1-245"
I0606 13:28:47.937746       1 resourcedefragmentation.go:867] "Candidate score inputs" plugin="ResourceDefragmentation" pod="defrag-exp/s5-bal-245-7f97dc5789-l56t6" originNode="ip-172-31-1-245" c1=-0.0002663139222860205 c2=0.8825807581396021 c3=0.1391670960068951 c4=0
I0606 13:28:47.937763       1 resourcedefragmentation.go:298] "Eviction decision" plugin="ResourceDefragmentation" ExtensionPoint="Balance" pod="defrag-exp/s5-bal-245-7f97dc5789-l56t6" originNode="ip-172-31-1-245" predictedTarget="ip-172-31-16-198"
E0606 13:28:47.942328       1 event_broadcaster.go:270] "Server rejected event (will not retry!)" err="events.events.k8s.io is forbidden: User \"system:serviceaccount:kube-system:descheduler\" cannot create resource \"events\" in API group \"events.k8s.io\" in the namespace \"defrag-exp\"" event="&Event{ObjectMeta:{s5-mem-245-76b5b55d77-xtvh2.18b680fd4495f5c2  defrag-exp    0 0001-01-01 00:00:00 +0000 UTC <nil> <nil> map[] map[] [] [] []},EventTime:2026-06-06 13:28:47.937362277 +0000 UTC m=+0.468174950,Series:nil,ReportingController:sigs.k8s.io.descheduler,ReportingInstance:sigs.k8s.io.descheduler-descheduler-job-nbvw4,Action:Descheduled,Reason:ResourceDefragmentation,Regarding:{Pod defrag-exp s5-mem-245-76b5b55d77-xtvh2 36006138-07ef-4275-907a-021cf01e0609 v1 260495 },Related:nil,Note:pod eviction from ip-172-31-1-245 node by sigs.k8s.io/descheduler,Type:Normal,DeprecatedSource:{ },DeprecatedFirstTimestamp:0001-01-01 00:00:00 +0000 UTC,DeprecatedLastTimestamp:0001-01-01 00:00:00 +0000 UTC,DeprecatedCount:0,}"
I0606 13:28:48.028779       1 evictions.go:558] "Evicted pod" pod="defrag-exp/s5-bal-245-7f97dc5789-l56t6" reason="" strategy="ResourceDefragmentation" node="ip-172-31-1-245" profile="default"
I0606 13:28:48.028866       1 profile.go:425] "Total number of evictions/requests" extension point="Balance" evictedPods=3 evictionRequests=0
I0606 13:28:48.028910       1 descheduler.go:252] "Number of evictions/requests" totalEvicted=3 evictionRequests=0
E0606 13:28:48.029314       1 event_broadcaster.go:279] "Unable to write event (may retry after sleeping)" err="client rate limiter Wait returned an error: context canceled"
I0606 13:28:48.029353       1 reflector.go:373] "Stopping reflector" type="*v1.Pod" resyncPeriod="0s" reflector="k8s.io/client-go/informers/factory.go:161"
I0606 13:28:48.029375       1 reflector.go:373] "Stopping reflector" type="*v1.Node" resyncPeriod="0s" reflector="k8s.io/client-go/informers/factory.go:161"
I0606 13:28:48.029396       1 reflector.go:373] "Stopping reflector" type="*v1.PersistentVolumeClaim" resyncPeriod="0s" reflector="k8s.io/client-go/informers/factory.go:161"
I0606 13:28:48.029592       1 tlsconfig.go:258] "Shutting down DynamicServingCertificateController"
I0606 13:28:48.029829       1 secure_serving.go:259] Stopped listening on [::]:10258
