namespace/actual-usage-exp created
deployment.apps/workload-destination-1 created
deployment.apps/workload-destination-2 created
deployment.apps/workload-destination-3 created
deployment.apps/workload-idle-source-1 created
deployment.apps/workload-idle-source-2 created
deployment.apps/workload-api created
service/workload-api created
poddisruptionbudget.policy/workload created
deployment.apps/workload-api condition met
deployment.apps/workload-destination-1 condition met
deployment.apps/workload-destination-2 condition met
deployment.apps/workload-destination-3 condition met
deployment.apps/workload-idle-source-1 condition met
deployment.apps/workload-idle-source-2 condition met
{
  "api_pod": "workload-api-5dd89457c6-9vt2z",
  "busy_source": "worker-6",
  "destinations": [
    "worker-1",
    "worker-2",
    "worker-3"
  ],
  "experiment_pods": 9,
  "node_details": {
    "worker-1": {
      "cpu_fraction": 0.7,
      "experiment_pods": [
        "workload-destination-1-5f6d897967-6zsjn",
        "workload-destination-1-5f6d897967-lncjv"
      ],
      "memory_fraction": 0.432785,
      "underutilized": false
    },
    "worker-2": {
      "cpu_fraction": 0.7,
      "experiment_pods": [
        "workload-destination-2-7c84d94cdb-9x4f2",
        "workload-destination-2-7c84d94cdb-dcblj"
      ],
      "memory_fraction": 0.432783,
      "underutilized": false
    },
    "worker-3": {
      "cpu_fraction": 0.7,
      "experiment_pods": [
        "workload-destination-3-57957d8b7c-9xl9m",
        "workload-destination-3-57957d8b7c-ctvgg"
      ],
      "memory_fraction": 0.432785,
      "underutilized": false
    },
    "worker-4": {
      "cpu_fraction": 0.075,
      "experiment_pods": [
        "workload-idle-source-1-649f7d9b48-bsmdv"
      ],
      "memory_fraction": 0.259673,
      "underutilized": true
    },
    "worker-5": {
      "cpu_fraction": 0.075,
      "experiment_pods": [
        "workload-idle-source-2-958bdc7ff-sw6cr"
      ],
      "memory_fraction": 0.259671,
      "underutilized": true
    },
    "worker-6": {
      "cpu_fraction": 0.075,
      "experiment_pods": [
        "workload-api-5dd89457c6-9vt2z"
      ],
      "memory_fraction": 0.358594,
      "underutilized": true
    }
  },
  "sources": [
    "worker-4",
    "worker-5",
    "worker-6"
  ],
  "underutilized_sources": [
    "worker-4",
    "worker-5",
    "worker-6"
  ]
}
NAME                                      READY   STATUS    RESTARTS   AGE   IP             NODE       NOMINATED NODE   READINESS GATES
workload-destination-1-5f6d897967-6zsjn   1/1     Running   0          22s   10.244.1.108   worker-1   <none>           <none>
workload-destination-1-5f6d897967-lncjv   1/1     Running   0          22s   10.244.1.109   worker-1   <none>           <none>
workload-destination-2-7c84d94cdb-9x4f2   1/1     Running   0          19s   10.244.2.108   worker-2   <none>           <none>
workload-destination-2-7c84d94cdb-dcblj   1/1     Running   0          19s   10.244.2.107   worker-2   <none>           <none>
workload-destination-3-57957d8b7c-9xl9m   1/1     Running   0          16s   10.244.3.69    worker-3   <none>           <none>
workload-destination-3-57957d8b7c-ctvgg   1/1     Running   0          16s   10.244.3.68    worker-3   <none>           <none>
workload-idle-source-1-649f7d9b48-bsmdv   1/1     Running   0          12s   10.244.4.72    worker-4   <none>           <none>
workload-idle-source-2-958bdc7ff-sw6cr    1/1     Running   0          8s    10.244.5.66    worker-5   <none>           <none>
workload-api-5dd89457c6-9vt2z             1/1     Running   0          5s    10.244.6.33    worker-6   <none>           <none>
