I0606 14:45:59.784310       1 feature_gate.go:466] feature gates: {map[]}
I0606 14:46:00.191204       1 secure_serving.go:57] Forcing use of http/1.1 only
I0606 14:46:00.191971       1 named_certificates.go:53] "Loaded SNI cert" index=0 certName="self-signed loopback" certDetail="\"apiserver-loopback-client@1780757160\" [serving] validServingFor=[apiserver-loopback-client] issuer=\"apiserver-loopback-client-ca@1780757160\" (2026-06-06 13:45:59 +0000 UTC to 2029-06-06 13:45:59 +0000 UTC (now=2026-06-06 14:46:00.191930658 +0000 UTC))"
I0606 14:46:00.192934       1 secure_serving.go:211] Serving securely on [::]:10258
I0606 14:46:00.193443       1 tracing.go:88] Did not find a trace collector endpoint defined. Switching to NoopTraceProvider
I0606 14:46:00.193498       1 tlsconfig.go:243] "Starting DynamicServingCertificateController"
I0606 14:46:00.194047       1 envvar.go:172] "Feature gate default state" feature="ClientsAllowCBOR" enabled=false
I0606 14:46:00.194113       1 envvar.go:172] "Feature gate default state" feature="ClientsPreferCBOR" enabled=false
I0606 14:46:00.194128       1 envvar.go:172] "Feature gate default state" feature="InOrderInformers" enabled=true
I0606 14:46:00.194136       1 envvar.go:172] "Feature gate default state" feature="InOrderInformersBatchProcess" enabled=true
I0606 14:46:00.194142       1 envvar.go:172] "Feature gate default state" feature="InformerResourceVersion" enabled=true
I0606 14:46:00.194148       1 envvar.go:172] "Feature gate default state" feature="WatchListClient" enabled=true
W0606 14:46:00.211760       1 descheduler.go:333] failed to convert Descheduler minor version '' to float: strconv.ParseFloat: parsing "": invalid syntax
I0606 14:46:00.225945       1 reflector.go:367] "Starting reflector" type="*v1.Node" resyncPeriod="0s" reflector="k8s.io/client-go/informers/factory.go:161"
I0606 14:46:00.225987       1 reflector.go:411] "Listing and watching" type="*v1.Node" reflector="k8s.io/client-go/informers/factory.go:161"
I0606 14:46:00.225945       1 reflector.go:367] "Starting reflector" type="*v1.PersistentVolumeClaim" resyncPeriod="0s" reflector="k8s.io/client-go/informers/factory.go:161"
I0606 14:46:00.226000       1 reflector.go:411] "Listing and watching" type="*v1.PersistentVolumeClaim" reflector="k8s.io/client-go/informers/factory.go:161"
I0606 14:46:00.226382       1 reflector.go:367] "Starting reflector" type="*v1.Pod" resyncPeriod="0s" reflector="k8s.io/client-go/informers/factory.go:161"
I0606 14:46:00.226466       1 reflector.go:411] "Listing and watching" type="*v1.Pod" reflector="k8s.io/client-go/informers/factory.go:161"
I0606 14:46:00.231008       1 reflector.go:978] "Exiting watch because received the bookmark that marks the end of initial events stream" reflector="k8s.io/client-go/informers/factory.go:161" totalItems=1 duration="4.982869ms"
I0606 14:46:00.231078       1 reflector.go:446] "Caches populated" type="*v1.PersistentVolumeClaim" reflector="k8s.io/client-go/informers/factory.go:161"
I0606 14:46:00.235055       1 reflector.go:978] "Exiting watch because received the bookmark that marks the end of initial events stream" reflector="k8s.io/client-go/informers/factory.go:161" totalItems=8 duration="9.034958ms"
I0606 14:46:00.235117       1 reflector.go:446] "Caches populated" type="*v1.Node" reflector="k8s.io/client-go/informers/factory.go:161"
I0606 14:46:00.236550       1 reflector.go:978] "Exiting watch because received the bookmark that marks the end of initial events stream" reflector="k8s.io/client-go/informers/factory.go:161" totalItems=28 duration="10.055573ms"
I0606 14:46:00.236876       1 reflector.go:446] "Caches populated" type="*v1.Pod" reflector="k8s.io/client-go/informers/factory.go:161"
I0606 14:46:00.326014       1 descheduler.go:235] Resetting pod evictor counters
I0606 14:46:00.326114       1 resourcedefragmentation.go:178] "Starting resource defragmentation balance pass" plugin="ResourceDefragmentation" ExtensionPoint="Balance" nodeCount=7
I0606 14:46:00.326239       1 resourcedefragmentation.go:219] "Node state" plugin="ResourceDefragmentation" ExtensionPoint="Balance" node="ip-172-31-6-144" avgUtilization=0.05581115171122249 minUtilization=0.05 binScore=0.5220944241443888 usageSource="requests"
I0606 14:46:00.326319       1 resourcedefragmentation.go:185] "Skipping control-plane node" plugin="ResourceDefragmentation" ExtensionPoint="Balance" node="ip-172-31-84-108"
I0606 14:46:00.326382       1 resourcedefragmentation.go:219] "Node state" plugin="ResourceDefragmentation" ExtensionPoint="Balance" node="ip-172-31-1-245" avgUtilization=0.3928663275280114 minUtilization=0.305 binScore=0.6085668362359943 usageSource="requests"
I0606 14:46:00.326444       1 resourcedefragmentation.go:219] "Node state" plugin="ResourceDefragmentation" ExtensionPoint="Balance" node="ip-172-31-16-198" avgUtilization=0.40545953908886523 minUtilization=0.11091907817773049 binScore=0.4081893086332979 usageSource="requests"
I0606 14:46:00.326465       1 resourcedefragmentation.go:219] "Node state" plugin="ResourceDefragmentation" ExtensionPoint="Balance" node="ip-172-31-19-34" avgUtilization=0.4158906219911419 minUtilization=0.08 binScore=0.372054689004429 usageSource="requests"
I0606 14:46:00.326493       1 resourcedefragmentation.go:219] "Node state" plugin="ResourceDefragmentation" ExtensionPoint="Balance" node="ip-172-31-3-39" avgUtilization=0.6889177739264394 minUtilization=0.6778355478528789 binScore=0.8333766608896591 usageSource="requests"
I0606 14:46:00.326509       1 resourcedefragmentation.go:219] "Node state" plugin="ResourceDefragmentation" ExtensionPoint="Balance" node="ip-172-31-31-146" avgUtilization=0.05581100337958193 minUtilization=0.05 binScore=0.522094498310209 usageSource="requests"
I0606 14:46:00.326551       1 resourcedefragmentation.go:257] "Node is a drain candidate" plugin="ResourceDefragmentation" ExtensionPoint="Balance" node="ip-172-31-1-245" avgUtilization=0.3928663275280114 binScore=0.6085668362359943 imbalanceIndex=-0.17573265505602287 freeSpaceIndex=0.36089080473606405 priority=1.4733269524589425
I0606 14:46:00.326590       1 resourcedefragmentation.go:257] "Node is a drain candidate" plugin="ResourceDefragmentation" ExtensionPoint="Balance" node="ip-172-31-19-34" avgUtilization=0.4158906219911419 binScore=0.372054689004429 imbalanceIndex=-0.6717812439822839 freeSpaceIndex=0.22836125553629885 priority=2.5254038938761436
I0606 14:46:00.326633       1 resourcedefragmentation.go:280] "Draining under-utilized node" plugin="ResourceDefragmentation" ExtensionPoint="Balance" node="ip-172-31-19-34" priority=2.5254038938761436
I0606 14:46:00.326655       1 resourcedefragmentation.go:867] "Candidate score inputs" plugin="ResourceDefragmentation" pod="defrag-exp/s6c3-memskew-34-b87f75f6b-d48l5" originNode="ip-172-31-19-34" c1=0.3060741467363653 c2=0.8472294421790978 c3=0.6630984016945889 c4=0
I0606 14:46:00.326858       1 resourcedefragmentation.go:298] "Eviction decision" plugin="ResourceDefragmentation" ExtensionPoint="Balance" pod="defrag-exp/s6c3-memskew-34-b87f75f6b-d48l5" originNode="ip-172-31-19-34" predictedTarget="ip-172-31-16-198"
I0606 14:46:00.352513       1 evictions.go:558] "Evicted pod" pod="defrag-exp/s6c3-memskew-34-b87f75f6b-d48l5" reason="" strategy="ResourceDefragmentation" node="ip-172-31-19-34" profile="default"
I0606 14:46:00.352685       1 resourcedefragmentation.go:280] "Draining under-utilized node" plugin="ResourceDefragmentation" ExtensionPoint="Balance" node="ip-172-31-1-245" priority=1.4733269524589425
I0606 14:46:00.352724       1 resourcedefragmentation.go:867] "Candidate score inputs" plugin="ResourceDefragmentation" pod="defrag-exp/s6c3-bal-245-646d7f76db-jjxjw" originNode="ip-172-31-1-245" c1=0.0006691166277803148 c2=0.8758925476603119 c3=0.10560796983864831 c4=0
I0606 14:46:00.352739       1 resourcedefragmentation.go:867] "Candidate score inputs" plugin="ResourceDefragmentation" pod="defrag-exp/s6c3-cpubig-245-5d4fc7c5bf-8kcjs" originNode="ip-172-31-1-245" c1=-0.004623654893249824 c2=0.8081130849220104 c3=0.11231985766769546 c4=0
I0606 14:46:00.352754       1 resourcedefragmentation.go:867] "Candidate score inputs" plugin="ResourceDefragmentation" pod="defrag-exp/s6c3-membig-245-5749565466-h4w65" originNode="ip-172-31-1-245" c1=0.014340122348619862 c2=-999.9 c3=0.2219077151235296 c4=0
I0606 14:46:00.352776       1 resourcedefragmentation.go:298] "Eviction decision" plugin="ResourceDefragmentation" ExtensionPoint="Balance" pod="defrag-exp/s6c3-bal-245-646d7f76db-jjxjw" originNode="ip-172-31-1-245" predictedTarget="ip-172-31-3-39"
E0606 14:46:00.359885       1 event_broadcaster.go:270] "Server rejected event (will not retry!)" err="events.events.k8s.io is forbidden: User \"system:serviceaccount:kube-system:descheduler\" cannot create resource \"events\" in API group \"events.k8s.io\" in the namespace \"defrag-exp\"" event="&Event{ObjectMeta:{s6c3-memskew-34-b87f75f6b-d48l5.18b68533d60c4be6  defrag-exp    0 0001-01-01 00:00:00 +0000 UTC <nil> <nil> map[] map[] [] [] []},EventTime:2026-06-06 14:46:00.35255453 +0000 UTC m=+0.603045490,Series:nil,ReportingController:sigs.k8s.io.descheduler,ReportingInstance:sigs.k8s.io.descheduler-descheduler-job-p4bjd,Action:Descheduled,Reason:ResourceDefragmentation,Regarding:{Pod defrag-exp s6c3-memskew-34-b87f75f6b-d48l5 323cce90-03cc-4fc5-b9a9-aaf91fe2ef86 v1 286340 },Related:nil,Note:pod eviction from ip-172-31-19-34 node by sigs.k8s.io/descheduler,Type:Normal,DeprecatedSource:{ },DeprecatedFirstTimestamp:0001-01-01 00:00:00 +0000 UTC,DeprecatedLastTimestamp:0001-01-01 00:00:00 +0000 UTC,DeprecatedCount:0,}"
I0606 14:46:00.450783       1 evictions.go:558] "Evicted pod" pod="defrag-exp/s6c3-bal-245-646d7f76db-jjxjw" reason="" strategy="ResourceDefragmentation" node="ip-172-31-1-245" profile="default"
I0606 14:46:00.450849       1 resourcedefragmentation.go:867] "Candidate score inputs" plugin="ResourceDefragmentation" pod="defrag-exp/s6c3-cpubig-245-5d4fc7c5bf-8kcjs" originNode="ip-172-31-1-245" c1=-0.0036077494469861915 c2=-999.9 c3=0.1310561047365456 c4=0
I0606 14:46:00.450873       1 resourcedefragmentation.go:867] "Candidate score inputs" plugin="ResourceDefragmentation" pod="defrag-exp/s6c3-membig-245-5749565466-h4w65" originNode="ip-172-31-1-245" c1=0.01118932309339902 c2=-999.9 c3=0.24163008045916134 c4=0
I0606 14:46:00.450899       1 resourcedefragmentation.go:294] "No feasible scheduler target within ceiling; leaving pod in place" plugin="ResourceDefragmentation" ExtensionPoint="Balance" pod="defrag-exp/s6c3-cpubig-245-5d4fc7c5bf-8kcjs" originNode="ip-172-31-1-245"
I0606 14:46:00.450914       1 resourcedefragmentation.go:867] "Candidate score inputs" plugin="ResourceDefragmentation" pod="defrag-exp/s6c3-membig-245-5749565466-h4w65" originNode="ip-172-31-1-245" c1=0.01118932309339902 c2=-999.9 c3=0.24163008045916134 c4=0
I0606 14:46:00.450930       1 resourcedefragmentation.go:294] "No feasible scheduler target within ceiling; leaving pod in place" plugin="ResourceDefragmentation" ExtensionPoint="Balance" pod="defrag-exp/s6c3-membig-245-5749565466-h4w65" originNode="ip-172-31-1-245"
I0606 14:46:00.450968       1 profile.go:425] "Total number of evictions/requests" extension point="Balance" evictedPods=2 evictionRequests=0
I0606 14:46:00.450993       1 descheduler.go:252] "Number of evictions/requests" totalEvicted=2 evictionRequests=0
E0606 14:46:00.451258       1 event_broadcaster.go:279] "Unable to write event (may retry after sleeping)" err="client rate limiter Wait returned an error: context canceled"
I0606 14:46:00.451307       1 reflector.go:373] "Stopping reflector" type="*v1.Pod" resyncPeriod="0s" reflector="k8s.io/client-go/informers/factory.go:161"
I0606 14:46:00.451334       1 reflector.go:373] "Stopping reflector" type="*v1.Node" resyncPeriod="0s" reflector="k8s.io/client-go/informers/factory.go:161"
I0606 14:46:00.451379       1 reflector.go:373] "Stopping reflector" type="*v1.PersistentVolumeClaim" resyncPeriod="0s" reflector="k8s.io/client-go/informers/factory.go:161"
I0606 14:46:00.451567       1 tlsconfig.go:258] "Shutting down DynamicServingCertificateController"
I0606 14:46:00.451672       1 secure_serving.go:259] Stopped listening on [::]:10258
