I0606 05:13:40.920338       1 feature_gate.go:466] feature gates: {map[]}
I0606 05:13:41.331025       1 secure_serving.go:57] Forcing use of http/1.1 only
I0606 05:13:41.332085       1 named_certificates.go:53] "Loaded SNI cert" index=0 certName="self-signed loopback" certDetail="\"apiserver-loopback-client@1780722821\" [serving] validServingFor=[apiserver-loopback-client] issuer=\"apiserver-loopback-client-ca@1780722821\" (2026-06-06 04:13:40 +0000 UTC to 2029-06-06 04:13:40 +0000 UTC (now=2026-06-06 05:13:41.332040617 +0000 UTC))"
I0606 05:13:41.332230       1 secure_serving.go:211] Serving securely on [::]:10258
I0606 05:13:41.332286       1 tracing.go:88] Did not find a trace collector endpoint defined. Switching to NoopTraceProvider
I0606 05:13:41.333333       1 envvar.go:172] "Feature gate default state" feature="ClientsAllowCBOR" enabled=false
I0606 05:13:41.333421       1 envvar.go:172] "Feature gate default state" feature="ClientsPreferCBOR" enabled=false
I0606 05:13:41.333452       1 envvar.go:172] "Feature gate default state" feature="InOrderInformers" enabled=true
I0606 05:13:41.333496       1 envvar.go:172] "Feature gate default state" feature="InOrderInformersBatchProcess" enabled=true
I0606 05:13:41.333539       1 envvar.go:172] "Feature gate default state" feature="InformerResourceVersion" enabled=true
I0606 05:13:41.333611       1 envvar.go:172] "Feature gate default state" feature="WatchListClient" enabled=true
I0606 05:13:41.335287       1 tlsconfig.go:243] "Starting DynamicServingCertificateController"
W0606 05:13:41.343907       1 descheduler.go:333] failed to convert Descheduler minor version '' to float: strconv.ParseFloat: parsing "": invalid syntax
I0606 05:13:41.354012       1 reflector.go:367] "Starting reflector" type="*v1.Node" resyncPeriod="0s" reflector="k8s.io/client-go/informers/factory.go:161"
I0606 05:13:41.354039       1 reflector.go:411] "Listing and watching" type="*v1.Node" reflector="k8s.io/client-go/informers/factory.go:161"
I0606 05:13:41.354101       1 reflector.go:367] "Starting reflector" type="*v1.PersistentVolumeClaim" resyncPeriod="0s" reflector="k8s.io/client-go/informers/factory.go:161"
I0606 05:13:41.354111       1 reflector.go:411] "Listing and watching" type="*v1.PersistentVolumeClaim" reflector="k8s.io/client-go/informers/factory.go:161"
I0606 05:13:41.354021       1 reflector.go:367] "Starting reflector" type="*v1.Pod" resyncPeriod="0s" reflector="k8s.io/client-go/informers/factory.go:161"
I0606 05:13:41.354256       1 reflector.go:411] "Listing and watching" type="*v1.Pod" reflector="k8s.io/client-go/informers/factory.go:161"
I0606 05:13:41.359731       1 reflector.go:446] "Caches populated" type="*v1.PersistentVolumeClaim" reflector="k8s.io/client-go/informers/factory.go:161"
I0606 05:13:41.361685       1 reflector.go:446] "Caches populated" type="*v1.Node" reflector="k8s.io/client-go/informers/factory.go:161"
I0606 05:13:41.364994       1 reflector.go:446] "Caches populated" type="*v1.Pod" reflector="k8s.io/client-go/informers/factory.go:161"
I0606 05:13:41.454280       1 descheduler.go:235] Resetting pod evictor counters
I0606 05:13:41.454382       1 resourcedefragmentation.go:158] "Starting resource defragmentation balance pass" plugin="ResourceDefragmentation" ExtensionPoint="Balance" nodeCount=7
I0606 05:13:41.454539       1 resourcedefragmentation.go:199] "Node state" plugin="ResourceDefragmentation" ExtensionPoint="Balance" node="ip-172-31-31-146" avgUtilization=0.8445715386096668 minUtilization=0.84 binScore=0.9177142306951666 usageSource="requests"
I0606 05:13:41.454603       1 resourcedefragmentation.go:199] "Node state" plugin="ResourceDefragmentation" ExtensionPoint="Balance" node="ip-172-31-6-144" avgUtilization=0.055810855049369584 minUtilization=0.05 binScore=0.5220945724753152 usageSource="requests"
I0606 05:13:41.454620       1 resourcedefragmentation.go:165] "Skipping control-plane node" plugin="ResourceDefragmentation" ExtensionPoint="Balance" node="ip-172-31-84-108"
I0606 05:13:41.454642       1 resourcedefragmentation.go:199] "Node state" plugin="ResourceDefragmentation" ExtensionPoint="Balance" node="ip-172-31-1-245" avgUtilization=0.7130695166570383 minUtilization=0.4461390333140766 binScore=0.5896042749855575 usageSource="requests"
I0606 05:13:41.454668       1 resourcedefragmentation.go:199] "Node state" plugin="ResourceDefragmentation" ExtensionPoint="Balance" node="ip-172-31-16-198" avgUtilization=0.5482813801337384 minUtilization=0.41656276026747674 binScore=0.6424220702006076 usageSource="requests"
I0606 05:13:41.454686       1 resourcedefragmentation.go:199] "Node state" plugin="ResourceDefragmentation" ExtensionPoint="Balance" node="ip-172-31-19-34" avgUtilization=0.5444848834970153 minUtilization=0.14 binScore=0.3677575582514924 usageSource="requests"
I0606 05:13:41.454700       1 resourcedefragmentation.go:199] "Node state" plugin="ResourceDefragmentation" ExtensionPoint="Balance" node="ip-172-31-3-39" avgUtilization=0.055810855049369584 minUtilization=0.05 binScore=0.5220945724753152 usageSource="requests"
I0606 05:13:41.454764       1 resourcedefragmentation.go:237] "Node is a drain candidate" plugin="ResourceDefragmentation" ExtensionPoint="Balance" node="ip-172-31-19-34" avgUtilization=0.5444848834970153 binScore=0.3677575582514924 imbalanceIndex=-0.8089697669940304 freeSpaceIndex=0.04388600038513383 priority=11.79763975003293
I0606 05:13:41.454852       1 resourcedefragmentation.go:260] "Draining under-utilized node" plugin="ResourceDefragmentation" ExtensionPoint="Balance" node="ip-172-31-19-34" priority=11.79763975003293
I0606 05:13:41.454952       1 resourcedefragmentation.go:757] "Candidate score inputs" plugin="ResourceDefragmentation" pod="defrag-exp/s4-mem-34-67b57f4875-rjjzq" originNode="ip-172-31-19-34" c1=0.0635963266772205 c2=0.8544132578146437 c3=0.26477758521086076 c4=0
I0606 05:13:41.454972       1 resourcedefragmentation.go:757] "Candidate score inputs" plugin="ResourceDefragmentation" pod="defrag-exp/s4-mem-34-67b57f4875-45fkv" originNode="ip-172-31-19-34" c1=0.0635963266772205 c2=0.8544132578146437 c3=0.26477758521086076 c4=0
I0606 05:13:41.454985       1 resourcedefragmentation.go:757] "Candidate score inputs" plugin="ResourceDefragmentation" pod="defrag-exp/s4-mem-34-67b57f4875-7cbw6" originNode="ip-172-31-19-34" c1=0.0635963266772205 c2=0.8544132578146437 c3=0.26477758521086076 c4=0
I0606 05:13:41.455027       1 resourcedefragmentation.go:278] "Eviction decision" plugin="ResourceDefragmentation" ExtensionPoint="Balance" pod="defrag-exp/s4-mem-34-67b57f4875-rjjzq" originNode="ip-172-31-19-34" predictedTarget="ip-172-31-16-198"
I0606 05:13:41.481882       1 evictions.go:558] "Evicted pod" pod="defrag-exp/s4-mem-34-67b57f4875-rjjzq" reason="" strategy="ResourceDefragmentation" node="ip-172-31-19-34" profile="default"
I0606 05:13:41.482054       1 resourcedefragmentation.go:757] "Candidate score inputs" plugin="ResourceDefragmentation" pod="defrag-exp/s4-mem-34-67b57f4875-45fkv" originNode="ip-172-31-19-34" c1=0.04270208627541747 c2=-999.9 c3=0.2825245522819179 c4=0
I0606 05:13:41.482082       1 resourcedefragmentation.go:757] "Candidate score inputs" plugin="ResourceDefragmentation" pod="defrag-exp/s4-mem-34-67b57f4875-7cbw6" originNode="ip-172-31-19-34" c1=0.04270208627541747 c2=-999.9 c3=0.2825245522819179 c4=0
I0606 05:13:41.482159       1 resourcedefragmentation.go:274] "No feasible scheduler target within ceiling; leaving pod in place" plugin="ResourceDefragmentation" ExtensionPoint="Balance" pod="defrag-exp/s4-mem-34-67b57f4875-45fkv" originNode="ip-172-31-19-34"
I0606 05:13:41.482209       1 resourcedefragmentation.go:757] "Candidate score inputs" plugin="ResourceDefragmentation" pod="defrag-exp/s4-mem-34-67b57f4875-7cbw6" originNode="ip-172-31-19-34" c1=0.04270208627541747 c2=-999.9 c3=0.2825245522819179 c4=0
I0606 05:13:41.482226       1 resourcedefragmentation.go:274] "No feasible scheduler target within ceiling; leaving pod in place" plugin="ResourceDefragmentation" ExtensionPoint="Balance" pod="defrag-exp/s4-mem-34-67b57f4875-7cbw6" originNode="ip-172-31-19-34"
I0606 05:13:41.482264       1 profile.go:425] "Total number of evictions/requests" extension point="Balance" evictedPods=1 evictionRequests=0
I0606 05:13:41.482337       1 descheduler.go:252] "Number of evictions/requests" totalEvicted=1 evictionRequests=0
E0606 05:13:41.482624       1 event_broadcaster.go:279] "Unable to write event (may retry after sleeping)" err="client rate limiter Wait returned an error: context canceled"
I0606 05:13:41.482857       1 reflector.go:373] "Stopping reflector" type="*v1.Pod" resyncPeriod="0s" reflector="k8s.io/client-go/informers/factory.go:161"
I0606 05:13:41.482963       1 reflector.go:373] "Stopping reflector" type="*v1.Node" resyncPeriod="0s" reflector="k8s.io/client-go/informers/factory.go:161"
I0606 05:13:41.483060       1 reflector.go:373] "Stopping reflector" type="*v1.PersistentVolumeClaim" resyncPeriod="0s" reflector="k8s.io/client-go/informers/factory.go:161"
I0606 05:13:41.483336       1 tlsconfig.go:258] "Shutting down DynamicServingCertificateController"
I0606 05:13:41.483535       1 secure_serving.go:259] Stopped listening on [::]:10258
