I0606 05:13:15.352963       1 feature_gate.go:466] feature gates: {map[]}
I0606 05:13:15.623941       1 secure_serving.go:57] Forcing use of http/1.1 only
I0606 05:13:15.624386       1 named_certificates.go:53] "Loaded SNI cert" index=0 certName="self-signed loopback" certDetail="\"apiserver-loopback-client@1780722795\" [serving] validServingFor=[apiserver-loopback-client] issuer=\"apiserver-loopback-client-ca@1780722795\" (2026-06-06 04:13:15 +0000 UTC to 2029-06-06 04:13:15 +0000 UTC (now=2026-06-06 05:13:15.62435006 +0000 UTC))"
I0606 05:13:15.624512       1 tlsconfig.go:243] "Starting DynamicServingCertificateController"
I0606 05:13:15.624588       1 secure_serving.go:211] Serving securely on [::]:10258
I0606 05:13:15.624627       1 tracing.go:88] Did not find a trace collector endpoint defined. Switching to NoopTraceProvider
I0606 05:13:15.625009       1 envvar.go:172] "Feature gate default state" feature="InOrderInformersBatchProcess" enabled=true
I0606 05:13:15.625035       1 envvar.go:172] "Feature gate default state" feature="InformerResourceVersion" enabled=true
I0606 05:13:15.625043       1 envvar.go:172] "Feature gate default state" feature="WatchListClient" enabled=true
I0606 05:13:15.625048       1 envvar.go:172] "Feature gate default state" feature="ClientsAllowCBOR" enabled=false
I0606 05:13:15.625054       1 envvar.go:172] "Feature gate default state" feature="ClientsPreferCBOR" enabled=false
I0606 05:13:15.625060       1 envvar.go:172] "Feature gate default state" feature="InOrderInformers" enabled=true
W0606 05:13:15.634000       1 descheduler.go:333] failed to convert Descheduler minor version '' to float: strconv.ParseFloat: parsing "": invalid syntax
I0606 05:13:15.644881       1 reflector.go:367] "Starting reflector" type="*v1.PersistentVolumeClaim" resyncPeriod="0s" reflector="k8s.io/client-go/informers/factory.go:161"
I0606 05:13:15.644906       1 reflector.go:411] "Listing and watching" type="*v1.PersistentVolumeClaim" reflector="k8s.io/client-go/informers/factory.go:161"
I0606 05:13:15.644948       1 reflector.go:367] "Starting reflector" type="*v1.Node" resyncPeriod="0s" reflector="k8s.io/client-go/informers/factory.go:161"
I0606 05:13:15.644957       1 reflector.go:411] "Listing and watching" type="*v1.Node" reflector="k8s.io/client-go/informers/factory.go:161"
I0606 05:13:15.644881       1 reflector.go:367] "Starting reflector" type="*v1.Pod" resyncPeriod="0s" reflector="k8s.io/client-go/informers/factory.go:161"
I0606 05:13:15.645113       1 reflector.go:411] "Listing and watching" type="*v1.Pod" reflector="k8s.io/client-go/informers/factory.go:161"
I0606 05:13:15.649493       1 reflector.go:446] "Caches populated" type="*v1.PersistentVolumeClaim" reflector="k8s.io/client-go/informers/factory.go:161"
I0606 05:13:15.651839       1 reflector.go:446] "Caches populated" type="*v1.Node" reflector="k8s.io/client-go/informers/factory.go:161"
I0606 05:13:15.655029       1 reflector.go:446] "Caches populated" type="*v1.Pod" reflector="k8s.io/client-go/informers/factory.go:161"
I0606 05:13:15.745657       1 descheduler.go:235] Resetting pod evictor counters
I0606 05:13:15.745733       1 resourcedefragmentation.go:158] "Starting resource defragmentation balance pass" plugin="ResourceDefragmentation" ExtensionPoint="Balance" nodeCount=7
I0606 05:13:15.745786       1 resourcedefragmentation.go:199] "Node state" plugin="ResourceDefragmentation" ExtensionPoint="Balance" node="ip-172-31-31-146" avgUtilization=0.5168910071249759 minUtilization=0.51 binScore=0.751554496437512 usageSource="requests"
I0606 05:13:15.745833       1 resourcedefragmentation.go:199] "Node state" plugin="ResourceDefragmentation" ExtensionPoint="Balance" node="ip-172-31-6-144" avgUtilization=0.055810855049369584 minUtilization=0.05 binScore=0.5220945724753152 usageSource="requests"
I0606 05:13:15.745849       1 resourcedefragmentation.go:165] "Skipping control-plane node" plugin="ResourceDefragmentation" ExtensionPoint="Balance" node="ip-172-31-84-108"
I0606 05:13:15.745869       1 resourcedefragmentation.go:199] "Node state" plugin="ResourceDefragmentation" ExtensionPoint="Balance" node="ip-172-31-1-245" avgUtilization=0.5501781243982283 minUtilization=0.15035624879645676 binScore=0.37526718659734254 usageSource="requests"
I0606 05:13:15.745889       1 resourcedefragmentation.go:199] "Node state" plugin="ResourceDefragmentation" ExtensionPoint="Balance" node="ip-172-31-16-198" avgUtilization=0.5501784863204617 minUtilization=0.15035697264092354 binScore=0.37526772948069265 usageSource="requests"
I0606 05:13:15.745906       1 resourcedefragmentation.go:199] "Node state" plugin="ResourceDefragmentation" ExtensionPoint="Balance" node="ip-172-31-19-34" avgUtilization=0.5444848834970153 minUtilization=0.14 binScore=0.3677575582514924 usageSource="requests"
I0606 05:13:15.745921       1 resourcedefragmentation.go:199] "Node state" plugin="ResourceDefragmentation" ExtensionPoint="Balance" node="ip-172-31-3-39" avgUtilization=0.5444871677602916 minUtilization=0.14 binScore=0.36775641611985427 usageSource="requests"
I0606 05:13:15.745983       1 resourcedefragmentation.go:237] "Node is a drain candidate" plugin="ResourceDefragmentation" ExtensionPoint="Balance" node="ip-172-31-1-245" avgUtilization=0.5501781243982283 binScore=0.37526718659734254 imbalanceIndex=0.7996437512035433 freeSpaceIndex=0.04248218756017716 priority=12.169460576875634
I0606 05:13:15.746025       1 resourcedefragmentation.go:237] "Node is a drain candidate" plugin="ResourceDefragmentation" ExtensionPoint="Balance" node="ip-172-31-16-198" avgUtilization=0.5501784863204617 binScore=0.37526772948069265 imbalanceIndex=0.7996430273590764 freeSpaceIndex=0.04248215136795383 priority=12.169470241973634
I0606 05:13:15.746064       1 resourcedefragmentation.go:237] "Node is a drain candidate" plugin="ResourceDefragmentation" ExtensionPoint="Balance" node="ip-172-31-19-34" avgUtilization=0.5444848834970153 binScore=0.3677575582514924 imbalanceIndex=-0.8089697669940304 freeSpaceIndex=0.04388600038513383 priority=11.79763975003293
I0606 05:13:15.746100       1 resourcedefragmentation.go:237] "Node is a drain candidate" plugin="ResourceDefragmentation" ExtensionPoint="Balance" node="ip-172-31-3-39" avgUtilization=0.5444871677602916 binScore=0.36775641611985427 imbalanceIndex=-0.8089743355205831 freeSpaceIndex=0.04388207145229854 priority=11.798662107840348
I0606 05:13:15.746123       1 resourcedefragmentation.go:260] "Draining under-utilized node" plugin="ResourceDefragmentation" ExtensionPoint="Balance" node="ip-172-31-16-198" priority=12.169470241973634
I0606 05:13:15.746143       1 resourcedefragmentation.go:757] "Candidate score inputs" plugin="ResourceDefragmentation" pod="defrag-exp/s4-cpu-198-c8bbfc967-smstd" originNode="ip-172-31-16-198" c1=0.0648722190650434 c2=0.7125202195262854 c3=0.2652453555043111 c4=0
I0606 05:13:15.746168       1 resourcedefragmentation.go:757] "Candidate score inputs" plugin="ResourceDefragmentation" pod="defrag-exp/s4-cpu-198-c8bbfc967-tn6rj" originNode="ip-172-31-16-198" c1=0.0648722190650434 c2=0.7125202195262854 c3=0.2652453555043111 c4=0
I0606 05:13:15.746207       1 resourcedefragmentation.go:757] "Candidate score inputs" plugin="ResourceDefragmentation" pod="defrag-exp/s4-cpu-198-c8bbfc967-lnmnj" originNode="ip-172-31-16-198" c1=0.0648722190650434 c2=0.7125202195262854 c3=0.2652453555043111 c4=0
I0606 05:13:15.746227       1 resourcedefragmentation.go:278] "Eviction decision" plugin="ResourceDefragmentation" ExtensionPoint="Balance" pod="defrag-exp/s4-cpu-198-c8bbfc967-smstd" originNode="ip-172-31-16-198" predictedTarget="ip-172-31-31-146"
I0606 05:13:15.773682       1 evictions.go:558] "Evicted pod" pod="defrag-exp/s4-cpu-198-c8bbfc967-smstd" reason="" strategy="ResourceDefragmentation" node="ip-172-31-16-198" profile="default"
I0606 05:13:15.773777       1 resourcedefragmentation.go:757] "Candidate score inputs" plugin="ResourceDefragmentation" pod="defrag-exp/s4-cpu-198-c8bbfc967-tn6rj" originNode="ip-172-31-16-198" c1=0.04293386992362678 c2=-999.9 c3=0.282992408012748 c4=0
I0606 05:13:15.773802       1 resourcedefragmentation.go:757] "Candidate score inputs" plugin="ResourceDefragmentation" pod="defrag-exp/s4-cpu-198-c8bbfc967-lnmnj" originNode="ip-172-31-16-198" c1=0.04293386992362678 c2=-999.9 c3=0.282992408012748 c4=0
I0606 05:13:15.773821       1 resourcedefragmentation.go:274] "No feasible scheduler target within ceiling; leaving pod in place" plugin="ResourceDefragmentation" ExtensionPoint="Balance" pod="defrag-exp/s4-cpu-198-c8bbfc967-tn6rj" originNode="ip-172-31-16-198"
I0606 05:13:15.773837       1 resourcedefragmentation.go:757] "Candidate score inputs" plugin="ResourceDefragmentation" pod="defrag-exp/s4-cpu-198-c8bbfc967-lnmnj" originNode="ip-172-31-16-198" c1=0.04293386992362678 c2=-999.9 c3=0.282992408012748 c4=0
I0606 05:13:15.773849       1 resourcedefragmentation.go:274] "No feasible scheduler target within ceiling; leaving pod in place" plugin="ResourceDefragmentation" ExtensionPoint="Balance" pod="defrag-exp/s4-cpu-198-c8bbfc967-lnmnj" originNode="ip-172-31-16-198"
I0606 05:13:15.773866       1 resourcedefragmentation.go:260] "Draining under-utilized node" plugin="ResourceDefragmentation" ExtensionPoint="Balance" node="ip-172-31-1-245" priority=12.169460576875634
I0606 05:13:15.773878       1 resourcedefragmentation.go:757] "Candidate score inputs" plugin="ResourceDefragmentation" pod="defrag-exp/s4-cpu-245-cccd9967b-4nvjf" originNode="ip-172-31-1-245" c1=0.06487231194772593 c2=-999.9 c3=0.2652455228191796 c4=0
I0606 05:13:15.773888       1 resourcedefragmentation.go:757] "Candidate score inputs" plugin="ResourceDefragmentation" pod="defrag-exp/s4-cpu-245-cccd9967b-g5n5b" originNode="ip-172-31-1-245" c1=0.06487231194772593 c2=-999.9 c3=0.2652455228191796 c4=0
I0606 05:13:15.773903       1 resourcedefragmentation.go:757] "Candidate score inputs" plugin="ResourceDefragmentation" pod="defrag-exp/s4-cpu-245-cccd9967b-8d8xh" originNode="ip-172-31-1-245" c1=0.06487231194772593 c2=-999.9 c3=0.2652455228191796 c4=0
I0606 05:13:15.773916       1 resourcedefragmentation.go:274] "No feasible scheduler target within ceiling; leaving pod in place" plugin="ResourceDefragmentation" ExtensionPoint="Balance" pod="defrag-exp/s4-cpu-245-cccd9967b-4nvjf" originNode="ip-172-31-1-245"
I0606 05:13:15.773925       1 resourcedefragmentation.go:757] "Candidate score inputs" plugin="ResourceDefragmentation" pod="defrag-exp/s4-cpu-245-cccd9967b-g5n5b" originNode="ip-172-31-1-245" c1=0.06487231194772593 c2=-999.9 c3=0.2652455228191796 c4=0
I0606 05:13:15.773935       1 resourcedefragmentation.go:757] "Candidate score inputs" plugin="ResourceDefragmentation" pod="defrag-exp/s4-cpu-245-cccd9967b-8d8xh" originNode="ip-172-31-1-245" c1=0.06487231194772593 c2=-999.9 c3=0.2652455228191796 c4=0
I0606 05:13:15.773949       1 resourcedefragmentation.go:274] "No feasible scheduler target within ceiling; leaving pod in place" plugin="ResourceDefragmentation" ExtensionPoint="Balance" pod="defrag-exp/s4-cpu-245-cccd9967b-g5n5b" originNode="ip-172-31-1-245"
I0606 05:13:15.773958       1 resourcedefragmentation.go:757] "Candidate score inputs" plugin="ResourceDefragmentation" pod="defrag-exp/s4-cpu-245-cccd9967b-8d8xh" originNode="ip-172-31-1-245" c1=0.06487231194772593 c2=-999.9 c3=0.2652455228191796 c4=0
I0606 05:13:15.773971       1 resourcedefragmentation.go:274] "No feasible scheduler target within ceiling; leaving pod in place" plugin="ResourceDefragmentation" ExtensionPoint="Balance" pod="defrag-exp/s4-cpu-245-cccd9967b-8d8xh" originNode="ip-172-31-1-245"
I0606 05:13:15.773982       1 resourcedefragmentation.go:260] "Draining under-utilized node" plugin="ResourceDefragmentation" ExtensionPoint="Balance" node="ip-172-31-3-39" priority=11.798662107840348
I0606 05:13:15.773993       1 resourcedefragmentation.go:757] "Candidate score inputs" plugin="ResourceDefragmentation" pod="defrag-exp/s4-mem-39-5d5899dbd4-6d8vl" originNode="ip-172-31-3-39" c1=0.06359733272103738 c2=0.9177142306951666 c3=0.2647787154761962 c4=0
I0606 05:13:15.774006       1 resourcedefragmentation.go:757] "Candidate score inputs" plugin="ResourceDefragmentation" pod="defrag-exp/s4-mem-39-5d5899dbd4-djfq7" originNode="ip-172-31-3-39" c1=0.06359733272103738 c2=0.9177142306951666 c3=0.2647787154761962 c4=0
I0606 05:13:15.774017       1 resourcedefragmentation.go:757] "Candidate score inputs" plugin="ResourceDefragmentation" pod="defrag-exp/s4-mem-39-5d5899dbd4-qv7p5" originNode="ip-172-31-3-39" c1=0.06359733272103738 c2=0.9177142306951666 c3=0.2647787154761962 c4=0
I0606 05:13:15.774035       1 resourcedefragmentation.go:278] "Eviction decision" plugin="ResourceDefragmentation" ExtensionPoint="Balance" pod="defrag-exp/s4-mem-39-5d5899dbd4-6d8vl" originNode="ip-172-31-3-39" predictedTarget="ip-172-31-31-146"
E0606 05:13:15.783801       1 event_broadcaster.go:270] "Server rejected event (will not retry!)" err="events.events.k8s.io is forbidden: User \"system:serviceaccount:kube-system:descheduler\" cannot create resource \"events\" in API group \"events.k8s.io\" in the namespace \"defrag-exp\"" event="&Event{ObjectMeta:{s4-cpu-198-c8bbfc967-smstd.18b665f2b5886f5c  defrag-exp    0 0001-01-01 00:00:00 +0000 UTC <nil> <nil> map[] map[] [] [] []},EventTime:2026-06-06 05:13:15.773701949 +0000 UTC m=+0.453925718,Series:nil,ReportingController:sigs.k8s.io.descheduler,ReportingInstance:sigs.k8s.io.descheduler-descheduler-job-gslk2,Action:Descheduled,Reason:ResourceDefragmentation,Regarding:{Pod defrag-exp s4-cpu-198-c8bbfc967-smstd 4d6a6010-871b-4cff-9d1f-9db4e37a6305 v1 237034 },Related:nil,Note:pod eviction from ip-172-31-16-198 node by sigs.k8s.io/descheduler,Type:Normal,DeprecatedSource:{ },DeprecatedFirstTimestamp:0001-01-01 00:00:00 +0000 UTC,DeprecatedLastTimestamp:0001-01-01 00:00:00 +0000 UTC,DeprecatedCount:0,}"
I0606 05:13:15.877843       1 evictions.go:558] "Evicted pod" pod="defrag-exp/s4-mem-39-5d5899dbd4-6d8vl" reason="" strategy="ResourceDefragmentation" node="ip-172-31-3-39" profile="default"
I0606 05:13:15.877945       1 resourcedefragmentation.go:757] "Candidate score inputs" plugin="ResourceDefragmentation" pod="defrag-exp/s4-mem-39-5d5899dbd4-djfq7" originNode="ip-172-31-3-39" c1=0.04270276784286004 c2=0.6424220702006076 c3=0.2825257679846331 c4=0
I0606 05:13:15.878061       1 resourcedefragmentation.go:757] "Candidate score inputs" plugin="ResourceDefragmentation" pod="defrag-exp/s4-mem-39-5d5899dbd4-qv7p5" originNode="ip-172-31-3-39" c1=0.04270276784286004 c2=0.6424220702006076 c3=0.2825257679846331 c4=0
I0606 05:13:15.878164       1 resourcedefragmentation.go:278] "Eviction decision" plugin="ResourceDefragmentation" ExtensionPoint="Balance" pod="defrag-exp/s4-mem-39-5d5899dbd4-djfq7" originNode="ip-172-31-3-39" predictedTarget="ip-172-31-16-198"
E0606 05:13:15.882130       1 event_broadcaster.go:270] "Server rejected event (will not retry!)" err="events.events.k8s.io is forbidden: User \"system:serviceaccount:kube-system:descheduler\" cannot create resource \"events\" in API group \"events.k8s.io\" in the namespace \"defrag-exp\"" event="&Event{ObjectMeta:{s4-mem-39-5d5899dbd4-6d8vl.18b665f2bbbdaa1f  defrag-exp    0 0001-01-01 00:00:00 +0000 UTC <nil> <nil> map[] map[] [] [] []},EventTime:2026-06-06 05:13:15.877858516 +0000 UTC m=+0.558082301,Series:nil,ReportingController:sigs.k8s.io.descheduler,ReportingInstance:sigs.k8s.io.descheduler-descheduler-job-gslk2,Action:Descheduled,Reason:ResourceDefragmentation,Regarding:{Pod defrag-exp s4-mem-39-5d5899dbd4-6d8vl bb6f1947-9846-4dc4-bd84-f51a5a2fc7a0 v1 237141 },Related:nil,Note:pod eviction from ip-172-31-3-39 node by sigs.k8s.io/descheduler,Type:Normal,DeprecatedSource:{ },DeprecatedFirstTimestamp:0001-01-01 00:00:00 +0000 UTC,DeprecatedLastTimestamp:0001-01-01 00:00:00 +0000 UTC,DeprecatedCount:0,}"
I0606 05:13:15.973911       1 evictions.go:558] "Evicted pod" pod="defrag-exp/s4-mem-39-5d5899dbd4-djfq7" reason="" strategy="ResourceDefragmentation" node="ip-172-31-3-39" profile="default"
I0606 05:13:15.973989       1 resourcedefragmentation.go:757] "Candidate score inputs" plugin="ResourceDefragmentation" pod="defrag-exp/s4-mem-39-5d5899dbd4-qv7p5" originNode="ip-172-31-3-39" c1=0.021808202964682687 c2=0.8544132578146437 c3=0.30027282049306997 c4=0
I0606 05:13:15.974022       1 resourcedefragmentation.go:278] "Eviction decision" plugin="ResourceDefragmentation" ExtensionPoint="Balance" pod="defrag-exp/s4-mem-39-5d5899dbd4-qv7p5" originNode="ip-172-31-3-39" predictedTarget="ip-172-31-16-198"
E0606 05:13:15.975843       1 event_broadcaster.go:270] "Server rejected event (will not retry!)" err="events.events.k8s.io is forbidden: User \"system:serviceaccount:kube-system:descheduler\" cannot create resource \"events\" in API group \"events.k8s.io\" in the namespace \"defrag-exp\"" event="&Event{ObjectMeta:{s4-mem-39-5d5899dbd4-djfq7.18b665f2c1779c75  defrag-exp    0 0001-01-01 00:00:00 +0000 UTC <nil> <nil> map[] map[] [] [] []},EventTime:2026-06-06 05:13:15.973935215 +0000 UTC m=+0.654158999,Series:nil,ReportingController:sigs.k8s.io.descheduler,ReportingInstance:sigs.k8s.io.descheduler-descheduler-job-gslk2,Action:Descheduled,Reason:ResourceDefragmentation,Regarding:{Pod defrag-exp s4-mem-39-5d5899dbd4-djfq7 0909a101-713d-430e-b508-47cf3ef1793a v1 237134 },Related:nil,Note:pod eviction from ip-172-31-3-39 node by sigs.k8s.io/descheduler,Type:Normal,DeprecatedSource:{ },DeprecatedFirstTimestamp:0001-01-01 00:00:00 +0000 UTC,DeprecatedLastTimestamp:0001-01-01 00:00:00 +0000 UTC,DeprecatedCount:0,}"
I0606 05:13:16.074161       1 evictions.go:558] "Evicted pod" pod="defrag-exp/s4-mem-39-5d5899dbd4-qv7p5" reason="" strategy="ResourceDefragmentation" node="ip-172-31-3-39" profile="default"
I0606 05:13:16.074254       1 resourcedefragmentation.go:260] "Draining under-utilized node" plugin="ResourceDefragmentation" ExtensionPoint="Balance" node="ip-172-31-19-34" priority=11.79763975003293
I0606 05:13:16.074299       1 resourcedefragmentation.go:757] "Candidate score inputs" plugin="ResourceDefragmentation" pod="defrag-exp/s4-mem-34-67b57f4875-7cbw6" originNode="ip-172-31-19-34" c1=0.0635963266772205 c2=-999.9 c3=0.26477758521086076 c4=0
I0606 05:13:16.074315       1 resourcedefragmentation.go:757] "Candidate score inputs" plugin="ResourceDefragmentation" pod="defrag-exp/s4-mem-34-67b57f4875-45fkv" originNode="ip-172-31-19-34" c1=0.0635963266772205 c2=-999.9 c3=0.26477758521086076 c4=0
I0606 05:13:16.074327       1 resourcedefragmentation.go:757] "Candidate score inputs" plugin="ResourceDefragmentation" pod="defrag-exp/s4-mem-34-67b57f4875-rjjzq" originNode="ip-172-31-19-34" c1=0.0635963266772205 c2=-999.9 c3=0.26477758521086076 c4=0
I0606 05:13:16.074346       1 resourcedefragmentation.go:274] "No feasible scheduler target within ceiling; leaving pod in place" plugin="ResourceDefragmentation" ExtensionPoint="Balance" pod="defrag-exp/s4-mem-34-67b57f4875-7cbw6" originNode="ip-172-31-19-34"
I0606 05:13:16.074357       1 resourcedefragmentation.go:757] "Candidate score inputs" plugin="ResourceDefragmentation" pod="defrag-exp/s4-mem-34-67b57f4875-45fkv" originNode="ip-172-31-19-34" c1=0.0635963266772205 c2=-999.9 c3=0.26477758521086076 c4=0
I0606 05:13:16.074367       1 resourcedefragmentation.go:757] "Candidate score inputs" plugin="ResourceDefragmentation" pod="defrag-exp/s4-mem-34-67b57f4875-rjjzq" originNode="ip-172-31-19-34" c1=0.0635963266772205 c2=-999.9 c3=0.26477758521086076 c4=0
I0606 05:13:16.074378       1 resourcedefragmentation.go:274] "No feasible scheduler target within ceiling; leaving pod in place" plugin="ResourceDefragmentation" ExtensionPoint="Balance" pod="defrag-exp/s4-mem-34-67b57f4875-45fkv" originNode="ip-172-31-19-34"
I0606 05:13:16.074389       1 resourcedefragmentation.go:757] "Candidate score inputs" plugin="ResourceDefragmentation" pod="defrag-exp/s4-mem-34-67b57f4875-rjjzq" originNode="ip-172-31-19-34" c1=0.0635963266772205 c2=-999.9 c3=0.26477758521086076 c4=0
I0606 05:13:16.074399       1 resourcedefragmentation.go:274] "No feasible scheduler target within ceiling; leaving pod in place" plugin="ResourceDefragmentation" ExtensionPoint="Balance" pod="defrag-exp/s4-mem-34-67b57f4875-rjjzq" originNode="ip-172-31-19-34"
I0606 05:13:16.074437       1 profile.go:425] "Total number of evictions/requests" extension point="Balance" evictedPods=4 evictionRequests=0
I0606 05:13:16.074488       1 descheduler.go:252] "Number of evictions/requests" totalEvicted=4 evictionRequests=0
E0606 05:13:16.074582       1 event_broadcaster.go:279] "Unable to write event (may retry after sleeping)" err="client rate limiter Wait returned an error: context canceled"
I0606 05:13:16.074636       1 reflector.go:373] "Stopping reflector" type="*v1.Pod" resyncPeriod="0s" reflector="k8s.io/client-go/informers/factory.go:161"
I0606 05:13:16.074658       1 reflector.go:373] "Stopping reflector" type="*v1.Node" resyncPeriod="0s" reflector="k8s.io/client-go/informers/factory.go:161"
I0606 05:13:16.074682       1 reflector.go:373] "Stopping reflector" type="*v1.PersistentVolumeClaim" resyncPeriod="0s" reflector="k8s.io/client-go/informers/factory.go:161"
I0606 05:13:16.075103       1 tlsconfig.go:258] "Shutting down DynamicServingCertificateController"
I0606 05:13:16.075134       1 secure_serving.go:259] Stopped listening on [::]:10258
