I0606 04:19:11.661612       1 feature_gate.go:466] feature gates: {map[]}
I0606 04:19:11.836273       1 secure_serving.go:57] Forcing use of http/1.1 only
I0606 04:19:11.836727       1 named_certificates.go:53] "Loaded SNI cert" index=0 certName="self-signed loopback" certDetail="\"apiserver-loopback-client@1780719551\" [serving] validServingFor=[apiserver-loopback-client] issuer=\"apiserver-loopback-client-ca@1780719551\" (2026-06-06 03:19:11 +0000 UTC to 2029-06-06 03:19:11 +0000 UTC (now=2026-06-06 04:19:11.836693018 +0000 UTC))"
I0606 04:19:11.836777       1 secure_serving.go:211] Serving securely on [::]:10258
I0606 04:19:11.836802       1 tracing.go:88] Did not find a trace collector endpoint defined. Switching to NoopTraceProvider
I0606 04:19:11.837016       1 tlsconfig.go:243] "Starting DynamicServingCertificateController"
I0606 04:19:11.837234       1 envvar.go:172] "Feature gate default state" feature="InformerResourceVersion" enabled=true
I0606 04:19:11.837276       1 envvar.go:172] "Feature gate default state" feature="WatchListClient" enabled=true
I0606 04:19:11.837284       1 envvar.go:172] "Feature gate default state" feature="ClientsAllowCBOR" enabled=false
I0606 04:19:11.837289       1 envvar.go:172] "Feature gate default state" feature="ClientsPreferCBOR" enabled=false
I0606 04:19:11.837295       1 envvar.go:172] "Feature gate default state" feature="InOrderInformers" enabled=true
I0606 04:19:11.837300       1 envvar.go:172] "Feature gate default state" feature="InOrderInformersBatchProcess" enabled=true
W0606 04:19:11.847243       1 descheduler.go:333] failed to convert Descheduler minor version '' to float: strconv.ParseFloat: parsing "": invalid syntax
I0606 04:19:11.857064       1 reflector.go:367] "Starting reflector" type="*v1.Pod" resyncPeriod="0s" reflector="k8s.io/client-go/informers/factory.go:161"
I0606 04:19:11.857089       1 reflector.go:411] "Listing and watching" type="*v1.Pod" reflector="k8s.io/client-go/informers/factory.go:161"
I0606 04:19:11.857277       1 reflector.go:367] "Starting reflector" type="*v1.PersistentVolumeClaim" resyncPeriod="0s" reflector="k8s.io/client-go/informers/factory.go:161"
I0606 04:19:11.857296       1 reflector.go:411] "Listing and watching" type="*v1.PersistentVolumeClaim" reflector="k8s.io/client-go/informers/factory.go:161"
I0606 04:19:11.857586       1 reflector.go:367] "Starting reflector" type="*v1.Node" resyncPeriod="0s" reflector="k8s.io/client-go/informers/factory.go:161"
I0606 04:19:11.857604       1 reflector.go:411] "Listing and watching" type="*v1.Node" reflector="k8s.io/client-go/informers/factory.go:161"
I0606 04:19:11.862872       1 reflector.go:446] "Caches populated" type="*v1.PersistentVolumeClaim" reflector="k8s.io/client-go/informers/factory.go:161"
I0606 04:19:11.871064       1 reflector.go:446] "Caches populated" type="*v1.Node" reflector="k8s.io/client-go/informers/factory.go:161"
I0606 04:19:11.877853       1 reflector.go:446] "Caches populated" type="*v1.Pod" reflector="k8s.io/client-go/informers/factory.go:161"
I0606 04:19:11.957362       1 descheduler.go:235] Resetting pod evictor counters
I0606 04:19:11.957450       1 resourcedefragmentation.go:158] "Starting resource defragmentation balance pass" plugin="ResourceDefragmentation" ExtensionPoint="Balance" nodeCount=7
I0606 04:19:11.957580       1 resourcedefragmentation.go:165] "Skipping control-plane node" plugin="ResourceDefragmentation" ExtensionPoint="Balance" node="ip-172-31-84-108"
I0606 04:19:11.957673       1 resourcedefragmentation.go:199] "Node state" plugin="ResourceDefragmentation" ExtensionPoint="Balance" node="ip-172-31-1-245" avgUtilization=0.304053533602927 minUtilization=0.3 binScore=0.6479732331985364 usageSource="requests"
I0606 04:19:11.957747       1 resourcedefragmentation.go:199] "Node state" plugin="ResourceDefragmentation" ExtensionPoint="Balance" node="ip-172-31-16-198" avgUtilization=0.3040542752468479 minUtilization=0.3 binScore=0.6479728623765761 usageSource="requests"
I0606 04:19:11.957778       1 resourcedefragmentation.go:199] "Node state" plugin="ResourceDefragmentation" ExtensionPoint="Balance" node="ip-172-31-19-34" avgUtilization=0.304053533602927 minUtilization=0.3 binScore=0.6479732331985364 usageSource="requests"
I0606 04:19:11.957854       1 resourcedefragmentation.go:199] "Node state" plugin="ResourceDefragmentation" ExtensionPoint="Balance" node="ip-172-31-3-39" avgUtilization=0.3040542752468479 minUtilization=0.3 binScore=0.6479728623765761 usageSource="requests"
I0606 04:19:11.957891       1 resourcedefragmentation.go:199] "Node state" plugin="ResourceDefragmentation" ExtensionPoint="Balance" node="ip-172-31-31-146" avgUtilization=0.304053533602927 minUtilization=0.3 binScore=0.6479732331985364 usageSource="requests"
I0606 04:19:11.957956       1 resourcedefragmentation.go:199] "Node state" plugin="ResourceDefragmentation" ExtensionPoint="Balance" node="ip-172-31-6-144" avgUtilization=0.3040542752468479 minUtilization=0.3 binScore=0.6479728623765761 usageSource="requests"
I0606 04:19:11.958046       1 resourcedefragmentation.go:237] "Node is a drain candidate" plugin="ResourceDefragmentation" ExtensionPoint="Balance" node="ip-172-31-1-245" avgUtilization=0.304053533602927 binScore=0.6479732331985364 imbalanceIndex=-0.008107067205854024 freeSpaceIndex=0.48432505295590217 priority=1.036418051699183
I0606 04:19:11.958087       1 resourcedefragmentation.go:237] "Node is a drain candidate" plugin="ResourceDefragmentation" ExtensionPoint="Balance" node="ip-172-31-16-198" avgUtilization=0.3040542752468479 binScore=0.6479728623765761 imbalanceIndex=-0.008108550493695799 freeSpaceIndex=0.48432401465441294 priority=1.036421006542499
I0606 04:19:11.958121       1 resourcedefragmentation.go:237] "Node is a drain candidate" plugin="ResourceDefragmentation" ExtensionPoint="Balance" node="ip-172-31-19-34" avgUtilization=0.304053533602927 binScore=0.6479732331985364 imbalanceIndex=-0.008107067205854024 freeSpaceIndex=0.48432505295590217 priority=1.036418051699183
I0606 04:19:11.958170       1 resourcedefragmentation.go:237] "Node is a drain candidate" plugin="ResourceDefragmentation" ExtensionPoint="Balance" node="ip-172-31-3-39" avgUtilization=0.3040542752468479 binScore=0.6479728623765761 imbalanceIndex=-0.008108550493695799 freeSpaceIndex=0.48432401465441294 priority=1.036421006542499
I0606 04:19:11.958244       1 resourcedefragmentation.go:237] "Node is a drain candidate" plugin="ResourceDefragmentation" ExtensionPoint="Balance" node="ip-172-31-31-146" avgUtilization=0.304053533602927 binScore=0.6479732331985364 imbalanceIndex=-0.008107067205854024 freeSpaceIndex=0.48432505295590217 priority=1.036418051699183
I0606 04:19:11.958318       1 resourcedefragmentation.go:237] "Node is a drain candidate" plugin="ResourceDefragmentation" ExtensionPoint="Balance" node="ip-172-31-6-144" avgUtilization=0.3040542752468479 binScore=0.6479728623765761 imbalanceIndex=-0.008108550493695799 freeSpaceIndex=0.48432401465441294 priority=1.036421006542499
I0606 04:19:11.958339       1 resourcedefragmentation.go:260] "Draining under-utilized node" plugin="ResourceDefragmentation" ExtensionPoint="Balance" node="ip-172-31-16-198" priority=1.036421006542499
I0606 04:19:11.958398       1 resourcedefragmentation.go:757] "Candidate score inputs" plugin="ResourceDefragmentation" pod="defrag-exp/s1-fill-198-6f65649bd4-qzkjk" originNode="ip-172-31-16-198" c1=-0.000001780414503119157 c2=0.7109125264779511 c3=0.18816225285120763 c4=0
I0606 04:19:11.958425       1 resourcedefragmentation.go:757] "Candidate score inputs" plugin="ResourceDefragmentation" pod="defrag-exp/s1-fill-198-6f65649bd4-v9vmx" originNode="ip-172-31-16-198" c1=-0.000001780414503119157 c2=0.7109125264779511 c3=0.18816225285120763 c4=0
I0606 04:19:11.958470       1 resourcedefragmentation.go:278] "Eviction decision" plugin="ResourceDefragmentation" ExtensionPoint="Balance" pod="defrag-exp/s1-fill-198-6f65649bd4-qzkjk" originNode="ip-172-31-16-198" predictedTarget="ip-172-31-19-34"
I0606 04:19:11.989001       1 evictions.go:558] "Evicted pod" pod="defrag-exp/s1-fill-198-6f65649bd4-qzkjk" reason="" strategy="ResourceDefragmentation" node="ip-172-31-16-198" profile="default"
I0606 04:19:11.989948       1 resourcedefragmentation.go:757] "Candidate score inputs" plugin="ResourceDefragmentation" pod="defrag-exp/s1-fill-198-6f65649bd4-v9vmx" originNode="ip-172-31-16-198" c1=-0.000002166111078447549 c2=0.7738518197573657 c3=0.2189731079005772 c4=0
I0606 04:19:11.989988       1 resourcedefragmentation.go:278] "Eviction decision" plugin="ResourceDefragmentation" ExtensionPoint="Balance" pod="defrag-exp/s1-fill-198-6f65649bd4-v9vmx" originNode="ip-172-31-16-198" predictedTarget="ip-172-31-19-34"
E0606 04:19:11.996428       1 event_broadcaster.go:270] "Server rejected event (will not retry!)" err="events.events.k8s.io is forbidden: User \"system:serviceaccount:kube-system:descheduler\" cannot create resource \"events\" in API group \"events.k8s.io\" in the namespace \"defrag-exp\"" event="&Event{ObjectMeta:{s1-fill-198-6f65649bd4-qzkjk.18b662ff74f2a911  defrag-exp    0 0001-01-01 00:00:00 +0000 UTC <nil> <nil> map[] map[] [] [] []},EventTime:2026-06-06 04:19:11.989022623 +0000 UTC m=+0.375462032,Series:nil,ReportingController:sigs.k8s.io.descheduler,ReportingInstance:sigs.k8s.io.descheduler-descheduler-job-28drd,Action:Descheduled,Reason:ResourceDefragmentation,Regarding:{Pod defrag-exp s1-fill-198-6f65649bd4-qzkjk 52bba006-6573-46fb-b892-55b6a19eb22d v1 220057 },Related:nil,Note:pod eviction from ip-172-31-16-198 node by sigs.k8s.io/descheduler,Type:Normal,DeprecatedSource:{ },DeprecatedFirstTimestamp:0001-01-01 00:00:00 +0000 UTC,DeprecatedLastTimestamp:0001-01-01 00:00:00 +0000 UTC,DeprecatedCount:0,}"
I0606 04:19:12.082407       1 evictions.go:558] "Evicted pod" pod="defrag-exp/s1-fill-198-6f65649bd4-v9vmx" reason="" strategy="ResourceDefragmentation" node="ip-172-31-16-198" profile="default"
I0606 04:19:12.082475       1 resourcedefragmentation.go:260] "Draining under-utilized node" plugin="ResourceDefragmentation" ExtensionPoint="Balance" node="ip-172-31-3-39" priority=1.036421006542499
I0606 04:19:12.082622       1 resourcedefragmentation.go:757] "Candidate score inputs" plugin="ResourceDefragmentation" pod="defrag-exp/s1-fill-39-7d47c6f544-cxh6p" originNode="ip-172-31-3-39" c1=-0.000001780414503119157 c2=0.8367911130367802 c3=0.18816225285120763 c4=0
I0606 04:19:12.082702       1 resourcedefragmentation.go:757] "Candidate score inputs" plugin="ResourceDefragmentation" pod="defrag-exp/s1-fill-39-7d47c6f544-kx7hx" originNode="ip-172-31-3-39" c1=-0.000001780414503119157 c2=0.8367911130367802 c3=0.18816225285120763 c4=0
I0606 04:19:12.082750       1 resourcedefragmentation.go:278] "Eviction decision" plugin="ResourceDefragmentation" ExtensionPoint="Balance" pod="defrag-exp/s1-fill-39-7d47c6f544-cxh6p" originNode="ip-172-31-3-39" predictedTarget="ip-172-31-19-34"
E0606 04:19:12.084252       1 event_broadcaster.go:270] "Server rejected event (will not retry!)" err="events.events.k8s.io is forbidden: User \"system:serviceaccount:kube-system:descheduler\" cannot create resource \"events\" in API group \"events.k8s.io\" in the namespace \"defrag-exp\"" event="&Event{ObjectMeta:{s1-fill-198-6f65649bd4-v9vmx.18b662ff7a776064  defrag-exp    0 0001-01-01 00:00:00 +0000 UTC <nil> <nil> map[] map[] [] [] []},EventTime:2026-06-06 04:19:12.082428222 +0000 UTC m=+0.468867643,Series:nil,ReportingController:sigs.k8s.io.descheduler,ReportingInstance:sigs.k8s.io.descheduler-descheduler-job-28drd,Action:Descheduled,Reason:ResourceDefragmentation,Regarding:{Pod defrag-exp s1-fill-198-6f65649bd4-v9vmx 57ca4f6e-02c0-49ff-9a11-aa492d2c308d v1 220061 },Related:nil,Note:pod eviction from ip-172-31-16-198 node by sigs.k8s.io/descheduler,Type:Normal,DeprecatedSource:{ },DeprecatedFirstTimestamp:0001-01-01 00:00:00 +0000 UTC,DeprecatedLastTimestamp:0001-01-01 00:00:00 +0000 UTC,DeprecatedCount:0,}"
I0606 04:19:12.183143       1 evictions.go:558] "Evicted pod" pod="defrag-exp/s1-fill-39-7d47c6f544-cxh6p" reason="" strategy="ResourceDefragmentation" node="ip-172-31-3-39" profile="default"
I0606 04:19:12.183236       1 resourcedefragmentation.go:757] "Candidate score inputs" plugin="ResourceDefragmentation" pod="defrag-exp/s1-fill-39-7d47c6f544-kx7hx" originNode="ip-172-31-3-39" c1=-0.000002166111078447549 c2=0.8997304063161948 c3=0.2189731079005772 c4=0
I0606 04:19:12.183263       1 resourcedefragmentation.go:278] "Eviction decision" plugin="ResourceDefragmentation" ExtensionPoint="Balance" pod="defrag-exp/s1-fill-39-7d47c6f544-kx7hx" originNode="ip-172-31-3-39" predictedTarget="ip-172-31-19-34"
E0606 04:19:12.186854       1 event_broadcaster.go:270] "Server rejected event (will not retry!)" err="events.events.k8s.io is forbidden: User \"system:serviceaccount:kube-system:descheduler\" cannot create resource \"events\" in API group \"events.k8s.io\" in the namespace \"defrag-exp\"" event="&Event{ObjectMeta:{s1-fill-39-7d47c6f544-cxh6p.18b662ff80787e4e  defrag-exp    0 0001-01-01 00:00:00 +0000 UTC <nil> <nil> map[] map[] [] [] []},EventTime:2026-06-06 04:19:12.183164005 +0000 UTC m=+0.569603415,Series:nil,ReportingController:sigs.k8s.io.descheduler,ReportingInstance:sigs.k8s.io.descheduler-descheduler-job-28drd,Action:Descheduled,Reason:ResourceDefragmentation,Regarding:{Pod defrag-exp s1-fill-39-7d47c6f544-cxh6p 2cfbd0c3-54c1-4d55-96fa-94535c3a13ff v1 220140 },Related:nil,Note:pod eviction from ip-172-31-3-39 node by sigs.k8s.io/descheduler,Type:Normal,DeprecatedSource:{ },DeprecatedFirstTimestamp:0001-01-01 00:00:00 +0000 UTC,DeprecatedLastTimestamp:0001-01-01 00:00:00 +0000 UTC,DeprecatedCount:0,}"
I0606 04:19:12.289220       1 evictions.go:558] "Evicted pod" pod="defrag-exp/s1-fill-39-7d47c6f544-kx7hx" reason="" strategy="ResourceDefragmentation" node="ip-172-31-3-39" profile="default"
I0606 04:19:12.289328       1 resourcedefragmentation.go:260] "Draining under-utilized node" plugin="ResourceDefragmentation" ExtensionPoint="Balance" node="ip-172-31-6-144" priority=1.036421006542499
I0606 04:19:12.289396       1 resourcedefragmentation.go:757] "Candidate score inputs" plugin="ResourceDefragmentation" pod="defrag-exp/s1-fill-144-75b6ddcffc-6nk8t" originNode="ip-172-31-6-144" c1=-0.000001780414503119157 c2=0.7109125264779511 c3=0.18816225285120763 c4=0
I0606 04:19:12.289414       1 resourcedefragmentation.go:757] "Candidate score inputs" plugin="ResourceDefragmentation" pod="defrag-exp/s1-fill-144-75b6ddcffc-4tjpg" originNode="ip-172-31-6-144" c1=-0.000001780414503119157 c2=0.7109125264779511 c3=0.18816225285120763 c4=0
I0606 04:19:12.289550       1 resourcedefragmentation.go:278] "Eviction decision" plugin="ResourceDefragmentation" ExtensionPoint="Balance" pod="defrag-exp/s1-fill-144-75b6ddcffc-6nk8t" originNode="ip-172-31-6-144" predictedTarget="ip-172-31-31-146"
E0606 04:19:12.291667       1 event_broadcaster.go:270] "Server rejected event (will not retry!)" err="events.events.k8s.io is forbidden: User \"system:serviceaccount:kube-system:descheduler\" cannot create resource \"events\" in API group \"events.k8s.io\" in the namespace \"defrag-exp\"" event="&Event{ObjectMeta:{s1-fill-39-7d47c6f544-kx7hx.18b662ff86cb4581  defrag-exp    0 0001-01-01 00:00:00 +0000 UTC <nil> <nil> map[] map[] [] [] []},EventTime:2026-06-06 04:19:12.289243628 +0000 UTC m=+0.675683045,Series:nil,ReportingController:sigs.k8s.io.descheduler,ReportingInstance:sigs.k8s.io.descheduler-descheduler-job-28drd,Action:Descheduled,Reason:ResourceDefragmentation,Regarding:{Pod defrag-exp s1-fill-39-7d47c6f544-kx7hx 05ed076c-a4d8-4acf-b09a-750aa076e133 v1 220135 },Related:nil,Note:pod eviction from ip-172-31-3-39 node by sigs.k8s.io/descheduler,Type:Normal,DeprecatedSource:{ },DeprecatedFirstTimestamp:0001-01-01 00:00:00 +0000 UTC,DeprecatedLastTimestamp:0001-01-01 00:00:00 +0000 UTC,DeprecatedCount:0,}"
I0606 04:19:12.390770       1 evictions.go:558] "Evicted pod" pod="defrag-exp/s1-fill-144-75b6ddcffc-6nk8t" reason="" strategy="ResourceDefragmentation" node="ip-172-31-6-144" profile="default"
I0606 04:19:12.390869       1 resourcedefragmentation.go:757] "Candidate score inputs" plugin="ResourceDefragmentation" pod="defrag-exp/s1-fill-144-75b6ddcffc-4tjpg" originNode="ip-172-31-6-144" c1=-0.000002166111078447549 c2=0.7738518197573657 c3=0.2189731079005772 c4=0
I0606 04:19:12.391367       1 resourcedefragmentation.go:278] "Eviction decision" plugin="ResourceDefragmentation" ExtensionPoint="Balance" pod="defrag-exp/s1-fill-144-75b6ddcffc-4tjpg" originNode="ip-172-31-6-144" predictedTarget="ip-172-31-31-146"
E0606 04:19:12.397326       1 event_broadcaster.go:270] "Server rejected event (will not retry!)" err="events.events.k8s.io is forbidden: User \"system:serviceaccount:kube-system:descheduler\" cannot create resource \"events\" in API group \"events.k8s.io\" in the namespace \"defrag-exp\"" event="&Event{ObjectMeta:{s1-fill-144-75b6ddcffc-6nk8t.18b662ff8cd8ad72  defrag-exp    0 0001-01-01 00:00:00 +0000 UTC <nil> <nil> map[] map[] [] [] []},EventTime:2026-06-06 04:19:12.390792697 +0000 UTC m=+0.777232128,Series:nil,ReportingController:sigs.k8s.io.descheduler,ReportingInstance:sigs.k8s.io.descheduler-descheduler-job-28drd,Action:Descheduled,Reason:ResourceDefragmentation,Regarding:{Pod defrag-exp s1-fill-144-75b6ddcffc-6nk8t b9372d02-9bd7-4697-9b11-04f2f83fe501 v1 220220 },Related:nil,Note:pod eviction from ip-172-31-6-144 node by sigs.k8s.io/descheduler,Type:Normal,DeprecatedSource:{ },DeprecatedFirstTimestamp:0001-01-01 00:00:00 +0000 UTC,DeprecatedLastTimestamp:0001-01-01 00:00:00 +0000 UTC,DeprecatedCount:0,}"
I0606 04:19:12.487637       1 evictions.go:558] "Evicted pod" pod="defrag-exp/s1-fill-144-75b6ddcffc-4tjpg" reason="" strategy="ResourceDefragmentation" node="ip-172-31-6-144" profile="default"
I0606 04:19:12.487752       1 resourcedefragmentation.go:260] "Draining under-utilized node" plugin="ResourceDefragmentation" ExtensionPoint="Balance" node="ip-172-31-1-245" priority=1.036418051699183
I0606 04:19:12.487787       1 resourcedefragmentation.go:757] "Candidate score inputs" plugin="ResourceDefragmentation" pod="defrag-exp/s1-fill-245-7659c95b6c-tnc7x" originNode="ip-172-31-1-245" c1=-0.0000017806900696470697 c2=0.8367911130367802 c3=0.18816194877720005 c4=0
I0606 04:19:12.487801       1 resourcedefragmentation.go:757] "Candidate score inputs" plugin="ResourceDefragmentation" pod="defrag-exp/s1-fill-245-7659c95b6c-x9b79" originNode="ip-172-31-1-245" c1=-0.0000017806900696470697 c2=0.8367911130367802 c3=0.18816194877720005 c4=0
I0606 04:19:12.487848       1 resourcedefragmentation.go:278] "Eviction decision" plugin="ResourceDefragmentation" ExtensionPoint="Balance" pod="defrag-exp/s1-fill-245-7659c95b6c-tnc7x" originNode="ip-172-31-1-245" predictedTarget="ip-172-31-31-146"
E0606 04:19:12.497141       1 event_broadcaster.go:270] "Server rejected event (will not retry!)" err="events.events.k8s.io is forbidden: User \"system:serviceaccount:kube-system:descheduler\" cannot create resource \"events\" in API group \"events.k8s.io\" in the namespace \"defrag-exp\"" event="&Event{ObjectMeta:{s1-fill-144-75b6ddcffc-4tjpg.18b662ff929f2cc9  defrag-exp    0 0001-01-01 00:00:00 +0000 UTC <nil> <nil> map[] map[] [] [] []},EventTime:2026-06-06 04:19:12.487688115 +0000 UTC m=+0.874127544,Series:nil,ReportingController:sigs.k8s.io.descheduler,ReportingInstance:sigs.k8s.io.descheduler-descheduler-job-28drd,Action:Descheduled,Reason:ResourceDefragmentation,Regarding:{Pod defrag-exp s1-fill-144-75b6ddcffc-4tjpg 6fbf7398-432b-45bf-b89e-0096372b9814 v1 220224 },Related:nil,Note:pod eviction from ip-172-31-6-144 node by sigs.k8s.io/descheduler,Type:Normal,DeprecatedSource:{ },DeprecatedFirstTimestamp:0001-01-01 00:00:00 +0000 UTC,DeprecatedLastTimestamp:0001-01-01 00:00:00 +0000 UTC,DeprecatedCount:0,}"
I0606 04:19:12.621485       1 evictions.go:558] "Evicted pod" pod="defrag-exp/s1-fill-245-7659c95b6c-tnc7x" reason="" strategy="ResourceDefragmentation" node="ip-172-31-1-245" profile="default"
I0606 04:19:12.621650       1 resourcedefragmentation.go:757] "Candidate score inputs" plugin="ResourceDefragmentation" pod="defrag-exp/s1-fill-245-7659c95b6c-x9b79" originNode="ip-172-31-1-245" c1=-0.0000021666472403247363 c2=0.8997304063161948 c3=0.21897265549778547 c4=0
I0606 04:19:12.621776       1 resourcedefragmentation.go:278] "Eviction decision" plugin="ResourceDefragmentation" ExtensionPoint="Balance" pod="defrag-exp/s1-fill-245-7659c95b6c-x9b79" originNode="ip-172-31-1-245" predictedTarget="ip-172-31-31-146"
E0606 04:19:12.625230       1 event_broadcaster.go:270] "Server rejected event (will not retry!)" err="events.events.k8s.io is forbidden: User \"system:serviceaccount:kube-system:descheduler\" cannot create resource \"events\" in API group \"events.k8s.io\" in the namespace \"defrag-exp\"" event="&Event{ObjectMeta:{s1-fill-245-7659c95b6c-tnc7x.18b662ff9a9a86a7  defrag-exp    0 0001-01-01 00:00:00 +0000 UTC <nil> <nil> map[] map[] [] [] []},EventTime:2026-06-06 04:19:12.621601893 +0000 UTC m=+1.008041327,Series:nil,ReportingController:sigs.k8s.io.descheduler,ReportingInstance:sigs.k8s.io.descheduler-descheduler-job-28drd,Action:Descheduled,Reason:ResourceDefragmentation,Regarding:{Pod defrag-exp s1-fill-245-7659c95b6c-tnc7x 6bfc9222-df67-4b6b-acfa-0ddcaf021a6a v1 220020 },Related:nil,Note:pod eviction from ip-172-31-1-245 node by sigs.k8s.io/descheduler,Type:Normal,DeprecatedSource:{ },DeprecatedFirstTimestamp:0001-01-01 00:00:00 +0000 UTC,DeprecatedLastTimestamp:0001-01-01 00:00:00 +0000 UTC,DeprecatedCount:0,}"
I0606 04:19:12.691309       1 evictions.go:558] "Evicted pod" pod="defrag-exp/s1-fill-245-7659c95b6c-x9b79" reason="" strategy="ResourceDefragmentation" node="ip-172-31-1-245" profile="default"
I0606 04:19:12.691402       1 resourcedefragmentation.go:257] "Skipping node now serving as a bin" plugin="ResourceDefragmentation" ExtensionPoint="Balance" node="ip-172-31-19-34"
I0606 04:19:12.691456       1 resourcedefragmentation.go:257] "Skipping node now serving as a bin" plugin="ResourceDefragmentation" ExtensionPoint="Balance" node="ip-172-31-31-146"
I0606 04:19:12.691618       1 profile.go:425] "Total number of evictions/requests" extension point="Balance" evictedPods=8 evictionRequests=0
I0606 04:19:12.691938       1 descheduler.go:252] "Number of evictions/requests" totalEvicted=8 evictionRequests=0
E0606 04:19:12.692601       1 event_broadcaster.go:279] "Unable to write event (may retry after sleeping)" err="Post \"https://10.96.0.1:443/apis/events.k8s.io/v1/namespaces/defrag-exp/events\": context canceled"
I0606 04:19:12.692756       1 reflector.go:373] "Stopping reflector" type="*v1.Pod" resyncPeriod="0s" reflector="k8s.io/client-go/informers/factory.go:161"
I0606 04:19:12.692885       1 reflector.go:373] "Stopping reflector" type="*v1.Node" resyncPeriod="0s" reflector="k8s.io/client-go/informers/factory.go:161"
I0606 04:19:12.692920       1 reflector.go:373] "Stopping reflector" type="*v1.PersistentVolumeClaim" resyncPeriod="0s" reflector="k8s.io/client-go/informers/factory.go:161"
I0606 04:19:12.693558       1 tlsconfig.go:258] "Shutting down DynamicServingCertificateController"
I0606 04:19:12.693598       1 secure_serving.go:259] Stopped listening on [::]:10258
