I0606 14:49:57.688326       1 feature_gate.go:466] feature gates: {map[]}
I0606 14:49:57.869926       1 secure_serving.go:57] Forcing use of http/1.1 only
I0606 14:49:57.870339       1 named_certificates.go:53] "Loaded SNI cert" index=0 certName="self-signed loopback" certDetail="\"apiserver-loopback-client@1780757397\" [serving] validServingFor=[apiserver-loopback-client] issuer=\"apiserver-loopback-client-ca@1780757397\" (2026-06-06 13:49:57 +0000 UTC to 2029-06-06 13:49:57 +0000 UTC (now=2026-06-06 14:49:57.870297905 +0000 UTC))"
I0606 14:49:57.870399       1 secure_serving.go:211] Serving securely on [::]:10258
I0606 14:49:57.870418       1 tracing.go:88] Did not find a trace collector endpoint defined. Switching to NoopTraceProvider
I0606 14:49:57.870460       1 tlsconfig.go:243] "Starting DynamicServingCertificateController"
I0606 14:49:57.870911       1 envvar.go:172] "Feature gate default state" feature="WatchListClient" enabled=true
I0606 14:49:57.870935       1 envvar.go:172] "Feature gate default state" feature="ClientsAllowCBOR" enabled=false
I0606 14:49:57.870942       1 envvar.go:172] "Feature gate default state" feature="ClientsPreferCBOR" enabled=false
I0606 14:49:57.870954       1 envvar.go:172] "Feature gate default state" feature="InOrderInformers" enabled=true
I0606 14:49:57.871001       1 envvar.go:172] "Feature gate default state" feature="InOrderInformersBatchProcess" enabled=true
I0606 14:49:57.871009       1 envvar.go:172] "Feature gate default state" feature="InformerResourceVersion" enabled=true
W0606 14:49:57.879431       1 descheduler.go:333] failed to convert Descheduler minor version '' to float: strconv.ParseFloat: parsing "": invalid syntax
I0606 14:49:57.889799       1 reflector.go:367] "Starting reflector" type="*v1.Node" resyncPeriod="0s" reflector="k8s.io/client-go/informers/factory.go:161"
I0606 14:49:57.889891       1 reflector.go:411] "Listing and watching" type="*v1.Node" reflector="k8s.io/client-go/informers/factory.go:161"
I0606 14:49:57.890013       1 reflector.go:367] "Starting reflector" type="*v1.PersistentVolumeClaim" resyncPeriod="0s" reflector="k8s.io/client-go/informers/factory.go:161"
I0606 14:49:57.890027       1 reflector.go:411] "Listing and watching" type="*v1.PersistentVolumeClaim" reflector="k8s.io/client-go/informers/factory.go:161"
I0606 14:49:57.889825       1 reflector.go:367] "Starting reflector" type="*v1.Pod" resyncPeriod="0s" reflector="k8s.io/client-go/informers/factory.go:161"
I0606 14:49:57.890129       1 reflector.go:411] "Listing and watching" type="*v1.Pod" reflector="k8s.io/client-go/informers/factory.go:161"
I0606 14:49:57.894976       1 reflector.go:978] "Exiting watch because received the bookmark that marks the end of initial events stream" reflector="k8s.io/client-go/informers/factory.go:161" totalItems=1 duration="4.92848ms"
I0606 14:49:57.895013       1 reflector.go:446] "Caches populated" type="*v1.PersistentVolumeClaim" reflector="k8s.io/client-go/informers/factory.go:161"
I0606 14:49:57.895742       1 reflector.go:978] "Exiting watch because received the bookmark that marks the end of initial events stream" reflector="k8s.io/client-go/informers/factory.go:161" totalItems=8 duration="5.818442ms"
I0606 14:49:57.895786       1 reflector.go:446] "Caches populated" type="*v1.Node" reflector="k8s.io/client-go/informers/factory.go:161"
I0606 14:49:57.899271       1 reflector.go:978] "Exiting watch because received the bookmark that marks the end of initial events stream" reflector="k8s.io/client-go/informers/factory.go:161" totalItems=28 duration="9.122244ms"
I0606 14:49:57.899343       1 reflector.go:446] "Caches populated" type="*v1.Pod" reflector="k8s.io/client-go/informers/factory.go:161"
I0606 14:49:57.990969       1 descheduler.go:235] Resetting pod evictor counters
I0606 14:49:57.991148       1 resourcedefragmentation.go:178] "Starting resource defragmentation balance pass" plugin="ResourceDefragmentation" ExtensionPoint="Balance" nodeCount=7
I0606 14:49:57.991692       1 resourcedefragmentation.go:219] "Node state" plugin="ResourceDefragmentation" ExtensionPoint="Balance" node="ip-172-31-6-144" avgUtilization=0.05581115171122249 minUtilization=0.05 binScore=0.5220944241443888 usageSource="requests"
I0606 14:49:57.991889       1 resourcedefragmentation.go:185] "Skipping control-plane node" plugin="ResourceDefragmentation" ExtensionPoint="Balance" node="ip-172-31-84-108"
I0606 14:49:57.992042       1 resourcedefragmentation.go:219] "Node state" plugin="ResourceDefragmentation" ExtensionPoint="Balance" node="ip-172-31-1-245" avgUtilization=0.3928663275280114 minUtilization=0.305 binScore=0.6085668362359943 usageSource="requests"
I0606 14:49:57.992067       1 resourcedefragmentation.go:219] "Node state" plugin="ResourceDefragmentation" ExtensionPoint="Balance" node="ip-172-31-16-198" avgUtilization=0.40545953908886523 minUtilization=0.11091907817773049 binScore=0.4081893086332979 usageSource="requests"
I0606 14:49:57.992092       1 resourcedefragmentation.go:219] "Node state" plugin="ResourceDefragmentation" ExtensionPoint="Balance" node="ip-172-31-19-34" avgUtilization=0.4158906219911419 minUtilization=0.08 binScore=0.372054689004429 usageSource="requests"
I0606 14:49:57.992110       1 resourcedefragmentation.go:219] "Node state" plugin="ResourceDefragmentation" ExtensionPoint="Balance" node="ip-172-31-3-39" avgUtilization=0.6889177739264394 minUtilization=0.6778355478528789 binScore=0.8333766608896591 usageSource="requests"
I0606 14:49:57.992124       1 resourcedefragmentation.go:219] "Node state" plugin="ResourceDefragmentation" ExtensionPoint="Balance" node="ip-172-31-31-146" avgUtilization=0.05581100337958193 minUtilization=0.05 binScore=0.522094498310209 usageSource="requests"
I0606 14:49:57.992152       1 resourcedefragmentation.go:257] "Node is a drain candidate" plugin="ResourceDefragmentation" ExtensionPoint="Balance" node="ip-172-31-1-245" avgUtilization=0.3928663275280114 binScore=0.6085668362359943 imbalanceIndex=-0.17573265505602287 freeSpaceIndex=0.36089080473606405 priority=1.4733269524589425
I0606 14:49:57.992165       1 resourcedefragmentation.go:257] "Node is a drain candidate" plugin="ResourceDefragmentation" ExtensionPoint="Balance" node="ip-172-31-19-34" avgUtilization=0.4158906219911419 binScore=0.372054689004429 imbalanceIndex=-0.6717812439822839 freeSpaceIndex=0.22836125553629885 priority=2.5254038938761436
I0606 14:49:57.992183       1 resourcedefragmentation.go:280] "Draining under-utilized node" plugin="ResourceDefragmentation" ExtensionPoint="Balance" node="ip-172-31-19-34" priority=2.5254038938761436
I0606 14:49:57.992202       1 resourcedefragmentation.go:298] "Eviction decision" plugin="ResourceDefragmentation" ExtensionPoint="Balance" pod="defrag-exp/s6c3-memskew-34-b87f75f6b-5df5k" originNode="ip-172-31-19-34" predictedTarget="ip-172-31-16-198"
I0606 14:49:58.026376       1 evictions.go:558] "Evicted pod" pod="defrag-exp/s6c3-memskew-34-b87f75f6b-5df5k" reason="" strategy="ResourceDefragmentation" node="ip-172-31-19-34" profile="default"
I0606 14:49:58.026461       1 resourcedefragmentation.go:280] "Draining under-utilized node" plugin="ResourceDefragmentation" ExtensionPoint="Balance" node="ip-172-31-1-245" priority=1.4733269524589425
I0606 14:49:58.026493       1 resourcedefragmentation.go:298] "Eviction decision" plugin="ResourceDefragmentation" ExtensionPoint="Balance" pod="defrag-exp/s6c3-bal-245-646d7f76db-lvz4s" originNode="ip-172-31-1-245" predictedTarget="ip-172-31-3-39"
E0606 14:49:58.029679       1 event_broadcaster.go:270] "Server rejected event (will not retry!)" err="events.events.k8s.io is forbidden: User \"system:serviceaccount:kube-system:descheduler\" cannot create resource \"events\" in API group \"events.k8s.io\" in the namespace \"defrag-exp\"" event="&Event{ObjectMeta:{s6c3-memskew-34-b87f75f6b-5df5k.18b6856b2c837aa3  defrag-exp    0 0001-01-01 00:00:00 +0000 UTC <nil> <nil> map[] map[] [] [] []},EventTime:2026-06-06 14:49:58.026394373 +0000 UTC m=+0.372928410,Series:nil,ReportingController:sigs.k8s.io.descheduler,ReportingInstance:sigs.k8s.io.descheduler-descheduler-job-s4np6,Action:Descheduled,Reason:ResourceDefragmentation,Regarding:{Pod defrag-exp s6c3-memskew-34-b87f75f6b-5df5k 9f28dcd6-316a-4018-b64e-94456ab337f5 v1 288066 },Related:nil,Note:pod eviction from ip-172-31-19-34 node by sigs.k8s.io/descheduler,Type:Normal,DeprecatedSource:{ },DeprecatedFirstTimestamp:0001-01-01 00:00:00 +0000 UTC,DeprecatedLastTimestamp:0001-01-01 00:00:00 +0000 UTC,DeprecatedCount:0,}"
I0606 14:49:58.128604       1 evictions.go:558] "Evicted pod" pod="defrag-exp/s6c3-bal-245-646d7f76db-lvz4s" reason="" strategy="ResourceDefragmentation" node="ip-172-31-1-245" profile="default"
I0606 14:49:58.128703       1 resourcedefragmentation.go:294] "No feasible scheduler target within ceiling; leaving pod in place" plugin="ResourceDefragmentation" ExtensionPoint="Balance" pod="defrag-exp/s6c3-membig-245-5749565466-f8f8d" originNode="ip-172-31-1-245"
I0606 14:49:58.128727       1 resourcedefragmentation.go:294] "No feasible scheduler target within ceiling; leaving pod in place" plugin="ResourceDefragmentation" ExtensionPoint="Balance" pod="defrag-exp/s6c3-cpubig-245-5d4fc7c5bf-b76w5" originNode="ip-172-31-1-245"
I0606 14:49:58.128761       1 profile.go:425] "Total number of evictions/requests" extension point="Balance" evictedPods=2 evictionRequests=0
I0606 14:49:58.128788       1 descheduler.go:252] "Number of evictions/requests" totalEvicted=2 evictionRequests=0
E0606 14:49:58.129211       1 event_broadcaster.go:279] "Unable to write event (may retry after sleeping)" err="client rate limiter Wait returned an error: context canceled"
I0606 14:49:58.129405       1 reflector.go:373] "Stopping reflector" type="*v1.Pod" resyncPeriod="0s" reflector="k8s.io/client-go/informers/factory.go:161"
I0606 14:49:58.129511       1 reflector.go:373] "Stopping reflector" type="*v1.Node" resyncPeriod="0s" reflector="k8s.io/client-go/informers/factory.go:161"
I0606 14:49:58.129651       1 reflector.go:373] "Stopping reflector" type="*v1.PersistentVolumeClaim" resyncPeriod="0s" reflector="k8s.io/client-go/informers/factory.go:161"
I0606 14:49:58.130034       1 tlsconfig.go:258] "Shutting down DynamicServingCertificateController"
I0606 14:49:58.130109       1 secure_serving.go:259] Stopped listening on [::]:10258
