I0602 00:10:23.179535       1 feature_gate.go:466] feature gates: {map[]}
I0602 00:10:23.410715       1 secure_serving.go:57] Forcing use of http/1.1 only
I0602 00:10:23.416106       1 named_certificates.go:53] "Loaded SNI cert" index=0 certName="self-signed loopback" certDetail="\"apiserver-loopback-client@1780359023\" [serving] validServingFor=[apiserver-loopback-client] issuer=\"apiserver-loopback-client-ca@1780359023\" (2026-06-01 23:10:23 +0000 UTC to 2029-06-01 23:10:23 +0000 UTC (now=2026-06-02 00:10:23.411406938 +0000 UTC))"
I0602 00:10:23.416270       1 tlsconfig.go:243] "Starting DynamicServingCertificateController"
I0602 00:10:23.417383       1 secure_serving.go:211] Serving securely on [::]:10258
I0602 00:10:23.419551       1 tracing.go:88] Did not find a trace collector endpoint defined. Switching to NoopTraceProvider
I0602 00:10:23.423086       1 envvar.go:172] "Feature gate default state" feature="InOrderInformersBatchProcess" enabled=true
I0602 00:10:23.423113       1 envvar.go:172] "Feature gate default state" feature="InformerResourceVersion" enabled=true
I0602 00:10:23.423120       1 envvar.go:172] "Feature gate default state" feature="WatchListClient" enabled=true
I0602 00:10:23.423126       1 envvar.go:172] "Feature gate default state" feature="ClientsAllowCBOR" enabled=false
I0602 00:10:23.423133       1 envvar.go:172] "Feature gate default state" feature="ClientsPreferCBOR" enabled=false
I0602 00:10:23.423141       1 envvar.go:172] "Feature gate default state" feature="InOrderInformers" enabled=true
W0602 00:10:23.468038       1 descheduler.go:333] failed to convert Descheduler minor version '' to float: strconv.ParseFloat: parsing "": invalid syntax
I0602 00:10:23.481313       1 reflector.go:367] "Starting reflector" type="*v1.Pod" resyncPeriod="0s" reflector="k8s.io/client-go/informers/factory.go:161"
I0602 00:10:23.481313       1 reflector.go:367] "Starting reflector" type="*v1.Node" resyncPeriod="0s" reflector="k8s.io/client-go/informers/factory.go:161"
I0602 00:10:23.481354       1 reflector.go:411] "Listing and watching" type="*v1.Pod" reflector="k8s.io/client-go/informers/factory.go:161"
I0602 00:10:23.481353       1 reflector.go:411] "Listing and watching" type="*v1.Node" reflector="k8s.io/client-go/informers/factory.go:161"
I0602 00:10:23.482690       1 reflector.go:367] "Starting reflector" type="*v1.PersistentVolumeClaim" resyncPeriod="0s" reflector="k8s.io/client-go/informers/factory.go:161"
I0602 00:10:23.482710       1 reflector.go:411] "Listing and watching" type="*v1.PersistentVolumeClaim" reflector="k8s.io/client-go/informers/factory.go:161"
I0602 00:10:23.491405       1 reflector.go:446] "Caches populated" type="*v1.PersistentVolumeClaim" reflector="k8s.io/client-go/informers/factory.go:161"
I0602 00:10:23.501961       1 reflector.go:446] "Caches populated" type="*v1.Node" reflector="k8s.io/client-go/informers/factory.go:161"
I0602 00:10:23.508011       1 reflector.go:446] "Caches populated" type="*v1.Pod" reflector="k8s.io/client-go/informers/factory.go:161"
I0602 00:10:23.582706       1 descheduler.go:235] Resetting pod evictor counters
I0602 00:10:23.582796       1 resourcedefragmentation.go:147] "Starting resource defragmentation balance pass" plugin="ResourceDefragmentation" ExtensionPoint="Balance" nodeCount=7
I0602 00:10:23.582866       1 resourcedefragmentation.go:188] "Node state" plugin="ResourceDefragmentation" ExtensionPoint="Balance" node="ip-172-31-19-34" avgUtilization=0.3040542752468479 minUtilization=0.3 binScore=0.6479728623765761 usageSource="requests"
I0602 00:10:23.582895       1 resourcedefragmentation.go:188] "Node state" plugin="ResourceDefragmentation" ExtensionPoint="Balance" node="ip-172-31-3-39" avgUtilization=0.3040542752468479 minUtilization=0.3 binScore=0.6479728623765761 usageSource="requests"
I0602 00:10:23.582917       1 resourcedefragmentation.go:188] "Node state" plugin="ResourceDefragmentation" ExtensionPoint="Balance" node="ip-172-31-31-146" avgUtilization=0.304053533602927 minUtilization=0.3 binScore=0.6479732331985364 usageSource="requests"
I0602 00:10:23.582933       1 resourcedefragmentation.go:188] "Node state" plugin="ResourceDefragmentation" ExtensionPoint="Balance" node="ip-172-31-6-144" avgUtilization=0.3040527919661469 minUtilization=0.3 binScore=0.6479736040169265 usageSource="requests"
I0602 00:10:23.582944       1 resourcedefragmentation.go:154] "Skipping control-plane node" plugin="ResourceDefragmentation" ExtensionPoint="Balance" node="ip-172-31-84-108"
I0602 00:10:23.582958       1 resourcedefragmentation.go:188] "Node state" plugin="ResourceDefragmentation" ExtensionPoint="Balance" node="ip-172-31-1-245" avgUtilization=0.3040542752468479 minUtilization=0.3 binScore=0.6479728623765761 usageSource="requests"
I0602 00:10:23.582973       1 resourcedefragmentation.go:188] "Node state" plugin="ResourceDefragmentation" ExtensionPoint="Balance" node="ip-172-31-16-198" avgUtilization=0.3040542752468479 minUtilization=0.3 binScore=0.6479728623765761 usageSource="requests"
I0602 00:10:23.583008       1 resourcedefragmentation.go:226] "Node is a drain candidate" plugin="ResourceDefragmentation" ExtensionPoint="Balance" node="ip-172-31-19-34" avgUtilization=0.3040542752468479 binScore=0.6479728623765761 imbalanceIndex=-0.008108550493695799 freeSpaceIndex=0.48432401465441294 priority=1.036421006542499
I0602 00:10:23.583029       1 resourcedefragmentation.go:226] "Node is a drain candidate" plugin="ResourceDefragmentation" ExtensionPoint="Balance" node="ip-172-31-3-39" avgUtilization=0.3040542752468479 binScore=0.6479728623765761 imbalanceIndex=-0.008108550493695799 freeSpaceIndex=0.48432401465441294 priority=1.036421006542499
I0602 00:10:23.583048       1 resourcedefragmentation.go:226] "Node is a drain candidate" plugin="ResourceDefragmentation" ExtensionPoint="Balance" node="ip-172-31-31-146" avgUtilization=0.304053533602927 binScore=0.6479732331985364 imbalanceIndex=-0.008107067205854024 freeSpaceIndex=0.48432505295590217 priority=1.036418051699183
I0602 00:10:23.583067       1 resourcedefragmentation.go:226] "Node is a drain candidate" plugin="ResourceDefragmentation" ExtensionPoint="Balance" node="ip-172-31-6-144" avgUtilization=0.3040527919661469 binScore=0.6479736040169265 imbalanceIndex=-0.008105583932293825 freeSpaceIndex=0.4843260912473943 priority=1.036415096893806
I0602 00:10:23.583088       1 resourcedefragmentation.go:226] "Node is a drain candidate" plugin="ResourceDefragmentation" ExtensionPoint="Balance" node="ip-172-31-1-245" avgUtilization=0.3040542752468479 binScore=0.6479728623765761 imbalanceIndex=-0.008108550493695799 freeSpaceIndex=0.48432401465441294 priority=1.036421006542499
I0602 00:10:23.583107       1 resourcedefragmentation.go:226] "Node is a drain candidate" plugin="ResourceDefragmentation" ExtensionPoint="Balance" node="ip-172-31-16-198" avgUtilization=0.3040542752468479 binScore=0.6479728623765761 imbalanceIndex=-0.008108550493695799 freeSpaceIndex=0.48432401465441294 priority=1.036421006542499
I0602 00:10:23.583171       1 resourcedefragmentation.go:249] "Draining under-utilized node" plugin="ResourceDefragmentation" ExtensionPoint="Balance" node="ip-172-31-19-34" priority=1.036421006542499
I0602 00:10:23.583237       1 resourcedefragmentation.go:735] "Candidate score inputs" plugin="ResourceDefragmentation" pod="defrag-exp/s1-fill-34-65d8fd768c-lhm7m" originNode="ip-172-31-19-34" c1=-0.000001780414503119157 c2=0.7109130456236972 c3=0.18816225285120763 c4=0
I0602 00:10:23.583303       1 resourcedefragmentation.go:735] "Candidate score inputs" plugin="ResourceDefragmentation" pod="defrag-exp/s1-fill-34-65d8fd768c-ps6g8" originNode="ip-172-31-19-34" c1=-0.000001780414503119157 c2=0.7109130456236972 c3=0.18816225285120763 c4=0
I0602 00:10:23.583455       1 resourcedefragmentation.go:267] "Eviction decision" plugin="ResourceDefragmentation" ExtensionPoint="Balance" pod="defrag-exp/s1-fill-34-65d8fd768c-lhm7m" originNode="ip-172-31-19-34" predictedTarget="ip-172-31-6-144"
I0602 00:10:23.616808       1 evictions.go:558] "Evicted pod" pod="defrag-exp/s1-fill-34-65d8fd768c-lhm7m" reason="" strategy="ResourceDefragmentation" node="ip-172-31-19-34" profile="default"
I0602 00:10:23.617397       1 resourcedefragmentation.go:735] "Candidate score inputs" plugin="ResourceDefragmentation" pod="defrag-exp/s1-fill-34-65d8fd768c-ps6g8" originNode="ip-172-31-19-34" c1=-0.000002166111078447549 c2=0.7738524872304677 c3=0.2189731079005772 c4=0
I0602 00:10:23.617433       1 resourcedefragmentation.go:267] "Eviction decision" plugin="ResourceDefragmentation" ExtensionPoint="Balance" pod="defrag-exp/s1-fill-34-65d8fd768c-ps6g8" originNode="ip-172-31-19-34" predictedTarget="ip-172-31-6-144"
E0602 00:10:23.622209       1 event_broadcaster.go:270] "Server rejected event (will not retry!)" err="events.events.k8s.io is forbidden: User \"system:serviceaccount:kube-system:descheduler\" cannot create resource \"events\" in API group \"events.k8s.io\" in the namespace \"defrag-exp\"" event="&Event{ObjectMeta:{s1-fill-34-65d8fd768c-lhm7m.18b51b19675f2c7f  defrag-exp    0 0001-01-01 00:00:00 +0000 UTC <nil> <nil> map[] map[] [] [] []},EventTime:2026-06-02 00:10:23.616825112 +0000 UTC m=+0.676407364,Series:nil,ReportingController:sigs.k8s.io.descheduler,ReportingInstance:sigs.k8s.io.descheduler-descheduler-job-fssx2,Action:Descheduled,Reason:ResourceDefragmentation,Regarding:{Pod defrag-exp s1-fill-34-65d8fd768c-lhm7m 7060e93c-855e-43cc-9c4e-9d0d8cbcbcb4 v1 202452 },Related:nil,Note:pod eviction from ip-172-31-19-34 node by sigs.k8s.io/descheduler,Type:Normal,DeprecatedSource:{ },DeprecatedFirstTimestamp:0001-01-01 00:00:00 +0000 UTC,DeprecatedLastTimestamp:0001-01-01 00:00:00 +0000 UTC,DeprecatedCount:0,}"
I0602 00:10:23.714105       1 evictions.go:558] "Evicted pod" pod="defrag-exp/s1-fill-34-65d8fd768c-ps6g8" reason="" strategy="ResourceDefragmentation" node="ip-172-31-19-34" profile="default"
I0602 00:10:23.714165       1 resourcedefragmentation.go:249] "Draining under-utilized node" plugin="ResourceDefragmentation" ExtensionPoint="Balance" node="ip-172-31-3-39" priority=1.036421006542499
I0602 00:10:23.714200       1 resourcedefragmentation.go:735] "Candidate score inputs" plugin="ResourceDefragmentation" pod="defrag-exp/s1-fill-39-7d47c6f544-gx6wd" originNode="ip-172-31-3-39" c1=-0.000001780414503119157 c2=0.8367919288372385 c3=0.18816225285120763 c4=0
I0602 00:10:23.714218       1 resourcedefragmentation.go:735] "Candidate score inputs" plugin="ResourceDefragmentation" pod="defrag-exp/s1-fill-39-7d47c6f544-rsppv" originNode="ip-172-31-3-39" c1=-0.000001780414503119157 c2=0.8367919288372385 c3=0.18816225285120763 c4=0
I0602 00:10:23.714242       1 resourcedefragmentation.go:267] "Eviction decision" plugin="ResourceDefragmentation" ExtensionPoint="Balance" pod="defrag-exp/s1-fill-39-7d47c6f544-gx6wd" originNode="ip-172-31-3-39" predictedTarget="ip-172-31-6-144"
E0602 00:10:23.719726       1 event_broadcaster.go:270] "Server rejected event (will not retry!)" err="events.events.k8s.io is forbidden: User \"system:serviceaccount:kube-system:descheduler\" cannot create resource \"events\" in API group \"events.k8s.io\" in the namespace \"defrag-exp\"" event="&Event{ObjectMeta:{s1-fill-34-65d8fd768c-ps6g8.18b51b196d2451ae  defrag-exp    0 0001-01-01 00:00:00 +0000 UTC <nil> <nil> map[] map[] [] [] []},EventTime:2026-06-02 00:10:23.714120563 +0000 UTC m=+0.773702813,Series:nil,ReportingController:sigs.k8s.io.descheduler,ReportingInstance:sigs.k8s.io.descheduler-descheduler-job-fssx2,Action:Descheduled,Reason:ResourceDefragmentation,Regarding:{Pod defrag-exp s1-fill-34-65d8fd768c-ps6g8 8effda40-3a56-40eb-a7ab-b13f9dc32718 v1 202454 },Related:nil,Note:pod eviction from ip-172-31-19-34 node by sigs.k8s.io/descheduler,Type:Normal,DeprecatedSource:{ },DeprecatedFirstTimestamp:0001-01-01 00:00:00 +0000 UTC,DeprecatedLastTimestamp:0001-01-01 00:00:00 +0000 UTC,DeprecatedCount:0,}"
I0602 00:10:23.811955       1 evictions.go:558] "Evicted pod" pod="defrag-exp/s1-fill-39-7d47c6f544-gx6wd" reason="" strategy="ResourceDefragmentation" node="ip-172-31-3-39" profile="default"
I0602 00:10:23.812726       1 resourcedefragmentation.go:735] "Candidate score inputs" plugin="ResourceDefragmentation" pod="defrag-exp/s1-fill-39-7d47c6f544-rsppv" originNode="ip-172-31-3-39" c1=-0.000002166111078447549 c2=0.8997313704440091 c3=0.2189731079005772 c4=0
I0602 00:10:23.812769       1 resourcedefragmentation.go:267] "Eviction decision" plugin="ResourceDefragmentation" ExtensionPoint="Balance" pod="defrag-exp/s1-fill-39-7d47c6f544-rsppv" originNode="ip-172-31-3-39" predictedTarget="ip-172-31-6-144"
E0602 00:10:23.825614       1 event_broadcaster.go:270] "Server rejected event (will not retry!)" err="events.events.k8s.io is forbidden: User \"system:serviceaccount:kube-system:descheduler\" cannot create resource \"events\" in API group \"events.k8s.io\" in the namespace \"defrag-exp\"" event="&Event{ObjectMeta:{s1-fill-39-7d47c6f544-gx6wd.18b51b197303e5c5  defrag-exp    0 0001-01-01 00:00:00 +0000 UTC <nil> <nil> map[] map[] [] [] []},EventTime:2026-06-02 00:10:23.812651699 +0000 UTC m=+0.872233953,Series:nil,ReportingController:sigs.k8s.io.descheduler,ReportingInstance:sigs.k8s.io.descheduler-descheduler-job-fssx2,Action:Descheduled,Reason:ResourceDefragmentation,Regarding:{Pod defrag-exp s1-fill-39-7d47c6f544-gx6wd 2a21c055-6d85-4d5f-a8c8-4d2b4f35256e v1 202493 },Related:nil,Note:pod eviction from ip-172-31-3-39 node by sigs.k8s.io/descheduler,Type:Normal,DeprecatedSource:{ },DeprecatedFirstTimestamp:0001-01-01 00:00:00 +0000 UTC,DeprecatedLastTimestamp:0001-01-01 00:00:00 +0000 UTC,DeprecatedCount:0,}"
I0602 00:10:23.910017       1 evictions.go:558] "Evicted pod" pod="defrag-exp/s1-fill-39-7d47c6f544-rsppv" reason="" strategy="ResourceDefragmentation" node="ip-172-31-3-39" profile="default"
I0602 00:10:23.910080       1 resourcedefragmentation.go:249] "Draining under-utilized node" plugin="ResourceDefragmentation" ExtensionPoint="Balance" node="ip-172-31-1-245" priority=1.036421006542499
I0602 00:10:23.910110       1 resourcedefragmentation.go:735] "Candidate score inputs" plugin="ResourceDefragmentation" pod="defrag-exp/s1-fill-245-7659c95b6c-bn6d4" originNode="ip-172-31-1-245" c1=-0.000001780414503119157 c2=0.9619875638476612 c3=0.18816225285120763 c4=0
I0602 00:10:23.910124       1 resourcedefragmentation.go:735] "Candidate score inputs" plugin="ResourceDefragmentation" pod="defrag-exp/s1-fill-245-7659c95b6c-q6fv7" originNode="ip-172-31-1-245" c1=-0.000001780414503119157 c2=0.9619875638476612 c3=0.18816225285120763 c4=0
I0602 00:10:23.910147       1 resourcedefragmentation.go:267] "Eviction decision" plugin="ResourceDefragmentation" ExtensionPoint="Balance" pod="defrag-exp/s1-fill-245-7659c95b6c-bn6d4" originNode="ip-172-31-1-245" predictedTarget="ip-172-31-6-144"
E0602 00:10:23.919502       1 event_broadcaster.go:270] "Server rejected event (will not retry!)" err="events.events.k8s.io is forbidden: User \"system:serviceaccount:kube-system:descheduler\" cannot create resource \"events\" in API group \"events.k8s.io\" in the namespace \"defrag-exp\"" event="&Event{ObjectMeta:{s1-fill-39-7d47c6f544-rsppv.18b51b1978d1d53a  defrag-exp    0 0001-01-01 00:00:00 +0000 UTC <nil> <nil> map[] map[] [] [] []},EventTime:2026-06-02 00:10:23.910040482 +0000 UTC m=+0.969622726,Series:nil,ReportingController:sigs.k8s.io.descheduler,ReportingInstance:sigs.k8s.io.descheduler-descheduler-job-fssx2,Action:Descheduled,Reason:ResourceDefragmentation,Regarding:{Pod defrag-exp s1-fill-39-7d47c6f544-rsppv 56f51c01-12ae-4d98-a149-77676db0c76d v1 202489 },Related:nil,Note:pod eviction from ip-172-31-3-39 node by sigs.k8s.io/descheduler,Type:Normal,DeprecatedSource:{ },DeprecatedFirstTimestamp:0001-01-01 00:00:00 +0000 UTC,DeprecatedLastTimestamp:0001-01-01 00:00:00 +0000 UTC,DeprecatedCount:0,}"
I0602 00:10:24.017580       1 evictions.go:558] "Evicted pod" pod="defrag-exp/s1-fill-245-7659c95b6c-bn6d4" reason="" strategy="ResourceDefragmentation" node="ip-172-31-1-245" profile="default"
I0602 00:10:24.017648       1 resourcedefragmentation.go:735] "Candidate score inputs" plugin="ResourceDefragmentation" pod="defrag-exp/s1-fill-245-7659c95b6c-q6fv7" originNode="ip-172-31-1-245" c1=-0.000002166111078447549 c2=0.7109125264779511 c3=0.2189731079005772 c4=0
I0602 00:10:24.017676       1 resourcedefragmentation.go:267] "Eviction decision" plugin="ResourceDefragmentation" ExtensionPoint="Balance" pod="defrag-exp/s1-fill-245-7659c95b6c-q6fv7" originNode="ip-172-31-1-245" predictedTarget="ip-172-31-31-146"
E0602 00:10:24.019986       1 event_broadcaster.go:270] "Server rejected event (will not retry!)" err="events.events.k8s.io is forbidden: User \"system:serviceaccount:kube-system:descheduler\" cannot create resource \"events\" in API group \"events.k8s.io\" in the namespace \"defrag-exp\"" event="&Event{ObjectMeta:{s1-fill-245-7659c95b6c-bn6d4.18b51b197f3b2580  defrag-exp    0 0001-01-01 00:00:00 +0000 UTC <nil> <nil> map[] map[] [] [] []},EventTime:2026-06-02 00:10:24.017605173 +0000 UTC m=+1.077187417,Series:nil,ReportingController:sigs.k8s.io.descheduler,ReportingInstance:sigs.k8s.io.descheduler-descheduler-job-fssx2,Action:Descheduled,Reason:ResourceDefragmentation,Regarding:{Pod defrag-exp s1-fill-245-7659c95b6c-bn6d4 e358253b-f47c-4090-af97-edab8fa9c0a9 v1 202372 },Related:nil,Note:pod eviction from ip-172-31-1-245 node by sigs.k8s.io/descheduler,Type:Normal,DeprecatedSource:{ },DeprecatedFirstTimestamp:0001-01-01 00:00:00 +0000 UTC,DeprecatedLastTimestamp:0001-01-01 00:00:00 +0000 UTC,DeprecatedCount:0,}"
I0602 00:10:24.110691       1 evictions.go:558] "Evicted pod" pod="defrag-exp/s1-fill-245-7659c95b6c-q6fv7" reason="" strategy="ResourceDefragmentation" node="ip-172-31-1-245" profile="default"
I0602 00:10:24.110744       1 resourcedefragmentation.go:249] "Draining under-utilized node" plugin="ResourceDefragmentation" ExtensionPoint="Balance" node="ip-172-31-16-198" priority=1.036421006542499
I0602 00:10:24.110772       1 resourcedefragmentation.go:735] "Candidate score inputs" plugin="ResourceDefragmentation" pod="defrag-exp/s1-fill-198-6f65649bd4-rnzh5" originNode="ip-172-31-16-198" c1=-0.000001780414503119157 c2=0.7738518197573657 c3=0.18816225285120763 c4=0
I0602 00:10:24.110787       1 resourcedefragmentation.go:735] "Candidate score inputs" plugin="ResourceDefragmentation" pod="defrag-exp/s1-fill-198-6f65649bd4-pwfgc" originNode="ip-172-31-16-198" c1=-0.000001780414503119157 c2=0.7738518197573657 c3=0.18816225285120763 c4=0
I0602 00:10:24.110806       1 resourcedefragmentation.go:267] "Eviction decision" plugin="ResourceDefragmentation" ExtensionPoint="Balance" pod="defrag-exp/s1-fill-198-6f65649bd4-rnzh5" originNode="ip-172-31-16-198" predictedTarget="ip-172-31-31-146"
E0602 00:10:24.113892       1 event_broadcaster.go:270] "Server rejected event (will not retry!)" err="events.events.k8s.io is forbidden: User \"system:serviceaccount:kube-system:descheduler\" cannot create resource \"events\" in API group \"events.k8s.io\" in the namespace \"defrag-exp\"" event="&Event{ObjectMeta:{s1-fill-245-7659c95b6c-q6fv7.18b51b1984c7c537  defrag-exp    0 0001-01-01 00:00:00 +0000 UTC <nil> <nil> map[] map[] [] [] []},EventTime:2026-06-02 00:10:24.110709585 +0000 UTC m=+1.170291829,Series:nil,ReportingController:sigs.k8s.io.descheduler,ReportingInstance:sigs.k8s.io.descheduler-descheduler-job-fssx2,Action:Descheduled,Reason:ResourceDefragmentation,Regarding:{Pod defrag-exp s1-fill-245-7659c95b6c-q6fv7 5ae3a590-bd8a-42ea-aaca-a7b3d8a3c73b v1 202374 },Related:nil,Note:pod eviction from ip-172-31-1-245 node by sigs.k8s.io/descheduler,Type:Normal,DeprecatedSource:{ },DeprecatedFirstTimestamp:0001-01-01 00:00:00 +0000 UTC,DeprecatedLastTimestamp:0001-01-01 00:00:00 +0000 UTC,DeprecatedCount:0,}"
I0602 00:10:24.214064       1 evictions.go:558] "Evicted pod" pod="defrag-exp/s1-fill-198-6f65649bd4-rnzh5" reason="" strategy="ResourceDefragmentation" node="ip-172-31-16-198" profile="default"
I0602 00:10:24.214133       1 resourcedefragmentation.go:735] "Candidate score inputs" plugin="ResourceDefragmentation" pod="defrag-exp/s1-fill-198-6f65649bd4-pwfgc" originNode="ip-172-31-16-198" c1=-0.000002166111078447549 c2=0.8367911130367802 c3=0.2189731079005772 c4=0
I0602 00:10:24.214165       1 resourcedefragmentation.go:267] "Eviction decision" plugin="ResourceDefragmentation" ExtensionPoint="Balance" pod="defrag-exp/s1-fill-198-6f65649bd4-pwfgc" originNode="ip-172-31-16-198" predictedTarget="ip-172-31-31-146"
E0602 00:10:24.218579       1 event_broadcaster.go:270] "Server rejected event (will not retry!)" err="events.events.k8s.io is forbidden: User \"system:serviceaccount:kube-system:descheduler\" cannot create resource \"events\" in API group \"events.k8s.io\" in the namespace \"defrag-exp\"" event="&Event{ObjectMeta:{s1-fill-198-6f65649bd4-rnzh5.18b51b198af146e3  defrag-exp    0 0001-01-01 00:00:00 +0000 UTC <nil> <nil> map[] map[] [] [] []},EventTime:2026-06-02 00:10:24.214088873 +0000 UTC m=+1.273671118,Series:nil,ReportingController:sigs.k8s.io.descheduler,ReportingInstance:sigs.k8s.io.descheduler-descheduler-job-fssx2,Action:Descheduled,Reason:ResourceDefragmentation,Regarding:{Pod defrag-exp s1-fill-198-6f65649bd4-rnzh5 8046f778-3432-48bd-9767-64385c36866f v1 202409 },Related:nil,Note:pod eviction from ip-172-31-16-198 node by sigs.k8s.io/descheduler,Type:Normal,DeprecatedSource:{ },DeprecatedFirstTimestamp:0001-01-01 00:00:00 +0000 UTC,DeprecatedLastTimestamp:0001-01-01 00:00:00 +0000 UTC,DeprecatedCount:0,}"
I0602 00:10:24.321160       1 evictions.go:558] "Evicted pod" pod="defrag-exp/s1-fill-198-6f65649bd4-pwfgc" reason="" strategy="ResourceDefragmentation" node="ip-172-31-16-198" profile="default"
I0602 00:10:24.321221       1 resourcedefragmentation.go:246] "Skipping node now serving as a bin" plugin="ResourceDefragmentation" ExtensionPoint="Balance" node="ip-172-31-31-146"
I0602 00:10:24.321238       1 resourcedefragmentation.go:246] "Skipping node now serving as a bin" plugin="ResourceDefragmentation" ExtensionPoint="Balance" node="ip-172-31-6-144"
I0602 00:10:24.321278       1 profile.go:425] "Total number of evictions/requests" extension point="Balance" evictedPods=8 evictionRequests=0
I0602 00:10:24.321352       1 descheduler.go:252] "Number of evictions/requests" totalEvicted=8 evictionRequests=0
E0602 00:10:24.327649       1 event_broadcaster.go:279] "Unable to write event (may retry after sleeping)" err="client rate limiter Wait returned an error: context canceled"
I0602 00:10:24.327757       1 reflector.go:373] "Stopping reflector" type="*v1.Pod" resyncPeriod="0s" reflector="k8s.io/client-go/informers/factory.go:161"
I0602 00:10:24.327786       1 reflector.go:373] "Stopping reflector" type="*v1.Node" resyncPeriod="0s" reflector="k8s.io/client-go/informers/factory.go:161"
I0602 00:10:24.327938       1 reflector.go:373] "Stopping reflector" type="*v1.PersistentVolumeClaim" resyncPeriod="0s" reflector="k8s.io/client-go/informers/factory.go:161"
I0602 00:10:24.328459       1 secure_serving.go:259] Stopped listening on [::]:10258
