namespace/actual-usage-exp created
deployment.apps/workload-destination-1 created
deployment.apps/workload-destination-2 created
deployment.apps/workload-destination-3 created
deployment.apps/workload-idle-source-1 created
deployment.apps/workload-idle-source-2 created
deployment.apps/workload-api created
deployment.apps/workload-api-fallback created
service/workload-api created
poddisruptionbudget.policy/workload created
deployment.apps/workload-api condition met
deployment.apps/workload-api-fallback condition met
deployment.apps/workload-destination-1 condition met
deployment.apps/workload-destination-2 condition met
deployment.apps/workload-destination-3 condition met
deployment.apps/workload-idle-source-1 condition met
deployment.apps/workload-idle-source-2 condition met
{
  "api_pod": "workload-api-6bb6488d57-vpz65",
  "busy_source": "worker-6",
  "destinations": [
    "worker-1",
    "worker-2",
    "worker-3"
  ],
  "experiment_pods": 9,
  "node_details": {
    "worker-1": {
      "cpu_fraction": 0.075,
      "experiment_pods": [
        "workload-destination-1-547b7db457-xrh5z"
      ],
      "memory_fraction": 0.123652,
      "overutilized": false,
      "underutilized": true
    },
    "worker-2": {
      "cpu_fraction": 0.075,
      "experiment_pods": [
        "workload-destination-2-868fd7d4d-56v5h"
      ],
      "memory_fraction": 0.123652,
      "overutilized": false,
      "underutilized": true
    },
    "worker-3": {
      "cpu_fraction": 0.075,
      "experiment_pods": [
        "workload-destination-3-69c558f7f5-dj9mj"
      ],
      "memory_fraction": 0.123652,
      "overutilized": false,
      "underutilized": true
    },
    "worker-4": {
      "cpu_fraction": 0.1,
      "experiment_pods": [
        "workload-idle-source-1-686899d487-njj2h",
        "workload-idle-source-1-686899d487-rsvx4"
      ],
      "memory_fraction": 0.556441,
      "overutilized": true,
      "underutilized": false
    },
    "worker-5": {
      "cpu_fraction": 0.1,
      "experiment_pods": [
        "workload-idle-source-2-5b6d84f756-6r85l",
        "workload-idle-source-2-5b6d84f756-qthpp"
      ],
      "memory_fraction": 0.556436,
      "overutilized": true,
      "underutilized": false
    },
    "worker-6": {
      "cpu_fraction": 0.1,
      "experiment_pods": [
        "workload-api-6bb6488d57-vpz65",
        "workload-api-fallback-cdfb4b6c7-7rjdf"
      ],
      "memory_fraction": 0.556436,
      "overutilized": true,
      "underutilized": false
    }
  },
  "overutilized_sources": [
    "worker-4",
    "worker-5",
    "worker-6"
  ],
  "sources": [
    "worker-4",
    "worker-5",
    "worker-6"
  ],
  "underutilized_destinations": [
    "worker-1",
    "worker-2",
    "worker-3"
  ]
}
NAME                                      READY   STATUS    RESTARTS   AGE   IP             NODE       NOMINATED NODE   READINESS GATES
workload-destination-1-547b7db457-xrh5z   1/1     Running   0          24s   10.244.1.130   worker-1   <none>           <none>
workload-destination-2-868fd7d4d-56v5h    1/1     Running   0          21s   10.244.2.136   worker-2   <none>           <none>
workload-destination-3-69c558f7f5-dj9mj   1/1     Running   0          18s   10.244.3.88    worker-3   <none>           <none>
workload-idle-source-1-686899d487-njj2h   1/1     Running   0          15s   10.244.4.83    worker-4   <none>           <none>
workload-idle-source-1-686899d487-rsvx4   1/1     Running   0          15s   10.244.4.82    worker-4   <none>           <none>
workload-idle-source-2-5b6d84f756-6r85l   1/1     Running   0          12s   10.244.5.76    worker-5   <none>           <none>
workload-idle-source-2-5b6d84f756-qthpp   1/1     Running   0          12s   10.244.5.77    worker-5   <none>           <none>
workload-api-6bb6488d57-vpz65             1/1     Running   0          8s    10.244.6.45    worker-6   <none>           <none>
workload-api-fallback-cdfb4b6c7-7rjdf     1/1     Running   0          5s    10.244.6.46    worker-6   <none>           <none>
