I0602 00:14:15.561678       1 feature_gate.go:466] feature gates: {map[]}
I0602 00:14:15.743971       1 secure_serving.go:57] Forcing use of http/1.1 only
I0602 00:14:15.744283       1 named_certificates.go:53] "Loaded SNI cert" index=0 certName="self-signed loopback" certDetail="\"apiserver-loopback-client@1780359255\" [serving] validServingFor=[apiserver-loopback-client] issuer=\"apiserver-loopback-client-ca@1780359255\" (2026-06-01 23:14:15 +0000 UTC to 2029-06-01 23:14:15 +0000 UTC (now=2026-06-02 00:14:15.744246614 +0000 UTC))"
I0602 00:14:15.744330       1 secure_serving.go:211] Serving securely on [::]:10258
I0602 00:14:15.744361       1 tracing.go:88] Did not find a trace collector endpoint defined. Switching to NoopTraceProvider
I0602 00:14:15.744660       1 envvar.go:172] "Feature gate default state" feature="ClientsAllowCBOR" enabled=false
I0602 00:14:15.744690       1 envvar.go:172] "Feature gate default state" feature="ClientsPreferCBOR" enabled=false
I0602 00:14:15.744697       1 envvar.go:172] "Feature gate default state" feature="InOrderInformers" enabled=true
I0602 00:14:15.744705       1 envvar.go:172] "Feature gate default state" feature="InOrderInformersBatchProcess" enabled=true
I0602 00:14:15.744712       1 envvar.go:172] "Feature gate default state" feature="InformerResourceVersion" enabled=true
I0602 00:14:15.744719       1 envvar.go:172] "Feature gate default state" feature="WatchListClient" enabled=true
I0602 00:14:15.745467       1 tlsconfig.go:243] "Starting DynamicServingCertificateController"
W0602 00:14:15.753708       1 descheduler.go:333] failed to convert Descheduler minor version '' to float: strconv.ParseFloat: parsing "": invalid syntax
I0602 00:14:15.766143       1 reflector.go:367] "Starting reflector" type="*v1.Pod" resyncPeriod="0s" reflector="k8s.io/client-go/informers/factory.go:161"
I0602 00:14:15.766173       1 reflector.go:411] "Listing and watching" type="*v1.Pod" reflector="k8s.io/client-go/informers/factory.go:161"
I0602 00:14:15.766651       1 reflector.go:367] "Starting reflector" type="*v1.PersistentVolumeClaim" resyncPeriod="0s" reflector="k8s.io/client-go/informers/factory.go:161"
I0602 00:14:15.766673       1 reflector.go:411] "Listing and watching" type="*v1.PersistentVolumeClaim" reflector="k8s.io/client-go/informers/factory.go:161"
I0602 00:14:15.767233       1 reflector.go:367] "Starting reflector" type="*v1.Node" resyncPeriod="0s" reflector="k8s.io/client-go/informers/factory.go:161"
I0602 00:14:15.767254       1 reflector.go:411] "Listing and watching" type="*v1.Node" reflector="k8s.io/client-go/informers/factory.go:161"
I0602 00:14:15.769835       1 reflector.go:446] "Caches populated" type="*v1.PersistentVolumeClaim" reflector="k8s.io/client-go/informers/factory.go:161"
I0602 00:14:15.773963       1 reflector.go:446] "Caches populated" type="*v1.Node" reflector="k8s.io/client-go/informers/factory.go:161"
I0602 00:14:15.775613       1 reflector.go:446] "Caches populated" type="*v1.Pod" reflector="k8s.io/client-go/informers/factory.go:161"
I0602 00:14:15.866268       1 descheduler.go:235] Resetting pod evictor counters
I0602 00:14:15.866364       1 resourcedefragmentation.go:147] "Starting resource defragmentation balance pass" plugin="ResourceDefragmentation" ExtensionPoint="Balance" nodeCount=7
I0602 00:14:15.866462       1 resourcedefragmentation.go:188] "Node state" plugin="ResourceDefragmentation" ExtensionPoint="Balance" node="ip-172-31-6-144" avgUtilization=0.8501857058265654 minUtilization=0.85 binScore=0.9249071470867172 usageSource="requests"
I0602 00:14:15.866539       1 resourcedefragmentation.go:154] "Skipping control-plane node" plugin="ResourceDefragmentation" ExtensionPoint="Balance" node="ip-172-31-84-108"
I0602 00:14:15.866631       1 resourcedefragmentation.go:188] "Node state" plugin="ResourceDefragmentation" ExtensionPoint="Balance" node="ip-172-31-1-245" avgUtilization=0.3040542752468479 minUtilization=0.3 binScore=0.6479728623765761 usageSource="requests"
I0602 00:14:15.866718       1 resourcedefragmentation.go:188] "Node state" plugin="ResourceDefragmentation" ExtensionPoint="Balance" node="ip-172-31-16-198" avgUtilization=0.3040542752468479 minUtilization=0.3 binScore=0.6479728623765761 usageSource="requests"
I0602 00:14:15.866791       1 resourcedefragmentation.go:188] "Node state" plugin="ResourceDefragmentation" ExtensionPoint="Balance" node="ip-172-31-19-34" avgUtilization=0.4554595390888653 minUtilization=0.11091907817773049 binScore=0.38318930863329786 usageSource="requests"
I0602 00:14:15.866831       1 resourcedefragmentation.go:188] "Node state" plugin="ResourceDefragmentation" ExtensionPoint="Balance" node="ip-172-31-3-39" avgUtilization=0.4554595390888653 minUtilization=0.11091907817773049 binScore=0.38318930863329786 usageSource="requests"
I0602 00:14:15.866903       1 resourcedefragmentation.go:188] "Node state" plugin="ResourceDefragmentation" ExtensionPoint="Balance" node="ip-172-31-31-146" avgUtilization=0.8501877527440785 minUtilization=0.85 binScore=0.9249061236279608 usageSource="requests"
I0602 00:14:15.866942       1 resourcedefragmentation.go:226] "Node is a drain candidate" plugin="ResourceDefragmentation" ExtensionPoint="Balance" node="ip-172-31-1-245" avgUtilization=0.3040542752468479 binScore=0.6479728623765761 imbalanceIndex=-0.008108550493695799 freeSpaceIndex=0.48432401465441294 priority=1.036421006542499
I0602 00:14:15.867005       1 resourcedefragmentation.go:226] "Node is a drain candidate" plugin="ResourceDefragmentation" ExtensionPoint="Balance" node="ip-172-31-16-198" avgUtilization=0.3040542752468479 binScore=0.6479728623765761 imbalanceIndex=-0.008108550493695799 freeSpaceIndex=0.48432401465441294 priority=1.036421006542499
I0602 00:14:15.867081       1 resourcedefragmentation.go:226] "Node is a drain candidate" plugin="ResourceDefragmentation" ExtensionPoint="Balance" node="ip-172-31-19-34" avgUtilization=0.4554595390888653 binScore=0.38318930863329786 imbalanceIndex=0.6890809218222695 freeSpaceIndex=0.1778161843644539 priority=3.15643298636318
I0602 00:14:15.867159       1 resourcedefragmentation.go:226] "Node is a drain candidate" plugin="ResourceDefragmentation" ExtensionPoint="Balance" node="ip-172-31-3-39" avgUtilization=0.4554595390888653 binScore=0.38318930863329786 imbalanceIndex=0.6890809218222695 freeSpaceIndex=0.1778161843644539 priority=3.15643298636318
I0602 00:14:15.867242       1 resourcedefragmentation.go:249] "Draining under-utilized node" plugin="ResourceDefragmentation" ExtensionPoint="Balance" node="ip-172-31-19-34" priority=3.15643298636318
I0602 00:14:15.867268       1 resourcedefragmentation.go:735] "Candidate score inputs" plugin="ResourceDefragmentation" pod="defrag-exp/s3-cpu-34-848456d98d-thsdx" originNode="ip-172-31-19-34" c1=0.09053265291139108 c2=0.5808179258998936 c3=0.3475783390060611 c4=0
I0602 00:14:15.867285       1 resourcedefragmentation.go:735] "Candidate score inputs" plugin="ResourceDefragmentation" pod="defrag-exp/s3-cpu-34-848456d98d-crg2b" originNode="ip-172-31-19-34" c1=0.09053265291139108 c2=0.5808179258998936 c3=0.3475783390060611 c4=0
I0602 00:14:15.867365       1 resourcedefragmentation.go:267] "Eviction decision" plugin="ResourceDefragmentation" ExtensionPoint="Balance" pod="defrag-exp/s3-cpu-34-848456d98d-thsdx" originNode="ip-172-31-19-34" predictedTarget="ip-172-31-1-245"
I0602 00:14:15.888795       1 evictions.go:558] "Evicted pod" pod="defrag-exp/s3-cpu-34-848456d98d-thsdx" reason="" strategy="ResourceDefragmentation" node="ip-172-31-19-34" profile="default"
I0602 00:14:15.888895       1 resourcedefragmentation.go:735] "Candidate score inputs" plugin="ResourceDefragmentation" pod="defrag-exp/s3-cpu-34-848456d98d-crg2b" originNode="ip-172-31-19-34" c1=0.044502886188169645 c2=0.5808179258998936 c3=0.36606485203568284 c4=0
I0602 00:14:15.888922       1 resourcedefragmentation.go:267] "Eviction decision" plugin="ResourceDefragmentation" ExtensionPoint="Balance" pod="defrag-exp/s3-cpu-34-848456d98d-crg2b" originNode="ip-172-31-19-34" predictedTarget="ip-172-31-16-198"
E0602 00:14:15.893524       1 event_broadcaster.go:270] "Server rejected event (will not retry!)" err="events.events.k8s.io is forbidden: User \"system:serviceaccount:kube-system:descheduler\" cannot create resource \"events\" in API group \"events.k8s.io\" in the namespace \"defrag-exp\"" event="&Event{ObjectMeta:{s3-cpu-34-848456d98d-thsdx.18b51b4f7bd55b81  defrag-exp    0 0001-01-01 00:00:00 +0000 UTC <nil> <nil> map[] map[] [] [] []},EventTime:2026-06-02 00:14:15.888815768 +0000 UTC m=+0.367367099,Series:nil,ReportingController:sigs.k8s.io.descheduler,ReportingInstance:sigs.k8s.io.descheduler-descheduler-job-n8tgb,Action:Descheduled,Reason:ResourceDefragmentation,Regarding:{Pod defrag-exp s3-cpu-34-848456d98d-thsdx 0dc40b49-8e85-4c46-830c-e370934787e2 v1 203966 },Related:nil,Note:pod eviction from ip-172-31-19-34 node by sigs.k8s.io/descheduler,Type:Normal,DeprecatedSource:{ },DeprecatedFirstTimestamp:0001-01-01 00:00:00 +0000 UTC,DeprecatedLastTimestamp:0001-01-01 00:00:00 +0000 UTC,DeprecatedCount:0,}"
I0602 00:14:15.992802       1 evictions.go:558] "Evicted pod" pod="defrag-exp/s3-cpu-34-848456d98d-crg2b" reason="" strategy="ResourceDefragmentation" node="ip-172-31-19-34" profile="default"
I0602 00:14:15.992866       1 resourcedefragmentation.go:249] "Draining under-utilized node" plugin="ResourceDefragmentation" ExtensionPoint="Balance" node="ip-172-31-3-39" priority=3.15643298636318
I0602 00:14:15.992897       1 resourcedefragmentation.go:735] "Candidate score inputs" plugin="ResourceDefragmentation" pod="defrag-exp/s3-cpu-39-694f845c9f-kvbtt" originNode="ip-172-31-3-39" c1=0.09053265291139108 c2=-999.9 c3=0.3475783390060611 c4=0
I0602 00:14:15.992911       1 resourcedefragmentation.go:735] "Candidate score inputs" plugin="ResourceDefragmentation" pod="defrag-exp/s3-cpu-39-694f845c9f-tvx2f" originNode="ip-172-31-3-39" c1=0.09053265291139108 c2=-999.9 c3=0.3475783390060611 c4=0
I0602 00:14:15.992935       1 resourcedefragmentation.go:263] "No feasible scheduler target within ceiling; leaving pod in place" plugin="ResourceDefragmentation" ExtensionPoint="Balance" pod="defrag-exp/s3-cpu-39-694f845c9f-kvbtt" originNode="ip-172-31-3-39"
I0602 00:14:15.992945       1 resourcedefragmentation.go:735] "Candidate score inputs" plugin="ResourceDefragmentation" pod="defrag-exp/s3-cpu-39-694f845c9f-tvx2f" originNode="ip-172-31-3-39" c1=0.09053265291139108 c2=-999.9 c3=0.3475783390060611 c4=0
I0602 00:14:15.992967       1 resourcedefragmentation.go:263] "No feasible scheduler target within ceiling; leaving pod in place" plugin="ResourceDefragmentation" ExtensionPoint="Balance" pod="defrag-exp/s3-cpu-39-694f845c9f-tvx2f" originNode="ip-172-31-3-39"
I0602 00:14:15.992978       1 resourcedefragmentation.go:246] "Skipping node now serving as a bin" plugin="ResourceDefragmentation" ExtensionPoint="Balance" node="ip-172-31-1-245"
I0602 00:14:15.992985       1 resourcedefragmentation.go:246] "Skipping node now serving as a bin" plugin="ResourceDefragmentation" ExtensionPoint="Balance" node="ip-172-31-16-198"
I0602 00:14:15.993055       1 profile.go:425] "Total number of evictions/requests" extension point="Balance" evictedPods=2 evictionRequests=0
I0602 00:14:15.993129       1 descheduler.go:252] "Number of evictions/requests" totalEvicted=2 evictionRequests=0
E0602 00:14:15.993464       1 event_broadcaster.go:279] "Unable to write event (may retry after sleeping)" err="client rate limiter Wait returned an error: context canceled"
I0602 00:14:15.993842       1 reflector.go:373] "Stopping reflector" type="*v1.Pod" resyncPeriod="0s" reflector="k8s.io/client-go/informers/factory.go:161"
I0602 00:14:15.993937       1 reflector.go:373] "Stopping reflector" type="*v1.Node" resyncPeriod="0s" reflector="k8s.io/client-go/informers/factory.go:161"
I0602 00:14:15.994079       1 reflector.go:373] "Stopping reflector" type="*v1.PersistentVolumeClaim" resyncPeriod="0s" reflector="k8s.io/client-go/informers/factory.go:161"
I0602 00:14:15.994531       1 secure_serving.go:259] Stopped listening on [::]:10258
I0602 00:14:15.994621       1 tlsconfig.go:258] "Shutting down DynamicServingCertificateController"
