I0607 10:04:25.831970       1 feature_gate.go:466] feature gates: {map[]}
I0607 10:04:26.143993       1 secure_serving.go:57] Forcing use of http/1.1 only
I0607 10:04:26.144368       1 named_certificates.go:53] "Loaded SNI cert" index=0 certName="self-signed loopback" certDetail="\"apiserver-loopback-client@1780826666\" [serving] validServingFor=[apiserver-loopback-client] issuer=\"apiserver-loopback-client-ca@1780826665\" (2026-06-07 09:04:25 +0000 UTC to 2029-06-07 09:04:25 +0000 UTC (now=2026-06-07 10:04:26.144314797 +0000 UTC))"
I0607 10:04:26.144404       1 secure_serving.go:211] Serving securely on [::]:10258
I0607 10:04:26.144446       1 tracing.go:88] Did not find a trace collector endpoint defined. Switching to NoopTraceProvider
I0607 10:04:26.144778       1 tlsconfig.go:243] "Starting DynamicServingCertificateController"
I0607 10:04:26.144994       1 envvar.go:172] "Feature gate default state" feature="InOrderInformers" enabled=true
I0607 10:04:26.145015       1 envvar.go:172] "Feature gate default state" feature="InOrderInformersBatchProcess" enabled=true
I0607 10:04:26.145020       1 envvar.go:172] "Feature gate default state" feature="InformerResourceVersion" enabled=true
I0607 10:04:26.145024       1 envvar.go:172] "Feature gate default state" feature="WatchListClient" enabled=true
I0607 10:04:26.145027       1 envvar.go:172] "Feature gate default state" feature="ClientsAllowCBOR" enabled=false
I0607 10:04:26.145031       1 envvar.go:172] "Feature gate default state" feature="ClientsPreferCBOR" enabled=false
W0607 10:04:26.156932       1 descheduler.go:333] failed to convert Descheduler minor version '' to float: strconv.ParseFloat: parsing "": invalid syntax
I0607 10:04:26.165889       1 reflector.go:367] "Starting reflector" type="*v1.Pod" resyncPeriod="0s" reflector="k8s.io/client-go/informers/factory.go:161"
I0607 10:04:26.165880       1 reflector.go:367] "Starting reflector" type="*v1.PersistentVolumeClaim" resyncPeriod="0s" reflector="k8s.io/client-go/informers/factory.go:161"
I0607 10:04:26.165913       1 reflector.go:411] "Listing and watching" type="*v1.Pod" reflector="k8s.io/client-go/informers/factory.go:161"
I0607 10:04:26.165913       1 reflector.go:411] "Listing and watching" type="*v1.PersistentVolumeClaim" reflector="k8s.io/client-go/informers/factory.go:161"
I0607 10:04:26.165963       1 reflector.go:367] "Starting reflector" type="*v1.Node" resyncPeriod="0s" reflector="k8s.io/client-go/informers/factory.go:161"
I0607 10:04:26.165971       1 reflector.go:411] "Listing and watching" type="*v1.Node" reflector="k8s.io/client-go/informers/factory.go:161"
I0607 10:04:26.171421       1 reflector.go:446] "Caches populated" type="*v1.PersistentVolumeClaim" reflector="k8s.io/client-go/informers/factory.go:161"
I0607 10:04:26.171751       1 reflector.go:446] "Caches populated" type="*v1.Node" reflector="k8s.io/client-go/informers/factory.go:161"
I0607 10:04:26.176176       1 reflector.go:446] "Caches populated" type="*v1.Pod" reflector="k8s.io/client-go/informers/factory.go:161"
I0607 10:04:26.266292       1 descheduler.go:235] Resetting pod evictor counters
I0607 10:04:26.266363       1 resourcedefragmentationc2.go:131] "Starting ResourceDefragmentationC2 balance pass" plugin="ResourceDefragmentationC2" ExtensionPoint="Balance" nodeCount=7
I0607 10:04:26.267087       1 resourcedefragmentationc2.go:207] "Eviction decision" plugin="ResourceDefragmentationC2" ExtensionPoint="Balance" pod="defrag-exp/s4-cpu-245-cccd9967b-t4xld" originNode="ip-172-31-1-245" predictedTarget="ip-172-31-31-146"
I0607 10:04:26.289386       1 evictions.go:558] "Evicted pod" pod="defrag-exp/s4-cpu-245-cccd9967b-t4xld" reason="" strategy="ResourceDefragmentationC2" node="ip-172-31-1-245" profile="default"
I0607 10:04:26.289934       1 resourcedefragmentationc2.go:207] "Eviction decision" plugin="ResourceDefragmentationC2" ExtensionPoint="Balance" pod="defrag-exp/s4-mem-39-5d5899dbd4-2m26m" originNode="ip-172-31-3-39" predictedTarget="ip-172-31-31-146"
E0607 10:04:26.291869       1 event_broadcaster.go:270] "Server rejected event (will not retry!)" err="events.events.k8s.io is forbidden: User \"system:serviceaccount:kube-system:descheduler\" cannot create resource \"events\" in API group \"events.k8s.io\" in the namespace \"defrag-exp\"" event="&Event{ObjectMeta:{s4-cpu-245-cccd9967b-t4xld.18b6c46af2ba0449  defrag-exp    0 0001-01-01 00:00:00 +0000 UTC <nil> <nil> map[] map[] [] [] []},EventTime:2026-06-07 10:04:26.289450892 +0000 UTC m=+0.492005072,Series:nil,ReportingController:sigs.k8s.io.descheduler,ReportingInstance:sigs.k8s.io.descheduler-descheduler-job-44vtc,Action:Descheduled,Reason:ResourceDefragmentationC2,Regarding:{Pod defrag-exp s4-cpu-245-cccd9967b-t4xld 4c67e126-fef5-42fa-a470-c51d130e0136 v1 424448 },Related:nil,Note:pod eviction from ip-172-31-1-245 node by sigs.k8s.io/descheduler,Type:Normal,DeprecatedSource:{ },DeprecatedFirstTimestamp:0001-01-01 00:00:00 +0000 UTC,DeprecatedLastTimestamp:0001-01-01 00:00:00 +0000 UTC,DeprecatedCount:0,}"
I0607 10:04:26.401957       1 evictions.go:558] "Evicted pod" pod="defrag-exp/s4-mem-39-5d5899dbd4-2m26m" reason="" strategy="ResourceDefragmentationC2" node="ip-172-31-3-39" profile="default"
I0607 10:04:26.402067       1 resourcedefragmentationc2.go:207] "Eviction decision" plugin="ResourceDefragmentationC2" ExtensionPoint="Balance" pod="defrag-exp/s4-mem-39-5d5899dbd4-7ksj7" originNode="ip-172-31-3-39" predictedTarget="ip-172-31-1-245"
E0607 10:04:26.403954       1 event_broadcaster.go:270] "Server rejected event (will not retry!)" err="events.events.k8s.io is forbidden: User \"system:serviceaccount:kube-system:descheduler\" cannot create resource \"events\" in API group \"events.k8s.io\" in the namespace \"defrag-exp\"" event="&Event{ObjectMeta:{s4-mem-39-5d5899dbd4-2m26m.18b6c46af96eeed6  defrag-exp    0 0001-01-01 00:00:00 +0000 UTC <nil> <nil> map[] map[] [] [] []},EventTime:2026-06-07 10:04:26.401976298 +0000 UTC m=+0.604530456,Series:nil,ReportingController:sigs.k8s.io.descheduler,ReportingInstance:sigs.k8s.io.descheduler-descheduler-job-44vtc,Action:Descheduled,Reason:ResourceDefragmentationC2,Regarding:{Pod defrag-exp s4-mem-39-5d5899dbd4-2m26m 15e7ca93-2465-481e-9b19-d7db75259888 v1 424610 },Related:nil,Note:pod eviction from ip-172-31-3-39 node by sigs.k8s.io/descheduler,Type:Normal,DeprecatedSource:{ },DeprecatedFirstTimestamp:0001-01-01 00:00:00 +0000 UTC,DeprecatedLastTimestamp:0001-01-01 00:00:00 +0000 UTC,DeprecatedCount:0,}"
I0607 10:04:26.491025       1 evictions.go:558] "Evicted pod" pod="defrag-exp/s4-mem-39-5d5899dbd4-7ksj7" reason="" strategy="ResourceDefragmentationC2" node="ip-172-31-3-39" profile="default"
I0607 10:04:26.491538       1 resourcedefragmentationc2.go:207] "Eviction decision" plugin="ResourceDefragmentationC2" ExtensionPoint="Balance" pod="defrag-exp/s4-mem-39-5d5899dbd4-tmcwv" originNode="ip-172-31-3-39" predictedTarget="ip-172-31-1-245"
E0607 10:04:26.495666       1 event_broadcaster.go:270] "Server rejected event (will not retry!)" err="events.events.k8s.io is forbidden: User \"system:serviceaccount:kube-system:descheduler\" cannot create resource \"events\" in API group \"events.k8s.io\" in the namespace \"defrag-exp\"" event="&Event{ObjectMeta:{s4-mem-39-5d5899dbd4-7ksj7.18b6c46afec4136d  defrag-exp    0 0001-01-01 00:00:00 +0000 UTC <nil> <nil> map[] map[] [] [] []},EventTime:2026-06-07 10:04:26.491444625 +0000 UTC m=+0.693998784,Series:nil,ReportingController:sigs.k8s.io.descheduler,ReportingInstance:sigs.k8s.io.descheduler-descheduler-job-44vtc,Action:Descheduled,Reason:ResourceDefragmentationC2,Regarding:{Pod defrag-exp s4-mem-39-5d5899dbd4-7ksj7 35563243-7afa-47ca-8795-dac8b0d4fe22 v1 424615 },Related:nil,Note:pod eviction from ip-172-31-3-39 node by sigs.k8s.io/descheduler,Type:Normal,DeprecatedSource:{ },DeprecatedFirstTimestamp:0001-01-01 00:00:00 +0000 UTC,DeprecatedLastTimestamp:0001-01-01 00:00:00 +0000 UTC,DeprecatedCount:0,}"
I0607 10:04:26.592872       1 evictions.go:558] "Evicted pod" pod="defrag-exp/s4-mem-39-5d5899dbd4-tmcwv" reason="" strategy="ResourceDefragmentationC2" node="ip-172-31-3-39" profile="default"
I0607 10:04:26.592980       1 profile.go:425] "Total number of evictions/requests" extension point="Balance" evictedPods=4 evictionRequests=0
I0607 10:04:26.593009       1 descheduler.go:252] "Number of evictions/requests" totalEvicted=4 evictionRequests=0
E0607 10:04:26.593485       1 event_broadcaster.go:279] "Unable to write event (may retry after sleeping)" err="client rate limiter Wait returned an error: context canceled"
I0607 10:04:26.593537       1 reflector.go:373] "Stopping reflector" type="*v1.Pod" resyncPeriod="0s" reflector="k8s.io/client-go/informers/factory.go:161"
I0607 10:04:26.593566       1 reflector.go:373] "Stopping reflector" type="*v1.Node" resyncPeriod="0s" reflector="k8s.io/client-go/informers/factory.go:161"
I0607 10:04:26.593707       1 reflector.go:373] "Stopping reflector" type="*v1.PersistentVolumeClaim" resyncPeriod="0s" reflector="k8s.io/client-go/informers/factory.go:161"
I0607 10:04:26.594161       1 secure_serving.go:259] Stopped listening on [::]:10258
I0607 10:04:26.594216       1 tlsconfig.go:258] "Shutting down DynamicServingCertificateController"
