I0606 14:47:23.427139       1 feature_gate.go:466] feature gates: {map[]}
I0606 14:47:23.713675       1 secure_serving.go:57] Forcing use of http/1.1 only
I0606 14:47:23.714120       1 named_certificates.go:53] "Loaded SNI cert" index=0 certName="self-signed loopback" certDetail="\"apiserver-loopback-client@1780757243\" [serving] validServingFor=[apiserver-loopback-client] issuer=\"apiserver-loopback-client-ca@1780757243\" (2026-06-06 13:47:23 +0000 UTC to 2029-06-06 13:47:23 +0000 UTC (now=2026-06-06 14:47:23.714086174 +0000 UTC))"
I0606 14:47:23.714170       1 secure_serving.go:211] Serving securely on [::]:10258
I0606 14:47:23.714187       1 tracing.go:88] Did not find a trace collector endpoint defined. Switching to NoopTraceProvider
I0606 14:47:23.714197       1 tlsconfig.go:243] "Starting DynamicServingCertificateController"
I0606 14:47:23.714578       1 envvar.go:172] "Feature gate default state" feature="WatchListClient" enabled=true
I0606 14:47:23.714608       1 envvar.go:172] "Feature gate default state" feature="ClientsAllowCBOR" enabled=false
I0606 14:47:23.714615       1 envvar.go:172] "Feature gate default state" feature="ClientsPreferCBOR" enabled=false
I0606 14:47:23.714621       1 envvar.go:172] "Feature gate default state" feature="InOrderInformers" enabled=true
I0606 14:47:23.714628       1 envvar.go:172] "Feature gate default state" feature="InOrderInformersBatchProcess" enabled=true
I0606 14:47:23.714633       1 envvar.go:172] "Feature gate default state" feature="InformerResourceVersion" enabled=true
W0606 14:47:23.722868       1 descheduler.go:333] failed to convert Descheduler minor version '' to float: strconv.ParseFloat: parsing "": invalid syntax
I0606 14:47:23.731308       1 reflector.go:367] "Starting reflector" type="*v1.Node" resyncPeriod="0s" reflector="k8s.io/client-go/informers/factory.go:161"
I0606 14:47:23.731335       1 reflector.go:411] "Listing and watching" type="*v1.Node" reflector="k8s.io/client-go/informers/factory.go:161"
I0606 14:47:23.731382       1 reflector.go:367] "Starting reflector" type="*v1.Pod" resyncPeriod="0s" reflector="k8s.io/client-go/informers/factory.go:161"
I0606 14:47:23.731396       1 reflector.go:411] "Listing and watching" type="*v1.Pod" reflector="k8s.io/client-go/informers/factory.go:161"
I0606 14:47:23.731310       1 reflector.go:367] "Starting reflector" type="*v1.PersistentVolumeClaim" resyncPeriod="0s" reflector="k8s.io/client-go/informers/factory.go:161"
I0606 14:47:23.731491       1 reflector.go:411] "Listing and watching" type="*v1.PersistentVolumeClaim" reflector="k8s.io/client-go/informers/factory.go:161"
I0606 14:47:23.736014       1 reflector.go:978] "Exiting watch because received the bookmark that marks the end of initial events stream" reflector="k8s.io/client-go/informers/factory.go:161" totalItems=1 duration="4.49861ms"
I0606 14:47:23.736056       1 reflector.go:446] "Caches populated" type="*v1.PersistentVolumeClaim" reflector="k8s.io/client-go/informers/factory.go:161"
I0606 14:47:23.737757       1 reflector.go:978] "Exiting watch because received the bookmark that marks the end of initial events stream" reflector="k8s.io/client-go/informers/factory.go:161" totalItems=8 duration="6.394014ms"
I0606 14:47:23.737791       1 reflector.go:446] "Caches populated" type="*v1.Node" reflector="k8s.io/client-go/informers/factory.go:161"
I0606 14:47:23.742345       1 reflector.go:978] "Exiting watch because received the bookmark that marks the end of initial events stream" reflector="k8s.io/client-go/informers/factory.go:161" totalItems=28 duration="10.925904ms"
I0606 14:47:23.742603       1 reflector.go:446] "Caches populated" type="*v1.Pod" reflector="k8s.io/client-go/informers/factory.go:161"
I0606 14:47:23.831417       1 descheduler.go:235] Resetting pod evictor counters
I0606 14:47:23.831527       1 resourcedefragmentation.go:178] "Starting resource defragmentation balance pass" plugin="ResourceDefragmentation" ExtensionPoint="Balance" nodeCount=7
I0606 14:47:23.831590       1 resourcedefragmentation.go:219] "Node state" plugin="ResourceDefragmentation" ExtensionPoint="Balance" node="ip-172-31-19-34" avgUtilization=0.055810706720585405 minUtilization=0.05 binScore=0.5220946466397073 usageSource="requests"
I0606 14:47:23.831682       1 resourcedefragmentation.go:219] "Node state" plugin="ResourceDefragmentation" ExtensionPoint="Balance" node="ip-172-31-3-39" avgUtilization=0.6889177739264394 minUtilization=0.6778355478528789 binScore=0.8333766608896591 usageSource="requests"
I0606 14:47:23.831733       1 resourcedefragmentation.go:219] "Node state" plugin="ResourceDefragmentation" ExtensionPoint="Balance" node="ip-172-31-31-146" avgUtilization=0.05581100337958193 minUtilization=0.05 binScore=0.522094498310209 usageSource="requests"
I0606 14:47:23.831814       1 resourcedefragmentation.go:219] "Node state" plugin="ResourceDefragmentation" ExtensionPoint="Balance" node="ip-172-31-6-144" avgUtilization=0.05581115171122249 minUtilization=0.05 binScore=0.5220944241443888 usageSource="requests"
I0606 14:47:23.831829       1 resourcedefragmentation.go:185] "Skipping control-plane node" plugin="ResourceDefragmentation" ExtensionPoint="Balance" node="ip-172-31-84-108"
I0606 14:47:23.831917       1 resourcedefragmentation.go:219] "Node state" plugin="ResourceDefragmentation" ExtensionPoint="Balance" node="ip-172-31-1-245" avgUtilization=0.21373393585416237 minUtilization=0.07 binScore=0.4631330320729188 usageSource="requests"
I0606 14:47:23.831949       1 resourcedefragmentation.go:219] "Node state" plugin="ResourceDefragmentation" ExtensionPoint="Balance" node="ip-172-31-16-198" avgUtilization=0.9446628257405437 minUtilization=0.9243256514810875 binScore=0.9519942386108156 usageSource="requests"
I0606 14:47:23.831987       1 resourcedefragmentation.go:257] "Node is a drain candidate" plugin="ResourceDefragmentation" ExtensionPoint="Balance" node="ip-172-31-1-245" avgUtilization=0.21373393585416237 binScore=0.4631330320729188 imbalanceIndex=-0.2874678717083247 freeSpaceIndex=0.5975548793112581 priority=0.980477166020111
I0606 14:47:23.832046       1 resourcedefragmentation.go:280] "Draining under-utilized node" plugin="ResourceDefragmentation" ExtensionPoint="Balance" node="ip-172-31-1-245" priority=0.980477166020111
I0606 14:47:23.832150       1 resourcedefragmentation.go:867] "Candidate score inputs" plugin="ResourceDefragmentation" pod="defrag-exp/s6c3-membig-245-5749565466-dbxkp" originNode="ip-172-31-1-245" c1=0.023457930743040072 c2=-999.9 c3=0.2938943485985854 c4=0
I0606 14:47:23.832182       1 resourcedefragmentation.go:294] "No feasible scheduler target within ceiling; leaving pod in place" plugin="ResourceDefragmentation" ExtensionPoint="Balance" pod="defrag-exp/s6c3-membig-245-5749565466-dbxkp" originNode="ip-172-31-1-245"
I0606 14:47:23.832282       1 profile.go:425] "Total number of evictions/requests" extension point="Balance" evictedPods=0 evictionRequests=0
I0606 14:47:23.832368       1 descheduler.go:252] "Number of evictions/requests" totalEvicted=0 evictionRequests=0
I0606 14:47:23.832623       1 reflector.go:373] "Stopping reflector" type="*v1.Pod" resyncPeriod="0s" reflector="k8s.io/client-go/informers/factory.go:161"
I0606 14:47:23.832698       1 reflector.go:373] "Stopping reflector" type="*v1.Node" resyncPeriod="0s" reflector="k8s.io/client-go/informers/factory.go:161"
I0606 14:47:23.832764       1 reflector.go:373] "Stopping reflector" type="*v1.PersistentVolumeClaim" resyncPeriod="0s" reflector="k8s.io/client-go/informers/factory.go:161"
I0606 14:47:23.833064       1 tlsconfig.go:258] "Shutting down DynamicServingCertificateController"
I0606 14:47:23.833239       1 secure_serving.go:259] Stopped listening on [::]:10258
