I0607 06:48:41.892329       1 feature_gate.go:466] feature gates: {map[]}
I0607 06:48:42.379604       1 secure_serving.go:57] Forcing use of http/1.1 only
I0607 06:48:42.380117       1 named_certificates.go:53] "Loaded SNI cert" index=0 certName="self-signed loopback" certDetail="\"apiserver-loopback-client@1780814922\" [serving] validServingFor=[apiserver-loopback-client] issuer=\"apiserver-loopback-client-ca@1780814921\" (2026-06-07 05:48:41 +0000 UTC to 2029-06-07 05:48:41 +0000 UTC (now=2026-06-07 06:48:42.380085041 +0000 UTC))"
I0607 06:48:42.380165       1 secure_serving.go:211] Serving securely on [::]:10258
I0607 06:48:42.380183       1 tracing.go:88] Did not find a trace collector endpoint defined. Switching to NoopTraceProvider
I0607 06:48:42.380313       1 tlsconfig.go:243] "Starting DynamicServingCertificateController"
I0607 06:48:42.380713       1 envvar.go:172] "Feature gate default state" feature="ClientsAllowCBOR" enabled=false
I0607 06:48:42.380751       1 envvar.go:172] "Feature gate default state" feature="ClientsPreferCBOR" enabled=false
I0607 06:48:42.380758       1 envvar.go:172] "Feature gate default state" feature="InOrderInformers" enabled=true
I0607 06:48:42.380763       1 envvar.go:172] "Feature gate default state" feature="InOrderInformersBatchProcess" enabled=true
I0607 06:48:42.380769       1 envvar.go:172] "Feature gate default state" feature="InformerResourceVersion" enabled=true
I0607 06:48:42.380775       1 envvar.go:172] "Feature gate default state" feature="WatchListClient" enabled=true
W0607 06:48:42.389164       1 descheduler.go:333] failed to convert Descheduler minor version '' to float: strconv.ParseFloat: parsing "": invalid syntax
I0607 06:48:42.397463       1 reflector.go:367] "Starting reflector" type="*v1.PersistentVolumeClaim" resyncPeriod="0s" reflector="k8s.io/client-go/informers/factory.go:161"
I0607 06:48:42.397535       1 reflector.go:411] "Listing and watching" type="*v1.PersistentVolumeClaim" reflector="k8s.io/client-go/informers/factory.go:161"
I0607 06:48:42.397463       1 reflector.go:367] "Starting reflector" type="*v1.Node" resyncPeriod="0s" reflector="k8s.io/client-go/informers/factory.go:161"
I0607 06:48:42.397555       1 reflector.go:411] "Listing and watching" type="*v1.Node" reflector="k8s.io/client-go/informers/factory.go:161"
I0607 06:48:42.397534       1 reflector.go:367] "Starting reflector" type="*v1.Pod" resyncPeriod="0s" reflector="k8s.io/client-go/informers/factory.go:161"
I0607 06:48:42.397706       1 reflector.go:411] "Listing and watching" type="*v1.Pod" reflector="k8s.io/client-go/informers/factory.go:161"
I0607 06:48:42.401494       1 reflector.go:446] "Caches populated" type="*v1.PersistentVolumeClaim" reflector="k8s.io/client-go/informers/factory.go:161"
I0607 06:48:42.403599       1 reflector.go:446] "Caches populated" type="*v1.Node" reflector="k8s.io/client-go/informers/factory.go:161"
I0607 06:48:42.409775       1 reflector.go:446] "Caches populated" type="*v1.Pod" reflector="k8s.io/client-go/informers/factory.go:161"
I0607 06:48:42.497757       1 descheduler.go:235] Resetting pod evictor counters
I0607 06:48:42.497845       1 resourcedefragmentationc2.go:131] "Starting ResourceDefragmentationC2 balance pass" plugin="ResourceDefragmentationC2" ExtensionPoint="Balance" nodeCount=7
I0607 06:48:42.497994       1 resourcedefragmentationc2.go:207] "Eviction decision" plugin="ResourceDefragmentationC2" ExtensionPoint="Balance" pod="defrag-exp/s1-fill-39-7d47c6f544-548tb" originNode="ip-172-31-3-39" predictedTarget="ip-172-31-19-34"
I0607 06:48:42.520746       1 evictions.go:558] "Evicted pod" pod="defrag-exp/s1-fill-39-7d47c6f544-548tb" reason="" strategy="ResourceDefragmentationC2" node="ip-172-31-3-39" profile="default"
I0607 06:48:42.520839       1 resourcedefragmentationc2.go:207] "Eviction decision" plugin="ResourceDefragmentationC2" ExtensionPoint="Balance" pod="defrag-exp/s1-fill-39-7d47c6f544-x2ppr" originNode="ip-172-31-3-39" predictedTarget="ip-172-31-19-34"
E0607 06:48:42.522975       1 event_broadcaster.go:270] "Server rejected event (will not retry!)" err="events.events.k8s.io is forbidden: User \"system:serviceaccount:kube-system:descheduler\" cannot create resource \"events\" in API group \"events.k8s.io\" in the namespace \"defrag-exp\"" event="&Event{ObjectMeta:{s1-fill-39-7d47c6f544-548tb.18b6b9bca3911b1a  defrag-exp    0 0001-01-01 00:00:00 +0000 UTC <nil> <nil> map[] map[] [] [] []},EventTime:2026-06-07 06:48:42.520783421 +0000 UTC m=+0.664352990,Series:nil,ReportingController:sigs.k8s.io.descheduler,ReportingInstance:sigs.k8s.io.descheduler-descheduler-job-crvtz,Action:Descheduled,Reason:ResourceDefragmentationC2,Regarding:{Pod defrag-exp s1-fill-39-7d47c6f544-548tb 3290967f-890c-4b8a-936a-84f61e62013a v1 389076 },Related:nil,Note:pod eviction from ip-172-31-3-39 node by sigs.k8s.io/descheduler,Type:Normal,DeprecatedSource:{ },DeprecatedFirstTimestamp:0001-01-01 00:00:00 +0000 UTC,DeprecatedLastTimestamp:0001-01-01 00:00:00 +0000 UTC,DeprecatedCount:0,}"
I0607 06:48:42.620811       1 evictions.go:558] "Evicted pod" pod="defrag-exp/s1-fill-39-7d47c6f544-x2ppr" reason="" strategy="ResourceDefragmentationC2" node="ip-172-31-3-39" profile="default"
I0607 06:48:42.620915       1 profile.go:425] "Total number of evictions/requests" extension point="Balance" evictedPods=2 evictionRequests=0
I0607 06:48:42.620957       1 descheduler.go:252] "Number of evictions/requests" totalEvicted=2 evictionRequests=0
E0607 06:48:42.621786       1 event_broadcaster.go:279] "Unable to write event (may retry after sleeping)" err="client rate limiter Wait returned an error: context canceled"
I0607 06:48:42.621866       1 reflector.go:373] "Stopping reflector" type="*v1.Pod" resyncPeriod="0s" reflector="k8s.io/client-go/informers/factory.go:161"
I0607 06:48:42.622028       1 reflector.go:373] "Stopping reflector" type="*v1.Node" resyncPeriod="0s" reflector="k8s.io/client-go/informers/factory.go:161"
I0607 06:48:42.622118       1 reflector.go:373] "Stopping reflector" type="*v1.PersistentVolumeClaim" resyncPeriod="0s" reflector="k8s.io/client-go/informers/factory.go:161"
I0607 06:48:42.622492       1 tlsconfig.go:258] "Shutting down DynamicServingCertificateController"
I0607 06:48:42.622544       1 secure_serving.go:259] Stopped listening on [::]:10258
