I0607 06:48:15.818658       1 feature_gate.go:466] feature gates: {map[]}
I0607 06:48:15.904028       1 secure_serving.go:57] Forcing use of http/1.1 only
I0607 06:48:15.904761       1 named_certificates.go:53] "Loaded SNI cert" index=0 certName="self-signed loopback" certDetail="\"apiserver-loopback-client@1780814895\" [serving] validServingFor=[apiserver-loopback-client] issuer=\"apiserver-loopback-client-ca@1780814895\" (2026-06-07 05:48:15 +0000 UTC to 2029-06-07 05:48:15 +0000 UTC (now=2026-06-07 06:48:15.90472586 +0000 UTC))"
I0607 06:48:15.904984       1 secure_serving.go:211] Serving securely on [::]:10258
I0607 06:48:15.905097       1 tlsconfig.go:243] "Starting DynamicServingCertificateController"
I0607 06:48:15.905347       1 tracing.go:88] Did not find a trace collector endpoint defined. Switching to NoopTraceProvider
I0607 06:48:15.905824       1 envvar.go:172] "Feature gate default state" feature="InformerResourceVersion" enabled=true
I0607 06:48:15.905854       1 envvar.go:172] "Feature gate default state" feature="WatchListClient" enabled=true
I0607 06:48:15.905861       1 envvar.go:172] "Feature gate default state" feature="ClientsAllowCBOR" enabled=false
I0607 06:48:15.905867       1 envvar.go:172] "Feature gate default state" feature="ClientsPreferCBOR" enabled=false
I0607 06:48:15.905908       1 envvar.go:172] "Feature gate default state" feature="InOrderInformers" enabled=true
I0607 06:48:15.905914       1 envvar.go:172] "Feature gate default state" feature="InOrderInformersBatchProcess" enabled=true
W0607 06:48:15.914857       1 descheduler.go:333] failed to convert Descheduler minor version '' to float: strconv.ParseFloat: parsing "": invalid syntax
I0607 06:48:15.924052       1 reflector.go:367] "Starting reflector" type="*v1.Pod" resyncPeriod="0s" reflector="k8s.io/client-go/informers/factory.go:161"
I0607 06:48:15.924088       1 reflector.go:411] "Listing and watching" type="*v1.Pod" reflector="k8s.io/client-go/informers/factory.go:161"
I0607 06:48:15.924349       1 reflector.go:367] "Starting reflector" type="*v1.PersistentVolumeClaim" resyncPeriod="0s" reflector="k8s.io/client-go/informers/factory.go:161"
I0607 06:48:15.924373       1 reflector.go:411] "Listing and watching" type="*v1.PersistentVolumeClaim" reflector="k8s.io/client-go/informers/factory.go:161"
I0607 06:48:15.924422       1 reflector.go:367] "Starting reflector" type="*v1.Node" resyncPeriod="0s" reflector="k8s.io/client-go/informers/factory.go:161"
I0607 06:48:15.924432       1 reflector.go:411] "Listing and watching" type="*v1.Node" reflector="k8s.io/client-go/informers/factory.go:161"
I0607 06:48:15.932690       1 reflector.go:446] "Caches populated" type="*v1.PersistentVolumeClaim" reflector="k8s.io/client-go/informers/factory.go:161"
I0607 06:48:15.934164       1 reflector.go:446] "Caches populated" type="*v1.Node" reflector="k8s.io/client-go/informers/factory.go:161"
I0607 06:48:15.937734       1 reflector.go:446] "Caches populated" type="*v1.Pod" reflector="k8s.io/client-go/informers/factory.go:161"
I0607 06:48:16.024254       1 descheduler.go:235] Resetting pod evictor counters
I0607 06:48:16.024409       1 resourcedefragmentationc2.go:131] "Starting ResourceDefragmentationC2 balance pass" plugin="ResourceDefragmentationC2" ExtensionPoint="Balance" nodeCount=7
I0607 06:48:16.024831       1 resourcedefragmentationc2.go:207] "Eviction decision" plugin="ResourceDefragmentationC2" ExtensionPoint="Balance" pod="defrag-exp/s1-fill-245-7659c95b6c-9cdd9" originNode="ip-172-31-1-245" predictedTarget="ip-172-31-19-34"
I0607 06:48:16.058287       1 evictions.go:558] "Evicted pod" pod="defrag-exp/s1-fill-245-7659c95b6c-9cdd9" reason="" strategy="ResourceDefragmentationC2" node="ip-172-31-1-245" profile="default"
I0607 06:48:16.058839       1 resourcedefragmentationc2.go:207] "Eviction decision" plugin="ResourceDefragmentationC2" ExtensionPoint="Balance" pod="defrag-exp/s1-fill-245-7659c95b6c-nnm6b" originNode="ip-172-31-1-245" predictedTarget="ip-172-31-19-34"
E0607 06:48:16.060946       1 event_broadcaster.go:270] "Server rejected event (will not retry!)" err="events.events.k8s.io is forbidden: User \"system:serviceaccount:kube-system:descheduler\" cannot create resource \"events\" in API group \"events.k8s.io\" in the namespace \"defrag-exp\"" event="&Event{ObjectMeta:{s1-fill-245-7659c95b6c-9cdd9.18b6b9b67a4f05a5  defrag-exp    0 0001-01-01 00:00:00 +0000 UTC <nil> <nil> map[] map[] [] [] []},EventTime:2026-06-07 06:48:16.058772447 +0000 UTC m=+0.279415766,Series:nil,ReportingController:sigs.k8s.io.descheduler,ReportingInstance:sigs.k8s.io.descheduler-descheduler-job-b6lzp,Action:Descheduled,Reason:ResourceDefragmentationC2,Regarding:{Pod defrag-exp s1-fill-245-7659c95b6c-9cdd9 33f2d5a4-6d06-4515-aecc-10e30ca3b229 v1 388958 },Related:nil,Note:pod eviction from ip-172-31-1-245 node by sigs.k8s.io/descheduler,Type:Normal,DeprecatedSource:{ },DeprecatedFirstTimestamp:0001-01-01 00:00:00 +0000 UTC,DeprecatedLastTimestamp:0001-01-01 00:00:00 +0000 UTC,DeprecatedCount:0,}"
I0607 06:48:16.156689       1 evictions.go:558] "Evicted pod" pod="defrag-exp/s1-fill-245-7659c95b6c-nnm6b" reason="" strategy="ResourceDefragmentationC2" node="ip-172-31-1-245" profile="default"
I0607 06:48:16.156796       1 resourcedefragmentationc2.go:207] "Eviction decision" plugin="ResourceDefragmentationC2" ExtensionPoint="Balance" pod="defrag-exp/s1-fill-144-75b6ddcffc-2jvn4" originNode="ip-172-31-6-144" predictedTarget="ip-172-31-19-34"
E0607 06:48:16.163077       1 event_broadcaster.go:270] "Server rejected event (will not retry!)" err="events.events.k8s.io is forbidden: User \"system:serviceaccount:kube-system:descheduler\" cannot create resource \"events\" in API group \"events.k8s.io\" in the namespace \"defrag-exp\"" event="&Event{ObjectMeta:{s1-fill-245-7659c95b6c-nnm6b.18b6b9b68025b70e  defrag-exp    0 0001-01-01 00:00:00 +0000 UTC <nil> <nil> map[] map[] [] [] []},EventTime:2026-06-07 06:48:16.15674029 +0000 UTC m=+0.377383603,Series:nil,ReportingController:sigs.k8s.io.descheduler,ReportingInstance:sigs.k8s.io.descheduler-descheduler-job-b6lzp,Action:Descheduled,Reason:ResourceDefragmentationC2,Regarding:{Pod defrag-exp s1-fill-245-7659c95b6c-nnm6b 570aa378-14b4-4194-9a78-5b1be203cfc1 v1 388954 },Related:nil,Note:pod eviction from ip-172-31-1-245 node by sigs.k8s.io/descheduler,Type:Normal,DeprecatedSource:{ },DeprecatedFirstTimestamp:0001-01-01 00:00:00 +0000 UTC,DeprecatedLastTimestamp:0001-01-01 00:00:00 +0000 UTC,DeprecatedCount:0,}"
I0607 06:48:16.250389       1 evictions.go:558] "Evicted pod" pod="defrag-exp/s1-fill-144-75b6ddcffc-2jvn4" reason="" strategy="ResourceDefragmentationC2" node="ip-172-31-6-144" profile="default"
I0607 06:48:16.251032       1 resourcedefragmentationc2.go:207] "Eviction decision" plugin="ResourceDefragmentationC2" ExtensionPoint="Balance" pod="defrag-exp/s1-fill-144-75b6ddcffc-v5tk9" originNode="ip-172-31-6-144" predictedTarget="ip-172-31-19-34"
E0607 06:48:16.256426       1 event_broadcaster.go:270] "Server rejected event (will not retry!)" err="events.events.k8s.io is forbidden: User \"system:serviceaccount:kube-system:descheduler\" cannot create resource \"events\" in API group \"events.k8s.io\" in the namespace \"defrag-exp\"" event="&Event{ObjectMeta:{s1-fill-144-75b6ddcffc-2jvn4.18b6b9b685c36abe  defrag-exp    0 0001-01-01 00:00:00 +0000 UTC <nil> <nil> map[] map[] [] [] []},EventTime:2026-06-07 06:48:16.250965863 +0000 UTC m=+0.471609179,Series:nil,ReportingController:sigs.k8s.io.descheduler,ReportingInstance:sigs.k8s.io.descheduler-descheduler-job-b6lzp,Action:Descheduled,Reason:ResourceDefragmentationC2,Regarding:{Pod defrag-exp s1-fill-144-75b6ddcffc-2jvn4 3b4e85ef-87b9-461b-874a-cb4e1de7c658 v1 389150 },Related:nil,Note:pod eviction from ip-172-31-6-144 node by sigs.k8s.io/descheduler,Type:Normal,DeprecatedSource:{ },DeprecatedFirstTimestamp:0001-01-01 00:00:00 +0000 UTC,DeprecatedLastTimestamp:0001-01-01 00:00:00 +0000 UTC,DeprecatedCount:0,}"
I0607 06:48:16.355183       1 evictions.go:558] "Evicted pod" pod="defrag-exp/s1-fill-144-75b6ddcffc-v5tk9" reason="" strategy="ResourceDefragmentationC2" node="ip-172-31-6-144" profile="default"
I0607 06:48:16.355514       1 resourcedefragmentationc2.go:207] "Eviction decision" plugin="ResourceDefragmentationC2" ExtensionPoint="Balance" pod="defrag-exp/s1-fill-198-6f65649bd4-n9x6r" originNode="ip-172-31-16-198" predictedTarget="ip-172-31-3-39"
E0607 06:48:16.357656       1 event_broadcaster.go:270] "Server rejected event (will not retry!)" err="events.events.k8s.io is forbidden: User \"system:serviceaccount:kube-system:descheduler\" cannot create resource \"events\" in API group \"events.k8s.io\" in the namespace \"defrag-exp\"" event="&Event{ObjectMeta:{s1-fill-144-75b6ddcffc-v5tk9.18b6b9b68bfd9271  defrag-exp    0 0001-01-01 00:00:00 +0000 UTC <nil> <nil> map[] map[] [] [] []},EventTime:2026-06-07 06:48:16.355437849 +0000 UTC m=+0.576081168,Series:nil,ReportingController:sigs.k8s.io.descheduler,ReportingInstance:sigs.k8s.io.descheduler-descheduler-job-b6lzp,Action:Descheduled,Reason:ResourceDefragmentationC2,Regarding:{Pod defrag-exp s1-fill-144-75b6ddcffc-v5tk9 72fbb471-c210-443a-9b4f-5b024062e78d v1 389155 },Related:nil,Note:pod eviction from ip-172-31-6-144 node by sigs.k8s.io/descheduler,Type:Normal,DeprecatedSource:{ },DeprecatedFirstTimestamp:0001-01-01 00:00:00 +0000 UTC,DeprecatedLastTimestamp:0001-01-01 00:00:00 +0000 UTC,DeprecatedCount:0,}"
I0607 06:48:16.456432       1 evictions.go:558] "Evicted pod" pod="defrag-exp/s1-fill-198-6f65649bd4-n9x6r" reason="" strategy="ResourceDefragmentationC2" node="ip-172-31-16-198" profile="default"
I0607 06:48:16.456518       1 resourcedefragmentationc2.go:207] "Eviction decision" plugin="ResourceDefragmentationC2" ExtensionPoint="Balance" pod="defrag-exp/s1-fill-198-6f65649bd4-225tn" originNode="ip-172-31-16-198" predictedTarget="ip-172-31-3-39"
E0607 06:48:16.460226       1 event_broadcaster.go:270] "Server rejected event (will not retry!)" err="events.events.k8s.io is forbidden: User \"system:serviceaccount:kube-system:descheduler\" cannot create resource \"events\" in API group \"events.k8s.io\" in the namespace \"defrag-exp\"" event="&Event{ObjectMeta:{s1-fill-198-6f65649bd4-n9x6r.18b6b9b692030204  defrag-exp    0 0001-01-01 00:00:00 +0000 UTC <nil> <nil> map[] map[] [] [] []},EventTime:2026-06-07 06:48:16.456458199 +0000 UTC m=+0.677101523,Series:nil,ReportingController:sigs.k8s.io.descheduler,ReportingInstance:sigs.k8s.io.descheduler-descheduler-job-b6lzp,Action:Descheduled,Reason:ResourceDefragmentationC2,Regarding:{Pod defrag-exp s1-fill-198-6f65649bd4-n9x6r 32c8544f-eea0-4b05-ac37-12e67802cc4b v1 388995 },Related:nil,Note:pod eviction from ip-172-31-16-198 node by sigs.k8s.io/descheduler,Type:Normal,DeprecatedSource:{ },DeprecatedFirstTimestamp:0001-01-01 00:00:00 +0000 UTC,DeprecatedLastTimestamp:0001-01-01 00:00:00 +0000 UTC,DeprecatedCount:0,}"
I0607 06:48:16.554979       1 evictions.go:558] "Evicted pod" pod="defrag-exp/s1-fill-198-6f65649bd4-225tn" reason="" strategy="ResourceDefragmentationC2" node="ip-172-31-16-198" profile="default"
I0607 06:48:16.555044       1 resourcedefragmentationc2.go:207] "Eviction decision" plugin="ResourceDefragmentationC2" ExtensionPoint="Balance" pod="defrag-exp/s1-fill-146-f9dd78d6c-4695c" originNode="ip-172-31-31-146" predictedTarget="ip-172-31-3-39"
E0607 06:48:16.557222       1 event_broadcaster.go:270] "Server rejected event (will not retry!)" err="events.events.k8s.io is forbidden: User \"system:serviceaccount:kube-system:descheduler\" cannot create resource \"events\" in API group \"events.k8s.io\" in the namespace \"defrag-exp\"" event="&Event{ObjectMeta:{s1-fill-198-6f65649bd4-225tn.18b6b9b697e2a69c  defrag-exp    0 0001-01-01 00:00:00 +0000 UTC <nil> <nil> map[] map[] [] [] []},EventTime:2026-06-07 06:48:16.554999655 +0000 UTC m=+0.775642968,Series:nil,ReportingController:sigs.k8s.io.descheduler,ReportingInstance:sigs.k8s.io.descheduler-descheduler-job-b6lzp,Action:Descheduled,Reason:ResourceDefragmentationC2,Regarding:{Pod defrag-exp s1-fill-198-6f65649bd4-225tn 3abd1907-6e1d-4d80-95fb-975e354b9bfd v1 388999 },Related:nil,Note:pod eviction from ip-172-31-16-198 node by sigs.k8s.io/descheduler,Type:Normal,DeprecatedSource:{ },DeprecatedFirstTimestamp:0001-01-01 00:00:00 +0000 UTC,DeprecatedLastTimestamp:0001-01-01 00:00:00 +0000 UTC,DeprecatedCount:0,}"
I0607 06:48:16.666832       1 evictions.go:558] "Evicted pod" pod="defrag-exp/s1-fill-146-f9dd78d6c-4695c" reason="" strategy="ResourceDefragmentationC2" node="ip-172-31-31-146" profile="default"
I0607 06:48:16.670702       1 resourcedefragmentationc2.go:207] "Eviction decision" plugin="ResourceDefragmentationC2" ExtensionPoint="Balance" pod="defrag-exp/s1-fill-146-f9dd78d6c-79dz9" originNode="ip-172-31-31-146" predictedTarget="ip-172-31-3-39"
E0607 06:48:16.681962       1 event_broadcaster.go:270] "Server rejected event (will not retry!)" err="events.events.k8s.io is forbidden: User \"system:serviceaccount:kube-system:descheduler\" cannot create resource \"events\" in API group \"events.k8s.io\" in the namespace \"defrag-exp\"" event="&Event{ObjectMeta:{s1-fill-146-f9dd78d6c-4695c.18b6b9b69eb85250  defrag-exp    0 0001-01-01 00:00:00 +0000 UTC <nil> <nil> map[] map[] [] [] []},EventTime:2026-06-07 06:48:16.669664714 +0000 UTC m=+0.890308028,Series:nil,ReportingController:sigs.k8s.io.descheduler,ReportingInstance:sigs.k8s.io.descheduler-descheduler-job-b6lzp,Action:Descheduled,Reason:ResourceDefragmentationC2,Regarding:{Pod defrag-exp s1-fill-146-f9dd78d6c-4695c 4098e046-740a-4336-8e2e-d279ca8e2fa7 v1 389109 },Related:nil,Note:pod eviction from ip-172-31-31-146 node by sigs.k8s.io/descheduler,Type:Normal,DeprecatedSource:{ },DeprecatedFirstTimestamp:0001-01-01 00:00:00 +0000 UTC,DeprecatedLastTimestamp:0001-01-01 00:00:00 +0000 UTC,DeprecatedCount:0,}"
I0607 06:48:16.757785       1 evictions.go:558] "Evicted pod" pod="defrag-exp/s1-fill-146-f9dd78d6c-79dz9" reason="" strategy="ResourceDefragmentationC2" node="ip-172-31-31-146" profile="default"
I0607 06:48:16.801082       1 profile.go:425] "Total number of evictions/requests" extension point="Balance" evictedPods=8 evictionRequests=0
I0607 06:48:16.801405       1 descheduler.go:252] "Number of evictions/requests" totalEvicted=8 evictionRequests=0
E0607 06:48:16.832473       1 event_broadcaster.go:279] "Unable to write event (may retry after sleeping)" err="client rate limiter Wait returned an error: context canceled"
I0607 06:48:16.832963       1 reflector.go:373] "Stopping reflector" type="*v1.Pod" resyncPeriod="0s" reflector="k8s.io/client-go/informers/factory.go:161"
I0607 06:48:16.833276       1 reflector.go:373] "Stopping reflector" type="*v1.Node" resyncPeriod="0s" reflector="k8s.io/client-go/informers/factory.go:161"
I0607 06:48:16.833355       1 reflector.go:373] "Stopping reflector" type="*v1.PersistentVolumeClaim" resyncPeriod="0s" reflector="k8s.io/client-go/informers/factory.go:161"
I0607 06:48:16.834417       1 tlsconfig.go:258] "Shutting down DynamicServingCertificateController"
I0607 06:48:16.837194       1 secure_serving.go:259] Stopped listening on [::]:10258
