I0607 06:11:35.476770       1 feature_gate.go:466] feature gates: {map[]}
I0607 06:11:35.669979       1 secure_serving.go:57] Forcing use of http/1.1 only
I0607 06:11:35.670393       1 named_certificates.go:53] "Loaded SNI cert" index=0 certName="self-signed loopback" certDetail="\"apiserver-loopback-client@1780812695\" [serving] validServingFor=[apiserver-loopback-client] issuer=\"apiserver-loopback-client-ca@1780812695\" (2026-06-07 05:11:35 +0000 UTC to 2029-06-07 05:11:35 +0000 UTC (now=2026-06-07 06:11:35.670359604 +0000 UTC))"
I0607 06:11:35.670437       1 secure_serving.go:211] Serving securely on [::]:10258
I0607 06:11:35.670659       1 tracing.go:88] Did not find a trace collector endpoint defined. Switching to NoopTraceProvider
I0607 06:11:35.670575       1 tlsconfig.go:243] "Starting DynamicServingCertificateController"
I0607 06:11:35.671182       1 envvar.go:172] "Feature gate default state" feature="ClientsAllowCBOR" enabled=false
I0607 06:11:35.671208       1 envvar.go:172] "Feature gate default state" feature="ClientsPreferCBOR" enabled=false
I0607 06:11:35.671216       1 envvar.go:172] "Feature gate default state" feature="InOrderInformers" enabled=true
I0607 06:11:35.671222       1 envvar.go:172] "Feature gate default state" feature="InOrderInformersBatchProcess" enabled=true
I0607 06:11:35.671271       1 envvar.go:172] "Feature gate default state" feature="InformerResourceVersion" enabled=true
I0607 06:11:35.671283       1 envvar.go:172] "Feature gate default state" feature="WatchListClient" enabled=true
W0607 06:11:35.682559       1 descheduler.go:333] failed to convert Descheduler minor version '' to float: strconv.ParseFloat: parsing "": invalid syntax
I0607 06:11:35.692186       1 reflector.go:367] "Starting reflector" type="*v1.Node" resyncPeriod="0s" reflector="k8s.io/client-go/informers/factory.go:161"
I0607 06:11:35.692243       1 reflector.go:367] "Starting reflector" type="*v1.PersistentVolumeClaim" resyncPeriod="0s" reflector="k8s.io/client-go/informers/factory.go:161"
I0607 06:11:35.692256       1 reflector.go:411] "Listing and watching" type="*v1.PersistentVolumeClaim" reflector="k8s.io/client-go/informers/factory.go:161"
I0607 06:11:35.692363       1 reflector.go:411] "Listing and watching" type="*v1.Node" reflector="k8s.io/client-go/informers/factory.go:161"
I0607 06:11:35.692186       1 reflector.go:367] "Starting reflector" type="*v1.Pod" resyncPeriod="0s" reflector="k8s.io/client-go/informers/factory.go:161"
I0607 06:11:35.692872       1 reflector.go:411] "Listing and watching" type="*v1.Pod" reflector="k8s.io/client-go/informers/factory.go:161"
I0607 06:11:35.697454       1 reflector.go:446] "Caches populated" type="*v1.PersistentVolumeClaim" reflector="k8s.io/client-go/informers/factory.go:161"
I0607 06:11:35.702488       1 reflector.go:446] "Caches populated" type="*v1.Node" reflector="k8s.io/client-go/informers/factory.go:161"
I0607 06:11:35.705967       1 reflector.go:446] "Caches populated" type="*v1.Pod" reflector="k8s.io/client-go/informers/factory.go:161"
I0607 06:11:35.792687       1 descheduler.go:235] Resetting pod evictor counters
I0607 06:11:35.792772       1 resourcedefragmentationc2.go:129] "Starting ResourceDefragmentationC2 balance pass" plugin="ResourceDefragmentationC2" ExtensionPoint="Balance" nodeCount=7
I0607 06:11:35.793088       1 resourcedefragmentationc2.go:205] "Eviction decision" plugin="ResourceDefragmentationC2" ExtensionPoint="Balance" pod="defrag-exp/s4-cpu-245-cccd9967b-rp64n" originNode="ip-172-31-1-245" predictedTarget="ip-172-31-31-146"
I0607 06:11:35.824228       1 evictions.go:558] "Evicted pod" pod="defrag-exp/s4-cpu-245-cccd9967b-rp64n" reason="" strategy="ResourceDefragmentationC2" node="ip-172-31-1-245" profile="default"
I0607 06:11:35.824442       1 resourcedefragmentationc2.go:205] "Eviction decision" plugin="ResourceDefragmentationC2" ExtensionPoint="Balance" pod="defrag-exp/s4-mem-39-5d5899dbd4-5h5kw" originNode="ip-172-31-3-39" predictedTarget="ip-172-31-31-146"
E0607 06:11:35.833768       1 event_broadcaster.go:270] "Server rejected event (will not retry!)" err="events.events.k8s.io is forbidden: User \"system:serviceaccount:kube-system:descheduler\" cannot create resource \"events\" in API group \"events.k8s.io\" in the namespace \"defrag-exp\"" event="&Event{ObjectMeta:{s4-cpu-245-cccd9967b-rp64n.18b6b7b6321d2440  defrag-exp    0 0001-01-01 00:00:00 +0000 UTC <nil> <nil> map[] map[] [] [] []},EventTime:2026-06-07 06:11:35.824287956 +0000 UTC m=+0.385708788,Series:nil,ReportingController:sigs.k8s.io.descheduler,ReportingInstance:sigs.k8s.io.descheduler-descheduler-job-k77qk,Action:Descheduled,Reason:ResourceDefragmentationC2,Regarding:{Pod defrag-exp s4-cpu-245-cccd9967b-rp64n 31981be5-26f8-40ba-926b-f0b369ea17dd v1 380414 },Related:nil,Note:pod eviction from ip-172-31-1-245 node by sigs.k8s.io/descheduler,Type:Normal,DeprecatedSource:{ },DeprecatedFirstTimestamp:0001-01-01 00:00:00 +0000 UTC,DeprecatedLastTimestamp:0001-01-01 00:00:00 +0000 UTC,DeprecatedCount:0,}"
I0607 06:11:35.925723       1 evictions.go:558] "Evicted pod" pod="defrag-exp/s4-mem-39-5d5899dbd4-5h5kw" reason="" strategy="ResourceDefragmentationC2" node="ip-172-31-3-39" profile="default"
I0607 06:11:35.925800       1 resourcedefragmentationc2.go:205] "Eviction decision" plugin="ResourceDefragmentationC2" ExtensionPoint="Balance" pod="defrag-exp/s4-mem-39-5d5899dbd4-27vsg" originNode="ip-172-31-3-39" predictedTarget="ip-172-31-1-245"
E0607 06:11:35.931445       1 event_broadcaster.go:270] "Server rejected event (will not retry!)" err="events.events.k8s.io is forbidden: User \"system:serviceaccount:kube-system:descheduler\" cannot create resource \"events\" in API group \"events.k8s.io\" in the namespace \"defrag-exp\"" event="&Event{ObjectMeta:{s4-mem-39-5d5899dbd4-5h5kw.18b6b7b638291309  defrag-exp    0 0001-01-01 00:00:00 +0000 UTC <nil> <nil> map[] map[] [] [] []},EventTime:2026-06-07 06:11:35.925745659 +0000 UTC m=+0.487166489,Series:nil,ReportingController:sigs.k8s.io.descheduler,ReportingInstance:sigs.k8s.io.descheduler-descheduler-job-k77qk,Action:Descheduled,Reason:ResourceDefragmentationC2,Regarding:{Pod defrag-exp s4-mem-39-5d5899dbd4-5h5kw 3507badc-2760-4e37-9b53-6a10cc07d1fa v1 380562 },Related:nil,Note:pod eviction from ip-172-31-3-39 node by sigs.k8s.io/descheduler,Type:Normal,DeprecatedSource:{ },DeprecatedFirstTimestamp:0001-01-01 00:00:00 +0000 UTC,DeprecatedLastTimestamp:0001-01-01 00:00:00 +0000 UTC,DeprecatedCount:0,}"
I0607 06:11:36.017646       1 evictions.go:558] "Evicted pod" pod="defrag-exp/s4-mem-39-5d5899dbd4-27vsg" reason="" strategy="ResourceDefragmentationC2" node="ip-172-31-3-39" profile="default"
I0607 06:11:36.017726       1 resourcedefragmentationc2.go:205] "Eviction decision" plugin="ResourceDefragmentationC2" ExtensionPoint="Balance" pod="defrag-exp/s4-mem-39-5d5899dbd4-2gktg" originNode="ip-172-31-3-39" predictedTarget="ip-172-31-1-245"
E0607 06:11:36.023420       1 event_broadcaster.go:270] "Server rejected event (will not retry!)" err="events.events.k8s.io is forbidden: User \"system:serviceaccount:kube-system:descheduler\" cannot create resource \"events\" in API group \"events.k8s.io\" in the namespace \"defrag-exp\"" event="&Event{ObjectMeta:{s4-mem-39-5d5899dbd4-27vsg.18b6b7b63da3ad9f  defrag-exp    0 0001-01-01 00:00:00 +0000 UTC <nil> <nil> map[] map[] [] [] []},EventTime:2026-06-07 06:11:36.017670064 +0000 UTC m=+0.579090893,Series:nil,ReportingController:sigs.k8s.io.descheduler,ReportingInstance:sigs.k8s.io.descheduler-descheduler-job-k77qk,Action:Descheduled,Reason:ResourceDefragmentationC2,Regarding:{Pod defrag-exp s4-mem-39-5d5899dbd4-27vsg 334fe8a9-f6f2-47d6-8043-5474ff069ae0 v1 380564 },Related:nil,Note:pod eviction from ip-172-31-3-39 node by sigs.k8s.io/descheduler,Type:Normal,DeprecatedSource:{ },DeprecatedFirstTimestamp:0001-01-01 00:00:00 +0000 UTC,DeprecatedLastTimestamp:0001-01-01 00:00:00 +0000 UTC,DeprecatedCount:0,}"
I0607 06:11:36.115809       1 evictions.go:558] "Evicted pod" pod="defrag-exp/s4-mem-39-5d5899dbd4-2gktg" reason="" strategy="ResourceDefragmentationC2" node="ip-172-31-3-39" profile="default"
I0607 06:11:36.115942       1 profile.go:425] "Total number of evictions/requests" extension point="Balance" evictedPods=4 evictionRequests=0
I0607 06:11:36.115996       1 descheduler.go:252] "Number of evictions/requests" totalEvicted=4 evictionRequests=0
E0607 06:11:36.116483       1 event_broadcaster.go:279] "Unable to write event (may retry after sleeping)" err="client rate limiter Wait returned an error: context canceled"
I0607 06:11:36.116739       1 reflector.go:373] "Stopping reflector" type="*v1.Pod" resyncPeriod="0s" reflector="k8s.io/client-go/informers/factory.go:161"
I0607 06:11:36.116767       1 reflector.go:373] "Stopping reflector" type="*v1.Node" resyncPeriod="0s" reflector="k8s.io/client-go/informers/factory.go:161"
I0607 06:11:36.116858       1 reflector.go:373] "Stopping reflector" type="*v1.PersistentVolumeClaim" resyncPeriod="0s" reflector="k8s.io/client-go/informers/factory.go:161"
I0607 06:11:36.117300       1 tlsconfig.go:258] "Shutting down DynamicServingCertificateController"
I0607 06:11:36.117486       1 secure_serving.go:259] Stopped listening on [::]:10258
