I0606 04:42:09.432140       1 feature_gate.go:466] feature gates: {map[]}
I0606 04:42:09.672374       1 secure_serving.go:57] Forcing use of http/1.1 only
I0606 04:42:09.672844       1 named_certificates.go:53] "Loaded SNI cert" index=0 certName="self-signed loopback" certDetail="\"apiserver-loopback-client@1780720929\" [serving] validServingFor=[apiserver-loopback-client] issuer=\"apiserver-loopback-client-ca@1780720929\" (2026-06-06 03:42:09 +0000 UTC to 2029-06-06 03:42:09 +0000 UTC (now=2026-06-06 04:42:09.672812117 +0000 UTC))"
I0606 04:42:09.672938       1 secure_serving.go:211] Serving securely on [::]:10258
I0606 04:42:09.672965       1 tracing.go:88] Did not find a trace collector endpoint defined. Switching to NoopTraceProvider
I0606 04:42:09.673008       1 tlsconfig.go:243] "Starting DynamicServingCertificateController"
I0606 04:42:09.673311       1 envvar.go:172] "Feature gate default state" feature="ClientsAllowCBOR" enabled=false
I0606 04:42:09.673333       1 envvar.go:172] "Feature gate default state" feature="ClientsPreferCBOR" enabled=false
I0606 04:42:09.673339       1 envvar.go:172] "Feature gate default state" feature="InOrderInformers" enabled=true
I0606 04:42:09.673344       1 envvar.go:172] "Feature gate default state" feature="InOrderInformersBatchProcess" enabled=true
I0606 04:42:09.673350       1 envvar.go:172] "Feature gate default state" feature="InformerResourceVersion" enabled=true
I0606 04:42:09.673357       1 envvar.go:172] "Feature gate default state" feature="WatchListClient" enabled=true
W0606 04:42:09.681591       1 descheduler.go:333] failed to convert Descheduler minor version '' to float: strconv.ParseFloat: parsing "": invalid syntax
I0606 04:42:09.690089       1 reflector.go:367] "Starting reflector" type="*v1.PersistentVolumeClaim" resyncPeriod="0s" reflector="k8s.io/client-go/informers/factory.go:161"
I0606 04:42:09.690188       1 reflector.go:411] "Listing and watching" type="*v1.PersistentVolumeClaim" reflector="k8s.io/client-go/informers/factory.go:161"
I0606 04:42:09.690108       1 reflector.go:367] "Starting reflector" type="*v1.Node" resyncPeriod="0s" reflector="k8s.io/client-go/informers/factory.go:161"
I0606 04:42:09.690512       1 reflector.go:411] "Listing and watching" type="*v1.Node" reflector="k8s.io/client-go/informers/factory.go:161"
I0606 04:42:09.690161       1 reflector.go:367] "Starting reflector" type="*v1.Pod" resyncPeriod="0s" reflector="k8s.io/client-go/informers/factory.go:161"
I0606 04:42:09.690650       1 reflector.go:411] "Listing and watching" type="*v1.Pod" reflector="k8s.io/client-go/informers/factory.go:161"
I0606 04:42:09.695857       1 reflector.go:446] "Caches populated" type="*v1.PersistentVolumeClaim" reflector="k8s.io/client-go/informers/factory.go:161"
I0606 04:42:09.697616       1 reflector.go:446] "Caches populated" type="*v1.Node" reflector="k8s.io/client-go/informers/factory.go:161"
I0606 04:42:09.703251       1 reflector.go:446] "Caches populated" type="*v1.Pod" reflector="k8s.io/client-go/informers/factory.go:161"
I0606 04:42:09.790212       1 descheduler.go:235] Resetting pod evictor counters
I0606 04:42:09.790727       1 highnodeutilization.go:193] "Node has been classified" plugin="HighNodeUtilization" ExtensionPoint="Balance" category="underutilized" node="ip-172-31-1-245" usage={"cpu":"100m","memory":"50Mi","pods":"2"} usagePercentage={"cpu":5,"memory":6,"pods":2}
I0606 04:42:09.790816       1 highnodeutilization.go:193] "Node has been classified" plugin="HighNodeUtilization" ExtensionPoint="Balance" category="underutilized" node="ip-172-31-16-198" usage={"cpu":"100m","memory":"50Mi","pods":"2"} usagePercentage={"cpu":5,"memory":6,"pods":2}
I0606 04:42:09.790872       1 highnodeutilization.go:193] "Node has been classified" plugin="HighNodeUtilization" ExtensionPoint="Balance" category="overutilized" node="ip-172-31-84-108" usage={"cpu":"850m","memory":"220Mi","pods":"7"} usagePercentage={"cpu":43,"memory":6,"pods":6}
I0606 04:42:09.790969       1 highnodeutilization.go:193] "Node has been classified" plugin="HighNodeUtilization" ExtensionPoint="Balance" category="overutilized" node="ip-172-31-19-34" usage={"cpu":"1850m","memory":"190Mi","pods":"5"} usagePercentage={"cpu":93,"memory":23,"pods":5}
I0606 04:42:09.791032       1 highnodeutilization.go:193] "Node has been classified" plugin="HighNodeUtilization" ExtensionPoint="Balance" category="overutilized" node="ip-172-31-3-39" usage={"cpu":"1850m","memory":"190Mi","pods":"5"} usagePercentage={"cpu":93,"memory":23,"pods":5}
I0606 04:42:09.791055       1 highnodeutilization.go:193] "Node has been classified" plugin="HighNodeUtilization" ExtensionPoint="Balance" category="overutilized" node="ip-172-31-31-146" usage={"cpu":"1950m","memory":"790Mi","pods":"6"} usagePercentage={"cpu":98,"memory":97,"pods":5}
I0606 04:42:09.791124       1 highnodeutilization.go:193] "Node has been classified" plugin="HighNodeUtilization" ExtensionPoint="Balance" category="overutilized" node="ip-172-31-6-144" usage={"cpu":"1950m","memory":"790Mi","pods":"5"} usagePercentage={"cpu":98,"memory":97,"pods":5}
I0606 04:42:09.791181       1 highnodeutilization.go:217] "Criteria for a node below target utilization" plugin="HighNodeUtilization" ExtensionPoint="Balance" memory="40.00%" cpu="40.00%"
I0606 04:42:09.791220       1 highnodeutilization.go:218] "Number of underutilized nodes" plugin="HighNodeUtilization" ExtensionPoint="Balance" totalNumber=2
I0606 04:42:09.791297       1 nodeutilization.go:186] "Total capacity to be moved" CPU=1550 Mem=5111930880 Pods=522
I0606 04:42:09.791318       1 nodeutilization.go:194] "Evicting pods from node" node="ip-172-31-1-245" usage={"cpu":"100m","memory":"50Mi","pods":"2"}
I0606 04:42:09.791395       1 nodeutilization.go:201] "Pods on node" node="ip-172-31-1-245" allPods=2 nonRemovablePods=2 removablePods=0
I0606 04:42:09.791419       1 nodeutilization.go:210] "No removable pods on node, try next node" node="ip-172-31-1-245"
I0606 04:42:09.791459       1 nodeutilization.go:194] "Evicting pods from node" node="ip-172-31-16-198" usage={"cpu":"100m","memory":"50Mi","pods":"2"}
I0606 04:42:09.791490       1 nodeutilization.go:201] "Pods on node" node="ip-172-31-16-198" allPods=2 nonRemovablePods=2 removablePods=0
I0606 04:42:09.791499       1 nodeutilization.go:210] "No removable pods on node, try next node" node="ip-172-31-16-198"
I0606 04:42:09.791568       1 profile.go:425] "Total number of evictions/requests" extension point="Balance" evictedPods=0 evictionRequests=0
I0606 04:42:09.791623       1 descheduler.go:252] "Number of evictions/requests" totalEvicted=0 evictionRequests=0
I0606 04:42:09.791814       1 reflector.go:373] "Stopping reflector" type="*v1.Pod" resyncPeriod="0s" reflector="k8s.io/client-go/informers/factory.go:161"
I0606 04:42:09.791837       1 reflector.go:373] "Stopping reflector" type="*v1.Node" resyncPeriod="0s" reflector="k8s.io/client-go/informers/factory.go:161"
I0606 04:42:09.791863       1 reflector.go:373] "Stopping reflector" type="*v1.PersistentVolumeClaim" resyncPeriod="0s" reflector="k8s.io/client-go/informers/factory.go:161"
I0606 04:42:09.792106       1 secure_serving.go:259] Stopped listening on [::]:10258
I0606 04:42:09.792179       1 tlsconfig.go:258] "Shutting down DynamicServingCertificateController"
