I0607 01:52:50.509041       1 feature_gate.go:466] feature gates: {map[]}
I0607 01:52:50.706935       1 secure_serving.go:57] Forcing use of http/1.1 only
I0607 01:52:50.707396       1 named_certificates.go:53] "Loaded SNI cert" index=0 certName="self-signed loopback" certDetail="\"apiserver-loopback-client@1780797170\" [serving] validServingFor=[apiserver-loopback-client] issuer=\"apiserver-loopback-client-ca@1780797170\" (2026-06-07 00:52:50 +0000 UTC to 2029-06-07 00:52:50 +0000 UTC (now=2026-06-07 01:52:50.707359294 +0000 UTC))"
I0607 01:52:50.707433       1 secure_serving.go:211] Serving securely on [::]:10258
I0607 01:52:50.707451       1 tracing.go:88] Did not find a trace collector endpoint defined. Switching to NoopTraceProvider
I0607 01:52:50.707625       1 tlsconfig.go:243] "Starting DynamicServingCertificateController"
I0607 01:52:50.707836       1 envvar.go:172] "Feature gate default state" feature="InOrderInformers" enabled=true
I0607 01:52:50.707863       1 envvar.go:172] "Feature gate default state" feature="InOrderInformersBatchProcess" enabled=true
I0607 01:52:50.707870       1 envvar.go:172] "Feature gate default state" feature="InformerResourceVersion" enabled=true
I0607 01:52:50.707876       1 envvar.go:172] "Feature gate default state" feature="WatchListClient" enabled=true
I0607 01:52:50.707883       1 envvar.go:172] "Feature gate default state" feature="ClientsAllowCBOR" enabled=false
I0607 01:52:50.707889       1 envvar.go:172] "Feature gate default state" feature="ClientsPreferCBOR" enabled=false
W0607 01:52:50.716447       1 descheduler.go:333] failed to convert Descheduler minor version '' to float: strconv.ParseFloat: parsing "": invalid syntax
I0607 01:52:50.724968       1 reflector.go:367] "Starting reflector" type="*v1.Pod" resyncPeriod="0s" reflector="k8s.io/client-go/informers/factory.go:161"
I0607 01:52:50.724983       1 reflector.go:367] "Starting reflector" type="*v1.PersistentVolumeClaim" resyncPeriod="0s" reflector="k8s.io/client-go/informers/factory.go:161"
I0607 01:52:50.724990       1 reflector.go:411] "Listing and watching" type="*v1.Pod" reflector="k8s.io/client-go/informers/factory.go:161"
I0607 01:52:50.724993       1 reflector.go:411] "Listing and watching" type="*v1.PersistentVolumeClaim" reflector="k8s.io/client-go/informers/factory.go:161"
I0607 01:52:50.725246       1 reflector.go:367] "Starting reflector" type="*v1.Node" resyncPeriod="0s" reflector="k8s.io/client-go/informers/factory.go:161"
I0607 01:52:50.725265       1 reflector.go:411] "Listing and watching" type="*v1.Node" reflector="k8s.io/client-go/informers/factory.go:161"
I0607 01:52:50.730936       1 reflector.go:446] "Caches populated" type="*v1.PersistentVolumeClaim" reflector="k8s.io/client-go/informers/factory.go:161"
I0607 01:52:50.736780       1 reflector.go:446] "Caches populated" type="*v1.Node" reflector="k8s.io/client-go/informers/factory.go:161"
I0607 01:52:50.740263       1 reflector.go:446] "Caches populated" type="*v1.Pod" reflector="k8s.io/client-go/informers/factory.go:161"
I0607 01:52:50.825482       1 descheduler.go:235] Resetting pod evictor counters
I0607 01:52:50.825653       1 resourcedefragmentation.go:178] "Starting resource defragmentation balance pass" plugin="ResourceDefragmentation" ExtensionPoint="Balance" nodeCount=7
I0607 01:52:50.825714       1 resourcedefragmentation.go:219] "Node state" plugin="ResourceDefragmentation" ExtensionPoint="Balance" node="ip-172-31-19-34" avgUtilization=0.4554595390888653 minUtilization=0.11091907817773049 binScore=0.38318930863329786 usageSource="requests"
I0607 01:52:50.825746       1 resourcedefragmentation.go:219] "Node state" plugin="ResourceDefragmentation" ExtensionPoint="Balance" node="ip-172-31-3-39" avgUtilization=0.055810706720585405 minUtilization=0.05 binScore=0.5220946466397073 usageSource="requests"
I0607 01:52:50.825764       1 resourcedefragmentation.go:219] "Node state" plugin="ResourceDefragmentation" ExtensionPoint="Balance" node="ip-172-31-31-146" avgUtilization=0.055810855049369584 minUtilization=0.05 binScore=0.5220945724753152 usageSource="requests"
I0607 01:52:50.825779       1 resourcedefragmentation.go:219] "Node state" plugin="ResourceDefragmentation" ExtensionPoint="Balance" node="ip-172-31-6-144" avgUtilization=0.05581634421856492 minUtilization=0.05 binScore=0.5220918278907175 usageSource="requests"
I0607 01:52:50.825791       1 resourcedefragmentation.go:185] "Skipping control-plane node" plugin="ResourceDefragmentation" ExtensionPoint="Balance" node="ip-172-31-84-108"
I0607 01:52:50.825831       1 resourcedefragmentation.go:219] "Node state" plugin="ResourceDefragmentation" ExtensionPoint="Balance" node="ip-172-31-1-245" avgUtilization=0.9367223725581776 minUtilization=0.875 binScore=0.9066388137209112 usageSource="requests"
I0607 01:52:50.825878       1 resourcedefragmentation.go:219] "Node state" plugin="ResourceDefragmentation" ExtensionPoint="Balance" node="ip-172-31-16-198" avgUtilization=0.9366358517997873 minUtilization=0.875 binScore=0.9066820741001065 usageSource="requests"
I0607 01:52:50.825930       1 resourcedefragmentation.go:257] "Node is a drain candidate" plugin="ResourceDefragmentation" ExtensionPoint="Balance" node="ip-172-31-19-34" avgUtilization=0.4554595390888653 binScore=0.38318930863329786 imbalanceIndex=0.6890809218222695 freeSpaceIndex=0.1778161843644539 priority=3.15643298636318
I0607 01:52:50.825985       1 resourcedefragmentation.go:280] "Draining under-utilized node" plugin="ResourceDefragmentation" ExtensionPoint="Balance" node="ip-172-31-19-34" priority=3.15643298636318
I0607 01:52:50.826004       1 resourcedefragmentation.go:867] "Candidate score inputs" plugin="ResourceDefragmentation" pod="defrag-exp/s2-cpu-34-6694c57846-m65bx" originNode="ip-172-31-19-34" c1=0.09053265291139108 c2=-999.9 c3=0.3475783390060611 c4=0
I0607 01:52:50.826020       1 resourcedefragmentation.go:867] "Candidate score inputs" plugin="ResourceDefragmentation" pod="defrag-exp/s2-cpu-34-6694c57846-rpt4d" originNode="ip-172-31-19-34" c1=0.09053265291139108 c2=-999.9 c3=0.3475783390060611 c4=0
I0607 01:52:50.826085       1 resourcedefragmentation.go:294] "No feasible scheduler target within ceiling; leaving pod in place" plugin="ResourceDefragmentation" ExtensionPoint="Balance" pod="defrag-exp/s2-cpu-34-6694c57846-m65bx" originNode="ip-172-31-19-34"
I0607 01:52:50.826101       1 resourcedefragmentation.go:867] "Candidate score inputs" plugin="ResourceDefragmentation" pod="defrag-exp/s2-cpu-34-6694c57846-rpt4d" originNode="ip-172-31-19-34" c1=0.09053265291139108 c2=-999.9 c3=0.3475783390060611 c4=0
I0607 01:52:50.826122       1 resourcedefragmentation.go:294] "No feasible scheduler target within ceiling; leaving pod in place" plugin="ResourceDefragmentation" ExtensionPoint="Balance" pod="defrag-exp/s2-cpu-34-6694c57846-rpt4d" originNode="ip-172-31-19-34"
I0607 01:52:50.826173       1 profile.go:425] "Total number of evictions/requests" extension point="Balance" evictedPods=0 evictionRequests=0
I0607 01:52:50.826200       1 descheduler.go:252] "Number of evictions/requests" totalEvicted=0 evictionRequests=0
I0607 01:52:50.826925       1 reflector.go:373] "Stopping reflector" type="*v1.Pod" resyncPeriod="0s" reflector="k8s.io/client-go/informers/factory.go:161"
I0607 01:52:50.827069       1 reflector.go:373] "Stopping reflector" type="*v1.Node" resyncPeriod="0s" reflector="k8s.io/client-go/informers/factory.go:161"
I0607 01:52:50.827205       1 reflector.go:373] "Stopping reflector" type="*v1.PersistentVolumeClaim" resyncPeriod="0s" reflector="k8s.io/client-go/informers/factory.go:161"
I0607 01:52:50.828432       1 tlsconfig.go:258] "Shutting down DynamicServingCertificateController"
I0607 01:52:50.828439       1 secure_serving.go:259] Stopped listening on [::]:10258
