I0607 01:43:15.813185       1 feature_gate.go:466] feature gates: {map[]}
I0607 01:43:16.022866       1 secure_serving.go:57] Forcing use of http/1.1 only
I0607 01:43:16.023281       1 named_certificates.go:53] "Loaded SNI cert" index=0 certName="self-signed loopback" certDetail="\"apiserver-loopback-client@1780796596\" [serving] validServingFor=[apiserver-loopback-client] issuer=\"apiserver-loopback-client-ca@1780796595\" (2026-06-07 00:43:15 +0000 UTC to 2029-06-07 00:43:15 +0000 UTC (now=2026-06-07 01:43:16.023236183 +0000 UTC))"
I0607 01:43:16.023339       1 secure_serving.go:211] Serving securely on [::]:10258
I0607 01:43:16.023358       1 tracing.go:88] Did not find a trace collector endpoint defined. Switching to NoopTraceProvider
I0607 01:43:16.023400       1 tlsconfig.go:243] "Starting DynamicServingCertificateController"
I0607 01:43:16.023844       1 envvar.go:172] "Feature gate default state" feature="InOrderInformersBatchProcess" enabled=true
I0607 01:43:16.023868       1 envvar.go:172] "Feature gate default state" feature="InformerResourceVersion" enabled=true
I0607 01:43:16.023877       1 envvar.go:172] "Feature gate default state" feature="WatchListClient" enabled=true
I0607 01:43:16.023882       1 envvar.go:172] "Feature gate default state" feature="ClientsAllowCBOR" enabled=false
I0607 01:43:16.023887       1 envvar.go:172] "Feature gate default state" feature="ClientsPreferCBOR" enabled=false
I0607 01:43:16.023893       1 envvar.go:172] "Feature gate default state" feature="InOrderInformers" enabled=true
W0607 01:43:16.032372       1 descheduler.go:333] failed to convert Descheduler minor version '' to float: strconv.ParseFloat: parsing "": invalid syntax
I0607 01:43:16.044349       1 reflector.go:367] "Starting reflector" type="*v1.Node" resyncPeriod="0s" reflector="k8s.io/client-go/informers/factory.go:161"
I0607 01:43:16.044377       1 reflector.go:411] "Listing and watching" type="*v1.Node" reflector="k8s.io/client-go/informers/factory.go:161"
I0607 01:43:16.044484       1 reflector.go:367] "Starting reflector" type="*v1.PersistentVolumeClaim" resyncPeriod="0s" reflector="k8s.io/client-go/informers/factory.go:161"
I0607 01:43:16.044551       1 reflector.go:411] "Listing and watching" type="*v1.PersistentVolumeClaim" reflector="k8s.io/client-go/informers/factory.go:161"
I0607 01:43:16.044349       1 reflector.go:367] "Starting reflector" type="*v1.Pod" resyncPeriod="0s" reflector="k8s.io/client-go/informers/factory.go:161"
I0607 01:43:16.044861       1 reflector.go:411] "Listing and watching" type="*v1.Pod" reflector="k8s.io/client-go/informers/factory.go:161"
I0607 01:43:16.049206       1 reflector.go:446] "Caches populated" type="*v1.Node" reflector="k8s.io/client-go/informers/factory.go:161"
I0607 01:43:16.050485       1 reflector.go:446] "Caches populated" type="*v1.PersistentVolumeClaim" reflector="k8s.io/client-go/informers/factory.go:161"
I0607 01:43:16.054242       1 reflector.go:446] "Caches populated" type="*v1.Pod" reflector="k8s.io/client-go/informers/factory.go:161"
I0607 01:43:16.144790       1 descheduler.go:235] Resetting pod evictor counters
I0607 01:43:16.144868       1 resourcedefragmentation.go:178] "Starting resource defragmentation balance pass" plugin="ResourceDefragmentation" ExtensionPoint="Balance" nodeCount=7
I0607 01:43:16.144926       1 resourcedefragmentation.go:219] "Node state" plugin="ResourceDefragmentation" ExtensionPoint="Balance" node="ip-172-31-16-198" avgUtilization=0.3040542752468479 minUtilization=0.3 binScore=0.6479728623765761 usageSource="requests"
I0607 01:43:16.144958       1 resourcedefragmentation.go:219] "Node state" plugin="ResourceDefragmentation" ExtensionPoint="Balance" node="ip-172-31-19-34" avgUtilization=0.3040542752468479 minUtilization=0.3 binScore=0.6479728623765761 usageSource="requests"
I0607 01:43:16.144975       1 resourcedefragmentation.go:219] "Node state" plugin="ResourceDefragmentation" ExtensionPoint="Balance" node="ip-172-31-3-39" avgUtilization=0.304053533602927 minUtilization=0.3 binScore=0.6479732331985364 usageSource="requests"
I0607 01:43:16.144999       1 resourcedefragmentation.go:219] "Node state" plugin="ResourceDefragmentation" ExtensionPoint="Balance" node="ip-172-31-31-146" avgUtilization=0.3040542752468479 minUtilization=0.3 binScore=0.6479728623765761 usageSource="requests"
I0607 01:43:16.145018       1 resourcedefragmentation.go:219] "Node state" plugin="ResourceDefragmentation" ExtensionPoint="Balance" node="ip-172-31-6-144" avgUtilization=0.3040817210928246 minUtilization=0.3 binScore=0.6479591394535877 usageSource="requests"
I0607 01:43:16.145033       1 resourcedefragmentation.go:185] "Skipping control-plane node" plugin="ResourceDefragmentation" ExtensionPoint="Balance" node="ip-172-31-84-108"
I0607 01:43:16.145047       1 resourcedefragmentation.go:219] "Node state" plugin="ResourceDefragmentation" ExtensionPoint="Balance" node="ip-172-31-1-245" avgUtilization=0.30408097918462274 minUtilization=0.3 binScore=0.6479595104076887 usageSource="requests"
I0607 01:43:16.145113       1 resourcedefragmentation.go:257] "Node is a drain candidate" plugin="ResourceDefragmentation" ExtensionPoint="Balance" node="ip-172-31-16-198" avgUtilization=0.3040542752468479 binScore=0.6479728623765761 imbalanceIndex=-0.008108550493695799 freeSpaceIndex=0.48432401465441294 priority=1.036421006542499
I0607 01:43:16.145150       1 resourcedefragmentation.go:257] "Node is a drain candidate" plugin="ResourceDefragmentation" ExtensionPoint="Balance" node="ip-172-31-19-34" avgUtilization=0.3040542752468479 binScore=0.6479728623765761 imbalanceIndex=-0.008108550493695799 freeSpaceIndex=0.48432401465441294 priority=1.036421006542499
I0607 01:43:16.145178       1 resourcedefragmentation.go:257] "Node is a drain candidate" plugin="ResourceDefragmentation" ExtensionPoint="Balance" node="ip-172-31-3-39" avgUtilization=0.304053533602927 binScore=0.6479732331985364 imbalanceIndex=-0.008107067205854024 freeSpaceIndex=0.48432505295590217 priority=1.036418051699183
I0607 01:43:16.145210       1 resourcedefragmentation.go:257] "Node is a drain candidate" plugin="ResourceDefragmentation" ExtensionPoint="Balance" node="ip-172-31-31-146" avgUtilization=0.3040542752468479 binScore=0.6479728623765761 imbalanceIndex=-0.008108550493695799 freeSpaceIndex=0.48432401465441294 priority=1.036421006542499
I0607 01:43:16.145326       1 resourcedefragmentation.go:257] "Node is a drain candidate" plugin="ResourceDefragmentation" ExtensionPoint="Balance" node="ip-172-31-6-144" avgUtilization=0.3040817210928246 binScore=0.6479591394535877 imbalanceIndex=-0.008163442185649239 freeSpaceIndex=0.48428559047004555 priority=1.036530362423361
I0607 01:43:16.145455       1 resourcedefragmentation.go:257] "Node is a drain candidate" plugin="ResourceDefragmentation" ExtensionPoint="Balance" node="ip-172-31-1-245" avgUtilization=0.30408097918462274 binScore=0.6479595104076887 imbalanceIndex=-0.008161958369245437 freeSpaceIndex=0.48428662914152815 priority=1.0365274061757654
I0607 01:43:16.145556       1 resourcedefragmentation.go:280] "Draining under-utilized node" plugin="ResourceDefragmentation" ExtensionPoint="Balance" node="ip-172-31-6-144" priority=1.036530362423361
I0607 01:43:16.145581       1 resourcedefragmentation.go:867] "Candidate score inputs" plugin="ResourceDefragmentation" pod="defrag-exp/s1-fill-144-75b6ddcffc-vctlb" originNode="ip-172-31-6-144" c1=-0.0000017700619501089005 c2=0.7109125264779511 c3=0.1881735056480581 c4=0
I0607 01:43:16.145648       1 resourcedefragmentation.go:867] "Candidate score inputs" plugin="ResourceDefragmentation" pod="defrag-exp/s1-fill-144-75b6ddcffc-lf9wf" originNode="ip-172-31-6-144" c1=-0.0000017700619501089005 c2=0.7109125264779511 c3=0.1881735056480581 c4=0
I0607 01:43:16.145701       1 resourcedefragmentation.go:298] "Eviction decision" plugin="ResourceDefragmentation" ExtensionPoint="Balance" pod="defrag-exp/s1-fill-144-75b6ddcffc-vctlb" originNode="ip-172-31-6-144" predictedTarget="ip-172-31-3-39"
I0607 01:43:16.166380       1 evictions.go:558] "Evicted pod" pod="defrag-exp/s1-fill-144-75b6ddcffc-vctlb" reason="" strategy="ResourceDefragmentation" node="ip-172-31-6-144" profile="default"
I0607 01:43:16.166523       1 resourcedefragmentation.go:867] "Candidate score inputs" plugin="ResourceDefragmentation" pod="defrag-exp/s1-fill-144-75b6ddcffc-lf9wf" originNode="ip-172-31-6-144" c1=-0.0000021461766236530335 c2=0.7738518197573657 c3=0.218989849866623 c4=0
I0607 01:43:16.166562       1 resourcedefragmentation.go:298] "Eviction decision" plugin="ResourceDefragmentation" ExtensionPoint="Balance" pod="defrag-exp/s1-fill-144-75b6ddcffc-lf9wf" originNode="ip-172-31-6-144" predictedTarget="ip-172-31-3-39"
E0607 01:43:16.172902       1 event_broadcaster.go:270] "Server rejected event (will not retry!)" err="events.events.k8s.io is forbidden: User \"system:serviceaccount:kube-system:descheduler\" cannot create resource \"events\" in API group \"events.k8s.io\" in the namespace \"defrag-exp\"" event="&Event{ObjectMeta:{s1-fill-144-75b6ddcffc-vctlb.18b6a911b3b9907f  defrag-exp    0 0001-01-01 00:00:00 +0000 UTC <nil> <nil> map[] map[] [] [] []},EventTime:2026-06-07 01:43:16.166402622 +0000 UTC m=+0.385673322,Series:nil,ReportingController:sigs.k8s.io.descheduler,ReportingInstance:sigs.k8s.io.descheduler-descheduler-job-s2nb5,Action:Descheduled,Reason:ResourceDefragmentation,Regarding:{Pod defrag-exp s1-fill-144-75b6ddcffc-vctlb 937428c2-fac5-4c22-a74a-e2a9b5e2b09c v1 335396 },Related:nil,Note:pod eviction from ip-172-31-6-144 node by sigs.k8s.io/descheduler,Type:Normal,DeprecatedSource:{ },DeprecatedFirstTimestamp:0001-01-01 00:00:00 +0000 UTC,DeprecatedLastTimestamp:0001-01-01 00:00:00 +0000 UTC,DeprecatedCount:0,}"
I0607 01:43:16.268144       1 evictions.go:558] "Evicted pod" pod="defrag-exp/s1-fill-144-75b6ddcffc-lf9wf" reason="" strategy="ResourceDefragmentation" node="ip-172-31-6-144" profile="default"
I0607 01:43:16.268244       1 resourcedefragmentation.go:280] "Draining under-utilized node" plugin="ResourceDefragmentation" ExtensionPoint="Balance" node="ip-172-31-1-245" priority=1.0365274061757654
I0607 01:43:16.268277       1 resourcedefragmentation.go:867] "Candidate score inputs" plugin="ResourceDefragmentation" pod="defrag-exp/s1-fill-245-7659c95b6c-wmtsk" originNode="ip-172-31-1-245" c1=-0.0000017703457597136126 c2=0.8367911130367802 c3=0.1881732014656953 c4=0
I0607 01:43:16.268293       1 resourcedefragmentation.go:867] "Candidate score inputs" plugin="ResourceDefragmentation" pod="defrag-exp/s1-fill-245-7659c95b6c-m4zqd" originNode="ip-172-31-1-245" c1=-0.0000017703457597136126 c2=0.8367911130367802 c3=0.1881732014656953 c4=0
I0607 01:43:16.268313       1 resourcedefragmentation.go:298] "Eviction decision" plugin="ResourceDefragmentation" ExtensionPoint="Balance" pod="defrag-exp/s1-fill-245-7659c95b6c-wmtsk" originNode="ip-172-31-1-245" predictedTarget="ip-172-31-3-39"
E0607 01:43:16.270440       1 event_broadcaster.go:270] "Server rejected event (will not retry!)" err="events.events.k8s.io is forbidden: User \"system:serviceaccount:kube-system:descheduler\" cannot create resource \"events\" in API group \"events.k8s.io\" in the namespace \"defrag-exp\"" event="&Event{ObjectMeta:{s1-fill-144-75b6ddcffc-lf9wf.18b6a911b9ca06b0  defrag-exp    0 0001-01-01 00:00:00 +0000 UTC <nil> <nil> map[] map[] [] [] []},EventTime:2026-06-07 01:43:16.268163571 +0000 UTC m=+0.487434267,Series:nil,ReportingController:sigs.k8s.io.descheduler,ReportingInstance:sigs.k8s.io.descheduler-descheduler-job-s2nb5,Action:Descheduled,Reason:ResourceDefragmentation,Regarding:{Pod defrag-exp s1-fill-144-75b6ddcffc-lf9wf 37eef11f-57e5-441e-827a-712fcf7264f8 v1 335392 },Related:nil,Note:pod eviction from ip-172-31-6-144 node by sigs.k8s.io/descheduler,Type:Normal,DeprecatedSource:{ },DeprecatedFirstTimestamp:0001-01-01 00:00:00 +0000 UTC,DeprecatedLastTimestamp:0001-01-01 00:00:00 +0000 UTC,DeprecatedCount:0,}"
I0607 01:43:16.380899       1 evictions.go:558] "Evicted pod" pod="defrag-exp/s1-fill-245-7659c95b6c-wmtsk" reason="" strategy="ResourceDefragmentation" node="ip-172-31-1-245" profile="default"
I0607 01:43:16.380964       1 resourcedefragmentation.go:867] "Candidate score inputs" plugin="ResourceDefragmentation" pod="defrag-exp/s1-fill-245-7659c95b6c-m4zqd" originNode="ip-172-31-1-245" c1=-0.000002146717863516808 c2=0.8997304063161948 c3=0.21898939730261985 c4=0
I0607 01:43:16.381013       1 resourcedefragmentation.go:298] "Eviction decision" plugin="ResourceDefragmentation" ExtensionPoint="Balance" pod="defrag-exp/s1-fill-245-7659c95b6c-m4zqd" originNode="ip-172-31-1-245" predictedTarget="ip-172-31-3-39"
E0607 01:43:16.388136       1 event_broadcaster.go:270] "Server rejected event (will not retry!)" err="events.events.k8s.io is forbidden: User \"system:serviceaccount:kube-system:descheduler\" cannot create resource \"events\" in API group \"events.k8s.io\" in the namespace \"defrag-exp\"" event="&Event{ObjectMeta:{s1-fill-245-7659c95b6c-wmtsk.18b6a911c0827c17  defrag-exp    0 0001-01-01 00:00:00 +0000 UTC <nil> <nil> map[] map[] [] [] []},EventTime:2026-06-07 01:43:16.380915312 +0000 UTC m=+0.600186009,Series:nil,ReportingController:sigs.k8s.io.descheduler,ReportingInstance:sigs.k8s.io.descheduler-descheduler-job-s2nb5,Action:Descheduled,Reason:ResourceDefragmentation,Regarding:{Pod defrag-exp s1-fill-245-7659c95b6c-wmtsk a8b4a67f-dd35-4a1f-a956-ead5fae2e15d v1 335200 },Related:nil,Note:pod eviction from ip-172-31-1-245 node by sigs.k8s.io/descheduler,Type:Normal,DeprecatedSource:{ },DeprecatedFirstTimestamp:0001-01-01 00:00:00 +0000 UTC,DeprecatedLastTimestamp:0001-01-01 00:00:00 +0000 UTC,DeprecatedCount:0,}"
I0607 01:43:16.469031       1 evictions.go:558] "Evicted pod" pod="defrag-exp/s1-fill-245-7659c95b6c-m4zqd" reason="" strategy="ResourceDefragmentation" node="ip-172-31-1-245" profile="default"
I0607 01:43:16.469096       1 resourcedefragmentation.go:280] "Draining under-utilized node" plugin="ResourceDefragmentation" ExtensionPoint="Balance" node="ip-172-31-16-198" priority=1.036421006542499
I0607 01:43:16.469196       1 resourcedefragmentation.go:867] "Candidate score inputs" plugin="ResourceDefragmentation" pod="defrag-exp/s1-fill-198-6f65649bd4-5nnjn" originNode="ip-172-31-16-198" c1=-0.000001780414503119157 c2=0.7109120073272065 c3=0.18816225285120763 c4=0
I0607 01:43:16.469239       1 resourcedefragmentation.go:867] "Candidate score inputs" plugin="ResourceDefragmentation" pod="defrag-exp/s1-fill-198-6f65649bd4-sffz7" originNode="ip-172-31-16-198" c1=-0.000001780414503119157 c2=0.7109120073272065 c3=0.18816225285120763 c4=0
I0607 01:43:16.469260       1 resourcedefragmentation.go:298] "Eviction decision" plugin="ResourceDefragmentation" ExtensionPoint="Balance" pod="defrag-exp/s1-fill-198-6f65649bd4-5nnjn" originNode="ip-172-31-16-198" predictedTarget="ip-172-31-31-146"
E0607 01:43:16.471985       1 event_broadcaster.go:270] "Server rejected event (will not retry!)" err="events.events.k8s.io is forbidden: User \"system:serviceaccount:kube-system:descheduler\" cannot create resource \"events\" in API group \"events.k8s.io\" in the namespace \"defrag-exp\"" event="&Event{ObjectMeta:{s1-fill-245-7659c95b6c-m4zqd.18b6a911c5c35791  defrag-exp    0 0001-01-01 00:00:00 +0000 UTC <nil> <nil> map[] map[] [] [] []},EventTime:2026-06-07 01:43:16.469055181 +0000 UTC m=+0.688325879,Series:nil,ReportingController:sigs.k8s.io.descheduler,ReportingInstance:sigs.k8s.io.descheduler-descheduler-job-s2nb5,Action:Descheduled,Reason:ResourceDefragmentation,Regarding:{Pod defrag-exp s1-fill-245-7659c95b6c-m4zqd 791a8967-2c1d-47e2-a533-e0e30006d3dd v1 335204 },Related:nil,Note:pod eviction from ip-172-31-1-245 node by sigs.k8s.io/descheduler,Type:Normal,DeprecatedSource:{ },DeprecatedFirstTimestamp:0001-01-01 00:00:00 +0000 UTC,DeprecatedLastTimestamp:0001-01-01 00:00:00 +0000 UTC,DeprecatedCount:0,}"
I0607 01:43:16.570285       1 evictions.go:558] "Evicted pod" pod="defrag-exp/s1-fill-198-6f65649bd4-5nnjn" reason="" strategy="ResourceDefragmentation" node="ip-172-31-16-198" profile="default"
I0607 01:43:16.581305       1 resourcedefragmentation.go:867] "Candidate score inputs" plugin="ResourceDefragmentation" pod="defrag-exp/s1-fill-198-6f65649bd4-sffz7" originNode="ip-172-31-16-198" c1=-0.000002166111078447549 c2=0.7738511522778369 c3=0.2189731079005772 c4=0
I0607 01:43:16.581365       1 resourcedefragmentation.go:298] "Eviction decision" plugin="ResourceDefragmentation" ExtensionPoint="Balance" pod="defrag-exp/s1-fill-198-6f65649bd4-sffz7" originNode="ip-172-31-16-198" predictedTarget="ip-172-31-31-146"
E0607 01:43:16.591934       1 event_broadcaster.go:270] "Server rejected event (will not retry!)" err="events.events.k8s.io is forbidden: User \"system:serviceaccount:kube-system:descheduler\" cannot create resource \"events\" in API group \"events.k8s.io\" in the namespace \"defrag-exp\"" event="&Event{ObjectMeta:{s1-fill-198-6f65649bd4-5nnjn.18b6a911cc73490d  defrag-exp    0 0001-01-01 00:00:00 +0000 UTC <nil> <nil> map[] map[] [] [] []},EventTime:2026-06-07 01:43:16.581240076 +0000 UTC m=+0.800510784,Series:nil,ReportingController:sigs.k8s.io.descheduler,ReportingInstance:sigs.k8s.io.descheduler-descheduler-job-s2nb5,Action:Descheduled,Reason:ResourceDefragmentation,Regarding:{Pod defrag-exp s1-fill-198-6f65649bd4-5nnjn abfa5ae3-97b9-440e-a58f-dc09780a0f28 v1 335241 },Related:nil,Note:pod eviction from ip-172-31-16-198 node by sigs.k8s.io/descheduler,Type:Normal,DeprecatedSource:{ },DeprecatedFirstTimestamp:0001-01-01 00:00:00 +0000 UTC,DeprecatedLastTimestamp:0001-01-01 00:00:00 +0000 UTC,DeprecatedCount:0,}"
I0607 01:43:16.683693       1 evictions.go:558] "Evicted pod" pod="defrag-exp/s1-fill-198-6f65649bd4-sffz7" reason="" strategy="ResourceDefragmentation" node="ip-172-31-16-198" profile="default"
I0607 01:43:16.693884       1 resourcedefragmentation.go:280] "Draining under-utilized node" plugin="ResourceDefragmentation" ExtensionPoint="Balance" node="ip-172-31-19-34" priority=1.036421006542499
I0607 01:43:16.696984       1 resourcedefragmentation.go:867] "Candidate score inputs" plugin="ResourceDefragmentation" pod="defrag-exp/s1-fill-34-65d8fd768c-9t5f6" originNode="ip-172-31-19-34" c1=-0.000001780414503119157 c2=0.8367902972284673 c3=0.18816225285120763 c4=0
I0607 01:43:16.697005       1 resourcedefragmentation.go:867] "Candidate score inputs" plugin="ResourceDefragmentation" pod="defrag-exp/s1-fill-34-65d8fd768c-qzwt4" originNode="ip-172-31-19-34" c1=-0.000001780414503119157 c2=0.8367902972284673 c3=0.18816225285120763 c4=0
I0607 01:43:16.697026       1 resourcedefragmentation.go:298] "Eviction decision" plugin="ResourceDefragmentation" ExtensionPoint="Balance" pod="defrag-exp/s1-fill-34-65d8fd768c-9t5f6" originNode="ip-172-31-19-34" predictedTarget="ip-172-31-31-146"
E0607 01:43:16.698020       1 event_broadcaster.go:270] "Server rejected event (will not retry!)" err="events.events.k8s.io is forbidden: User \"system:serviceaccount:kube-system:descheduler\" cannot create resource \"events\" in API group \"events.k8s.io\" in the namespace \"defrag-exp\"" event="&Event{ObjectMeta:{s1-fill-198-6f65649bd4-sffz7.18b6a911d31a8dde  defrag-exp    0 0001-01-01 00:00:00 +0000 UTC <nil> <nil> map[] map[] [] [] []},EventTime:2026-06-07 01:43:16.692870158 +0000 UTC m=+0.912140858,Series:nil,ReportingController:sigs.k8s.io.descheduler,ReportingInstance:sigs.k8s.io.descheduler-descheduler-job-s2nb5,Action:Descheduled,Reason:ResourceDefragmentation,Regarding:{Pod defrag-exp s1-fill-198-6f65649bd4-sffz7 72aec44e-0b8a-45ac-8d0e-e7b09f034572 v1 335238 },Related:nil,Note:pod eviction from ip-172-31-16-198 node by sigs.k8s.io/descheduler,Type:Normal,DeprecatedSource:{ },DeprecatedFirstTimestamp:0001-01-01 00:00:00 +0000 UTC,DeprecatedLastTimestamp:0001-01-01 00:00:00 +0000 UTC,DeprecatedCount:0,}"
I0607 01:43:16.838856       1 evictions.go:558] "Evicted pod" pod="defrag-exp/s1-fill-34-65d8fd768c-9t5f6" reason="" strategy="ResourceDefragmentation" node="ip-172-31-19-34" profile="default"
I0607 01:43:16.838910       1 resourcedefragmentation.go:867] "Candidate score inputs" plugin="ResourceDefragmentation" pod="defrag-exp/s1-fill-34-65d8fd768c-qzwt4" originNode="ip-172-31-19-34" c1=-0.000002166111078447549 c2=0.8997294421790978 c3=0.2189731079005772 c4=0
I0607 01:43:16.838938       1 resourcedefragmentation.go:298] "Eviction decision" plugin="ResourceDefragmentation" ExtensionPoint="Balance" pod="defrag-exp/s1-fill-34-65d8fd768c-qzwt4" originNode="ip-172-31-19-34" predictedTarget="ip-172-31-31-146"
E0607 01:43:16.848846       1 event_broadcaster.go:270] "Server rejected event (will not retry!)" err="events.events.k8s.io is forbidden: User \"system:serviceaccount:kube-system:descheduler\" cannot create resource \"events\" in API group \"events.k8s.io\" in the namespace \"defrag-exp\"" event="&Event{ObjectMeta:{s1-fill-34-65d8fd768c-9t5f6.18b6a911dbce52e2  defrag-exp    0 0001-01-01 00:00:00 +0000 UTC <nil> <nil> map[] map[] [] [] []},EventTime:2026-06-07 01:43:16.838874612 +0000 UTC m=+1.058145314,Series:nil,ReportingController:sigs.k8s.io.descheduler,ReportingInstance:sigs.k8s.io.descheduler-descheduler-job-s2nb5,Action:Descheduled,Reason:ResourceDefragmentation,Regarding:{Pod defrag-exp s1-fill-34-65d8fd768c-9t5f6 7cf71ff5-cfff-4045-91f3-38245c199b80 v1 335278 },Related:nil,Note:pod eviction from ip-172-31-19-34 node by sigs.k8s.io/descheduler,Type:Normal,DeprecatedSource:{ },DeprecatedFirstTimestamp:0001-01-01 00:00:00 +0000 UTC,DeprecatedLastTimestamp:0001-01-01 00:00:00 +0000 UTC,DeprecatedCount:0,}"
I0607 01:43:16.873652       1 evictions.go:558] "Evicted pod" pod="defrag-exp/s1-fill-34-65d8fd768c-qzwt4" reason="" strategy="ResourceDefragmentation" node="ip-172-31-19-34" profile="default"
I0607 01:43:16.888297       1 resourcedefragmentation.go:277] "Skipping node now serving as a bin" plugin="ResourceDefragmentation" ExtensionPoint="Balance" node="ip-172-31-31-146"
I0607 01:43:16.899497       1 resourcedefragmentation.go:277] "Skipping node now serving as a bin" plugin="ResourceDefragmentation" ExtensionPoint="Balance" node="ip-172-31-3-39"
I0607 01:43:16.899551       1 profile.go:425] "Total number of evictions/requests" extension point="Balance" evictedPods=8 evictionRequests=0
I0607 01:43:16.899578       1 descheduler.go:252] "Number of evictions/requests" totalEvicted=8 evictionRequests=0
E0607 01:43:16.901939       1 event_broadcaster.go:279] "Unable to write event (may retry after sleeping)" err="client rate limiter Wait returned an error: context canceled"
I0607 01:43:16.907664       1 reflector.go:373] "Stopping reflector" type="*v1.Pod" resyncPeriod="0s" reflector="k8s.io/client-go/informers/factory.go:161"
I0607 01:43:16.907782       1 reflector.go:373] "Stopping reflector" type="*v1.PersistentVolumeClaim" resyncPeriod="0s" reflector="k8s.io/client-go/informers/factory.go:161"
I0607 01:43:16.917412       1 reflector.go:373] "Stopping reflector" type="*v1.Node" resyncPeriod="0s" reflector="k8s.io/client-go/informers/factory.go:161"
I0607 01:43:16.918007       1 tlsconfig.go:258] "Shutting down DynamicServingCertificateController"
I0607 01:43:16.918104       1 secure_serving.go:259] Stopped listening on [::]:10258
