I0607 10:31:19.572350       1 feature_gate.go:466] feature gates: {map[]}
I0607 10:31:19.839502       1 secure_serving.go:57] Forcing use of http/1.1 only
I0607 10:31:19.839918       1 named_certificates.go:53] "Loaded SNI cert" index=0 certName="self-signed loopback" certDetail="\"apiserver-loopback-client@1780828279\" [serving] validServingFor=[apiserver-loopback-client] issuer=\"apiserver-loopback-client-ca@1780828279\" (2026-06-07 09:31:19 +0000 UTC to 2029-06-07 09:31:19 +0000 UTC (now=2026-06-07 10:31:19.83988713 +0000 UTC))"
I0607 10:31:19.839956       1 secure_serving.go:211] Serving securely on [::]:10258
I0607 10:31:19.839990       1 tracing.go:88] Did not find a trace collector endpoint defined. Switching to NoopTraceProvider
I0607 10:31:19.839998       1 tlsconfig.go:243] "Starting DynamicServingCertificateController"
I0607 10:31:19.840396       1 envvar.go:172] "Feature gate default state" feature="ClientsPreferCBOR" enabled=false
I0607 10:31:19.840418       1 envvar.go:172] "Feature gate default state" feature="InOrderInformers" enabled=true
I0607 10:31:19.840425       1 envvar.go:172] "Feature gate default state" feature="InOrderInformersBatchProcess" enabled=true
I0607 10:31:19.840431       1 envvar.go:172] "Feature gate default state" feature="InformerResourceVersion" enabled=true
I0607 10:31:19.840456       1 envvar.go:172] "Feature gate default state" feature="WatchListClient" enabled=true
I0607 10:31:19.840464       1 envvar.go:172] "Feature gate default state" feature="ClientsAllowCBOR" enabled=false
W0607 10:31:19.848851       1 descheduler.go:333] failed to convert Descheduler minor version '' to float: strconv.ParseFloat: parsing "": invalid syntax
I0607 10:31:19.860873       1 reflector.go:367] "Starting reflector" type="*v1.PersistentVolumeClaim" resyncPeriod="0s" reflector="k8s.io/client-go/informers/factory.go:161"
I0607 10:31:19.860901       1 reflector.go:411] "Listing and watching" type="*v1.PersistentVolumeClaim" reflector="k8s.io/client-go/informers/factory.go:161"
I0607 10:31:19.860921       1 reflector.go:367] "Starting reflector" type="*v1.Node" resyncPeriod="0s" reflector="k8s.io/client-go/informers/factory.go:161"
I0607 10:31:19.860931       1 reflector.go:411] "Listing and watching" type="*v1.Node" reflector="k8s.io/client-go/informers/factory.go:161"
I0607 10:31:19.860882       1 reflector.go:367] "Starting reflector" type="*v1.Pod" resyncPeriod="0s" reflector="k8s.io/client-go/informers/factory.go:161"
I0607 10:31:19.861045       1 reflector.go:411] "Listing and watching" type="*v1.Pod" reflector="k8s.io/client-go/informers/factory.go:161"
I0607 10:31:19.866778       1 reflector.go:446] "Caches populated" type="*v1.PersistentVolumeClaim" reflector="k8s.io/client-go/informers/factory.go:161"
I0607 10:31:19.871111       1 reflector.go:446] "Caches populated" type="*v1.Pod" reflector="k8s.io/client-go/informers/factory.go:161"
I0607 10:31:19.871479       1 reflector.go:446] "Caches populated" type="*v1.Node" reflector="k8s.io/client-go/informers/factory.go:161"
I0607 10:31:19.961906       1 descheduler.go:235] Resetting pod evictor counters
I0607 10:31:19.961978       1 resourcedefragmentationc2.go:129] "Starting ResourceDefragmentationC2 balance pass" plugin="ResourceDefragmentationC2" ExtensionPoint="Balance" nodeCount=7
I0607 10:31:19.962154       1 profile.go:425] "Total number of evictions/requests" extension point="Balance" evictedPods=0 evictionRequests=0
I0607 10:31:19.962191       1 descheduler.go:252] "Number of evictions/requests" totalEvicted=0 evictionRequests=0
I0607 10:31:19.963624       1 reflector.go:373] "Stopping reflector" type="*v1.Node" resyncPeriod="0s" reflector="k8s.io/client-go/informers/factory.go:161"
I0607 10:31:19.963893       1 reflector.go:373] "Stopping reflector" type="*v1.Pod" resyncPeriod="0s" reflector="k8s.io/client-go/informers/factory.go:161"
I0607 10:31:19.964097       1 reflector.go:373] "Stopping reflector" type="*v1.PersistentVolumeClaim" resyncPeriod="0s" reflector="k8s.io/client-go/informers/factory.go:161"
I0607 10:31:19.964788       1 secure_serving.go:259] Stopped listening on [::]:10258
