I0607 10:30:29.776570       1 feature_gate.go:466] feature gates: {map[]}
I0607 10:30:30.041043       1 secure_serving.go:57] Forcing use of http/1.1 only
I0607 10:30:30.041481       1 named_certificates.go:53] "Loaded SNI cert" index=0 certName="self-signed loopback" certDetail="\"apiserver-loopback-client@1780828230\" [serving] validServingFor=[apiserver-loopback-client] issuer=\"apiserver-loopback-client-ca@1780828229\" (2026-06-07 09:30:29 +0000 UTC to 2029-06-07 09:30:29 +0000 UTC (now=2026-06-07 10:30:30.041440503 +0000 UTC))"
I0607 10:30:30.041524       1 secure_serving.go:211] Serving securely on [::]:10258
I0607 10:30:30.041547       1 tracing.go:88] Did not find a trace collector endpoint defined. Switching to NoopTraceProvider
I0607 10:30:30.041830       1 tlsconfig.go:243] "Starting DynamicServingCertificateController"
I0607 10:30:30.042493       1 envvar.go:172] "Feature gate default state" feature="ClientsAllowCBOR" enabled=false
I0607 10:30:30.042553       1 envvar.go:172] "Feature gate default state" feature="ClientsPreferCBOR" enabled=false
I0607 10:30:30.042561       1 envvar.go:172] "Feature gate default state" feature="InOrderInformers" enabled=true
I0607 10:30:30.042568       1 envvar.go:172] "Feature gate default state" feature="InOrderInformersBatchProcess" enabled=true
I0607 10:30:30.042573       1 envvar.go:172] "Feature gate default state" feature="InformerResourceVersion" enabled=true
I0607 10:30:30.042579       1 envvar.go:172] "Feature gate default state" feature="WatchListClient" enabled=true
W0607 10:30:30.051879       1 descheduler.go:333] failed to convert Descheduler minor version '' to float: strconv.ParseFloat: parsing "": invalid syntax
I0607 10:30:30.062078       1 reflector.go:367] "Starting reflector" type="*v1.Node" resyncPeriod="0s" reflector="k8s.io/client-go/informers/factory.go:161"
I0607 10:30:30.062078       1 reflector.go:367] "Starting reflector" type="*v1.PersistentVolumeClaim" resyncPeriod="0s" reflector="k8s.io/client-go/informers/factory.go:161"
I0607 10:30:30.062105       1 reflector.go:411] "Listing and watching" type="*v1.Node" reflector="k8s.io/client-go/informers/factory.go:161"
I0607 10:30:30.062106       1 reflector.go:411] "Listing and watching" type="*v1.PersistentVolumeClaim" reflector="k8s.io/client-go/informers/factory.go:161"
I0607 10:30:30.062369       1 reflector.go:367] "Starting reflector" type="*v1.Pod" resyncPeriod="0s" reflector="k8s.io/client-go/informers/factory.go:161"
I0607 10:30:30.062382       1 reflector.go:411] "Listing and watching" type="*v1.Pod" reflector="k8s.io/client-go/informers/factory.go:161"
I0607 10:30:30.067860       1 reflector.go:446] "Caches populated" type="*v1.PersistentVolumeClaim" reflector="k8s.io/client-go/informers/factory.go:161"
I0607 10:30:30.069530       1 reflector.go:446] "Caches populated" type="*v1.Node" reflector="k8s.io/client-go/informers/factory.go:161"
I0607 10:30:30.075686       1 reflector.go:446] "Caches populated" type="*v1.Pod" reflector="k8s.io/client-go/informers/factory.go:161"
I0607 10:30:30.163070       1 descheduler.go:235] Resetting pod evictor counters
I0607 10:30:30.163173       1 resourcedefragmentationc2.go:129] "Starting ResourceDefragmentationC2 balance pass" plugin="ResourceDefragmentationC2" ExtensionPoint="Balance" nodeCount=7
I0607 10:30:30.163405       1 resourcedefragmentationc2.go:205] "Eviction decision" plugin="ResourceDefragmentationC2" ExtensionPoint="Balance" pod="defrag-exp/s4-cpu-245-cccd9967b-2sq8m" originNode="ip-172-31-1-245" predictedTarget="ip-172-31-31-146"
I0607 10:30:30.186654       1 evictions.go:558] "Evicted pod" pod="defrag-exp/s4-cpu-245-cccd9967b-2sq8m" reason="" strategy="ResourceDefragmentationC2" node="ip-172-31-1-245" profile="default"
I0607 10:30:30.187109       1 resourcedefragmentationc2.go:205] "Eviction decision" plugin="ResourceDefragmentationC2" ExtensionPoint="Balance" pod="defrag-exp/s4-mem-39-5d5899dbd4-pvk9n" originNode="ip-172-31-3-39" predictedTarget="ip-172-31-31-146"
E0607 10:30:30.193166       1 event_broadcaster.go:270] "Server rejected event (will not retry!)" err="events.events.k8s.io is forbidden: User \"system:serviceaccount:kube-system:descheduler\" cannot create resource \"events\" in API group \"events.k8s.io\" in the namespace \"defrag-exp\"" event="&Event{ObjectMeta:{s4-cpu-245-cccd9967b-2sq8m.18b6c5d7124606e9  defrag-exp    0 0001-01-01 00:00:00 +0000 UTC <nil> <nil> map[] map[] [] [] []},EventTime:2026-06-07 10:30:30.186805305 +0000 UTC m=+0.445586295,Series:nil,ReportingController:sigs.k8s.io.descheduler,ReportingInstance:sigs.k8s.io.descheduler-descheduler-job-6slg9,Action:Descheduled,Reason:ResourceDefragmentationC2,Regarding:{Pod defrag-exp s4-cpu-245-cccd9967b-2sq8m 54b2f0fc-4d24-45cc-b858-e7711031f116 v1 434503 },Related:nil,Note:pod eviction from ip-172-31-1-245 node by sigs.k8s.io/descheduler,Type:Normal,DeprecatedSource:{ },DeprecatedFirstTimestamp:0001-01-01 00:00:00 +0000 UTC,DeprecatedLastTimestamp:0001-01-01 00:00:00 +0000 UTC,DeprecatedCount:0,}"
I0607 10:30:30.287690       1 evictions.go:558] "Evicted pod" pod="defrag-exp/s4-mem-39-5d5899dbd4-pvk9n" reason="" strategy="ResourceDefragmentationC2" node="ip-172-31-3-39" profile="default"
I0607 10:30:30.287999       1 resourcedefragmentationc2.go:205] "Eviction decision" plugin="ResourceDefragmentationC2" ExtensionPoint="Balance" pod="defrag-exp/s4-mem-39-5d5899dbd4-cv8fk" originNode="ip-172-31-3-39" predictedTarget="ip-172-31-1-245"
E0607 10:30:30.291411       1 event_broadcaster.go:270] "Server rejected event (will not retry!)" err="events.events.k8s.io is forbidden: User \"system:serviceaccount:kube-system:descheduler\" cannot create resource \"events\" in API group \"events.k8s.io\" in the namespace \"defrag-exp\"" event="&Event{ObjectMeta:{s4-mem-39-5d5899dbd4-pvk9n.18b6c5d71849e636  defrag-exp    0 0001-01-01 00:00:00 +0000 UTC <nil> <nil> map[] map[] [] [] []},EventTime:2026-06-07 10:30:30.287712382 +0000 UTC m=+0.546493377,Series:nil,ReportingController:sigs.k8s.io.descheduler,ReportingInstance:sigs.k8s.io.descheduler-descheduler-job-6slg9,Action:Descheduled,Reason:ResourceDefragmentationC2,Regarding:{Pod defrag-exp s4-mem-39-5d5899dbd4-pvk9n e3d26e70-dd38-4cee-a2f6-d7e5c446cc5e v1 434659 },Related:nil,Note:pod eviction from ip-172-31-3-39 node by sigs.k8s.io/descheduler,Type:Normal,DeprecatedSource:{ },DeprecatedFirstTimestamp:0001-01-01 00:00:00 +0000 UTC,DeprecatedLastTimestamp:0001-01-01 00:00:00 +0000 UTC,DeprecatedCount:0,}"
I0607 10:30:30.389991       1 evictions.go:558] "Evicted pod" pod="defrag-exp/s4-mem-39-5d5899dbd4-cv8fk" reason="" strategy="ResourceDefragmentationC2" node="ip-172-31-3-39" profile="default"
I0607 10:30:30.390125       1 resourcedefragmentationc2.go:205] "Eviction decision" plugin="ResourceDefragmentationC2" ExtensionPoint="Balance" pod="defrag-exp/s4-mem-39-5d5899dbd4-pkcv2" originNode="ip-172-31-3-39" predictedTarget="ip-172-31-1-245"
E0607 10:30:30.394208       1 event_broadcaster.go:270] "Server rejected event (will not retry!)" err="events.events.k8s.io is forbidden: User \"system:serviceaccount:kube-system:descheduler\" cannot create resource \"events\" in API group \"events.k8s.io\" in the namespace \"defrag-exp\"" event="&Event{ObjectMeta:{s4-mem-39-5d5899dbd4-cv8fk.18b6c5d71e62708f  defrag-exp    0 0001-01-01 00:00:00 +0000 UTC <nil> <nil> map[] map[] [] [] []},EventTime:2026-06-07 10:30:30.390009459 +0000 UTC m=+0.648790455,Series:nil,ReportingController:sigs.k8s.io.descheduler,ReportingInstance:sigs.k8s.io.descheduler-descheduler-job-6slg9,Action:Descheduled,Reason:ResourceDefragmentationC2,Regarding:{Pod defrag-exp s4-mem-39-5d5899dbd4-cv8fk c5499512-8ccd-4c17-9597-5540318839a6 v1 434663 },Related:nil,Note:pod eviction from ip-172-31-3-39 node by sigs.k8s.io/descheduler,Type:Normal,DeprecatedSource:{ },DeprecatedFirstTimestamp:0001-01-01 00:00:00 +0000 UTC,DeprecatedLastTimestamp:0001-01-01 00:00:00 +0000 UTC,DeprecatedCount:0,}"
I0607 10:30:30.487662       1 evictions.go:558] "Evicted pod" pod="defrag-exp/s4-mem-39-5d5899dbd4-pkcv2" reason="" strategy="ResourceDefragmentationC2" node="ip-172-31-3-39" profile="default"
I0607 10:30:30.488075       1 profile.go:425] "Total number of evictions/requests" extension point="Balance" evictedPods=4 evictionRequests=0
I0607 10:30:30.488169       1 descheduler.go:252] "Number of evictions/requests" totalEvicted=4 evictionRequests=0
I0607 10:30:30.488266       1 reflector.go:373] "Stopping reflector" type="*v1.PersistentVolumeClaim" resyncPeriod="0s" reflector="k8s.io/client-go/informers/factory.go:161"
E0607 10:30:30.488346       1 event_broadcaster.go:279] "Unable to write event (may retry after sleeping)" err="Post \"https://10.96.0.1:443/apis/events.k8s.io/v1/namespaces/defrag-exp/events\": context canceled"
I0607 10:30:30.488380       1 reflector.go:373] "Stopping reflector" type="*v1.Pod" resyncPeriod="0s" reflector="k8s.io/client-go/informers/factory.go:161"
I0607 10:30:30.488402       1 reflector.go:373] "Stopping reflector" type="*v1.Node" resyncPeriod="0s" reflector="k8s.io/client-go/informers/factory.go:161"
I0607 10:30:30.488909       1 secure_serving.go:259] Stopped listening on [::]:10258
