I0607 10:30:55.383953       1 feature_gate.go:466] feature gates: {map[]}
I0607 10:30:55.778996       1 secure_serving.go:57] Forcing use of http/1.1 only
I0607 10:30:55.779410       1 named_certificates.go:53] "Loaded SNI cert" index=0 certName="self-signed loopback" certDetail="\"apiserver-loopback-client@1780828255\" [serving] validServingFor=[apiserver-loopback-client] issuer=\"apiserver-loopback-client-ca@1780828255\" (2026-06-07 09:30:55 +0000 UTC to 2029-06-07 09:30:55 +0000 UTC (now=2026-06-07 10:30:55.779370303 +0000 UTC))"
I0607 10:30:55.779468       1 secure_serving.go:211] Serving securely on [::]:10258
I0607 10:30:55.779489       1 tracing.go:88] Did not find a trace collector endpoint defined. Switching to NoopTraceProvider
I0607 10:30:55.779530       1 tlsconfig.go:243] "Starting DynamicServingCertificateController"
I0607 10:30:55.779915       1 envvar.go:172] "Feature gate default state" feature="InOrderInformers" enabled=true
I0607 10:30:55.779939       1 envvar.go:172] "Feature gate default state" feature="InOrderInformersBatchProcess" enabled=true
I0607 10:30:55.779946       1 envvar.go:172] "Feature gate default state" feature="InformerResourceVersion" enabled=true
I0607 10:30:55.779952       1 envvar.go:172] "Feature gate default state" feature="WatchListClient" enabled=true
I0607 10:30:55.779958       1 envvar.go:172] "Feature gate default state" feature="ClientsAllowCBOR" enabled=false
I0607 10:30:55.779965       1 envvar.go:172] "Feature gate default state" feature="ClientsPreferCBOR" enabled=false
W0607 10:30:55.788695       1 descheduler.go:333] failed to convert Descheduler minor version '' to float: strconv.ParseFloat: parsing "": invalid syntax
I0607 10:30:55.797889       1 reflector.go:367] "Starting reflector" type="*v1.PersistentVolumeClaim" resyncPeriod="0s" reflector="k8s.io/client-go/informers/factory.go:161"
I0607 10:30:55.797916       1 reflector.go:411] "Listing and watching" type="*v1.PersistentVolumeClaim" reflector="k8s.io/client-go/informers/factory.go:161"
I0607 10:30:55.798379       1 reflector.go:367] "Starting reflector" type="*v1.Node" resyncPeriod="0s" reflector="k8s.io/client-go/informers/factory.go:161"
I0607 10:30:55.798487       1 reflector.go:411] "Listing and watching" type="*v1.Node" reflector="k8s.io/client-go/informers/factory.go:161"
I0607 10:30:55.799037       1 reflector.go:367] "Starting reflector" type="*v1.Pod" resyncPeriod="0s" reflector="k8s.io/client-go/informers/factory.go:161"
I0607 10:30:55.799055       1 reflector.go:411] "Listing and watching" type="*v1.Pod" reflector="k8s.io/client-go/informers/factory.go:161"
I0607 10:30:55.805312       1 reflector.go:446] "Caches populated" type="*v1.Node" reflector="k8s.io/client-go/informers/factory.go:161"
I0607 10:30:55.807799       1 reflector.go:446] "Caches populated" type="*v1.PersistentVolumeClaim" reflector="k8s.io/client-go/informers/factory.go:161"
I0607 10:30:55.811542       1 reflector.go:446] "Caches populated" type="*v1.Pod" reflector="k8s.io/client-go/informers/factory.go:161"
I0607 10:30:55.898700       1 descheduler.go:235] Resetting pod evictor counters
I0607 10:30:55.898782       1 resourcedefragmentationc2.go:129] "Starting ResourceDefragmentationC2 balance pass" plugin="ResourceDefragmentationC2" ExtensionPoint="Balance" nodeCount=7
I0607 10:30:55.898981       1 resourcedefragmentationc2.go:205] "Eviction decision" plugin="ResourceDefragmentationC2" ExtensionPoint="Balance" pod="defrag-exp/s4-mem-34-67b57f4875-jdshj" originNode="ip-172-31-19-34" predictedTarget="ip-172-31-1-245"
I0607 10:30:55.924042       1 evictions.go:558] "Evicted pod" pod="defrag-exp/s4-mem-34-67b57f4875-jdshj" reason="" strategy="ResourceDefragmentationC2" node="ip-172-31-19-34" profile="default"
I0607 10:30:55.924176       1 profile.go:425] "Total number of evictions/requests" extension point="Balance" evictedPods=1 evictionRequests=0
I0607 10:30:55.924228       1 descheduler.go:252] "Number of evictions/requests" totalEvicted=1 evictionRequests=0
E0607 10:30:55.924733       1 event_broadcaster.go:279] "Unable to write event (may retry after sleeping)" err="client rate limiter Wait returned an error: context canceled"
I0607 10:30:55.924889       1 reflector.go:373] "Stopping reflector" type="*v1.Pod" resyncPeriod="0s" reflector="k8s.io/client-go/informers/factory.go:161"
I0607 10:30:55.925043       1 reflector.go:373] "Stopping reflector" type="*v1.PersistentVolumeClaim" resyncPeriod="0s" reflector="k8s.io/client-go/informers/factory.go:161"
I0607 10:30:55.925268       1 reflector.go:373] "Stopping reflector" type="*v1.Node" resyncPeriod="0s" reflector="k8s.io/client-go/informers/factory.go:161"
I0607 10:30:55.925882       1 tlsconfig.go:258] "Shutting down DynamicServingCertificateController"
I0607 10:30:55.925890       1 secure_serving.go:259] Stopped listening on [::]:10258
