I0607 02:01:07.652315       1 feature_gate.go:466] feature gates: {map[]}
I0607 02:01:07.766537       1 secure_serving.go:57] Forcing use of http/1.1 only
I0607 02:01:07.768728       1 named_certificates.go:53] "Loaded SNI cert" index=0 certName="self-signed loopback" certDetail="\"apiserver-loopback-client@1780797667\" [serving] validServingFor=[apiserver-loopback-client] issuer=\"apiserver-loopback-client-ca@1780797667\" (2026-06-07 01:01:07 +0000 UTC to 2029-06-07 01:01:07 +0000 UTC (now=2026-06-07 02:01:07.767038988 +0000 UTC))"
I0607 02:01:07.768788       1 secure_serving.go:211] Serving securely on [::]:10258
I0607 02:01:07.768811       1 tracing.go:88] Did not find a trace collector endpoint defined. Switching to NoopTraceProvider
I0607 02:01:07.768858       1 tlsconfig.go:243] "Starting DynamicServingCertificateController"
I0607 02:01:07.775228       1 envvar.go:172] "Feature gate default state" feature="WatchListClient" enabled=true
I0607 02:01:07.775298       1 envvar.go:172] "Feature gate default state" feature="ClientsAllowCBOR" enabled=false
I0607 02:01:07.775309       1 envvar.go:172] "Feature gate default state" feature="ClientsPreferCBOR" enabled=false
I0607 02:01:07.775316       1 envvar.go:172] "Feature gate default state" feature="InOrderInformers" enabled=true
I0607 02:01:07.775324       1 envvar.go:172] "Feature gate default state" feature="InOrderInformersBatchProcess" enabled=true
I0607 02:01:07.775331       1 envvar.go:172] "Feature gate default state" feature="InformerResourceVersion" enabled=true
W0607 02:01:07.824908       1 descheduler.go:333] failed to convert Descheduler minor version '' to float: strconv.ParseFloat: parsing "": invalid syntax
I0607 02:01:07.838841       1 reflector.go:367] "Starting reflector" type="*v1.Pod" resyncPeriod="0s" reflector="k8s.io/client-go/informers/factory.go:161"
I0607 02:01:07.838921       1 reflector.go:411] "Listing and watching" type="*v1.Pod" reflector="k8s.io/client-go/informers/factory.go:161"
I0607 02:01:07.838987       1 reflector.go:367] "Starting reflector" type="*v1.Node" resyncPeriod="0s" reflector="k8s.io/client-go/informers/factory.go:161"
I0607 02:01:07.839017       1 reflector.go:411] "Listing and watching" type="*v1.Node" reflector="k8s.io/client-go/informers/factory.go:161"
I0607 02:01:07.838841       1 reflector.go:367] "Starting reflector" type="*v1.PersistentVolumeClaim" resyncPeriod="0s" reflector="k8s.io/client-go/informers/factory.go:161"
I0607 02:01:07.840943       1 reflector.go:411] "Listing and watching" type="*v1.PersistentVolumeClaim" reflector="k8s.io/client-go/informers/factory.go:161"
I0607 02:01:07.850893       1 reflector.go:446] "Caches populated" type="*v1.PersistentVolumeClaim" reflector="k8s.io/client-go/informers/factory.go:161"
I0607 02:01:07.856581       1 reflector.go:446] "Caches populated" type="*v1.Node" reflector="k8s.io/client-go/informers/factory.go:161"
I0607 02:01:07.867611       1 reflector.go:446] "Caches populated" type="*v1.Pod" reflector="k8s.io/client-go/informers/factory.go:161"
I0607 02:01:07.938361       1 descheduler.go:235] Resetting pod evictor counters
I0607 02:01:07.939111       1 resourcedefragmentation.go:178] "Starting resource defragmentation balance pass" plugin="ResourceDefragmentation" ExtensionPoint="Balance" nodeCount=7
I0607 02:01:07.939184       1 resourcedefragmentation.go:219] "Node state" plugin="ResourceDefragmentation" ExtensionPoint="Balance" node="ip-172-31-1-245" avgUtilization=0.30408097918462274 minUtilization=0.3 binScore=0.6479595104076887 usageSource="requests"
I0607 02:01:07.939222       1 resourcedefragmentation.go:219] "Node state" plugin="ResourceDefragmentation" ExtensionPoint="Balance" node="ip-172-31-16-198" avgUtilization=0.3040542752468479 minUtilization=0.3 binScore=0.6479728623765761 usageSource="requests"
I0607 02:01:07.939243       1 resourcedefragmentation.go:219] "Node state" plugin="ResourceDefragmentation" ExtensionPoint="Balance" node="ip-172-31-19-34" avgUtilization=0.4554595390888653 minUtilization=0.11091907817773049 binScore=0.38318930863329786 usageSource="requests"
I0607 02:01:07.939291       1 resourcedefragmentation.go:219] "Node state" plugin="ResourceDefragmentation" ExtensionPoint="Balance" node="ip-172-31-3-39" avgUtilization=0.4554592720970537 minUtilization=0.11091854419410745 binScore=0.38318890814558054 usageSource="requests"
I0607 02:01:07.939311       1 resourcedefragmentation.go:219] "Node state" plugin="ResourceDefragmentation" ExtensionPoint="Balance" node="ip-172-31-31-146" avgUtilization=0.8501897996813002 minUtilization=0.85 binScore=0.9249051001593498 usageSource="requests"
I0607 02:01:07.939425       1 resourcedefragmentation.go:219] "Node state" plugin="ResourceDefragmentation" ExtensionPoint="Balance" node="ip-172-31-6-144" avgUtilization=0.850265550216196 minUtilization=0.85 binScore=0.9248672248919021 usageSource="requests"
I0607 02:01:07.939457       1 resourcedefragmentation.go:185] "Skipping control-plane node" plugin="ResourceDefragmentation" ExtensionPoint="Balance" node="ip-172-31-84-108"
I0607 02:01:07.939556       1 resourcedefragmentation.go:257] "Node is a drain candidate" plugin="ResourceDefragmentation" ExtensionPoint="Balance" node="ip-172-31-1-245" avgUtilization=0.30408097918462274 binScore=0.6479595104076887 imbalanceIndex=-0.008161958369245437 freeSpaceIndex=0.48428662914152815 priority=1.0365274061757654
I0607 02:01:07.939596       1 resourcedefragmentation.go:257] "Node is a drain candidate" plugin="ResourceDefragmentation" ExtensionPoint="Balance" node="ip-172-31-16-198" avgUtilization=0.3040542752468479 binScore=0.6479728623765761 imbalanceIndex=-0.008108550493695799 freeSpaceIndex=0.48432401465441294 priority=1.036421006542499
I0607 02:01:07.939629       1 resourcedefragmentation.go:257] "Node is a drain candidate" plugin="ResourceDefragmentation" ExtensionPoint="Balance" node="ip-172-31-19-34" avgUtilization=0.4554595390888653 binScore=0.38318930863329786 imbalanceIndex=0.6890809218222695 freeSpaceIndex=0.1778161843644539 priority=3.15643298636318
I0607 02:01:07.939747       1 resourcedefragmentation.go:257] "Node is a drain candidate" plugin="ResourceDefragmentation" ExtensionPoint="Balance" node="ip-172-31-3-39" avgUtilization=0.4554592720970537 binScore=0.38318890814558054 imbalanceIndex=0.6890814558058926 freeSpaceIndex=0.17781629116117853 priority=3.1564315645282273
I0607 02:01:07.939809       1 resourcedefragmentation.go:280] "Draining under-utilized node" plugin="ResourceDefragmentation" ExtensionPoint="Balance" node="ip-172-31-19-34" priority=3.15643298636318
I0607 02:01:07.939864       1 resourcedefragmentation.go:867] "Candidate score inputs" plugin="ResourceDefragmentation" pod="defrag-exp/s3-cpu-34-848456d98d-8nw6c" originNode="ip-172-31-19-34" c1=0.09053265291139108 c2=-999.9 c3=0.3475783390060611 c4=0
I0607 02:01:07.939918       1 resourcedefragmentation.go:867] "Candidate score inputs" plugin="ResourceDefragmentation" pod="defrag-exp/s3-cpu-34-848456d98d-n28vw" originNode="ip-172-31-19-34" c1=0.09053265291139108 c2=-999.9 c3=0.3475783390060611 c4=0
I0607 02:01:07.939965       1 resourcedefragmentation.go:294] "No feasible scheduler target within ceiling; leaving pod in place" plugin="ResourceDefragmentation" ExtensionPoint="Balance" pod="defrag-exp/s3-cpu-34-848456d98d-8nw6c" originNode="ip-172-31-19-34"
I0607 02:01:07.940033       1 resourcedefragmentation.go:867] "Candidate score inputs" plugin="ResourceDefragmentation" pod="defrag-exp/s3-cpu-34-848456d98d-n28vw" originNode="ip-172-31-19-34" c1=0.09053265291139108 c2=-999.9 c3=0.3475783390060611 c4=0
I0607 02:01:07.940056       1 resourcedefragmentation.go:294] "No feasible scheduler target within ceiling; leaving pod in place" plugin="ResourceDefragmentation" ExtensionPoint="Balance" pod="defrag-exp/s3-cpu-34-848456d98d-n28vw" originNode="ip-172-31-19-34"
I0607 02:01:07.940070       1 resourcedefragmentation.go:280] "Draining under-utilized node" plugin="ResourceDefragmentation" ExtensionPoint="Balance" node="ip-172-31-3-39" priority=3.1564315645282273
I0607 02:01:07.940116       1 resourcedefragmentation.go:867] "Candidate score inputs" plugin="ResourceDefragmentation" pod="defrag-exp/s3-cpu-39-694f845c9f-cwd78" originNode="ip-172-31-3-39" c1=0.09053275373027483 c2=-999.9 c3=0.347578471018679 c4=0
I0607 02:01:07.940134       1 resourcedefragmentation.go:867] "Candidate score inputs" plugin="ResourceDefragmentation" pod="defrag-exp/s3-cpu-39-694f845c9f-bpqfk" originNode="ip-172-31-3-39" c1=0.09053275373027483 c2=-999.9 c3=0.347578471018679 c4=0
I0607 02:01:07.940152       1 resourcedefragmentation.go:294] "No feasible scheduler target within ceiling; leaving pod in place" plugin="ResourceDefragmentation" ExtensionPoint="Balance" pod="defrag-exp/s3-cpu-39-694f845c9f-cwd78" originNode="ip-172-31-3-39"
I0607 02:01:07.940164       1 resourcedefragmentation.go:867] "Candidate score inputs" plugin="ResourceDefragmentation" pod="defrag-exp/s3-cpu-39-694f845c9f-bpqfk" originNode="ip-172-31-3-39" c1=0.09053275373027483 c2=-999.9 c3=0.347578471018679 c4=0
I0607 02:01:07.940217       1 resourcedefragmentation.go:294] "No feasible scheduler target within ceiling; leaving pod in place" plugin="ResourceDefragmentation" ExtensionPoint="Balance" pod="defrag-exp/s3-cpu-39-694f845c9f-bpqfk" originNode="ip-172-31-3-39"
I0607 02:01:07.940231       1 resourcedefragmentation.go:280] "Draining under-utilized node" plugin="ResourceDefragmentation" ExtensionPoint="Balance" node="ip-172-31-1-245" priority=1.0365274061757654
I0607 02:01:07.940246       1 resourcedefragmentation.go:867] "Candidate score inputs" plugin="ResourceDefragmentation" pod="defrag-exp/s3-under-245-574b8b4b46-mc9xg" originNode="ip-172-31-1-245" c1=-0.0000017703457597136126 c2=0.7109120073272065 c3=0.1881732014656953 c4=0
I0607 02:01:07.940306       1 resourcedefragmentation.go:867] "Candidate score inputs" plugin="ResourceDefragmentation" pod="defrag-exp/s3-under-245-574b8b4b46-sbbk4" originNode="ip-172-31-1-245" c1=-0.0000017703457597136126 c2=0.7109120073272065 c3=0.1881732014656953 c4=0
I0607 02:01:07.940368       1 resourcedefragmentation.go:298] "Eviction decision" plugin="ResourceDefragmentation" ExtensionPoint="Balance" pod="defrag-exp/s3-under-245-574b8b4b46-mc9xg" originNode="ip-172-31-1-245" predictedTarget="ip-172-31-16-198"
I0607 02:01:07.973126       1 evictions.go:558] "Evicted pod" pod="defrag-exp/s3-under-245-574b8b4b46-mc9xg" reason="" strategy="ResourceDefragmentation" node="ip-172-31-1-245" profile="default"
I0607 02:01:07.973921       1 resourcedefragmentation.go:867] "Candidate score inputs" plugin="ResourceDefragmentation" pod="defrag-exp/s3-under-245-574b8b4b46-sbbk4" originNode="ip-172-31-1-245" c1=-0.000002146717863516808 c2=0.7738511522778369 c3=0.21898939730261985 c4=0
I0607 02:01:07.973966       1 resourcedefragmentation.go:298] "Eviction decision" plugin="ResourceDefragmentation" ExtensionPoint="Balance" pod="defrag-exp/s3-under-245-574b8b4b46-sbbk4" originNode="ip-172-31-1-245" predictedTarget="ip-172-31-16-198"
E0607 02:01:07.981857       1 event_broadcaster.go:270] "Server rejected event (will not retry!)" err="events.events.k8s.io is forbidden: User \"system:serviceaccount:kube-system:descheduler\" cannot create resource \"events\" in API group \"events.k8s.io\" in the namespace \"defrag-exp\"" event="&Event{ObjectMeta:{s3-under-245-574b8b4b46-mc9xg.18b6aa0b406d2565  defrag-exp    0 0001-01-01 00:00:00 +0000 UTC <nil> <nil> map[] map[] [] [] []},EventTime:2026-06-07 02:01:07.97314824 +0000 UTC m=+0.605586200,Series:nil,ReportingController:sigs.k8s.io.descheduler,ReportingInstance:sigs.k8s.io.descheduler-descheduler-job-czj7c,Action:Descheduled,Reason:ResourceDefragmentation,Regarding:{Pod defrag-exp s3-under-245-574b8b4b46-mc9xg 6192f8aa-3a64-4fa8-b524-90516e451a6c v1 345098 },Related:nil,Note:pod eviction from ip-172-31-1-245 node by sigs.k8s.io/descheduler,Type:Normal,DeprecatedSource:{ },DeprecatedFirstTimestamp:0001-01-01 00:00:00 +0000 UTC,DeprecatedLastTimestamp:0001-01-01 00:00:00 +0000 UTC,DeprecatedCount:0,}"
I0607 02:01:08.072900       1 evictions.go:558] "Evicted pod" pod="defrag-exp/s3-under-245-574b8b4b46-sbbk4" reason="" strategy="ResourceDefragmentation" node="ip-172-31-1-245" profile="default"
I0607 02:01:08.072965       1 resourcedefragmentation.go:277] "Skipping node now serving as a bin" plugin="ResourceDefragmentation" ExtensionPoint="Balance" node="ip-172-31-16-198"
I0607 02:01:08.073028       1 profile.go:425] "Total number of evictions/requests" extension point="Balance" evictedPods=2 evictionRequests=0
I0607 02:01:08.073070       1 descheduler.go:252] "Number of evictions/requests" totalEvicted=2 evictionRequests=0
I0607 02:01:08.073135       1 reflector.go:373] "Stopping reflector" type="*v1.Pod" resyncPeriod="0s" reflector="k8s.io/client-go/informers/factory.go:161"
E0607 02:01:08.073300       1 event_broadcaster.go:279] "Unable to write event (may retry after sleeping)" err="client rate limiter Wait returned an error: context canceled"
I0607 02:01:08.073326       1 reflector.go:373] "Stopping reflector" type="*v1.Node" resyncPeriod="0s" reflector="k8s.io/client-go/informers/factory.go:161"
I0607 02:01:08.073347       1 reflector.go:373] "Stopping reflector" type="*v1.PersistentVolumeClaim" resyncPeriod="0s" reflector="k8s.io/client-go/informers/factory.go:161"
I0607 02:01:08.074359       1 secure_serving.go:259] Stopped listening on [::]:10258
