I0607 02:01:31.808579       1 feature_gate.go:466] feature gates: {map[]}
I0607 02:01:31.960660       1 secure_serving.go:57] Forcing use of http/1.1 only
I0607 02:01:31.961048       1 named_certificates.go:53] "Loaded SNI cert" index=0 certName="self-signed loopback" certDetail="\"apiserver-loopback-client@1780797691\" [serving] validServingFor=[apiserver-loopback-client] issuer=\"apiserver-loopback-client-ca@1780797691\" (2026-06-07 01:01:31 +0000 UTC to 2029-06-07 01:01:31 +0000 UTC (now=2026-06-07 02:01:31.960983248 +0000 UTC))"
I0607 02:01:31.961096       1 secure_serving.go:211] Serving securely on [::]:10258
I0607 02:01:31.961112       1 tracing.go:88] Did not find a trace collector endpoint defined. Switching to NoopTraceProvider
I0607 02:01:31.961161       1 tlsconfig.go:243] "Starting DynamicServingCertificateController"
I0607 02:01:31.961525       1 envvar.go:172] "Feature gate default state" feature="InOrderInformers" enabled=true
I0607 02:01:31.961544       1 envvar.go:172] "Feature gate default state" feature="InOrderInformersBatchProcess" enabled=true
I0607 02:01:31.961551       1 envvar.go:172] "Feature gate default state" feature="InformerResourceVersion" enabled=true
I0607 02:01:31.961558       1 envvar.go:172] "Feature gate default state" feature="WatchListClient" enabled=true
I0607 02:01:31.961574       1 envvar.go:172] "Feature gate default state" feature="ClientsAllowCBOR" enabled=false
I0607 02:01:31.961581       1 envvar.go:172] "Feature gate default state" feature="ClientsPreferCBOR" enabled=false
W0607 02:01:31.972680       1 descheduler.go:333] failed to convert Descheduler minor version '' to float: strconv.ParseFloat: parsing "": invalid syntax
I0607 02:01:31.982436       1 reflector.go:367] "Starting reflector" type="*v1.Node" resyncPeriod="0s" reflector="k8s.io/client-go/informers/factory.go:161"
I0607 02:01:31.982464       1 reflector.go:411] "Listing and watching" type="*v1.Node" reflector="k8s.io/client-go/informers/factory.go:161"
I0607 02:01:31.982521       1 reflector.go:367] "Starting reflector" type="*v1.Pod" resyncPeriod="0s" reflector="k8s.io/client-go/informers/factory.go:161"
I0607 02:01:31.982533       1 reflector.go:411] "Listing and watching" type="*v1.Pod" reflector="k8s.io/client-go/informers/factory.go:161"
I0607 02:01:31.982441       1 reflector.go:367] "Starting reflector" type="*v1.PersistentVolumeClaim" resyncPeriod="0s" reflector="k8s.io/client-go/informers/factory.go:161"
I0607 02:01:31.982650       1 reflector.go:411] "Listing and watching" type="*v1.PersistentVolumeClaim" reflector="k8s.io/client-go/informers/factory.go:161"
I0607 02:01:31.988989       1 reflector.go:446] "Caches populated" type="*v1.PersistentVolumeClaim" reflector="k8s.io/client-go/informers/factory.go:161"
I0607 02:01:31.989800       1 reflector.go:446] "Caches populated" type="*v1.Node" reflector="k8s.io/client-go/informers/factory.go:161"
I0607 02:01:31.992928       1 reflector.go:446] "Caches populated" type="*v1.Pod" reflector="k8s.io/client-go/informers/factory.go:161"
I0607 02:01:32.083224       1 descheduler.go:235] Resetting pod evictor counters
I0607 02:01:32.083295       1 resourcedefragmentation.go:178] "Starting resource defragmentation balance pass" plugin="ResourceDefragmentation" ExtensionPoint="Balance" nodeCount=7
I0607 02:01:32.083347       1 resourcedefragmentation.go:219] "Node state" plugin="ResourceDefragmentation" ExtensionPoint="Balance" node="ip-172-31-1-245" avgUtilization=0.05581619583692454 minUtilization=0.05 binScore=0.5220919020815378 usageSource="requests"
I0607 02:01:32.083380       1 resourcedefragmentation.go:219] "Node state" plugin="ResourceDefragmentation" ExtensionPoint="Balance" node="ip-172-31-16-198" avgUtilization=0.3040542752468479 minUtilization=0.3 binScore=0.6479728623765761 usageSource="requests"
I0607 02:01:32.083397       1 resourcedefragmentation.go:219] "Node state" plugin="ResourceDefragmentation" ExtensionPoint="Balance" node="ip-172-31-19-34" avgUtilization=0.4554595390888653 minUtilization=0.11091907817773049 binScore=0.38318930863329786 usageSource="requests"
I0607 02:01:32.083416       1 resourcedefragmentation.go:219] "Node state" plugin="ResourceDefragmentation" ExtensionPoint="Balance" node="ip-172-31-3-39" avgUtilization=0.4554592720970537 minUtilization=0.11091854419410745 binScore=0.38318890814558054 usageSource="requests"
I0607 02:01:32.083433       1 resourcedefragmentation.go:219] "Node state" plugin="ResourceDefragmentation" ExtensionPoint="Balance" node="ip-172-31-31-146" avgUtilization=0.9743115097800394 minUtilization=0.9736230195600788 binScore=0.9864672646700592 usageSource="requests"
I0607 02:01:32.083452       1 resourcedefragmentation.go:219] "Node state" plugin="ResourceDefragmentation" ExtensionPoint="Balance" node="ip-172-31-6-144" avgUtilization=0.9743982386533258 minUtilization=0.9737964773066515 binScore=0.9865973579799887 usageSource="requests"
I0607 02:01:32.083480       1 resourcedefragmentation.go:185] "Skipping control-plane node" plugin="ResourceDefragmentation" ExtensionPoint="Balance" node="ip-172-31-84-108"
I0607 02:01:32.083548       1 resourcedefragmentation.go:257] "Node is a drain candidate" plugin="ResourceDefragmentation" ExtensionPoint="Balance" node="ip-172-31-16-198" avgUtilization=0.3040542752468479 binScore=0.6479728623765761 imbalanceIndex=-0.008108550493695799 freeSpaceIndex=0.48432401465441294 priority=1.036421006542499
I0607 02:01:32.083595       1 resourcedefragmentation.go:257] "Node is a drain candidate" plugin="ResourceDefragmentation" ExtensionPoint="Balance" node="ip-172-31-19-34" avgUtilization=0.4554595390888653 binScore=0.38318930863329786 imbalanceIndex=0.6890809218222695 freeSpaceIndex=0.1778161843644539 priority=3.15643298636318
I0607 02:01:32.083625       1 resourcedefragmentation.go:257] "Node is a drain candidate" plugin="ResourceDefragmentation" ExtensionPoint="Balance" node="ip-172-31-3-39" avgUtilization=0.4554592720970537 binScore=0.38318890814558054 imbalanceIndex=0.6890814558058926 freeSpaceIndex=0.17781629116117853 priority=3.1564315645282273
I0607 02:01:32.083645       1 resourcedefragmentation.go:280] "Draining under-utilized node" plugin="ResourceDefragmentation" ExtensionPoint="Balance" node="ip-172-31-19-34" priority=3.15643298636318
I0607 02:01:32.083675       1 resourcedefragmentation.go:867] "Candidate score inputs" plugin="ResourceDefragmentation" pod="defrag-exp/s3-cpu-34-848456d98d-8nw6c" originNode="ip-172-31-19-34" c1=0.09053265291139108 c2=-999.9 c3=0.3475783390060611 c4=0
I0607 02:01:32.083702       1 resourcedefragmentation.go:867] "Candidate score inputs" plugin="ResourceDefragmentation" pod="defrag-exp/s3-cpu-34-848456d98d-n28vw" originNode="ip-172-31-19-34" c1=0.09053265291139108 c2=-999.9 c3=0.3475783390060611 c4=0
I0607 02:01:32.083722       1 resourcedefragmentation.go:294] "No feasible scheduler target within ceiling; leaving pod in place" plugin="ResourceDefragmentation" ExtensionPoint="Balance" pod="defrag-exp/s3-cpu-34-848456d98d-8nw6c" originNode="ip-172-31-19-34"
I0607 02:01:32.083736       1 resourcedefragmentation.go:867] "Candidate score inputs" plugin="ResourceDefragmentation" pod="defrag-exp/s3-cpu-34-848456d98d-n28vw" originNode="ip-172-31-19-34" c1=0.09053265291139108 c2=-999.9 c3=0.3475783390060611 c4=0
I0607 02:01:32.083750       1 resourcedefragmentation.go:294] "No feasible scheduler target within ceiling; leaving pod in place" plugin="ResourceDefragmentation" ExtensionPoint="Balance" pod="defrag-exp/s3-cpu-34-848456d98d-n28vw" originNode="ip-172-31-19-34"
I0607 02:01:32.083763       1 resourcedefragmentation.go:280] "Draining under-utilized node" plugin="ResourceDefragmentation" ExtensionPoint="Balance" node="ip-172-31-3-39" priority=3.1564315645282273
I0607 02:01:32.083779       1 resourcedefragmentation.go:867] "Candidate score inputs" plugin="ResourceDefragmentation" pod="defrag-exp/s3-cpu-39-694f845c9f-bpqfk" originNode="ip-172-31-3-39" c1=0.09053275373027483 c2=-999.9 c3=0.347578471018679 c4=0
I0607 02:01:32.083793       1 resourcedefragmentation.go:867] "Candidate score inputs" plugin="ResourceDefragmentation" pod="defrag-exp/s3-cpu-39-694f845c9f-cwd78" originNode="ip-172-31-3-39" c1=0.09053275373027483 c2=-999.9 c3=0.347578471018679 c4=0
I0607 02:01:32.083812       1 resourcedefragmentation.go:294] "No feasible scheduler target within ceiling; leaving pod in place" plugin="ResourceDefragmentation" ExtensionPoint="Balance" pod="defrag-exp/s3-cpu-39-694f845c9f-bpqfk" originNode="ip-172-31-3-39"
I0607 02:01:32.083830       1 resourcedefragmentation.go:867] "Candidate score inputs" plugin="ResourceDefragmentation" pod="defrag-exp/s3-cpu-39-694f845c9f-cwd78" originNode="ip-172-31-3-39" c1=0.09053275373027483 c2=-999.9 c3=0.347578471018679 c4=0
I0607 02:01:32.083849       1 resourcedefragmentation.go:294] "No feasible scheduler target within ceiling; leaving pod in place" plugin="ResourceDefragmentation" ExtensionPoint="Balance" pod="defrag-exp/s3-cpu-39-694f845c9f-cwd78" originNode="ip-172-31-3-39"
I0607 02:01:32.083863       1 resourcedefragmentation.go:280] "Draining under-utilized node" plugin="ResourceDefragmentation" ExtensionPoint="Balance" node="ip-172-31-16-198" priority=1.036421006542499
I0607 02:01:32.083875       1 resourcedefragmentation.go:867] "Candidate score inputs" plugin="ResourceDefragmentation" pod="defrag-exp/s3-under-198-c45f6ffd9-b66ff" originNode="ip-172-31-16-198" c1=-0.000001780414503119157 c2=-999.9 c3=0.18816225285120763 c4=0
I0607 02:01:32.083889       1 resourcedefragmentation.go:867] "Candidate score inputs" plugin="ResourceDefragmentation" pod="defrag-exp/s3-under-198-c45f6ffd9-tmzdf" originNode="ip-172-31-16-198" c1=-0.000001780414503119157 c2=-999.9 c3=0.18816225285120763 c4=0
I0607 02:01:32.083913       1 resourcedefragmentation.go:294] "No feasible scheduler target within ceiling; leaving pod in place" plugin="ResourceDefragmentation" ExtensionPoint="Balance" pod="defrag-exp/s3-under-198-c45f6ffd9-b66ff" originNode="ip-172-31-16-198"
I0607 02:01:32.083926       1 resourcedefragmentation.go:867] "Candidate score inputs" plugin="ResourceDefragmentation" pod="defrag-exp/s3-under-198-c45f6ffd9-tmzdf" originNode="ip-172-31-16-198" c1=-0.000001780414503119157 c2=-999.9 c3=0.18816225285120763 c4=0
I0607 02:01:32.083941       1 resourcedefragmentation.go:294] "No feasible scheduler target within ceiling; leaving pod in place" plugin="ResourceDefragmentation" ExtensionPoint="Balance" pod="defrag-exp/s3-under-198-c45f6ffd9-tmzdf" originNode="ip-172-31-16-198"
I0607 02:01:32.083982       1 profile.go:425] "Total number of evictions/requests" extension point="Balance" evictedPods=0 evictionRequests=0
I0607 02:01:32.084039       1 descheduler.go:252] "Number of evictions/requests" totalEvicted=0 evictionRequests=0
I0607 02:01:32.084282       1 reflector.go:373] "Stopping reflector" type="*v1.Pod" resyncPeriod="0s" reflector="k8s.io/client-go/informers/factory.go:161"
I0607 02:01:32.084416       1 reflector.go:373] "Stopping reflector" type="*v1.Node" resyncPeriod="0s" reflector="k8s.io/client-go/informers/factory.go:161"
I0607 02:01:32.084524       1 reflector.go:373] "Stopping reflector" type="*v1.PersistentVolumeClaim" resyncPeriod="0s" reflector="k8s.io/client-go/informers/factory.go:161"
I0607 02:01:32.084821       1 tlsconfig.go:258] "Shutting down DynamicServingCertificateController"
I0607 02:01:32.085027       1 secure_serving.go:259] Stopped listening on [::]:10258
