I0607 02:19:15.440788       1 feature_gate.go:466] feature gates: {map[]}
I0607 02:19:15.575383       1 secure_serving.go:57] Forcing use of http/1.1 only
I0607 02:19:15.575757       1 named_certificates.go:53] "Loaded SNI cert" index=0 certName="self-signed loopback" certDetail="\"apiserver-loopback-client@1780798755\" [serving] validServingFor=[apiserver-loopback-client] issuer=\"apiserver-loopback-client-ca@1780798755\" (2026-06-07 01:19:15 +0000 UTC to 2029-06-07 01:19:15 +0000 UTC (now=2026-06-07 02:19:15.575709438 +0000 UTC))"
I0607 02:19:15.575826       1 secure_serving.go:211] Serving securely on [::]:10258
I0607 02:19:15.575918       1 tlsconfig.go:243] "Starting DynamicServingCertificateController"
I0607 02:19:15.575951       1 tracing.go:88] Did not find a trace collector endpoint defined. Switching to NoopTraceProvider
I0607 02:19:15.576350       1 envvar.go:172] "Feature gate default state" feature="InformerResourceVersion" enabled=true
I0607 02:19:15.576377       1 envvar.go:172] "Feature gate default state" feature="WatchListClient" enabled=true
I0607 02:19:15.576385       1 envvar.go:172] "Feature gate default state" feature="ClientsAllowCBOR" enabled=false
I0607 02:19:15.576392       1 envvar.go:172] "Feature gate default state" feature="ClientsPreferCBOR" enabled=false
I0607 02:19:15.576398       1 envvar.go:172] "Feature gate default state" feature="InOrderInformers" enabled=true
I0607 02:19:15.576405       1 envvar.go:172] "Feature gate default state" feature="InOrderInformersBatchProcess" enabled=true
W0607 02:19:15.585823       1 descheduler.go:333] failed to convert Descheduler minor version '' to float: strconv.ParseFloat: parsing "": invalid syntax
I0607 02:19:15.597928       1 reflector.go:367] "Starting reflector" type="*v1.Pod" resyncPeriod="0s" reflector="k8s.io/client-go/informers/factory.go:161"
I0607 02:19:15.597990       1 reflector.go:411] "Listing and watching" type="*v1.Pod" reflector="k8s.io/client-go/informers/factory.go:161"
I0607 02:19:15.598053       1 reflector.go:367] "Starting reflector" type="*v1.PersistentVolumeClaim" resyncPeriod="0s" reflector="k8s.io/client-go/informers/factory.go:161"
I0607 02:19:15.598069       1 reflector.go:411] "Listing and watching" type="*v1.PersistentVolumeClaim" reflector="k8s.io/client-go/informers/factory.go:161"
I0607 02:19:15.597934       1 reflector.go:367] "Starting reflector" type="*v1.Node" resyncPeriod="0s" reflector="k8s.io/client-go/informers/factory.go:161"
I0607 02:19:15.598240       1 reflector.go:411] "Listing and watching" type="*v1.Node" reflector="k8s.io/client-go/informers/factory.go:161"
I0607 02:19:15.602077       1 reflector.go:446] "Caches populated" type="*v1.PersistentVolumeClaim" reflector="k8s.io/client-go/informers/factory.go:161"
I0607 02:19:15.607044       1 reflector.go:446] "Caches populated" type="*v1.Node" reflector="k8s.io/client-go/informers/factory.go:161"
I0607 02:19:15.610201       1 reflector.go:446] "Caches populated" type="*v1.Pod" reflector="k8s.io/client-go/informers/factory.go:161"
I0607 02:19:15.699237       1 descheduler.go:235] Resetting pod evictor counters
I0607 02:19:15.699321       1 resourcedefragmentation.go:158] "Starting resource defragmentation balance pass" plugin="ResourceDefragmentation" ExtensionPoint="Balance" nodeCount=7
I0607 02:19:15.699378       1 resourcedefragmentation.go:199] "Node state" plugin="ResourceDefragmentation" ExtensionPoint="Balance" node="ip-172-31-19-34" avgUtilization=0.4158924316023089 minUtilization=0.08 binScore=0.3720537841988455 usageSource="requests"
I0607 02:19:15.699406       1 resourcedefragmentation.go:199] "Node state" plugin="ResourceDefragmentation" ExtensionPoint="Balance" node="ip-172-31-3-39" avgUtilization=0.6889177739264394 minUtilization=0.6778355478528789 binScore=0.8333766608896591 usageSource="requests"
I0607 02:19:15.699425       1 resourcedefragmentation.go:199] "Node state" plugin="ResourceDefragmentation" ExtensionPoint="Balance" node="ip-172-31-31-146" avgUtilization=0.055810855049369584 minUtilization=0.05 binScore=0.5220945724753152 usageSource="requests"
I0607 02:19:15.699442       1 resourcedefragmentation.go:199] "Node state" plugin="ResourceDefragmentation" ExtensionPoint="Balance" node="ip-172-31-6-144" avgUtilization=0.05581634421856492 minUtilization=0.05 binScore=0.5220918278907175 usageSource="requests"
I0607 02:19:15.699455       1 resourcedefragmentation.go:165] "Skipping control-plane node" plugin="ResourceDefragmentation" ExtensionPoint="Balance" node="ip-172-31-84-108"
I0607 02:19:15.699479       1 resourcedefragmentation.go:199] "Node state" plugin="ResourceDefragmentation" ExtensionPoint="Balance" node="ip-172-31-1-245" avgUtilization=0.36606041418893215 minUtilization=0.35 binScore=0.6669697929055339 usageSource="requests"
I0607 02:19:15.699496       1 resourcedefragmentation.go:199] "Node state" plugin="ResourceDefragmentation" ExtensionPoint="Balance" node="ip-172-31-16-198" avgUtilization=0.40545953908886523 minUtilization=0.11091907817773049 binScore=0.4081893086332979 usageSource="requests"
I0607 02:19:15.699541       1 resourcedefragmentation.go:237] "Node is a drain candidate" plugin="ResourceDefragmentation" ExtensionPoint="Balance" node="ip-172-31-19-34" avgUtilization=0.4158924316023089 binScore=0.3720537841988455 imbalanceIndex=-0.6717848632046178 freeSpaceIndex=0.22835792585175166 priority=2.5254376287575937
I0607 02:19:15.699597       1 resourcedefragmentation.go:237] "Node is a drain candidate" plugin="ResourceDefragmentation" ExtensionPoint="Balance" node="ip-172-31-1-245" avgUtilization=0.36606041418893215 binScore=0.6669697929055339 imbalanceIndex=-0.03212082837786434 freeSpaceIndex=0.4016214615543882 priority=1.261013803732319
I0607 02:19:15.699635       1 resourcedefragmentation.go:260] "Draining under-utilized node" plugin="ResourceDefragmentation" ExtensionPoint="Balance" node="ip-172-31-19-34" priority=2.5254376287575937
I0607 02:19:15.699652       1 resourcedefragmentation.go:757] "Candidate score inputs" plugin="ResourceDefragmentation" pod="defrag-exp/s5-memskew-34-765f6f88c9-ghhnp" originNode="ip-172-31-19-34" c1=0.3060788096979152 c2=0.8472294421790978 c3=0.6631014495544462 c4=0
I0607 02:19:15.699683       1 resourcedefragmentation.go:278] "Eviction decision" plugin="ResourceDefragmentation" ExtensionPoint="Balance" pod="defrag-exp/s5-memskew-34-765f6f88c9-ghhnp" originNode="ip-172-31-19-34" predictedTarget="ip-172-31-16-198"
I0607 02:19:15.720536       1 evictions.go:558] "Evicted pod" pod="defrag-exp/s5-memskew-34-765f6f88c9-ghhnp" reason="" strategy="ResourceDefragmentation" node="ip-172-31-19-34" profile="default"
I0607 02:19:15.720633       1 resourcedefragmentation.go:260] "Draining under-utilized node" plugin="ResourceDefragmentation" ExtensionPoint="Balance" node="ip-172-31-1-245" priority=1.261013803732319
I0607 02:19:15.720663       1 resourcedefragmentation.go:757] "Candidate score inputs" plugin="ResourceDefragmentation" pod="defrag-exp/s5-cpu-245-7cc476ccfd-p4zxc" originNode="ip-172-31-1-245" c1=-0.0011264584570767318 c2=0.8018630849220104 c3=0.14453084749353584 c4=0
I0607 02:19:15.720952       1 resourcedefragmentation.go:757] "Candidate score inputs" plugin="ResourceDefragmentation" pod="defrag-exp/s5-mem-245-76b5b55d77-w8pm7" originNode="ip-172-31-1-245" c1=0.0011227095616398717 c2=0.8212439822838435 c3=0.14449743118117517 c4=0
I0607 02:19:15.720993       1 resourcedefragmentation.go:757] "Candidate score inputs" plugin="ResourceDefragmentation" pod="defrag-exp/s5-bal-245-7f97dc5789-fqdqj" originNode="ip-172-31-1-245" c1=0.000058952841156989454 c2=0.887322357019064 c3=0.1214169672048266 c4=0
I0607 02:19:15.721018       1 resourcedefragmentation.go:278] "Eviction decision" plugin="ResourceDefragmentation" ExtensionPoint="Balance" pod="defrag-exp/s5-mem-245-76b5b55d77-w8pm7" originNode="ip-172-31-1-245" predictedTarget="ip-172-31-3-39"
E0607 02:19:15.723603       1 event_broadcaster.go:270] "Server rejected event (will not retry!)" err="events.events.k8s.io is forbidden: User \"system:serviceaccount:kube-system:descheduler\" cannot create resource \"events\" in API group \"events.k8s.io\" in the namespace \"defrag-exp\"" event="&Event{ObjectMeta:{s5-memskew-34-765f6f88c9-ghhnp.18b6ab08832ed19e  defrag-exp    0 0001-01-01 00:00:00 +0000 UTC <nil> <nil> map[] map[] [] [] []},EventTime:2026-06-07 02:19:15.720556543 +0000 UTC m=+0.313598851,Series:nil,ReportingController:sigs.k8s.io.descheduler,ReportingInstance:sigs.k8s.io.descheduler-descheduler-job-pjjmr,Action:Descheduled,Reason:ResourceDefragmentation,Regarding:{Pod defrag-exp s5-memskew-34-765f6f88c9-ghhnp b4678bd8-735b-412a-aeb4-93eeda71e87a v1 353949 },Related:nil,Note:pod eviction from ip-172-31-19-34 node by sigs.k8s.io/descheduler,Type:Normal,DeprecatedSource:{ },DeprecatedFirstTimestamp:0001-01-01 00:00:00 +0000 UTC,DeprecatedLastTimestamp:0001-01-01 00:00:00 +0000 UTC,DeprecatedCount:0,}"
I0607 02:19:15.764925       1 evictions.go:558] "Evicted pod" pod="defrag-exp/s5-mem-245-76b5b55d77-w8pm7" reason="" strategy="ResourceDefragmentation" node="ip-172-31-1-245" profile="default"
I0607 02:19:15.765008       1 resourcedefragmentation.go:757] "Candidate score inputs" plugin="ResourceDefragmentation" pod="defrag-exp/s5-cpu-245-7cc476ccfd-p4zxc" originNode="ip-172-31-1-245" c1=0.005088670267773793 c2=-999.9 c3=0.18446863729819007 c4=0
I0607 02:19:15.765034       1 resourcedefragmentation.go:757] "Candidate score inputs" plugin="ResourceDefragmentation" pod="defrag-exp/s5-bal-245-7f97dc5789-fqdqj" originNode="ip-172-31-1-245" c1=-0.0002663139222860205 c2=0.8825807581396021 c3=0.1391670960068951 c4=0
I0607 02:19:15.765056       1 resourcedefragmentation.go:274] "No feasible scheduler target within ceiling; leaving pod in place" plugin="ResourceDefragmentation" ExtensionPoint="Balance" pod="defrag-exp/s5-cpu-245-7cc476ccfd-p4zxc" originNode="ip-172-31-1-245"
I0607 02:19:15.765086       1 resourcedefragmentation.go:757] "Candidate score inputs" plugin="ResourceDefragmentation" pod="defrag-exp/s5-bal-245-7f97dc5789-fqdqj" originNode="ip-172-31-1-245" c1=-0.0002663139222860205 c2=0.8825807581396021 c3=0.1391670960068951 c4=0
I0607 02:19:15.765102       1 resourcedefragmentation.go:278] "Eviction decision" plugin="ResourceDefragmentation" ExtensionPoint="Balance" pod="defrag-exp/s5-bal-245-7f97dc5789-fqdqj" originNode="ip-172-31-1-245" predictedTarget="ip-172-31-16-198"
E0607 02:19:15.774738       1 event_broadcaster.go:270] "Server rejected event (will not retry!)" err="events.events.k8s.io is forbidden: User \"system:serviceaccount:kube-system:descheduler\" cannot create resource \"events\" in API group \"events.k8s.io\" in the namespace \"defrag-exp\"" event="&Event{ObjectMeta:{s5-mem-245-76b5b55d77-w8pm7.18b6ab0885d3dd79  defrag-exp    0 0001-01-01 00:00:00 +0000 UTC <nil> <nil> map[] map[] [] [] []},EventTime:2026-06-07 02:19:15.764944324 +0000 UTC m=+0.357986630,Series:nil,ReportingController:sigs.k8s.io.descheduler,ReportingInstance:sigs.k8s.io.descheduler-descheduler-job-pjjmr,Action:Descheduled,Reason:ResourceDefragmentation,Regarding:{Pod defrag-exp s5-mem-245-76b5b55d77-w8pm7 d2af5d16-c5c8-4470-b572-10f5688c414a v1 353868 },Related:nil,Note:pod eviction from ip-172-31-1-245 node by sigs.k8s.io/descheduler,Type:Normal,DeprecatedSource:{ },DeprecatedFirstTimestamp:0001-01-01 00:00:00 +0000 UTC,DeprecatedLastTimestamp:0001-01-01 00:00:00 +0000 UTC,DeprecatedCount:0,}"
I0607 02:19:15.855332       1 evictions.go:558] "Evicted pod" pod="defrag-exp/s5-bal-245-7f97dc5789-fqdqj" reason="" strategy="ResourceDefragmentation" node="ip-172-31-1-245" profile="default"
I0607 02:19:15.855432       1 profile.go:425] "Total number of evictions/requests" extension point="Balance" evictedPods=3 evictionRequests=0
I0607 02:19:15.855514       1 descheduler.go:252] "Number of evictions/requests" totalEvicted=3 evictionRequests=0
E0607 02:19:15.855796       1 event_broadcaster.go:279] "Unable to write event (may retry after sleeping)" err="client rate limiter Wait returned an error: context canceled"
I0607 02:19:15.856090       1 reflector.go:373] "Stopping reflector" type="*v1.Pod" resyncPeriod="0s" reflector="k8s.io/client-go/informers/factory.go:161"
I0607 02:19:15.856258       1 reflector.go:373] "Stopping reflector" type="*v1.Node" resyncPeriod="0s" reflector="k8s.io/client-go/informers/factory.go:161"
I0607 02:19:15.856292       1 reflector.go:373] "Stopping reflector" type="*v1.PersistentVolumeClaim" resyncPeriod="0s" reflector="k8s.io/client-go/informers/factory.go:161"
I0607 02:19:15.856633       1 tlsconfig.go:258] "Shutting down DynamicServingCertificateController"
I0607 02:19:15.856841       1 secure_serving.go:259] Stopped listening on [::]:10258
